Timing Report Max Delay Analysis

SmartTime Version 2025.1
Microchip Technology Inc. - Microchip Libero Software Release 2025.1 (Version 2025.1.0.14)
Date: Tue Jan  6 12:06:20 2026


Design: BaseDesign
Family: PolarFireSoC
Die: MPFS095T
Package: FCSG325
Temperature Range: 0 - 100 C
Voltage Range: 0.97 - 1.03 V
Speed Grade: -1
Design State: Post-Layout
Data source: Production
Multi Corner Report Operating Conditions: slow_lv_lt,fast_hv_lt,slow_lv_ht


-----------------------------------------------------
SUMMARY

Clock Domain:               PF_CCC_C0_0/PF_CCC_C0_0/pll_inst_0/OUT0
Required Period (ns):       20.000
Required Frequency (MHz):   50.000
Worst Slack (ns):           8.085
Operating Conditions:       slow_lv_ht

Clock Domain:               REF_CLK
Required Period (ns):       20.000
Required Frequency (MHz):   50.000
Worst Slack (ns):           
Operating Conditions:       

Clock Domain:               TCK
Required Period (ns):       166.670
Required Frequency (MHz):   6.000
Worst Slack (ns):           67.435
Operating Conditions:       slow_lv_ht

                            Input to Output
Max Delay (ns):             N/A

END SUMMARY
-----------------------------------------------------

Clock Domain PF_CCC_C0_0/PF_CCC_C0_0/pll_inst_0/OUT0

SET Register to Register

Path 1
  From: MIV_RV32_CFG1_C0_0/MIV_RV32_CFG1_C0_0/u_ipcore_0/u_hart_0/u_expipe_0/u_exu_0/fast_mul.miv_rv32_mul_0/WideMult_0_0/MACC_PHYS_INST/INST_MACC_IP:CLK
  To:   MIV_RV32_CFG1_C0_0/MIV_RV32_CFG1_C0_0/u_ipcore_0/u_hart_0/u_expipe_0/de_ex_pipe_curr_instr_enc_ex[8]:EN
  Delay (ns):             11.440
  Slack (ns):              8.085
  Arrival (ns):           14.954
  Required (ns):          23.039
  Setup (ns):              0.128
  Minimum Period (ns):    11.780
  Operating Conditions: slow_lv_ht

Path 2
  From: MIV_RV32_CFG1_C0_0/MIV_RV32_CFG1_C0_0/u_ipcore_0/u_hart_0/u_expipe_0/u_exu_0/fast_mul.miv_rv32_mul_0/WideMult_0_0/MACC_PHYS_INST/INST_MACC_IP:CLK
  To:   MIV_RV32_CFG1_C0_0/MIV_RV32_CFG1_C0_0/u_ipcore_0/u_hart_0/u_expipe_0/de_ex_pipe_curr_instr_enc_ex[6]:EN
  Delay (ns):             11.440
  Slack (ns):              8.085
  Arrival (ns):           14.954
  Required (ns):          23.039
  Setup (ns):              0.128
  Minimum Period (ns):    11.780
  Operating Conditions: slow_lv_ht

Path 3
  From: MIV_RV32_CFG1_C0_0/MIV_RV32_CFG1_C0_0/u_ipcore_0/u_hart_0/u_expipe_0/u_exu_0/fast_mul.miv_rv32_mul_0/WideMult_0_0/MACC_PHYS_INST/INST_MACC_IP:CLK
  To:   MIV_RV32_CFG1_C0_0/MIV_RV32_CFG1_C0_0/u_ipcore_0/u_hart_0/u_expipe_0/de_ex_pipe_curr_instr_enc_ex[5]:EN
  Delay (ns):             11.440
  Slack (ns):              8.085
  Arrival (ns):           14.954
  Required (ns):          23.039
  Setup (ns):              0.128
  Minimum Period (ns):    11.780
  Operating Conditions: slow_lv_ht

Path 4
  From: MIV_RV32_CFG1_C0_0/MIV_RV32_CFG1_C0_0/u_ipcore_0/u_hart_0/u_expipe_0/u_exu_0/fast_mul.miv_rv32_mul_0/WideMult_0_0/MACC_PHYS_INST/INST_MACC_IP:CLK
  To:   MIV_RV32_CFG1_C0_0/MIV_RV32_CFG1_C0_0/u_ipcore_0/u_hart_0/u_expipe_0/de_ex_pipe_curr_instr_enc_ex[4]:EN
  Delay (ns):             11.440
  Slack (ns):              8.085
  Arrival (ns):           14.954
  Required (ns):          23.039
  Setup (ns):              0.128
  Minimum Period (ns):    11.780
  Operating Conditions: slow_lv_ht

Path 5
  From: MIV_RV32_CFG1_C0_0/MIV_RV32_CFG1_C0_0/u_ipcore_0/u_hart_0/u_expipe_0/u_exu_0/fast_mul.miv_rv32_mul_0/WideMult_0_0/MACC_PHYS_INST/INST_MACC_IP:CLK
  To:   MIV_RV32_CFG1_C0_0/MIV_RV32_CFG1_C0_0/u_ipcore_0/u_hart_0/u_expipe_0/de_ex_pipe_curr_instr_enc_ex[26]:EN
  Delay (ns):             11.440
  Slack (ns):              8.085
  Arrival (ns):           14.954
  Required (ns):          23.039
  Setup (ns):              0.128
  Minimum Period (ns):    11.780
  Operating Conditions: slow_lv_ht


Expanded Path 1
  From: MIV_RV32_CFG1_C0_0/MIV_RV32_CFG1_C0_0/u_ipcore_0/u_hart_0/u_expipe_0/u_exu_0/fast_mul.miv_rv32_mul_0/WideMult_0_0/MACC_PHYS_INST/INST_MACC_IP:CLK
  To: MIV_RV32_CFG1_C0_0/MIV_RV32_CFG1_C0_0/u_ipcore_0/u_hart_0/u_expipe_0/de_ex_pipe_curr_instr_enc_ex[8]:EN
  data required time                                 23.039
  data arrival time                          -       14.954
  slack                                               8.085
  ________________________________________________________
  Data arrival time calculation
  0.000                        PF_CCC_C0_0/PF_CCC_C0_0/pll_inst_0/OUT0
               +     0.000          Clock source
  0.000                        PF_CCC_C0_0/PF_CCC_C0_0/pll_inst_0:OUT0 (r)
               +     1.336          Clock generation
  1.336                        
               +     0.229          net: PF_CCC_C0_0/PF_CCC_C0_0/pll_inst_0_clkint_0
  1.565                        PF_CCC_C0_0/PF_CCC_C0_0/clkint_0_1:A (r)
               +     0.141          cell: ADLIB:ICB_CLKINT
  1.706                        PF_CCC_C0_0/PF_CCC_C0_0/clkint_0_1:Y (r)
               +     0.609          net: PF_CCC_C0_0/PF_CCC_C0_0/clkint_0_NET
  2.315                        PF_CCC_C0_0/PF_CCC_C0_0/clkint_0/U0_GB0:A (r)
               +     0.171          cell: ADLIB:GB
  2.486                        PF_CCC_C0_0/PF_CCC_C0_0/clkint_0/U0_GB0:Y (r)
               +     0.407          net: PF_CCC_C0_0/PF_CCC_C0_0/clkint_0/U0_gbs_1
  2.893                        PF_CCC_C0_0/PF_CCC_C0_0/clkint_0/U0_RGB1_RGB5:A (r)
               +     0.058          cell: ADLIB:RGB
  2.951                        PF_CCC_C0_0/PF_CCC_C0_0/clkint_0/U0_RGB1_RGB5:Y (f)
               +     0.563          net: PF_CCC_C0_0/PF_CCC_C0_0/clkint_0/U0_RGB1_RGB5_rgb_net_1
  3.514                        MIV_RV32_CFG1_C0_0/MIV_RV32_CFG1_C0_0/u_ipcore_0/u_hart_0/u_expipe_0/u_exu_0/fast_mul.miv_rv32_mul_0/WideMult_0_0/MACC_PHYS_INST/INST_MACC_IP:CLK (r)
               +     0.393          cell: ADLIB:MACC_IP
  3.907                        MIV_RV32_CFG1_C0_0/MIV_RV32_CFG1_C0_0/u_ipcore_0/u_hart_0/u_expipe_0/u_exu_0/fast_mul.miv_rv32_mul_0/WideMult_0_0/MACC_PHYS_INST/INST_MACC_IP:CDOUT[24] (f)
               +     0.012          net: MIV_RV32_CFG1_C0_0/MIV_RV32_CFG1_C0_0/u_ipcore_0/u_hart_0/u_expipe_0/u_exu_0/fast_mul.miv_rv32_mul_0/WideMult_1_0_cas[24]
  3.919                        MIV_RV32_CFG1_C0_0/MIV_RV32_CFG1_C0_0/u_ipcore_0/u_hart_0/u_expipe_0/u_exu_0/fast_mul.miv_rv32_mul_0/WideMult_1_0/MACC_PHYS_INST/INST_MACC_IP:CDIN[24] (f)
               +     1.997          cell: ADLIB:MACC_IP
  5.916                        MIV_RV32_CFG1_C0_0/MIV_RV32_CFG1_C0_0/u_ipcore_0/u_hart_0/u_expipe_0/u_exu_0/fast_mul.miv_rv32_mul_0/WideMult_1_0/MACC_PHYS_INST/INST_MACC_IP:CDOUT[21] (r)
               +     0.010          net: MIV_RV32_CFG1_C0_0/MIV_RV32_CFG1_C0_0/u_ipcore_0/u_hart_0/u_expipe_0/u_exu_0/fast_mul.miv_rv32_mul_0/WideMult_1_1_cas[21]
  5.926                        MIV_RV32_CFG1_C0_0/MIV_RV32_CFG1_C0_0/u_ipcore_0/u_hart_0/u_expipe_0/u_exu_0/fast_mul.miv_rv32_mul_0/WideMult_1_1/MACC_PHYS_INST/INST_MACC_IP:CDIN[21] (r)
               +     1.633          cell: ADLIB:MACC_IP
  7.559                        MIV_RV32_CFG1_C0_0/MIV_RV32_CFG1_C0_0/u_ipcore_0/u_hart_0/u_expipe_0/u_exu_0/fast_mul.miv_rv32_mul_0/WideMult_1_1/MACC_PHYS_INST/INST_MACC_IP:P[15] (r)
               +     0.337          net: MIV_RV32_CFG1_C0_0/MIV_RV32_CFG1_C0_0/u_ipcore_0/u_hart_0/u_expipe_0/u_exu_0/fast_mul.miv_rv32_mul_0/exu_alu_result_sel[32]
  7.896                        MIV_RV32_CFG1_C0_0/MIV_RV32_CFG1_C0_0/u_ipcore_0/u_hart_0/u_expipe_0/u_exu_0/fast_mul.miv_rv32_mul_0/exu_alu_result_7_1[0]:A (r)
               +     0.053          cell: ADLIB:CFG4
  7.949                        MIV_RV32_CFG1_C0_0/MIV_RV32_CFG1_C0_0/u_ipcore_0/u_hart_0/u_expipe_0/u_exu_0/fast_mul.miv_rv32_mul_0/exu_alu_result_7_1[0]:Y (r)
               +     0.065          net: MIV_RV32_CFG1_C0_0/MIV_RV32_CFG1_C0_0/u_ipcore_0/u_hart_0/u_expipe_0/u_exu_0/fast_mul.miv_rv32_mul_0/exu_alu_result_7_1_Z[0]
  8.014                        MIV_RV32_CFG1_C0_0/MIV_RV32_CFG1_C0_0/u_ipcore_0/u_hart_0/u_expipe_0/u_exu_0/fast_mul.miv_rv32_mul_0/exu_alu_result_7_2[0]:B (r)
               +     0.053          cell: ADLIB:CFG3
  8.067                        MIV_RV32_CFG1_C0_0/MIV_RV32_CFG1_C0_0/u_ipcore_0/u_hart_0/u_expipe_0/u_exu_0/fast_mul.miv_rv32_mul_0/exu_alu_result_7_2[0]:Y (r)
               +     0.056          net: MIV_RV32_CFG1_C0_0/MIV_RV32_CFG1_C0_0/u_ipcore_0/u_hart_0/u_expipe_0/u_exu_0/fast_mul.miv_rv32_mul_0/exu_alu_result_7_2_Z[0]
  8.123                        MIV_RV32_CFG1_C0_0/MIV_RV32_CFG1_C0_0/u_ipcore_0/u_hart_0/u_expipe_0/u_exu_0/fast_mul.miv_rv32_mul_0/exu_alu_result_RNO[0]:C (r)
               +     0.053          cell: ADLIB:CFG3
  8.176                        MIV_RV32_CFG1_C0_0/MIV_RV32_CFG1_C0_0/u_ipcore_0/u_hart_0/u_expipe_0/u_exu_0/fast_mul.miv_rv32_mul_0/exu_alu_result_RNO[0]:Y (r)
               +     0.714          net: MIV_RV32_CFG1_C0_0/MIV_RV32_CFG1_C0_0/u_ipcore_0/u_hart_0/u_expipe_0/u_exu_0/fast_mul.miv_rv32_mul_0/N_714
  8.890                        MIV_RV32_CFG1_C0_0/MIV_RV32_CFG1_C0_0/u_ipcore_0/u_hart_0/u_expipe_0/u_exu_0/fast_mul.miv_rv32_mul_0/exu_alu_result[0]:A (r)
               +     0.053          cell: ADLIB:CFG3
  8.943                        MIV_RV32_CFG1_C0_0/MIV_RV32_CFG1_C0_0/u_ipcore_0/u_hart_0/u_expipe_0/u_exu_0/fast_mul.miv_rv32_mul_0/exu_alu_result[0]:Y (r)
               +     0.121          net: MIV_RV32_CFG1_C0_0/MIV_RV32_CFG1_C0_0/u_ipcore_0/u_hart_0/u_expipe_0/exu_result_flags_ex.cmp_cond
  9.064                        MIV_RV32_CFG1_C0_0/MIV_RV32_CFG1_C0_0/u_ipcore_0/u_hart_0/u_expipe_0/u_idecode_0/gen_pipe_debug_enter_req_ex_retr.un3_branch_cond_ex_RNI2597SD[0]:A (r)
               +     0.053          cell: ADLIB:CFG4
  9.117                        MIV_RV32_CFG1_C0_0/MIV_RV32_CFG1_C0_0/u_ipcore_0/u_hart_0/u_expipe_0/u_idecode_0/gen_pipe_debug_enter_req_ex_retr.un3_branch_cond_ex_RNI2597SD[0]:Y (r)
               +     0.074          net: MIV_RV32_CFG1_C0_0/MIV_RV32_CFG1_C0_0/u_ipcore_0/u_hart_0/ifu_expipe_req_branch_excpt_req_valid_net
  9.191                        MIV_RV32_CFG1_C0_0/MIV_RV32_CFG1_C0_0/u_ipcore_0/u_hart_0/u_fetch_unit_0/sticky_branch_reg_RNI1VG1H:B (r)
               +     0.051          cell: ADLIB:CFG3
  9.242                        MIV_RV32_CFG1_C0_0/MIV_RV32_CFG1_C0_0/u_ipcore_0/u_hart_0/u_fetch_unit_0/sticky_branch_reg_RNI1VG1H:Y (f)
               +     0.437          net: MIV_RV32_CFG1_C0_0/MIV_RV32_CFG1_C0_0/u_ipcore_0/un5_fetch_ptr_sel_i
  9.679                        MIV_RV32_CFG1_C0_0/MIV_RV32_CFG1_C0_0/u_ipcore_0/u_hart_0/u_fetch_unit_0/next_req_fetch_ptr[22]:D (f)
               +     0.050          cell: ADLIB:CFG4
  9.729                        MIV_RV32_CFG1_C0_0/MIV_RV32_CFG1_C0_0/u_ipcore_0/u_hart_0/u_fetch_unit_0/next_req_fetch_ptr[22]:Y (r)
               +     0.347          net: MIV_RV32_CFG1_C0_0/MIV_RV32_CFG1_C0_0/u_ipcore_0/ahb_i_req_addr_net[22]
  10.076                       MIV_RV32_CFG1_C0_0/MIV_RV32_CFG1_C0_0/u_ipcore_0/u_subsys_interconnect_0/gen_tcm0_i_decode.un8_cpu_i_req_is_tcm0lto17_9:A (r)
               +     0.156          cell: ADLIB:CFG4
  10.232                       MIV_RV32_CFG1_C0_0/MIV_RV32_CFG1_C0_0/u_ipcore_0/u_subsys_interconnect_0/gen_tcm0_i_decode.un8_cpu_i_req_is_tcm0lto17_9:Y (r)
               +     0.218          net: MIV_RV32_CFG1_C0_0/MIV_RV32_CFG1_C0_0/u_ipcore_0/u_subsys_interconnect_0/un8_cpu_i_req_is_tcm0lt18_9
  10.450                       MIV_RV32_CFG1_C0_0/MIV_RV32_CFG1_C0_0/u_ipcore_0/u_subsys_interconnect_0/cpu_i_req_is_tcm0_5:C (r)
               +     0.051          cell: ADLIB:CFG4
  10.501                       MIV_RV32_CFG1_C0_0/MIV_RV32_CFG1_C0_0/u_ipcore_0/u_subsys_interconnect_0/cpu_i_req_is_tcm0_5:Y (f)
               +     0.313          net: MIV_RV32_CFG1_C0_0/MIV_RV32_CFG1_C0_0/u_ipcore_0/cpu_i_req_is_tcm0_5
  10.814                       MIV_RV32_CFG1_C0_0/MIV_RV32_CFG1_C0_0/u_ipcore_0/u_subsys_interconnect_0/cpu_i_req_is_tcm0:A (f)
               +     0.052          cell: ADLIB:CFG3
  10.866                       MIV_RV32_CFG1_C0_0/MIV_RV32_CFG1_C0_0/u_ipcore_0/u_subsys_interconnect_0/cpu_i_req_is_tcm0:Y (f)
               +     0.424          net: MIV_RV32_CFG1_C0_0/MIV_RV32_CFG1_C0_0/u_ipcore_0/cpu_i_req_is_tcm0
  11.290                       MIV_RV32_CFG1_C0_0/MIV_RV32_CFG1_C0_0/u_ipcore_0/u_hart_0/u_fetch_unit_0/ifu_expipe_req_branch_excpt_req_ready_0_a1_0:C (f)
               +     0.050          cell: ADLIB:CFG4
  11.340                       MIV_RV32_CFG1_C0_0/MIV_RV32_CFG1_C0_0/u_ipcore_0/u_hart_0/u_fetch_unit_0/ifu_expipe_req_branch_excpt_req_ready_0_a1_0:Y (r)
               +     0.133          net: MIV_RV32_CFG1_C0_0/MIV_RV32_CFG1_C0_0/u_ipcore_0/cpu_i_req_is_dummy_target
  11.473                       MIV_RV32_CFG1_C0_0/MIV_RV32_CFG1_C0_0/u_ipcore_0/u_hart_0/u_fetch_unit_0/ifu_expipe_req_branch_excpt_req_ready_0_a1_0_RNI9FUHA1:C (r)
               +     0.051          cell: ADLIB:CFG4
  11.524                       MIV_RV32_CFG1_C0_0/MIV_RV32_CFG1_C0_0/u_ipcore_0/u_hart_0/u_fetch_unit_0/ifu_expipe_req_branch_excpt_req_ready_0_a1_0_RNI9FUHA1:Y (f)
               +     0.116          net: MIV_RV32_CFG1_C0_0/MIV_RV32_CFG1_C0_0/u_ipcore_0/u_hart_0/u_fetch_unit_0/ifu_m1_e_0
  11.640                       MIV_RV32_CFG1_C0_0/MIV_RV32_CFG1_C0_0/u_ipcore_0/u_hart_0/u_fetch_unit_0/ifu_expipe_req_branch_excpt_req_ready_0_a0_0_RNI22VI451:D (f)
               +     0.050          cell: ADLIB:CFG4
  11.690                       MIV_RV32_CFG1_C0_0/MIV_RV32_CFG1_C0_0/u_ipcore_0/u_hart_0/u_fetch_unit_0/ifu_expipe_req_branch_excpt_req_ready_0_a0_0_RNI22VI451:Y (r)
               +     0.346          net: MIV_RV32_CFG1_C0_0/MIV_RV32_CFG1_C0_0/u_ipcore_0/u_hart_0/ifu_N_3_mux_i
  12.036                       MIV_RV32_CFG1_C0_0/MIV_RV32_CFG1_C0_0/u_ipcore_0/u_hart_0/u_expipe_0/u_idecode_0/gen_pipe_debug_enter_req_ex_retr.un3_branch_cond_ex_RNIRL4SDD[0]:A (r)
               +     0.051          cell: ADLIB:CFG2
  12.087                       MIV_RV32_CFG1_C0_0/MIV_RV32_CFG1_C0_0/u_ipcore_0/u_hart_0/u_expipe_0/u_idecode_0/gen_pipe_debug_enter_req_ex_retr.un3_branch_cond_ex_RNIRL4SDD[0]:Y (f)
               +     0.129          net: MIV_RV32_CFG1_C0_0/MIV_RV32_CFG1_C0_0/u_ipcore_0/u_hart_0/u_expipe_0/u_idecode_0/alu_N_10_mux
  12.216                       MIV_RV32_CFG1_C0_0/MIV_RV32_CFG1_C0_0/u_ipcore_0/u_hart_0/u_expipe_0/u_idecode_0/bcu_op_complete_ex_s_4_RNI2JUC7V1:C (f)
               +     0.050          cell: ADLIB:CFG4
  12.266                       MIV_RV32_CFG1_C0_0/MIV_RV32_CFG1_C0_0/u_ipcore_0/u_hart_0/u_expipe_0/u_idecode_0/bcu_op_complete_ex_s_4_RNI2JUC7V1:Y (r)
               +     0.443          net: MIV_RV32_CFG1_C0_0/MIV_RV32_CFG1_C0_0/u_ipcore_0/u_hart_0/u_expipe_0/u_idecode_0/ifu_m1_e_d_d
  12.709                       MIV_RV32_CFG1_C0_0/MIV_RV32_CFG1_C0_0/u_ipcore_0/u_hart_0/u_expipe_0/u_idecode_0/un1_instr_req_de_RNIS0PNKV1:D (r)
               +     0.094          cell: ADLIB:CFG4
  12.803                       MIV_RV32_CFG1_C0_0/MIV_RV32_CFG1_C0_0/u_ipcore_0/u_hart_0/u_expipe_0/u_idecode_0/un1_instr_req_de_RNIS0PNKV1:Y (f)
               +     0.247          net: MIV_RV32_CFG1_C0_0/MIV_RV32_CFG1_C0_0/u_ipcore_0/u_hart_0/u_expipe_0/u_idecode_0/instr_m1_e_1
  13.050                       MIV_RV32_CFG1_C0_0/MIV_RV32_CFG1_C0_0/u_ipcore_0/u_hart_0/u_expipe_0/u_idecode_0/instr_completing_ex_6_5_RNIPO6UFH3:C (f)
               +     0.091          cell: ADLIB:CFG4
  13.141                       MIV_RV32_CFG1_C0_0/MIV_RV32_CFG1_C0_0/u_ipcore_0/u_hart_0/u_expipe_0/u_idecode_0/instr_completing_ex_6_5_RNIPO6UFH3:Y (r)
               +     0.058          net: MIV_RV32_CFG1_C0_0/MIV_RV32_CFG1_C0_0/u_ipcore_0/u_hart_0/u_expipe_0/u_idecode_0/instr_accepted_de
  13.199                       MIV_RV32_CFG1_C0_0/MIV_RV32_CFG1_C0_0/u_ipcore_0/u_hart_0/u_expipe_0/u_idecode_0/instr_accepted_ex_2_1_RNI009G05:D (r)
               +     0.090          cell: ADLIB:CFG4
  13.289                       MIV_RV32_CFG1_C0_0/MIV_RV32_CFG1_C0_0/u_ipcore_0/u_hart_0/u_expipe_0/u_idecode_0/instr_accepted_ex_2_1_RNI009G05:Y (r)
               +     0.678          net: MIV_RV32_CFG1_C0_0/MIV_RV32_CFG1_C0_0/u_ipcore_0/u_hart_0/u_expipe_0/N_3089_i
  13.967                       MIV_RV32_CFG1_C0_0/MIV_RV32_CFG1_C0_0/u_ipcore_0/u_hart_0/u_expipe_0/u_idecode_0/instr_accepted_ex_2_1_RNI39AR75:A (r)
               +     0.053          cell: ADLIB:CFG2
  14.020                       MIV_RV32_CFG1_C0_0/MIV_RV32_CFG1_C0_0/u_ipcore_0/u_hart_0/u_expipe_0/u_idecode_0/instr_accepted_ex_2_1_RNI39AR75:Y (r)
               +     0.117          net: MIV_RV32_CFG1_C0_0/MIV_RV32_CFG1_C0_0/u_ipcore_0/u_hart_0/u_expipe_0/u_idecode_0/instr_accepted_ex_2_1_RNI39AR75_Z
  14.137                       MIV_RV32_CFG1_C0_0/MIV_RV32_CFG1_C0_0/u_ipcore_0/u_hart_0/u_expipe_0/u_idecode_0/instr_accepted_ex_2_1_RNI39JB8A:A (r)
               +     0.053          cell: ADLIB:CFG2
  14.190                       MIV_RV32_CFG1_C0_0/MIV_RV32_CFG1_C0_0/u_ipcore_0/u_hart_0/u_expipe_0/u_idecode_0/instr_accepted_ex_2_1_RNI39JB8A:Y (r)
               +     0.764          net: MIV_RV32_CFG1_C0_0/MIV_RV32_CFG1_C0_0/u_ipcore_0/u_hart_0/u_expipe_0/instr_accepted_ex_2_1_RNI39JB8A
  14.954                       MIV_RV32_CFG1_C0_0/MIV_RV32_CFG1_C0_0/u_ipcore_0/u_hart_0/u_expipe_0/de_ex_pipe_curr_instr_enc_ex[8]:EN (r)
                                    
  14.954                       data arrival time
  ________________________________________________________
  Data required time calculation
  20.000                       PF_CCC_C0_0/PF_CCC_C0_0/pll_inst_0/OUT0
               +     0.000          Clock source
  20.000                       PF_CCC_C0_0/PF_CCC_C0_0/pll_inst_0:OUT0 (r)
               +     1.211          Clock generation
  21.211                       
               +     0.209          net: PF_CCC_C0_0/PF_CCC_C0_0/pll_inst_0_clkint_0
  21.420                       PF_CCC_C0_0/PF_CCC_C0_0/clkint_0_1:A (r)
               +     0.122          cell: ADLIB:ICB_CLKINT
  21.542                       PF_CCC_C0_0/PF_CCC_C0_0/clkint_0_1:Y (r)
               +     0.553          net: PF_CCC_C0_0/PF_CCC_C0_0/clkint_0_NET
  22.095                       PF_CCC_C0_0/PF_CCC_C0_0/clkint_0/U0_GB0:A (r)
               +     0.156          cell: ADLIB:GB
  22.251                       PF_CCC_C0_0/PF_CCC_C0_0/clkint_0/U0_GB0:Y (r)
               +     0.368          net: PF_CCC_C0_0/PF_CCC_C0_0/clkint_0/U0_gbs_1
  22.619                       PF_CCC_C0_0/PF_CCC_C0_0/clkint_0/U0_RGB1_RGB7:A (r)
               +     0.052          cell: ADLIB:RGB
  22.671                       PF_CCC_C0_0/PF_CCC_C0_0/clkint_0/U0_RGB1_RGB7:Y (f)
               +     0.393          net: PF_CCC_C0_0/PF_CCC_C0_0/clkint_0/U0_RGB1_RGB7_rgb_net_1
  23.064                       MIV_RV32_CFG1_C0_0/MIV_RV32_CFG1_C0_0/u_ipcore_0/u_hart_0/u_expipe_0/de_ex_pipe_curr_instr_enc_ex[8]:CLK (r)
               +     0.238          
  23.302                       clock reconvergence pessimism
               -     0.135          
  23.167                       clock jitter
               -     0.128          Library setup time: ADLIB:SLE
  23.039                       MIV_RV32_CFG1_C0_0/MIV_RV32_CFG1_C0_0/u_ipcore_0/u_hart_0/u_expipe_0/de_ex_pipe_curr_instr_enc_ex[8]:EN
                                    
  23.039                       data required time


Operating Conditions : slow_lv_ht

END SET Register to Register

----------------------------------------------------

SET External Setup

Path 1
  From: RX
  To:   MIV_ESS_C0_0/CoreUARTapb_0/uUART/make_RX/samples[2]:D
  Delay (ns):              1.668
  Arrival (ns):            1.668
  Setup (ns):              0.000
  External Setup (ns):    -0.154
  Operating Conditions: fast_hv_lt

Path 2
  From: SW_2
  To:   MIV_ESS_C0_0/CoreGPIO_0/xhdl1.GEN_BITS_0[1]:D
  Delay (ns):              1.586
  Arrival (ns):            1.586
  Setup (ns):              0.000
  External Setup (ns):    -0.244
  Operating Conditions: fast_hv_lt

Path 3
  From: SW_1
  To:   MIV_ESS_C0_0/CoreGPIO_0/xhdl1.GEN_BITS_0[0]:D
  Delay (ns):              1.495
  Arrival (ns):            1.495
  Setup (ns):              0.000
  External Setup (ns):    -0.343
  Operating Conditions: fast_hv_lt


Expanded Path 1
  From: RX
  To: MIV_ESS_C0_0/CoreUARTapb_0/uUART/make_RX/samples[2]:D
  data required time                                    N/C
  data arrival time                          -        1.668
  slack                                                 N/C
  ________________________________________________________
  Data arrival time calculation
  0.000                        RX (f)
               +     0.000          net: RX
  0.000                        RX_ibuf/U_IOPAD:PAD (f)
               +     0.643          cell: ADLIB:IOPAD_IN
  0.643                        RX_ibuf/U_IOPAD:Y (f)
               +     0.000          net: RX_ibuf/YIN
  0.643                        RX_ibuf/U_IOIN:YIN (f)
               +     0.131          cell: ADLIB:IOIN_IB_E
  0.774                        RX_ibuf/U_IOIN:Y (f)
               +     0.894          net: RX_c
  1.668                        MIV_ESS_C0_0/CoreUARTapb_0/uUART/make_RX/samples[2]:D (f)
                                    
  1.668                        data arrival time
  ________________________________________________________
  Data required time calculation
  N/C                          PF_CCC_C0_0/PF_CCC_C0_0/pll_inst_0/OUT0
               +     0.000          Clock source
  N/C                          PF_CCC_C0_0/PF_CCC_C0_0/pll_inst_0:OUT0 (r)
               +     0.680          Clock generation
  N/C                          
               +     0.131          net: PF_CCC_C0_0/PF_CCC_C0_0/pll_inst_0_clkint_0
  N/C                          PF_CCC_C0_0/PF_CCC_C0_0/clkint_0_1:A (r)
               +     0.087          cell: ADLIB:ICB_CLKINT
  N/C                          PF_CCC_C0_0/PF_CCC_C0_0/clkint_0_1:Y (r)
               +     0.387          net: PF_CCC_C0_0/PF_CCC_C0_0/clkint_0_NET
  N/C                          PF_CCC_C0_0/PF_CCC_C0_0/clkint_0/U0_GB0:A (r)
               +     0.117          cell: ADLIB:GB
  N/C                          PF_CCC_C0_0/PF_CCC_C0_0/clkint_0/U0_GB0:Y (r)
               +     0.256          net: PF_CCC_C0_0/PF_CCC_C0_0/clkint_0/U0_gbs_1
  N/C                          PF_CCC_C0_0/PF_CCC_C0_0/clkint_0/U0_RGB1_RGB0:A (r)
               +     0.038          cell: ADLIB:RGB
  N/C                          PF_CCC_C0_0/PF_CCC_C0_0/clkint_0/U0_RGB1_RGB0:Y (f)
               +     0.261          net: PF_CCC_C0_0/PF_CCC_C0_0/clkint_0/U0_RGB1_RGB0_rgb_net_1
  N/C                          MIV_ESS_C0_0/CoreUARTapb_0/uUART/make_RX/samples[2]:CLK (r)
               -     0.135          
  N/C                          clock jitter
               -     0.000          Library setup time: ADLIB:SLE
  N/C                          MIV_ESS_C0_0/CoreUARTapb_0/uUART/make_RX/samples[2]:D


Operating Conditions : fast_hv_lt

END SET External Setup

----------------------------------------------------

SET Clock to Output

Path 1
  From: MIV_ESS_C0_0/CoreGPIO_0/xhdl1.GEN_BITS[2].APB_32.GPOUT_reg[2]:CLK
  To:   LED_3
  Delay (ns):              4.606
  Arrival (ns):            8.040
  Clock to Out (ns):       8.040
  Operating Conditions: slow_lv_ht

Path 2
  From: MIV_ESS_C0_0/CoreGPIO_0/xhdl1.GEN_BITS[3].APB_32.GPOUT_reg[3]:CLK
  To:   LED_4
  Delay (ns):              4.531
  Arrival (ns):            7.965
  Clock to Out (ns):       7.965
  Operating Conditions: slow_lv_ht

Path 3
  From: MIV_ESS_C0_0/CoreGPIO_0/xhdl1.GEN_BITS[1].APB_32.GPOUT_reg[1]:CLK
  To:   LED_2
  Delay (ns):              4.472
  Arrival (ns):            7.906
  Clock to Out (ns):       7.906
  Operating Conditions: slow_lv_ht

Path 4
  From: MIV_ESS_C0_0/CoreUARTapb_0/uUART/make_TX/tx:CLK
  To:   TX
  Delay (ns):              4.447
  Arrival (ns):            7.869
  Clock to Out (ns):       7.869
  Operating Conditions: slow_lv_ht

Path 5
  From: MIV_ESS_C0_0/CoreGPIO_0/xhdl1.GEN_BITS[0].APB_32.GPOUT_reg[0]:CLK
  To:   LED_1
  Delay (ns):              4.348
  Arrival (ns):            7.782
  Clock to Out (ns):       7.782
  Operating Conditions: slow_lv_ht


Expanded Path 1
  From: MIV_ESS_C0_0/CoreGPIO_0/xhdl1.GEN_BITS[2].APB_32.GPOUT_reg[2]:CLK
  To: LED_3
  data required time                                    N/C
  data arrival time                          -        8.040
  slack                                                 N/C
  ________________________________________________________
  Data arrival time calculation
  0.000                        PF_CCC_C0_0/PF_CCC_C0_0/pll_inst_0/OUT0
               +     0.000          Clock source
  0.000                        PF_CCC_C0_0/PF_CCC_C0_0/pll_inst_0:OUT0 (r)
               +     1.336          Clock generation
  1.336                        
               +     0.229          net: PF_CCC_C0_0/PF_CCC_C0_0/pll_inst_0_clkint_0
  1.565                        PF_CCC_C0_0/PF_CCC_C0_0/clkint_0_1:A (r)
               +     0.141          cell: ADLIB:ICB_CLKINT
  1.706                        PF_CCC_C0_0/PF_CCC_C0_0/clkint_0_1:Y (r)
               +     0.609          net: PF_CCC_C0_0/PF_CCC_C0_0/clkint_0_NET
  2.315                        PF_CCC_C0_0/PF_CCC_C0_0/clkint_0/U0_GB0:A (r)
               +     0.171          cell: ADLIB:GB
  2.486                        PF_CCC_C0_0/PF_CCC_C0_0/clkint_0/U0_GB0:Y (r)
               +     0.409          net: PF_CCC_C0_0/PF_CCC_C0_0/clkint_0/U0_gbs_1
  2.895                        PF_CCC_C0_0/PF_CCC_C0_0/clkint_0/U0_RGB1_RGB0:A (r)
               +     0.058          cell: ADLIB:RGB
  2.953                        PF_CCC_C0_0/PF_CCC_C0_0/clkint_0/U0_RGB1_RGB0:Y (f)
               +     0.481          net: PF_CCC_C0_0/PF_CCC_C0_0/clkint_0/U0_RGB1_RGB0_rgb_net_1
  3.434                        MIV_ESS_C0_0/CoreGPIO_0/xhdl1.GEN_BITS[2].APB_32.GPOUT_reg[2]:CLK (r)
               +     0.190          cell: ADLIB:SLE
  3.624                        MIV_ESS_C0_0/CoreGPIO_0/xhdl1.GEN_BITS[2].APB_32.GPOUT_reg[2]:Q (f)
               +     1.432          net: LED_3_c
  5.056                        LED_3_obuf/U_IOTRI:D (f)
               +     0.918          cell: ADLIB:IOTRI_OB_EB
  5.974                        LED_3_obuf/U_IOTRI:DOUT (f)
               +     0.000          net: LED_3_obuf/DOUT
  5.974                        LED_3_obuf/U_IOPAD:D (f)
               +     2.066          cell: ADLIB:IOPAD_TRI
  8.040                        LED_3_obuf/U_IOPAD:PAD (f)
               +     0.000          net: LED_3
  8.040                        LED_3 (f)
                                    
  8.040                        data arrival time
  ________________________________________________________
  Data required time calculation
  N/C                          PF_CCC_C0_0/PF_CCC_C0_0/pll_inst_0/OUT0
                                    
  N/C                          LED_3 (f)


Operating Conditions : slow_lv_ht

END SET Clock to Output

----------------------------------------------------

SET Register to Asynchronous

Path 1
  From: CORERESET_PF_C0_0/CORERESET_PF_C0_0/dff_15[0]:CLK
  To:   MIV_RV32_CFG1_C0_0/MIV_RV32_CFG1_C0_0/u_ipcore_0/gen_apb.u_apb_initiator_0/paddr[1]:ALn
  Delay (ns):              4.164
  Slack (ns):             15.403
  Arrival (ns):            7.566
  Required (ns):          22.969
  Recovery (ns):           0.196
  Minimum Period (ns):     4.462
  Skew (ns):               0.102
  Operating Conditions: slow_lv_ht

Path 2
  From: CORERESET_PF_C0_0/CORERESET_PF_C0_0/dff_15[0]:CLK
  To:   MIV_RV32_CFG1_C0_0/MIV_RV32_CFG1_C0_0/u_ipcore_0/gen_apb.u_apb_initiator_0/paddr[0]:ALn
  Delay (ns):              4.164
  Slack (ns):             15.403
  Arrival (ns):            7.566
  Required (ns):          22.969
  Recovery (ns):           0.196
  Minimum Period (ns):     4.462
  Skew (ns):               0.102
  Operating Conditions: slow_lv_ht

Path 3
  From: CORERESET_PF_C0_0/CORERESET_PF_C0_0/dff_15[0]:CLK
  To:   MIV_RV32_CFG1_C0_0/MIV_RV32_CFG1_C0_0/u_ipcore_0/gen_ahb.u_subsys_ahb_0/haddr_reg[7]:ALn
  Delay (ns):              4.112
  Slack (ns):             15.445
  Arrival (ns):            7.514
  Required (ns):          22.959
  Recovery (ns):           0.196
  Minimum Period (ns):     4.420
  Skew (ns):               0.112
  Operating Conditions: slow_lv_ht

Path 4
  From: CORERESET_PF_C0_0/CORERESET_PF_C0_0/dff_15[0]:CLK
  To:   MIV_RV32_CFG1_C0_0/MIV_RV32_CFG1_C0_0/u_ipcore_0/gen_ahb.u_subsys_ahb_0/haddr_reg[12]:ALn
  Delay (ns):              4.113
  Slack (ns):             15.445
  Arrival (ns):            7.515
  Required (ns):          22.960
  Recovery (ns):           0.196
  Minimum Period (ns):     4.420
  Skew (ns):               0.111
  Operating Conditions: slow_lv_ht

Path 5
  From: CORERESET_PF_C0_0/CORERESET_PF_C0_0/dff_15[0]:CLK
  To:   MIV_RV32_CFG1_C0_0/MIV_RV32_CFG1_C0_0/u_ipcore_0/gen_ahb.u_subsys_ahb_0/haddr_reg[4]:ALn
  Delay (ns):              4.112
  Slack (ns):             15.446
  Arrival (ns):            7.514
  Required (ns):          22.960
  Recovery (ns):           0.196
  Minimum Period (ns):     4.419
  Skew (ns):               0.111
  Operating Conditions: slow_lv_ht


Expanded Path 1
  From: CORERESET_PF_C0_0/CORERESET_PF_C0_0/dff_15[0]:CLK
  To: MIV_RV32_CFG1_C0_0/MIV_RV32_CFG1_C0_0/u_ipcore_0/gen_apb.u_apb_initiator_0/paddr[1]:ALn
  data required time                                 22.969
  data arrival time                          -        7.566
  slack                                              15.403
  ________________________________________________________
  Data arrival time calculation
  0.000                        PF_CCC_C0_0/PF_CCC_C0_0/pll_inst_0/OUT0
               +     0.000          Clock source
  0.000                        PF_CCC_C0_0/PF_CCC_C0_0/pll_inst_0:OUT0 (r)
               +     1.336          Clock generation
  1.336                        
               +     0.229          net: PF_CCC_C0_0/PF_CCC_C0_0/pll_inst_0_clkint_0
  1.565                        PF_CCC_C0_0/PF_CCC_C0_0/clkint_0_1:A (r)
               +     0.141          cell: ADLIB:ICB_CLKINT
  1.706                        PF_CCC_C0_0/PF_CCC_C0_0/clkint_0_1:Y (r)
               +     0.609          net: PF_CCC_C0_0/PF_CCC_C0_0/clkint_0_NET
  2.315                        PF_CCC_C0_0/PF_CCC_C0_0/clkint_0/U0_GB0:A (r)
               +     0.171          cell: ADLIB:GB
  2.486                        PF_CCC_C0_0/PF_CCC_C0_0/clkint_0/U0_GB0:Y (r)
               +     0.408          net: PF_CCC_C0_0/PF_CCC_C0_0/clkint_0/U0_gbs_1
  2.894                        PF_CCC_C0_0/PF_CCC_C0_0/clkint_0/U0_RGB1_RGB2:A (r)
               +     0.058          cell: ADLIB:RGB
  2.952                        PF_CCC_C0_0/PF_CCC_C0_0/clkint_0/U0_RGB1_RGB2:Y (f)
               +     0.450          net: PF_CCC_C0_0/PF_CCC_C0_0/clkint_0/U0_RGB1_RGB2_rgb_net_1
  3.402                        CORERESET_PF_C0_0/CORERESET_PF_C0_0/dff_15[0]:CLK (r)
               +     0.209          cell: ADLIB:SLE
  3.611                        CORERESET_PF_C0_0/CORERESET_PF_C0_0/dff_15[0]:Q (r)
               +     1.900          net: CORERESET_PF_C0_0_CORERESET_PF_C0_0_dff
  5.511                        MIV_RV32_CFG1_C0_0/MIV_RV32_CFG1_C0_0/u_ipcore_0/subsys_resetn:A (r)
               +     0.090          cell: ADLIB:CFG2
  5.601                        MIV_RV32_CFG1_C0_0/MIV_RV32_CFG1_C0_0/u_ipcore_0/subsys_resetn:Y (r)
               +     1.965          net: MIV_RV32_CFG1_C0_0/MIV_RV32_CFG1_C0_0/u_ipcore_0/subsys_resetn_Z
  7.566                        MIV_RV32_CFG1_C0_0/MIV_RV32_CFG1_C0_0/u_ipcore_0/gen_apb.u_apb_initiator_0/paddr[1]:ALn (r)
                                    
  7.566                        data arrival time
  ________________________________________________________
  Data required time calculation
  20.000                       PF_CCC_C0_0/PF_CCC_C0_0/pll_inst_0/OUT0
               +     0.000          Clock source
  20.000                       PF_CCC_C0_0/PF_CCC_C0_0/pll_inst_0:OUT0 (r)
               +     1.211          Clock generation
  21.211                       
               +     0.209          net: PF_CCC_C0_0/PF_CCC_C0_0/pll_inst_0_clkint_0
  21.420                       PF_CCC_C0_0/PF_CCC_C0_0/clkint_0_1:A (r)
               +     0.122          cell: ADLIB:ICB_CLKINT
  21.542                       PF_CCC_C0_0/PF_CCC_C0_0/clkint_0_1:Y (r)
               +     0.553          net: PF_CCC_C0_0/PF_CCC_C0_0/clkint_0_NET
  22.095                       PF_CCC_C0_0/PF_CCC_C0_0/clkint_0/U0_GB0:A (r)
               +     0.156          cell: ADLIB:GB
  22.251                       PF_CCC_C0_0/PF_CCC_C0_0/clkint_0/U0_GB0:Y (r)
               +     0.370          net: PF_CCC_C0_0/PF_CCC_C0_0/clkint_0/U0_gbs_1
  22.621                       PF_CCC_C0_0/PF_CCC_C0_0/clkint_0/U0_RGB1_RGB5:A (r)
               +     0.052          cell: ADLIB:RGB
  22.673                       PF_CCC_C0_0/PF_CCC_C0_0/clkint_0/U0_RGB1_RGB5:Y (f)
               +     0.389          net: PF_CCC_C0_0/PF_CCC_C0_0/clkint_0/U0_RGB1_RGB5_rgb_net_1
  23.062                       MIV_RV32_CFG1_C0_0/MIV_RV32_CFG1_C0_0/u_ipcore_0/gen_apb.u_apb_initiator_0/paddr[1]:CLK (r)
               +     0.238          
  23.300                       clock reconvergence pessimism
               -     0.135          
  23.165                       clock jitter
               -     0.196          Library recovery time: ADLIB:SLE
  22.969                       MIV_RV32_CFG1_C0_0/MIV_RV32_CFG1_C0_0/u_ipcore_0/gen_apb.u_apb_initiator_0/paddr[1]:ALn
                                    
  22.969                       data required time


Operating Conditions : slow_lv_ht

END SET Register to Asynchronous

----------------------------------------------------

SET External Recovery

Path 1
  From: USER_RST
  To:   CORERESET_PF_C0_0/CORERESET_PF_C0_0/dff_6[0]:ALn
  Delay (ns):              3.168
  Arrival (ns):            3.168
  Recovery (ns):           0.209
  External Recovery (ns):   0.438
  Operating Conditions: slow_lv_ht

Path 2
  From: USER_RST
  To:   CORERESET_PF_C0_0/CORERESET_PF_C0_0/dff_5[0]:ALn
  Delay (ns):              3.167
  Arrival (ns):            3.167
  Recovery (ns):           0.209
  External Recovery (ns):   0.437
  Operating Conditions: slow_lv_ht

Path 3
  From: USER_RST
  To:   CORERESET_PF_C0_0/CORERESET_PF_C0_0/dff_15[0]:ALn
  Delay (ns):              3.167
  Arrival (ns):            3.167
  Recovery (ns):           0.209
  External Recovery (ns):   0.437
  Operating Conditions: slow_lv_ht

Path 4
  From: USER_RST
  To:   CORERESET_PF_C0_0/CORERESET_PF_C0_0/dff_11[0]:ALn
  Delay (ns):              3.166
  Arrival (ns):            3.166
  Recovery (ns):           0.209
  External Recovery (ns):   0.436
  Operating Conditions: slow_lv_ht

Path 5
  From: USER_RST
  To:   CORERESET_PF_C0_0/CORERESET_PF_C0_0/dff_10[0]:ALn
  Delay (ns):              3.166
  Arrival (ns):            3.166
  Recovery (ns):           0.209
  External Recovery (ns):   0.436
  Operating Conditions: slow_lv_ht


Expanded Path 1
  From: USER_RST
  To: CORERESET_PF_C0_0/CORERESET_PF_C0_0/dff_6[0]:ALn
  data required time                                    N/C
  data arrival time                          -        3.168
  slack                                                 N/C
  ________________________________________________________
  Data arrival time calculation
  0.000                        USER_RST (r)
               +     0.000          net: USER_RST
  0.000                        USER_RST_ibuf/U_IOPAD:PAD (r)
               +     0.610          cell: ADLIB:IOPAD_IN
  0.610                        USER_RST_ibuf/U_IOPAD:Y (r)
               +     0.000          net: USER_RST_ibuf/YIN
  0.610                        USER_RST_ibuf/U_IOIN:YIN (r)
               +     0.336          cell: ADLIB:IOIN_IB_E
  0.946                        USER_RST_ibuf/U_IOIN:Y (r)
               +     1.527          net: USER_RST_c
  2.473                        CORERESET_PF_C0_0/CORERESET_PF_C0_0/un1_D:A (r)
               +     0.156          cell: ADLIB:CFG3
  2.629                        CORERESET_PF_C0_0/CORERESET_PF_C0_0/un1_D:Y (r)
               +     0.539          net: CORERESET_PF_C0_0/CORERESET_PF_C0_0/un1_INTERNAL_RST_i
  3.168                        CORERESET_PF_C0_0/CORERESET_PF_C0_0/dff_6[0]:ALn (r)
                                    
  3.168                        data arrival time
  ________________________________________________________
  Data required time calculation
  N/C                          PF_CCC_C0_0/PF_CCC_C0_0/pll_inst_0/OUT0
               +     0.000          Clock source
  N/C                          PF_CCC_C0_0/PF_CCC_C0_0/pll_inst_0:OUT0 (r)
               +     1.211          Clock generation
  N/C                          
               +     0.209          net: PF_CCC_C0_0/PF_CCC_C0_0/pll_inst_0_clkint_0
  N/C                          PF_CCC_C0_0/PF_CCC_C0_0/clkint_0_1:A (r)
               +     0.122          cell: ADLIB:ICB_CLKINT
  N/C                          PF_CCC_C0_0/PF_CCC_C0_0/clkint_0_1:Y (r)
               +     0.553          net: PF_CCC_C0_0/PF_CCC_C0_0/clkint_0_NET
  N/C                          PF_CCC_C0_0/PF_CCC_C0_0/clkint_0/U0_GB0:A (r)
               +     0.156          cell: ADLIB:GB
  N/C                          PF_CCC_C0_0/PF_CCC_C0_0/clkint_0/U0_GB0:Y (r)
               +     0.371          net: PF_CCC_C0_0/PF_CCC_C0_0/clkint_0/U0_gbs_1
  N/C                          PF_CCC_C0_0/PF_CCC_C0_0/clkint_0/U0_RGB1_RGB2:A (r)
               +     0.052          cell: ADLIB:RGB
  N/C                          PF_CCC_C0_0/PF_CCC_C0_0/clkint_0/U0_RGB1_RGB2:Y (f)
               +     0.400          net: PF_CCC_C0_0/PF_CCC_C0_0/clkint_0/U0_RGB1_RGB2_rgb_net_1
  N/C                          CORERESET_PF_C0_0/CORERESET_PF_C0_0/dff_6[0]:CLK (r)
               -     0.135          
  N/C                          clock jitter
               -     0.209          Library recovery time: ADLIB:SLE
  N/C                          CORERESET_PF_C0_0/CORERESET_PF_C0_0/dff_6[0]:ALn


Operating Conditions : slow_lv_ht

END SET External Recovery

----------------------------------------------------

SET Asynchronous to Register

No Path 

END SET Asynchronous to Register

----------------------------------------------------

SET TCK to PF_CCC_C0_0/PF_CCC_C0_0/pll_inst_0/OUT0

No Path 

END SET TCK to PF_CCC_C0_0/PF_CCC_C0_0/pll_inst_0/OUT0

----------------------------------------------------

Clock Domain REF_CLK

Info: The maximum frequency of this clock domain is limited by the minimum pulse widths of pin CLKBUF_0/U_IOPAD:PAD

SET Register to Register

No Path 

END SET Register to Register

----------------------------------------------------

SET External Setup

No Path 

END SET External Setup

----------------------------------------------------

SET Clock to Output

No Path 

END SET Clock to Output

----------------------------------------------------

SET Register to Asynchronous

No Path 

END SET Register to Asynchronous

----------------------------------------------------

SET External Recovery

No Path 

END SET External Recovery

----------------------------------------------------

SET Asynchronous to Register

No Path 

END SET Asynchronous to Register

----------------------------------------------------

Clock Domain TCK

SET Register to Register

Path 1
  From: CoreJTAGDebug_TRSTN_C0_0/CoreJTAGDebug_TRSTN_C0_0/genblk1.genblk1.genblk1.UJTAG_inst:UDRCK
  To:   MIV_RV32_CFG1_C0_0/MIV_RV32_CFG1_C0_0/u_ipcore_0/gen_subsys_debug.u_subsys_debug_unit_0/MIV_subsys_debug_transport_module_jtag_0/gen_current_state_register_active_high.gen_current_state_register_active_low.currTapState[9]:D
  Delay (ns):             19.814
  Slack (ns):             67.435
  Arrival (ns):           22.373
  Required (ns):          89.808
  Setup (ns):              0.000
  Minimum Period (ns):    31.770
  Operating Conditions: slow_lv_ht

Path 2
  From: CoreJTAGDebug_TRSTN_C0_0/CoreJTAGDebug_TRSTN_C0_0/genblk1.genblk1.genblk1.UJTAG_inst:UDRCK
  To:   MIV_RV32_CFG1_C0_0/MIV_RV32_CFG1_C0_0/u_ipcore_0/gen_subsys_debug.u_subsys_debug_unit_0/MIV_subsys_debug_transport_module_jtag_0/gen_current_state_register_active_high.gen_current_state_register_active_low.currTapState[5]:D
  Delay (ns):             19.814
  Slack (ns):             67.435
  Arrival (ns):           22.373
  Required (ns):          89.808
  Setup (ns):              0.000
  Minimum Period (ns):    31.770
  Operating Conditions: slow_lv_ht

Path 3
  From: CoreJTAGDebug_TRSTN_C0_0/CoreJTAGDebug_TRSTN_C0_0/genblk1.genblk1.genblk1.UJTAG_inst:UDRCK
  To:   MIV_RV32_CFG1_C0_0/MIV_RV32_CFG1_C0_0/u_ipcore_0/gen_subsys_debug.u_subsys_debug_unit_0/MIV_subsys_debug_transport_module_jtag_0/gen_current_state_register_active_high.gen_current_state_register_active_low.currTapState[8]:D
  Delay (ns):             19.813
  Slack (ns):             67.436
  Arrival (ns):           22.372
  Required (ns):          89.808
  Setup (ns):              0.000
  Minimum Period (ns):    31.768
  Operating Conditions: slow_lv_ht

Path 4
  From: CoreJTAGDebug_TRSTN_C0_0/CoreJTAGDebug_TRSTN_C0_0/genblk1.genblk1.genblk1.UJTAG_inst:UDRCK
  To:   MIV_RV32_CFG1_C0_0/MIV_RV32_CFG1_C0_0/u_ipcore_0/gen_subsys_debug.u_subsys_debug_unit_0/MIV_subsys_debug_transport_module_jtag_0/gen_current_state_register_active_high.gen_current_state_register_active_low.currTapState[2]:D
  Delay (ns):             19.808
  Slack (ns):             67.441
  Arrival (ns):           22.367
  Required (ns):          89.808
  Setup (ns):              0.000
  Minimum Period (ns):    31.758
  Operating Conditions: slow_lv_ht

Path 5
  From: CoreJTAGDebug_TRSTN_C0_0/CoreJTAGDebug_TRSTN_C0_0/genblk1.genblk1.genblk1.UJTAG_inst:UDRCK
  To:   MIV_RV32_CFG1_C0_0/MIV_RV32_CFG1_C0_0/u_ipcore_0/gen_subsys_debug.u_subsys_debug_unit_0/MIV_subsys_debug_transport_module_jtag_0/gen_current_state_register_active_high.gen_current_state_register_active_low.currTapState[7]:D
  Delay (ns):             19.674
  Slack (ns):             67.575
  Arrival (ns):           22.233
  Required (ns):          89.808
  Setup (ns):              0.000
  Minimum Period (ns):    31.490
  Operating Conditions: slow_lv_ht


Expanded Path 1
  From: CoreJTAGDebug_TRSTN_C0_0/CoreJTAGDebug_TRSTN_C0_0/genblk1.genblk1.genblk1.UJTAG_inst:UDRCK
  To: MIV_RV32_CFG1_C0_0/MIV_RV32_CFG1_C0_0/u_ipcore_0/gen_subsys_debug.u_subsys_debug_unit_0/MIV_subsys_debug_transport_module_jtag_0/gen_current_state_register_active_high.gen_current_state_register_active_low.currTapState[9]:D
  data required time                                 89.808
  data arrival time                          -       22.373
  slack                                              67.435
  ________________________________________________________
  Data arrival time calculation
  0.000                        TCK
               +     0.000          Clock source
  0.000                        TCK (f)
               +     0.000          net: TCK
  0.000                        CoreJTAGDebug_TRSTN_C0_0/CoreJTAGDebug_TRSTN_C0_0/genblk1.genblk1.genblk1.UJTAG_inst:TCK (f)
               +     2.559          cell: ADLIB:UJTAG_SEC
  2.559                        CoreJTAGDebug_TRSTN_C0_0/CoreJTAGDebug_TRSTN_C0_0/genblk1.genblk1.genblk1.UJTAG_inst:UDRCK (f)
               +     6.136          cell: ADLIB:UJTAG_SEC
  8.695                        CoreJTAGDebug_TRSTN_C0_0/CoreJTAGDebug_TRSTN_C0_0/genblk1.genblk1.genblk1.UJTAG_inst:UTDI (r)
               +     1.089          net: CoreJTAGDebug_TRSTN_C0_0/CoreJTAGDebug_TRSTN_C0_0/UTDIInt_UTDI
  9.784                        CoreJTAGDebug_TRSTN_C0_0/CoreJTAGDebug_TRSTN_C0_0/genblk1.genblk1.genblk1.UJTAG_inst_UTDI:A (r)
               +     0.200          cell: ADLIB:CFG1D
  9.984                        CoreJTAGDebug_TRSTN_C0_0/CoreJTAGDebug_TRSTN_C0_0/genblk1.genblk1.genblk1.UJTAG_inst_UTDI:Y (r)
               +     0.153          net: CoreJTAGDebug_TRSTN_C0_0/CoreJTAGDebug_TRSTN_C0_0/UTDIInt_UTDI_2
  10.137                       CoreJTAGDebug_TRSTN_C0_0/CoreJTAGDebug_TRSTN_C0_0/genblk1.genblk1.genblk1.UJTAG_inst_2_UTDI:A (r)
               +     0.200          cell: ADLIB:CFG1D
  10.337                       CoreJTAGDebug_TRSTN_C0_0/CoreJTAGDebug_TRSTN_C0_0/genblk1.genblk1.genblk1.UJTAG_inst_2_UTDI:Y (r)
               +     0.158          net: CoreJTAGDebug_TRSTN_C0_0/CoreJTAGDebug_TRSTN_C0_0/UTDIInt_UTDI_3
  10.495                       CoreJTAGDebug_TRSTN_C0_0/CoreJTAGDebug_TRSTN_C0_0/genblk1.genblk1.genblk1.UJTAG_inst_3_UTDI:A (r)
               +     0.200          cell: ADLIB:CFG1D
  10.695                       CoreJTAGDebug_TRSTN_C0_0/CoreJTAGDebug_TRSTN_C0_0/genblk1.genblk1.genblk1.UJTAG_inst_3_UTDI:Y (r)
               +     0.532          net: CoreJTAGDebug_TRSTN_C0_0/CoreJTAGDebug_TRSTN_C0_0/UTDIInt
  11.227                       CoreJTAGDebug_TRSTN_C0_0/CoreJTAGDebug_TRSTN_C0_0/genblk3.genblk1.UJ_JTAG/dut_tms_int:B (r)
               +     0.053          cell: ADLIB:CFG3
  11.280                       CoreJTAGDebug_TRSTN_C0_0/CoreJTAGDebug_TRSTN_C0_0/genblk3.genblk1.UJ_JTAG/dut_tms_int:Y (r)
               +     1.193          net: CoreJTAGDebug_TRSTN_C0_0/CoreJTAGDebug_TRSTN_C0_0/genblk3.genblk1.UJ_JTAG/dut_tms_int_Z
  12.473                       CoreJTAGDebug_TRSTN_C0_0/CoreJTAGDebug_TRSTN_C0_0/genblk3.genblk1.UJ_JTAG/BUFD_TMS/bufd_gen[0].BUFD_BLK:A (r)
               +     0.053          cell: ADLIB:CFG1
  12.526                       CoreJTAGDebug_TRSTN_C0_0/CoreJTAGDebug_TRSTN_C0_0/genblk3.genblk1.UJ_JTAG/BUFD_TMS/bufd_gen[0].BUFD_BLK:Y (r)
               +     0.065          net: CoreJTAGDebug_TRSTN_C0_0/CoreJTAGDebug_TRSTN_C0_0/genblk3.genblk1.UJ_JTAG/BUFD_TMS/delay_sel[1]
  12.591                       CoreJTAGDebug_TRSTN_C0_0/CoreJTAGDebug_TRSTN_C0_0/genblk3.genblk1.UJ_JTAG/BUFD_TMS/bufd_gen[1].BUFD_BLK:A (r)
               +     0.053          cell: ADLIB:CFG1
  12.644                       CoreJTAGDebug_TRSTN_C0_0/CoreJTAGDebug_TRSTN_C0_0/genblk3.genblk1.UJ_JTAG/BUFD_TMS/bufd_gen[1].BUFD_BLK:Y (r)
               +     0.056          net: CoreJTAGDebug_TRSTN_C0_0/CoreJTAGDebug_TRSTN_C0_0/genblk3.genblk1.UJ_JTAG/BUFD_TMS/delay_sel[2]
  12.700                       CoreJTAGDebug_TRSTN_C0_0/CoreJTAGDebug_TRSTN_C0_0/genblk3.genblk1.UJ_JTAG/BUFD_TMS/bufd_gen[2].BUFD_BLK:A (r)
               +     0.053          cell: ADLIB:CFG1
  12.753                       CoreJTAGDebug_TRSTN_C0_0/CoreJTAGDebug_TRSTN_C0_0/genblk3.genblk1.UJ_JTAG/BUFD_TMS/bufd_gen[2].BUFD_BLK:Y (r)
               +     0.958          net: CoreJTAGDebug_TRSTN_C0_0/CoreJTAGDebug_TRSTN_C0_0/genblk3.genblk1.UJ_JTAG/BUFD_TMS/delay_sel[3]
  13.711                       CoreJTAGDebug_TRSTN_C0_0/CoreJTAGDebug_TRSTN_C0_0/genblk3.genblk1.UJ_JTAG/BUFD_TMS/bufd_gen[3].BUFD_BLK:A (r)
               +     0.053          cell: ADLIB:CFG1
  13.764                       CoreJTAGDebug_TRSTN_C0_0/CoreJTAGDebug_TRSTN_C0_0/genblk3.genblk1.UJ_JTAG/BUFD_TMS/bufd_gen[3].BUFD_BLK:Y (r)
               +     0.113          net: CoreJTAGDebug_TRSTN_C0_0/CoreJTAGDebug_TRSTN_C0_0/genblk3.genblk1.UJ_JTAG/BUFD_TMS/delay_sel[4]
  13.877                       CoreJTAGDebug_TRSTN_C0_0/CoreJTAGDebug_TRSTN_C0_0/genblk3.genblk1.UJ_JTAG/BUFD_TMS/bufd_gen[4].BUFD_BLK:A (r)
               +     0.053          cell: ADLIB:CFG1
  13.930                       CoreJTAGDebug_TRSTN_C0_0/CoreJTAGDebug_TRSTN_C0_0/genblk3.genblk1.UJ_JTAG/BUFD_TMS/bufd_gen[4].BUFD_BLK:Y (r)
               +     0.112          net: CoreJTAGDebug_TRSTN_C0_0/CoreJTAGDebug_TRSTN_C0_0/genblk3.genblk1.UJ_JTAG/BUFD_TMS/delay_sel[5]
  14.042                       CoreJTAGDebug_TRSTN_C0_0/CoreJTAGDebug_TRSTN_C0_0/genblk3.genblk1.UJ_JTAG/BUFD_TMS/bufd_gen[5].BUFD_BLK:A (r)
               +     0.053          cell: ADLIB:CFG1
  14.095                       CoreJTAGDebug_TRSTN_C0_0/CoreJTAGDebug_TRSTN_C0_0/genblk3.genblk1.UJ_JTAG/BUFD_TMS/bufd_gen[5].BUFD_BLK:Y (r)
               +     0.067          net: CoreJTAGDebug_TRSTN_C0_0/CoreJTAGDebug_TRSTN_C0_0/genblk3.genblk1.UJ_JTAG/BUFD_TMS/delay_sel[6]
  14.162                       CoreJTAGDebug_TRSTN_C0_0/CoreJTAGDebug_TRSTN_C0_0/genblk3.genblk1.UJ_JTAG/BUFD_TMS/bufd_gen[6].BUFD_BLK:A (r)
               +     0.053          cell: ADLIB:CFG1
  14.215                       CoreJTAGDebug_TRSTN_C0_0/CoreJTAGDebug_TRSTN_C0_0/genblk3.genblk1.UJ_JTAG/BUFD_TMS/bufd_gen[6].BUFD_BLK:Y (r)
               +     0.115          net: CoreJTAGDebug_TRSTN_C0_0/CoreJTAGDebug_TRSTN_C0_0/genblk3.genblk1.UJ_JTAG/BUFD_TMS/delay_sel[7]
  14.330                       CoreJTAGDebug_TRSTN_C0_0/CoreJTAGDebug_TRSTN_C0_0/genblk3.genblk1.UJ_JTAG/BUFD_TMS/bufd_gen[7].BUFD_BLK:A (r)
               +     0.053          cell: ADLIB:CFG1
  14.383                       CoreJTAGDebug_TRSTN_C0_0/CoreJTAGDebug_TRSTN_C0_0/genblk3.genblk1.UJ_JTAG/BUFD_TMS/bufd_gen[7].BUFD_BLK:Y (r)
               +     0.129          net: CoreJTAGDebug_TRSTN_C0_0/CoreJTAGDebug_TRSTN_C0_0/genblk3.genblk1.UJ_JTAG/BUFD_TMS/delay_sel[8]
  14.512                       CoreJTAGDebug_TRSTN_C0_0/CoreJTAGDebug_TRSTN_C0_0/genblk3.genblk1.UJ_JTAG/BUFD_TMS/bufd_gen[8].BUFD_BLK:A (r)
               +     0.053          cell: ADLIB:CFG1
  14.565                       CoreJTAGDebug_TRSTN_C0_0/CoreJTAGDebug_TRSTN_C0_0/genblk3.genblk1.UJ_JTAG/BUFD_TMS/bufd_gen[8].BUFD_BLK:Y (r)
               +     0.057          net: CoreJTAGDebug_TRSTN_C0_0/CoreJTAGDebug_TRSTN_C0_0/genblk3.genblk1.UJ_JTAG/BUFD_TMS/delay_sel[9]
  14.622                       CoreJTAGDebug_TRSTN_C0_0/CoreJTAGDebug_TRSTN_C0_0/genblk3.genblk1.UJ_JTAG/BUFD_TMS/bufd_gen[9].BUFD_BLK:A (r)
               +     0.053          cell: ADLIB:CFG1
  14.675                       CoreJTAGDebug_TRSTN_C0_0/CoreJTAGDebug_TRSTN_C0_0/genblk3.genblk1.UJ_JTAG/BUFD_TMS/bufd_gen[9].BUFD_BLK:Y (r)
               +     0.127          net: CoreJTAGDebug_TRSTN_C0_0/CoreJTAGDebug_TRSTN_C0_0/genblk3.genblk1.UJ_JTAG/BUFD_TMS/delay_sel[10]
  14.802                       CoreJTAGDebug_TRSTN_C0_0/CoreJTAGDebug_TRSTN_C0_0/genblk3.genblk1.UJ_JTAG/BUFD_TMS/bufd_gen[10].BUFD_BLK:A (r)
               +     0.053          cell: ADLIB:CFG1
  14.855                       CoreJTAGDebug_TRSTN_C0_0/CoreJTAGDebug_TRSTN_C0_0/genblk3.genblk1.UJ_JTAG/BUFD_TMS/bufd_gen[10].BUFD_BLK:Y (r)
               +     0.053          net: CoreJTAGDebug_TRSTN_C0_0/CoreJTAGDebug_TRSTN_C0_0/genblk3.genblk1.UJ_JTAG/BUFD_TMS/delay_sel[11]
  14.908                       CoreJTAGDebug_TRSTN_C0_0/CoreJTAGDebug_TRSTN_C0_0/genblk3.genblk1.UJ_JTAG/BUFD_TMS/bufd_gen[11].BUFD_BLK:A (r)
               +     0.053          cell: ADLIB:CFG1
  14.961                       CoreJTAGDebug_TRSTN_C0_0/CoreJTAGDebug_TRSTN_C0_0/genblk3.genblk1.UJ_JTAG/BUFD_TMS/bufd_gen[11].BUFD_BLK:Y (r)
               +     0.112          net: CoreJTAGDebug_TRSTN_C0_0/CoreJTAGDebug_TRSTN_C0_0/genblk3.genblk1.UJ_JTAG/BUFD_TMS/delay_sel[12]
  15.073                       CoreJTAGDebug_TRSTN_C0_0/CoreJTAGDebug_TRSTN_C0_0/genblk3.genblk1.UJ_JTAG/BUFD_TMS/bufd_gen[12].BUFD_BLK:A (r)
               +     0.053          cell: ADLIB:CFG1
  15.126                       CoreJTAGDebug_TRSTN_C0_0/CoreJTAGDebug_TRSTN_C0_0/genblk3.genblk1.UJ_JTAG/BUFD_TMS/bufd_gen[12].BUFD_BLK:Y (r)
               +     0.124          net: CoreJTAGDebug_TRSTN_C0_0/CoreJTAGDebug_TRSTN_C0_0/genblk3.genblk1.UJ_JTAG/BUFD_TMS/delay_sel[13]
  15.250                       CoreJTAGDebug_TRSTN_C0_0/CoreJTAGDebug_TRSTN_C0_0/genblk3.genblk1.UJ_JTAG/BUFD_TMS/bufd_gen[13].BUFD_BLK:A (r)
               +     0.053          cell: ADLIB:CFG1
  15.303                       CoreJTAGDebug_TRSTN_C0_0/CoreJTAGDebug_TRSTN_C0_0/genblk3.genblk1.UJ_JTAG/BUFD_TMS/bufd_gen[13].BUFD_BLK:Y (r)
               +     0.126          net: CoreJTAGDebug_TRSTN_C0_0/CoreJTAGDebug_TRSTN_C0_0/genblk3.genblk1.UJ_JTAG/BUFD_TMS/delay_sel[14]
  15.429                       CoreJTAGDebug_TRSTN_C0_0/CoreJTAGDebug_TRSTN_C0_0/genblk3.genblk1.UJ_JTAG/BUFD_TMS/bufd_gen[14].BUFD_BLK:A (r)
               +     0.053          cell: ADLIB:CFG1
  15.482                       CoreJTAGDebug_TRSTN_C0_0/CoreJTAGDebug_TRSTN_C0_0/genblk3.genblk1.UJ_JTAG/BUFD_TMS/bufd_gen[14].BUFD_BLK:Y (r)
               +     0.687          net: CoreJTAGDebug_TRSTN_C0_0/CoreJTAGDebug_TRSTN_C0_0/genblk3.genblk1.UJ_JTAG/BUFD_TMS/delay_sel[15]
  16.169                       CoreJTAGDebug_TRSTN_C0_0/CoreJTAGDebug_TRSTN_C0_0/genblk3.genblk1.UJ_JTAG/BUFD_TMS/bufd_gen[15].BUFD_BLK:A (r)
               +     0.053          cell: ADLIB:CFG1
  16.222                       CoreJTAGDebug_TRSTN_C0_0/CoreJTAGDebug_TRSTN_C0_0/genblk3.genblk1.UJ_JTAG/BUFD_TMS/bufd_gen[15].BUFD_BLK:Y (r)
               +     0.112          net: CoreJTAGDebug_TRSTN_C0_0/CoreJTAGDebug_TRSTN_C0_0/genblk3.genblk1.UJ_JTAG/BUFD_TMS/delay_sel[16]
  16.334                       CoreJTAGDebug_TRSTN_C0_0/CoreJTAGDebug_TRSTN_C0_0/genblk3.genblk1.UJ_JTAG/BUFD_TMS/bufd_gen[16].BUFD_BLK:A (r)
               +     0.053          cell: ADLIB:CFG1
  16.387                       CoreJTAGDebug_TRSTN_C0_0/CoreJTAGDebug_TRSTN_C0_0/genblk3.genblk1.UJ_JTAG/BUFD_TMS/bufd_gen[16].BUFD_BLK:Y (r)
               +     0.128          net: CoreJTAGDebug_TRSTN_C0_0/CoreJTAGDebug_TRSTN_C0_0/genblk3.genblk1.UJ_JTAG/BUFD_TMS/delay_sel[17]
  16.515                       CoreJTAGDebug_TRSTN_C0_0/CoreJTAGDebug_TRSTN_C0_0/genblk3.genblk1.UJ_JTAG/BUFD_TMS/bufd_gen[17].BUFD_BLK:A (r)
               +     0.053          cell: ADLIB:CFG1
  16.568                       CoreJTAGDebug_TRSTN_C0_0/CoreJTAGDebug_TRSTN_C0_0/genblk3.genblk1.UJ_JTAG/BUFD_TMS/bufd_gen[17].BUFD_BLK:Y (r)
               +     0.127          net: CoreJTAGDebug_TRSTN_C0_0/CoreJTAGDebug_TRSTN_C0_0/genblk3.genblk1.UJ_JTAG/BUFD_TMS/delay_sel[18]
  16.695                       CoreJTAGDebug_TRSTN_C0_0/CoreJTAGDebug_TRSTN_C0_0/genblk3.genblk1.UJ_JTAG/BUFD_TMS/bufd_gen[18].BUFD_BLK:A (r)
               +     0.053          cell: ADLIB:CFG1
  16.748                       CoreJTAGDebug_TRSTN_C0_0/CoreJTAGDebug_TRSTN_C0_0/genblk3.genblk1.UJ_JTAG/BUFD_TMS/bufd_gen[18].BUFD_BLK:Y (r)
               +     0.128          net: CoreJTAGDebug_TRSTN_C0_0/CoreJTAGDebug_TRSTN_C0_0/genblk3.genblk1.UJ_JTAG/BUFD_TMS/delay_sel[19]
  16.876                       CoreJTAGDebug_TRSTN_C0_0/CoreJTAGDebug_TRSTN_C0_0/genblk3.genblk1.UJ_JTAG/BUFD_TMS/bufd_gen[19].BUFD_BLK:A (r)
               +     0.053          cell: ADLIB:CFG1
  16.929                       CoreJTAGDebug_TRSTN_C0_0/CoreJTAGDebug_TRSTN_C0_0/genblk3.genblk1.UJ_JTAG/BUFD_TMS/bufd_gen[19].BUFD_BLK:Y (r)
               +     0.114          net: CoreJTAGDebug_TRSTN_C0_0/CoreJTAGDebug_TRSTN_C0_0/genblk3.genblk1.UJ_JTAG/BUFD_TMS/delay_sel[20]
  17.043                       CoreJTAGDebug_TRSTN_C0_0/CoreJTAGDebug_TRSTN_C0_0/genblk3.genblk1.UJ_JTAG/BUFD_TMS/bufd_gen[20].BUFD_BLK:A (r)
               +     0.053          cell: ADLIB:CFG1
  17.096                       CoreJTAGDebug_TRSTN_C0_0/CoreJTAGDebug_TRSTN_C0_0/genblk3.genblk1.UJ_JTAG/BUFD_TMS/bufd_gen[20].BUFD_BLK:Y (r)
               +     0.128          net: CoreJTAGDebug_TRSTN_C0_0/CoreJTAGDebug_TRSTN_C0_0/genblk3.genblk1.UJ_JTAG/BUFD_TMS/delay_sel[21]
  17.224                       CoreJTAGDebug_TRSTN_C0_0/CoreJTAGDebug_TRSTN_C0_0/genblk3.genblk1.UJ_JTAG/BUFD_TMS/bufd_gen[21].BUFD_BLK:A (r)
               +     0.090          cell: ADLIB:CFG1
  17.314                       CoreJTAGDebug_TRSTN_C0_0/CoreJTAGDebug_TRSTN_C0_0/genblk3.genblk1.UJ_JTAG/BUFD_TMS/bufd_gen[21].BUFD_BLK:Y (r)
               +     0.115          net: CoreJTAGDebug_TRSTN_C0_0/CoreJTAGDebug_TRSTN_C0_0/genblk3.genblk1.UJ_JTAG/BUFD_TMS/delay_sel[22]
  17.429                       CoreJTAGDebug_TRSTN_C0_0/CoreJTAGDebug_TRSTN_C0_0/genblk3.genblk1.UJ_JTAG/BUFD_TMS/bufd_gen[22].BUFD_BLK:A (r)
               +     0.053          cell: ADLIB:CFG1
  17.482                       CoreJTAGDebug_TRSTN_C0_0/CoreJTAGDebug_TRSTN_C0_0/genblk3.genblk1.UJ_JTAG/BUFD_TMS/bufd_gen[22].BUFD_BLK:Y (r)
               +     0.111          net: CoreJTAGDebug_TRSTN_C0_0/CoreJTAGDebug_TRSTN_C0_0/genblk3.genblk1.UJ_JTAG/BUFD_TMS/delay_sel[23]
  17.593                       CoreJTAGDebug_TRSTN_C0_0/CoreJTAGDebug_TRSTN_C0_0/genblk3.genblk1.UJ_JTAG/BUFD_TMS/bufd_gen[23].BUFD_BLK:A (r)
               +     0.053          cell: ADLIB:CFG1
  17.646                       CoreJTAGDebug_TRSTN_C0_0/CoreJTAGDebug_TRSTN_C0_0/genblk3.genblk1.UJ_JTAG/BUFD_TMS/bufd_gen[23].BUFD_BLK:Y (r)
               +     0.117          net: CoreJTAGDebug_TRSTN_C0_0/CoreJTAGDebug_TRSTN_C0_0/genblk3.genblk1.UJ_JTAG/BUFD_TMS/delay_sel[24]
  17.763                       CoreJTAGDebug_TRSTN_C0_0/CoreJTAGDebug_TRSTN_C0_0/genblk3.genblk1.UJ_JTAG/BUFD_TMS/bufd_gen[24].BUFD_BLK:A (r)
               +     0.053          cell: ADLIB:CFG1
  17.816                       CoreJTAGDebug_TRSTN_C0_0/CoreJTAGDebug_TRSTN_C0_0/genblk3.genblk1.UJ_JTAG/BUFD_TMS/bufd_gen[24].BUFD_BLK:Y (r)
               +     1.871          net: CoreJTAGDebug_TRSTN_C0_0/CoreJTAGDebug_TRSTN_C0_0/genblk3.genblk1.UJ_JTAG/BUFD_TMS/delay_sel[25]
  19.687                       CoreJTAGDebug_TRSTN_C0_0/CoreJTAGDebug_TRSTN_C0_0/genblk3.genblk1.UJ_JTAG/BUFD_TMS/bufd_gen[25].BUFD_BLK:A (r)
               +     0.078          cell: ADLIB:CFG1
  19.765                       CoreJTAGDebug_TRSTN_C0_0/CoreJTAGDebug_TRSTN_C0_0/genblk3.genblk1.UJ_JTAG/BUFD_TMS/bufd_gen[25].BUFD_BLK:Y (r)
               +     0.123          net: CoreJTAGDebug_TRSTN_C0_0/CoreJTAGDebug_TRSTN_C0_0/genblk3.genblk1.UJ_JTAG/BUFD_TMS/delay_sel[26]
  19.888                       CoreJTAGDebug_TRSTN_C0_0/CoreJTAGDebug_TRSTN_C0_0/genblk3.genblk1.UJ_JTAG/BUFD_TMS/bufd_gen[26].BUFD_BLK:A (r)
               +     0.078          cell: ADLIB:CFG1
  19.966                       CoreJTAGDebug_TRSTN_C0_0/CoreJTAGDebug_TRSTN_C0_0/genblk3.genblk1.UJ_JTAG/BUFD_TMS/bufd_gen[26].BUFD_BLK:Y (r)
               +     0.134          net: CoreJTAGDebug_TRSTN_C0_0/CoreJTAGDebug_TRSTN_C0_0/genblk3.genblk1.UJ_JTAG/BUFD_TMS/delay_sel[27]
  20.100                       CoreJTAGDebug_TRSTN_C0_0/CoreJTAGDebug_TRSTN_C0_0/genblk3.genblk1.UJ_JTAG/BUFD_TMS/bufd_gen[27].BUFD_BLK:A (r)
               +     0.078          cell: ADLIB:CFG1
  20.178                       CoreJTAGDebug_TRSTN_C0_0/CoreJTAGDebug_TRSTN_C0_0/genblk3.genblk1.UJ_JTAG/BUFD_TMS/bufd_gen[27].BUFD_BLK:Y (r)
               +     0.124          net: CoreJTAGDebug_TRSTN_C0_0/CoreJTAGDebug_TRSTN_C0_0/genblk3.genblk1.UJ_JTAG/BUFD_TMS/delay_sel[28]
  20.302                       CoreJTAGDebug_TRSTN_C0_0/CoreJTAGDebug_TRSTN_C0_0/genblk3.genblk1.UJ_JTAG/BUFD_TMS/bufd_gen[28].BUFD_BLK:A (r)
               +     0.078          cell: ADLIB:CFG1
  20.380                       CoreJTAGDebug_TRSTN_C0_0/CoreJTAGDebug_TRSTN_C0_0/genblk3.genblk1.UJ_JTAG/BUFD_TMS/bufd_gen[28].BUFD_BLK:Y (r)
               +     0.091          net: CoreJTAGDebug_TRSTN_C0_0/CoreJTAGDebug_TRSTN_C0_0/genblk3.genblk1.UJ_JTAG/BUFD_TMS/delay_sel[29]
  20.471                       CoreJTAGDebug_TRSTN_C0_0/CoreJTAGDebug_TRSTN_C0_0/genblk3.genblk1.UJ_JTAG/BUFD_TMS/bufd_gen[29].BUFD_BLK:A (r)
               +     0.135          cell: ADLIB:CFG1
  20.606                       CoreJTAGDebug_TRSTN_C0_0/CoreJTAGDebug_TRSTN_C0_0/genblk3.genblk1.UJ_JTAG/BUFD_TMS/bufd_gen[29].BUFD_BLK:Y (r)
               +     0.135          net: CoreJTAGDebug_TRSTN_C0_0/CoreJTAGDebug_TRSTN_C0_0/genblk3.genblk1.UJ_JTAG/BUFD_TMS/delay_sel[30]
  20.741                       CoreJTAGDebug_TRSTN_C0_0/CoreJTAGDebug_TRSTN_C0_0/genblk3.genblk1.UJ_JTAG/BUFD_TMS/bufd_gen[30].BUFD_BLK:A (r)
               +     0.078          cell: ADLIB:CFG1
  20.819                       CoreJTAGDebug_TRSTN_C0_0/CoreJTAGDebug_TRSTN_C0_0/genblk3.genblk1.UJ_JTAG/BUFD_TMS/bufd_gen[30].BUFD_BLK:Y (r)
               +     0.122          net: CoreJTAGDebug_TRSTN_C0_0/CoreJTAGDebug_TRSTN_C0_0/genblk3.genblk1.UJ_JTAG/BUFD_TMS/delay_sel[31]
  20.941                       CoreJTAGDebug_TRSTN_C0_0/CoreJTAGDebug_TRSTN_C0_0/genblk3.genblk1.UJ_JTAG/BUFD_TMS/bufd_gen[31].BUFD_BLK:A (r)
               +     0.078          cell: ADLIB:CFG1
  21.019                       CoreJTAGDebug_TRSTN_C0_0/CoreJTAGDebug_TRSTN_C0_0/genblk3.genblk1.UJ_JTAG/BUFD_TMS/bufd_gen[31].BUFD_BLK:Y (r)
               +     0.123          net: CoreJTAGDebug_TRSTN_C0_0/CoreJTAGDebug_TRSTN_C0_0/genblk3.genblk1.UJ_JTAG/BUFD_TMS/delay_sel[32]
  21.142                       CoreJTAGDebug_TRSTN_C0_0/CoreJTAGDebug_TRSTN_C0_0/genblk3.genblk1.UJ_JTAG/BUFD_TMS/bufd_gen[32].BUFD_BLK:A (r)
               +     0.078          cell: ADLIB:CFG1
  21.220                       CoreJTAGDebug_TRSTN_C0_0/CoreJTAGDebug_TRSTN_C0_0/genblk3.genblk1.UJ_JTAG/BUFD_TMS/bufd_gen[32].BUFD_BLK:Y (r)
               +     0.080          net: CoreJTAGDebug_TRSTN_C0_0/CoreJTAGDebug_TRSTN_C0_0/genblk3.genblk1.UJ_JTAG/BUFD_TMS/delay_sel[33]
  21.300                       CoreJTAGDebug_TRSTN_C0_0/CoreJTAGDebug_TRSTN_C0_0/genblk3.genblk1.UJ_JTAG/BUFD_TMS/bufd_gen[33].BUFD_BLK:A (r)
               +     0.078          cell: ADLIB:CFG1
  21.378                       CoreJTAGDebug_TRSTN_C0_0/CoreJTAGDebug_TRSTN_C0_0/genblk3.genblk1.UJ_JTAG/BUFD_TMS/bufd_gen[33].BUFD_BLK:Y (r)
               +     0.143          net: CoreJTAGDebug_TRSTN_C0_0_TGT_TMS_0
  21.521                       MIV_RV32_CFG1_C0_0/MIV_RV32_CFG1_C0_0/u_ipcore_0/gen_subsys_debug.u_subsys_debug_unit_0/MIV_subsys_debug_transport_module_jtag_0/gen_current_state_register_active_high.gen_current_state_register_active_low.currTapState_ns_i_o2[2]:B (r)
               +     0.073          cell: ADLIB:CFG2
  21.594                       MIV_RV32_CFG1_C0_0/MIV_RV32_CFG1_C0_0/u_ipcore_0/gen_subsys_debug.u_subsys_debug_unit_0/MIV_subsys_debug_transport_module_jtag_0/gen_current_state_register_active_high.gen_current_state_register_active_low.currTapState_ns_i_o2[2]:Y (f)
               +     0.524          net: MIV_RV32_CFG1_C0_0/MIV_RV32_CFG1_C0_0/u_ipcore_0/gen_subsys_debug.u_subsys_debug_unit_0/MIV_subsys_debug_transport_module_jtag_0/N_116
  22.118                       MIV_RV32_CFG1_C0_0/MIV_RV32_CFG1_C0_0/u_ipcore_0/gen_subsys_debug.u_subsys_debug_unit_0/MIV_subsys_debug_transport_module_jtag_0/gen_current_state_register_active_high.gen_current_state_register_active_low.currTapState_ns_a2[9]:A (f)
               +     0.234          cell: ADLIB:CFG2
  22.352                       MIV_RV32_CFG1_C0_0/MIV_RV32_CFG1_C0_0/u_ipcore_0/gen_subsys_debug.u_subsys_debug_unit_0/MIV_subsys_debug_transport_module_jtag_0/gen_current_state_register_active_high.gen_current_state_register_active_low.currTapState_ns_a2[9]:Y (r)
               +     0.021          net: MIV_RV32_CFG1_C0_0/MIV_RV32_CFG1_C0_0/u_ipcore_0/gen_subsys_debug.u_subsys_debug_unit_0/MIV_subsys_debug_transport_module_jtag_0/currTapState_ns[9]
  22.373                       MIV_RV32_CFG1_C0_0/MIV_RV32_CFG1_C0_0/u_ipcore_0/gen_subsys_debug.u_subsys_debug_unit_0/MIV_subsys_debug_transport_module_jtag_0/gen_current_state_register_active_high.gen_current_state_register_active_low.currTapState[9]:D (r)
                                    
  22.373                       data arrival time
  ________________________________________________________
  Data required time calculation
  83.340                       TCK
               +     0.000          Clock source
  83.340                       TCK (r)
               +     0.000          net: TCK
  83.340                       CoreJTAGDebug_TRSTN_C0_0/CoreJTAGDebug_TRSTN_C0_0/genblk1.genblk1.genblk1.UJTAG_inst:TCK (r)
               +     1.356          cell: ADLIB:UJTAG_SEC
  84.696                       CoreJTAGDebug_TRSTN_C0_0/CoreJTAGDebug_TRSTN_C0_0/genblk1.genblk1.genblk1.UJTAG_inst:UDRCK (r)
               +     0.265          net: CoreJTAGDebug_TRSTN_C0_0/CoreJTAGDebug_TRSTN_C0_0/N_2
  84.961                       CoreJTAGDebug_TRSTN_C0_0/CoreJTAGDebug_TRSTN_C0_0/N_2_inferred_clock_RNIMQNI2_1:A (r)
               +     0.211          cell: ADLIB:ICB_CLKINT
  85.172                       CoreJTAGDebug_TRSTN_C0_0/CoreJTAGDebug_TRSTN_C0_0/N_2_inferred_clock_RNIMQNI2_1:Y (r)
               +     0.128          net: CoreJTAGDebug_TRSTN_C0_0/CoreJTAGDebug_TRSTN_C0_0/N_2_inferred_clock_RNIMQNI2_NET
  85.300                       CoreJTAGDebug_TRSTN_C0_0/CoreJTAGDebug_TRSTN_C0_0/N_2_inferred_clock_RNIMQNI2:A (r)
               +     0.147          cell: ADLIB:GB
  85.447                       CoreJTAGDebug_TRSTN_C0_0/CoreJTAGDebug_TRSTN_C0_0/N_2_inferred_clock_RNIMQNI2:Y (r)
               +     0.355          net: CoreJTAGDebug_TRSTN_C0_0/CoreJTAGDebug_TRSTN_C0_0/N_2_inferred_clock_RNIMQNI2/U0_Y
  85.802                       CoreJTAGDebug_TRSTN_C0_0/CoreJTAGDebug_TRSTN_C0_0/N_2_inferred_clock_RNIMQNI2/U0_RGB1:A (r)
               +     0.052          cell: ADLIB:RGB
  85.854                       CoreJTAGDebug_TRSTN_C0_0/CoreJTAGDebug_TRSTN_C0_0/N_2_inferred_clock_RNIMQNI2/U0_RGB1:Y (f)
               +     0.449          net: CoreJTAGDebug_TRSTN_C0_0/CoreJTAGDebug_TRSTN_C0_0/iUDRCK
  86.303                       CoreJTAGDebug_TRSTN_C0_0/CoreJTAGDebug_TRSTN_C0_0/genblk3.genblk1.UJ_JTAG/un1_DUT_TCK:A (r)
               +     0.127          cell: ADLIB:CFG4
  86.430                       CoreJTAGDebug_TRSTN_C0_0/CoreJTAGDebug_TRSTN_C0_0/genblk3.genblk1.UJ_JTAG/un1_DUT_TCK:Y (f)
               +     1.090          net: CoreJTAGDebug_TRSTN_C0_0/CoreJTAGDebug_TRSTN_C0_0/un1_DUT_TCK
  87.520                       CoreJTAGDebug_TRSTN_C0_0/CoreJTAGDebug_TRSTN_C0_0/genblk3.genblk1.TGT_TCK_GLB:A (f)
               +     0.121          cell: ADLIB:GB
  87.641                       CoreJTAGDebug_TRSTN_C0_0/CoreJTAGDebug_TRSTN_C0_0/genblk3.genblk1.TGT_TCK_GLB:Y (f)
               +     0.366          net: CoreJTAGDebug_TRSTN_C0_0/CoreJTAGDebug_TRSTN_C0_0/genblk3.genblk1.TGT_TCK_GLB/U0_Y
  88.007                       CoreJTAGDebug_TRSTN_C0_0/CoreJTAGDebug_TRSTN_C0_0/genblk3.genblk1.TGT_TCK_GLB/U0_RGB1:A (f)
               +     0.054          cell: ADLIB:RGB
  88.061                       CoreJTAGDebug_TRSTN_C0_0/CoreJTAGDebug_TRSTN_C0_0/genblk3.genblk1.TGT_TCK_GLB/U0_RGB1:Y (r)
               +     0.450          net: CoreJTAGDebug_TRSTN_C0_0/CoreJTAGDebug_TRSTN_C0_0/TGT_TCK_GLB
  88.511                       MIV_RV32_CFG1_C0_0/MIV_RV32_CFG1_C0_0/u_ipcore_0/gen_subsys_debug.u_subsys_debug_unit_0/MIV_subsys_debug_transport_module_jtag_0/gen_current_state_register_active_high.gen_current_state_register_active_low.currTapState[9]:CLK (r)
               +     1.316          
  89.827                       clock reconvergence pessimism
               -     0.019          
  89.808                       clock jitter
               -     0.000          Library setup time: ADLIB:SLE
  89.808                       MIV_RV32_CFG1_C0_0/MIV_RV32_CFG1_C0_0/u_ipcore_0/gen_subsys_debug.u_subsys_debug_unit_0/MIV_subsys_debug_transport_module_jtag_0/gen_current_state_register_active_high.gen_current_state_register_active_low.currTapState[9]:D
                                    
  89.808                       data required time


Operating Conditions : slow_lv_ht

END SET Register to Register

----------------------------------------------------

SET External Setup

No Path 

END SET External Setup

----------------------------------------------------

SET Clock to Output

No Path 

END SET Clock to Output

----------------------------------------------------

SET Register to Asynchronous

Path 1
  From: CoreJTAGDebug_TRSTN_C0_0/CoreJTAGDebug_TRSTN_C0_0/genblk1.genblk1.genblk1.UJTAG_inst:UDRCK
  To:   MIV_RV32_CFG1_C0_0/MIV_RV32_CFG1_C0_0/u_ipcore_0/gen_subsys_debug.u_subsys_debug_unit_0/MIV_subsys_debug_transport_module_jtag_0/ir_and_Instruction_register.gen_ir_and_Instruction_register_active_low.irReg[4]:ALn
  Delay (ns):             14.897
  Slack (ns):             71.943
  Arrival (ns):           17.569
  Required (ns):          89.512
  Recovery (ns):           0.196
  Minimum Period (ns):    22.737
  Skew (ns):              -3.725
  Operating Conditions: slow_lv_ht

Path 2
  From: CoreJTAGDebug_TRSTN_C0_0/CoreJTAGDebug_TRSTN_C0_0/genblk1.genblk1.genblk1.UJTAG_inst:UDRCK
  To:   MIV_RV32_CFG1_C0_0/MIV_RV32_CFG1_C0_0/u_ipcore_0/gen_subsys_debug.u_subsys_debug_unit_0/MIV_subsys_debug_transport_module_jtag_0/ir_and_Instruction_register.gen_ir_and_Instruction_register_active_low.irReg[3]:ALn
  Delay (ns):             14.897
  Slack (ns):             71.943
  Arrival (ns):           17.569
  Required (ns):          89.512
  Recovery (ns):           0.196
  Minimum Period (ns):    22.737
  Skew (ns):              -3.725
  Operating Conditions: slow_lv_ht

Path 3
  From: CoreJTAGDebug_TRSTN_C0_0/CoreJTAGDebug_TRSTN_C0_0/genblk1.genblk1.genblk1.UJTAG_inst:UDRCK
  To:   MIV_RV32_CFG1_C0_0/MIV_RV32_CFG1_C0_0/u_ipcore_0/gen_subsys_debug.u_subsys_debug_unit_0/MIV_subsys_debug_transport_module_jtag_0/ir_and_Instruction_register.gen_ir_and_Instruction_register_active_low.irReg[2]:ALn
  Delay (ns):             14.897
  Slack (ns):             71.943
  Arrival (ns):           17.569
  Required (ns):          89.512
  Recovery (ns):           0.196
  Minimum Period (ns):    22.737
  Skew (ns):              -3.725
  Operating Conditions: slow_lv_ht

Path 4
  From: CoreJTAGDebug_TRSTN_C0_0/CoreJTAGDebug_TRSTN_C0_0/genblk1.genblk1.genblk1.UJTAG_inst:UDRCK
  To:   MIV_RV32_CFG1_C0_0/MIV_RV32_CFG1_C0_0/u_ipcore_0/gen_subsys_debug.u_subsys_debug_unit_0/MIV_subsys_debug_transport_module_jtag_0/ir_and_Instruction_register.gen_ir_and_Instruction_register_active_low.irReg[1]:ALn
  Delay (ns):             14.897
  Slack (ns):             71.943
  Arrival (ns):           17.569
  Required (ns):          89.512
  Recovery (ns):           0.196
  Minimum Period (ns):    22.737
  Skew (ns):              -3.725
  Operating Conditions: slow_lv_ht

Path 5
  From: CoreJTAGDebug_TRSTN_C0_0/CoreJTAGDebug_TRSTN_C0_0/genblk1.genblk1.genblk1.UJTAG_inst:UDRCK
  To:   MIV_RV32_CFG1_C0_0/MIV_RV32_CFG1_C0_0/u_ipcore_0/gen_subsys_debug.u_subsys_debug_unit_0/MIV_subsys_debug_transport_module_jtag_0/ir_and_Instruction_register.gen_ir_and_Instruction_register_active_low.irReg[0]:ALn
  Delay (ns):             14.897
  Slack (ns):             71.943
  Arrival (ns):           17.569
  Required (ns):          89.512
  Recovery (ns):           0.196
  Minimum Period (ns):    22.737
  Skew (ns):              -3.725
  Operating Conditions: slow_lv_ht


Expanded Path 1
  From: CoreJTAGDebug_TRSTN_C0_0/CoreJTAGDebug_TRSTN_C0_0/genblk1.genblk1.genblk1.UJTAG_inst:UDRCK
  To: MIV_RV32_CFG1_C0_0/MIV_RV32_CFG1_C0_0/u_ipcore_0/gen_subsys_debug.u_subsys_debug_unit_0/MIV_subsys_debug_transport_module_jtag_0/ir_and_Instruction_register.gen_ir_and_Instruction_register_active_low.irReg[4]:ALn
  data required time                                 89.512
  data arrival time                          -       17.569
  slack                                              71.943
  ________________________________________________________
  Data arrival time calculation
  0.000                        TCK
               +     0.000          Clock source
  0.000                        TCK (r)
               +     0.000          net: TCK
  0.000                        CoreJTAGDebug_TRSTN_C0_0/CoreJTAGDebug_TRSTN_C0_0/genblk1.genblk1.genblk1.UJTAG_inst:TCK (r)
               +     2.672          cell: ADLIB:UJTAG_SEC
  2.672                        CoreJTAGDebug_TRSTN_C0_0/CoreJTAGDebug_TRSTN_C0_0/genblk1.genblk1.genblk1.UJTAG_inst:UDRCK (r)
               +     2.400          cell: ADLIB:UJTAG_SEC
  5.072                        CoreJTAGDebug_TRSTN_C0_0/CoreJTAGDebug_TRSTN_C0_0/genblk1.genblk1.genblk1.UJTAG_inst:URSTB (r)
               +     1.213          net: CoreJTAGDebug_TRSTN_C0_0/CoreJTAGDebug_TRSTN_C0_0/iURSTB_URSTB
  6.285                        CoreJTAGDebug_TRSTN_C0_0/CoreJTAGDebug_TRSTN_C0_0/genblk1.genblk1.genblk1.UJTAG_inst_URSTB:A (r)
               +     0.200          cell: ADLIB:CFG1D
  6.485                        CoreJTAGDebug_TRSTN_C0_0/CoreJTAGDebug_TRSTN_C0_0/genblk1.genblk1.genblk1.UJTAG_inst_URSTB:Y (r)
               +     0.102          net: CoreJTAGDebug_TRSTN_C0_0/CoreJTAGDebug_TRSTN_C0_0/iURSTB_URSTB_2
  6.587                        CoreJTAGDebug_TRSTN_C0_0/CoreJTAGDebug_TRSTN_C0_0/genblk1.genblk1.genblk1.UJTAG_inst_2_URSTB:A (r)
               +     0.200          cell: ADLIB:CFG1D
  6.787                        CoreJTAGDebug_TRSTN_C0_0/CoreJTAGDebug_TRSTN_C0_0/genblk1.genblk1.genblk1.UJTAG_inst_2_URSTB:Y (r)
               +     0.153          net: CoreJTAGDebug_TRSTN_C0_0/CoreJTAGDebug_TRSTN_C0_0/iURSTB_URSTB_3
  6.940                        CoreJTAGDebug_TRSTN_C0_0/CoreJTAGDebug_TRSTN_C0_0/genblk1.genblk1.genblk1.UJTAG_inst_3_URSTB:A (r)
               +     0.200          cell: ADLIB:CFG1D
  7.140                        CoreJTAGDebug_TRSTN_C0_0/CoreJTAGDebug_TRSTN_C0_0/genblk1.genblk1.genblk1.UJTAG_inst_3_URSTB:Y (r)
               +     0.122          net: CoreJTAGDebug_TRSTN_C0_0/CoreJTAGDebug_TRSTN_C0_0/iURSTB
  7.262                        CoreJTAGDebug_TRSTN_C0_0/CoreJTAGDebug_TRSTN_C0_0/genblk2.genblk2[0].BUFD_TRST/bufd_gen[0].BUFD_BLK:A (r)
               +     0.053          cell: ADLIB:CFG1
  7.315                        CoreJTAGDebug_TRSTN_C0_0/CoreJTAGDebug_TRSTN_C0_0/genblk2.genblk2[0].BUFD_TRST/bufd_gen[0].BUFD_BLK:Y (r)
               +     0.112          net: CoreJTAGDebug_TRSTN_C0_0/CoreJTAGDebug_TRSTN_C0_0/genblk2.genblk2[0].BUFD_TRST/delay_sel[1]
  7.427                        CoreJTAGDebug_TRSTN_C0_0/CoreJTAGDebug_TRSTN_C0_0/genblk2.genblk2[0].BUFD_TRST/bufd_gen[1].BUFD_BLK:A (r)
               +     0.053          cell: ADLIB:CFG1
  7.480                        CoreJTAGDebug_TRSTN_C0_0/CoreJTAGDebug_TRSTN_C0_0/genblk2.genblk2[0].BUFD_TRST/bufd_gen[1].BUFD_BLK:Y (r)
               +     0.112          net: CoreJTAGDebug_TRSTN_C0_0/CoreJTAGDebug_TRSTN_C0_0/genblk2.genblk2[0].BUFD_TRST/delay_sel[2]
  7.592                        CoreJTAGDebug_TRSTN_C0_0/CoreJTAGDebug_TRSTN_C0_0/genblk2.genblk2[0].BUFD_TRST/bufd_gen[2].BUFD_BLK:A (r)
               +     0.053          cell: ADLIB:CFG1
  7.645                        CoreJTAGDebug_TRSTN_C0_0/CoreJTAGDebug_TRSTN_C0_0/genblk2.genblk2[0].BUFD_TRST/bufd_gen[2].BUFD_BLK:Y (r)
               +     0.126          net: CoreJTAGDebug_TRSTN_C0_0/CoreJTAGDebug_TRSTN_C0_0/genblk2.genblk2[0].BUFD_TRST/delay_sel[3]
  7.771                        CoreJTAGDebug_TRSTN_C0_0/CoreJTAGDebug_TRSTN_C0_0/genblk2.genblk2[0].BUFD_TRST/bufd_gen[3].BUFD_BLK:A (r)
               +     0.053          cell: ADLIB:CFG1
  7.824                        CoreJTAGDebug_TRSTN_C0_0/CoreJTAGDebug_TRSTN_C0_0/genblk2.genblk2[0].BUFD_TRST/bufd_gen[3].BUFD_BLK:Y (r)
               +     0.426          net: CoreJTAGDebug_TRSTN_C0_0/CoreJTAGDebug_TRSTN_C0_0/genblk2.genblk2[0].BUFD_TRST/delay_sel[4]
  8.250                        CoreJTAGDebug_TRSTN_C0_0/CoreJTAGDebug_TRSTN_C0_0/genblk2.genblk2[0].BUFD_TRST/bufd_gen[4].BUFD_BLK:A (r)
               +     0.053          cell: ADLIB:CFG1
  8.303                        CoreJTAGDebug_TRSTN_C0_0/CoreJTAGDebug_TRSTN_C0_0/genblk2.genblk2[0].BUFD_TRST/bufd_gen[4].BUFD_BLK:Y (r)
               +     0.112          net: CoreJTAGDebug_TRSTN_C0_0/CoreJTAGDebug_TRSTN_C0_0/genblk2.genblk2[0].BUFD_TRST/delay_sel[5]
  8.415                        CoreJTAGDebug_TRSTN_C0_0/CoreJTAGDebug_TRSTN_C0_0/genblk2.genblk2[0].BUFD_TRST/bufd_gen[5].BUFD_BLK:A (r)
               +     0.053          cell: ADLIB:CFG1
  8.468                        CoreJTAGDebug_TRSTN_C0_0/CoreJTAGDebug_TRSTN_C0_0/genblk2.genblk2[0].BUFD_TRST/bufd_gen[5].BUFD_BLK:Y (r)
               +     0.113          net: CoreJTAGDebug_TRSTN_C0_0/CoreJTAGDebug_TRSTN_C0_0/genblk2.genblk2[0].BUFD_TRST/delay_sel[6]
  8.581                        CoreJTAGDebug_TRSTN_C0_0/CoreJTAGDebug_TRSTN_C0_0/genblk2.genblk2[0].BUFD_TRST/bufd_gen[6].BUFD_BLK:A (r)
               +     0.053          cell: ADLIB:CFG1
  8.634                        CoreJTAGDebug_TRSTN_C0_0/CoreJTAGDebug_TRSTN_C0_0/genblk2.genblk2[0].BUFD_TRST/bufd_gen[6].BUFD_BLK:Y (r)
               +     0.112          net: CoreJTAGDebug_TRSTN_C0_0/CoreJTAGDebug_TRSTN_C0_0/genblk2.genblk2[0].BUFD_TRST/delay_sel[7]
  8.746                        CoreJTAGDebug_TRSTN_C0_0/CoreJTAGDebug_TRSTN_C0_0/genblk2.genblk2[0].BUFD_TRST/bufd_gen[7].BUFD_BLK:A (r)
               +     0.053          cell: ADLIB:CFG1
  8.799                        CoreJTAGDebug_TRSTN_C0_0/CoreJTAGDebug_TRSTN_C0_0/genblk2.genblk2[0].BUFD_TRST/bufd_gen[7].BUFD_BLK:Y (r)
               +     0.124          net: CoreJTAGDebug_TRSTN_C0_0/CoreJTAGDebug_TRSTN_C0_0/genblk2.genblk2[0].BUFD_TRST/delay_sel[8]
  8.923                        CoreJTAGDebug_TRSTN_C0_0/CoreJTAGDebug_TRSTN_C0_0/genblk2.genblk2[0].BUFD_TRST/bufd_gen[8].BUFD_BLK:A (r)
               +     0.053          cell: ADLIB:CFG1
  8.976                        CoreJTAGDebug_TRSTN_C0_0/CoreJTAGDebug_TRSTN_C0_0/genblk2.genblk2[0].BUFD_TRST/bufd_gen[8].BUFD_BLK:Y (r)
               +     0.128          net: CoreJTAGDebug_TRSTN_C0_0/CoreJTAGDebug_TRSTN_C0_0/genblk2.genblk2[0].BUFD_TRST/delay_sel[9]
  9.104                        CoreJTAGDebug_TRSTN_C0_0/CoreJTAGDebug_TRSTN_C0_0/genblk2.genblk2[0].BUFD_TRST/bufd_gen[9].BUFD_BLK:A (r)
               +     0.053          cell: ADLIB:CFG1
  9.157                        CoreJTAGDebug_TRSTN_C0_0/CoreJTAGDebug_TRSTN_C0_0/genblk2.genblk2[0].BUFD_TRST/bufd_gen[9].BUFD_BLK:Y (r)
               +     0.127          net: CoreJTAGDebug_TRSTN_C0_0/CoreJTAGDebug_TRSTN_C0_0/genblk2.genblk2[0].BUFD_TRST/delay_sel[10]
  9.284                        CoreJTAGDebug_TRSTN_C0_0/CoreJTAGDebug_TRSTN_C0_0/genblk2.genblk2[0].BUFD_TRST/bufd_gen[10].BUFD_BLK:A (r)
               +     0.053          cell: ADLIB:CFG1
  9.337                        CoreJTAGDebug_TRSTN_C0_0/CoreJTAGDebug_TRSTN_C0_0/genblk2.genblk2[0].BUFD_TRST/bufd_gen[10].BUFD_BLK:Y (r)
               +     0.124          net: CoreJTAGDebug_TRSTN_C0_0/CoreJTAGDebug_TRSTN_C0_0/genblk2.genblk2[0].BUFD_TRST/delay_sel[11]
  9.461                        CoreJTAGDebug_TRSTN_C0_0/CoreJTAGDebug_TRSTN_C0_0/genblk2.genblk2[0].BUFD_TRST/bufd_gen[11].BUFD_BLK:A (r)
               +     0.053          cell: ADLIB:CFG1
  9.514                        CoreJTAGDebug_TRSTN_C0_0/CoreJTAGDebug_TRSTN_C0_0/genblk2.genblk2[0].BUFD_TRST/bufd_gen[11].BUFD_BLK:Y (r)
               +     0.056          net: CoreJTAGDebug_TRSTN_C0_0/CoreJTAGDebug_TRSTN_C0_0/genblk2.genblk2[0].BUFD_TRST/delay_sel[12]
  9.570                        CoreJTAGDebug_TRSTN_C0_0/CoreJTAGDebug_TRSTN_C0_0/genblk2.genblk2[0].BUFD_TRST/bufd_gen[12].BUFD_BLK:A (r)
               +     0.053          cell: ADLIB:CFG1
  9.623                        CoreJTAGDebug_TRSTN_C0_0/CoreJTAGDebug_TRSTN_C0_0/genblk2.genblk2[0].BUFD_TRST/bufd_gen[12].BUFD_BLK:Y (r)
               +     0.128          net: CoreJTAGDebug_TRSTN_C0_0/CoreJTAGDebug_TRSTN_C0_0/genblk2.genblk2[0].BUFD_TRST/delay_sel[13]
  9.751                        CoreJTAGDebug_TRSTN_C0_0/CoreJTAGDebug_TRSTN_C0_0/genblk2.genblk2[0].BUFD_TRST/bufd_gen[13].BUFD_BLK:A (r)
               +     0.053          cell: ADLIB:CFG1
  9.804                        CoreJTAGDebug_TRSTN_C0_0/CoreJTAGDebug_TRSTN_C0_0/genblk2.genblk2[0].BUFD_TRST/bufd_gen[13].BUFD_BLK:Y (r)
               +     0.114          net: CoreJTAGDebug_TRSTN_C0_0/CoreJTAGDebug_TRSTN_C0_0/genblk2.genblk2[0].BUFD_TRST/delay_sel[14]
  9.918                        CoreJTAGDebug_TRSTN_C0_0/CoreJTAGDebug_TRSTN_C0_0/genblk2.genblk2[0].BUFD_TRST/bufd_gen[14].BUFD_BLK:A (r)
               +     0.053          cell: ADLIB:CFG1
  9.971                        CoreJTAGDebug_TRSTN_C0_0/CoreJTAGDebug_TRSTN_C0_0/genblk2.genblk2[0].BUFD_TRST/bufd_gen[14].BUFD_BLK:Y (r)
               +     1.613          net: CoreJTAGDebug_TRSTN_C0_0/CoreJTAGDebug_TRSTN_C0_0/genblk2.genblk2[0].BUFD_TRST/delay_sel[15]
  11.584                       CoreJTAGDebug_TRSTN_C0_0/CoreJTAGDebug_TRSTN_C0_0/genblk2.genblk2[0].BUFD_TRST/bufd_gen[15].BUFD_BLK:A (r)
               +     0.090          cell: ADLIB:CFG1
  11.674                       CoreJTAGDebug_TRSTN_C0_0/CoreJTAGDebug_TRSTN_C0_0/genblk2.genblk2[0].BUFD_TRST/bufd_gen[15].BUFD_BLK:Y (r)
               +     0.125          net: CoreJTAGDebug_TRSTN_C0_0/CoreJTAGDebug_TRSTN_C0_0/genblk2.genblk2[0].BUFD_TRST/delay_sel[16]
  11.799                       CoreJTAGDebug_TRSTN_C0_0/CoreJTAGDebug_TRSTN_C0_0/genblk2.genblk2[0].BUFD_TRST/bufd_gen[16].BUFD_BLK:A (r)
               +     0.053          cell: ADLIB:CFG1
  11.852                       CoreJTAGDebug_TRSTN_C0_0/CoreJTAGDebug_TRSTN_C0_0/genblk2.genblk2[0].BUFD_TRST/bufd_gen[16].BUFD_BLK:Y (r)
               +     0.116          net: CoreJTAGDebug_TRSTN_C0_0/CoreJTAGDebug_TRSTN_C0_0/genblk2.genblk2[0].BUFD_TRST/delay_sel[17]
  11.968                       CoreJTAGDebug_TRSTN_C0_0/CoreJTAGDebug_TRSTN_C0_0/genblk2.genblk2[0].BUFD_TRST/bufd_gen[17].BUFD_BLK:A (r)
               +     0.053          cell: ADLIB:CFG1
  12.021                       CoreJTAGDebug_TRSTN_C0_0/CoreJTAGDebug_TRSTN_C0_0/genblk2.genblk2[0].BUFD_TRST/bufd_gen[17].BUFD_BLK:Y (r)
               +     0.111          net: CoreJTAGDebug_TRSTN_C0_0/CoreJTAGDebug_TRSTN_C0_0/genblk2.genblk2[0].BUFD_TRST/delay_sel[18]
  12.132                       CoreJTAGDebug_TRSTN_C0_0/CoreJTAGDebug_TRSTN_C0_0/genblk2.genblk2[0].BUFD_TRST/bufd_gen[18].BUFD_BLK:A (r)
               +     0.053          cell: ADLIB:CFG1
  12.185                       CoreJTAGDebug_TRSTN_C0_0/CoreJTAGDebug_TRSTN_C0_0/genblk2.genblk2[0].BUFD_TRST/bufd_gen[18].BUFD_BLK:Y (r)
               +     0.117          net: CoreJTAGDebug_TRSTN_C0_0/CoreJTAGDebug_TRSTN_C0_0/genblk2.genblk2[0].BUFD_TRST/delay_sel[19]
  12.302                       CoreJTAGDebug_TRSTN_C0_0/CoreJTAGDebug_TRSTN_C0_0/genblk2.genblk2[0].BUFD_TRST/bufd_gen[19].BUFD_BLK:A (r)
               +     0.053          cell: ADLIB:CFG1
  12.355                       CoreJTAGDebug_TRSTN_C0_0/CoreJTAGDebug_TRSTN_C0_0/genblk2.genblk2[0].BUFD_TRST/bufd_gen[19].BUFD_BLK:Y (r)
               +     0.127          net: CoreJTAGDebug_TRSTN_C0_0/CoreJTAGDebug_TRSTN_C0_0/genblk2.genblk2[0].BUFD_TRST/delay_sel[20]
  12.482                       CoreJTAGDebug_TRSTN_C0_0/CoreJTAGDebug_TRSTN_C0_0/genblk2.genblk2[0].BUFD_TRST/bufd_gen[20].BUFD_BLK:A (r)
               +     0.053          cell: ADLIB:CFG1
  12.535                       CoreJTAGDebug_TRSTN_C0_0/CoreJTAGDebug_TRSTN_C0_0/genblk2.genblk2[0].BUFD_TRST/bufd_gen[20].BUFD_BLK:Y (r)
               +     0.125          net: CoreJTAGDebug_TRSTN_C0_0/CoreJTAGDebug_TRSTN_C0_0/genblk2.genblk2[0].BUFD_TRST/delay_sel[21]
  12.660                       CoreJTAGDebug_TRSTN_C0_0/CoreJTAGDebug_TRSTN_C0_0/genblk2.genblk2[0].BUFD_TRST/bufd_gen[21].BUFD_BLK:A (r)
               +     0.053          cell: ADLIB:CFG1
  12.713                       CoreJTAGDebug_TRSTN_C0_0/CoreJTAGDebug_TRSTN_C0_0/genblk2.genblk2[0].BUFD_TRST/bufd_gen[21].BUFD_BLK:Y (r)
               +     0.127          net: CoreJTAGDebug_TRSTN_C0_0/CoreJTAGDebug_TRSTN_C0_0/genblk2.genblk2[0].BUFD_TRST/delay_sel[22]
  12.840                       CoreJTAGDebug_TRSTN_C0_0/CoreJTAGDebug_TRSTN_C0_0/genblk2.genblk2[0].BUFD_TRST/bufd_gen[22].BUFD_BLK:A (r)
               +     0.053          cell: ADLIB:CFG1
  12.893                       CoreJTAGDebug_TRSTN_C0_0/CoreJTAGDebug_TRSTN_C0_0/genblk2.genblk2[0].BUFD_TRST/bufd_gen[22].BUFD_BLK:Y (r)
               +     0.126          net: CoreJTAGDebug_TRSTN_C0_0/CoreJTAGDebug_TRSTN_C0_0/genblk2.genblk2[0].BUFD_TRST/delay_sel[23]
  13.019                       CoreJTAGDebug_TRSTN_C0_0/CoreJTAGDebug_TRSTN_C0_0/genblk2.genblk2[0].BUFD_TRST/bufd_gen[23].BUFD_BLK:A (r)
               +     0.053          cell: ADLIB:CFG1
  13.072                       CoreJTAGDebug_TRSTN_C0_0/CoreJTAGDebug_TRSTN_C0_0/genblk2.genblk2[0].BUFD_TRST/bufd_gen[23].BUFD_BLK:Y (r)
               +     0.126          net: CoreJTAGDebug_TRSTN_C0_0/CoreJTAGDebug_TRSTN_C0_0/genblk2.genblk2[0].BUFD_TRST/delay_sel[24]
  13.198                       CoreJTAGDebug_TRSTN_C0_0/CoreJTAGDebug_TRSTN_C0_0/genblk2.genblk2[0].BUFD_TRST/bufd_gen[24].BUFD_BLK:A (r)
               +     0.053          cell: ADLIB:CFG1
  13.251                       CoreJTAGDebug_TRSTN_C0_0/CoreJTAGDebug_TRSTN_C0_0/genblk2.genblk2[0].BUFD_TRST/bufd_gen[24].BUFD_BLK:Y (r)
               +     0.114          net: CoreJTAGDebug_TRSTN_C0_0/CoreJTAGDebug_TRSTN_C0_0/genblk2.genblk2[0].BUFD_TRST/delay_sel[25]
  13.365                       CoreJTAGDebug_TRSTN_C0_0/CoreJTAGDebug_TRSTN_C0_0/genblk2.genblk2[0].BUFD_TRST/bufd_gen[25].BUFD_BLK:A (r)
               +     0.053          cell: ADLIB:CFG1
  13.418                       CoreJTAGDebug_TRSTN_C0_0/CoreJTAGDebug_TRSTN_C0_0/genblk2.genblk2[0].BUFD_TRST/bufd_gen[25].BUFD_BLK:Y (r)
               +     2.310          net: CoreJTAGDebug_TRSTN_C0_0/CoreJTAGDebug_TRSTN_C0_0/genblk2.genblk2[0].BUFD_TRST/delay_sel[26]
  15.728                       CoreJTAGDebug_TRSTN_C0_0/CoreJTAGDebug_TRSTN_C0_0/genblk2.genblk2[0].BUFD_TRST/bufd_gen[26].BUFD_BLK:A (r)
               +     0.053          cell: ADLIB:CFG1
  15.781                       CoreJTAGDebug_TRSTN_C0_0/CoreJTAGDebug_TRSTN_C0_0/genblk2.genblk2[0].BUFD_TRST/bufd_gen[26].BUFD_BLK:Y (r)
               +     0.112          net: CoreJTAGDebug_TRSTN_C0_0/CoreJTAGDebug_TRSTN_C0_0/genblk2.genblk2[0].BUFD_TRST/delay_sel[27]
  15.893                       CoreJTAGDebug_TRSTN_C0_0/CoreJTAGDebug_TRSTN_C0_0/genblk2.genblk2[0].BUFD_TRST/bufd_gen[27].BUFD_BLK:A (r)
               +     0.053          cell: ADLIB:CFG1
  15.946                       CoreJTAGDebug_TRSTN_C0_0/CoreJTAGDebug_TRSTN_C0_0/genblk2.genblk2[0].BUFD_TRST/bufd_gen[27].BUFD_BLK:Y (r)
               +     0.067          net: CoreJTAGDebug_TRSTN_C0_0/CoreJTAGDebug_TRSTN_C0_0/genblk2.genblk2[0].BUFD_TRST/delay_sel[28]
  16.013                       CoreJTAGDebug_TRSTN_C0_0/CoreJTAGDebug_TRSTN_C0_0/genblk2.genblk2[0].BUFD_TRST/bufd_gen[28].BUFD_BLK:A (r)
               +     0.053          cell: ADLIB:CFG1
  16.066                       CoreJTAGDebug_TRSTN_C0_0/CoreJTAGDebug_TRSTN_C0_0/genblk2.genblk2[0].BUFD_TRST/bufd_gen[28].BUFD_BLK:Y (r)
               +     0.114          net: CoreJTAGDebug_TRSTN_C0_0/CoreJTAGDebug_TRSTN_C0_0/genblk2.genblk2[0].BUFD_TRST/delay_sel[29]
  16.180                       CoreJTAGDebug_TRSTN_C0_0/CoreJTAGDebug_TRSTN_C0_0/genblk2.genblk2[0].BUFD_TRST/bufd_gen[29].BUFD_BLK:A (r)
               +     0.053          cell: ADLIB:CFG1
  16.233                       CoreJTAGDebug_TRSTN_C0_0/CoreJTAGDebug_TRSTN_C0_0/genblk2.genblk2[0].BUFD_TRST/bufd_gen[29].BUFD_BLK:Y (r)
               +     0.112          net: CoreJTAGDebug_TRSTN_C0_0/CoreJTAGDebug_TRSTN_C0_0/genblk2.genblk2[0].BUFD_TRST/delay_sel[30]
  16.345                       CoreJTAGDebug_TRSTN_C0_0/CoreJTAGDebug_TRSTN_C0_0/genblk2.genblk2[0].BUFD_TRST/bufd_gen[30].BUFD_BLK:A (r)
               +     0.053          cell: ADLIB:CFG1
  16.398                       CoreJTAGDebug_TRSTN_C0_0/CoreJTAGDebug_TRSTN_C0_0/genblk2.genblk2[0].BUFD_TRST/bufd_gen[30].BUFD_BLK:Y (r)
               +     0.057          net: CoreJTAGDebug_TRSTN_C0_0/CoreJTAGDebug_TRSTN_C0_0/genblk2.genblk2[0].BUFD_TRST/delay_sel[31]
  16.455                       CoreJTAGDebug_TRSTN_C0_0/CoreJTAGDebug_TRSTN_C0_0/genblk2.genblk2[0].BUFD_TRST/bufd_gen[31].BUFD_BLK:A (r)
               +     0.053          cell: ADLIB:CFG1
  16.508                       CoreJTAGDebug_TRSTN_C0_0/CoreJTAGDebug_TRSTN_C0_0/genblk2.genblk2[0].BUFD_TRST/bufd_gen[31].BUFD_BLK:Y (r)
               +     0.065          net: CoreJTAGDebug_TRSTN_C0_0/CoreJTAGDebug_TRSTN_C0_0/genblk2.genblk2[0].BUFD_TRST/delay_sel[32]
  16.573                       CoreJTAGDebug_TRSTN_C0_0/CoreJTAGDebug_TRSTN_C0_0/genblk2.genblk2[0].BUFD_TRST/bufd_gen[32].BUFD_BLK:A (r)
               +     0.053          cell: ADLIB:CFG1
  16.626                       CoreJTAGDebug_TRSTN_C0_0/CoreJTAGDebug_TRSTN_C0_0/genblk2.genblk2[0].BUFD_TRST/bufd_gen[32].BUFD_BLK:Y (r)
               +     0.126          net: CoreJTAGDebug_TRSTN_C0_0/CoreJTAGDebug_TRSTN_C0_0/genblk2.genblk2[0].BUFD_TRST/delay_sel[33]
  16.752                       CoreJTAGDebug_TRSTN_C0_0/CoreJTAGDebug_TRSTN_C0_0/genblk2.genblk2[0].BUFD_TRST/bufd_gen[33].BUFD_BLK:A (r)
               +     0.053          cell: ADLIB:CFG1
  16.805                       CoreJTAGDebug_TRSTN_C0_0/CoreJTAGDebug_TRSTN_C0_0/genblk2.genblk2[0].BUFD_TRST/bufd_gen[33].BUFD_BLK:Y (r)
               +     0.764          net: CoreJTAGDebug_TRSTN_C0_0_CoreJTAGDebug_TRSTN_C0_0_genblk2_genblk2_0__BUFD_TRST_delay_sel[34]
  17.569                       MIV_RV32_CFG1_C0_0/MIV_RV32_CFG1_C0_0/u_ipcore_0/gen_subsys_debug.u_subsys_debug_unit_0/MIV_subsys_debug_transport_module_jtag_0/ir_and_Instruction_register.gen_ir_and_Instruction_register_active_low.irReg[4]:ALn (r)
                                    
  17.569                       data arrival time
  ________________________________________________________
  Data required time calculation
  83.330                       TCK
               +     0.000          Clock source
  83.330                       TCK (f)
               +     0.000          net: TCK
  83.330                       CoreJTAGDebug_TRSTN_C0_0/CoreJTAGDebug_TRSTN_C0_0/genblk1.genblk1.genblk1.UJTAG_inst:TCK (f)
               +     1.953          cell: ADLIB:UJTAG_SEC
  85.283                       CoreJTAGDebug_TRSTN_C0_0/CoreJTAGDebug_TRSTN_C0_0/genblk1.genblk1.genblk1.UJTAG_inst:UDRCK (f)
               +     0.275          net: CoreJTAGDebug_TRSTN_C0_0/CoreJTAGDebug_TRSTN_C0_0/N_2
  85.558                       CoreJTAGDebug_TRSTN_C0_0/CoreJTAGDebug_TRSTN_C0_0/N_2_inferred_clock_RNIMQNI2_1:A (f)
               +     0.224          cell: ADLIB:ICB_CLKINT
  85.782                       CoreJTAGDebug_TRSTN_C0_0/CoreJTAGDebug_TRSTN_C0_0/N_2_inferred_clock_RNIMQNI2_1:Y (f)
               +     0.122          net: CoreJTAGDebug_TRSTN_C0_0/CoreJTAGDebug_TRSTN_C0_0/N_2_inferred_clock_RNIMQNI2_NET
  85.904                       CoreJTAGDebug_TRSTN_C0_0/CoreJTAGDebug_TRSTN_C0_0/N_2_inferred_clock_RNIMQNI2:A (f)
               +     0.141          cell: ADLIB:GB
  86.045                       CoreJTAGDebug_TRSTN_C0_0/CoreJTAGDebug_TRSTN_C0_0/N_2_inferred_clock_RNIMQNI2:Y (f)
               +     0.357          net: CoreJTAGDebug_TRSTN_C0_0/CoreJTAGDebug_TRSTN_C0_0/N_2_inferred_clock_RNIMQNI2/U0_Y
  86.402                       CoreJTAGDebug_TRSTN_C0_0/CoreJTAGDebug_TRSTN_C0_0/N_2_inferred_clock_RNIMQNI2/U0_RGB1:A (f)
               +     0.054          cell: ADLIB:RGB
  86.456                       CoreJTAGDebug_TRSTN_C0_0/CoreJTAGDebug_TRSTN_C0_0/N_2_inferred_clock_RNIMQNI2/U0_RGB1:Y (r)
               +     0.460          net: CoreJTAGDebug_TRSTN_C0_0/CoreJTAGDebug_TRSTN_C0_0/iUDRCK
  86.916                       CoreJTAGDebug_TRSTN_C0_0/CoreJTAGDebug_TRSTN_C0_0/genblk3.genblk1.UJ_JTAG/un1_DUT_TCK:A (f)
               +     0.132          cell: ADLIB:CFG4
  87.048                       CoreJTAGDebug_TRSTN_C0_0/CoreJTAGDebug_TRSTN_C0_0/genblk3.genblk1.UJ_JTAG/un1_DUT_TCK:Y (r)
               +     1.094          net: CoreJTAGDebug_TRSTN_C0_0/CoreJTAGDebug_TRSTN_C0_0/un1_DUT_TCK
  88.142                       CoreJTAGDebug_TRSTN_C0_0/CoreJTAGDebug_TRSTN_C0_0/genblk3.genblk1.TGT_TCK_GLB:A (r)
               +     0.129          cell: ADLIB:GB
  88.271                       CoreJTAGDebug_TRSTN_C0_0/CoreJTAGDebug_TRSTN_C0_0/genblk3.genblk1.TGT_TCK_GLB:Y (r)
               +     0.366          net: CoreJTAGDebug_TRSTN_C0_0/CoreJTAGDebug_TRSTN_C0_0/genblk3.genblk1.TGT_TCK_GLB/U0_Y
  88.637                       CoreJTAGDebug_TRSTN_C0_0/CoreJTAGDebug_TRSTN_C0_0/genblk3.genblk1.TGT_TCK_GLB/U0_RGB1:A (r)
               +     0.052          cell: ADLIB:RGB
  88.689                       CoreJTAGDebug_TRSTN_C0_0/CoreJTAGDebug_TRSTN_C0_0/genblk3.genblk1.TGT_TCK_GLB/U0_RGB1:Y (f)
               +     0.432          net: CoreJTAGDebug_TRSTN_C0_0/CoreJTAGDebug_TRSTN_C0_0/TGT_TCK_GLB
  89.121                       MIV_RV32_CFG1_C0_0/MIV_RV32_CFG1_C0_0/u_ipcore_0/gen_subsys_debug.u_subsys_debug_unit_0/MIV_subsys_debug_transport_module_jtag_0/ir_and_Instruction_register.gen_ir_and_Instruction_register_active_low.irReg[4]:CLK (r)
               +     0.606          
  89.727                       clock reconvergence pessimism
               -     0.019          
  89.708                       clock jitter
               -     0.196          Library recovery time: ADLIB:SLE
  89.512                       MIV_RV32_CFG1_C0_0/MIV_RV32_CFG1_C0_0/u_ipcore_0/gen_subsys_debug.u_subsys_debug_unit_0/MIV_subsys_debug_transport_module_jtag_0/ir_and_Instruction_register.gen_ir_and_Instruction_register_active_low.irReg[4]:ALn
                                    
  89.512                       data required time


Operating Conditions : slow_lv_ht

END SET Register to Asynchronous

----------------------------------------------------

SET External Recovery

No Path 

END SET External Recovery

----------------------------------------------------

SET Asynchronous to Register

No Path 

END SET Asynchronous to Register

----------------------------------------------------

SET PF_CCC_C0_0/PF_CCC_C0_0/pll_inst_0/OUT0 to TCK

No Path 

END SET PF_CCC_C0_0/PF_CCC_C0_0/pll_inst_0/OUT0 to TCK

----------------------------------------------------

Path set Pin to Pin

SET Input to Output

No Path 

END SET Input to Output

----------------------------------------------------

