Timing Violation Report Min Delay Analysis

SmartTime Version 2025.1
Microchip Technology Inc. - Microchip Libero Software Release 2025.1 (Version 2025.1.0.14)
Date: Wed Jan  7 13:08:47 2026


Design: BaseDesign
Family: PolarFireSoC
Die: MPFS095T
Package: FCSG325
Temperature Range: 0 - 100 C
Voltage Range: 0.97 - 1.03 V
Speed Grade: -1
Design State: Post-Layout
Data source: Production
Multi Corner Report Operating Conditions: slow_lv_lt,fast_hv_lt,slow_lv_ht


Path 1
  From: CORERESET_PF_C0_0/CORERESET_PF_C0_0/dff_2[0]:CLK
  To:   CORERESET_PF_C0_0/CORERESET_PF_C0_0/dff_3[0]:D
  Delay (ns):              0.144
  Slack (ns):              0.068
  Arrival (ns):            2.101
  Required (ns):           2.033
  Operating Conditions: fast_hv_lt

Path 2
  From: CORERESET_PF_C0_0/CORERESET_PF_C0_0/dff_0[0]:CLK
  To:   CORERESET_PF_C0_0/CORERESET_PF_C0_0/dff_1[0]:D
  Delay (ns):              0.156
  Slack (ns):              0.080
  Arrival (ns):            2.113
  Required (ns):           2.033
  Operating Conditions: fast_hv_lt

Path 3
  From: CORERESET_PF_C0_0/CORERESET_PF_C0_0/dff_4[0]:CLK
  To:   CORERESET_PF_C0_0/CORERESET_PF_C0_0/dff_5[0]:D
  Delay (ns):              0.155
  Slack (ns):              0.081
  Arrival (ns):            2.135
  Required (ns):           2.054
  Operating Conditions: fast_hv_lt

Path 4
  From: CORERESET_PF_C0_0/CORERESET_PF_C0_0/dff_8[0]:CLK
  To:   CORERESET_PF_C0_0/CORERESET_PF_C0_0/dff_9[0]:D
  Delay (ns):              0.157
  Slack (ns):              0.083
  Arrival (ns):            2.137
  Required (ns):           2.054
  Operating Conditions: fast_hv_lt

Path 5
  From: MIV_RV32_CFG1_C0_0/MIV_RV32_CFG1_C0_0/u_ipcore_0/gen_subsys_debug.u_subsys_debug_unit_0/debug_resp_fifo/rd_gray_ptr_synch[0]:CLK
  To:   MIV_RV32_CFG1_C0_0/MIV_RV32_CFG1_C0_0/u_ipcore_0/gen_subsys_debug.u_subsys_debug_unit_0/debug_resp_fifo/rd_gray_ptr_in_write[0]:D
  Delay (ns):              0.159
  Slack (ns):              0.084
  Arrival (ns):            2.109
  Required (ns):           2.025
  Operating Conditions: fast_hv_lt

Path 6
  From: MIV_RV32_CFG1_C0_0/MIV_RV32_CFG1_C0_0/u_ipcore_0/gen_subsys_debug.u_subsys_debug_unit_0/debug_resp_fifo/genblk1.rst_synch_reg[1]:CLK
  To:   MIV_RV32_CFG1_C0_0/MIV_RV32_CFG1_C0_0/u_ipcore_0/gen_subsys_debug.u_subsys_debug_unit_0/debug_resp_fifo/genblk1.rst_synch_reg[0]:D
  Delay (ns):              0.160
  Slack (ns):              0.084
  Arrival (ns):            3.303
  Required (ns):           3.219
  Operating Conditions: fast_hv_lt

Path 7
  From: CORERESET_PF_C0_0/CORERESET_PF_C0_0/dff_1[0]:CLK
  To:   CORERESET_PF_C0_0/CORERESET_PF_C0_0/dff_2[0]:D
  Delay (ns):              0.160
  Slack (ns):              0.084
  Arrival (ns):            2.117
  Required (ns):           2.033
  Operating Conditions: fast_hv_lt

Path 8
  From: MIV_RV32_CFG1_C0_0/MIV_RV32_CFG1_C0_0/u_ipcore_0/gen_subsys_debug.u_subsys_debug_unit_0/miv_rv32_debug_du_0/cmderr_ff[0]:CLK
  To:   MIV_RV32_CFG1_C0_0/MIV_RV32_CFG1_C0_0/u_ipcore_0/gen_subsys_debug.u_subsys_debug_unit_0/miv_rv32_debug_du_0/abstractcs_cmderr[0]:D
  Delay (ns):              0.159
  Slack (ns):              0.085
  Arrival (ns):            2.100
  Required (ns):           2.015
  Operating Conditions: fast_hv_lt

Path 9
  From: CORERESET_PF_C0_0/CORERESET_PF_C0_0/dff_6[0]:CLK
  To:   CORERESET_PF_C0_0/CORERESET_PF_C0_0/dff_7[0]:D
  Delay (ns):              0.159
  Slack (ns):              0.085
  Arrival (ns):            2.139
  Required (ns):           2.054
  Operating Conditions: fast_hv_lt

Path 10
  From: MIV_RV32_CFG1_C0_0/MIV_RV32_CFG1_C0_0/u_ipcore_0/gen_subsys_debug.u_subsys_debug_unit_0/miv_rv32_debug_du_0/cmderr_ff[2]:CLK
  To:   MIV_RV32_CFG1_C0_0/MIV_RV32_CFG1_C0_0/u_ipcore_0/gen_subsys_debug.u_subsys_debug_unit_0/miv_rv32_debug_du_0/abstractcs_cmderr[2]:D
  Delay (ns):              0.161
  Slack (ns):              0.087
  Arrival (ns):            2.102
  Required (ns):           2.015
  Operating Conditions: fast_hv_lt

Path 11
  From: CORERESET_PF_C0_0/CORERESET_PF_C0_0/dff_14[0]:CLK
  To:   CORERESET_PF_C0_0/CORERESET_PF_C0_0/dff_15[0]:D
  Delay (ns):              0.161
  Slack (ns):              0.087
  Arrival (ns):            2.141
  Required (ns):           2.054
  Operating Conditions: fast_hv_lt

Path 12
  From: MIV_ESS_C0_0/CoreUARTapb_0/uUART/make_RX/rx_shift[4]:CLK
  To:   MIV_ESS_C0_0/CoreUARTapb_0/uUART/make_RX/rx_shift[3]:D
  Delay (ns):              0.163
  Slack (ns):              0.089
  Arrival (ns):            2.133
  Required (ns):           2.044
  Operating Conditions: fast_hv_lt

Path 13
  From: CORERESET_PF_C0_0/CORERESET_PF_C0_0/dff_10[0]:CLK
  To:   CORERESET_PF_C0_0/CORERESET_PF_C0_0/dff_11[0]:D
  Delay (ns):              0.164
  Slack (ns):              0.090
  Arrival (ns):            2.144
  Required (ns):           2.054
  Operating Conditions: fast_hv_lt

Path 14
  From: MIV_RV32_CFG1_C0_0/MIV_RV32_CFG1_C0_0/u_ipcore_0/gen_subsys_debug.u_subsys_debug_unit_0/debug_req_fifo/rd_gray_ptr_synch[0]:CLK
  To:   MIV_RV32_CFG1_C0_0/MIV_RV32_CFG1_C0_0/u_ipcore_0/gen_subsys_debug.u_subsys_debug_unit_0/debug_req_fifo/rd_gray_ptr_in_write[0]:D
  Delay (ns):              0.164
  Slack (ns):              0.091
  Arrival (ns):            3.513
  Required (ns):           3.422
  Operating Conditions: fast_hv_lt

Path 15
  From: CoreTimer_C1_0/CoreTimer_C1_0/Count[16]:CLK
  To:   CoreTimer_C1_0/CoreTimer_C1_0/iPRDATA[16]:D
  Delay (ns):              0.239
  Slack (ns):              0.095
  Arrival (ns):            2.205
  Required (ns):           2.110
  Operating Conditions: fast_hv_lt

Path 16
  From: CoreTimer_C1_0/CoreTimer_C1_0/Count[5]:CLK
  To:   CoreTimer_C1_0/CoreTimer_C1_0/iPRDATA[5]:D
  Delay (ns):              0.240
  Slack (ns):              0.096
  Arrival (ns):            2.206
  Required (ns):           2.110
  Operating Conditions: fast_hv_lt

Path 17
  From: MIV_RV32_CFG1_C0_0/MIV_RV32_CFG1_C0_0/u_ipcore_0/u_hart_0/u_fetch_unit_0/u_miv_rv32_ifu_iab_0/buff_req_wr_ptr[0]:CLK
  To:   MIV_RV32_CFG1_C0_0/MIV_RV32_CFG1_C0_0/u_ipcore_0/u_hart_0/u_fetch_unit_0/u_miv_rv32_ifu_iab_0/buff_req_wr_ptr[1]:D
  Delay (ns):              0.173
  Slack (ns):              0.099
  Arrival (ns):            2.117
  Required (ns):           2.018
  Operating Conditions: fast_hv_lt

Path 18
  From: MIV_ESS_C0_0/CoreUARTapb_0/uUART/make_RX/samples[1]:CLK
  To:   MIV_ESS_C0_0/CoreUARTapb_0/uUART/make_RX/samples[0]:D
  Delay (ns):              0.172
  Slack (ns):              0.099
  Arrival (ns):            2.122
  Required (ns):           2.023
  Operating Conditions: fast_hv_lt

Path 19
  From: CoreTimer_C1_0/CoreTimer_C1_0/Count[18]:CLK
  To:   CoreTimer_C1_0/CoreTimer_C1_0/iPRDATA[18]:D
  Delay (ns):              0.243
  Slack (ns):              0.099
  Arrival (ns):            2.209
  Required (ns):           2.110
  Operating Conditions: fast_hv_lt

Path 20
  From: MIV_RV32_CFG1_C0_0/MIV_RV32_CFG1_C0_0/u_ipcore_0/u_hart_0/u_fetch_unit_0/u_miv_rv32_ifu_iab_0/buff_req_wr_ptr[0]:CLK
  To:   MIV_RV32_CFG1_C0_0/MIV_RV32_CFG1_C0_0/u_ipcore_0/u_hart_0/u_fetch_unit_0/u_miv_rv32_ifu_iab_0/buff_req_rd_ptr[0]:D
  Delay (ns):              0.173
  Slack (ns):              0.100
  Arrival (ns):            2.117
  Required (ns):           2.017
  Operating Conditions: fast_hv_lt

Path 21
  From: CoreTimer_C1_0/CoreTimer_C1_0/Count[20]:CLK
  To:   CoreTimer_C1_0/CoreTimer_C1_0/iPRDATA[20]:D
  Delay (ns):              0.252
  Slack (ns):              0.108
  Arrival (ns):            2.218
  Required (ns):           2.110
  Operating Conditions: fast_hv_lt

Path 22
  From: MIV_RV32_CFG1_C0_0/MIV_RV32_CFG1_C0_0/u_ipcore_0/gen_subsys_debug.u_subsys_debug_unit_0/miv_rv32_debug_du_0/cmderr_ff[1]:CLK
  To:   MIV_RV32_CFG1_C0_0/MIV_RV32_CFG1_C0_0/u_ipcore_0/gen_subsys_debug.u_subsys_debug_unit_0/miv_rv32_debug_du_0/abstractcs_cmderr[1]:D
  Delay (ns):              0.184
  Slack (ns):              0.111
  Arrival (ns):            2.126
  Required (ns):           2.015
  Operating Conditions: fast_hv_lt

Path 23
  From: MIV_ESS_C0_0/CoreUARTapb_0/uUART/make_RX/rx_shift[3]:CLK
  To:   MIV_ESS_C0_0/CoreUARTapb_0/uUART/make_RX/rx_byte[3]:D
  Delay (ns):              0.205
  Slack (ns):              0.112
  Arrival (ns):            2.175
  Required (ns):           2.063
  Operating Conditions: fast_hv_lt

Path 24
  From: CoreTimer_C1_0/CoreTimer_C1_0/Count[21]:CLK
  To:   CoreTimer_C1_0/CoreTimer_C1_0/iPRDATA[21]:D
  Delay (ns):              0.258
  Slack (ns):              0.114
  Arrival (ns):            2.224
  Required (ns):           2.110
  Operating Conditions: fast_hv_lt

Path 25
  From: MIV_RV32_CFG1_C0_0/MIV_RV32_CFG1_C0_0/u_ipcore_0/gen_subsys_debug.u_subsys_debug_unit_0/miv_rv32_debug_du_0/data_0_reg[5]:CLK
  To:   MIV_RV32_CFG1_C0_0/MIV_RV32_CFG1_C0_0/u_ipcore_0/gen_subsys_debug.u_subsys_debug_unit_0/miv_rv32_debug_du_0/debug_op_wr_data[5]:D
  Delay (ns):              0.260
  Slack (ns):              0.115
  Arrival (ns):            2.215
  Required (ns):           2.100
  Operating Conditions: fast_hv_lt

Path 26
  From: MIV_ESS_C0_0/CoreUARTapb_0/uUART/make_RX/rx_shift[1]:CLK
  To:   MIV_ESS_C0_0/CoreUARTapb_0/uUART/make_RX/rx_byte[1]:D
  Delay (ns):              0.209
  Slack (ns):              0.115
  Arrival (ns):            2.178
  Required (ns):           2.063
  Operating Conditions: fast_hv_lt

Path 27
  From: MIV_RV32_CFG1_C0_0/MIV_RV32_CFG1_C0_0/u_ipcore_0/gen_subsys_debug.u_subsys_debug_unit_0/miv_rv32_debug_du_0/data_0_reg[11]:CLK
  To:   MIV_RV32_CFG1_C0_0/MIV_RV32_CFG1_C0_0/u_ipcore_0/gen_subsys_debug.u_subsys_debug_unit_0/miv_rv32_debug_du_0/debug_op_wr_data[11]:D
  Delay (ns):              0.263
  Slack (ns):              0.116
  Arrival (ns):            2.216
  Required (ns):           2.100
  Operating Conditions: fast_hv_lt

Path 28
  From: MIV_RV32_CFG1_C0_0/MIV_RV32_CFG1_C0_0/u_ipcore_0/gen_subsys_debug.u_subsys_debug_unit_0/debug_req_fifo/rd_gray_ptr_synch[1]:CLK
  To:   MIV_RV32_CFG1_C0_0/MIV_RV32_CFG1_C0_0/u_ipcore_0/gen_subsys_debug.u_subsys_debug_unit_0/debug_req_fifo/rd_gray_ptr_in_write[1]:D
  Delay (ns):              0.190
  Slack (ns):              0.116
  Arrival (ns):            3.539
  Required (ns):           3.423
  Operating Conditions: fast_hv_lt

Path 29
  From: MIV_ESS_C0_0/CoreUARTapb_0/uUART/make_RX/rx_shift[5]:CLK
  To:   MIV_ESS_C0_0/CoreUARTapb_0/uUART/make_RX/rx_byte[5]:D
  Delay (ns):              0.210
  Slack (ns):              0.116
  Arrival (ns):            2.179
  Required (ns):           2.063
  Operating Conditions: fast_hv_lt

Path 30
  From: MIV_RV32_CFG1_C0_0/MIV_RV32_CFG1_C0_0/u_ipcore_0/u_hart_0/u_expipe_0/gen_gpr_ex_attbs_rd_ex.gen_debug_gpr_rd_sel_pipeline.de_ex_pipe_gpr_rs2_rd_sel_ex[3]:CLK
  To:   MIV_RV32_CFG1_C0_0/MIV_RV32_CFG1_C0_0/u_ipcore_0/u_hart_0/u_expipe_0/gen_gpr_ram.u_gpr_0/gpr_rs2_rd_sel_reg[3]:D
  Delay (ns):              0.267
  Slack (ns):              0.117
  Arrival (ns):            2.218
  Required (ns):           2.101
  Operating Conditions: fast_hv_lt

Path 31
  From: CORERESET_PF_C0_0/CORERESET_PF_C0_0/dff_7[0]:CLK
  To:   CORERESET_PF_C0_0/CORERESET_PF_C0_0/dff_8[0]:D
  Delay (ns):              0.191
  Slack (ns):              0.117
  Arrival (ns):            2.171
  Required (ns):           2.054
  Operating Conditions: fast_hv_lt

Path 32
  From: MIV_ESS_C0_0/CoreUARTapb_0/uUART/make_RX/rx_shift[5]:CLK
  To:   MIV_ESS_C0_0/CoreUARTapb_0/uUART/make_RX/rx_shift[4]:D
  Delay (ns):              0.193
  Slack (ns):              0.118
  Arrival (ns):            2.162
  Required (ns):           2.044
  Operating Conditions: fast_hv_lt

Path 33
  From: CORERESET_PF_C0_0/CORERESET_PF_C0_0/dff_13[0]:CLK
  To:   CORERESET_PF_C0_0/CORERESET_PF_C0_0/dff_14[0]:D
  Delay (ns):              0.193
  Slack (ns):              0.119
  Arrival (ns):            2.173
  Required (ns):           2.054
  Operating Conditions: fast_hv_lt

Path 34
  From: MIV_RV32_CFG1_C0_0/MIV_RV32_CFG1_C0_0/u_ipcore_0/gen_subsys_debug.u_subsys_debug_unit_0/miv_rv32_debug_du_0/debug_op_wr_data[17]:CLK
  To:   MIV_RV32_CFG1_C0_0/MIV_RV32_CFG1_C0_0/u_ipcore_0/u_hart_0/u_expipe_0/u_exu_0/exu_result_reg_int[17]:D
  Delay (ns):              0.194
  Slack (ns):              0.120
  Arrival (ns):            2.164
  Required (ns):           2.044
  Operating Conditions: fast_hv_lt

Path 35
  From: MIV_RV32_CFG1_C0_0/MIV_RV32_CFG1_C0_0/u_ipcore_0/gen_subsys_debug.u_subsys_debug_unit_0/miv_rv32_debug_du_0/data_0_reg[10]:CLK
  To:   MIV_RV32_CFG1_C0_0/MIV_RV32_CFG1_C0_0/u_ipcore_0/gen_subsys_debug.u_subsys_debug_unit_0/miv_rv32_debug_du_0/debug_op_wr_data[10]:D
  Delay (ns):              0.265
  Slack (ns):              0.120
  Arrival (ns):            2.220
  Required (ns):           2.100
  Operating Conditions: fast_hv_lt

Path 36
  From: MIV_RV32_CFG1_C0_0/MIV_RV32_CFG1_C0_0/u_ipcore_0/gen_subsys_debug.u_subsys_debug_unit_0/MIV_subsys_debug_transport_module_jtag_0/gen_shift_register_active_high.gen_shift_register_active_low.shiftDR[24]:CLK
  To:   MIV_RV32_CFG1_C0_0/MIV_RV32_CFG1_C0_0/u_ipcore_0/gen_subsys_debug.u_subsys_debug_unit_0/MIV_subsys_debug_transport_module_jtag_0/gen_shift_register_active_high.gen_shift_register_active_low.shiftDR[23]:D
  Delay (ns):              0.196
  Slack (ns):              0.121
  Arrival (ns):            3.343
  Required (ns):           3.222
  Operating Conditions: fast_hv_lt

Path 37
  From: MIV_RV32_CFG1_C0_0/MIV_RV32_CFG1_C0_0/u_ipcore_0/gen_subsys_debug.u_subsys_debug_unit_0/MIV_subsys_debug_transport_module_jtag_0/gen_shift_register_active_high.gen_shift_register_active_low.shiftDR[22]:CLK
  To:   MIV_RV32_CFG1_C0_0/MIV_RV32_CFG1_C0_0/u_ipcore_0/gen_subsys_debug.u_subsys_debug_unit_0/MIV_subsys_debug_transport_module_jtag_0/gen_shift_register_active_high.gen_shift_register_active_low.shiftDR[21]:D
  Delay (ns):              0.196
  Slack (ns):              0.121
  Arrival (ns):            3.343
  Required (ns):           3.222
  Operating Conditions: fast_hv_lt

Path 38
  From: MIV_RV32_CFG1_C0_0/MIV_RV32_CFG1_C0_0/u_ipcore_0/u_hart_0/u_expipe_0/gen_gpr_ram.u_gpr_0/gen_gpr.u_gpr_array_0/mem_xf_1_mem_xf_1_0_0/R_DATA_9_inst:CLK
  To:   MIV_RV32_CFG1_C0_0/MIV_RV32_CFG1_C0_0/u_ipcore_0/gen_subsys_debug.u_subsys_debug_unit_0/miv_rv32_debug_du_0/data_gpr_reg[9]:D
  Delay (ns):              0.195
  Slack (ns):              0.122
  Arrival (ns):            2.176
  Required (ns):           2.054
  Operating Conditions: fast_hv_lt

Path 39
  From: MIV_RV32_CFG1_C0_0/MIV_RV32_CFG1_C0_0/u_ipcore_0/u_hart_0/u_expipe_0/gen_gpr_ex_attbs_rd_ex.gen_debug_gpr_rd_sel_pipeline.de_ex_pipe_gpr_rs2_rd_sel_ex[2]:CLK
  To:   MIV_RV32_CFG1_C0_0/MIV_RV32_CFG1_C0_0/u_ipcore_0/u_hart_0/u_expipe_0/gen_gpr_ram.u_gpr_0/gpr_rs2_rd_sel_reg[2]:D
  Delay (ns):              0.272
  Slack (ns):              0.122
  Arrival (ns):            2.223
  Required (ns):           2.101
  Operating Conditions: fast_hv_lt

Path 40
  From: MIV_RV32_CFG1_C0_0/MIV_RV32_CFG1_C0_0/u_ipcore_0/u_hart_0/u_expipe_0/de_ex_pipe_m_env_call_ex:CLK
  To:   MIV_RV32_CFG1_C0_0/MIV_RV32_CFG1_C0_0/u_ipcore_0/u_hart_0/u_expipe_0/ex_retr_pipe_m_env_call_retr:D
  Delay (ns):              0.196
  Slack (ns):              0.122
  Arrival (ns):            2.158
  Required (ns):           2.036
  Operating Conditions: fast_hv_lt

Path 41
  From: MIV_RV32_CFG1_C0_0/MIV_RV32_CFG1_C0_0/u_ipcore_0/gen_subsys_debug.u_subsys_debug_unit_0/miv_rv32_debug_du_0/debug_op_wr_data[3]:CLK
  To:   MIV_RV32_CFG1_C0_0/MIV_RV32_CFG1_C0_0/u_ipcore_0/u_hart_0/u_expipe_0/u_exu_0/exu_result_reg_int[3]:D
  Delay (ns):              0.196
  Slack (ns):              0.122
  Arrival (ns):            2.173
  Required (ns):           2.051
  Operating Conditions: fast_hv_lt

Path 42
  From: MIV_ESS_C0_0/CoreUARTapb_0/uUART/make_RX/rx_shift[2]:CLK
  To:   MIV_ESS_C0_0/CoreUARTapb_0/uUART/make_RX/rx_shift[1]:D
  Delay (ns):              0.195
  Slack (ns):              0.122
  Arrival (ns):            2.165
  Required (ns):           2.043
  Operating Conditions: fast_hv_lt

Path 43
  From: MIV_RV32_CFG1_C0_0/MIV_RV32_CFG1_C0_0/u_ipcore_0/u_hart_0/u_expipe_0/de_ex_pipe_curr_instr_enc_ex[23]:CLK
  To:   MIV_RV32_CFG1_C0_0/MIV_RV32_CFG1_C0_0/u_ipcore_0/u_hart_0/u_expipe_0/ex_retr_pipe_curr_instr_enc_retr[23]:D
  Delay (ns):              0.218
  Slack (ns):              0.123
  Arrival (ns):            2.170
  Required (ns):           2.047
  Operating Conditions: fast_hv_lt

Path 44
  From: MIV_RV32_CFG1_C0_0/MIV_RV32_CFG1_C0_0/u_ipcore_0/gen_subsys_debug.u_subsys_debug_unit_0/MIV_subsys_debug_transport_module_jtag_0/gen_shift_register_active_high.gen_shift_register_active_low.shiftDMI[36]:CLK
  To:   MIV_RV32_CFG1_C0_0/MIV_RV32_CFG1_C0_0/u_ipcore_0/gen_subsys_debug.u_subsys_debug_unit_0/MIV_subsys_debug_transport_module_jtag_0/gen_shift_register_active_high.gen_shift_register_active_low.shiftDMI[35]:D
  Delay (ns):              0.199
  Slack (ns):              0.123
  Arrival (ns):            3.318
  Required (ns):           3.195
  Operating Conditions: fast_hv_lt

Path 45
  From: MIV_ESS_C0_0/CoreGPIO_0/xhdl1.GEN_BITS_0[1]:CLK
  To:   MIV_ESS_C0_0/CoreGPIO_0/xhdl1.GEN_BITS_1[1]:D
  Delay (ns):              0.196
  Slack (ns):              0.123
  Arrival (ns):            2.145
  Required (ns):           2.022
  Operating Conditions: fast_hv_lt

Path 46
  From: MIV_RV32_CFG1_C0_0/MIV_RV32_CFG1_C0_0/u_ipcore_0/u_hart_0/u_expipe_0/de_ex_pipe_curr_instr_enc_ex[27]:CLK
  To:   MIV_RV32_CFG1_C0_0/MIV_RV32_CFG1_C0_0/u_ipcore_0/u_hart_0/u_expipe_0/ex_retr_pipe_curr_instr_enc_retr[27]:D
  Delay (ns):              0.201
  Slack (ns):              0.124
  Arrival (ns):            2.175
  Required (ns):           2.051
  Operating Conditions: fast_hv_lt

Path 47
  From: MIV_RV32_CFG1_C0_0/MIV_RV32_CFG1_C0_0/u_ipcore_0/gen_subsys_debug.u_subsys_debug_unit_0/debug_req_fifo/genblk1.rst_synch_reg[1]:CLK
  To:   MIV_RV32_CFG1_C0_0/MIV_RV32_CFG1_C0_0/u_ipcore_0/gen_subsys_debug.u_subsys_debug_unit_0/debug_req_fifo/genblk1.rst_synch_reg[0]:D
  Delay (ns):              0.216
  Slack (ns):              0.124
  Arrival (ns):            2.162
  Required (ns):           2.038
  Operating Conditions: fast_hv_lt

Path 48
  From: MIV_RV32_CFG1_C0_0/MIV_RV32_CFG1_C0_0/u_ipcore_0/gen_subsys_debug.u_subsys_debug_unit_0/MIV_subsys_debug_transport_module_jtag_0/gen_shift_register_active_high.gen_shift_register_active_low.shiftDR[30]:CLK
  To:   MIV_RV32_CFG1_C0_0/MIV_RV32_CFG1_C0_0/u_ipcore_0/gen_subsys_debug.u_subsys_debug_unit_0/MIV_subsys_debug_transport_module_jtag_0/gen_shift_register_active_high.gen_shift_register_active_low.shiftDR[29]:D
  Delay (ns):              0.200
  Slack (ns):              0.124
  Arrival (ns):            3.347
  Required (ns):           3.223
  Operating Conditions: fast_hv_lt

Path 49
  From: MIV_RV32_CFG1_C0_0/MIV_RV32_CFG1_C0_0/u_ipcore_0/gen_subsys_debug.u_subsys_debug_unit_0/MIV_subsys_debug_transport_module_jtag_0/gen_shift_register_active_high.gen_shift_register_active_low.shiftDR[29]:CLK
  To:   MIV_RV32_CFG1_C0_0/MIV_RV32_CFG1_C0_0/u_ipcore_0/gen_subsys_debug.u_subsys_debug_unit_0/MIV_subsys_debug_transport_module_jtag_0/gen_shift_register_active_high.gen_shift_register_active_low.shiftDR[28]:D
  Delay (ns):              0.199
  Slack (ns):              0.124
  Arrival (ns):            3.346
  Required (ns):           3.222
  Operating Conditions: fast_hv_lt

Path 50
  From: CORERESET_PF_C0_0/CORERESET_PF_C0_0/dff_11[0]:CLK
  To:   CORERESET_PF_C0_0/CORERESET_PF_C0_0/dff_12[0]:D
  Delay (ns):              0.198
  Slack (ns):              0.124
  Arrival (ns):            2.178
  Required (ns):           2.054
  Operating Conditions: fast_hv_lt

Path 51
  From: MIV_ESS_C0_0/CoreGPIO_0/xhdl1.GEN_BITS_0[0]:CLK
  To:   MIV_ESS_C0_0/CoreGPIO_0/xhdl1.GEN_BITS_1[0]:D
  Delay (ns):              0.198
  Slack (ns):              0.125
  Arrival (ns):            2.147
  Required (ns):           2.022
  Operating Conditions: fast_hv_lt

Path 52
  From: CORERESET_PF_C0_0/CORERESET_PF_C0_0/dff_12[0]:CLK
  To:   CORERESET_PF_C0_0/CORERESET_PF_C0_0/dff_13[0]:D
  Delay (ns):              0.199
  Slack (ns):              0.125
  Arrival (ns):            2.179
  Required (ns):           2.054
  Operating Conditions: fast_hv_lt

Path 53
  From: MIV_RV32_CFG1_C0_0/MIV_RV32_CFG1_C0_0/u_ipcore_0/u_hart_0/u_expipe_0/gen_gpr_ex_attbs_rd_ex.de_ex_pipe_gpr_rs1_rd_sel_ex[4]:CLK
  To:   MIV_RV32_CFG1_C0_0/MIV_RV32_CFG1_C0_0/u_ipcore_0/u_hart_0/u_expipe_0/gen_gpr_ram.u_gpr_0/gpr_rs1_rd_sel_reg[4]:D
  Delay (ns):              0.220
  Slack (ns):              0.126
  Arrival (ns):            2.181
  Required (ns):           2.055
  Operating Conditions: fast_hv_lt

Path 54
  From: MIV_RV32_CFG1_C0_0/MIV_RV32_CFG1_C0_0/u_ipcore_0/gen_subsys_debug.u_subsys_debug_unit_0/miv_rv32_debug_du_0/command_reg[5]:CLK
  To:   MIV_RV32_CFG1_C0_0/MIV_RV32_CFG1_C0_0/u_ipcore_0/gen_subsys_debug.u_subsys_debug_unit_0/miv_rv32_debug_du_0/debug_csr_addr[5]:D
  Delay (ns):              0.203
  Slack (ns):              0.126
  Arrival (ns):            2.172
  Required (ns):           2.046
  Operating Conditions: fast_hv_lt

Path 55
  From: MIV_ESS_C0_0/CoreUARTapb_0/uUART/make_RX/rx_shift[1]:CLK
  To:   MIV_ESS_C0_0/CoreUARTapb_0/uUART/make_RX/rx_shift[0]:D
  Delay (ns):              0.200
  Slack (ns):              0.126
  Arrival (ns):            2.169
  Required (ns):           2.043
  Operating Conditions: fast_hv_lt

Path 56
  From: MIV_RV32_CFG1_C0_0/MIV_RV32_CFG1_C0_0/u_ipcore_0/u_hart_0/u_expipe_0/gen_trig_pipe_reg_de_ex.de_ex_pipe_trigger_ex[0]:CLK
  To:   MIV_RV32_CFG1_C0_0/MIV_RV32_CFG1_C0_0/u_ipcore_0/u_hart_0/u_expipe_0/gen_trig_pipe_reg_ex_retr.ex_retr_pipe_trigger_retr[0]:D
  Delay (ns):              0.211
  Slack (ns):              0.127
  Arrival (ns):            2.173
  Required (ns):           2.046
  Operating Conditions: fast_hv_lt

Path 57
  From: MIV_RV32_CFG1_C0_0/MIV_RV32_CFG1_C0_0/u_ipcore_0/u_hart_0/u_expipe_0/gen_gpr_ex_attbs_rd_ex.gen_debug_gpr_rd_sel_pipeline.de_ex_pipe_gpr_rs2_rd_sel_ex[0]:CLK
  To:   MIV_RV32_CFG1_C0_0/MIV_RV32_CFG1_C0_0/u_ipcore_0/u_hart_0/u_expipe_0/gen_gpr_ram.u_gpr_0/gpr_rs2_rd_sel_reg[0]:D
  Delay (ns):              0.277
  Slack (ns):              0.127
  Arrival (ns):            2.228
  Required (ns):           2.101
  Operating Conditions: fast_hv_lt

Path 58
  From: MIV_ESS_C0_0/CoreUARTapb_0/uUART/make_RX/rx_shift[6]:CLK
  To:   MIV_ESS_C0_0/CoreUARTapb_0/uUART/make_RX/rx_shift[5]:D
  Delay (ns):              0.201
  Slack (ns):              0.127
  Arrival (ns):            2.170
  Required (ns):           2.043
  Operating Conditions: fast_hv_lt

Path 59
  From: CoreTimer_C1_0/CoreTimer_C1_0/Count[4]:CLK
  To:   CoreTimer_C1_0/CoreTimer_C1_0/iPRDATA[4]:D
  Delay (ns):              0.271
  Slack (ns):              0.127
  Arrival (ns):            2.237
  Required (ns):           2.110
  Operating Conditions: fast_hv_lt

Path 60
  From: CORERESET_PF_C0_0/CORERESET_PF_C0_0/dff_5[0]:CLK
  To:   CORERESET_PF_C0_0/CORERESET_PF_C0_0/dff_6[0]:D
  Delay (ns):              0.195
  Slack (ns):              0.127
  Arrival (ns):            2.175
  Required (ns):           2.048
  Operating Conditions: fast_hv_lt

Path 61
  From: MIV_RV32_CFG1_C0_0/MIV_RV32_CFG1_C0_0/u_ipcore_0/u_hart_0/u_expipe_0/u_exu_0/div_divisor[46]:CLK
  To:   MIV_RV32_CFG1_C0_0/MIV_RV32_CFG1_C0_0/u_ipcore_0/u_hart_0/u_expipe_0/u_exu_0/div_divisor[45]:D
  Delay (ns):              0.205
  Slack (ns):              0.128
  Arrival (ns):            2.167
  Required (ns):           2.039
  Operating Conditions: fast_hv_lt

Path 62
  From: MIV_RV32_CFG1_C0_0/MIV_RV32_CFG1_C0_0/u_ipcore_0/gen_subsys_debug.u_subsys_debug_unit_0/MIV_subsys_debug_transport_module_jtag_0/gen_shift_register_active_high.gen_shift_register_active_low.shiftDR[25]:CLK
  To:   MIV_RV32_CFG1_C0_0/MIV_RV32_CFG1_C0_0/u_ipcore_0/gen_subsys_debug.u_subsys_debug_unit_0/MIV_subsys_debug_transport_module_jtag_0/gen_shift_register_active_high.gen_shift_register_active_low.shiftDR[24]:D
  Delay (ns):              0.203
  Slack (ns):              0.128
  Arrival (ns):            3.350
  Required (ns):           3.222
  Operating Conditions: fast_hv_lt

Path 63
  From: MIV_RV32_CFG1_C0_0/MIV_RV32_CFG1_C0_0/u_ipcore_0/gen_subsys_debug.u_subsys_debug_unit_0/MIV_subsys_debug_transport_module_jtag_0/gen_shift_register_active_high.gen_shift_register_active_low.shiftDMI[37]:CLK
  To:   MIV_RV32_CFG1_C0_0/MIV_RV32_CFG1_C0_0/u_ipcore_0/gen_subsys_debug.u_subsys_debug_unit_0/MIV_subsys_debug_transport_module_jtag_0/gen_shift_register_active_high.gen_shift_register_active_low.shiftDMI[36]:D
  Delay (ns):              0.204
  Slack (ns):              0.128
  Arrival (ns):            3.323
  Required (ns):           3.195
  Operating Conditions: fast_hv_lt

Path 64
  From: MIV_RV32_CFG1_C0_0/MIV_RV32_CFG1_C0_0/u_ipcore_0/gen_subsys_debug.u_subsys_debug_unit_0/MIV_subsys_debug_transport_module_jtag_0/gen_shift_register_active_high.gen_shift_register_active_low.shiftDMI[1]:CLK
  To:   MIV_RV32_CFG1_C0_0/MIV_RV32_CFG1_C0_0/u_ipcore_0/gen_subsys_debug.u_subsys_debug_unit_0/MIV_subsys_debug_transport_module_jtag_0/gen_shift_register_active_high.gen_shift_register_active_low.shiftDMI[0]:D
  Delay (ns):              0.204
  Slack (ns):              0.128
  Arrival (ns):            3.335
  Required (ns):           3.207
  Operating Conditions: fast_hv_lt

Path 65
  From: MIV_ESS_C0_0/CoreUARTapb_0/uUART/make_RX/samples[2]:CLK
  To:   MIV_ESS_C0_0/CoreUARTapb_0/uUART/make_RX/samples[1]:D
  Delay (ns):              0.201
  Slack (ns):              0.128
  Arrival (ns):            2.151
  Required (ns):           2.023
  Operating Conditions: fast_hv_lt

Path 66
  From: MIV_RV32_CFG1_C0_0/MIV_RV32_CFG1_C0_0/u_ipcore_0/u_hart_0/u_expipe_0/u_exu_0/div_divisor[27]:CLK
  To:   MIV_RV32_CFG1_C0_0/MIV_RV32_CFG1_C0_0/u_ipcore_0/u_hart_0/u_expipe_0/u_exu_0/div_divisor[26]:D
  Delay (ns):              0.206
  Slack (ns):              0.129
  Arrival (ns):            2.165
  Required (ns):           2.036
  Operating Conditions: fast_hv_lt

Path 67
  From: MIV_RV32_CFG1_C0_0/MIV_RV32_CFG1_C0_0/u_ipcore_0/gen_subsys_debug.u_subsys_debug_unit_0/miv_rv32_debug_du_0/dmcontrol_ndmreset:CLK
  To:   MIV_RV32_CFG1_C0_0/MIV_RV32_CFG1_C0_0/u_ipcore_0/gen_subsys_debug.u_subsys_debug_unit_0/miv_rv32_debug_du_0/havereset_skip_pwrup:D
  Delay (ns):              0.204
  Slack (ns):              0.129
  Arrival (ns):            2.150
  Required (ns):           2.021
  Operating Conditions: fast_hv_lt

Path 68
  From: MIV_RV32_CFG1_C0_0/MIV_RV32_CFG1_C0_0/u_ipcore_0/gen_subsys_debug.u_subsys_debug_unit_0/MIV_subsys_debug_transport_module_jtag_0/gen_shift_register_active_high.gen_shift_register_active_low.shiftDMI[40]:CLK
  To:   MIV_RV32_CFG1_C0_0/MIV_RV32_CFG1_C0_0/u_ipcore_0/gen_subsys_debug.u_subsys_debug_unit_0/MIV_subsys_debug_transport_module_jtag_0/gen_shift_register_active_high.gen_shift_register_active_low.shiftDMI[39]:D
  Delay (ns):              0.205
  Slack (ns):              0.129
  Arrival (ns):            3.324
  Required (ns):           3.195
  Operating Conditions: fast_hv_lt

Path 69
  From: MIV_RV32_CFG1_C0_0/MIV_RV32_CFG1_C0_0/u_ipcore_0/u_hart_0/u_expipe_0/u_exu_0/div_divisor[29]:CLK
  To:   MIV_RV32_CFG1_C0_0/MIV_RV32_CFG1_C0_0/u_ipcore_0/u_hart_0/u_expipe_0/u_exu_0/div_divisor[28]:D
  Delay (ns):              0.207
  Slack (ns):              0.130
  Arrival (ns):            2.166
  Required (ns):           2.036
  Operating Conditions: fast_hv_lt

Path 70
  From: MIV_RV32_CFG1_C0_0/MIV_RV32_CFG1_C0_0/u_ipcore_0/u_hart_0/u_expipe_0/gen_gpr_ex_attbs_rd_ex.gen_debug_gpr_rd_sel_pipeline.de_ex_pipe_gpr_rs2_rd_sel_ex[4]:CLK
  To:   MIV_RV32_CFG1_C0_0/MIV_RV32_CFG1_C0_0/u_ipcore_0/u_hart_0/u_expipe_0/gen_gpr_ram.u_gpr_0/gpr_rs2_rd_sel_reg[4]:D
  Delay (ns):              0.280
  Slack (ns):              0.130
  Arrival (ns):            2.231
  Required (ns):           2.101
  Operating Conditions: fast_hv_lt

Path 71
  From: MIV_ESS_C0_0/CoreUARTapb_0/uUART/make_CLOCK_GEN/genblk1.baud_clock_int:CLK
  To:   MIV_ESS_C0_0/CoreUARTapb_0/uUART/make_CLOCK_GEN/xmit_clock:EN
  Delay (ns):              0.157
  Slack (ns):              0.130
  Arrival (ns):            2.130
  Required (ns):           2.000
  Operating Conditions: fast_hv_lt

Path 72
  From: CORERESET_PF_C0_0/CORERESET_PF_C0_0/dff_9[0]:CLK
  To:   CORERESET_PF_C0_0/CORERESET_PF_C0_0/dff_10[0]:D
  Delay (ns):              0.204
  Slack (ns):              0.130
  Arrival (ns):            2.184
  Required (ns):           2.054
  Operating Conditions: fast_hv_lt

Path 73
  From: MIV_RV32_CFG1_C0_0/MIV_RV32_CFG1_C0_0/u_ipcore_0/u_hart_0/u_expipe_0/gen_gpr_ex_attbs_rd_ex.gen_debug_gpr_rd_sel_pipeline.de_ex_pipe_gpr_rs2_rd_sel_ex[1]:CLK
  To:   MIV_RV32_CFG1_C0_0/MIV_RV32_CFG1_C0_0/u_ipcore_0/u_hart_0/u_expipe_0/gen_gpr_ram.u_gpr_0/gpr_rs2_rd_sel_reg[1]:D
  Delay (ns):              0.281
  Slack (ns):              0.131
  Arrival (ns):            2.232
  Required (ns):           2.101
  Operating Conditions: fast_hv_lt

Path 74
  From: MIV_RV32_CFG1_C0_0/MIV_RV32_CFG1_C0_0/u_ipcore_0/gen_subsys_debug.u_subsys_debug_unit_0/miv_rv32_debug_du_0/command_reg[5]:CLK
  To:   MIV_RV32_CFG1_C0_0/MIV_RV32_CFG1_C0_0/u_ipcore_0/gen_subsys_debug.u_subsys_debug_unit_0/miv_rv32_debug_du_0/debug_gpr_addr[5]:D
  Delay (ns):              0.208
  Slack (ns):              0.131
  Arrival (ns):            2.177
  Required (ns):           2.046
  Operating Conditions: fast_hv_lt

Path 75
  From: MIV_RV32_CFG1_C0_0/MIV_RV32_CFG1_C0_0/u_ipcore_0/gen_subsys_debug.u_subsys_debug_unit_0/MIV_subsys_debug_transport_module_jtag_0/gen_shift_register_active_high.gen_shift_register_active_low.shiftDMI[38]:CLK
  To:   MIV_RV32_CFG1_C0_0/MIV_RV32_CFG1_C0_0/u_ipcore_0/gen_subsys_debug.u_subsys_debug_unit_0/MIV_subsys_debug_transport_module_jtag_0/gen_shift_register_active_high.gen_shift_register_active_low.shiftDMI[37]:D
  Delay (ns):              0.206
  Slack (ns):              0.131
  Arrival (ns):            3.326
  Required (ns):           3.195
  Operating Conditions: fast_hv_lt

Path 76
  From: MIV_ESS_C0_0/CoreUARTapb_0/uUART/make_RX/rx_bit_cnt[2]:CLK
  To:   MIV_ESS_C0_0/CoreUARTapb_0/uUART/make_RX/rx_bit_cnt[2]:D
  Delay (ns):              0.199
  Slack (ns):              0.131
  Arrival (ns):            2.167
  Required (ns):           2.036
  Operating Conditions: fast_hv_lt

Path 77
  From: MIV_RV32_CFG1_C0_0/MIV_RV32_CFG1_C0_0/u_ipcore_0/gen_subsys_debug.u_subsys_debug_unit_0/miv_rv32_debug_du_0/command_reg[11]:CLK
  To:   MIV_RV32_CFG1_C0_0/MIV_RV32_CFG1_C0_0/u_ipcore_0/gen_subsys_debug.u_subsys_debug_unit_0/miv_rv32_debug_du_0/debug_csr_addr[11]:D
  Delay (ns):              0.209
  Slack (ns):              0.132
  Arrival (ns):            2.178
  Required (ns):           2.046
  Operating Conditions: fast_hv_lt

Path 78
  From: MIV_RV32_CFG1_C0_0/MIV_RV32_CFG1_C0_0/u_ipcore_0/u_hart_0/u_expipe_0/u_exu_0/div_divisor[19]:CLK
  To:   MIV_RV32_CFG1_C0_0/MIV_RV32_CFG1_C0_0/u_ipcore_0/u_hart_0/u_expipe_0/u_exu_0/div_divisor[18]:D
  Delay (ns):              0.210
  Slack (ns):              0.133
  Arrival (ns):            2.187
  Required (ns):           2.054
  Operating Conditions: fast_hv_lt

Path 79
  From: MIV_RV32_CFG1_C0_0/MIV_RV32_CFG1_C0_0/u_ipcore_0/gen_tcm0.u_subsys_TCM_0/cpu_d_wr_rd_state_Z[0]:CLK
  To:   MIV_RV32_CFG1_C0_0/MIV_RV32_CFG1_C0_0/u_ipcore_0/gen_tcm0.u_subsys_TCM_0/cpu_d_req_wr_byte_en_int[0]:D
  Delay (ns):              0.223
  Slack (ns):              0.133
  Arrival (ns):            2.170
  Required (ns):           2.037
  Operating Conditions: fast_hv_lt

Path 80
  From: MIV_ESS_C0_0/CoreUARTapb_0/uUART/make_RX/rx_bit_cnt[2]:CLK
  To:   MIV_ESS_C0_0/CoreUARTapb_0/uUART/make_RX/rx_bit_cnt[3]:D
  Delay (ns):              0.207
  Slack (ns):              0.133
  Arrival (ns):            2.175
  Required (ns):           2.042
  Operating Conditions: fast_hv_lt

Path 81
  From: MIV_RV32_CFG1_C0_0/MIV_RV32_CFG1_C0_0/u_ipcore_0/u_hart_0/u_expipe_0/u_exu_0/div_divisor[13]:CLK
  To:   MIV_RV32_CFG1_C0_0/MIV_RV32_CFG1_C0_0/u_ipcore_0/u_hart_0/u_expipe_0/u_exu_0/div_divisor[12]:D
  Delay (ns):              0.211
  Slack (ns):              0.134
  Arrival (ns):            2.188
  Required (ns):           2.054
  Operating Conditions: fast_hv_lt

Path 82
  From: MIV_RV32_CFG1_C0_0/MIV_RV32_CFG1_C0_0/u_ipcore_0/u_hart_0/u_expipe_0/de_ex_pipe_dbreak_ex:CLK
  To:   MIV_RV32_CFG1_C0_0/MIV_RV32_CFG1_C0_0/u_ipcore_0/u_hart_0/u_expipe_0/ex_retr_pipe_dbreak_retr:D
  Delay (ns):              0.208
  Slack (ns):              0.134
  Arrival (ns):            2.170
  Required (ns):           2.036
  Operating Conditions: fast_hv_lt

Path 83
  From: MIV_RV32_CFG1_C0_0/MIV_RV32_CFG1_C0_0/u_ipcore_0/u_hart_0/u_expipe_0/de_ex_pipe_curr_instr_enc_ex[21]:CLK
  To:   MIV_RV32_CFG1_C0_0/MIV_RV32_CFG1_C0_0/u_ipcore_0/u_hart_0/u_expipe_0/ex_retr_pipe_curr_instr_enc_retr[21]:D
  Delay (ns):              0.215
  Slack (ns):              0.134
  Arrival (ns):            2.165
  Required (ns):           2.031
  Operating Conditions: fast_hv_lt

Path 84
  From: MIV_RV32_CFG1_C0_0/MIV_RV32_CFG1_C0_0/u_ipcore_0/gen_subsys_debug.u_subsys_debug_unit_0/miv_rv32_debug_du_0/debug_op_wr_data[28]:CLK
  To:   MIV_RV32_CFG1_C0_0/MIV_RV32_CFG1_C0_0/u_ipcore_0/u_hart_0/u_expipe_0/u_exu_0/exu_result_reg_int[28]:D
  Delay (ns):              0.208
  Slack (ns):              0.134
  Arrival (ns):            2.181
  Required (ns):           2.047
  Operating Conditions: fast_hv_lt

Path 85
  From: MIV_RV32_CFG1_C0_0/MIV_RV32_CFG1_C0_0/u_ipcore_0/gen_subsys_debug.u_subsys_debug_unit_0/miv_rv32_debug_du_0/command_reg[6]:CLK
  To:   MIV_RV32_CFG1_C0_0/MIV_RV32_CFG1_C0_0/u_ipcore_0/gen_subsys_debug.u_subsys_debug_unit_0/miv_rv32_debug_du_0/debug_csr_addr[6]:D
  Delay (ns):              0.208
  Slack (ns):              0.134
  Arrival (ns):            2.166
  Required (ns):           2.032
  Operating Conditions: fast_hv_lt

Path 86
  From: MIV_RV32_CFG1_C0_0/MIV_RV32_CFG1_C0_0/u_ipcore_0/gen_subsys_debug.u_subsys_debug_unit_0/MIV_subsys_debug_transport_module_jtag_0/gen_shift_register_active_high.gen_shift_register_active_low.shiftDMI[39]:CLK
  To:   MIV_RV32_CFG1_C0_0/MIV_RV32_CFG1_C0_0/u_ipcore_0/gen_subsys_debug.u_subsys_debug_unit_0/MIV_subsys_debug_transport_module_jtag_0/gen_shift_register_active_high.gen_shift_register_active_low.shiftDMI[38]:D
  Delay (ns):              0.210
  Slack (ns):              0.134
  Arrival (ns):            3.329
  Required (ns):           3.195
  Operating Conditions: fast_hv_lt

Path 87
  From: MIV_RV32_CFG1_C0_0/MIV_RV32_CFG1_C0_0/u_ipcore_0/gen_subsys_debug.u_subsys_debug_unit_0/MIV_subsys_debug_transport_module_jtag_0/gen_shift_register_active_high.gen_shift_register_active_low.shiftDMI[35]:CLK
  To:   MIV_RV32_CFG1_C0_0/MIV_RV32_CFG1_C0_0/u_ipcore_0/gen_subsys_debug.u_subsys_debug_unit_0/MIV_subsys_debug_transport_module_jtag_0/gen_shift_register_active_high.gen_shift_register_active_low.shiftDMI[34]:D
  Delay (ns):              0.210
  Slack (ns):              0.134
  Arrival (ns):            3.329
  Required (ns):           3.195
  Operating Conditions: fast_hv_lt

Path 88
  From: MIV_ESS_C0_0/CoreUARTapb_0/uUART/make_RX/rx_shift[3]:CLK
  To:   MIV_ESS_C0_0/CoreUARTapb_0/uUART/make_RX/rx_shift[2]:D
  Delay (ns):              0.208
  Slack (ns):              0.134
  Arrival (ns):            2.178
  Required (ns):           2.044
  Operating Conditions: fast_hv_lt

Path 89
  From: MIV_RV32_CFG1_C0_0/MIV_RV32_CFG1_C0_0/u_ipcore_0/u_hart_0/u_expipe_0/u_exu_0/div_divisor[53]:CLK
  To:   MIV_RV32_CFG1_C0_0/MIV_RV32_CFG1_C0_0/u_ipcore_0/u_hart_0/u_expipe_0/u_exu_0/div_divisor[52]:D
  Delay (ns):              0.212
  Slack (ns):              0.135
  Arrival (ns):            2.174
  Required (ns):           2.039
  Operating Conditions: fast_hv_lt

Path 90
  From: MIV_RV32_CFG1_C0_0/MIV_RV32_CFG1_C0_0/u_ipcore_0/gen_subsys_debug.u_subsys_debug_unit_0/miv_rv32_debug_du_0/debug_op_wr_data[16]:CLK
  To:   MIV_RV32_CFG1_C0_0/MIV_RV32_CFG1_C0_0/u_ipcore_0/u_hart_0/u_expipe_0/u_exu_0/exu_result_reg_int[16]:D
  Delay (ns):              0.209
  Slack (ns):              0.135
  Arrival (ns):            2.182
  Required (ns):           2.047
  Operating Conditions: fast_hv_lt

Path 91
  From: MIV_RV32_CFG1_C0_0/MIV_RV32_CFG1_C0_0/u_ipcore_0/gen_apb.u_apb_initiator_0/gen_apb_byte_shim.apb_st[5]:CLK
  To:   MIV_RV32_CFG1_C0_0/MIV_RV32_CFG1_C0_0/u_ipcore_0/gen_apb.u_apb_initiator_0/gen_apb_byte_shim.apb_st[1]:D
  Delay (ns):              0.209
  Slack (ns):              0.135
  Arrival (ns):            2.168
  Required (ns):           2.033
  Operating Conditions: fast_hv_lt

Path 92
  From: CoreTimer_C0_0/CoreTimer_C0_0/Load[28]:CLK
  To:   CoreTimer_C0_0/CoreTimer_C0_0/iPRDATA[28]:D
  Delay (ns):              0.210
  Slack (ns):              0.135
  Arrival (ns):            2.181
  Required (ns):           2.046
  Operating Conditions: fast_hv_lt

Path 93
  From: CoreTimer_C1_0/CoreTimer_C1_0/Load[24]:CLK
  To:   CoreTimer_C1_0/CoreTimer_C1_0/iPRDATA[24]:D
  Delay (ns):              0.210
  Slack (ns):              0.136
  Arrival (ns):            2.168
  Required (ns):           2.032
  Operating Conditions: fast_hv_lt

Path 94
  From: CoreTimer_C0_0/CoreTimer_C0_0/Load[8]:CLK
  To:   CoreTimer_C0_0/CoreTimer_C0_0/iPRDATA[8]:D
  Delay (ns):              0.210
  Slack (ns):              0.136
  Arrival (ns):            2.183
  Required (ns):           2.047
  Operating Conditions: fast_hv_lt

Path 95
  From: CoreTimer_C0_0/CoreTimer_C0_0/Load[23]:CLK
  To:   CoreTimer_C0_0/CoreTimer_C0_0/iPRDATA[23]:D
  Delay (ns):              0.210
  Slack (ns):              0.136
  Arrival (ns):            2.181
  Required (ns):           2.045
  Operating Conditions: fast_hv_lt

Path 96
  From: MIV_RV32_CFG1_C0_0/MIV_RV32_CFG1_C0_0/u_ipcore_0/u_hart_0/u_expipe_0/u_exu_0/div_divisor[31]:CLK
  To:   MIV_RV32_CFG1_C0_0/MIV_RV32_CFG1_C0_0/u_ipcore_0/u_hart_0/u_expipe_0/u_exu_0/div_divisor[30]:D
  Delay (ns):              0.214
  Slack (ns):              0.137
  Arrival (ns):            2.176
  Required (ns):           2.039
  Operating Conditions: fast_hv_lt

Path 97
  From: MIV_RV32_CFG1_C0_0/MIV_RV32_CFG1_C0_0/u_ipcore_0/gen_subsys_debug.u_subsys_debug_unit_0/miv_rv32_debug_du_0/data_0_reg[9]:CLK
  To:   MIV_RV32_CFG1_C0_0/MIV_RV32_CFG1_C0_0/u_ipcore_0/gen_subsys_debug.u_subsys_debug_unit_0/miv_rv32_debug_du_0/debug_op_wr_data[9]:D
  Delay (ns):              0.217
  Slack (ns):              0.137
  Arrival (ns):            2.172
  Required (ns):           2.035
  Operating Conditions: fast_hv_lt

Path 98
  From: MIV_RV32_CFG1_C0_0/MIV_RV32_CFG1_C0_0/u_ipcore_0/gen_subsys_debug.u_subsys_debug_unit_0/debug_resp_fifo/rd_gray_ptr_synch[1]:CLK
  To:   MIV_RV32_CFG1_C0_0/MIV_RV32_CFG1_C0_0/u_ipcore_0/gen_subsys_debug.u_subsys_debug_unit_0/debug_resp_fifo/rd_gray_ptr_in_write[1]:D
  Delay (ns):              0.205
  Slack (ns):              0.137
  Arrival (ns):            2.166
  Required (ns):           2.029
  Operating Conditions: fast_hv_lt

Path 99
  From: CoreTimer_C1_0/CoreTimer_C1_0/Load[20]:CLK
  To:   CoreTimer_C1_0/CoreTimer_C1_0/iPRDATA[20]:D
  Delay (ns):              0.211
  Slack (ns):              0.137
  Arrival (ns):            2.192
  Required (ns):           2.055
  Operating Conditions: fast_hv_lt

Path 100
  From: CoreTimer_C1_0/CoreTimer_C1_0/Load[19]:CLK
  To:   CoreTimer_C1_0/CoreTimer_C1_0/iPRDATA[19]:D
  Delay (ns):              0.212
  Slack (ns):              0.138
  Arrival (ns):            2.193
  Required (ns):           2.055
  Operating Conditions: fast_hv_lt

