{
"Synplify Pro (R) Job Log" : {
	"Date" : "02:48:35    19-Jan-2026",
	"Working Directory" : "C:/polarfire-soc-discovery-kit-reference-design_REPO_N2/MPFS_DISCOVERY_MIV_RV32_CFG1/synthesis",
	"Install" : "C:/Microchip/Libero_SoC_2025.2/Libero_SoC/Synplify_Pro"
},
"synthesis" :{
   "Job Flow" : "Sequential",
   "Start Time" : "02:47:03",
   "Runtime" : "01m:32s",
   "Executable Run Time" : "01m:31s",
   "synthesis" : {
      "Job Flow" : "Sequential",
      "Start Time" : "02:47:03",
      "Runtime" : "01m:32s",
      "Executable Run Time" : "01m:31s",
      "compile" : {
         "Job Flow" : "Sequential",
         "Start Time" : "02:47:03",
         "Runtime" : "57s",
         "Executable Run Time" : "56s",
         "compile_flow" : {
            "Job Flow" : "Sequential",
            "Start Time" : "02:47:03",
            "Runtime" : "52s",
            "Executable Run Time" : "51s",
            "compiler" : {
               "executable" : "bin64/c_hdl.exe",
               "Run Directory" : "C:/polarfire-soc-discovery-kit-reference-design_REPO_N2/MPFS_DISCOVERY_MIV_RV32_CFG1/synthesis",
               "Run State" : "Complete",
               "Return Code" : "0",
               "Run Success" : "yes",
               "Run Start Time" : "02:47:03",
               "Run Time" : "51s",
               "Exe Run Time" : "50s",
               "max_parallel_jobs" : "4",
               "Memory Usage" : "-",
               "Up-to-date (run skipped)" : "no"
            },
            "multi_srs_gen" : {
               "executable" : "bin64/syn_nfilter.exe",
               "Run Directory" : "C:/polarfire-soc-discovery-kit-reference-design_REPO_N2/MPFS_DISCOVERY_MIV_RV32_CFG1/synthesis",
               "Run State" : "Complete",
               "Return Code" : "0",
               "Run Success" : "yes",
               "Run Start Time" : "02:47:54",
               "Run Time" : "01s",
               "Exe Run Time" : "01s",
               "Memory Usage" : "-",
               "Up-to-date (run skipped)" : "no"
            }
         },
         "premap" : {
            "executable" : "bin64/m_generic.exe",
            "Run Directory" : "C:/polarfire-soc-discovery-kit-reference-design_REPO_N2/MPFS_DISCOVERY_MIV_RV32_CFG1/synthesis",
            "Run State" : "Complete",
            "Return Code" : "1",
            "Run Success" : "yes",
            "Run Start Time" : "02:47:55",
            "Run Time" : "05s",
            "Exe Run Time" : "05s",
            "max_parallel_jobs" : "4",
            "Memory Usage" : "-",
            "Up-to-date (run skipped)" : "no"
         }
      },
      "map" : {
         "Job Flow" : "Sequential",
         "Start Time" : "02:48:00",
         "Runtime" : "35s",
         "Executable Run Time" : "35s",
         "fpga_mapper" : {
            "executable" : "bin64/m_generic.exe",
            "Run Directory" : "C:/polarfire-soc-discovery-kit-reference-design_REPO_N2/MPFS_DISCOVERY_MIV_RV32_CFG1/synthesis",
            "Run State" : "Complete",
            "Return Code" : "1",
            "Run Success" : "yes",
            "Run Start Time" : "02:48:00",
            "Run Time" : "35s",
            "Exe Run Time" : "35s",
            "max_parallel_jobs" : "4",
            "Memory Usage" : "-",
            "Up-to-date (run skipped)" : "no"
         }
      }
   }
}
}