Timing Violation Report Min Delay Analysis

SmartTime Version 2025.2
Microchip Technology Inc. - Microchip Libero Software Release 2025.2 (Version 2025.2.0.14)
Date: Sun Jan 18 22:28:09 2026


Design: BaseDesign
Family: PolarFireSoC
Die: MPFS095T
Package: FCSG325
Temperature Range: 0 - 100 C
Voltage Range: 0.97 - 1.03 V
Speed Grade: -1
Design State: Post-Layout
Data source: Production
Multi Corner Report Operating Conditions: slow_lv_lt,fast_hv_lt,slow_lv_ht


Path 1
  From: MIV_RV32_CFG1_C0_0/MIV_RV32_CFG1_C0_0/u_ipcore_0/gen_subsys_debug.u_subsys_debug_unit_0/debug_resp_fifo/rd_gray_ptr_synch[1]:CLK
  To:   MIV_RV32_CFG1_C0_0/MIV_RV32_CFG1_C0_0/u_ipcore_0/gen_subsys_debug.u_subsys_debug_unit_0/debug_resp_fifo/rd_gray_ptr_in_write[1]:D
  Delay (ns):              0.297
  Slack (ns):              0.043
  Arrival (ns):            3.213
  Required (ns):           3.170
  Operating Conditions: slow_lv_lt

Path 2
  From: CORERESET_PF_C0_0/CORERESET_PF_C0_0/dff_11[0]:CLK
  To:   CORERESET_PF_C0_0/CORERESET_PF_C0_0/dff_12[0]:D
  Delay (ns):              0.215
  Slack (ns):              0.066
  Arrival (ns):            3.165
  Required (ns):           3.099
  Operating Conditions: slow_lv_lt

Path 3
  From: MIV_ESS_C0_0/CoreUARTapb_0/uUART/tx_hold_reg[1]:CLK
  To:   MIV_ESS_C0_0/CoreUARTapb_0/uUART/make_TX/tx_byte[1]:D
  Delay (ns):              0.150
  Slack (ns):              0.076
  Arrival (ns):            2.122
  Required (ns):           2.046
  Operating Conditions: fast_hv_lt

Path 4
  From: CORERESET_PF_C0_0/CORERESET_PF_C0_0/dff_2[0]:CLK
  To:   CORERESET_PF_C0_0/CORERESET_PF_C0_0/dff_3[0]:D
  Delay (ns):              0.152
  Slack (ns):              0.078
  Arrival (ns):            2.123
  Required (ns):           2.045
  Operating Conditions: fast_hv_lt

Path 5
  From: CORERESET_PF_C0_0/CORERESET_PF_C0_0/dff_10[0]:CLK
  To:   CORERESET_PF_C0_0/CORERESET_PF_C0_0/dff_11[0]:D
  Delay (ns):              0.157
  Slack (ns):              0.080
  Arrival (ns):            2.136
  Required (ns):           2.056
  Operating Conditions: fast_hv_lt

Path 6
  From: MIV_ESS_C0_0/CoreUARTapb_0/uUART/make_RX/samples_2[0]:CLK
  To:   MIV_ESS_C0_0/CoreUARTapb_0/uUART/make_RX/samples_1[0]:D
  Delay (ns):              0.149
  Slack (ns):              0.082
  Arrival (ns):            2.123
  Required (ns):           2.041
  Operating Conditions: fast_hv_lt

Path 7
  From: MIV_ESS_C0_0/CoreUARTapb_0/uUART/make_RX/rx_shift[1]:CLK
  To:   MIV_ESS_C0_0/CoreUARTapb_0/uUART/make_RX/rx_shift[0]:D
  Delay (ns):              0.159
  Slack (ns):              0.082
  Arrival (ns):            2.139
  Required (ns):           2.057
  Operating Conditions: fast_hv_lt

Path 8
  From: MIV_RV32_CFG1_C0_0/MIV_RV32_CFG1_C0_0/u_ipcore_0/gen_subsys_debug.u_subsys_debug_unit_0/debug_resp_fifo/genblk1.rst_synch_reg[1]:CLK
  To:   MIV_RV32_CFG1_C0_0/MIV_RV32_CFG1_C0_0/u_ipcore_0/gen_subsys_debug.u_subsys_debug_unit_0/debug_resp_fifo/genblk1.rst_synch_reg[0]:D
  Delay (ns):              0.157
  Slack (ns):              0.083
  Arrival (ns):            3.308
  Required (ns):           3.225
  Operating Conditions: fast_hv_lt

Path 9
  From: CORERESET_PF_C0_0/CORERESET_PF_C0_0/dff_14[0]:CLK
  To:   CORERESET_PF_C0_0/CORERESET_PF_C0_0/dff_15[0]:D
  Delay (ns):              0.161
  Slack (ns):              0.083
  Arrival (ns):            2.139
  Required (ns):           2.056
  Operating Conditions: fast_hv_lt

Path 10
  From: MIV_RV32_CFG1_C0_0/MIV_RV32_CFG1_C0_0/u_ipcore_0/u_hart_0/u_expipe_0/de_ex_pipe_curr_instr_enc_ex[0]:CLK
  To:   MIV_RV32_CFG1_C0_0/MIV_RV32_CFG1_C0_0/u_ipcore_0/u_hart_0/u_expipe_0/ex_retr_pipe_curr_instr_enc_retr[0]:D
  Delay (ns):              0.158
  Slack (ns):              0.084
  Arrival (ns):            2.131
  Required (ns):           2.047
  Operating Conditions: fast_hv_lt

Path 11
  From: MIV_ESS_C0_0/MIV_PLIC_0/apb_interface_0/interrupt_enable_wr_data_Z[1]:CLK
  To:   MIV_ESS_C0_0/MIV_PLIC_0/plic_core_ie.genblk1[1].interrupt_enable_register_0/interrupt_enable_reg:D
  Delay (ns):              0.158
  Slack (ns):              0.084
  Arrival (ns):            2.126
  Required (ns):           2.042
  Operating Conditions: fast_hv_lt

Path 12
  From: CORERESET_PF_C0_0/CORERESET_PF_C0_0/dff_6[0]:CLK
  To:   CORERESET_PF_C0_0/CORERESET_PF_C0_0/dff_7[0]:D
  Delay (ns):              0.161
  Slack (ns):              0.084
  Arrival (ns):            2.140
  Required (ns):           2.056
  Operating Conditions: fast_hv_lt

Path 13
  From: MIV_RV32_CFG1_C0_0/MIV_RV32_CFG1_C0_0/u_ipcore_0/gen_subsys_debug.u_subsys_debug_unit_0/debug_req_fifo/genblk1.rst_synch_reg[1]:CLK
  To:   MIV_RV32_CFG1_C0_0/MIV_RV32_CFG1_C0_0/u_ipcore_0/gen_subsys_debug.u_subsys_debug_unit_0/debug_req_fifo/genblk1.rst_synch_reg[0]:D
  Delay (ns):              0.159
  Slack (ns):              0.086
  Arrival (ns):            2.108
  Required (ns):           2.022
  Operating Conditions: fast_hv_lt

Path 14
  From: MIV_RV32_CFG1_C0_0/MIV_RV32_CFG1_C0_0/u_ipcore_0/u_hart_0/u_expipe_0/de_ex_pipe_curr_instr_enc_ex[31]:CLK
  To:   MIV_RV32_CFG1_C0_0/MIV_RV32_CFG1_C0_0/u_ipcore_0/u_hart_0/u_expipe_0/ex_retr_pipe_curr_instr_enc_retr[31]:D
  Delay (ns):              0.161
  Slack (ns):              0.087
  Arrival (ns):            2.116
  Required (ns):           2.029
  Operating Conditions: fast_hv_lt

Path 15
  From: CORERESET_PF_C0_0/CORERESET_PF_C0_0/dff_0[0]:CLK
  To:   CORERESET_PF_C0_0/CORERESET_PF_C0_0/dff_1[0]:D
  Delay (ns):              0.164
  Slack (ns):              0.090
  Arrival (ns):            2.134
  Required (ns):           2.044
  Operating Conditions: fast_hv_lt

Path 16
  From: MIV_ESS_C0_0/CoreGPIO_0/xhdl1.GEN_BITS[3].gpin2[3]:CLK
  To:   MIV_ESS_C0_0/CoreGPIO_0/xhdl1.GEN_BITS[3].gpin3[3]:D
  Delay (ns):              0.166
  Slack (ns):              0.092
  Arrival (ns):            2.136
  Required (ns):           2.044
  Operating Conditions: fast_hv_lt

Path 17
  From: MIV_RV32_CFG1_C0_0/MIV_RV32_CFG1_C0_0/u_ipcore_0/u_hart_0/u_fetch_unit_0/u_miv_rv32_ifu_iab_0/buff_req_wr_ptr_0[0]:CLK
  To:   MIV_RV32_CFG1_C0_0/MIV_RV32_CFG1_C0_0/u_ipcore_0/u_hart_0/u_fetch_unit_0/u_miv_rv32_ifu_iab_0/buff_req_rd_ptr[0]:D
  Delay (ns):              0.175
  Slack (ns):              0.098
  Arrival (ns):            2.126
  Required (ns):           2.028
  Operating Conditions: fast_hv_lt

Path 18
  From: MIV_RV32_CFG1_C0_0/MIV_RV32_CFG1_C0_0/u_ipcore_0/u_hart_0/u_expipe_0/de_ex_pipe_i_access_mem_error_ex:CLK
  To:   MIV_RV32_CFG1_C0_0/MIV_RV32_CFG1_C0_0/u_ipcore_0/u_hart_0/u_expipe_0/ex_retr_pipe_i_access_mem_error_retr:D
  Delay (ns):              0.247
  Slack (ns):              0.098
  Arrival (ns):            2.202
  Required (ns):           2.104
  Operating Conditions: fast_hv_lt

Path 19
  From: MIV_RV32_CFG1_C0_0/MIV_RV32_CFG1_C0_0/u_ipcore_0/u_hart_0/u_fetch_unit_0/u_miv_rv32_ifu_iab_0/buff_req_wr_ptr_0[0]:CLK
  To:   MIV_RV32_CFG1_C0_0/MIV_RV32_CFG1_C0_0/u_ipcore_0/u_hart_0/u_fetch_unit_0/u_miv_rv32_ifu_iab_0/buff_req_wr_ptr_1[0]:D
  Delay (ns):              0.176
  Slack (ns):              0.099
  Arrival (ns):            2.127
  Required (ns):           2.028
  Operating Conditions: fast_hv_lt

Path 20
  From: MIV_ESS_C0_0/CoreUARTapb_0/uUART/make_RX/rx_shift[4]:CLK
  To:   MIV_ESS_C0_0/CoreUARTapb_0/uUART/make_RX/rx_byte[4]:D
  Delay (ns):              0.211
  Slack (ns):              0.104
  Arrival (ns):            2.191
  Required (ns):           2.087
  Operating Conditions: fast_hv_lt

Path 21
  From: MIV_ESS_C0_0/CoreUARTapb_0/uUART/make_RX/rx_shift[4]:CLK
  To:   MIV_ESS_C0_0/CoreUARTapb_0/uUART/make_RX/rx_shift[3]:D
  Delay (ns):              0.212
  Slack (ns):              0.105
  Arrival (ns):            2.192
  Required (ns):           2.087
  Operating Conditions: fast_hv_lt

Path 22
  From: CORERESET_PF_C0_0/CORERESET_PF_C0_0/dff_3[0]:CLK
  To:   CORERESET_PF_C0_0/CORERESET_PF_C0_0/dff_4[0]:D
  Delay (ns):              0.207
  Slack (ns):              0.106
  Arrival (ns):            2.178
  Required (ns):           2.072
  Operating Conditions: fast_hv_lt

Path 23
  From: MIV_RV32_CFG1_C0_0/MIV_RV32_CFG1_C0_0/u_ipcore_0/u_hart_0/u_expipe_0/gen_gpr_ex_attbs_rd_ex.gen_debug_gpr_rd_sel_pipeline.de_ex_pipe_gpr_rs2_rd_sel_ex[3]:CLK
  To:   MIV_RV32_CFG1_C0_0/MIV_RV32_CFG1_C0_0/u_ipcore_0/u_hart_0/u_expipe_0/gen_gpr_ram.u_gpr_0/gpr_rs2_rd_sel_reg[3]:D
  Delay (ns):              0.202
  Slack (ns):              0.112
  Arrival (ns):            2.154
  Required (ns):           2.042
  Operating Conditions: fast_hv_lt

Path 24
  From: sram_test_module_0/st1:CLK
  To:   sram_test_module_0/st_prev:D
  Delay (ns):              0.187
  Slack (ns):              0.113
  Arrival (ns):            2.157
  Required (ns):           2.044
  Operating Conditions: fast_hv_lt

Path 25
  From: MIV_RV32_CFG1_C0_0/MIV_RV32_CFG1_C0_0/u_ipcore_0/u_hart_0/u_expipe_0/de_ex_pipe_curr_instr_enc_ex[28]:CLK
  To:   MIV_RV32_CFG1_C0_0/MIV_RV32_CFG1_C0_0/u_ipcore_0/u_hart_0/u_expipe_0/ex_retr_pipe_curr_instr_enc_retr[28]:D
  Delay (ns):              0.186
  Slack (ns):              0.113
  Arrival (ns):            2.140
  Required (ns):           2.027
  Operating Conditions: fast_hv_lt

Path 26
  From: MIV_ESS_C0_0/CoreUARTapb_0/uUART/tx_hold_reg[7]:CLK
  To:   MIV_ESS_C0_0/CoreUARTapb_0/uUART/make_TX/tx_byte[7]:D
  Delay (ns):              0.200
  Slack (ns):              0.114
  Arrival (ns):            2.174
  Required (ns):           2.060
  Operating Conditions: fast_hv_lt

Path 27
  From: MIV_ESS_C0_0/CoreUARTapb_0/uUART/make_RX/rx_shift[6]:CLK
  To:   MIV_ESS_C0_0/CoreUARTapb_0/uUART/make_RX/rx_byte[6]:D
  Delay (ns):              0.207
  Slack (ns):              0.114
  Arrival (ns):            2.187
  Required (ns):           2.073
  Operating Conditions: fast_hv_lt

Path 28
  From: MIV_RV32_CFG1_C0_0/MIV_RV32_CFG1_C0_0/u_ipcore_0/gen_subsys_debug.u_subsys_debug_unit_0/miv_rv32_debug_du_0/cmderr_ff[0]:CLK
  To:   MIV_RV32_CFG1_C0_0/MIV_RV32_CFG1_C0_0/u_ipcore_0/gen_subsys_debug.u_subsys_debug_unit_0/miv_rv32_debug_du_0/abstractcs_cmderr[0]:D
  Delay (ns):              0.193
  Slack (ns):              0.116
  Arrival (ns):            2.163
  Required (ns):           2.047
  Operating Conditions: fast_hv_lt

Path 29
  From: MIV_ESS_C0_0/CoreUARTapb_0/uUART/make_RX/rx_shift[1]:CLK
  To:   MIV_ESS_C0_0/CoreUARTapb_0/uUART/make_RX/rx_byte[1]:D
  Delay (ns):              0.210
  Slack (ns):              0.117
  Arrival (ns):            2.190
  Required (ns):           2.073
  Operating Conditions: fast_hv_lt

Path 30
  From: MIV_ESS_C0_0/CoreUARTapb_0/uUART/tx_hold_reg[0]:CLK
  To:   MIV_ESS_C0_0/CoreUARTapb_0/uUART/make_TX/tx_byte[0]:D
  Delay (ns):              0.192
  Slack (ns):              0.118
  Arrival (ns):            2.164
  Required (ns):           2.046
  Operating Conditions: fast_hv_lt

Path 31
  From: MIV_ESS_C0_0/CoreUARTapb_0/uUART/make_RX/rx_shift[2]:CLK
  To:   MIV_ESS_C0_0/CoreUARTapb_0/uUART/make_RX/rx_shift[1]:D
  Delay (ns):              0.195
  Slack (ns):              0.118
  Arrival (ns):            2.175
  Required (ns):           2.057
  Operating Conditions: fast_hv_lt

Path 32
  From: CORERESET_PF_C0_0/CORERESET_PF_C0_0/dff_4[0]:CLK
  To:   CORERESET_PF_C0_0/CORERESET_PF_C0_0/dff_5[0]:D
  Delay (ns):              0.195
  Slack (ns):              0.118
  Arrival (ns):            2.174
  Required (ns):           2.056
  Operating Conditions: fast_hv_lt

Path 33
  From: MIV_RV32_CFG1_C0_0/MIV_RV32_CFG1_C0_0/u_ipcore_0/gen_subsys_debug.u_subsys_debug_unit_0/miv_rv32_debug_du_0/cmderr_ff[1]:CLK
  To:   MIV_RV32_CFG1_C0_0/MIV_RV32_CFG1_C0_0/u_ipcore_0/gen_subsys_debug.u_subsys_debug_unit_0/miv_rv32_debug_du_0/abstractcs_cmderr[1]:D
  Delay (ns):              0.196
  Slack (ns):              0.119
  Arrival (ns):            2.166
  Required (ns):           2.047
  Operating Conditions: fast_hv_lt

Path 34
  From: MIV_RV32_CFG1_C0_0/MIV_RV32_CFG1_C0_0/u_ipcore_0/gen_subsys_debug.u_subsys_debug_unit_0/debug_req_fifo/rd_gray_ptr_synch[0]:CLK
  To:   MIV_RV32_CFG1_C0_0/MIV_RV32_CFG1_C0_0/u_ipcore_0/gen_subsys_debug.u_subsys_debug_unit_0/debug_req_fifo/rd_gray_ptr_in_write[0]:D
  Delay (ns):              0.193
  Slack (ns):              0.119
  Arrival (ns):            3.556
  Required (ns):           3.437
  Operating Conditions: fast_hv_lt

Path 35
  From: MIV_ESS_C0_0/MIV_PLIC_0/apb_interface_0/interrupt_enable_wr_data_Z[2]:CLK
  To:   MIV_ESS_C0_0/MIV_PLIC_0/plic_core_ie.genblk1[2].interrupt_enable_register_0/interrupt_enable_reg:D
  Delay (ns):              0.193
  Slack (ns):              0.119
  Arrival (ns):            2.161
  Required (ns):           2.042
  Operating Conditions: fast_hv_lt

Path 36
  From: MIV_ESS_C0_0/CoreUARTapb_0/uUART/make_RX/rx_shift[0]:CLK
  To:   MIV_ESS_C0_0/CoreUARTapb_0/uUART/make_RX/rx_byte[0]:D
  Delay (ns):              0.211
  Slack (ns):              0.119
  Arrival (ns):            2.191
  Required (ns):           2.072
  Operating Conditions: fast_hv_lt

Path 37
  From: CORERESET_PF_C0_0/CORERESET_PF_C0_0/dff_8[0]:CLK
  To:   CORERESET_PF_C0_0/CORERESET_PF_C0_0/dff_9[0]:D
  Delay (ns):              0.196
  Slack (ns):              0.119
  Arrival (ns):            2.175
  Required (ns):           2.056
  Operating Conditions: fast_hv_lt

Path 38
  From: CORERESET_PF_C0_0/CORERESET_PF_C0_0/dff_12[0]:CLK
  To:   CORERESET_PF_C0_0/CORERESET_PF_C0_0/dff_13[0]:D
  Delay (ns):              0.196
  Slack (ns):              0.119
  Arrival (ns):            2.175
  Required (ns):           2.056
  Operating Conditions: fast_hv_lt

Path 39
  From: MIV_RV32_CFG1_C0_0/MIV_RV32_CFG1_C0_0/u_ipcore_0/u_hart_0/u_expipe_0/de_ex_pipe_dbreak_ex:CLK
  To:   MIV_RV32_CFG1_C0_0/MIV_RV32_CFG1_C0_0/u_ipcore_0/u_hart_0/u_expipe_0/ex_retr_pipe_dbreak_retr:D
  Delay (ns):              0.218
  Slack (ns):              0.120
  Arrival (ns):            2.183
  Required (ns):           2.063
  Operating Conditions: fast_hv_lt

Path 40
  From: CORERESET_PF_C0_0/CORERESET_PF_C0_0/dff_1[0]:CLK
  To:   CORERESET_PF_C0_0/CORERESET_PF_C0_0/dff_2[0]:D
  Delay (ns):              0.194
  Slack (ns):              0.120
  Arrival (ns):            2.165
  Required (ns):           2.045
  Operating Conditions: fast_hv_lt

Path 41
  From: MIV_RV32_CFG1_C0_0/MIV_RV32_CFG1_C0_0/u_ipcore_0/gen_subsys_debug.u_subsys_debug_unit_0/debug_resp_fifo/rd_gray_ptr_synch[0]:CLK
  To:   MIV_RV32_CFG1_C0_0/MIV_RV32_CFG1_C0_0/u_ipcore_0/gen_subsys_debug.u_subsys_debug_unit_0/debug_resp_fifo/rd_gray_ptr_in_write[0]:D
  Delay (ns):              0.196
  Slack (ns):              0.122
  Arrival (ns):            2.170
  Required (ns):           2.048
  Operating Conditions: fast_hv_lt

Path 42
  From: CORERESET_PF_C0_0/CORERESET_PF_C0_0/dff_5[0]:CLK
  To:   CORERESET_PF_C0_0/CORERESET_PF_C0_0/dff_6[0]:D
  Delay (ns):              0.199
  Slack (ns):              0.122
  Arrival (ns):            2.178
  Required (ns):           2.056
  Operating Conditions: fast_hv_lt

Path 43
  From: CORERESET_PF_C0_0/CORERESET_PF_C0_0/dff_13[0]:CLK
  To:   CORERESET_PF_C0_0/CORERESET_PF_C0_0/dff_14[0]:D
  Delay (ns):              0.200
  Slack (ns):              0.122
  Arrival (ns):            2.178
  Required (ns):           2.056
  Operating Conditions: fast_hv_lt

Path 44
  From: MIV_RV32_CFG1_C0_0/MIV_RV32_CFG1_C0_0/u_ipcore_0/gen_subsys_debug.u_subsys_debug_unit_0/miv_rv32_debug_du_0/command_reg[0]:CLK
  To:   MIV_RV32_CFG1_C0_0/MIV_RV32_CFG1_C0_0/u_ipcore_0/gen_subsys_debug.u_subsys_debug_unit_0/miv_rv32_debug_du_0/debug_gpr_addr[0]:D
  Delay (ns):              0.197
  Slack (ns):              0.123
  Arrival (ns):            2.151
  Required (ns):           2.028
  Operating Conditions: fast_hv_lt

Path 45
  From: MIV_RV32_CFG1_C0_0/MIV_RV32_CFG1_C0_0/u_ipcore_0/gen_subsys_debug.u_subsys_debug_unit_0/MIV_subsys_debug_transport_module_jtag_0/gen_shift_register_active_high.gen_shift_register_active_low.shiftDR[25]:CLK
  To:   MIV_RV32_CFG1_C0_0/MIV_RV32_CFG1_C0_0/u_ipcore_0/gen_subsys_debug.u_subsys_debug_unit_0/MIV_subsys_debug_transport_module_jtag_0/gen_shift_register_active_high.gen_shift_register_active_low.shiftDR[24]:D
  Delay (ns):              0.202
  Slack (ns):              0.123
  Arrival (ns):            3.352
  Required (ns):           3.229
  Operating Conditions: fast_hv_lt

Path 46
  From: MIV_ESS_C0_0/MIV_PLIC_0/plic_core_ip.genblk1[1].interrupt_pending_register/interrupt_pending_reg[0]:CLK
  To:   MIV_ESS_C0_0/MIV_PLIC_0/interrupt_claim_complete_0/int_priority[1]:D
  Delay (ns):              0.212
  Slack (ns):              0.123
  Arrival (ns):            2.179
  Required (ns):           2.056
  Operating Conditions: fast_hv_lt

Path 47
  From: MIV_RV32_CFG1_C0_0/MIV_RV32_CFG1_C0_0/u_ipcore_0/gen_subsys_debug.u_subsys_debug_unit_0/miv_rv32_debug_du_0/data_0_reg[25]:CLK
  To:   MIV_RV32_CFG1_C0_0/MIV_RV32_CFG1_C0_0/u_ipcore_0/gen_subsys_debug.u_subsys_debug_unit_0/miv_rv32_debug_du_0/debug_op_wr_data[25]:D
  Delay (ns):              0.214
  Slack (ns):              0.124
  Arrival (ns):            2.182
  Required (ns):           2.058
  Operating Conditions: fast_hv_lt

Path 48
  From: MIV_RV32_CFG1_C0_0/MIV_RV32_CFG1_C0_0/u_ipcore_0/u_hart_0/u_expipe_0/u_exu_0/div_divisor[38]:CLK
  To:   MIV_RV32_CFG1_C0_0/MIV_RV32_CFG1_C0_0/u_ipcore_0/u_hart_0/u_expipe_0/u_exu_0/div_divisor[37]:D
  Delay (ns):              0.200
  Slack (ns):              0.126
  Arrival (ns):            2.161
  Required (ns):           2.035
  Operating Conditions: fast_hv_lt

Path 49
  From: MIV_RV32_CFG1_C0_0/MIV_RV32_CFG1_C0_0/u_ipcore_0/gen_subsys_debug.u_subsys_debug_unit_0/miv_rv32_debug_du_0/command_reg[9]:CLK
  To:   MIV_RV32_CFG1_C0_0/MIV_RV32_CFG1_C0_0/u_ipcore_0/gen_subsys_debug.u_subsys_debug_unit_0/miv_rv32_debug_du_0/debug_csr_addr[9]:D
  Delay (ns):              0.203
  Slack (ns):              0.126
  Arrival (ns):            2.162
  Required (ns):           2.036
  Operating Conditions: fast_hv_lt

Path 50
  From: MIV_RV32_CFG1_C0_0/MIV_RV32_CFG1_C0_0/u_ipcore_0/gen_subsys_debug.u_subsys_debug_unit_0/MIV_subsys_debug_transport_module_jtag_0/gen_shift_register_active_high.gen_shift_register_active_low.shiftDMI[27]:CLK
  To:   MIV_RV32_CFG1_C0_0/MIV_RV32_CFG1_C0_0/u_ipcore_0/gen_subsys_debug.u_subsys_debug_unit_0/MIV_subsys_debug_transport_module_jtag_0/gen_shift_register_active_high.gen_shift_register_active_low.shiftDMI[26]:D
  Delay (ns):              0.202
  Slack (ns):              0.126
  Arrival (ns):            3.354
  Required (ns):           3.228
  Operating Conditions: fast_hv_lt

Path 51
  From: MIV_ESS_C0_0/CoreUARTapb_0/uUART/tx_hold_reg[3]:CLK
  To:   MIV_ESS_C0_0/CoreUARTapb_0/uUART/make_TX/tx_byte[3]:D
  Delay (ns):              0.200
  Slack (ns):              0.126
  Arrival (ns):            2.172
  Required (ns):           2.046
  Operating Conditions: fast_hv_lt

Path 52
  From: MIV_ESS_C0_0/CoreUARTapb_0/uUART/make_TX/xmit_state[0]:CLK
  To:   MIV_ESS_C0_0/CoreUARTapb_0/uUART/make_TX/xmit_state[1]:D
  Delay (ns):              0.199
  Slack (ns):              0.126
  Arrival (ns):            2.166
  Required (ns):           2.040
  Operating Conditions: fast_hv_lt

Path 53
  From: CORERESET_PF_C0_0/CORERESET_PF_C0_0/dff_9[0]:CLK
  To:   CORERESET_PF_C0_0/CORERESET_PF_C0_0/dff_10[0]:D
  Delay (ns):              0.203
  Slack (ns):              0.126
  Arrival (ns):            2.182
  Required (ns):           2.056
  Operating Conditions: fast_hv_lt

Path 54
  From: MIV_RV32_CFG1_C0_0/MIV_RV32_CFG1_C0_0/u_ipcore_0/gen_subsys_debug.u_subsys_debug_unit_0/debug_resp_fifo/rd_ptr[0]:CLK
  To:   MIV_RV32_CFG1_C0_0/MIV_RV32_CFG1_C0_0/u_ipcore_0/gen_subsys_debug.u_subsys_debug_unit_0/debug_resp_fifo/rd_gray_ptr[1]:D
  Delay (ns):              0.202
  Slack (ns):              0.127
  Arrival (ns):            3.373
  Required (ns):           3.246
  Operating Conditions: fast_hv_lt

Path 55
  From: MIV_RV32_CFG1_C0_0/MIV_RV32_CFG1_C0_0/u_ipcore_0/u_hart_0/u_fetch_unit_0/u_miv_rv32_ifu_iab_0/buff_req_wr_ptr_1[0]:CLK
  To:   MIV_RV32_CFG1_C0_0/MIV_RV32_CFG1_C0_0/u_ipcore_0/u_hart_0/u_fetch_unit_0/u_miv_rv32_ifu_iab_0/buff_req_rd_ptr[1]:D
  Delay (ns):              0.204
  Slack (ns):              0.128
  Arrival (ns):            2.155
  Required (ns):           2.027
  Operating Conditions: fast_hv_lt

Path 56
  From: MIV_RV32_CFG1_C0_0/MIV_RV32_CFG1_C0_0/u_ipcore_0/u_hart_0/u_expipe_0/u_exu_0/div_divisor[19]:CLK
  To:   MIV_RV32_CFG1_C0_0/MIV_RV32_CFG1_C0_0/u_ipcore_0/u_hart_0/u_expipe_0/u_exu_0/div_divisor[18]:D
  Delay (ns):              0.202
  Slack (ns):              0.128
  Arrival (ns):            2.178
  Required (ns):           2.050
  Operating Conditions: fast_hv_lt

Path 57
  From: MIV_RV32_CFG1_C0_0/MIV_RV32_CFG1_C0_0/u_ipcore_0/u_hart_0/u_expipe_0/de_ex_pipe_m_env_call_ex:CLK
  To:   MIV_RV32_CFG1_C0_0/MIV_RV32_CFG1_C0_0/u_ipcore_0/u_hart_0/u_expipe_0/ex_retr_pipe_m_env_call_retr:D
  Delay (ns):              0.202
  Slack (ns):              0.128
  Arrival (ns):            2.175
  Required (ns):           2.047
  Operating Conditions: fast_hv_lt

Path 58
  From: MIV_RV32_CFG1_C0_0/MIV_RV32_CFG1_C0_0/u_ipcore_0/gen_subsys_debug.u_subsys_debug_unit_0/miv_rv32_debug_du_0/command_reg_state[0]:CLK
  To:   MIV_RV32_CFG1_C0_0/MIV_RV32_CFG1_C0_0/u_ipcore_0/gen_subsys_debug.u_subsys_debug_unit_0/miv_rv32_debug_du_0/command_reg_state[1]:D
  Delay (ns):              0.205
  Slack (ns):              0.128
  Arrival (ns):            2.180
  Required (ns):           2.052
  Operating Conditions: fast_hv_lt

Path 59
  From: MIV_RV32_CFG1_C0_0/MIV_RV32_CFG1_C0_0/u_ipcore_0/gen_subsys_debug.u_subsys_debug_unit_0/MIV_subsys_debug_transport_module_jtag_0/gen_shift_register_active_high.gen_shift_register_active_low.shiftDMI[33]:CLK
  To:   MIV_RV32_CFG1_C0_0/MIV_RV32_CFG1_C0_0/u_ipcore_0/gen_subsys_debug.u_subsys_debug_unit_0/MIV_subsys_debug_transport_module_jtag_0/gen_shift_register_active_high.gen_shift_register_active_low.shiftDMI[32]:D
  Delay (ns):              0.204
  Slack (ns):              0.128
  Arrival (ns):            3.356
  Required (ns):           3.228
  Operating Conditions: fast_hv_lt

Path 60
  From: MIV_RV32_CFG1_C0_0/MIV_RV32_CFG1_C0_0/u_ipcore_0/gen_subsys_debug.u_subsys_debug_unit_0/MIV_subsys_debug_transport_module_jtag_0/gen_shift_register_active_high.gen_shift_register_active_low.shiftDMI[30]:CLK
  To:   MIV_RV32_CFG1_C0_0/MIV_RV32_CFG1_C0_0/u_ipcore_0/gen_subsys_debug.u_subsys_debug_unit_0/MIV_subsys_debug_transport_module_jtag_0/gen_shift_register_active_high.gen_shift_register_active_low.shiftDMI[29]:D
  Delay (ns):              0.204
  Slack (ns):              0.128
  Arrival (ns):            3.356
  Required (ns):           3.228
  Operating Conditions: fast_hv_lt

Path 61
  From: MIV_RV32_CFG1_C0_0/MIV_RV32_CFG1_C0_0/u_ipcore_0/gen_subsys_debug.u_subsys_debug_unit_0/MIV_subsys_debug_transport_module_jtag_0/gen_current_state_register_active_high.gen_current_state_register_active_low.currTapState[11]:CLK
  To:   MIV_RV32_CFG1_C0_0/MIV_RV32_CFG1_C0_0/u_ipcore_0/gen_subsys_debug.u_subsys_debug_unit_0/MIV_subsys_debug_transport_module_jtag_0/gen_current_state_register_active_high.gen_current_state_register_active_low.currTapState[12]:D
  Delay (ns):              0.204
  Slack (ns):              0.128
  Arrival (ns):            3.343
  Required (ns):           3.215
  Operating Conditions: fast_hv_lt

Path 62
  From: MIV_ESS_C0_0/CoreUARTapb_0/uUART/make_RX/samples_1[0]:CLK
  To:   MIV_ESS_C0_0/CoreUARTapb_0/uUART/make_RX/samples_0[0]:D
  Delay (ns):              0.202
  Slack (ns):              0.128
  Arrival (ns):            2.176
  Required (ns):           2.048
  Operating Conditions: fast_hv_lt

Path 63
  From: MIV_RV32_CFG1_C0_0/MIV_RV32_CFG1_C0_0/u_ipcore_0/u_hart_0/u_expipe_0/gen_debug_gpr_ctrl_pipeline.ex_retr_pipe_gpr_wr_sel_retr[3]:CLK
  To:   MIV_RV32_CFG1_C0_0/MIV_RV32_CFG1_C0_0/u_ipcore_0/u_hart_0/u_expipe_0/gen_gpr_ram.u_gpr_0/gpr_wr_sel_reg[3]:D
  Delay (ns):              0.203
  Slack (ns):              0.129
  Arrival (ns):            2.155
  Required (ns):           2.026
  Operating Conditions: fast_hv_lt

Path 64
  From: MIV_RV32_CFG1_C0_0/MIV_RV32_CFG1_C0_0/u_ipcore_0/gen_subsys_debug.u_subsys_debug_unit_0/MIV_subsys_debug_transport_module_jtag_0/gen_shift_register_active_high.gen_shift_register_active_low.shiftDR[29]:CLK
  To:   MIV_RV32_CFG1_C0_0/MIV_RV32_CFG1_C0_0/u_ipcore_0/gen_subsys_debug.u_subsys_debug_unit_0/MIV_subsys_debug_transport_module_jtag_0/gen_shift_register_active_high.gen_shift_register_active_low.shiftDR[28]:D
  Delay (ns):              0.207
  Slack (ns):              0.129
  Arrival (ns):            3.357
  Required (ns):           3.228
  Operating Conditions: fast_hv_lt

Path 65
  From: MIV_RV32_CFG1_C0_0/MIV_RV32_CFG1_C0_0/u_ipcore_0/gen_subsys_debug.u_subsys_debug_unit_0/MIV_subsys_debug_transport_module_jtag_0/gen_shift_register_active_high.gen_shift_register_active_low.shiftDMI[36]:CLK
  To:   MIV_RV32_CFG1_C0_0/MIV_RV32_CFG1_C0_0/u_ipcore_0/gen_subsys_debug.u_subsys_debug_unit_0/MIV_subsys_debug_transport_module_jtag_0/gen_shift_register_active_high.gen_shift_register_active_low.shiftDMI[35]:D
  Delay (ns):              0.205
  Slack (ns):              0.130
  Arrival (ns):            3.358
  Required (ns):           3.228
  Operating Conditions: fast_hv_lt

Path 66
  From: MIV_RV32_CFG1_C0_0/MIV_RV32_CFG1_C0_0/u_ipcore_0/gen_subsys_debug.u_subsys_debug_unit_0/MIV_subsys_debug_transport_module_jtag_0/gen_shift_register_active_high.gen_shift_register_active_low.shiftDMI[31]:CLK
  To:   MIV_RV32_CFG1_C0_0/MIV_RV32_CFG1_C0_0/u_ipcore_0/gen_subsys_debug.u_subsys_debug_unit_0/MIV_subsys_debug_transport_module_jtag_0/gen_shift_register_active_high.gen_shift_register_active_low.shiftDMI[30]:D
  Delay (ns):              0.206
  Slack (ns):              0.130
  Arrival (ns):            3.358
  Required (ns):           3.228
  Operating Conditions: fast_hv_lt

Path 67
  From: sram_test_module_0/st0:CLK
  To:   sram_test_module_0/st1:D
  Delay (ns):              0.205
  Slack (ns):              0.131
  Arrival (ns):            2.175
  Required (ns):           2.044
  Operating Conditions: fast_hv_lt

Path 68
  From: MIV_RV32_CFG1_C0_0/MIV_RV32_CFG1_C0_0/u_ipcore_0/u_hart_0/u_expipe_0/u_exu_0/div_divisor[9]:CLK
  To:   MIV_RV32_CFG1_C0_0/MIV_RV32_CFG1_C0_0/u_ipcore_0/u_hart_0/u_expipe_0/u_exu_0/div_divisor[8]:D
  Delay (ns):              0.205
  Slack (ns):              0.131
  Arrival (ns):            2.179
  Required (ns):           2.048
  Operating Conditions: fast_hv_lt

Path 69
  From: MIV_RV32_CFG1_C0_0/MIV_RV32_CFG1_C0_0/u_ipcore_0/u_hart_0/u_expipe_0/gen_gpr_ex_attbs_rd_ex.gen_debug_gpr_rd_sel_pipeline.de_ex_pipe_gpr_rs2_rd_sel_ex[5]:CLK
  To:   MIV_RV32_CFG1_C0_0/MIV_RV32_CFG1_C0_0/u_ipcore_0/u_hart_0/u_expipe_0/gen_gpr_ram.u_gpr_0/gpr_rs2_rd_sel_reg[5]:D
  Delay (ns):              0.221
  Slack (ns):              0.131
  Arrival (ns):            2.173
  Required (ns):           2.042
  Operating Conditions: fast_hv_lt

Path 70
  From: MIV_RV32_CFG1_C0_0/MIV_RV32_CFG1_C0_0/u_ipcore_0/gen_subsys_debug.u_subsys_debug_unit_0/MIV_subsys_debug_transport_module_jtag_0/gen_shift_register_active_high.gen_shift_register_active_low.shiftDR[30]:CLK
  To:   MIV_RV32_CFG1_C0_0/MIV_RV32_CFG1_C0_0/u_ipcore_0/gen_subsys_debug.u_subsys_debug_unit_0/MIV_subsys_debug_transport_module_jtag_0/gen_shift_register_active_high.gen_shift_register_active_low.shiftDR[29]:D
  Delay (ns):              0.210
  Slack (ns):              0.131
  Arrival (ns):            3.360
  Required (ns):           3.229
  Operating Conditions: fast_hv_lt

Path 71
  From: MIV_ESS_C0_0/MIV_PLIC_0/plic_core_ip.genblk1[1].interrupt_pending_register/interrupt_pending_reg[0]:CLK
  To:   MIV_ESS_C0_0/MIV_PLIC_0/interrupt_claim_complete_0/int_priority[2]:D
  Delay (ns):              0.205
  Slack (ns):              0.131
  Arrival (ns):            2.172
  Required (ns):           2.041
  Operating Conditions: fast_hv_lt

Path 72
  From: MIV_ESS_C0_0/MIV_PLIC_0/interrupt_claim_complete_0/plic_irq_id_1[0]:CLK
  To:   MIV_ESS_C0_0/MIV_PLIC_0/apb_interface_0/TARGET_PRDATA[0]:D
  Delay (ns):              0.205
  Slack (ns):              0.131
  Arrival (ns):            2.173
  Required (ns):           2.042
  Operating Conditions: fast_hv_lt

Path 73
  From: MIV_ESS_C0_0/MIV_PLIC_0/interrupt_claim_complete_0/plic_interrupt_complete_generation.genblk1[2].interrupt_complete_data[2]:CLK
  To:   MIV_ESS_C0_0/MIV_PLIC_0/plic_core_ip.genblk1[2].interrupt_pending_register/interrupt_pending_reg[0]:D
  Delay (ns):              0.204
  Slack (ns):              0.131
  Arrival (ns):            2.171
  Required (ns):           2.040
  Operating Conditions: fast_hv_lt

Path 74
  From: MIV_RV32_CFG1_C0_0/MIV_RV32_CFG1_C0_0/u_ipcore_0/u_subsys_interconnect_0/u_subsys_regs/u_subsys_hart_soft_reset_reg/gen_bit_reset.state_val[0]:CLK
  To:   MIV_RV32_CFG1_C0_0/MIV_RV32_CFG1_C0_0/u_ipcore_0/u_subsys_interconnect_0/u_subsys_regs/toggle_hart_soft_reset:D
  Delay (ns):              0.205
  Slack (ns):              0.132
  Arrival (ns):            2.171
  Required (ns):           2.039
  Operating Conditions: fast_hv_lt

Path 75
  From: MIV_RV32_CFG1_C0_0/MIV_RV32_CFG1_C0_0/u_ipcore_0/u_hart_0/u_expipe_0/u_exu_0/div_divisor[8]:CLK
  To:   MIV_RV32_CFG1_C0_0/MIV_RV32_CFG1_C0_0/u_ipcore_0/u_hart_0/u_expipe_0/u_exu_0/div_divisor[7]:D
  Delay (ns):              0.206
  Slack (ns):              0.132
  Arrival (ns):            2.180
  Required (ns):           2.048
  Operating Conditions: fast_hv_lt

Path 76
  From: MIV_RV32_CFG1_C0_0/MIV_RV32_CFG1_C0_0/u_ipcore_0/u_hart_0/u_expipe_0/gen_gpr_ex_attbs_rd_ex.gen_debug_gpr_rd_sel_pipeline.de_ex_pipe_gpr_rs2_rd_sel_ex[2]:CLK
  To:   MIV_RV32_CFG1_C0_0/MIV_RV32_CFG1_C0_0/u_ipcore_0/u_hart_0/u_expipe_0/gen_gpr_ram.u_gpr_0/gpr_rs2_rd_sel_reg[2]:D
  Delay (ns):              0.222
  Slack (ns):              0.132
  Arrival (ns):            2.174
  Required (ns):           2.042
  Operating Conditions: fast_hv_lt

Path 77
  From: MIV_ESS_C0_0/CoreUARTapb_0/uUART/make_RX/rx_bit_cnt[2]:CLK
  To:   MIV_ESS_C0_0/CoreUARTapb_0/uUART/make_RX/rx_bit_cnt[3]:D
  Delay (ns):              0.206
  Slack (ns):              0.132
  Arrival (ns):            2.185
  Required (ns):           2.053
  Operating Conditions: fast_hv_lt

Path 78
  From: MIV_RV32_CFG1_C0_0/MIV_RV32_CFG1_C0_0/u_ipcore_0/u_hart_0/u_expipe_0/u_exu_0/div_divisor[5]:CLK
  To:   MIV_RV32_CFG1_C0_0/MIV_RV32_CFG1_C0_0/u_ipcore_0/u_hart_0/u_expipe_0/u_exu_0/div_divisor[4]:D
  Delay (ns):              0.207
  Slack (ns):              0.133
  Arrival (ns):            2.181
  Required (ns):           2.048
  Operating Conditions: fast_hv_lt

Path 79
  From: MIV_RV32_CFG1_C0_0/MIV_RV32_CFG1_C0_0/u_ipcore_0/u_hart_0/u_expipe_0/u_exu_0/div_divisor[40]:CLK
  To:   MIV_RV32_CFG1_C0_0/MIV_RV32_CFG1_C0_0/u_ipcore_0/u_hart_0/u_expipe_0/u_exu_0/div_divisor[39]:D
  Delay (ns):              0.207
  Slack (ns):              0.133
  Arrival (ns):            2.168
  Required (ns):           2.035
  Operating Conditions: fast_hv_lt

Path 80
  From: MIV_RV32_CFG1_C0_0/MIV_RV32_CFG1_C0_0/u_ipcore_0/gen_subsys_debug.u_subsys_debug_unit_0/miv_rv32_debug_du_0/command_reg[2]:CLK
  To:   MIV_RV32_CFG1_C0_0/MIV_RV32_CFG1_C0_0/u_ipcore_0/gen_subsys_debug.u_subsys_debug_unit_0/miv_rv32_debug_du_0/debug_csr_addr[2]:D
  Delay (ns):              0.207
  Slack (ns):              0.133
  Arrival (ns):            2.170
  Required (ns):           2.037
  Operating Conditions: fast_hv_lt

Path 81
  From: MIV_ESS_C0_0/CoreUARTapb_0/uUART/tx_hold_reg[2]:CLK
  To:   MIV_ESS_C0_0/CoreUARTapb_0/uUART/make_TX/tx_byte[2]:D
  Delay (ns):              0.207
  Slack (ns):              0.133
  Arrival (ns):            2.179
  Required (ns):           2.046
  Operating Conditions: fast_hv_lt

Path 82
  From: MIV_ESS_C0_0/CoreGPIO_0/xhdl1.GEN_BITS[2].gpin2[2]:CLK
  To:   MIV_ESS_C0_0/CoreGPIO_0/xhdl1.GEN_BITS[2].gpin3[2]:D
  Delay (ns):              0.207
  Slack (ns):              0.133
  Arrival (ns):            2.177
  Required (ns):           2.044
  Operating Conditions: fast_hv_lt

Path 83
  From: MIV_RV32_CFG1_C0_0/MIV_RV32_CFG1_C0_0/u_ipcore_0/u_hart_0/u_expipe_0/u_exu_0/div_divisor[7]:CLK
  To:   MIV_RV32_CFG1_C0_0/MIV_RV32_CFG1_C0_0/u_ipcore_0/u_hart_0/u_expipe_0/u_exu_0/div_divisor[6]:D
  Delay (ns):              0.208
  Slack (ns):              0.134
  Arrival (ns):            2.182
  Required (ns):           2.048
  Operating Conditions: fast_hv_lt

Path 84
  From: MIV_RV32_CFG1_C0_0/MIV_RV32_CFG1_C0_0/u_ipcore_0/u_hart_0/u_expipe_0/gen_gpr_ex_attbs_rd_ex.gen_debug_gpr_rd_sel_pipeline.de_ex_pipe_gpr_rs2_rd_sel_ex[1]:CLK
  To:   MIV_RV32_CFG1_C0_0/MIV_RV32_CFG1_C0_0/u_ipcore_0/u_hart_0/u_expipe_0/gen_gpr_ram.u_gpr_0/gpr_rs2_rd_sel_reg[1]:D
  Delay (ns):              0.224
  Slack (ns):              0.134
  Arrival (ns):            2.176
  Required (ns):           2.042
  Operating Conditions: fast_hv_lt

Path 85
  From: MIV_RV32_CFG1_C0_0/MIV_RV32_CFG1_C0_0/u_ipcore_0/gen_subsys_debug.u_subsys_debug_unit_0/MIV_subsys_debug_transport_module_jtag_0/gen_shift_register_active_high.gen_shift_register_active_low.shiftDMI[39]:CLK
  To:   MIV_RV32_CFG1_C0_0/MIV_RV32_CFG1_C0_0/u_ipcore_0/gen_subsys_debug.u_subsys_debug_unit_0/MIV_subsys_debug_transport_module_jtag_0/gen_shift_register_active_high.gen_shift_register_active_low.shiftDMI[38]:D
  Delay (ns):              0.213
  Slack (ns):              0.134
  Arrival (ns):            3.363
  Required (ns):           3.229
  Operating Conditions: fast_hv_lt

Path 86
  From: MIV_RV32_CFG1_C0_0/MIV_RV32_CFG1_C0_0/u_ipcore_0/gen_subsys_debug.u_subsys_debug_unit_0/MIV_subsys_debug_transport_module_jtag_0/gen_shift_register_active_high.gen_shift_register_active_low.shiftDMI[1]:CLK
  To:   MIV_RV32_CFG1_C0_0/MIV_RV32_CFG1_C0_0/u_ipcore_0/gen_subsys_debug.u_subsys_debug_unit_0/MIV_subsys_debug_transport_module_jtag_0/gen_shift_register_active_high.gen_shift_register_active_low.shiftDMI[0]:D
  Delay (ns):              0.209
  Slack (ns):              0.134
  Arrival (ns):            3.381
  Required (ns):           3.247
  Operating Conditions: fast_hv_lt

Path 87
  From: MIV_RV32_CFG1_C0_0/MIV_RV32_CFG1_C0_0/u_ipcore_0/gen_subsys_debug.u_subsys_debug_unit_0/miv_rv32_debug_du_0/miv_rv32_debug_sba_0/counter[0]:CLK
  To:   MIV_RV32_CFG1_C0_0/MIV_RV32_CFG1_C0_0/u_ipcore_0/gen_subsys_debug.u_subsys_debug_unit_0/miv_rv32_debug_du_0/miv_rv32_debug_sba_0/counter[0]:D
  Delay (ns):              0.203
  Slack (ns):              0.135
  Arrival (ns):            2.168
  Required (ns):           2.033
  Operating Conditions: fast_hv_lt

Path 88
  From: MIV_RV32_CFG1_C0_0/MIV_RV32_CFG1_C0_0/u_ipcore_0/gen_subsys_debug.u_subsys_debug_unit_0/miv_rv32_debug_du_0/debug_op_wr_data[17]:CLK
  To:   MIV_RV32_CFG1_C0_0/MIV_RV32_CFG1_C0_0/u_ipcore_0/u_hart_0/u_expipe_0/u_exu_0/exu_result_reg_int[17]:D
  Delay (ns):              0.209
  Slack (ns):              0.135
  Arrival (ns):            2.156
  Required (ns):           2.021
  Operating Conditions: fast_hv_lt

Path 89
  From: MIV_RV32_CFG1_C0_0/MIV_RV32_CFG1_C0_0/u_ipcore_0/gen_subsys_debug.u_subsys_debug_unit_0/miv_rv32_debug_du_0/command_reg_state[0]:CLK
  To:   MIV_RV32_CFG1_C0_0/MIV_RV32_CFG1_C0_0/u_ipcore_0/gen_subsys_debug.u_subsys_debug_unit_0/miv_rv32_debug_du_0/command_reg_state[2]:D
  Delay (ns):              0.212
  Slack (ns):              0.135
  Arrival (ns):            2.187
  Required (ns):           2.052
  Operating Conditions: fast_hv_lt

Path 90
  From: MIV_RV32_CFG1_C0_0/MIV_RV32_CFG1_C0_0/u_ipcore_0/u_hart_0/u_expipe_0/u_exu_0/div_divisor[54]:CLK
  To:   MIV_RV32_CFG1_C0_0/MIV_RV32_CFG1_C0_0/u_ipcore_0/u_hart_0/u_expipe_0/u_exu_0/div_divisor[53]:D
  Delay (ns):              0.210
  Slack (ns):              0.136
  Arrival (ns):            2.169
  Required (ns):           2.033
  Operating Conditions: fast_hv_lt

Path 91
  From: MIV_RV32_CFG1_C0_0/MIV_RV32_CFG1_C0_0/u_ipcore_0/u_hart_0/u_expipe_0/u_exu_0/div_divisor[46]:CLK
  To:   MIV_RV32_CFG1_C0_0/MIV_RV32_CFG1_C0_0/u_ipcore_0/u_hart_0/u_expipe_0/u_exu_0/div_divisor[45]:D
  Delay (ns):              0.210
  Slack (ns):              0.136
  Arrival (ns):            2.171
  Required (ns):           2.035
  Operating Conditions: fast_hv_lt

Path 92
  From: MIV_RV32_CFG1_C0_0/MIV_RV32_CFG1_C0_0/u_ipcore_0/u_hart_0/u_expipe_0/u_exu_0/div_divisor[37]:CLK
  To:   MIV_RV32_CFG1_C0_0/MIV_RV32_CFG1_C0_0/u_ipcore_0/u_hart_0/u_expipe_0/u_exu_0/div_divisor[36]:D
  Delay (ns):              0.210
  Slack (ns):              0.136
  Arrival (ns):            2.171
  Required (ns):           2.035
  Operating Conditions: fast_hv_lt

Path 93
  From: MIV_RV32_CFG1_C0_0/MIV_RV32_CFG1_C0_0/u_ipcore_0/u_hart_0/u_expipe_0/u_exu_0/div_divisor[22]:CLK
  To:   MIV_RV32_CFG1_C0_0/MIV_RV32_CFG1_C0_0/u_ipcore_0/u_hart_0/u_expipe_0/u_exu_0/div_divisor[21]:D
  Delay (ns):              0.210
  Slack (ns):              0.136
  Arrival (ns):            2.186
  Required (ns):           2.050
  Operating Conditions: fast_hv_lt

Path 94
  From: MIV_ESS_C0_0/MIV_PLIC_0/plic_core_ip.genblk1[1].interrupt_pending_register/interrupt_pending_reg[0]:CLK
  To:   MIV_ESS_C0_0/MIV_PLIC_0/plic_core_ip.genblk1[1].interrupt_pending_register/interrupt_pending_reg[0]:D
  Delay (ns):              0.204
  Slack (ns):              0.136
  Arrival (ns):            2.171
  Required (ns):           2.035
  Operating Conditions: fast_hv_lt

Path 95
  From: MIV_RV32_CFG1_C0_0/MIV_RV32_CFG1_C0_0/u_ipcore_0/u_hart_0/u_expipe_0/u_exu_0/div_divisor[1]:CLK
  To:   MIV_RV32_CFG1_C0_0/MIV_RV32_CFG1_C0_0/u_ipcore_0/u_hart_0/u_expipe_0/u_exu_0/div_divisor[0]:D
  Delay (ns):              0.211
  Slack (ns):              0.137
  Arrival (ns):            2.185
  Required (ns):           2.048
  Operating Conditions: fast_hv_lt

Path 96
  From: CoreTimer_C0_0/CoreTimer_C0_0/Load[9]:CLK
  To:   CoreTimer_C0_0/CoreTimer_C0_0/iPRDATA[9]:D
  Delay (ns):              0.214
  Slack (ns):              0.137
  Arrival (ns):            2.195
  Required (ns):           2.058
  Operating Conditions: fast_hv_lt

Path 97
  From: MIV_RV32_CFG1_C0_0/MIV_RV32_CFG1_C0_0/u_ipcore_0/gen_subsys_debug.u_subsys_debug_unit_0/miv_rv32_debug_du_0/debug_op_wr_data[29]:CLK
  To:   MIV_RV32_CFG1_C0_0/MIV_RV32_CFG1_C0_0/u_ipcore_0/u_hart_0/u_expipe_0/u_exu_0/exu_result_reg_int[29]:D
  Delay (ns):              0.212
  Slack (ns):              0.138
  Arrival (ns):            2.163
  Required (ns):           2.025
  Operating Conditions: fast_hv_lt

Path 98
  From: MIV_RV32_CFG1_C0_0/MIV_RV32_CFG1_C0_0/u_ipcore_0/gen_subsys_debug.u_subsys_debug_unit_0/debug_resp_fifo/rd_ptr[0]:CLK
  To:   MIV_RV32_CFG1_C0_0/MIV_RV32_CFG1_C0_0/u_ipcore_0/gen_subsys_debug.u_subsys_debug_unit_0/debug_resp_fifo/rd_ptr[0]:D
  Delay (ns):              0.206
  Slack (ns):              0.138
  Arrival (ns):            3.377
  Required (ns):           3.239
  Operating Conditions: fast_hv_lt

Path 99
  From: MIV_ESS_C0_0/MIV_PLIC_0/plic_core_plic_gateway.genblk1[1].plic_gateway/interrupt_in_flight:CLK
  To:   MIV_ESS_C0_0/MIV_PLIC_0/plic_core_plic_gateway.genblk1[1].plic_gateway/interrupt_in_flight:D
  Delay (ns):              0.206
  Slack (ns):              0.138
  Arrival (ns):            2.172
  Required (ns):           2.034
  Operating Conditions: fast_hv_lt

Path 100
  From: MIV_ESS_C0_0/CoreGPIO_0/xhdl1.GEN_BITS[3].gpin2[3]:CLK
  To:   MIV_ESS_C0_0/CoreGPIO_0/xhdl1.GEN_BITS[3].APB_32.edge_pos[3]:D
  Delay (ns):              0.212
  Slack (ns):              0.138
  Arrival (ns):            2.182
  Required (ns):           2.044
  Operating Conditions: fast_hv_lt

