Timing Violation Report Max Delay Analysis

SmartTime Version 2025.2
Microchip Technology Inc. - Microchip Libero Software Release 2025.2 (Version 2025.2.0.14)
Date: Mon Jan 19 02:11:59 2026


Design: BaseDesign
Family: PolarFireSoC
Die: MPFS095T
Package: FCSG325
Temperature Range: 0 - 100 C
Voltage Range: 0.97 - 1.03 V
Speed Grade: -1
Design State: Post-Layout
Data source: Production
Multi Corner Report Operating Conditions: slow_lv_lt,fast_hv_lt,slow_lv_ht


Path 1
  From: PF_SRAM_AHB_C0_0/PF_TPSRAM_AHB_AXI_0/PF_SRAM_AHB_C0_PF_TPSRAM_AHB_AXI_0_PF_TPSRAM_R32C0/INST_RAM1K20_IP:A_CLK
  To:   MIV_RV32_CFG1_C0_0/MIV_RV32_CFG1_C0_0/u_ipcore_0/u_hart_0/u_expipe_0/de_ex_pipe_illegal_instr_ex:D
  Delay (ns):             11.278
  Slack (ns):              8.287
  Arrival (ns):           14.876
  Required (ns):          23.163
  Operating Conditions: slow_lv_ht

Path 2
  From: PF_SRAM_AHB_C0_0/PF_TPSRAM_AHB_AXI_0/PF_SRAM_AHB_C0_PF_TPSRAM_AHB_AXI_0_PF_TPSRAM_R33C0/INST_RAM1K20_IP:A_CLK
  To:   MIV_RV32_CFG1_C0_0/MIV_RV32_CFG1_C0_0/u_ipcore_0/u_hart_0/u_expipe_0/de_ex_pipe_illegal_instr_ex:D
  Delay (ns):             11.268
  Slack (ns):              8.297
  Arrival (ns):           14.866
  Required (ns):          23.163
  Operating Conditions: slow_lv_ht

Path 3
  From: PF_SRAM_AHB_C0_0/PF_TPSRAM_AHB_AXI_0/PF_SRAM_AHB_C0_PF_TPSRAM_AHB_AXI_0_PF_TPSRAM_R46C0/INST_RAM1K20_IP:A_CLK
  To:   MIV_RV32_CFG1_C0_0/MIV_RV32_CFG1_C0_0/u_ipcore_0/u_hart_0/u_expipe_0/de_ex_pipe_illegal_instr_ex:D
  Delay (ns):             11.273
  Slack (ns):              8.321
  Arrival (ns):           14.842
  Required (ns):          23.163
  Operating Conditions: slow_lv_ht

Path 4
  From: PF_SRAM_AHB_C0_0/PF_TPSRAM_AHB_AXI_0/PF_SRAM_AHB_C0_PF_TPSRAM_AHB_AXI_0_PF_TPSRAM_R47C0/INST_RAM1K20_IP:A_CLK
  To:   MIV_RV32_CFG1_C0_0/MIV_RV32_CFG1_C0_0/u_ipcore_0/u_hart_0/u_expipe_0/de_ex_pipe_illegal_instr_ex:D
  Delay (ns):             11.219
  Slack (ns):              8.355
  Arrival (ns):           14.808
  Required (ns):          23.163
  Operating Conditions: slow_lv_ht

Path 5
  From: PF_SRAM_AHB_C0_0/PF_TPSRAM_AHB_AXI_0/PF_SRAM_AHB_C0_PF_TPSRAM_AHB_AXI_0_PF_TPSRAM_R53C0/INST_RAM1K20_IP:A_CLK
  To:   MIV_RV32_CFG1_C0_0/MIV_RV32_CFG1_C0_0/u_ipcore_0/u_hart_0/u_expipe_0/de_ex_pipe_illegal_instr_ex:D
  Delay (ns):             11.215
  Slack (ns):              8.379
  Arrival (ns):           14.784
  Required (ns):          23.163
  Operating Conditions: slow_lv_ht

Path 6
  From: PF_SRAM_AHB_C0_0/PF_TPSRAM_AHB_AXI_0/PF_SRAM_AHB_C0_PF_TPSRAM_AHB_AXI_0_PF_TPSRAM_R49C0/INST_RAM1K20_IP:A_CLK
  To:   MIV_RV32_CFG1_C0_0/MIV_RV32_CFG1_C0_0/u_ipcore_0/u_hart_0/u_expipe_0/de_ex_pipe_illegal_instr_ex:D
  Delay (ns):             11.178
  Slack (ns):              8.384
  Arrival (ns):           14.779
  Required (ns):          23.163
  Operating Conditions: slow_lv_ht

Path 7
  From: PF_SRAM_AHB_C0_0/PF_TPSRAM_AHB_AXI_0/PF_SRAM_AHB_C0_PF_TPSRAM_AHB_AXI_0_PF_TPSRAM_R39C0/INST_RAM1K20_IP:A_CLK
  To:   MIV_RV32_CFG1_C0_0/MIV_RV32_CFG1_C0_0/u_ipcore_0/u_hart_0/u_expipe_0/de_ex_pipe_illegal_instr_ex:D
  Delay (ns):             11.166
  Slack (ns):              8.415
  Arrival (ns):           14.748
  Required (ns):          23.163
  Operating Conditions: slow_lv_ht

Path 8
  From: PF_SRAM_AHB_C0_0/PF_TPSRAM_AHB_AXI_0/PF_SRAM_AHB_C0_PF_TPSRAM_AHB_AXI_0_PF_TPSRAM_R34C0/INST_RAM1K20_IP:A_CLK
  To:   MIV_RV32_CFG1_C0_0/MIV_RV32_CFG1_C0_0/u_ipcore_0/u_hart_0/u_expipe_0/de_ex_pipe_illegal_instr_ex:D
  Delay (ns):             11.149
  Slack (ns):              8.417
  Arrival (ns):           14.746
  Required (ns):          23.163
  Operating Conditions: slow_lv_ht

Path 9
  From: PF_SRAM_AHB_C0_0/PF_TPSRAM_AHB_AXI_0/PF_SRAM_AHB_C0_PF_TPSRAM_AHB_AXI_0_PF_TPSRAM_R41C0/INST_RAM1K20_IP:A_CLK
  To:   MIV_RV32_CFG1_C0_0/MIV_RV32_CFG1_C0_0/u_ipcore_0/u_hart_0/u_expipe_0/de_ex_pipe_illegal_instr_ex:D
  Delay (ns):             11.105
  Slack (ns):              8.460
  Arrival (ns):           14.703
  Required (ns):          23.163
  Operating Conditions: slow_lv_ht

Path 10
  From: PF_SRAM_AHB_C0_0/PF_TPSRAM_AHB_AXI_0/PF_SRAM_AHB_C0_PF_TPSRAM_AHB_AXI_0_PF_TPSRAM_R50C0/INST_RAM1K20_IP:A_CLK
  To:   MIV_RV32_CFG1_C0_0/MIV_RV32_CFG1_C0_0/u_ipcore_0/u_hart_0/u_expipe_0/de_ex_pipe_illegal_instr_ex:D
  Delay (ns):             11.110
  Slack (ns):              8.464
  Arrival (ns):           14.699
  Required (ns):          23.163
  Operating Conditions: slow_lv_ht

Path 11
  From: PF_SRAM_AHB_C0_0/PF_TPSRAM_AHB_AXI_0/PF_SRAM_AHB_C0_PF_TPSRAM_AHB_AXI_0_PF_TPSRAM_R36C0/INST_RAM1K20_IP:A_CLK
  To:   MIV_RV32_CFG1_C0_0/MIV_RV32_CFG1_C0_0/u_ipcore_0/u_hart_0/u_expipe_0/de_ex_pipe_illegal_instr_ex:D
  Delay (ns):             11.115
  Slack (ns):              8.466
  Arrival (ns):           14.697
  Required (ns):          23.163
  Operating Conditions: slow_lv_ht

Path 12
  From: PF_SRAM_AHB_C0_0/PF_TPSRAM_AHB_AXI_0/PF_SRAM_AHB_C0_PF_TPSRAM_AHB_AXI_0_PF_TPSRAM_R63C0/INST_RAM1K20_IP:A_CLK
  To:   MIV_RV32_CFG1_C0_0/MIV_RV32_CFG1_C0_0/u_ipcore_0/u_hart_0/u_expipe_0/de_ex_pipe_illegal_instr_ex:D
  Delay (ns):             11.113
  Slack (ns):              8.468
  Arrival (ns):           14.695
  Required (ns):          23.163
  Operating Conditions: slow_lv_ht

Path 13
  From: PF_SRAM_AHB_C0_0/PF_TPSRAM_AHB_AXI_0/PF_SRAM_AHB_C0_PF_TPSRAM_AHB_AXI_0_PF_TPSRAM_R16C0/INST_RAM1K20_IP:A_CLK
  To:   MIV_RV32_CFG1_C0_0/MIV_RV32_CFG1_C0_0/u_ipcore_0/u_hart_0/u_expipe_0/de_ex_pipe_illegal_instr_ex:D
  Delay (ns):             11.102
  Slack (ns):              8.484
  Arrival (ns):           14.679
  Required (ns):          23.163
  Operating Conditions: slow_lv_ht

Path 14
  From: PF_SRAM_AHB_C0_0/PF_TPSRAM_AHB_AXI_0/PF_SRAM_AHB_C0_PF_TPSRAM_AHB_AXI_0_PF_TPSRAM_R51C0/INST_RAM1K20_IP:A_CLK
  To:   MIV_RV32_CFG1_C0_0/MIV_RV32_CFG1_C0_0/u_ipcore_0/u_hart_0/u_expipe_0/de_ex_pipe_illegal_instr_ex:D
  Delay (ns):             11.106
  Slack (ns):              8.487
  Arrival (ns):           14.676
  Required (ns):          23.163
  Operating Conditions: slow_lv_ht

Path 15
  From: PF_SRAM_AHB_C0_0/PF_TPSRAM_AHB_AXI_0/PF_SRAM_AHB_C0_PF_TPSRAM_AHB_AXI_0_PF_TPSRAM_R40C0/INST_RAM1K20_IP:A_CLK
  To:   MIV_RV32_CFG1_C0_0/MIV_RV32_CFG1_C0_0/u_ipcore_0/u_hart_0/u_expipe_0/de_ex_pipe_illegal_instr_ex:D
  Delay (ns):             11.069
  Slack (ns):              8.498
  Arrival (ns):           14.665
  Required (ns):          23.163
  Operating Conditions: slow_lv_ht

Path 16
  From: PF_SRAM_AHB_C0_0/PF_TPSRAM_AHB_AXI_0/PF_SRAM_AHB_C0_PF_TPSRAM_AHB_AXI_0_PF_TPSRAM_R61C0/INST_RAM1K20_IP:A_CLK
  To:   MIV_RV32_CFG1_C0_0/MIV_RV32_CFG1_C0_0/u_ipcore_0/u_hart_0/u_expipe_0/de_ex_pipe_illegal_instr_ex:D
  Delay (ns):             11.054
  Slack (ns):              8.509
  Arrival (ns):           14.654
  Required (ns):          23.163
  Operating Conditions: slow_lv_ht

Path 17
  From: PF_SRAM_AHB_C0_0/PF_TPSRAM_AHB_AXI_0/PF_SRAM_AHB_C0_PF_TPSRAM_AHB_AXI_0_PF_TPSRAM_R35C0/INST_RAM1K20_IP:A_CLK
  To:   MIV_RV32_CFG1_C0_0/MIV_RV32_CFG1_C0_0/u_ipcore_0/u_hart_0/u_expipe_0/de_ex_pipe_illegal_instr_ex:D
  Delay (ns):             11.074
  Slack (ns):              8.520
  Arrival (ns):           14.643
  Required (ns):          23.163
  Operating Conditions: slow_lv_ht

Path 18
  From: PF_SRAM_AHB_C0_0/PF_TPSRAM_AHB_AXI_0/PF_SRAM_AHB_C0_PF_TPSRAM_AHB_AXI_0_PF_TPSRAM_R60C0/INST_RAM1K20_IP:A_CLK
  To:   MIV_RV32_CFG1_C0_0/MIV_RV32_CFG1_C0_0/u_ipcore_0/u_hart_0/u_expipe_0/de_ex_pipe_illegal_instr_ex:D
  Delay (ns):             11.041
  Slack (ns):              8.524
  Arrival (ns):           14.639
  Required (ns):          23.163
  Operating Conditions: slow_lv_ht

Path 19
  From: PF_SRAM_AHB_C0_0/PF_TPSRAM_AHB_AXI_0/PF_SRAM_AHB_C0_PF_TPSRAM_AHB_AXI_0_PF_TPSRAM_R62C0/INST_RAM1K20_IP:A_CLK
  To:   MIV_RV32_CFG1_C0_0/MIV_RV32_CFG1_C0_0/u_ipcore_0/u_hart_0/u_expipe_0/de_ex_pipe_illegal_instr_ex:D
  Delay (ns):             11.055
  Slack (ns):              8.526
  Arrival (ns):           14.637
  Required (ns):          23.163
  Operating Conditions: slow_lv_ht

Path 20
  From: PF_SRAM_AHB_C0_0/PF_TPSRAM_AHB_AXI_0/PF_SRAM_AHB_C0_PF_TPSRAM_AHB_AXI_0_PF_TPSRAM_R38C0/INST_RAM1K20_IP:A_CLK
  To:   MIV_RV32_CFG1_C0_0/MIV_RV32_CFG1_C0_0/u_ipcore_0/u_hart_0/u_expipe_0/de_ex_pipe_illegal_instr_ex:D
  Delay (ns):             11.033
  Slack (ns):              8.544
  Arrival (ns):           14.619
  Required (ns):          23.163
  Operating Conditions: slow_lv_ht

Path 21
  From: PF_SRAM_AHB_C0_0/PF_TPSRAM_AHB_AXI_0/PF_SRAM_AHB_C0_PF_TPSRAM_AHB_AXI_0_PF_TPSRAM_R25C0/INST_RAM1K20_IP:A_CLK
  To:   MIV_RV32_CFG1_C0_0/MIV_RV32_CFG1_C0_0/u_ipcore_0/u_hart_0/u_expipe_0/de_ex_pipe_illegal_instr_ex:D
  Delay (ns):             11.032
  Slack (ns):              8.547
  Arrival (ns):           14.616
  Required (ns):          23.163
  Operating Conditions: slow_lv_ht

Path 22
  From: PF_SRAM_AHB_C0_0/PF_TPSRAM_AHB_AXI_0/PF_SRAM_AHB_C0_PF_TPSRAM_AHB_AXI_0_PF_TPSRAM_R1C0/INST_RAM1K20_IP:A_CLK
  To:   MIV_RV32_CFG1_C0_0/MIV_RV32_CFG1_C0_0/u_ipcore_0/u_hart_0/u_expipe_0/de_ex_pipe_illegal_instr_ex:D
  Delay (ns):             11.027
  Slack (ns):              8.547
  Arrival (ns):           14.616
  Required (ns):          23.163
  Operating Conditions: slow_lv_ht

Path 23
  From: PF_SRAM_AHB_C0_0/PF_TPSRAM_AHB_AXI_0/PF_SRAM_AHB_C0_PF_TPSRAM_AHB_AXI_0_PF_TPSRAM_R18C0/INST_RAM1K20_IP:A_CLK
  To:   MIV_RV32_CFG1_C0_0/MIV_RV32_CFG1_C0_0/u_ipcore_0/u_hart_0/u_expipe_0/de_ex_pipe_illegal_instr_ex:D
  Delay (ns):             11.025
  Slack (ns):              8.549
  Arrival (ns):           14.614
  Required (ns):          23.163
  Operating Conditions: slow_lv_ht

Path 24
  From: PF_SRAM_AHB_C0_0/PF_TPSRAM_AHB_AXI_0/PF_SRAM_AHB_C0_PF_TPSRAM_AHB_AXI_0_PF_TPSRAM_R2C0/INST_RAM1K20_IP:A_CLK
  To:   MIV_RV32_CFG1_C0_0/MIV_RV32_CFG1_C0_0/u_ipcore_0/u_hart_0/u_expipe_0/de_ex_pipe_illegal_instr_ex:D
  Delay (ns):             11.025
  Slack (ns):              8.555
  Arrival (ns):           14.608
  Required (ns):          23.163
  Operating Conditions: slow_lv_ht

Path 25
  From: PF_SRAM_AHB_C0_0/PF_TPSRAM_AHB_AXI_0/PF_SRAM_AHB_C0_PF_TPSRAM_AHB_AXI_0_PF_TPSRAM_R17C0/INST_RAM1K20_IP:A_CLK
  To:   MIV_RV32_CFG1_C0_0/MIV_RV32_CFG1_C0_0/u_ipcore_0/u_hart_0/u_expipe_0/de_ex_pipe_illegal_instr_ex:D
  Delay (ns):             11.005
  Slack (ns):              8.560
  Arrival (ns):           14.603
  Required (ns):          23.163
  Operating Conditions: slow_lv_ht

Path 26
  From: MIV_RV32_CFG1_C0_0/MIV_RV32_CFG1_C0_0/u_ipcore_0/u_hart_0/u_expipe_0/u_exu_0/fast_mul.miv_rv32_mul_0/WideMult_0_0/MACC_PHYS_INST/INST_MACC_IP:CLK
  To:   PF_SRAM_AHB_C0_0/PF_TPSRAM_AHB_AXI_0/PF_SRAM_AHB_C0_PF_TPSRAM_AHB_AXI_0_PF_TPSRAM_R62C0/INST_RAM1K20_IP:A_BLK_EN[2]
  Delay (ns):             10.620
  Slack (ns):              8.591
  Arrival (ns):           14.136
  Required (ns):          22.727
  Operating Conditions: slow_lv_ht

Path 27
  From: PF_SRAM_AHB_C0_0/PF_TPSRAM_AHB_AXI_0/PF_SRAM_AHB_C0_PF_TPSRAM_AHB_AXI_0_PF_TPSRAM_R4C0/INST_RAM1K20_IP:A_CLK
  To:   MIV_RV32_CFG1_C0_0/MIV_RV32_CFG1_C0_0/u_ipcore_0/u_hart_0/u_expipe_0/de_ex_pipe_illegal_instr_ex:D
  Delay (ns):             10.980
  Slack (ns):              8.597
  Arrival (ns):           14.578
  Required (ns):          23.175
  Operating Conditions: slow_lv_ht

Path 28
  From: PF_SRAM_AHB_C0_0/PF_TPSRAM_AHB_AXI_0/PF_SRAM_AHB_C0_PF_TPSRAM_AHB_AXI_0_PF_TPSRAM_R48C0/INST_RAM1K20_IP:A_CLK
  To:   MIV_RV32_CFG1_C0_0/MIV_RV32_CFG1_C0_0/u_ipcore_0/u_hart_0/u_expipe_0/de_ex_pipe_illegal_instr_ex:D
  Delay (ns):             10.987
  Slack (ns):              8.601
  Arrival (ns):           14.562
  Required (ns):          23.163
  Operating Conditions: slow_lv_ht

Path 29
  From: PF_SRAM_AHB_C0_0/PF_TPSRAM_AHB_AXI_0/PF_SRAM_AHB_C0_PF_TPSRAM_AHB_AXI_0_PF_TPSRAM_R5C0/INST_RAM1K20_IP:A_CLK
  To:   MIV_RV32_CFG1_C0_0/MIV_RV32_CFG1_C0_0/u_ipcore_0/u_hart_0/u_expipe_0/de_ex_pipe_illegal_instr_ex:D
  Delay (ns):             10.966
  Slack (ns):              8.602
  Arrival (ns):           14.561
  Required (ns):          23.163
  Operating Conditions: slow_lv_ht

Path 30
  From: MIV_RV32_CFG1_C0_0/MIV_RV32_CFG1_C0_0/u_ipcore_0/u_hart_0/u_expipe_0/u_exu_0/fast_mul.miv_rv32_mul_0/WideMult_0_0/MACC_PHYS_INST/INST_MACC_IP:CLK
  To:   PF_SRAM_AHB_C0_0/PF_TPSRAM_AHB_AXI_0/PF_SRAM_AHB_C0_PF_TPSRAM_AHB_AXI_0_PF_TPSRAM_R60C0/INST_RAM1K20_IP:A_BLK_EN[2]
  Delay (ns):             10.605
  Slack (ns):              8.621
  Arrival (ns):           14.121
  Required (ns):          22.742
  Operating Conditions: slow_lv_ht

Path 31
  From: PF_SRAM_AHB_C0_0/PF_TPSRAM_AHB_AXI_0/PF_SRAM_AHB_C0_PF_TPSRAM_AHB_AXI_0_PF_TPSRAM_R44C0/INST_RAM1K20_IP:A_CLK
  To:   MIV_RV32_CFG1_C0_0/MIV_RV32_CFG1_C0_0/u_ipcore_0/u_hart_0/u_expipe_0/de_ex_pipe_illegal_instr_ex:D
  Delay (ns):             10.961
  Slack (ns):              8.627
  Arrival (ns):           14.536
  Required (ns):          23.163
  Operating Conditions: slow_lv_ht

Path 32
  From: PF_SRAM_AHB_C0_0/PF_TPSRAM_AHB_AXI_0/PF_SRAM_AHB_C0_PF_TPSRAM_AHB_AXI_0_PF_TPSRAM_R19C0/INST_RAM1K20_IP:A_CLK
  To:   MIV_RV32_CFG1_C0_0/MIV_RV32_CFG1_C0_0/u_ipcore_0/u_hart_0/u_expipe_0/de_ex_pipe_illegal_instr_ex:D
  Delay (ns):             10.938
  Slack (ns):              8.634
  Arrival (ns):           14.529
  Required (ns):          23.163
  Operating Conditions: slow_lv_ht

Path 33
  From: MIV_RV32_CFG1_C0_0/MIV_RV32_CFG1_C0_0/u_ipcore_0/u_hart_0/u_expipe_0/u_exu_0/fast_mul.miv_rv32_mul_0/WideMult_0_0/MACC_PHYS_INST/INST_MACC_IP:CLK
  To:   PF_SRAM_AHB_C0_0/PF_TPSRAM_AHB_AXI_0/PF_SRAM_AHB_C0_PF_TPSRAM_AHB_AXI_0_PF_TPSRAM_R46C0/INST_RAM1K20_IP:A_BLK_EN[2]
  Delay (ns):             10.559
  Slack (ns):              8.638
  Arrival (ns):           14.075
  Required (ns):          22.713
  Operating Conditions: slow_lv_ht

Path 34
  From: MIV_RV32_CFG1_C0_0/MIV_RV32_CFG1_C0_0/u_ipcore_0/u_hart_0/u_expipe_0/u_exu_0/fast_mul.miv_rv32_mul_0/WideMult_1_0/MACC_PHYS_INST/INST_MACC_IP:CLK
  To:   PF_SRAM_AHB_C0_0/PF_TPSRAM_AHB_AXI_0/PF_SRAM_AHB_C0_PF_TPSRAM_AHB_AXI_0_PF_TPSRAM_R62C0/INST_RAM1K20_IP:A_BLK_EN[2]
  Delay (ns):             10.571
  Slack (ns):              8.640
  Arrival (ns):           14.087
  Required (ns):          22.727
  Operating Conditions: slow_lv_ht

Path 35
  From: MIV_RV32_CFG1_C0_0/MIV_RV32_CFG1_C0_0/u_ipcore_0/u_hart_0/u_expipe_0/u_exu_0/fast_mul.miv_rv32_mul_0/WideMult_0_0/MACC_PHYS_INST/INST_MACC_IP:CLK
  To:   PF_SRAM_AHB_C0_0/PF_TPSRAM_AHB_AXI_0/PF_SRAM_AHB_C0_PF_TPSRAM_AHB_AXI_0_PF_TPSRAM_R16C0/INST_RAM1K20_IP:B_BLK_EN[2]
  Delay (ns):             10.683
  Slack (ns):              8.644
  Arrival (ns):           14.199
  Required (ns):          22.843
  Operating Conditions: slow_lv_ht

Path 36
  From: PF_SRAM_AHB_C0_0/PF_TPSRAM_AHB_AXI_0/PF_SRAM_AHB_C0_PF_TPSRAM_AHB_AXI_0_PF_TPSRAM_R27C0/INST_RAM1K20_IP:A_CLK
  To:   MIV_RV32_CFG1_C0_0/MIV_RV32_CFG1_C0_0/u_ipcore_0/u_hart_0/u_expipe_0/de_ex_pipe_illegal_instr_ex:D
  Delay (ns):             10.932
  Slack (ns):              8.647
  Arrival (ns):           14.516
  Required (ns):          23.163
  Operating Conditions: slow_lv_ht

Path 37
  From: MIV_RV32_CFG1_C0_0/MIV_RV32_CFG1_C0_0/u_ipcore_0/u_hart_0/u_expipe_0/u_exu_0/fast_mul.miv_rv32_mul_0/WideMult_0_0/MACC_PHYS_INST/INST_MACC_IP:CLK
  To:   PF_SRAM_AHB_C0_0/PF_TPSRAM_AHB_AXI_0/PF_SRAM_AHB_C0_PF_TPSRAM_AHB_AXI_0_PF_TPSRAM_R50C0/INST_RAM1K20_IP:A_BLK_EN[2]
  Delay (ns):             10.568
  Slack (ns):              8.649
  Arrival (ns):           14.084
  Required (ns):          22.733
  Operating Conditions: slow_lv_ht

Path 38
  From: PF_SRAM_AHB_C0_0/PF_TPSRAM_AHB_AXI_0/PF_SRAM_AHB_C0_PF_TPSRAM_AHB_AXI_0_PF_TPSRAM_R37C0/INST_RAM1K20_IP:A_CLK
  To:   MIV_RV32_CFG1_C0_0/MIV_RV32_CFG1_C0_0/u_ipcore_0/u_hart_0/u_expipe_0/de_ex_pipe_illegal_instr_ex:D
  Delay (ns):             10.932
  Slack (ns):              8.651
  Arrival (ns):           14.512
  Required (ns):          23.163
  Operating Conditions: slow_lv_ht

Path 39
  From: MIV_RV32_CFG1_C0_0/MIV_RV32_CFG1_C0_0/u_ipcore_0/u_hart_0/u_expipe_0/u_exu_0/fast_mul.miv_rv32_mul_0/WideMult_0_0/MACC_PHYS_INST/INST_MACC_IP:CLK
  To:   PF_SRAM_AHB_C0_0/PF_TPSRAM_AHB_AXI_0/PF_SRAM_AHB_C0_PF_TPSRAM_AHB_AXI_0_PF_TPSRAM_R51C0/INST_RAM1K20_IP:A_BLK_EN[2]
  Delay (ns):             10.542
  Slack (ns):              8.658
  Arrival (ns):           14.058
  Required (ns):          22.716
  Operating Conditions: slow_lv_ht

Path 40
  From: PF_SRAM_AHB_C0_0/PF_TPSRAM_AHB_AXI_0/PF_SRAM_AHB_C0_PF_TPSRAM_AHB_AXI_0_PF_TPSRAM_R24C0/INST_RAM1K20_IP:A_CLK
  To:   MIV_RV32_CFG1_C0_0/MIV_RV32_CFG1_C0_0/u_ipcore_0/u_hart_0/u_expipe_0/de_ex_pipe_illegal_instr_ex:D
  Delay (ns):             10.937
  Slack (ns):              8.659
  Arrival (ns):           14.543
  Required (ns):          23.202
  Operating Conditions: slow_lv_ht

Path 41
  From: PF_SRAM_AHB_C0_0/PF_TPSRAM_AHB_AXI_0/PF_SRAM_AHB_C0_PF_TPSRAM_AHB_AXI_0_PF_TPSRAM_R0C0/INST_RAM1K20_IP:A_CLK
  To:   MIV_RV32_CFG1_C0_0/MIV_RV32_CFG1_C0_0/u_ipcore_0/u_hart_0/u_expipe_0/de_ex_pipe_illegal_instr_ex:D
  Delay (ns):             10.912
  Slack (ns):              8.665
  Arrival (ns):           14.510
  Required (ns):          23.175
  Operating Conditions: slow_lv_ht

Path 42
  From: MIV_RV32_CFG1_C0_0/MIV_RV32_CFG1_C0_0/u_ipcore_0/u_hart_0/u_expipe_0/u_exu_0/fast_mul.miv_rv32_mul_0/WideMult_1_0/MACC_PHYS_INST/INST_MACC_IP:CLK
  To:   PF_SRAM_AHB_C0_0/PF_TPSRAM_AHB_AXI_0/PF_SRAM_AHB_C0_PF_TPSRAM_AHB_AXI_0_PF_TPSRAM_R60C0/INST_RAM1K20_IP:A_BLK_EN[2]
  Delay (ns):             10.556
  Slack (ns):              8.670
  Arrival (ns):           14.072
  Required (ns):          22.742
  Operating Conditions: slow_lv_ht

Path 43
  From: PF_SRAM_AHB_C0_0/PF_TPSRAM_AHB_AXI_0/PF_SRAM_AHB_C0_PF_TPSRAM_AHB_AXI_0_PF_TPSRAM_R3C0/INST_RAM1K20_IP:A_CLK
  To:   MIV_RV32_CFG1_C0_0/MIV_RV32_CFG1_C0_0/u_ipcore_0/u_hart_0/u_expipe_0/de_ex_pipe_illegal_instr_ex:D
  Delay (ns):             10.904
  Slack (ns):              8.671
  Arrival (ns):           14.504
  Required (ns):          23.175
  Operating Conditions: slow_lv_ht

Path 44
  From: PF_SRAM_AHB_C0_0/PF_TPSRAM_AHB_AXI_0/PF_SRAM_AHB_C0_PF_TPSRAM_AHB_AXI_0_PF_TPSRAM_R45C0/INST_RAM1K20_IP:A_CLK
  To:   MIV_RV32_CFG1_C0_0/MIV_RV32_CFG1_C0_0/u_ipcore_0/u_hart_0/u_expipe_0/de_ex_pipe_illegal_instr_ex:D
  Delay (ns):             10.897
  Slack (ns):              8.674
  Arrival (ns):           14.489
  Required (ns):          23.163
  Operating Conditions: slow_lv_ht

Path 45
  From: PF_SRAM_AHB_C0_0/PF_TPSRAM_AHB_AXI_0/PF_SRAM_AHB_C0_PF_TPSRAM_AHB_AXI_0_PF_TPSRAM_R26C0/INST_RAM1K20_IP:A_CLK
  To:   MIV_RV32_CFG1_C0_0/MIV_RV32_CFG1_C0_0/u_ipcore_0/u_hart_0/u_expipe_0/de_ex_pipe_illegal_instr_ex:D
  Delay (ns):             10.905
  Slack (ns):              8.675
  Arrival (ns):           14.488
  Required (ns):          23.163
  Operating Conditions: slow_lv_ht

Path 46
  From: MIV_RV32_CFG1_C0_0/MIV_RV32_CFG1_C0_0/u_ipcore_0/u_hart_0/u_expipe_0/u_exu_0/fast_mul.miv_rv32_mul_0/WideMult_0_0/MACC_PHYS_INST/INST_MACC_IP:CLK
  To:   PF_SRAM_AHB_C0_0/PF_TPSRAM_AHB_AXI_0/PF_SRAM_AHB_C0_PF_TPSRAM_AHB_AXI_0_PF_TPSRAM_R19C0/INST_RAM1K20_IP:B_WEN[1]
  Delay (ns):             10.208
  Slack (ns):              8.675
  Arrival (ns):           13.724
  Required (ns):          22.399
  Operating Conditions: slow_lv_ht

Path 47
  From: MIV_RV32_CFG1_C0_0/MIV_RV32_CFG1_C0_0/u_ipcore_0/u_hart_0/u_expipe_0/u_exu_0/fast_mul.miv_rv32_mul_0/WideMult_0_0/MACC_PHYS_INST/INST_MACC_IP:CLK
  To:   PF_SRAM_AHB_C0_0/PF_TPSRAM_AHB_AXI_0/PF_SRAM_AHB_C0_PF_TPSRAM_AHB_AXI_0_PF_TPSRAM_R16C0/INST_RAM1K20_IP:B_WEN[1]
  Delay (ns):             10.192
  Slack (ns):              8.678
  Arrival (ns):           13.708
  Required (ns):          22.386
  Operating Conditions: slow_lv_ht

Path 48
  From: PF_SRAM_AHB_C0_0/PF_TPSRAM_AHB_AXI_0/PF_SRAM_AHB_C0_PF_TPSRAM_AHB_AXI_0_PF_TPSRAM_R14C0/INST_RAM1K20_IP:A_CLK
  To:   MIV_RV32_CFG1_C0_0/MIV_RV32_CFG1_C0_0/u_ipcore_0/u_hart_0/u_expipe_0/de_ex_pipe_illegal_instr_ex:D
  Delay (ns):             10.901
  Slack (ns):              8.687
  Arrival (ns):           14.488
  Required (ns):          23.175
  Operating Conditions: slow_lv_ht

Path 49
  From: MIV_RV32_CFG1_C0_0/MIV_RV32_CFG1_C0_0/u_ipcore_0/u_hart_0/u_expipe_0/u_exu_0/fast_mul.miv_rv32_mul_0/WideMult_1_0/MACC_PHYS_INST/INST_MACC_IP:CLK
  To:   PF_SRAM_AHB_C0_0/PF_TPSRAM_AHB_AXI_0/PF_SRAM_AHB_C0_PF_TPSRAM_AHB_AXI_0_PF_TPSRAM_R46C0/INST_RAM1K20_IP:A_BLK_EN[2]
  Delay (ns):             10.510
  Slack (ns):              8.687
  Arrival (ns):           14.026
  Required (ns):          22.713
  Operating Conditions: slow_lv_ht

Path 50
  From: MIV_RV32_CFG1_C0_0/MIV_RV32_CFG1_C0_0/u_ipcore_0/u_hart_0/u_expipe_0/u_exu_0/fast_mul.miv_rv32_mul_0/WideMult_1_0/MACC_PHYS_INST/INST_MACC_IP:CLK
  To:   PF_SRAM_AHB_C0_0/PF_TPSRAM_AHB_AXI_0/PF_SRAM_AHB_C0_PF_TPSRAM_AHB_AXI_0_PF_TPSRAM_R16C0/INST_RAM1K20_IP:B_BLK_EN[2]
  Delay (ns):             10.634
  Slack (ns):              8.693
  Arrival (ns):           14.150
  Required (ns):          22.843
  Operating Conditions: slow_lv_ht

Path 51
  From: PF_SRAM_AHB_C0_0/PF_TPSRAM_AHB_AXI_0/PF_SRAM_AHB_C0_PF_TPSRAM_AHB_AXI_0_PF_TPSRAM_R57C0/INST_RAM1K20_IP:A_CLK
  To:   MIV_RV32_CFG1_C0_0/MIV_RV32_CFG1_C0_0/u_ipcore_0/u_hart_0/u_expipe_0/de_ex_pipe_illegal_instr_ex:D
  Delay (ns):             10.893
  Slack (ns):              8.694
  Arrival (ns):           14.469
  Required (ns):          23.163
  Operating Conditions: slow_lv_ht

Path 52
  From: MIV_RV32_CFG1_C0_0/MIV_RV32_CFG1_C0_0/u_ipcore_0/u_hart_0/u_expipe_0/u_exu_0/fast_mul.miv_rv32_mul_0/WideMult_1_0/MACC_PHYS_INST/INST_MACC_IP:CLK
  To:   PF_SRAM_AHB_C0_0/PF_TPSRAM_AHB_AXI_0/PF_SRAM_AHB_C0_PF_TPSRAM_AHB_AXI_0_PF_TPSRAM_R50C0/INST_RAM1K20_IP:A_BLK_EN[2]
  Delay (ns):             10.519
  Slack (ns):              8.698
  Arrival (ns):           14.035
  Required (ns):          22.733
  Operating Conditions: slow_lv_ht

Path 53
  From: PF_SRAM_AHB_C0_0/PF_TPSRAM_AHB_AXI_0/PF_SRAM_AHB_C0_PF_TPSRAM_AHB_AXI_0_PF_TPSRAM_R28C0/INST_RAM1K20_IP:A_CLK
  To:   MIV_RV32_CFG1_C0_0/MIV_RV32_CFG1_C0_0/u_ipcore_0/u_hart_0/u_expipe_0/de_ex_pipe_illegal_instr_ex:D
  Delay (ns):             10.866
  Slack (ns):              8.701
  Arrival (ns):           14.462
  Required (ns):          23.163
  Operating Conditions: slow_lv_ht

Path 54
  From: PF_SRAM_AHB_C0_0/PF_TPSRAM_AHB_AXI_0/PF_SRAM_AHB_C0_PF_TPSRAM_AHB_AXI_0_PF_TPSRAM_R9C0/INST_RAM1K20_IP:A_CLK
  To:   MIV_RV32_CFG1_C0_0/MIV_RV32_CFG1_C0_0/u_ipcore_0/u_hart_0/u_expipe_0/de_ex_pipe_illegal_instr_ex:D
  Delay (ns):             10.876
  Slack (ns):              8.704
  Arrival (ns):           14.459
  Required (ns):          23.163
  Operating Conditions: slow_lv_ht

Path 55
  From: PF_SRAM_AHB_C0_0/PF_TPSRAM_AHB_AXI_0/PF_SRAM_AHB_C0_PF_TPSRAM_AHB_AXI_0_PF_TPSRAM_R30C0/INST_RAM1K20_IP:A_CLK
  To:   MIV_RV32_CFG1_C0_0/MIV_RV32_CFG1_C0_0/u_ipcore_0/u_hart_0/u_expipe_0/de_ex_pipe_illegal_instr_ex:D
  Delay (ns):             10.859
  Slack (ns):              8.704
  Arrival (ns):           14.459
  Required (ns):          23.163
  Operating Conditions: slow_lv_ht

Path 56
  From: PF_SRAM_AHB_C0_0/PF_TPSRAM_AHB_AXI_0/PF_SRAM_AHB_C0_PF_TPSRAM_AHB_AXI_0_PF_TPSRAM_R6C0/INST_RAM1K20_IP:A_CLK
  To:   MIV_RV32_CFG1_C0_0/MIV_RV32_CFG1_C0_0/u_ipcore_0/u_hart_0/u_expipe_0/de_ex_pipe_illegal_instr_ex:D
  Delay (ns):             10.873
  Slack (ns):              8.705
  Arrival (ns):           14.470
  Required (ns):          23.175
  Operating Conditions: slow_lv_ht

Path 57
  From: PF_SRAM_AHB_C0_0/PF_TPSRAM_AHB_AXI_0/PF_SRAM_AHB_C0_PF_TPSRAM_AHB_AXI_0_PF_TPSRAM_R59C0/INST_RAM1K20_IP:A_CLK
  To:   MIV_RV32_CFG1_C0_0/MIV_RV32_CFG1_C0_0/u_ipcore_0/u_hart_0/u_expipe_0/de_ex_pipe_illegal_instr_ex:D
  Delay (ns):             10.858
  Slack (ns):              8.707
  Arrival (ns):           14.456
  Required (ns):          23.163
  Operating Conditions: slow_lv_ht

Path 58
  From: MIV_RV32_CFG1_C0_0/MIV_RV32_CFG1_C0_0/u_ipcore_0/u_hart_0/u_expipe_0/u_exu_0/fast_mul.miv_rv32_mul_0/WideMult_1_0/MACC_PHYS_INST/INST_MACC_IP:CLK
  To:   PF_SRAM_AHB_C0_0/PF_TPSRAM_AHB_AXI_0/PF_SRAM_AHB_C0_PF_TPSRAM_AHB_AXI_0_PF_TPSRAM_R51C0/INST_RAM1K20_IP:A_BLK_EN[2]
  Delay (ns):             10.493
  Slack (ns):              8.707
  Arrival (ns):           14.009
  Required (ns):          22.716
  Operating Conditions: slow_lv_ht

Path 59
  From: PF_SRAM_AHB_C0_0/PF_TPSRAM_AHB_AXI_0/PF_SRAM_AHB_C0_PF_TPSRAM_AHB_AXI_0_PF_TPSRAM_R8C0/INST_RAM1K20_IP:A_CLK
  To:   MIV_RV32_CFG1_C0_0/MIV_RV32_CFG1_C0_0/u_ipcore_0/u_hart_0/u_expipe_0/de_ex_pipe_illegal_instr_ex:D
  Delay (ns):             10.868
  Slack (ns):              8.712
  Arrival (ns):           14.451
  Required (ns):          23.163
  Operating Conditions: slow_lv_ht

Path 60
  From: PF_SRAM_AHB_C0_0/PF_TPSRAM_AHB_AXI_0/PF_SRAM_AHB_C0_PF_TPSRAM_AHB_AXI_0_PF_TPSRAM_R7C0/INST_RAM1K20_IP:A_CLK
  To:   MIV_RV32_CFG1_C0_0/MIV_RV32_CFG1_C0_0/u_ipcore_0/u_hart_0/u_expipe_0/de_ex_pipe_illegal_instr_ex:D
  Delay (ns):             10.864
  Slack (ns):              8.712
  Arrival (ns):           14.463
  Required (ns):          23.175
  Operating Conditions: slow_lv_ht

Path 61
  From: MIV_RV32_CFG1_C0_0/MIV_RV32_CFG1_C0_0/u_ipcore_0/u_hart_0/u_expipe_0/u_exu_0/fast_mul.miv_rv32_mul_0/WideMult_0_0/MACC_PHYS_INST/INST_MACC_IP:CLK
  To:   PF_SRAM_AHB_C0_0/PF_TPSRAM_AHB_AXI_0/PF_SRAM_AHB_C0_PF_TPSRAM_AHB_AXI_0_PF_TPSRAM_R63C0/INST_RAM1K20_IP:A_BLK_EN[2]
  Delay (ns):             10.498
  Slack (ns):              8.713
  Arrival (ns):           14.014
  Required (ns):          22.727
  Operating Conditions: slow_lv_ht

Path 62
  From: MIV_RV32_CFG1_C0_0/MIV_RV32_CFG1_C0_0/u_ipcore_0/u_hart_0/u_expipe_0/u_exu_0/fast_mul.miv_rv32_mul_0/WideMult_0_0/MACC_PHYS_INST/INST_MACC_IP:CLK
  To:   PF_SRAM_AHB_C0_0/PF_TPSRAM_AHB_AXI_0/PF_SRAM_AHB_C0_PF_TPSRAM_AHB_AXI_0_PF_TPSRAM_R17C0/INST_RAM1K20_IP:B_WEN[1]
  Delay (ns):             10.165
  Slack (ns):              8.723
  Arrival (ns):           13.681
  Required (ns):          22.404
  Operating Conditions: slow_lv_ht

Path 63
  From: MIV_RV32_CFG1_C0_0/MIV_RV32_CFG1_C0_0/u_ipcore_0/u_hart_0/u_expipe_0/u_exu_0/fast_mul.miv_rv32_mul_0/WideMult_1_0/MACC_PHYS_INST/INST_MACC_IP:CLK
  To:   PF_SRAM_AHB_C0_0/PF_TPSRAM_AHB_AXI_0/PF_SRAM_AHB_C0_PF_TPSRAM_AHB_AXI_0_PF_TPSRAM_R19C0/INST_RAM1K20_IP:B_WEN[1]
  Delay (ns):             10.159
  Slack (ns):              8.724
  Arrival (ns):           13.675
  Required (ns):          22.399
  Operating Conditions: slow_lv_ht

Path 64
  From: MIV_RV32_CFG1_C0_0/MIV_RV32_CFG1_C0_0/u_ipcore_0/u_hart_0/u_expipe_0/u_exu_0/fast_mul.miv_rv32_mul_0/WideMult_1_0/MACC_PHYS_INST/INST_MACC_IP:CLK
  To:   PF_SRAM_AHB_C0_0/PF_TPSRAM_AHB_AXI_0/PF_SRAM_AHB_C0_PF_TPSRAM_AHB_AXI_0_PF_TPSRAM_R16C0/INST_RAM1K20_IP:B_WEN[1]
  Delay (ns):             10.143
  Slack (ns):              8.727
  Arrival (ns):           13.659
  Required (ns):          22.386
  Operating Conditions: slow_lv_ht

Path 65
  From: MIV_RV32_CFG1_C0_0/MIV_RV32_CFG1_C0_0/u_ipcore_0/u_hart_0/u_expipe_0/u_exu_0/fast_mul.miv_rv32_mul_0/WideMult_0_0/MACC_PHYS_INST/INST_MACC_IP:CLK
  To:   PF_SRAM_AHB_C0_0/PF_TPSRAM_AHB_AXI_0/PF_SRAM_AHB_C0_PF_TPSRAM_AHB_AXI_0_PF_TPSRAM_R47C0/INST_RAM1K20_IP:A_BLK_EN[2]
  Delay (ns):             10.481
  Slack (ns):              8.736
  Arrival (ns):           13.997
  Required (ns):          22.733
  Operating Conditions: slow_lv_ht

Path 66
  From: PF_SRAM_AHB_C0_0/PF_TPSRAM_AHB_AXI_0/PF_SRAM_AHB_C0_PF_TPSRAM_AHB_AXI_0_PF_TPSRAM_R43C0/INST_RAM1K20_IP:A_CLK
  To:   MIV_RV32_CFG1_C0_0/MIV_RV32_CFG1_C0_0/u_ipcore_0/u_hart_0/u_expipe_0/de_ex_pipe_illegal_instr_ex:D
  Delay (ns):             10.846
  Slack (ns):              8.738
  Arrival (ns):           14.425
  Required (ns):          23.163
  Operating Conditions: slow_lv_ht

Path 67
  From: MIV_RV32_CFG1_C0_0/MIV_RV32_CFG1_C0_0/u_ipcore_0/u_hart_0/u_expipe_0/u_exu_0/fast_mul.miv_rv32_mul_0/WideMult_0_0/MACC_PHYS_INST/INST_MACC_IP:CLK
  To:   PF_SRAM_AHB_C0_0/PF_TPSRAM_AHB_AXI_0/PF_SRAM_AHB_C0_PF_TPSRAM_AHB_AXI_0_PF_TPSRAM_R19C0/INST_RAM1K20_IP:B_BLK_EN[2]
  Delay (ns):             10.582
  Slack (ns):              8.758
  Arrival (ns):           14.098
  Required (ns):          22.856
  Operating Conditions: slow_lv_ht

Path 68
  From: MIV_RV32_CFG1_C0_0/MIV_RV32_CFG1_C0_0/u_ipcore_0/u_hart_0/u_expipe_0/u_exu_0/fast_mul.miv_rv32_mul_0/WideMult_1_0/MACC_PHYS_INST/INST_MACC_IP:CLK
  To:   PF_SRAM_AHB_C0_0/PF_TPSRAM_AHB_AXI_0/PF_SRAM_AHB_C0_PF_TPSRAM_AHB_AXI_0_PF_TPSRAM_R63C0/INST_RAM1K20_IP:A_BLK_EN[2]
  Delay (ns):             10.449
  Slack (ns):              8.762
  Arrival (ns):           13.965
  Required (ns):          22.727
  Operating Conditions: slow_lv_ht

Path 69
  From: MIV_RV32_CFG1_C0_0/MIV_RV32_CFG1_C0_0/u_ipcore_0/u_hart_0/u_expipe_0/u_exu_0/fast_mul.miv_rv32_mul_0/WideMult_0_0/MACC_PHYS_INST/INST_MACC_IP:CLK
  To:   PF_SRAM_AHB_C0_0/PF_TPSRAM_AHB_AXI_0/PF_SRAM_AHB_C0_PF_TPSRAM_AHB_AXI_0_PF_TPSRAM_R18C0/INST_RAM1K20_IP:B_WEN[1]
  Delay (ns):             10.112
  Slack (ns):              8.769
  Arrival (ns):           13.628
  Required (ns):          22.397
  Operating Conditions: slow_lv_ht

Path 70
  From: MIV_RV32_CFG1_C0_0/MIV_RV32_CFG1_C0_0/u_ipcore_0/u_hart_0/u_expipe_0/u_exu_0/fast_mul.miv_rv32_mul_0/WideMult_1_0/MACC_PHYS_INST/INST_MACC_IP:CLK
  To:   PF_SRAM_AHB_C0_0/PF_TPSRAM_AHB_AXI_0/PF_SRAM_AHB_C0_PF_TPSRAM_AHB_AXI_0_PF_TPSRAM_R17C0/INST_RAM1K20_IP:B_WEN[1]
  Delay (ns):             10.116
  Slack (ns):              8.772
  Arrival (ns):           13.632
  Required (ns):          22.404
  Operating Conditions: slow_lv_ht

Path 71
  From: MIV_RV32_CFG1_C0_0/MIV_RV32_CFG1_C0_0/u_ipcore_0/u_hart_0/u_expipe_0/u_exu_0/fast_mul.miv_rv32_mul_0/WideMult_0_0/MACC_PHYS_INST/INST_MACC_IP:CLK
  To:   PF_SRAM_AHB_C0_0/PF_TPSRAM_AHB_AXI_0/PF_SRAM_AHB_C0_PF_TPSRAM_AHB_AXI_0_PF_TPSRAM_R31C0/INST_RAM1K20_IP:B_BLK_EN[2]
  Delay (ns):             10.591
  Slack (ns):              8.773
  Arrival (ns):           14.107
  Required (ns):          22.880
  Operating Conditions: slow_lv_ht

Path 72
  From: PF_SRAM_AHB_C0_0/PF_TPSRAM_AHB_AXI_0/PF_SRAM_AHB_C0_PF_TPSRAM_AHB_AXI_0_PF_TPSRAM_R31C0/INST_RAM1K20_IP:A_CLK
  To:   MIV_RV32_CFG1_C0_0/MIV_RV32_CFG1_C0_0/u_ipcore_0/u_hart_0/u_expipe_0/de_ex_pipe_illegal_instr_ex:D
  Delay (ns):             10.824
  Slack (ns):              8.774
  Arrival (ns):           14.428
  Required (ns):          23.202
  Operating Conditions: slow_lv_ht

Path 73
  From: PF_SRAM_AHB_C0_0/PF_TPSRAM_AHB_AXI_0/PF_SRAM_AHB_C0_PF_TPSRAM_AHB_AXI_0_PF_TPSRAM_R56C0/INST_RAM1K20_IP:A_CLK
  To:   MIV_RV32_CFG1_C0_0/MIV_RV32_CFG1_C0_0/u_ipcore_0/u_hart_0/u_expipe_0/de_ex_pipe_illegal_instr_ex:D
  Delay (ns):             10.798
  Slack (ns):              8.779
  Arrival (ns):           14.384
  Required (ns):          23.163
  Operating Conditions: slow_lv_ht

Path 74
  From: MIV_RV32_CFG1_C0_0/MIV_RV32_CFG1_C0_0/u_ipcore_0/u_hart_0/u_expipe_0/u_exu_0/fast_mul.miv_rv32_mul_0/WideMult_1_0/MACC_PHYS_INST/INST_MACC_IP:CLK
  To:   PF_SRAM_AHB_C0_0/PF_TPSRAM_AHB_AXI_0/PF_SRAM_AHB_C0_PF_TPSRAM_AHB_AXI_0_PF_TPSRAM_R47C0/INST_RAM1K20_IP:A_BLK_EN[2]
  Delay (ns):             10.432
  Slack (ns):              8.785
  Arrival (ns):           13.948
  Required (ns):          22.733
  Operating Conditions: slow_lv_ht

Path 75
  From: PF_SRAM_AHB_C0_0/PF_TPSRAM_AHB_AXI_0/PF_SRAM_AHB_C0_PF_TPSRAM_AHB_AXI_0_PF_TPSRAM_R13C0/INST_RAM1K20_IP:A_CLK
  To:   MIV_RV32_CFG1_C0_0/MIV_RV32_CFG1_C0_0/u_ipcore_0/u_hart_0/u_expipe_0/de_ex_pipe_illegal_instr_ex:D
  Delay (ns):             10.796
  Slack (ns):              8.787
  Arrival (ns):           14.388
  Required (ns):          23.175
  Operating Conditions: slow_lv_ht

Path 76
  From: MIV_RV32_CFG1_C0_0/MIV_RV32_CFG1_C0_0/u_ipcore_0/u_hart_0/u_expipe_0/u_exu_0/fast_mul.miv_rv32_mul_0/WideMult_0_0/MACC_PHYS_INST/INST_MACC_IP:CLK
  To:   PF_SRAM_AHB_C0_0/PF_TPSRAM_AHB_AXI_0/PF_SRAM_AHB_C0_PF_TPSRAM_AHB_AXI_0_PF_TPSRAM_R17C0/INST_RAM1K20_IP:B_BLK_EN[2]
  Delay (ns):             10.550
  Slack (ns):              8.795
  Arrival (ns):           14.066
  Required (ns):          22.861
  Operating Conditions: slow_lv_ht

Path 77
  From: PF_SRAM_AHB_C0_0/PF_TPSRAM_AHB_AXI_0/PF_SRAM_AHB_C0_PF_TPSRAM_AHB_AXI_0_PF_TPSRAM_R29C0/INST_RAM1K20_IP:A_CLK
  To:   MIV_RV32_CFG1_C0_0/MIV_RV32_CFG1_C0_0/u_ipcore_0/u_hart_0/u_expipe_0/de_ex_pipe_illegal_instr_ex:D
  Delay (ns):             10.804
  Slack (ns):              8.797
  Arrival (ns):           14.405
  Required (ns):          23.202
  Operating Conditions: slow_lv_ht

Path 78
  From: MIV_RV32_CFG1_C0_0/MIV_RV32_CFG1_C0_0/u_ipcore_0/u_hart_0/u_expipe_0/u_exu_0/fast_mul.miv_rv32_mul_0/WideMult_0_0/MACC_PHYS_INST/INST_MACC_IP:CLK
  To:   PF_SRAM_AHB_C0_0/PF_TPSRAM_AHB_AXI_0/PF_SRAM_AHB_C0_PF_TPSRAM_AHB_AXI_0_PF_TPSRAM_R49C0/INST_RAM1K20_IP:A_BLK_EN[2]
  Delay (ns):             10.430
  Slack (ns):              8.799
  Arrival (ns):           13.946
  Required (ns):          22.745
  Operating Conditions: slow_lv_ht

Path 79
  From: PF_SRAM_AHB_C0_0/PF_TPSRAM_AHB_AXI_0/PF_SRAM_AHB_C0_PF_TPSRAM_AHB_AXI_0_PF_TPSRAM_R42C0/INST_RAM1K20_IP:A_CLK
  To:   MIV_RV32_CFG1_C0_0/MIV_RV32_CFG1_C0_0/u_ipcore_0/u_hart_0/u_expipe_0/de_ex_pipe_illegal_instr_ex:D
  Delay (ns):             10.779
  Slack (ns):              8.805
  Arrival (ns):           14.358
  Required (ns):          23.163
  Operating Conditions: slow_lv_ht

Path 80
  From: MIV_RV32_CFG1_C0_0/MIV_RV32_CFG1_C0_0/u_ipcore_0/u_hart_0/u_expipe_0/u_exu_0/fast_mul.miv_rv32_mul_0/WideMult_1_0/MACC_PHYS_INST/INST_MACC_IP:CLK
  To:   PF_SRAM_AHB_C0_0/PF_TPSRAM_AHB_AXI_0/PF_SRAM_AHB_C0_PF_TPSRAM_AHB_AXI_0_PF_TPSRAM_R19C0/INST_RAM1K20_IP:B_BLK_EN[2]
  Delay (ns):             10.533
  Slack (ns):              8.807
  Arrival (ns):           14.049
  Required (ns):          22.856
  Operating Conditions: slow_lv_ht

Path 81
  From: MIV_RV32_CFG1_C0_0/MIV_RV32_CFG1_C0_0/u_ipcore_0/u_hart_0/u_expipe_0/u_exu_0/fast_mul.miv_rv32_mul_0/WideMult_0_0/MACC_PHYS_INST/INST_MACC_IP:CLK
  To:   PF_SRAM_AHB_C0_0/PF_TPSRAM_AHB_AXI_0/PF_SRAM_AHB_C0_PF_TPSRAM_AHB_AXI_0_PF_TPSRAM_R51C0/INST_RAM1K20_IP:B_BLK_EN[2]
  Delay (ns):             10.512
  Slack (ns):              8.808
  Arrival (ns):           14.028
  Required (ns):          22.836
  Operating Conditions: slow_lv_ht

Path 82
  From: PF_SRAM_AHB_C0_0/PF_TPSRAM_AHB_AXI_0/PF_SRAM_AHB_C0_PF_TPSRAM_AHB_AXI_0_PF_TPSRAM_R54C0/INST_RAM1K20_IP:A_CLK
  To:   MIV_RV32_CFG1_C0_0/MIV_RV32_CFG1_C0_0/u_ipcore_0/u_hart_0/u_expipe_0/de_ex_pipe_illegal_instr_ex:D
  Delay (ns):             10.758
  Slack (ns):              8.810
  Arrival (ns):           14.353
  Required (ns):          23.163
  Operating Conditions: slow_lv_ht

Path 83
  From: MIV_RV32_CFG1_C0_0/MIV_RV32_CFG1_C0_0/u_ipcore_0/u_hart_0/u_expipe_0/u_exu_0/fast_mul.miv_rv32_mul_0/WideMult_1_0/MACC_PHYS_INST/INST_MACC_IP:CLK
  To:   PF_SRAM_AHB_C0_0/PF_TPSRAM_AHB_AXI_0/PF_SRAM_AHB_C0_PF_TPSRAM_AHB_AXI_0_PF_TPSRAM_R18C0/INST_RAM1K20_IP:B_WEN[1]
  Delay (ns):             10.063
  Slack (ns):              8.818
  Arrival (ns):           13.579
  Required (ns):          22.397
  Operating Conditions: slow_lv_ht

Path 84
  From: PF_SRAM_AHB_C0_0/PF_TPSRAM_AHB_AXI_0/PF_SRAM_AHB_C0_PF_TPSRAM_AHB_AXI_0_PF_TPSRAM_R21C0/INST_RAM1K20_IP:A_CLK
  To:   MIV_RV32_CFG1_C0_0/MIV_RV32_CFG1_C0_0/u_ipcore_0/u_hart_0/u_expipe_0/de_ex_pipe_illegal_instr_ex:D
  Delay (ns):             10.785
  Slack (ns):              8.821
  Arrival (ns):           14.381
  Required (ns):          23.202
  Operating Conditions: slow_lv_ht

Path 85
  From: MIV_RV32_CFG1_C0_0/MIV_RV32_CFG1_C0_0/u_ipcore_0/u_hart_0/u_expipe_0/u_exu_0/fast_mul.miv_rv32_mul_0/WideMult_1_0/MACC_PHYS_INST/INST_MACC_IP:CLK
  To:   PF_SRAM_AHB_C0_0/PF_TPSRAM_AHB_AXI_0/PF_SRAM_AHB_C0_PF_TPSRAM_AHB_AXI_0_PF_TPSRAM_R31C0/INST_RAM1K20_IP:B_BLK_EN[2]
  Delay (ns):             10.542
  Slack (ns):              8.822
  Arrival (ns):           14.058
  Required (ns):          22.880
  Operating Conditions: slow_lv_ht

Path 86
  From: MIV_RV32_CFG1_C0_0/MIV_RV32_CFG1_C0_0/u_ipcore_0/u_hart_0/u_expipe_0/u_exu_0/fast_mul.miv_rv32_mul_0/WideMult_0_0/MACC_PHYS_INST/INST_MACC_IP:CLK
  To:   PF_SRAM_AHB_C0_0/PF_TPSRAM_AHB_AXI_0/PF_SRAM_AHB_C0_PF_TPSRAM_AHB_AXI_0_PF_TPSRAM_R53C0/INST_RAM1K20_IP:A_BLK_EN[2]
  Delay (ns):             10.374
  Slack (ns):              8.824
  Arrival (ns):           13.890
  Required (ns):          22.714
  Operating Conditions: slow_lv_ht

Path 87
  From: MIV_RV32_CFG1_C0_0/MIV_RV32_CFG1_C0_0/u_ipcore_0/u_hart_0/u_expipe_0/u_exu_0/fast_mul.miv_rv32_mul_0/WideMult_0_0/MACC_PHYS_INST/INST_MACC_IP:CLK
  To:   PF_SRAM_AHB_C0_0/PF_TPSRAM_AHB_AXI_0/PF_SRAM_AHB_C0_PF_TPSRAM_AHB_AXI_0_PF_TPSRAM_R19C0/INST_RAM1K20_IP:A_BLK_EN[2]
  Delay (ns):             10.386
  Slack (ns):              8.832
  Arrival (ns):           13.902
  Required (ns):          22.734
  Operating Conditions: slow_lv_ht

Path 88
  From: MIV_RV32_CFG1_C0_0/MIV_RV32_CFG1_C0_0/u_ipcore_0/u_hart_0/u_expipe_0/u_exu_0/fast_mul.miv_rv32_mul_0/WideMult_0_0/MACC_PHYS_INST/INST_MACC_IP:CLK
  To:   PF_SRAM_AHB_C0_0/PF_TPSRAM_AHB_AXI_0/PF_SRAM_AHB_C0_PF_TPSRAM_AHB_AXI_0_PF_TPSRAM_R61C0/INST_RAM1K20_IP:A_BLK_EN[2]
  Delay (ns):             10.393
  Slack (ns):              8.835
  Arrival (ns):           13.909
  Required (ns):          22.744
  Operating Conditions: slow_lv_ht

Path 89
  From: MIV_RV32_CFG1_C0_0/MIV_RV32_CFG1_C0_0/u_ipcore_0/u_hart_0/u_expipe_0/u_exu_0/fast_mul.miv_rv32_mul_0/WideMult_0_0/MACC_PHYS_INST/INST_MACC_IP:CLK
  To:   PF_SRAM_AHB_C0_0/PF_TPSRAM_AHB_AXI_0/PF_SRAM_AHB_C0_PF_TPSRAM_AHB_AXI_0_PF_TPSRAM_R50C0/INST_RAM1K20_IP:B_WEN[0]
  Delay (ns):             10.006
  Slack (ns):              8.840
  Arrival (ns):           13.522
  Required (ns):          22.362
  Operating Conditions: slow_lv_ht

Path 90
  From: MIV_RV32_CFG1_C0_0/MIV_RV32_CFG1_C0_0/u_ipcore_0/u_hart_0/u_expipe_0/u_exu_0/fast_mul.miv_rv32_mul_0/WideMult_0_0/MACC_PHYS_INST/INST_MACC_IP:CLK
  To:   PF_SRAM_AHB_C0_0/PF_TPSRAM_AHB_AXI_0/PF_SRAM_AHB_C0_PF_TPSRAM_AHB_AXI_0_PF_TPSRAM_R16C0/INST_RAM1K20_IP:A_WEN[0]
  Delay (ns):             10.138
  Slack (ns):              8.841
  Arrival (ns):           13.654
  Required (ns):          22.495
  Operating Conditions: slow_lv_ht

Path 91
  From: MIV_RV32_CFG1_C0_0/MIV_RV32_CFG1_C0_0/u_ipcore_0/u_hart_0/u_expipe_0/u_exu_0/fast_mul.miv_rv32_mul_0/WideMult_0_0/MACC_PHYS_INST/INST_MACC_IP:CLK
  To:   PF_SRAM_AHB_C0_0/PF_TPSRAM_AHB_AXI_0/PF_SRAM_AHB_C0_PF_TPSRAM_AHB_AXI_0_PF_TPSRAM_R27C0/INST_RAM1K20_IP:A_WEN[0]
  Delay (ns):             10.142
  Slack (ns):              8.842
  Arrival (ns):           13.658
  Required (ns):          22.500
  Operating Conditions: slow_lv_ht

Path 92
  From: MIV_RV32_CFG1_C0_0/MIV_RV32_CFG1_C0_0/u_ipcore_0/u_hart_0/u_expipe_0/u_exu_0/fast_mul.miv_rv32_mul_0/WideMult_0_0/MACC_PHYS_INST/INST_MACC_IP:CLK
  To:   PF_SRAM_AHB_C0_0/PF_TPSRAM_AHB_AXI_0/PF_SRAM_AHB_C0_PF_TPSRAM_AHB_AXI_0_PF_TPSRAM_R27C0/INST_RAM1K20_IP:B_WEN[1]
  Delay (ns):             10.032
  Slack (ns):              8.843
  Arrival (ns):           13.548
  Required (ns):          22.391
  Operating Conditions: slow_lv_ht

Path 93
  From: MIV_RV32_CFG1_C0_0/MIV_RV32_CFG1_C0_0/u_ipcore_0/u_hart_0/u_expipe_0/u_exu_0/fast_mul.miv_rv32_mul_0/WideMult_1_0/MACC_PHYS_INST/INST_MACC_IP:CLK
  To:   PF_SRAM_AHB_C0_0/PF_TPSRAM_AHB_AXI_0/PF_SRAM_AHB_C0_PF_TPSRAM_AHB_AXI_0_PF_TPSRAM_R17C0/INST_RAM1K20_IP:B_BLK_EN[2]
  Delay (ns):             10.501
  Slack (ns):              8.844
  Arrival (ns):           14.017
  Required (ns):          22.861
  Operating Conditions: slow_lv_ht

Path 94
  From: MIV_RV32_CFG1_C0_0/MIV_RV32_CFG1_C0_0/u_ipcore_0/u_hart_0/u_expipe_0/u_exu_0/fast_mul.miv_rv32_mul_0/WideMult_0_0/MACC_PHYS_INST/INST_MACC_IP:CLK
  To:   PF_SRAM_AHB_C0_0/PF_TPSRAM_AHB_AXI_0/PF_SRAM_AHB_C0_PF_TPSRAM_AHB_AXI_0_PF_TPSRAM_R16C0/INST_RAM1K20_IP:A_WEN[1]
  Delay (ns):             10.144
  Slack (ns):              8.844
  Arrival (ns):           13.660
  Required (ns):          22.504
  Operating Conditions: slow_lv_ht

Path 95
  From: PF_SRAM_AHB_C0_0/PF_TPSRAM_AHB_AXI_0/PF_SRAM_AHB_C0_PF_TPSRAM_AHB_AXI_0_PF_TPSRAM_R12C0/INST_RAM1K20_IP:A_CLK
  To:   MIV_RV32_CFG1_C0_0/MIV_RV32_CFG1_C0_0/u_ipcore_0/u_hart_0/u_expipe_0/de_ex_pipe_illegal_instr_ex:D
  Delay (ns):             10.747
  Slack (ns):              8.848
  Arrival (ns):           14.327
  Required (ns):          23.175
  Operating Conditions: slow_lv_ht

Path 96
  From: MIV_RV32_CFG1_C0_0/MIV_RV32_CFG1_C0_0/u_ipcore_0/u_hart_0/u_expipe_0/u_exu_0/fast_mul.miv_rv32_mul_0/WideMult_1_0/MACC_PHYS_INST/INST_MACC_IP:CLK
  To:   PF_SRAM_AHB_C0_0/PF_TPSRAM_AHB_AXI_0/PF_SRAM_AHB_C0_PF_TPSRAM_AHB_AXI_0_PF_TPSRAM_R49C0/INST_RAM1K20_IP:A_BLK_EN[2]
  Delay (ns):             10.381
  Slack (ns):              8.848
  Arrival (ns):           13.897
  Required (ns):          22.745
  Operating Conditions: slow_lv_ht

Path 97
  From: MIV_RV32_CFG1_C0_0/MIV_RV32_CFG1_C0_0/u_ipcore_0/u_hart_0/u_expipe_0/u_exu_0/fast_mul.miv_rv32_mul_0/WideMult_0_0/MACC_PHYS_INST/INST_MACC_IP:CLK
  To:   PF_SRAM_AHB_C0_0/PF_TPSRAM_AHB_AXI_0/PF_SRAM_AHB_C0_PF_TPSRAM_AHB_AXI_0_PF_TPSRAM_R50C0/INST_RAM1K20_IP:B_WEN[1]
  Delay (ns):             10.032
  Slack (ns):              8.849
  Arrival (ns):           13.548
  Required (ns):          22.397
  Operating Conditions: slow_lv_ht

Path 98
  From: MIV_RV32_CFG1_C0_0/MIV_RV32_CFG1_C0_0/u_ipcore_0/u_hart_0/u_expipe_0/u_exu_0/fast_mul.miv_rv32_mul_0/WideMult_0_0/MACC_PHYS_INST/INST_MACC_IP:CLK
  To:   PF_SRAM_AHB_C0_0/PF_TPSRAM_AHB_AXI_0/PF_SRAM_AHB_C0_PF_TPSRAM_AHB_AXI_0_PF_TPSRAM_R50C0/INST_RAM1K20_IP:B_BLK_EN[2]
  Delay (ns):             10.486
  Slack (ns):              8.852
  Arrival (ns):           14.002
  Required (ns):          22.854
  Operating Conditions: slow_lv_ht

Path 99
  From: PF_SRAM_AHB_C0_0/PF_TPSRAM_AHB_AXI_0/PF_SRAM_AHB_C0_PF_TPSRAM_AHB_AXI_0_PF_TPSRAM_R55C0/INST_RAM1K20_IP:A_CLK
  To:   MIV_RV32_CFG1_C0_0/MIV_RV32_CFG1_C0_0/u_ipcore_0/u_hart_0/u_expipe_0/de_ex_pipe_illegal_instr_ex:D
  Delay (ns):             10.722
  Slack (ns):              8.853
  Arrival (ns):           14.310
  Required (ns):          23.163
  Operating Conditions: slow_lv_ht

Path 100
  From: MIV_RV32_CFG1_C0_0/MIV_RV32_CFG1_C0_0/u_ipcore_0/u_hart_0/u_expipe_0/u_exu_0/fast_mul.miv_rv32_mul_0/WideMult_0_0/MACC_PHYS_INST/INST_MACC_IP:CLK
  To:   PF_SRAM_AHB_C0_0/PF_TPSRAM_AHB_AXI_0/PF_SRAM_AHB_C0_PF_TPSRAM_AHB_AXI_0_PF_TPSRAM_R51C0/INST_RAM1K20_IP:A_WEN[0]
  Delay (ns):             10.118
  Slack (ns):              8.854
  Arrival (ns):           13.634
  Required (ns):          22.488
  Operating Conditions: slow_lv_ht

