Timing Violation Report Min Delay Analysis

SmartTime Version 2025.2
Microchip Technology Inc. - Microchip Libero Software Release 2025.2 (Version 2025.2.0.14)
Date: Mon Jan 19 01:14:28 2026


Design: BaseDesign
Family: PolarFireSoC
Die: MPFS095T
Package: FCSG325
Temperature Range: 0 - 100 C
Voltage Range: 0.97 - 1.03 V
Speed Grade: -1
Design State: Post-Layout
Data source: Production
Multi Corner Report Operating Conditions: slow_lv_lt,fast_hv_lt,slow_lv_ht


Path 1
  From: MIV_RV32_CFG1_C0_0/MIV_RV32_CFG1_C0_0/u_ipcore_0/gen_subsys_debug.u_subsys_debug_unit_0/debug_resp_fifo/rd_gray_ptr_synch[0]:CLK
  To:   MIV_RV32_CFG1_C0_0/MIV_RV32_CFG1_C0_0/u_ipcore_0/gen_subsys_debug.u_subsys_debug_unit_0/debug_resp_fifo/rd_gray_ptr_in_write[0]:D
  Delay (ns):              0.144
  Slack (ns):              0.068
  Arrival (ns):            2.099
  Required (ns):           2.031
  Operating Conditions: fast_hv_lt

Path 2
  From: MIV_ESS_C0_0/CoreUARTapb_0/uUART/make_RX/rx_shift[1]:CLK
  To:   MIV_ESS_C0_0/CoreUARTapb_0/uUART/make_RX/rx_shift[0]:D
  Delay (ns):              0.155
  Slack (ns):              0.078
  Arrival (ns):            2.119
  Required (ns):           2.041
  Operating Conditions: fast_hv_lt

Path 3
  From: MIV_ESS_C0_0/CoreUARTapb_0/uUART/make_RX/rx_shift[1]:CLK
  To:   MIV_ESS_C0_0/CoreUARTapb_0/uUART/make_RX/rx_byte[1]:D
  Delay (ns):              0.157
  Slack (ns):              0.080
  Arrival (ns):            2.121
  Required (ns):           2.041
  Operating Conditions: fast_hv_lt

Path 4
  From: CORERESET_PF_C0_0/CORERESET_PF_C0_0/dff_9[0]:CLK
  To:   CORERESET_PF_C0_0/CORERESET_PF_C0_0/dff_10[0]:D
  Delay (ns):              0.155
  Slack (ns):              0.081
  Arrival (ns):            2.135
  Required (ns):           2.054
  Operating Conditions: fast_hv_lt

Path 5
  From: sram_test_module_0/exp_d2[14]:CLK
  To:   sram_test_module_0/exp_d3[14]:D
  Delay (ns):              0.156
  Slack (ns):              0.082
  Arrival (ns):            2.128
  Required (ns):           2.046
  Operating Conditions: fast_hv_lt

Path 6
  From: sram_test_module_0/exp_d2[16]:CLK
  To:   sram_test_module_0/exp_d3[16]:D
  Delay (ns):              0.151
  Slack (ns):              0.083
  Arrival (ns):            2.124
  Required (ns):           2.041
  Operating Conditions: fast_hv_lt

Path 7
  From: sram_test_module_0/exp_d2[0]:CLK
  To:   sram_test_module_0/exp_d3[0]:D
  Delay (ns):              0.151
  Slack (ns):              0.083
  Arrival (ns):            2.120
  Required (ns):           2.037
  Operating Conditions: fast_hv_lt

Path 8
  From: MIV_ESS_C0_0/CoreGPIO_0/xhdl1.GEN_BITS_0[7]:CLK
  To:   MIV_ESS_C0_0/CoreGPIO_0/xhdl1.GEN_BITS_1[7]:D
  Delay (ns):              0.157
  Slack (ns):              0.083
  Arrival (ns):            2.106
  Required (ns):           2.023
  Operating Conditions: fast_hv_lt

Path 9
  From: sram_test_module_0/rd_d1[17]:CLK
  To:   sram_test_module_0/rd_d2[17]:D
  Delay (ns):              0.158
  Slack (ns):              0.084
  Arrival (ns):            2.112
  Required (ns):           2.028
  Operating Conditions: fast_hv_lt

Path 10
  From: MIV_ESS_C0_0/CoreUARTapb_0/uUART/tx_hold_reg[7]:CLK
  To:   MIV_ESS_C0_0/CoreUARTapb_0/uUART/make_TX/tx_byte[7]:D
  Delay (ns):              0.161
  Slack (ns):              0.084
  Arrival (ns):            2.123
  Required (ns):           2.039
  Operating Conditions: fast_hv_lt

Path 11
  From: MIV_ESS_C0_0/CoreUARTapb_0/uUART/make_RX/samples_2[0]:CLK
  To:   MIV_ESS_C0_0/CoreUARTapb_0/uUART/make_RX/samples_1[0]:D
  Delay (ns):              0.152
  Slack (ns):              0.084
  Arrival (ns):            2.130
  Required (ns):           2.046
  Operating Conditions: fast_hv_lt

Path 12
  From: MIV_ESS_C0_0/CoreUARTapb_0/uUART/make_RX/rx_shift[2]:CLK
  To:   MIV_ESS_C0_0/CoreUARTapb_0/uUART/make_RX/rx_shift[1]:D
  Delay (ns):              0.161
  Slack (ns):              0.084
  Arrival (ns):            2.125
  Required (ns):           2.041
  Operating Conditions: fast_hv_lt

Path 13
  From: MIV_ESS_C0_0/CoreGPIO_0/xhdl1.GEN_BITS[2].gpin1[2]:CLK
  To:   MIV_ESS_C0_0/CoreGPIO_0/xhdl1.GEN_BITS[2].gpin2[2]:D
  Delay (ns):              0.158
  Slack (ns):              0.084
  Arrival (ns):            2.111
  Required (ns):           2.027
  Operating Conditions: fast_hv_lt

Path 14
  From: CORERESET_PF_C0_0/CORERESET_PF_C0_0/dff_8[0]:CLK
  To:   CORERESET_PF_C0_0/CORERESET_PF_C0_0/dff_9[0]:D
  Delay (ns):              0.158
  Slack (ns):              0.084
  Arrival (ns):            2.138
  Required (ns):           2.054
  Operating Conditions: fast_hv_lt

Path 15
  From: CORERESET_PF_C0_0/CORERESET_PF_C0_0/dff_2[0]:CLK
  To:   CORERESET_PF_C0_0/CORERESET_PF_C0_0/dff_3[0]:D
  Delay (ns):              0.158
  Slack (ns):              0.084
  Arrival (ns):            2.138
  Required (ns):           2.054
  Operating Conditions: fast_hv_lt

Path 16
  From: MIV_ESS_C0_0/CoreUARTapb_0/uUART/tx_hold_reg[3]:CLK
  To:   MIV_ESS_C0_0/CoreUARTapb_0/uUART/make_TX/tx_byte[3]:D
  Delay (ns):              0.163
  Slack (ns):              0.085
  Arrival (ns):            2.124
  Required (ns):           2.039
  Operating Conditions: fast_hv_lt

Path 17
  From: sram_test_module_0/st1:CLK
  To:   sram_test_module_0/st_prev:D
  Delay (ns):              0.163
  Slack (ns):              0.086
  Arrival (ns):            2.119
  Required (ns):           2.033
  Operating Conditions: fast_hv_lt

Path 18
  From: CORERESET_PF_C0_0/CORERESET_PF_C0_0/dff_7[0]:CLK
  To:   CORERESET_PF_C0_0/CORERESET_PF_C0_0/dff_8[0]:D
  Delay (ns):              0.160
  Slack (ns):              0.086
  Arrival (ns):            2.140
  Required (ns):           2.054
  Operating Conditions: fast_hv_lt

Path 19
  From: CORERESET_PF_C0_0/CORERESET_PF_C0_0/dff_11[0]:CLK
  To:   CORERESET_PF_C0_0/CORERESET_PF_C0_0/dff_12[0]:D
  Delay (ns):              0.160
  Slack (ns):              0.086
  Arrival (ns):            2.140
  Required (ns):           2.054
  Operating Conditions: fast_hv_lt

Path 20
  From: sram_test_module_0/rd_d2[19]:CLK
  To:   sram_test_module_0/rd_d3[19]:D
  Delay (ns):              0.161
  Slack (ns):              0.087
  Arrival (ns):            2.112
  Required (ns):           2.025
  Operating Conditions: fast_hv_lt

Path 21
  From: sram_test_module_0/exp_d2[12]:CLK
  To:   sram_test_module_0/exp_d3[12]:D
  Delay (ns):              0.161
  Slack (ns):              0.087
  Arrival (ns):            2.134
  Required (ns):           2.047
  Operating Conditions: fast_hv_lt

Path 22
  From: sram_test_module_0/exp_d2[11]:CLK
  To:   sram_test_module_0/exp_d3[11]:D
  Delay (ns):              0.161
  Slack (ns):              0.087
  Arrival (ns):            2.130
  Required (ns):           2.043
  Operating Conditions: fast_hv_lt

Path 23
  From: CORERESET_PF_C0_0/CORERESET_PF_C0_0/dff_14[0]:CLK
  To:   CORERESET_PF_C0_0/CORERESET_PF_C0_0/dff_15[0]:D
  Delay (ns):              0.161
  Slack (ns):              0.087
  Arrival (ns):            2.141
  Required (ns):           2.054
  Operating Conditions: fast_hv_lt

Path 24
  From: MIV_RV32_CFG1_C0_0/MIV_RV32_CFG1_C0_0/u_ipcore_0/gen_subsys_debug.u_subsys_debug_unit_0/miv_rv32_debug_du_0/data_0_reg[11]:CLK
  To:   MIV_RV32_CFG1_C0_0/MIV_RV32_CFG1_C0_0/u_ipcore_0/gen_subsys_debug.u_subsys_debug_unit_0/miv_rv32_debug_du_0/debug_op_wr_data[11]:D
  Delay (ns):              0.162
  Slack (ns):              0.088
  Arrival (ns):            2.139
  Required (ns):           2.051
  Operating Conditions: fast_hv_lt

Path 25
  From: CORERESET_PF_C0_0/CORERESET_PF_C0_0/dff_10[0]:CLK
  To:   CORERESET_PF_C0_0/CORERESET_PF_C0_0/dff_11[0]:D
  Delay (ns):              0.162
  Slack (ns):              0.088
  Arrival (ns):            2.142
  Required (ns):           2.054
  Operating Conditions: fast_hv_lt

Path 26
  From: sram_test_module_0/rd_d1[15]:CLK
  To:   sram_test_module_0/rd_d2[15]:D
  Delay (ns):              0.163
  Slack (ns):              0.089
  Arrival (ns):            2.117
  Required (ns):           2.028
  Operating Conditions: fast_hv_lt

Path 27
  From: sram_test_module_0/exp_d2[9]:CLK
  To:   sram_test_module_0/exp_d3[9]:D
  Delay (ns):              0.163
  Slack (ns):              0.089
  Arrival (ns):            2.132
  Required (ns):           2.043
  Operating Conditions: fast_hv_lt

Path 28
  From: CORERESET_PF_C0_0/CORERESET_PF_C0_0/dff_3[0]:CLK
  To:   CORERESET_PF_C0_0/CORERESET_PF_C0_0/dff_4[0]:D
  Delay (ns):              0.163
  Slack (ns):              0.089
  Arrival (ns):            2.143
  Required (ns):           2.054
  Operating Conditions: fast_hv_lt

Path 29
  From: sram_test_module_0/state[0]:CLK
  To:   sram_test_module_0/state[1]:D
  Delay (ns):              0.167
  Slack (ns):              0.090
  Arrival (ns):            2.145
  Required (ns):           2.055
  Operating Conditions: fast_hv_lt

Path 30
  From: MIV_ESS_C0_0/CoreGPIO_0/xhdl1.GEN_BITS[3].gpin1[3]:CLK
  To:   MIV_ESS_C0_0/CoreGPIO_0/xhdl1.GEN_BITS[3].gpin2[3]:D
  Delay (ns):              0.164
  Slack (ns):              0.090
  Arrival (ns):            2.117
  Required (ns):           2.027
  Operating Conditions: fast_hv_lt

Path 31
  From: MIV_ESS_C0_0/CoreGPIO_0/xhdl1.GEN_BITS[3].gpin2[3]:CLK
  To:   MIV_ESS_C0_0/CoreGPIO_0/xhdl1.GEN_BITS[3].gpin3[3]:D
  Delay (ns):              0.165
  Slack (ns):              0.091
  Arrival (ns):            2.118
  Required (ns):           2.027
  Operating Conditions: fast_hv_lt

Path 32
  From: sram_test_module_0/exp_d2[3]:CLK
  To:   sram_test_module_0/exp_d3[3]:D
  Delay (ns):              0.168
  Slack (ns):              0.094
  Arrival (ns):            2.140
  Required (ns):           2.046
  Operating Conditions: fast_hv_lt

Path 33
  From: MIV_ESS_C0_0/MIV_PLIC_0/plic_core_ip.genblk1[1].interrupt_pending_register/interrupt_pending_reg[0]:CLK
  To:   MIV_ESS_C0_0/MIV_PLIC_0/interrupt_claim_complete_0/int_priority[1]:D
  Delay (ns):              0.172
  Slack (ns):              0.099
  Arrival (ns):            2.130
  Required (ns):           2.031
  Operating Conditions: fast_hv_lt

Path 34
  From: MIV_ESS_C0_0/CoreUARTapb_0/uUART/make_RX/rx_shift[0]:CLK
  To:   MIV_ESS_C0_0/CoreUARTapb_0/uUART/make_RX/rx_byte[0]:D
  Delay (ns):              0.197
  Slack (ns):              0.099
  Arrival (ns):            2.161
  Required (ns):           2.062
  Operating Conditions: fast_hv_lt

Path 35
  From: MIV_RV32_CFG1_C0_0/MIV_RV32_CFG1_C0_0/u_ipcore_0/u_hart_0/u_fetch_unit_0/u_miv_rv32_ifu_iab_0/buff_req_wr_ptr_0[0]:CLK
  To:   MIV_RV32_CFG1_C0_0/MIV_RV32_CFG1_C0_0/u_ipcore_0/u_hart_0/u_fetch_unit_0/u_miv_rv32_ifu_iab_0/buff_req_wr_ptr_1[0]:D
  Delay (ns):              0.180
  Slack (ns):              0.106
  Arrival (ns):            2.118
  Required (ns):           2.012
  Operating Conditions: fast_hv_lt

Path 36
  From: sram_test_module_0/exp_d2[5]:CLK
  To:   sram_test_module_0/exp_d3[5]:D
  Delay (ns):              0.207
  Slack (ns):              0.108
  Arrival (ns):            2.169
  Required (ns):           2.061
  Operating Conditions: fast_hv_lt

Path 37
  From: MIV_RV32_CFG1_C0_0/MIV_RV32_CFG1_C0_0/u_ipcore_0/u_hart_0/u_expipe_0/de_ex_pipe_curr_instr_enc_ex[6]:CLK
  To:   MIV_RV32_CFG1_C0_0/MIV_RV32_CFG1_C0_0/u_ipcore_0/u_hart_0/u_expipe_0/ex_retr_pipe_curr_instr_enc_retr[6]:D
  Delay (ns):              0.198
  Slack (ns):              0.109
  Arrival (ns):            2.146
  Required (ns):           2.037
  Operating Conditions: fast_hv_lt

Path 38
  From: sram_test_module_0/state[1]:CLK
  To:   sram_test_module_0/exp_d1[0]:D
  Delay (ns):              0.187
  Slack (ns):              0.110
  Arrival (ns):            2.165
  Required (ns):           2.055
  Operating Conditions: fast_hv_lt

Path 39
  From: MIV_ESS_C0_0/CoreUARTapb_0/uUART/make_CLOCK_GEN/genblk1.baud_clock_int:CLK
  To:   MIV_ESS_C0_0/CoreUARTapb_0/uUART/make_CLOCK_GEN/xmit_cntr[0]:D
  Delay (ns):              0.258
  Slack (ns):              0.110
  Arrival (ns):            2.218
  Required (ns):           2.108
  Operating Conditions: fast_hv_lt

Path 40
  From: sram_test_module_0/rd_d2[13]:CLK
  To:   sram_test_module_0/rd_d3[13]:D
  Delay (ns):              0.186
  Slack (ns):              0.112
  Arrival (ns):            2.137
  Required (ns):           2.025
  Operating Conditions: fast_hv_lt

Path 41
  From: CORERESET_PF_C0_0/CORERESET_PF_C0_0/dff_4[0]:CLK
  To:   CORERESET_PF_C0_0/CORERESET_PF_C0_0/dff_5[0]:D
  Delay (ns):              0.186
  Slack (ns):              0.112
  Arrival (ns):            2.166
  Required (ns):           2.054
  Operating Conditions: fast_hv_lt

Path 42
  From: sram_test_module_0/exp_d1[17]:CLK
  To:   sram_test_module_0/exp_d2[17]:D
  Delay (ns):              0.215
  Slack (ns):              0.115
  Arrival (ns):            2.187
  Required (ns):           2.072
  Operating Conditions: fast_hv_lt

Path 43
  From: MIV_RV32_CFG1_C0_0/MIV_RV32_CFG1_C0_0/u_ipcore_0/gen_subsys_debug.u_subsys_debug_unit_0/miv_rv32_debug_du_0/cmderr_ff[0]:CLK
  To:   MIV_RV32_CFG1_C0_0/MIV_RV32_CFG1_C0_0/u_ipcore_0/gen_subsys_debug.u_subsys_debug_unit_0/miv_rv32_debug_du_0/abstractcs_cmderr[0]:D
  Delay (ns):              0.192
  Slack (ns):              0.115
  Arrival (ns):            2.146
  Required (ns):           2.031
  Operating Conditions: fast_hv_lt

Path 44
  From: MIV_ESS_C0_0/CoreUARTapb_0/uUART/tx_hold_reg[4]:CLK
  To:   MIV_ESS_C0_0/CoreUARTapb_0/uUART/make_TX/tx_byte[4]:D
  Delay (ns):              0.207
  Slack (ns):              0.115
  Arrival (ns):            2.167
  Required (ns):           2.052
  Operating Conditions: fast_hv_lt

Path 45
  From: MIV_ESS_C0_0/CoreUARTapb_0/uUART/tx_hold_reg[2]:CLK
  To:   MIV_ESS_C0_0/CoreUARTapb_0/uUART/make_TX/tx_byte[2]:D
  Delay (ns):              0.207
  Slack (ns):              0.115
  Arrival (ns):            2.167
  Required (ns):           2.052
  Operating Conditions: fast_hv_lt

Path 46
  From: MIV_RV32_CFG1_C0_0/MIV_RV32_CFG1_C0_0/u_ipcore_0/gen_subsys_debug.u_subsys_debug_unit_0/miv_rv32_debug_du_0/data_0_reg[4]:CLK
  To:   MIV_RV32_CFG1_C0_0/MIV_RV32_CFG1_C0_0/u_ipcore_0/gen_subsys_debug.u_subsys_debug_unit_0/miv_rv32_debug_du_0/debug_op_wr_data[4]:D
  Delay (ns):              0.190
  Slack (ns):              0.116
  Arrival (ns):            2.143
  Required (ns):           2.027
  Operating Conditions: fast_hv_lt

Path 47
  From: sram_test_module_0/exp_d2[10]:CLK
  To:   sram_test_module_0/exp_d3[10]:D
  Delay (ns):              0.191
  Slack (ns):              0.117
  Arrival (ns):            2.160
  Required (ns):           2.043
  Operating Conditions: fast_hv_lt

Path 48
  From: MIV_ESS_C0_0/CoreUARTapb_0/uUART/make_TX/xmit_state[2]:CLK
  To:   MIV_ESS_C0_0/CoreUARTapb_0/uUART/make_TX/xmit_state[3]:D
  Delay (ns):              0.258
  Slack (ns):              0.117
  Arrival (ns):            2.219
  Required (ns):           2.102
  Operating Conditions: fast_hv_lt

Path 49
  From: MIV_ESS_C0_0/CoreUARTapb_0/uUART/make_RX/rx_shift[6]:CLK
  To:   MIV_ESS_C0_0/CoreUARTapb_0/uUART/make_RX/rx_shift[5]:D
  Delay (ns):              0.194
  Slack (ns):              0.117
  Arrival (ns):            2.158
  Required (ns):           2.041
  Operating Conditions: fast_hv_lt

Path 50
  From: sram_test_module_0/st0:CLK
  To:   sram_test_module_0/st1:D
  Delay (ns):              0.195
  Slack (ns):              0.118
  Arrival (ns):            2.151
  Required (ns):           2.033
  Operating Conditions: fast_hv_lt

Path 51
  From: MIV_RV32_CFG1_C0_0/MIV_RV32_CFG1_C0_0/u_ipcore_0/u_hart_0/u_expipe_0/de_ex_pipe_curr_instr_enc_ex[17]:CLK
  To:   MIV_RV32_CFG1_C0_0/MIV_RV32_CFG1_C0_0/u_ipcore_0/u_hart_0/u_expipe_0/ex_retr_pipe_curr_instr_enc_retr[17]:D
  Delay (ns):              0.204
  Slack (ns):              0.118
  Arrival (ns):            2.146
  Required (ns):           2.028
  Operating Conditions: fast_hv_lt

Path 52
  From: MIV_ESS_C0_0/CoreUARTapb_0/uUART/tx_hold_reg[0]:CLK
  To:   MIV_ESS_C0_0/CoreUARTapb_0/uUART/make_TX/tx_byte[0]:D
  Delay (ns):              0.210
  Slack (ns):              0.118
  Arrival (ns):            2.170
  Required (ns):           2.052
  Operating Conditions: fast_hv_lt

Path 53
  From: MIV_ESS_C0_0/CoreUARTapb_0/uUART/make_RX/rx_shift[5]:CLK
  To:   MIV_ESS_C0_0/CoreUARTapb_0/uUART/make_RX/rx_shift[4]:D
  Delay (ns):              0.195
  Slack (ns):              0.118
  Arrival (ns):            2.159
  Required (ns):           2.041
  Operating Conditions: fast_hv_lt

Path 54
  From: MIV_ESS_C0_0/CoreUARTapb_0/uUART/tx_hold_reg[6]:CLK
  To:   MIV_ESS_C0_0/CoreUARTapb_0/uUART/make_TX/tx_byte[6]:D
  Delay (ns):              0.197
  Slack (ns):              0.120
  Arrival (ns):            2.159
  Required (ns):           2.039
  Operating Conditions: fast_hv_lt

Path 55
  From: MIV_ESS_C0_0/CoreUARTapb_0/uUART/make_RX/rx_shift[3]:CLK
  To:   MIV_ESS_C0_0/CoreUARTapb_0/uUART/make_RX/rx_byte[3]:D
  Delay (ns):              0.218
  Slack (ns):              0.120
  Arrival (ns):            2.182
  Required (ns):           2.062
  Operating Conditions: fast_hv_lt

Path 56
  From: CORERESET_PF_C0_0/CORERESET_PF_C0_0/dff_12[0]:CLK
  To:   CORERESET_PF_C0_0/CORERESET_PF_C0_0/dff_13[0]:D
  Delay (ns):              0.194
  Slack (ns):              0.120
  Arrival (ns):            2.174
  Required (ns):           2.054
  Operating Conditions: fast_hv_lt

Path 57
  From: sram_test_module_0/exp_d2[8]:CLK
  To:   sram_test_module_0/exp_d3[8]:D
  Delay (ns):              0.195
  Slack (ns):              0.121
  Arrival (ns):            2.167
  Required (ns):           2.046
  Operating Conditions: fast_hv_lt

Path 58
  From: MIV_ESS_C0_0/CoreUARTapb_0/uUART/make_RX/samples_1[0]:CLK
  To:   MIV_ESS_C0_0/CoreUARTapb_0/uUART/make_RX/samples_0[0]:D
  Delay (ns):              0.195
  Slack (ns):              0.121
  Arrival (ns):            2.173
  Required (ns):           2.052
  Operating Conditions: fast_hv_lt

Path 59
  From: MIV_RV32_CFG1_C0_0/MIV_RV32_CFG1_C0_0/u_ipcore_0/gen_subsys_debug.u_subsys_debug_unit_0/miv_rv32_debug_du_0/data_0_reg[24]:CLK
  To:   MIV_RV32_CFG1_C0_0/MIV_RV32_CFG1_C0_0/u_ipcore_0/gen_subsys_debug.u_subsys_debug_unit_0/miv_rv32_debug_du_0/debug_op_wr_data[24]:D
  Delay (ns):              0.209
  Slack (ns):              0.122
  Arrival (ns):            2.157
  Required (ns):           2.035
  Operating Conditions: fast_hv_lt

Path 60
  From: MIV_RV32_CFG1_C0_0/MIV_RV32_CFG1_C0_0/u_ipcore_0/gen_subsys_debug.u_subsys_debug_unit_0/debug_req_fifo/rd_gray_ptr_synch[1]:CLK
  To:   MIV_RV32_CFG1_C0_0/MIV_RV32_CFG1_C0_0/u_ipcore_0/gen_subsys_debug.u_subsys_debug_unit_0/debug_req_fifo/rd_gray_ptr_in_write[1]:D
  Delay (ns):              0.214
  Slack (ns):              0.122
  Arrival (ns):            3.627
  Required (ns):           3.505
  Operating Conditions: fast_hv_lt

Path 61
  From: MIV_RV32_CFG1_C0_0/MIV_RV32_CFG1_C0_0/u_ipcore_0/gen_subsys_debug.u_subsys_debug_unit_0/debug_req_fifo/genblk1.rst_synch_reg[1]:CLK
  To:   MIV_RV32_CFG1_C0_0/MIV_RV32_CFG1_C0_0/u_ipcore_0/gen_subsys_debug.u_subsys_debug_unit_0/debug_req_fifo/genblk1.rst_synch_reg[0]:D
  Delay (ns):              0.195
  Slack (ns):              0.122
  Arrival (ns):            2.156
  Required (ns):           2.034
  Operating Conditions: fast_hv_lt

Path 62
  From: MIV_RV32_CFG1_C0_0/MIV_RV32_CFG1_C0_0/u_ipcore_0/u_subsys_interconnect_0/u_subsys_regs/u_req_buffer/gen_buff_loop[0].buff_valid[0]:CLK
  To:   MIV_RV32_CFG1_C0_0/MIV_RV32_CFG1_C0_0/u_ipcore_0/u_subsys_interconnect_0/u_subsys_regs/u_req_buffer/buff_rd_ptr[0]:D
  Delay (ns):              0.197
  Slack (ns):              0.123
  Arrival (ns):            2.165
  Required (ns):           2.042
  Operating Conditions: fast_hv_lt

Path 63
  From: MIV_RV32_CFG1_C0_0/MIV_RV32_CFG1_C0_0/u_ipcore_0/gen_subsys_debug.u_subsys_debug_unit_0/miv_rv32_debug_du_0/cmderr_ff[1]:CLK
  To:   MIV_RV32_CFG1_C0_0/MIV_RV32_CFG1_C0_0/u_ipcore_0/gen_subsys_debug.u_subsys_debug_unit_0/miv_rv32_debug_du_0/abstractcs_cmderr[1]:D
  Delay (ns):              0.199
  Slack (ns):              0.123
  Arrival (ns):            2.154
  Required (ns):           2.031
  Operating Conditions: fast_hv_lt

Path 64
  From: CORERESET_PF_C0_0/CORERESET_PF_C0_0/dff_1[0]:CLK
  To:   CORERESET_PF_C0_0/CORERESET_PF_C0_0/dff_2[0]:D
  Delay (ns):              0.213
  Slack (ns):              0.123
  Arrival (ns):            2.193
  Required (ns):           2.070
  Operating Conditions: fast_hv_lt

Path 65
  From: MIV_ESS_C0_0/CoreUARTapb_0/uUART/make_RX/rx_shift[3]:CLK
  To:   MIV_ESS_C0_0/CoreUARTapb_0/uUART/make_RX/rx_shift[2]:D
  Delay (ns):              0.201
  Slack (ns):              0.124
  Arrival (ns):            2.165
  Required (ns):           2.041
  Operating Conditions: fast_hv_lt

Path 66
  From: MIV_ESS_C0_0/CoreGPIO_0/xhdl1.GEN_BITS_1[7]:CLK
  To:   MIV_ESS_C0_0/CoreGPIO_0/xhdl1.GEN_BITS_2[7]:D
  Delay (ns):              0.198
  Slack (ns):              0.124
  Arrival (ns):            2.147
  Required (ns):           2.023
  Operating Conditions: fast_hv_lt

Path 67
  From: MIV_ESS_C0_0/CoreGPIO_0/xhdl1.GEN_BITS[3].gpin3[3]:CLK
  To:   MIV_ESS_C0_0/CoreGPIO_0/xhdl1.GEN_BITS[3].APB_32.edge_pos[3]:D
  Delay (ns):              0.198
  Slack (ns):              0.124
  Arrival (ns):            2.151
  Required (ns):           2.027
  Operating Conditions: fast_hv_lt

Path 68
  From: CORERESET_PF_C0_0/CORERESET_PF_C0_0/dff_13[0]:CLK
  To:   CORERESET_PF_C0_0/CORERESET_PF_C0_0/dff_14[0]:D
  Delay (ns):              0.213
  Slack (ns):              0.124
  Arrival (ns):            2.193
  Required (ns):           2.069
  Operating Conditions: fast_hv_lt

Path 69
  From: sram_test_module_0/exp_d2[17]:CLK
  To:   sram_test_module_0/exp_d3[17]:D
  Delay (ns):              0.199
  Slack (ns):              0.125
  Arrival (ns):            2.168
  Required (ns):           2.043
  Operating Conditions: fast_hv_lt

Path 70
  From: MIV_RV32_CFG1_C0_0/MIV_RV32_CFG1_C0_0/u_ipcore_0/u_subsys_interconnect_0/u_subsys_regs/u_subsys_hart_soft_reset_reg/gen_bit_reset.state_val[0]:CLK
  To:   MIV_RV32_CFG1_C0_0/MIV_RV32_CFG1_C0_0/u_ipcore_0/u_subsys_interconnect_0/u_subsys_regs/toggle_hart_soft_reset:D
  Delay (ns):              0.197
  Slack (ns):              0.125
  Arrival (ns):            2.139
  Required (ns):           2.014
  Operating Conditions: fast_hv_lt

Path 71
  From: MIV_RV32_CFG1_C0_0/MIV_RV32_CFG1_C0_0/u_ipcore_0/gen_subsys_debug.u_subsys_debug_unit_0/MIV_subsys_debug_transport_module_jtag_0/gen_shift_register_active_high.gen_shift_register_active_low.shiftDMI[36]:CLK
  To:   MIV_RV32_CFG1_C0_0/MIV_RV32_CFG1_C0_0/u_ipcore_0/gen_subsys_debug.u_subsys_debug_unit_0/MIV_subsys_debug_transport_module_jtag_0/gen_shift_register_active_high.gen_shift_register_active_low.shiftDMI[35]:D
  Delay (ns):              0.201
  Slack (ns):              0.125
  Arrival (ns):            3.419
  Required (ns):           3.294
  Operating Conditions: fast_hv_lt

Path 72
  From: sram_test_module_0/exp_d2[6]:CLK
  To:   sram_test_module_0/exp_d3[6]:D
  Delay (ns):              0.200
  Slack (ns):              0.126
  Arrival (ns):            2.173
  Required (ns):           2.047
  Operating Conditions: fast_hv_lt

Path 73
  From: sram_test_module_0/exp_d2[18]:CLK
  To:   sram_test_module_0/exp_d3[18]:D
  Delay (ns):              0.200
  Slack (ns):              0.126
  Arrival (ns):            2.173
  Required (ns):           2.047
  Operating Conditions: fast_hv_lt

Path 74
  From: MIV_RV32_CFG1_C0_0/MIV_RV32_CFG1_C0_0/u_ipcore_0/u_hart_0/u_expipe_0/u_exu_0/div_divisor[19]:CLK
  To:   MIV_RV32_CFG1_C0_0/MIV_RV32_CFG1_C0_0/u_ipcore_0/u_hart_0/u_expipe_0/u_exu_0/div_divisor[18]:D
  Delay (ns):              0.200
  Slack (ns):              0.126
  Arrival (ns):            2.154
  Required (ns):           2.028
  Operating Conditions: fast_hv_lt

Path 75
  From: MIV_RV32_CFG1_C0_0/MIV_RV32_CFG1_C0_0/u_ipcore_0/u_hart_0/u_expipe_0/u_exu_0/div_divisor[34]:CLK
  To:   MIV_RV32_CFG1_C0_0/MIV_RV32_CFG1_C0_0/u_ipcore_0/u_hart_0/u_expipe_0/u_exu_0/div_divisor[33]:D
  Delay (ns):              0.204
  Slack (ns):              0.127
  Arrival (ns):            2.170
  Required (ns):           2.043
  Operating Conditions: fast_hv_lt

Path 76
  From: MIV_RV32_CFG1_C0_0/MIV_RV32_CFG1_C0_0/u_ipcore_0/u_hart_0/u_expipe_0/u_exu_0/div_divisor[17]:CLK
  To:   MIV_RV32_CFG1_C0_0/MIV_RV32_CFG1_C0_0/u_ipcore_0/u_hart_0/u_expipe_0/u_exu_0/div_divisor[16]:D
  Delay (ns):              0.201
  Slack (ns):              0.127
  Arrival (ns):            2.155
  Required (ns):           2.028
  Operating Conditions: fast_hv_lt

Path 77
  From: MIV_RV32_CFG1_C0_0/MIV_RV32_CFG1_C0_0/u_ipcore_0/gen_subsys_debug.u_subsys_debug_unit_0/miv_rv32_debug_du_0/data_0_reg[27]:CLK
  To:   MIV_RV32_CFG1_C0_0/MIV_RV32_CFG1_C0_0/u_ipcore_0/gen_subsys_debug.u_subsys_debug_unit_0/miv_rv32_debug_du_0/debug_op_wr_data[27]:D
  Delay (ns):              0.207
  Slack (ns):              0.127
  Arrival (ns):            2.160
  Required (ns):           2.033
  Operating Conditions: fast_hv_lt

Path 78
  From: CORERESET_PF_C0_0/CORERESET_PF_C0_0/dff_6[0]:CLK
  To:   CORERESET_PF_C0_0/CORERESET_PF_C0_0/dff_7[0]:D
  Delay (ns):              0.201
  Slack (ns):              0.127
  Arrival (ns):            2.181
  Required (ns):           2.054
  Operating Conditions: fast_hv_lt

Path 79
  From: MIV_RV32_CFG1_C0_0/MIV_RV32_CFG1_C0_0/u_ipcore_0/u_hart_0/u_expipe_0/u_exu_0/div_divisor[15]:CLK
  To:   MIV_RV32_CFG1_C0_0/MIV_RV32_CFG1_C0_0/u_ipcore_0/u_hart_0/u_expipe_0/u_exu_0/div_divisor[14]:D
  Delay (ns):              0.202
  Slack (ns):              0.128
  Arrival (ns):            2.156
  Required (ns):           2.028
  Operating Conditions: fast_hv_lt

Path 80
  From: MIV_RV32_CFG1_C0_0/MIV_RV32_CFG1_C0_0/u_ipcore_0/gen_subsys_debug.u_subsys_debug_unit_0/miv_rv32_debug_du_0/data_0_reg[9]:CLK
  To:   MIV_RV32_CFG1_C0_0/MIV_RV32_CFG1_C0_0/u_ipcore_0/gen_subsys_debug.u_subsys_debug_unit_0/miv_rv32_debug_du_0/debug_op_wr_data[9]:D
  Delay (ns):              0.202
  Slack (ns):              0.128
  Arrival (ns):            2.179
  Required (ns):           2.051
  Operating Conditions: fast_hv_lt

Path 81
  From: MIV_RV32_CFG1_C0_0/MIV_RV32_CFG1_C0_0/u_ipcore_0/gen_subsys_debug.u_subsys_debug_unit_0/miv_rv32_debug_du_0/data_0_reg[6]:CLK
  To:   MIV_RV32_CFG1_C0_0/MIV_RV32_CFG1_C0_0/u_ipcore_0/gen_subsys_debug.u_subsys_debug_unit_0/miv_rv32_debug_du_0/debug_op_wr_data[6]:D
  Delay (ns):              0.210
  Slack (ns):              0.128
  Arrival (ns):            2.163
  Required (ns):           2.035
  Operating Conditions: fast_hv_lt

Path 82
  From: MIV_RV32_CFG1_C0_0/MIV_RV32_CFG1_C0_0/u_ipcore_0/gen_subsys_debug.u_subsys_debug_unit_0/debug_req_fifo/rd_gray_ptr[1]:CLK
  To:   MIV_RV32_CFG1_C0_0/MIV_RV32_CFG1_C0_0/u_ipcore_0/gen_subsys_debug.u_subsys_debug_unit_0/debug_req_fifo/rd_gray_ptr[1]:D
  Delay (ns):              0.196
  Slack (ns):              0.128
  Arrival (ns):            2.146
  Required (ns):           2.018
  Operating Conditions: fast_hv_lt

Path 83
  From: MIV_RV32_CFG1_C0_0/MIV_RV32_CFG1_C0_0/u_ipcore_0/gen_subsys_debug.u_subsys_debug_unit_0/MIV_subsys_debug_transport_module_jtag_0/gen_shift_register_active_high.gen_shift_register_active_low.shiftDMI[40]:CLK
  To:   MIV_RV32_CFG1_C0_0/MIV_RV32_CFG1_C0_0/u_ipcore_0/gen_subsys_debug.u_subsys_debug_unit_0/MIV_subsys_debug_transport_module_jtag_0/gen_shift_register_active_high.gen_shift_register_active_low.shiftDMI[39]:D
  Delay (ns):              0.203
  Slack (ns):              0.128
  Arrival (ns):            3.422
  Required (ns):           3.294
  Operating Conditions: fast_hv_lt

Path 84
  From: MIV_RV32_CFG1_C0_0/MIV_RV32_CFG1_C0_0/u_ipcore_0/gen_subsys_debug.u_subsys_debug_unit_0/MIV_subsys_debug_transport_module_jtag_0/gen_shift_register_active_high.gen_shift_register_active_low.shiftDMI[37]:CLK
  To:   MIV_RV32_CFG1_C0_0/MIV_RV32_CFG1_C0_0/u_ipcore_0/gen_subsys_debug.u_subsys_debug_unit_0/MIV_subsys_debug_transport_module_jtag_0/gen_shift_register_active_high.gen_shift_register_active_low.shiftDMI[36]:D
  Delay (ns):              0.204
  Slack (ns):              0.128
  Arrival (ns):            3.422
  Required (ns):           3.294
  Operating Conditions: fast_hv_lt

Path 85
  From: MIV_RV32_CFG1_C0_0/MIV_RV32_CFG1_C0_0/u_ipcore_0/gen_subsys_debug.u_subsys_debug_unit_0/MIV_subsys_debug_transport_module_jtag_0/gen_shift_register_active_high.gen_shift_register_active_low.shiftDMI[25]:CLK
  To:   MIV_RV32_CFG1_C0_0/MIV_RV32_CFG1_C0_0/u_ipcore_0/gen_subsys_debug.u_subsys_debug_unit_0/MIV_subsys_debug_transport_module_jtag_0/gen_shift_register_active_high.gen_shift_register_active_low.shiftDMI[24]:D
  Delay (ns):              0.203
  Slack (ns):              0.128
  Arrival (ns):            3.425
  Required (ns):           3.297
  Operating Conditions: fast_hv_lt

Path 86
  From: MIV_RV32_CFG1_C0_0/MIV_RV32_CFG1_C0_0/u_ipcore_0/gen_apb.u_apb_initiator_0/gen_apb_byte_shim.pwdata[2]:CLK
  To:   MIV_RV32_CFG1_C0_0/MIV_RV32_CFG1_C0_0/u_ipcore_0/gen_mtime.u_mtime_irq/mtimecmp[2]:D
  Delay (ns):              0.271
  Slack (ns):              0.128
  Arrival (ns):            2.228
  Required (ns):           2.100
  Operating Conditions: fast_hv_lt

Path 87
  From: MIV_ESS_C0_0/MIV_PLIC_0/interrupt_claim_complete_0/plic_interrupt_complete_generation.genblk1[1].interrupt_complete_data[1]:CLK
  To:   MIV_ESS_C0_0/MIV_PLIC_0/plic_core_ip.genblk1[1].interrupt_pending_register/interrupt_pending_reg[0]:D
  Delay (ns):              0.203
  Slack (ns):              0.128
  Arrival (ns):            2.160
  Required (ns):           2.032
  Operating Conditions: fast_hv_lt

Path 88
  From: CORERESET_PF_C0_0/CORERESET_PF_C0_0/dff_5[0]:CLK
  To:   CORERESET_PF_C0_0/CORERESET_PF_C0_0/dff_6[0]:D
  Delay (ns):              0.196
  Slack (ns):              0.128
  Arrival (ns):            2.176
  Required (ns):           2.048
  Operating Conditions: fast_hv_lt

Path 89
  From: MIV_RV32_CFG1_C0_0/MIV_RV32_CFG1_C0_0/u_ipcore_0/u_subsys_interconnect_0/u_subsys_regs/toggle_hart_soft_reset:CLK
  To:   MIV_RV32_CFG1_C0_0/MIV_RV32_CFG1_C0_0/u_ipcore_0/u_subsys_interconnect_0/u_subsys_regs/u_subsys_hart_soft_reset_reg/gen_bit_reset.state_val[0]:D
  Delay (ns):              0.203
  Slack (ns):              0.129
  Arrival (ns):            2.144
  Required (ns):           2.015
  Operating Conditions: fast_hv_lt

Path 90
  From: MIV_RV32_CFG1_C0_0/MIV_RV32_CFG1_C0_0/u_ipcore_0/u_hart_0/u_expipe_0/u_exu_0/div_divisor[5]:CLK
  To:   MIV_RV32_CFG1_C0_0/MIV_RV32_CFG1_C0_0/u_ipcore_0/u_hart_0/u_expipe_0/u_exu_0/div_divisor[4]:D
  Delay (ns):              0.206
  Slack (ns):              0.129
  Arrival (ns):            2.160
  Required (ns):           2.031
  Operating Conditions: fast_hv_lt

Path 91
  From: sram_test_module_0/exp_d2[7]:CLK
  To:   sram_test_module_0/exp_d3[7]:D
  Delay (ns):              0.204
  Slack (ns):              0.130
  Arrival (ns):            2.176
  Required (ns):           2.046
  Operating Conditions: fast_hv_lt

Path 92
  From: MIV_RV32_CFG1_C0_0/MIV_RV32_CFG1_C0_0/u_ipcore_0/u_hart_0/u_expipe_0/u_exu_0/div_divisor[8]:CLK
  To:   MIV_RV32_CFG1_C0_0/MIV_RV32_CFG1_C0_0/u_ipcore_0/u_hart_0/u_expipe_0/u_exu_0/div_divisor[7]:D
  Delay (ns):              0.207
  Slack (ns):              0.130
  Arrival (ns):            2.161
  Required (ns):           2.031
  Operating Conditions: fast_hv_lt

Path 93
  From: MIV_RV32_CFG1_C0_0/MIV_RV32_CFG1_C0_0/u_ipcore_0/u_hart_0/u_expipe_0/u_exu_0/div_divisor[26]:CLK
  To:   MIV_RV32_CFG1_C0_0/MIV_RV32_CFG1_C0_0/u_ipcore_0/u_hart_0/u_expipe_0/u_exu_0/div_divisor[25]:D
  Delay (ns):              0.207
  Slack (ns):              0.130
  Arrival (ns):            2.172
  Required (ns):           2.042
  Operating Conditions: fast_hv_lt

Path 94
  From: MIV_RV32_CFG1_C0_0/MIV_RV32_CFG1_C0_0/u_ipcore_0/u_hart_0/u_expipe_0/de_ex_pipe_curr_instr_enc_ex[18]:CLK
  To:   MIV_RV32_CFG1_C0_0/MIV_RV32_CFG1_C0_0/u_ipcore_0/u_hart_0/u_expipe_0/ex_retr_pipe_curr_instr_enc_retr[18]:D
  Delay (ns):              0.276
  Slack (ns):              0.131
  Arrival (ns):            2.224
  Required (ns):           2.093
  Operating Conditions: fast_hv_lt

Path 95
  From: MIV_RV32_CFG1_C0_0/MIV_RV32_CFG1_C0_0/u_ipcore_0/gen_subsys_debug.u_subsys_debug_unit_0/MIV_subsys_debug_transport_module_jtag_0/gen_shift_register_active_high.gen_shift_register_active_low.shiftDMI[35]:CLK
  To:   MIV_RV32_CFG1_C0_0/MIV_RV32_CFG1_C0_0/u_ipcore_0/gen_subsys_debug.u_subsys_debug_unit_0/MIV_subsys_debug_transport_module_jtag_0/gen_shift_register_active_high.gen_shift_register_active_low.shiftDMI[34]:D
  Delay (ns):              0.207
  Slack (ns):              0.131
  Arrival (ns):            3.425
  Required (ns):           3.294
  Operating Conditions: fast_hv_lt

Path 96
  From: MIV_RV32_CFG1_C0_0/MIV_RV32_CFG1_C0_0/u_ipcore_0/gen_subsys_debug.u_subsys_debug_unit_0/MIV_subsys_debug_transport_module_jtag_0/gen_shift_register_active_high.gen_shift_register_active_low.shiftDMI[39]:CLK
  To:   MIV_RV32_CFG1_C0_0/MIV_RV32_CFG1_C0_0/u_ipcore_0/gen_subsys_debug.u_subsys_debug_unit_0/MIV_subsys_debug_transport_module_jtag_0/gen_shift_register_active_high.gen_shift_register_active_low.shiftDMI[38]:D
  Delay (ns):              0.208
  Slack (ns):              0.132
  Arrival (ns):            3.426
  Required (ns):           3.294
  Operating Conditions: fast_hv_lt

Path 97
  From: MIV_ESS_C0_0/CoreUARTapb_0/uUART/make_RX/rx_shift[5]:CLK
  To:   MIV_ESS_C0_0/CoreUARTapb_0/uUART/make_RX/rx_byte[5]:D
  Delay (ns):              0.217
  Slack (ns):              0.132
  Arrival (ns):            2.181
  Required (ns):           2.049
  Operating Conditions: fast_hv_lt

Path 98
  From: MIV_ESS_C0_0/CoreGPIO_0/xhdl1.GEN_BITS_0[6]:CLK
  To:   MIV_ESS_C0_0/CoreGPIO_0/xhdl1.GEN_BITS_1[6]:D
  Delay (ns):              0.205
  Slack (ns):              0.132
  Arrival (ns):            2.167
  Required (ns):           2.035
  Operating Conditions: fast_hv_lt

Path 99
  From: MIV_ESS_C0_0/CoreGPIO_0/xhdl1.GEN_BITS[2].gpin2[2]:CLK
  To:   MIV_ESS_C0_0/CoreGPIO_0/xhdl1.GEN_BITS[2].gpin3[2]:D
  Delay (ns):              0.206
  Slack (ns):              0.132
  Arrival (ns):            2.159
  Required (ns):           2.027
  Operating Conditions: fast_hv_lt

Path 100
  From: MIV_ESS_C0_0/CoreGPIO_0/xhdl1.GEN_BITS[2].APB_32.edge_neg[2]:CLK
  To:   MIV_ESS_C0_0/MIV_PLIC_0/plic_core_plic_gateway.genblk1[1].plic_gateway/interrupt_in_flight:D
  Delay (ns):              0.206
  Slack (ns):              0.132
  Arrival (ns):            2.159
  Required (ns):           2.027
  Operating Conditions: fast_hv_lt

