Timing Violation Report Min Delay Analysis

SmartTime Version 2025.1
Microchip Technology Inc. - Microchip Libero Software Release 2025.1 (Version 2025.1.0.14)
Date: Tue Jan  6 13:39:05 2026


Design: BaseDesign
Family: PolarFireSoC
Die: MPFS095T
Package: FCSG325
Temperature Range: 0 - 100 C
Voltage Range: 0.97 - 1.03 V
Speed Grade: -1
Design State: Post-Layout
Data source: Production
Multi Corner Report Operating Conditions: slow_lv_lt,fast_hv_lt,slow_lv_ht


Path 1
  From: CORERESET_PF_C0_0/CORERESET_PF_C0_0/dff_4[0]:CLK
  To:   CORERESET_PF_C0_0/CORERESET_PF_C0_0/dff_5[0]:D
  Delay (ns):              0.145
  Slack (ns):              0.071
  Arrival (ns):            2.102
  Required (ns):           2.031
  Operating Conditions: fast_hv_lt

Path 2
  From: CORERESET_PF_C0_0/CORERESET_PF_C0_0/dff_10[0]:CLK
  To:   CORERESET_PF_C0_0/CORERESET_PF_C0_0/dff_11[0]:D
  Delay (ns):              0.148
  Slack (ns):              0.074
  Arrival (ns):            2.105
  Required (ns):           2.031
  Operating Conditions: fast_hv_lt

Path 3
  From: MIV_RV32_CFG1_C0_0/MIV_RV32_CFG1_C0_0/u_ipcore_0/u_hart_0/u_expipe_0/de_ex_pipe_curr_instr_enc_ex[23]:CLK
  To:   MIV_RV32_CFG1_C0_0/MIV_RV32_CFG1_C0_0/u_ipcore_0/u_hart_0/u_expipe_0/ex_retr_pipe_curr_instr_enc_retr[23]:D
  Delay (ns):              0.150
  Slack (ns):              0.076
  Arrival (ns):            2.113
  Required (ns):           2.037
  Operating Conditions: fast_hv_lt

Path 4
  From: MIV_RV32_CFG1_C0_0/MIV_RV32_CFG1_C0_0/u_ipcore_0/gen_subsys_debug.u_subsys_debug_unit_0/miv_rv32_debug_du_0/cmderr_ff[2]:CLK
  To:   MIV_RV32_CFG1_C0_0/MIV_RV32_CFG1_C0_0/u_ipcore_0/gen_subsys_debug.u_subsys_debug_unit_0/miv_rv32_debug_du_0/abstractcs_cmderr[2]:D
  Delay (ns):              0.150
  Slack (ns):              0.076
  Arrival (ns):            2.085
  Required (ns):           2.009
  Operating Conditions: fast_hv_lt

Path 5
  From: MIV_RV32_CFG1_C0_0/MIV_RV32_CFG1_C0_0/u_ipcore_0/u_hart_0/u_expipe_0/gen_pipe_debug_enter_req_de_ex.de_ex_pipe_debug_enter_req_ex:CLK
  To:   MIV_RV32_CFG1_C0_0/MIV_RV32_CFG1_C0_0/u_ipcore_0/u_hart_0/u_expipe_0/gen_pipe_debug_enter_req_ex_retr.ex_retr_debug_enter_req_retr:D
  Delay (ns):              0.155
  Slack (ns):              0.079
  Arrival (ns):            2.106
  Required (ns):           2.027
  Operating Conditions: fast_hv_lt

Path 6
  From: MIV_RV32_CFG1_C0_0/MIV_RV32_CFG1_C0_0/u_ipcore_0/gen_subsys_debug.u_subsys_debug_unit_0/miv_rv32_debug_du_0/data_0_reg[18]:CLK
  To:   MIV_RV32_CFG1_C0_0/MIV_RV32_CFG1_C0_0/u_ipcore_0/gen_subsys_debug.u_subsys_debug_unit_0/miv_rv32_debug_du_0/debug_op_wr_data[18]:D
  Delay (ns):              0.154
  Slack (ns):              0.080
  Arrival (ns):            2.106
  Required (ns):           2.026
  Operating Conditions: fast_hv_lt

Path 7
  From: MIV_ESS_C0_0/CoreUARTapb_0/uUART/make_RX/rx_shift[3]:CLK
  To:   MIV_ESS_C0_0/CoreUARTapb_0/uUART/make_RX/rx_shift[2]:D
  Delay (ns):              0.154
  Slack (ns):              0.080
  Arrival (ns):            2.125
  Required (ns):           2.045
  Operating Conditions: fast_hv_lt

Path 8
  From: MIV_RV32_CFG1_C0_0/MIV_RV32_CFG1_C0_0/u_ipcore_0/gen_subsys_debug.u_subsys_debug_unit_0/miv_rv32_debug_du_0/data_0_reg[28]:CLK
  To:   MIV_RV32_CFG1_C0_0/MIV_RV32_CFG1_C0_0/u_ipcore_0/gen_subsys_debug.u_subsys_debug_unit_0/miv_rv32_debug_du_0/debug_op_wr_data[28]:D
  Delay (ns):              0.157
  Slack (ns):              0.083
  Arrival (ns):            2.119
  Required (ns):           2.036
  Operating Conditions: fast_hv_lt

Path 9
  From: MIV_ESS_C0_0/CoreGPIO_0/xhdl1.GEN_BITS_0[1]:CLK
  To:   MIV_ESS_C0_0/CoreGPIO_0/xhdl1.GEN_BITS_1[1]:D
  Delay (ns):              0.151
  Slack (ns):              0.083
  Arrival (ns):            2.128
  Required (ns):           2.045
  Operating Conditions: fast_hv_lt

Path 10
  From: MIV_RV32_CFG1_C0_0/MIV_RV32_CFG1_C0_0/u_ipcore_0/gen_subsys_debug.u_subsys_debug_unit_0/debug_resp_fifo/rd_gray_ptr_synch[1]:CLK
  To:   MIV_RV32_CFG1_C0_0/MIV_RV32_CFG1_C0_0/u_ipcore_0/gen_subsys_debug.u_subsys_debug_unit_0/debug_resp_fifo/rd_gray_ptr_in_write[1]:D
  Delay (ns):              0.158
  Slack (ns):              0.084
  Arrival (ns):            2.104
  Required (ns):           2.020
  Operating Conditions: fast_hv_lt

Path 11
  From: MIV_RV32_CFG1_C0_0/MIV_RV32_CFG1_C0_0/u_ipcore_0/gen_subsys_debug.u_subsys_debug_unit_0/debug_req_fifo/rd_gray_ptr_synch[0]:CLK
  To:   MIV_RV32_CFG1_C0_0/MIV_RV32_CFG1_C0_0/u_ipcore_0/gen_subsys_debug.u_subsys_debug_unit_0/debug_req_fifo/rd_gray_ptr_in_write[0]:D
  Delay (ns):              0.158
  Slack (ns):              0.084
  Arrival (ns):            3.486
  Required (ns):           3.402
  Operating Conditions: fast_hv_lt

Path 12
  From: MIV_ESS_C0_0/CoreGPIO_0/xhdl1.GEN_BITS_1[1]:CLK
  To:   MIV_ESS_C0_0/CoreGPIO_0/xhdl1.GEN_BITS_2[1]:D
  Delay (ns):              0.158
  Slack (ns):              0.084
  Arrival (ns):            2.135
  Required (ns):           2.051
  Operating Conditions: fast_hv_lt

Path 13
  From: MIV_ESS_C0_0/CoreGPIO_0/xhdl1.GEN_BITS_0[0]:CLK
  To:   MIV_ESS_C0_0/CoreGPIO_0/xhdl1.GEN_BITS_1[0]:D
  Delay (ns):              0.158
  Slack (ns):              0.084
  Arrival (ns):            2.135
  Required (ns):           2.051
  Operating Conditions: fast_hv_lt

Path 14
  From: CORERESET_PF_C0_0/CORERESET_PF_C0_0/dff_2[0]:CLK
  To:   CORERESET_PF_C0_0/CORERESET_PF_C0_0/dff_3[0]:D
  Delay (ns):              0.157
  Slack (ns):              0.085
  Arrival (ns):            2.109
  Required (ns):           2.024
  Operating Conditions: fast_hv_lt

Path 15
  From: MIV_RV32_CFG1_C0_0/MIV_RV32_CFG1_C0_0/u_ipcore_0/u_hart_0/u_fetch_unit_0/u_miv_rv32_ifu_iab_0/buff_req_wr_ptr[0]:CLK
  To:   MIV_RV32_CFG1_C0_0/MIV_RV32_CFG1_C0_0/u_ipcore_0/u_hart_0/u_fetch_unit_0/u_miv_rv32_ifu_iab_0/buff_req_wr_ptr[1]:D
  Delay (ns):              0.154
  Slack (ns):              0.086
  Arrival (ns):            2.102
  Required (ns):           2.016
  Operating Conditions: fast_hv_lt

Path 16
  From: MIV_RV32_CFG1_C0_0/MIV_RV32_CFG1_C0_0/u_ipcore_0/gen_subsys_debug.u_subsys_debug_unit_0/debug_resp_fifo/rd_gray_ptr_synch[0]:CLK
  To:   MIV_RV32_CFG1_C0_0/MIV_RV32_CFG1_C0_0/u_ipcore_0/gen_subsys_debug.u_subsys_debug_unit_0/debug_resp_fifo/rd_gray_ptr_in_write[0]:D
  Delay (ns):              0.159
  Slack (ns):              0.086
  Arrival (ns):            2.101
  Required (ns):           2.015
  Operating Conditions: fast_hv_lt

Path 17
  From: MIV_ESS_C0_0/CoreUARTapb_0/uUART/make_RX/rx_shift[6]:CLK
  To:   MIV_ESS_C0_0/CoreUARTapb_0/uUART/make_RX/rx_shift[5]:D
  Delay (ns):              0.155
  Slack (ns):              0.087
  Arrival (ns):            2.126
  Required (ns):           2.039
  Operating Conditions: fast_hv_lt

Path 18
  From: CORERESET_PF_C0_0/CORERESET_PF_C0_0/dff_9[0]:CLK
  To:   CORERESET_PF_C0_0/CORERESET_PF_C0_0/dff_10[0]:D
  Delay (ns):              0.161
  Slack (ns):              0.087
  Arrival (ns):            2.118
  Required (ns):           2.031
  Operating Conditions: fast_hv_lt

Path 19
  From: CORERESET_PF_C0_0/CORERESET_PF_C0_0/dff_11[0]:CLK
  To:   CORERESET_PF_C0_0/CORERESET_PF_C0_0/dff_12[0]:D
  Delay (ns):              0.161
  Slack (ns):              0.087
  Arrival (ns):            2.118
  Required (ns):           2.031
  Operating Conditions: fast_hv_lt

Path 20
  From: MIV_ESS_C0_0/CoreUARTapb_0/uUART/make_RX/rx_shift[5]:CLK
  To:   MIV_ESS_C0_0/CoreUARTapb_0/uUART/make_RX/rx_shift[4]:D
  Delay (ns):              0.162
  Slack (ns):              0.088
  Arrival (ns):            2.133
  Required (ns):           2.045
  Operating Conditions: fast_hv_lt

Path 21
  From: CORERESET_PF_C0_0/CORERESET_PF_C0_0/dff_1[0]:CLK
  To:   CORERESET_PF_C0_0/CORERESET_PF_C0_0/dff_2[0]:D
  Delay (ns):              0.163
  Slack (ns):              0.089
  Arrival (ns):            2.114
  Required (ns):           2.025
  Operating Conditions: fast_hv_lt

Path 22
  From: MIV_RV32_CFG1_C0_0/MIV_RV32_CFG1_C0_0/u_ipcore_0/u_hart_0/u_expipe_0/de_ex_pipe_curr_instr_enc_ex[31]:CLK
  To:   MIV_RV32_CFG1_C0_0/MIV_RV32_CFG1_C0_0/u_ipcore_0/u_hart_0/u_expipe_0/ex_retr_pipe_curr_instr_enc_retr[31]:D
  Delay (ns):              0.203
  Slack (ns):              0.091
  Arrival (ns):            2.163
  Required (ns):           2.072
  Operating Conditions: fast_hv_lt

Path 23
  From: MIV_RV32_CFG1_C0_0/MIV_RV32_CFG1_C0_0/u_ipcore_0/gen_subsys_debug.u_subsys_debug_unit_0/miv_rv32_debug_du_0/cmderr_ff[1]:CLK
  To:   MIV_RV32_CFG1_C0_0/MIV_RV32_CFG1_C0_0/u_ipcore_0/gen_subsys_debug.u_subsys_debug_unit_0/miv_rv32_debug_du_0/abstractcs_cmderr[1]:D
  Delay (ns):              0.164
  Slack (ns):              0.091
  Arrival (ns):            2.099
  Required (ns):           2.008
  Operating Conditions: fast_hv_lt

Path 24
  From: MIV_ESS_C0_0/CoreUARTapb_0/uUART/tx_hold_reg[2]:CLK
  To:   MIV_ESS_C0_0/CoreUARTapb_0/uUART/make_TX/tx_byte[2]:D
  Delay (ns):              0.185
  Slack (ns):              0.092
  Arrival (ns):            2.167
  Required (ns):           2.075
  Operating Conditions: fast_hv_lt

Path 25
  From: MIV_RV32_CFG1_C0_0/MIV_RV32_CFG1_C0_0/u_ipcore_0/gen_subsys_debug.u_subsys_debug_unit_0/miv_rv32_debug_du_0/data_0_reg[22]:CLK
  To:   MIV_RV32_CFG1_C0_0/MIV_RV32_CFG1_C0_0/u_ipcore_0/gen_subsys_debug.u_subsys_debug_unit_0/miv_rv32_debug_du_0/debug_op_wr_data[22]:D
  Delay (ns):              0.167
  Slack (ns):              0.093
  Arrival (ns):            2.119
  Required (ns):           2.026
  Operating Conditions: fast_hv_lt

Path 26
  From: MIV_RV32_CFG1_C0_0/MIV_RV32_CFG1_C0_0/u_ipcore_0/u_subsys_interconnect_0/u_subsys_regs/u_req_buffer/gen_buff_loop[0].buff_valid[0]:CLK
  To:   MIV_RV32_CFG1_C0_0/MIV_RV32_CFG1_C0_0/u_ipcore_0/u_subsys_interconnect_0/u_subsys_regs/u_req_buffer/buff_rd_ptr[0]:D
  Delay (ns):              0.246
  Slack (ns):              0.094
  Arrival (ns):            2.198
  Required (ns):           2.104
  Operating Conditions: fast_hv_lt

Path 27
  From: MIV_ESS_C0_0/CoreUARTapb_0/uUART/make_RX/samples[1]:CLK
  To:   MIV_ESS_C0_0/CoreUARTapb_0/uUART/make_RX/samples[0]:D
  Delay (ns):              0.173
  Slack (ns):              0.099
  Arrival (ns):            2.123
  Required (ns):           2.024
  Operating Conditions: fast_hv_lt

Path 28
  From: MIV_RV32_CFG1_C0_0/MIV_RV32_CFG1_C0_0/u_ipcore_0/gen_subsys_debug.u_subsys_debug_unit_0/miv_rv32_debug_du_0/data_0_reg[12]:CLK
  To:   MIV_RV32_CFG1_C0_0/MIV_RV32_CFG1_C0_0/u_ipcore_0/gen_subsys_debug.u_subsys_debug_unit_0/miv_rv32_debug_du_0/debug_op_wr_data[12]:D
  Delay (ns):              0.211
  Slack (ns):              0.109
  Arrival (ns):            2.152
  Required (ns):           2.043
  Operating Conditions: fast_hv_lt

Path 29
  From: MIV_RV32_CFG1_C0_0/MIV_RV32_CFG1_C0_0/u_ipcore_0/gen_subsys_debug.u_subsys_debug_unit_0/miv_rv32_debug_du_0/data_0_reg[17]:CLK
  To:   MIV_RV32_CFG1_C0_0/MIV_RV32_CFG1_C0_0/u_ipcore_0/gen_subsys_debug.u_subsys_debug_unit_0/miv_rv32_debug_du_0/debug_op_wr_data[17]:D
  Delay (ns):              0.220
  Slack (ns):              0.110
  Arrival (ns):            2.161
  Required (ns):           2.051
  Operating Conditions: fast_hv_lt

Path 30
  From: MIV_RV32_CFG1_C0_0/MIV_RV32_CFG1_C0_0/u_ipcore_0/u_hart_0/u_expipe_0/de_ex_pipe_curr_instr_enc_ex[2]:CLK
  To:   MIV_RV32_CFG1_C0_0/MIV_RV32_CFG1_C0_0/u_ipcore_0/u_hart_0/u_expipe_0/ex_retr_pipe_curr_instr_enc_retr[2]:D
  Delay (ns):              0.259
  Slack (ns):              0.111
  Arrival (ns):            2.222
  Required (ns):           2.111
  Operating Conditions: fast_hv_lt

Path 31
  From: MIV_ESS_C0_0/CoreUARTapb_0/uUART/make_RX/rx_shift[2]:CLK
  To:   MIV_ESS_C0_0/CoreUARTapb_0/uUART/make_RX/rx_shift[1]:D
  Delay (ns):              0.185
  Slack (ns):              0.111
  Arrival (ns):            2.156
  Required (ns):           2.045
  Operating Conditions: fast_hv_lt

Path 32
  From: MIV_ESS_C0_0/CoreUARTapb_0/uUART/tx_hold_reg[3]:CLK
  To:   MIV_ESS_C0_0/CoreUARTapb_0/uUART/make_TX/tx_byte[3]:D
  Delay (ns):              0.205
  Slack (ns):              0.112
  Arrival (ns):            2.187
  Required (ns):           2.075
  Operating Conditions: fast_hv_lt

Path 33
  From: MIV_RV32_CFG1_C0_0/MIV_RV32_CFG1_C0_0/u_ipcore_0/u_hart_0/u_expipe_0/de_ex_pipe_i_access_misalign_error_ex:CLK
  To:   MIV_RV32_CFG1_C0_0/MIV_RV32_CFG1_C0_0/u_ipcore_0/u_hart_0/u_expipe_0/ex_retr_pipe_i_access_misalign_error_retr:D
  Delay (ns):              0.188
  Slack (ns):              0.114
  Arrival (ns):            2.146
  Required (ns):           2.032
  Operating Conditions: fast_hv_lt

Path 34
  From: MIV_RV32_CFG1_C0_0/MIV_RV32_CFG1_C0_0/u_ipcore_0/gen_subsys_debug.u_subsys_debug_unit_0/miv_rv32_debug_du_0/data_0_reg[6]:CLK
  To:   MIV_RV32_CFG1_C0_0/MIV_RV32_CFG1_C0_0/u_ipcore_0/gen_subsys_debug.u_subsys_debug_unit_0/miv_rv32_debug_du_0/debug_op_wr_data[6]:D
  Delay (ns):              0.259
  Slack (ns):              0.114
  Arrival (ns):            2.211
  Required (ns):           2.097
  Operating Conditions: fast_hv_lt

Path 35
  From: MIV_RV32_CFG1_C0_0/MIV_RV32_CFG1_C0_0/u_ipcore_0/u_hart_0/u_expipe_0/gen_gpr_ex_attbs_rd_ex.de_ex_pipe_gpr_rs1_rd_sel_ex[2]:CLK
  To:   MIV_RV32_CFG1_C0_0/MIV_RV32_CFG1_C0_0/u_ipcore_0/u_hart_0/u_expipe_0/gen_gpr_ram.u_gpr_0/gpr_rs1_rd_sel_reg[2]:D
  Delay (ns):              0.270
  Slack (ns):              0.116
  Arrival (ns):            2.219
  Required (ns):           2.103
  Operating Conditions: fast_hv_lt

Path 36
  From: MIV_RV32_CFG1_C0_0/MIV_RV32_CFG1_C0_0/u_ipcore_0/u_hart_0/u_expipe_0/gen_gpr_ex_attbs_rd_ex.de_ex_pipe_gpr_rs1_rd_sel_ex[0]:CLK
  To:   MIV_RV32_CFG1_C0_0/MIV_RV32_CFG1_C0_0/u_ipcore_0/u_hart_0/u_expipe_0/gen_gpr_ram.u_gpr_0/gpr_rs1_rd_sel_reg[0]:D
  Delay (ns):              0.267
  Slack (ns):              0.117
  Arrival (ns):            2.215
  Required (ns):           2.098
  Operating Conditions: fast_hv_lt

Path 37
  From: CORERESET_PF_C0_0/CORERESET_PF_C0_0/dff_5[0]:CLK
  To:   CORERESET_PF_C0_0/CORERESET_PF_C0_0/dff_6[0]:D
  Delay (ns):              0.191
  Slack (ns):              0.117
  Arrival (ns):            2.148
  Required (ns):           2.031
  Operating Conditions: fast_hv_lt

Path 38
  From: MIV_RV32_CFG1_C0_0/MIV_RV32_CFG1_C0_0/u_ipcore_0/gen_subsys_debug.u_subsys_debug_unit_0/MIV_subsys_debug_transport_module_jtag_0/gen_shift_register_active_high.gen_shift_register_active_low.shiftDR[18]:CLK
  To:   MIV_RV32_CFG1_C0_0/MIV_RV32_CFG1_C0_0/u_ipcore_0/gen_subsys_debug.u_subsys_debug_unit_0/MIV_subsys_debug_transport_module_jtag_0/gen_shift_register_active_high.gen_shift_register_active_low.shiftDR[17]:D
  Delay (ns):              0.193
  Slack (ns):              0.118
  Arrival (ns):            3.331
  Required (ns):           3.213
  Operating Conditions: fast_hv_lt

Path 39
  From: MIV_RV32_CFG1_C0_0/MIV_RV32_CFG1_C0_0/u_ipcore_0/gen_subsys_debug.u_subsys_debug_unit_0/miv_rv32_debug_du_0/data_0_reg[2]:CLK
  To:   MIV_RV32_CFG1_C0_0/MIV_RV32_CFG1_C0_0/u_ipcore_0/gen_subsys_debug.u_subsys_debug_unit_0/miv_rv32_debug_du_0/debug_op_wr_data[2]:D
  Delay (ns):              0.214
  Slack (ns):              0.119
  Arrival (ns):            2.155
  Required (ns):           2.036
  Operating Conditions: fast_hv_lt

Path 40
  From: MIV_ESS_C0_0/CoreUARTapb_0/uUART/tx_hold_reg[0]:CLK
  To:   MIV_ESS_C0_0/CoreUARTapb_0/uUART/make_TX/tx_byte[0]:D
  Delay (ns):              0.212
  Slack (ns):              0.119
  Arrival (ns):            2.194
  Required (ns):           2.075
  Operating Conditions: fast_hv_lt

Path 41
  From: CORERESET_PF_C0_0/CORERESET_PF_C0_0/dff_7[0]:CLK
  To:   CORERESET_PF_C0_0/CORERESET_PF_C0_0/dff_8[0]:D
  Delay (ns):              0.194
  Slack (ns):              0.120
  Arrival (ns):            2.151
  Required (ns):           2.031
  Operating Conditions: fast_hv_lt

Path 42
  From: CORERESET_PF_C0_0/CORERESET_PF_C0_0/dff_12[0]:CLK
  To:   CORERESET_PF_C0_0/CORERESET_PF_C0_0/dff_13[0]:D
  Delay (ns):              0.194
  Slack (ns):              0.120
  Arrival (ns):            2.151
  Required (ns):           2.031
  Operating Conditions: fast_hv_lt

Path 43
  From: MIV_RV32_CFG1_C0_0/MIV_RV32_CFG1_C0_0/u_ipcore_0/gen_subsys_debug.u_subsys_debug_unit_0/MIV_subsys_debug_transport_module_jtag_0/gen_shift_register_active_high.gen_shift_register_active_low.shiftDR[19]:CLK
  To:   MIV_RV32_CFG1_C0_0/MIV_RV32_CFG1_C0_0/u_ipcore_0/gen_subsys_debug.u_subsys_debug_unit_0/MIV_subsys_debug_transport_module_jtag_0/gen_shift_register_active_high.gen_shift_register_active_low.shiftDR[18]:D
  Delay (ns):              0.196
  Slack (ns):              0.121
  Arrival (ns):            3.334
  Required (ns):           3.213
  Operating Conditions: fast_hv_lt

Path 44
  From: MIV_RV32_CFG1_C0_0/MIV_RV32_CFG1_C0_0/u_ipcore_0/gen_subsys_debug.u_subsys_debug_unit_0/miv_rv32_debug_du_0/data_0_reg[7]:CLK
  To:   MIV_RV32_CFG1_C0_0/MIV_RV32_CFG1_C0_0/u_ipcore_0/gen_subsys_debug.u_subsys_debug_unit_0/miv_rv32_debug_du_0/debug_op_wr_data[7]:D
  Delay (ns):              0.217
  Slack (ns):              0.122
  Arrival (ns):            2.158
  Required (ns):           2.036
  Operating Conditions: fast_hv_lt

Path 45
  From: MIV_RV32_CFG1_C0_0/MIV_RV32_CFG1_C0_0/u_ipcore_0/gen_subsys_debug.u_subsys_debug_unit_0/debug_resp_fifo/genblk1.rst_synch_reg[1]:CLK
  To:   MIV_RV32_CFG1_C0_0/MIV_RV32_CFG1_C0_0/u_ipcore_0/gen_subsys_debug.u_subsys_debug_unit_0/debug_resp_fifo/genblk1.rst_synch_reg[0]:D
  Delay (ns):              0.200
  Slack (ns):              0.122
  Arrival (ns):            3.328
  Required (ns):           3.206
  Operating Conditions: fast_hv_lt

Path 46
  From: MIV_RV32_CFG1_C0_0/MIV_RV32_CFG1_C0_0/u_ipcore_0/gen_subsys_debug.u_subsys_debug_unit_0/debug_req_fifo/rd_gray_ptr_synch[1]:CLK
  To:   MIV_RV32_CFG1_C0_0/MIV_RV32_CFG1_C0_0/u_ipcore_0/gen_subsys_debug.u_subsys_debug_unit_0/debug_req_fifo/rd_gray_ptr_in_write[1]:D
  Delay (ns):              0.196
  Slack (ns):              0.123
  Arrival (ns):            3.524
  Required (ns):           3.401
  Operating Conditions: fast_hv_lt

Path 47
  From: MIV_RV32_CFG1_C0_0/MIV_RV32_CFG1_C0_0/u_ipcore_0/gen_subsys_debug.u_subsys_debug_unit_0/MIV_subsys_debug_transport_module_jtag_0/gen_shift_register_active_high.gen_shift_register_active_low.shiftDR[6]:CLK
  To:   MIV_RV32_CFG1_C0_0/MIV_RV32_CFG1_C0_0/u_ipcore_0/gen_subsys_debug.u_subsys_debug_unit_0/MIV_subsys_debug_transport_module_jtag_0/gen_shift_register_active_high.gen_shift_register_active_low.shiftDR[5]:D
  Delay (ns):              0.202
  Slack (ns):              0.123
  Arrival (ns):            3.339
  Required (ns):           3.216
  Operating Conditions: fast_hv_lt

Path 48
  From: MIV_ESS_C0_0/CoreUARTapb_0/uUART/make_RX/samples[2]:CLK
  To:   MIV_ESS_C0_0/CoreUARTapb_0/uUART/make_RX/samples[1]:D
  Delay (ns):              0.196
  Slack (ns):              0.123
  Arrival (ns):            2.146
  Required (ns):           2.023
  Operating Conditions: fast_hv_lt

Path 49
  From: MIV_ESS_C0_0/CoreUARTapb_0/uUART/make_RX/rx_shift[1]:CLK
  To:   MIV_ESS_C0_0/CoreUARTapb_0/uUART/make_RX/rx_shift[0]:D
  Delay (ns):              0.197
  Slack (ns):              0.123
  Arrival (ns):            2.168
  Required (ns):           2.045
  Operating Conditions: fast_hv_lt

Path 50
  From: MIV_RV32_CFG1_C0_0/MIV_RV32_CFG1_C0_0/u_ipcore_0/gen_subsys_debug.u_subsys_debug_unit_0/miv_rv32_debug_du_0/data_0_reg[19]:CLK
  To:   MIV_RV32_CFG1_C0_0/MIV_RV32_CFG1_C0_0/u_ipcore_0/gen_subsys_debug.u_subsys_debug_unit_0/miv_rv32_debug_du_0/debug_op_wr_data[19]:D
  Delay (ns):              0.198
  Slack (ns):              0.124
  Arrival (ns):            2.150
  Required (ns):           2.026
  Operating Conditions: fast_hv_lt

Path 51
  From: MIV_RV32_CFG1_C0_0/MIV_RV32_CFG1_C0_0/u_ipcore_0/gen_subsys_debug.u_subsys_debug_unit_0/miv_rv32_debug_du_0/data_0_reg[10]:CLK
  To:   MIV_RV32_CFG1_C0_0/MIV_RV32_CFG1_C0_0/u_ipcore_0/gen_subsys_debug.u_subsys_debug_unit_0/miv_rv32_debug_du_0/debug_op_wr_data[10]:D
  Delay (ns):              0.198
  Slack (ns):              0.124
  Arrival (ns):            2.150
  Required (ns):           2.026
  Operating Conditions: fast_hv_lt

Path 52
  From: MIV_ESS_C0_0/CoreUARTapb_0/uUART/make_RX/rx_shift[4]:CLK
  To:   MIV_ESS_C0_0/CoreUARTapb_0/uUART/make_RX/rx_shift[3]:D
  Delay (ns):              0.198
  Slack (ns):              0.124
  Arrival (ns):            2.169
  Required (ns):           2.045
  Operating Conditions: fast_hv_lt

Path 53
  From: MIV_ESS_C0_0/CoreGPIO_0/xhdl1.GEN_BITS_1[0]:CLK
  To:   MIV_ESS_C0_0/CoreGPIO_0/xhdl1.GEN_BITS_2[0]:D
  Delay (ns):              0.198
  Slack (ns):              0.124
  Arrival (ns):            2.175
  Required (ns):           2.051
  Operating Conditions: fast_hv_lt

Path 54
  From: CORERESET_PF_C0_0/CORERESET_PF_C0_0/dff_8[0]:CLK
  To:   CORERESET_PF_C0_0/CORERESET_PF_C0_0/dff_9[0]:D
  Delay (ns):              0.198
  Slack (ns):              0.124
  Arrival (ns):            2.155
  Required (ns):           2.031
  Operating Conditions: fast_hv_lt

Path 55
  From: CORERESET_PF_C0_0/CORERESET_PF_C0_0/dff_13[0]:CLK
  To:   CORERESET_PF_C0_0/CORERESET_PF_C0_0/dff_14[0]:D
  Delay (ns):              0.198
  Slack (ns):              0.124
  Arrival (ns):            2.155
  Required (ns):           2.031
  Operating Conditions: fast_hv_lt

Path 56
  From: MIV_RV32_CFG1_C0_0/MIV_RV32_CFG1_C0_0/u_ipcore_0/u_hart_0/u_expipe_0/de_ex_pipe_curr_instr_enc_ex[13]:CLK
  To:   MIV_RV32_CFG1_C0_0/MIV_RV32_CFG1_C0_0/u_ipcore_0/u_hart_0/u_expipe_0/ex_retr_pipe_curr_instr_enc_retr[13]:D
  Delay (ns):              0.273
  Slack (ns):              0.125
  Arrival (ns):            2.236
  Required (ns):           2.111
  Operating Conditions: fast_hv_lt

Path 57
  From: MIV_RV32_CFG1_C0_0/MIV_RV32_CFG1_C0_0/u_ipcore_0/u_hart_0/u_expipe_0/gen_gpr_ex_attbs_rd_ex.gen_debug_gpr_rd_sel_pipeline.de_ex_pipe_gpr_rs2_rd_sel_ex[1]:CLK
  To:   MIV_RV32_CFG1_C0_0/MIV_RV32_CFG1_C0_0/u_ipcore_0/u_hart_0/u_expipe_0/gen_gpr_ram.u_gpr_0/gpr_rs2_rd_sel_reg[1]:D
  Delay (ns):              0.286
  Slack (ns):              0.126
  Arrival (ns):            2.235
  Required (ns):           2.109
  Operating Conditions: fast_hv_lt

Path 58
  From: MIV_RV32_CFG1_C0_0/MIV_RV32_CFG1_C0_0/u_ipcore_0/gen_subsys_debug.u_subsys_debug_unit_0/miv_rv32_debug_du_0/data_0_reg[9]:CLK
  To:   MIV_RV32_CFG1_C0_0/MIV_RV32_CFG1_C0_0/u_ipcore_0/gen_subsys_debug.u_subsys_debug_unit_0/miv_rv32_debug_du_0/debug_op_wr_data[9]:D
  Delay (ns):              0.284
  Slack (ns):              0.127
  Arrival (ns):            2.225
  Required (ns):           2.098
  Operating Conditions: fast_hv_lt

Path 59
  From: MIV_RV32_CFG1_C0_0/MIV_RV32_CFG1_C0_0/u_ipcore_0/gen_subsys_debug.u_subsys_debug_unit_0/MIV_subsys_debug_transport_module_jtag_0/gen_shift_register_active_high.gen_shift_register_active_low.shiftDR[2]:CLK
  To:   MIV_RV32_CFG1_C0_0/MIV_RV32_CFG1_C0_0/u_ipcore_0/gen_subsys_debug.u_subsys_debug_unit_0/MIV_subsys_debug_transport_module_jtag_0/gen_shift_register_active_high.gen_shift_register_active_low.shiftDR[1]:D
  Delay (ns):              0.206
  Slack (ns):              0.127
  Arrival (ns):            3.343
  Required (ns):           3.216
  Operating Conditions: fast_hv_lt

Path 60
  From: MIV_RV32_CFG1_C0_0/MIV_RV32_CFG1_C0_0/u_ipcore_0/gen_subsys_debug.u_subsys_debug_unit_0/MIV_subsys_debug_transport_module_jtag_0/gen_shift_register_active_high.gen_shift_register_active_low.shiftDR[25]:CLK
  To:   MIV_RV32_CFG1_C0_0/MIV_RV32_CFG1_C0_0/u_ipcore_0/gen_subsys_debug.u_subsys_debug_unit_0/MIV_subsys_debug_transport_module_jtag_0/gen_shift_register_active_high.gen_shift_register_active_low.shiftDR[24]:D
  Delay (ns):              0.203
  Slack (ns):              0.127
  Arrival (ns):            3.335
  Required (ns):           3.208
  Operating Conditions: fast_hv_lt

Path 61
  From: MIV_RV32_CFG1_C0_0/MIV_RV32_CFG1_C0_0/u_ipcore_0/gen_subsys_debug.u_subsys_debug_unit_0/MIV_subsys_debug_transport_module_jtag_0/gen_shift_register_active_high.gen_shift_register_active_low.shiftDMI[6]:CLK
  To:   MIV_RV32_CFG1_C0_0/MIV_RV32_CFG1_C0_0/u_ipcore_0/gen_subsys_debug.u_subsys_debug_unit_0/MIV_subsys_debug_transport_module_jtag_0/gen_shift_register_active_high.gen_shift_register_active_low.shiftDMI[5]:D
  Delay (ns):              0.202
  Slack (ns):              0.127
  Arrival (ns):            3.328
  Required (ns):           3.201
  Operating Conditions: fast_hv_lt

Path 62
  From: MIV_ESS_C0_0/CoreUARTapb_0/uUART/make_RX/rx_bit_cnt[0]:CLK
  To:   MIV_ESS_C0_0/CoreUARTapb_0/uUART/make_RX/rx_bit_cnt[1]:D
  Delay (ns):              0.200
  Slack (ns):              0.127
  Arrival (ns):            2.148
  Required (ns):           2.021
  Operating Conditions: fast_hv_lt

Path 63
  From: CoreTimer_C1_0/CoreTimer_C1_0/Load[10]:CLK
  To:   CoreTimer_C1_0/CoreTimer_C1_0/iPRDATA[10]:D
  Delay (ns):              0.201
  Slack (ns):              0.127
  Arrival (ns):            2.178
  Required (ns):           2.051
  Operating Conditions: fast_hv_lt

Path 64
  From: CoreTimer_C0_0/CoreTimer_C0_0/Load[24]:CLK
  To:   CoreTimer_C0_0/CoreTimer_C0_0/iPRDATA[24]:D
  Delay (ns):              0.204
  Slack (ns):              0.127
  Arrival (ns):            2.187
  Required (ns):           2.060
  Operating Conditions: fast_hv_lt

Path 65
  From: MIV_RV32_CFG1_C0_0/MIV_RV32_CFG1_C0_0/u_ipcore_0/u_hart_0/u_expipe_0/gen_gpr_ram.u_gpr_0/gen_gpr.u_gpr_array_0/mem_xf_1_mem_xf_1_0_0/R_DATA_9_inst:CLK
  To:   MIV_RV32_CFG1_C0_0/MIV_RV32_CFG1_C0_0/u_ipcore_0/gen_subsys_debug.u_subsys_debug_unit_0/miv_rv32_debug_du_0/data_gpr_reg[9]:D
  Delay (ns):              0.216
  Slack (ns):              0.128
  Arrival (ns):            2.192
  Required (ns):           2.064
  Operating Conditions: fast_hv_lt

Path 66
  From: MIV_RV32_CFG1_C0_0/MIV_RV32_CFG1_C0_0/u_ipcore_0/u_hart_0/u_expipe_0/gen_gpr_ram.u_gpr_0/gen_gpr.u_gpr_array_0/mem_xf_1_mem_xf_1_0_0/R_DATA_2_inst:CLK
  To:   MIV_RV32_CFG1_C0_0/MIV_RV32_CFG1_C0_0/u_ipcore_0/gen_subsys_debug.u_subsys_debug_unit_0/miv_rv32_debug_du_0/data_gpr_reg[2]:D
  Delay (ns):              0.215
  Slack (ns):              0.128
  Arrival (ns):            2.192
  Required (ns):           2.064
  Operating Conditions: fast_hv_lt

Path 67
  From: MIV_RV32_CFG1_C0_0/MIV_RV32_CFG1_C0_0/u_ipcore_0/gen_subsys_debug.u_subsys_debug_unit_0/miv_rv32_debug_du_0/data_0_reg[5]:CLK
  To:   MIV_RV32_CFG1_C0_0/MIV_RV32_CFG1_C0_0/u_ipcore_0/gen_subsys_debug.u_subsys_debug_unit_0/miv_rv32_debug_du_0/debug_op_wr_data[5]:D
  Delay (ns):              0.202
  Slack (ns):              0.128
  Arrival (ns):            2.152
  Required (ns):           2.024
  Operating Conditions: fast_hv_lt

Path 68
  From: MIV_ESS_C0_0/CoreUARTapb_0/uUART/make_RX/receive_full_int:CLK
  To:   MIV_ESS_C0_0/CoreUARTapb_0/uUART/genblk1.RXRDY:D
  Delay (ns):              0.196
  Slack (ns):              0.128
  Arrival (ns):            2.169
  Required (ns):           2.041
  Operating Conditions: fast_hv_lt

Path 69
  From: MIV_RV32_CFG1_C0_0/MIV_RV32_CFG1_C0_0/u_ipcore_0/u_hart_0/u_expipe_0/u_exu_0/div_divisor[25]:CLK
  To:   MIV_RV32_CFG1_C0_0/MIV_RV32_CFG1_C0_0/u_ipcore_0/u_hart_0/u_expipe_0/u_exu_0/div_divisor[24]:D
  Delay (ns):              0.206
  Slack (ns):              0.129
  Arrival (ns):            2.161
  Required (ns):           2.032
  Operating Conditions: fast_hv_lt

Path 70
  From: MIV_RV32_CFG1_C0_0/MIV_RV32_CFG1_C0_0/u_ipcore_0/u_hart_0/u_expipe_0/u_exu_0/div_divisor[1]:CLK
  To:   MIV_RV32_CFG1_C0_0/MIV_RV32_CFG1_C0_0/u_ipcore_0/u_hart_0/u_expipe_0/u_exu_0/div_divisor[0]:D
  Delay (ns):              0.206
  Slack (ns):              0.129
  Arrival (ns):            2.156
  Required (ns):           2.027
  Operating Conditions: fast_hv_lt

Path 71
  From: MIV_RV32_CFG1_C0_0/MIV_RV32_CFG1_C0_0/u_ipcore_0/u_hart_0/u_expipe_0/de_ex_pipe_curr_instr_enc_ex[7]:CLK
  To:   MIV_RV32_CFG1_C0_0/MIV_RV32_CFG1_C0_0/u_ipcore_0/u_hart_0/u_expipe_0/ex_retr_pipe_curr_instr_enc_retr[7]:D
  Delay (ns):              0.274
  Slack (ns):              0.129
  Arrival (ns):            2.237
  Required (ns):           2.108
  Operating Conditions: fast_hv_lt

Path 72
  From: MIV_RV32_CFG1_C0_0/MIV_RV32_CFG1_C0_0/u_ipcore_0/u_hart_0/u_expipe_0/u_exu_0/div_divisor[4]:CLK
  To:   MIV_RV32_CFG1_C0_0/MIV_RV32_CFG1_C0_0/u_ipcore_0/u_hart_0/u_expipe_0/u_exu_0/div_divisor[3]:D
  Delay (ns):              0.207
  Slack (ns):              0.130
  Arrival (ns):            2.157
  Required (ns):           2.027
  Operating Conditions: fast_hv_lt

Path 73
  From: MIV_RV32_CFG1_C0_0/MIV_RV32_CFG1_C0_0/u_ipcore_0/u_hart_0/u_expipe_0/gen_gpr_ram.u_gpr_0/gen_gpr.u_gpr_array_0/mem_xf_1_mem_xf_1_0_1/R_DATA_11_inst:CLK
  To:   MIV_RV32_CFG1_C0_0/MIV_RV32_CFG1_C0_0/u_ipcore_0/gen_subsys_debug.u_subsys_debug_unit_0/miv_rv32_debug_du_0/data_gpr_reg[23]:D
  Delay (ns):              0.210
  Slack (ns):              0.130
  Arrival (ns):            2.196
  Required (ns):           2.066
  Operating Conditions: fast_hv_lt

Path 74
  From: MIV_RV32_CFG1_C0_0/MIV_RV32_CFG1_C0_0/u_ipcore_0/gen_subsys_debug.u_subsys_debug_unit_0/miv_rv32_debug_du_0/data_0_reg[31]:CLK
  To:   MIV_RV32_CFG1_C0_0/MIV_RV32_CFG1_C0_0/u_ipcore_0/gen_subsys_debug.u_subsys_debug_unit_0/miv_rv32_debug_du_0/debug_op_wr_data[31]:D
  Delay (ns):              0.204
  Slack (ns):              0.130
  Arrival (ns):            2.165
  Required (ns):           2.035
  Operating Conditions: fast_hv_lt

Path 75
  From: MIV_RV32_CFG1_C0_0/MIV_RV32_CFG1_C0_0/u_ipcore_0/gen_subsys_debug.u_subsys_debug_unit_0/debug_req_fifo/genblk1.rst_synch_reg[1]:CLK
  To:   MIV_RV32_CFG1_C0_0/MIV_RV32_CFG1_C0_0/u_ipcore_0/gen_subsys_debug.u_subsys_debug_unit_0/debug_req_fifo/genblk1.rst_synch_reg[0]:D
  Delay (ns):              0.203
  Slack (ns):              0.130
  Arrival (ns):            2.134
  Required (ns):           2.004
  Operating Conditions: fast_hv_lt

Path 76
  From: MIV_RV32_CFG1_C0_0/MIV_RV32_CFG1_C0_0/u_ipcore_0/gen_subsys_debug.u_subsys_debug_unit_0/MIV_subsys_debug_transport_module_jtag_0/gen_current_state_register_active_high.gen_current_state_register_active_low.currTapState[1]:CLK
  To:   MIV_RV32_CFG1_C0_0/MIV_RV32_CFG1_C0_0/u_ipcore_0/gen_subsys_debug.u_subsys_debug_unit_0/MIV_subsys_debug_transport_module_jtag_0/gen_current_state_register_active_high.gen_current_state_register_active_low.currTapState[2]:D
  Delay (ns):              0.208
  Slack (ns):              0.130
  Arrival (ns):            3.340
  Required (ns):           3.210
  Operating Conditions: fast_hv_lt

Path 77
  From: MIV_ESS_C0_0/CoreUARTapb_0/uUART/make_CLOCK_GEN/xmit_cntr[0]:CLK
  To:   MIV_ESS_C0_0/CoreUARTapb_0/uUART/make_CLOCK_GEN/xmit_clock:D
  Delay (ns):              0.203
  Slack (ns):              0.130
  Arrival (ns):            2.173
  Required (ns):           2.043
  Operating Conditions: fast_hv_lt

Path 78
  From: CoreTimer_C1_0/CoreTimer_C1_0/Load[21]:CLK
  To:   CoreTimer_C1_0/CoreTimer_C1_0/iPRDATA[21]:D
  Delay (ns):              0.204
  Slack (ns):              0.130
  Arrival (ns):            2.181
  Required (ns):           2.051
  Operating Conditions: fast_hv_lt

Path 79
  From: MIV_RV32_CFG1_C0_0/MIV_RV32_CFG1_C0_0/u_ipcore_0/u_hart_0/u_expipe_0/u_exu_0/div_divisor[58]:CLK
  To:   MIV_RV32_CFG1_C0_0/MIV_RV32_CFG1_C0_0/u_ipcore_0/u_hart_0/u_expipe_0/u_exu_0/div_divisor[57]:D
  Delay (ns):              0.204
  Slack (ns):              0.131
  Arrival (ns):            2.151
  Required (ns):           2.020
  Operating Conditions: fast_hv_lt

Path 80
  From: MIV_RV32_CFG1_C0_0/MIV_RV32_CFG1_C0_0/u_ipcore_0/u_hart_0/u_expipe_0/gen_gpr_ex_attbs_rd_ex.gen_debug_gpr_rd_sel_pipeline.de_ex_pipe_gpr_rs2_rd_sel_ex[0]:CLK
  To:   MIV_RV32_CFG1_C0_0/MIV_RV32_CFG1_C0_0/u_ipcore_0/u_hart_0/u_expipe_0/gen_gpr_ram.u_gpr_0/gpr_rs2_rd_sel_reg[0]:D
  Delay (ns):              0.291
  Slack (ns):              0.131
  Arrival (ns):            2.240
  Required (ns):           2.109
  Operating Conditions: fast_hv_lt

Path 81
  From: MIV_RV32_CFG1_C0_0/MIV_RV32_CFG1_C0_0/u_ipcore_0/gen_subsys_debug.u_subsys_debug_unit_0/miv_rv32_debug_du_0/command_reg[8]:CLK
  To:   MIV_RV32_CFG1_C0_0/MIV_RV32_CFG1_C0_0/u_ipcore_0/gen_subsys_debug.u_subsys_debug_unit_0/miv_rv32_debug_du_0/debug_csr_addr[8]:D
  Delay (ns):              0.205
  Slack (ns):              0.131
  Arrival (ns):            2.176
  Required (ns):           2.045
  Operating Conditions: fast_hv_lt

Path 82
  From: MIV_RV32_CFG1_C0_0/MIV_RV32_CFG1_C0_0/u_ipcore_0/gen_subsys_debug.u_subsys_debug_unit_0/miv_rv32_debug_du_0/cmderr_ff[0]:CLK
  To:   MIV_RV32_CFG1_C0_0/MIV_RV32_CFG1_C0_0/u_ipcore_0/gen_subsys_debug.u_subsys_debug_unit_0/miv_rv32_debug_du_0/abstractcs_cmderr[0]:D
  Delay (ns):              0.205
  Slack (ns):              0.131
  Arrival (ns):            2.140
  Required (ns):           2.009
  Operating Conditions: fast_hv_lt

Path 83
  From: MIV_ESS_C0_0/CoreUARTapb_0/uUART/make_TX/xmit_bit_sel[2]:CLK
  To:   MIV_ESS_C0_0/CoreUARTapb_0/uUART/make_TX/xmit_bit_sel[3]:D
  Delay (ns):              0.210
  Slack (ns):              0.132
  Arrival (ns):            2.191
  Required (ns):           2.059
  Operating Conditions: fast_hv_lt

Path 84
  From: MIV_ESS_C0_0/CoreUARTapb_0/uUART/make_RX/rx_bit_cnt[2]:CLK
  To:   MIV_ESS_C0_0/CoreUARTapb_0/uUART/make_RX/rx_bit_cnt[3]:D
  Delay (ns):              0.205
  Slack (ns):              0.132
  Arrival (ns):            2.154
  Required (ns):           2.022
  Operating Conditions: fast_hv_lt

Path 85
  From: CoreTimer_C0_0/CoreTimer_C0_0/Load[12]:CLK
  To:   CoreTimer_C0_0/CoreTimer_C0_0/iPRDATA[12]:D
  Delay (ns):              0.209
  Slack (ns):              0.132
  Arrival (ns):            2.192
  Required (ns):           2.060
  Operating Conditions: fast_hv_lt

Path 86
  From: CORERESET_PF_C0_0/CORERESET_PF_C0_0/dff_0[0]:CLK
  To:   CORERESET_PF_C0_0/CORERESET_PF_C0_0/dff_1[0]:D
  Delay (ns):              0.205
  Slack (ns):              0.132
  Arrival (ns):            2.156
  Required (ns):           2.024
  Operating Conditions: fast_hv_lt

Path 87
  From: MIV_RV32_CFG1_C0_0/MIV_RV32_CFG1_C0_0/u_ipcore_0/u_hart_0/u_expipe_0/u_exu_0/div_divisor[27]:CLK
  To:   MIV_RV32_CFG1_C0_0/MIV_RV32_CFG1_C0_0/u_ipcore_0/u_hart_0/u_expipe_0/u_exu_0/div_divisor[26]:D
  Delay (ns):              0.210
  Slack (ns):              0.133
  Arrival (ns):            2.165
  Required (ns):           2.032
  Operating Conditions: fast_hv_lt

Path 88
  From: MIV_RV32_CFG1_C0_0/MIV_RV32_CFG1_C0_0/u_ipcore_0/u_hart_0/u_expipe_0/gen_debug_gpr_ctrl_pipeline.ex_retr_pipe_gpr_wr_sel_retr[4]:CLK
  To:   MIV_RV32_CFG1_C0_0/MIV_RV32_CFG1_C0_0/u_ipcore_0/u_hart_0/u_expipe_0/gen_gpr_ram.u_gpr_0/gpr_wr_sel_reg[4]:D
  Delay (ns):              0.207
  Slack (ns):              0.133
  Arrival (ns):            2.173
  Required (ns):           2.040
  Operating Conditions: fast_hv_lt

Path 89
  From: MIV_RV32_CFG1_C0_0/MIV_RV32_CFG1_C0_0/u_ipcore_0/gen_subsys_debug.u_subsys_debug_unit_0/miv_rv32_debug_du_0/command_reg[7]:CLK
  To:   MIV_RV32_CFG1_C0_0/MIV_RV32_CFG1_C0_0/u_ipcore_0/gen_subsys_debug.u_subsys_debug_unit_0/miv_rv32_debug_du_0/debug_csr_addr[7]:D
  Delay (ns):              0.207
  Slack (ns):              0.133
  Arrival (ns):            2.148
  Required (ns):           2.015
  Operating Conditions: fast_hv_lt

Path 90
  From: MIV_RV32_CFG1_C0_0/MIV_RV32_CFG1_C0_0/u_ipcore_0/u_hart_0/u_expipe_0/gen_gpr_ram.u_gpr_0/gen_gpr.u_gpr_array_0/mem_xf_1_mem_xf_1_0_1/R_DATA_9_inst:CLK
  To:   MIV_RV32_CFG1_C0_0/MIV_RV32_CFG1_C0_0/u_ipcore_0/gen_subsys_debug.u_subsys_debug_unit_0/miv_rv32_debug_du_0/data_gpr_reg[21]:D
  Delay (ns):              0.215
  Slack (ns):              0.134
  Arrival (ns):            2.200
  Required (ns):           2.066
  Operating Conditions: fast_hv_lt

Path 91
  From: MIV_RV32_CFG1_C0_0/MIV_RV32_CFG1_C0_0/u_ipcore_0/gen_subsys_debug.u_subsys_debug_unit_0/miv_rv32_debug_du_0/command_reg[9]:CLK
  To:   MIV_RV32_CFG1_C0_0/MIV_RV32_CFG1_C0_0/u_ipcore_0/gen_subsys_debug.u_subsys_debug_unit_0/miv_rv32_debug_du_0/debug_csr_addr[9]:D
  Delay (ns):              0.208
  Slack (ns):              0.134
  Arrival (ns):            2.179
  Required (ns):           2.045
  Operating Conditions: fast_hv_lt

Path 92
  From: MIV_RV32_CFG1_C0_0/MIV_RV32_CFG1_C0_0/u_ipcore_0/gen_subsys_debug.u_subsys_debug_unit_0/MIV_subsys_debug_transport_module_jtag_0/gen_shift_register_active_high.gen_shift_register_active_low.shiftDR[14]:CLK
  To:   MIV_RV32_CFG1_C0_0/MIV_RV32_CFG1_C0_0/u_ipcore_0/gen_subsys_debug.u_subsys_debug_unit_0/MIV_subsys_debug_transport_module_jtag_0/gen_shift_register_active_high.gen_shift_register_active_low.shiftDR[13]:D
  Delay (ns):              0.209
  Slack (ns):              0.134
  Arrival (ns):            3.347
  Required (ns):           3.213
  Operating Conditions: fast_hv_lt

Path 93
  From: MIV_RV32_CFG1_C0_0/MIV_RV32_CFG1_C0_0/u_ipcore_0/gen_subsys_debug.u_subsys_debug_unit_0/MIV_subsys_debug_transport_module_jtag_0/gen_shift_register_active_high.gen_shift_register_active_low.shiftDMI[29]:CLK
  To:   MIV_RV32_CFG1_C0_0/MIV_RV32_CFG1_C0_0/u_ipcore_0/gen_subsys_debug.u_subsys_debug_unit_0/MIV_subsys_debug_transport_module_jtag_0/gen_shift_register_active_high.gen_shift_register_active_low.shiftDMI[28]:D
  Delay (ns):              0.210
  Slack (ns):              0.134
  Arrival (ns):            3.335
  Required (ns):           3.201
  Operating Conditions: fast_hv_lt

Path 94
  From: MIV_ESS_C0_0/CoreUARTapb_0/uUART/make_RX/receive_count[0]:CLK
  To:   MIV_ESS_C0_0/CoreUARTapb_0/uUART/make_RX/receive_count[2]:D
  Delay (ns):              0.208
  Slack (ns):              0.134
  Arrival (ns):            2.162
  Required (ns):           2.028
  Operating Conditions: fast_hv_lt

Path 95
  From: CORERESET_PF_C0_0/CORERESET_PF_C0_0/dff_6[0]:CLK
  To:   CORERESET_PF_C0_0/CORERESET_PF_C0_0/dff_7[0]:D
  Delay (ns):              0.208
  Slack (ns):              0.134
  Arrival (ns):            2.165
  Required (ns):           2.031
  Operating Conditions: fast_hv_lt

Path 96
  From: MIV_RV32_CFG1_C0_0/MIV_RV32_CFG1_C0_0/u_ipcore_0/u_hart_0/u_expipe_0/u_exu_0/div_divisor[8]:CLK
  To:   MIV_RV32_CFG1_C0_0/MIV_RV32_CFG1_C0_0/u_ipcore_0/u_hart_0/u_expipe_0/u_exu_0/div_divisor[7]:D
  Delay (ns):              0.212
  Slack (ns):              0.135
  Arrival (ns):            2.162
  Required (ns):           2.027
  Operating Conditions: fast_hv_lt

Path 97
  From: MIV_RV32_CFG1_C0_0/MIV_RV32_CFG1_C0_0/u_ipcore_0/u_hart_0/u_expipe_0/u_exu_0/div_divisor[47]:CLK
  To:   MIV_RV32_CFG1_C0_0/MIV_RV32_CFG1_C0_0/u_ipcore_0/u_hart_0/u_expipe_0/u_exu_0/div_divisor[46]:D
  Delay (ns):              0.212
  Slack (ns):              0.135
  Arrival (ns):            2.167
  Required (ns):           2.032
  Operating Conditions: fast_hv_lt

Path 98
  From: MIV_ESS_C0_0/CoreUARTapb_0/uUART/make_RX/receive_count[0]:CLK
  To:   MIV_ESS_C0_0/CoreUARTapb_0/uUART/make_RX/receive_count[1]:D
  Delay (ns):              0.209
  Slack (ns):              0.135
  Arrival (ns):            2.163
  Required (ns):           2.028
  Operating Conditions: fast_hv_lt

Path 99
  From: MIV_ESS_C0_0/CoreUARTapb_0/controlReg1[1]:CLK
  To:   MIV_ESS_C0_0/CoreUARTapb_0/iPRDATA[1]:D
  Delay (ns):              0.209
  Slack (ns):              0.135
  Arrival (ns):            2.179
  Required (ns):           2.044
  Operating Conditions: fast_hv_lt

Path 100
  From: CoreTimer_C1_0/CoreTimer_C1_0/Load[15]:CLK
  To:   CoreTimer_C1_0/CoreTimer_C1_0/iPRDATA[15]:D
  Delay (ns):              0.209
  Slack (ns):              0.135
  Arrival (ns):            2.186
  Required (ns):           2.051
  Operating Conditions: fast_hv_lt

