Timing Report Max Delay Analysis

SmartTime Version 2025.2
Microchip Technology Inc. - Microchip Libero Software Release 2025.2 (Version 2025.2.0.14)
Date: Fri Jan 16 16:27:27 2026


Design: BaseDesign
Family: PolarFireSoC
Die: MPFS095T
Package: FCSG325
Temperature Range: 0 - 100 C
Voltage Range: 0.97 - 1.03 V
Speed Grade: -1
Design State: Post-Layout
Data source: Production
Multi Corner Report Operating Conditions: slow_lv_lt,fast_hv_lt,slow_lv_ht


-----------------------------------------------------
SUMMARY

Clock Domain:               PF_CCC_C0_0/PF_CCC_C0_0/pll_inst_0/OUT0
Required Period (ns):       20.000
Required Frequency (MHz):   50.000
Worst Slack (ns):           8.722
Operating Conditions:       slow_lv_ht

Clock Domain:               REF_CLK
Required Period (ns):       20.000
Required Frequency (MHz):   50.000
Worst Slack (ns):           
Operating Conditions:       

Clock Domain:               TCK
Required Period (ns):       166.670
Required Frequency (MHz):   6.000
Worst Slack (ns):           69.145
Operating Conditions:       slow_lv_ht

                            Input to Output
Max Delay (ns):             N/A

END SUMMARY
-----------------------------------------------------

Clock Domain PF_CCC_C0_0/PF_CCC_C0_0/pll_inst_0/OUT0

SET Register to Register

Path 1
  From: MIV_RV32_CFG1_C0_0/MIV_RV32_CFG1_C0_0/u_ipcore_0/u_hart_0/u_expipe_0/u_exu_0/fast_mul.miv_rv32_mul_0/WideMult_0_0/MACC_PHYS_INST/INST_MACC_IP:CLK
  To:   PF_SRAM_AHB_C0_0/PF_TPSRAM_AHB_AXI_0/PF_SRAM_AHB_C0_PF_TPSRAM_AHB_AXI_0_PF_TPSRAM_R33C0/INST_RAM1K20_IP:B_WEN[1]
  Delay (ns):             10.171
  Slack (ns):              8.722
  Arrival (ns):           13.644
  Required (ns):          22.366
  Setup (ns):              0.942
  Minimum Period (ns):    11.143
  Operating Conditions: slow_lv_ht

Path 2
  From: MIV_RV32_CFG1_C0_0/MIV_RV32_CFG1_C0_0/u_ipcore_0/u_hart_0/u_expipe_0/u_exu_0/fast_mul.miv_rv32_mul_0/WideMult_0_0/MACC_PHYS_INST/INST_MACC_IP:CLK
  To:   PF_SRAM_AHB_C0_0/PF_TPSRAM_AHB_AXI_0/PF_SRAM_AHB_C0_PF_TPSRAM_AHB_AXI_0_PF_TPSRAM_R45C0/INST_RAM1K20_IP:B_WEN[1]
  Delay (ns):             10.136
  Slack (ns):              8.766
  Arrival (ns):           13.609
  Required (ns):          22.375
  Setup (ns):              0.942
  Minimum Period (ns):    11.099
  Operating Conditions: slow_lv_ht

Path 3
  From: MIV_RV32_CFG1_C0_0/MIV_RV32_CFG1_C0_0/u_ipcore_0/u_hart_0/u_expipe_0/u_exu_0/fast_mul.miv_rv32_mul_0/WideMult_1_0/MACC_PHYS_INST/INST_MACC_IP:CLK
  To:   PF_SRAM_AHB_C0_0/PF_TPSRAM_AHB_AXI_0/PF_SRAM_AHB_C0_PF_TPSRAM_AHB_AXI_0_PF_TPSRAM_R33C0/INST_RAM1K20_IP:B_WEN[1]
  Delay (ns):             10.120
  Slack (ns):              8.767
  Arrival (ns):           13.599
  Required (ns):          22.366
  Setup (ns):              0.942
  Minimum Period (ns):    11.098
  Operating Conditions: slow_lv_ht

Path 4
  From: MIV_RV32_CFG1_C0_0/MIV_RV32_CFG1_C0_0/u_ipcore_0/u_hart_0/u_expipe_0/u_exu_0/fast_mul.miv_rv32_mul_0/WideMult_0_0/MACC_PHYS_INST/INST_MACC_IP:CLK
  To:   PF_SRAM_AHB_C0_0/PF_TPSRAM_AHB_AXI_0/PF_SRAM_AHB_C0_PF_TPSRAM_AHB_AXI_0_PF_TPSRAM_R45C0/INST_RAM1K20_IP:A_BLK_EN[0]
  Delay (ns):             10.454
  Slack (ns):              8.780
  Arrival (ns):           13.927
  Required (ns):          22.707
  Setup (ns):              0.611
  Minimum Period (ns):    11.085
  Operating Conditions: slow_lv_ht

Path 5
  From: MIV_RV32_CFG1_C0_0/MIV_RV32_CFG1_C0_0/u_ipcore_0/u_hart_0/u_expipe_0/u_exu_0/fast_mul.miv_rv32_mul_0/WideMult_0_0/MACC_PHYS_INST/INST_MACC_IP:CLK
  To:   PF_SRAM_AHB_C0_0/PF_TPSRAM_AHB_AXI_0/PF_SRAM_AHB_C0_PF_TPSRAM_AHB_AXI_0_PF_TPSRAM_R35C0/INST_RAM1K20_IP:B_WEN[1]
  Delay (ns):             10.119
  Slack (ns):              8.780
  Arrival (ns):           13.592
  Required (ns):          22.372
  Setup (ns):              0.942
  Minimum Period (ns):    11.085
  Operating Conditions: slow_lv_ht


Expanded Path 1
  From: MIV_RV32_CFG1_C0_0/MIV_RV32_CFG1_C0_0/u_ipcore_0/u_hart_0/u_expipe_0/u_exu_0/fast_mul.miv_rv32_mul_0/WideMult_0_0/MACC_PHYS_INST/INST_MACC_IP:CLK
  To: PF_SRAM_AHB_C0_0/PF_TPSRAM_AHB_AXI_0/PF_SRAM_AHB_C0_PF_TPSRAM_AHB_AXI_0_PF_TPSRAM_R33C0/INST_RAM1K20_IP:B_WEN[1]
  data required time                                 22.366
  data arrival time                          -       13.644
  slack                                               8.722
  ________________________________________________________
  Data arrival time calculation
  0.000                        PF_CCC_C0_0/PF_CCC_C0_0/pll_inst_0/OUT0
               +     0.000          Clock source
  0.000                        PF_CCC_C0_0/PF_CCC_C0_0/pll_inst_0:OUT0 (r)
               +     1.336          Clock generation
  1.336                        
               +     0.197          net: PF_CCC_C0_0/PF_CCC_C0_0/pll_inst_0_clkint_0
  1.533                        PF_CCC_C0_0/PF_CCC_C0_0/clkint_0_1:A (r)
               +     0.141          cell: ADLIB:ICB_CLKINT
  1.674                        PF_CCC_C0_0/PF_CCC_C0_0/clkint_0_1:Y (r)
               +     0.602          net: PF_CCC_C0_0/PF_CCC_C0_0/clkint_0_NET
  2.276                        PF_CCC_C0_0/PF_CCC_C0_0/clkint_0:A (r)
               +     0.170          cell: ADLIB:GB
  2.446                        PF_CCC_C0_0/PF_CCC_C0_0/clkint_0:Y (r)
               +     0.406          net: PF_CCC_C0_0/PF_CCC_C0_0/clkint_0/U0_Y
  2.852                        PF_CCC_C0_0/PF_CCC_C0_0/clkint_0/U0_RGB1_RGB4:A (r)
               +     0.058          cell: ADLIB:RGB
  2.910                        PF_CCC_C0_0/PF_CCC_C0_0/clkint_0/U0_RGB1_RGB4:Y (f)
               +     0.563          net: PF_CCC_C0_0/PF_CCC_C0_0/clkint_0/U0_RGB1_RGB4_rgb_net_1
  3.473                        MIV_RV32_CFG1_C0_0/MIV_RV32_CFG1_C0_0/u_ipcore_0/u_hart_0/u_expipe_0/u_exu_0/fast_mul.miv_rv32_mul_0/WideMult_0_0/MACC_PHYS_INST/INST_MACC_IP:CLK (r)
               +     0.393          cell: ADLIB:MACC_IP
  3.866                        MIV_RV32_CFG1_C0_0/MIV_RV32_CFG1_C0_0/u_ipcore_0/u_hart_0/u_expipe_0/u_exu_0/fast_mul.miv_rv32_mul_0/WideMult_0_0/MACC_PHYS_INST/INST_MACC_IP:CDOUT[24] (f)
               +     0.012          net: MIV_RV32_CFG1_C0_0/MIV_RV32_CFG1_C0_0/u_ipcore_0/u_hart_0/u_expipe_0/u_exu_0/fast_mul.miv_rv32_mul_0/WideMult_1_0_cas[24]
  3.878                        MIV_RV32_CFG1_C0_0/MIV_RV32_CFG1_C0_0/u_ipcore_0/u_hart_0/u_expipe_0/u_exu_0/fast_mul.miv_rv32_mul_0/WideMult_1_0/MACC_PHYS_INST/INST_MACC_IP:CDIN[24] (f)
               +     1.997          cell: ADLIB:MACC_IP
  5.875                        MIV_RV32_CFG1_C0_0/MIV_RV32_CFG1_C0_0/u_ipcore_0/u_hart_0/u_expipe_0/u_exu_0/fast_mul.miv_rv32_mul_0/WideMult_1_0/MACC_PHYS_INST/INST_MACC_IP:CDOUT[21] (r)
               +     0.010          net: MIV_RV32_CFG1_C0_0/MIV_RV32_CFG1_C0_0/u_ipcore_0/u_hart_0/u_expipe_0/u_exu_0/fast_mul.miv_rv32_mul_0/WideMult_1_1_cas[21]
  5.885                        MIV_RV32_CFG1_C0_0/MIV_RV32_CFG1_C0_0/u_ipcore_0/u_hart_0/u_expipe_0/u_exu_0/fast_mul.miv_rv32_mul_0/WideMult_1_1/MACC_PHYS_INST/INST_MACC_IP:CDIN[21] (r)
               +     1.633          cell: ADLIB:MACC_IP
  7.518                        MIV_RV32_CFG1_C0_0/MIV_RV32_CFG1_C0_0/u_ipcore_0/u_hart_0/u_expipe_0/u_exu_0/fast_mul.miv_rv32_mul_0/WideMult_1_1/MACC_PHYS_INST/INST_MACC_IP:P[15] (r)
               +     0.384          net: MIV_RV32_CFG1_C0_0/MIV_RV32_CFG1_C0_0/u_ipcore_0/u_hart_0/u_expipe_0/u_exu_0/fast_mul.miv_rv32_mul_0/exu_alu_result_sel[32]
  7.902                        MIV_RV32_CFG1_C0_0/MIV_RV32_CFG1_C0_0/u_ipcore_0/u_hart_0/u_expipe_0/u_exu_0/fast_mul.miv_rv32_mul_0/exu_alu_result_4[0]:D (r)
               +     0.053          cell: ADLIB:CFG4
  7.955                        MIV_RV32_CFG1_C0_0/MIV_RV32_CFG1_C0_0/u_ipcore_0/u_hart_0/u_expipe_0/u_exu_0/fast_mul.miv_rv32_mul_0/exu_alu_result_4[0]:Y (r)
               +     0.056          net: MIV_RV32_CFG1_C0_0/MIV_RV32_CFG1_C0_0/u_ipcore_0/u_hart_0/u_expipe_0/u_exu_0/fast_mul.miv_rv32_mul_0/N_687
  8.011                        MIV_RV32_CFG1_C0_0/MIV_RV32_CFG1_C0_0/u_ipcore_0/u_hart_0/u_expipe_0/u_exu_0/fast_mul.miv_rv32_mul_0/exu_alu_result_6_0[0]:C (r)
               +     0.053          cell: ADLIB:CFG4
  8.064                        MIV_RV32_CFG1_C0_0/MIV_RV32_CFG1_C0_0/u_ipcore_0/u_hart_0/u_expipe_0/u_exu_0/fast_mul.miv_rv32_mul_0/exu_alu_result_6_0[0]:Y (r)
               +     0.068          net: MIV_RV32_CFG1_C0_0/MIV_RV32_CFG1_C0_0/u_ipcore_0/u_hart_0/u_expipe_0/u_exu_0/fast_mul.miv_rv32_mul_0/N_752
  8.132                        MIV_RV32_CFG1_C0_0/MIV_RV32_CFG1_C0_0/u_ipcore_0/u_hart_0/u_expipe_0/u_exu_0/fast_mul.miv_rv32_mul_0/exu_alu_result_7[0]:A (r)
               +     0.053          cell: ADLIB:CFG3
  8.185                        MIV_RV32_CFG1_C0_0/MIV_RV32_CFG1_C0_0/u_ipcore_0/u_hart_0/u_expipe_0/u_exu_0/fast_mul.miv_rv32_mul_0/exu_alu_result_7[0]:Y (r)
               +     0.053          net: MIV_RV32_CFG1_C0_0/MIV_RV32_CFG1_C0_0/u_ipcore_0/u_hart_0/u_expipe_0/u_exu_0/fast_mul.miv_rv32_mul_0/N_785
  8.238                        MIV_RV32_CFG1_C0_0/MIV_RV32_CFG1_C0_0/u_ipcore_0/u_hart_0/u_expipe_0/u_exu_0/fast_mul.miv_rv32_mul_0/exu_alu_result[0]:D (r)
               +     0.053          cell: ADLIB:CFG4
  8.291                        MIV_RV32_CFG1_C0_0/MIV_RV32_CFG1_C0_0/u_ipcore_0/u_hart_0/u_expipe_0/u_exu_0/fast_mul.miv_rv32_mul_0/exu_alu_result[0]:Y (r)
               +     0.491          net: MIV_RV32_CFG1_C0_0/MIV_RV32_CFG1_C0_0/u_ipcore_0/u_hart_0/u_expipe_0/exu_result_flags_ex.cmp_cond
  8.782                        MIV_RV32_CFG1_C0_0/MIV_RV32_CFG1_C0_0/u_ipcore_0/u_hart_0/u_expipe_0/u_idecode_0/instr_inhibit_ex_i_0_o3_RNIUK08MB:C (r)
               +     0.053          cell: ADLIB:CFG4
  8.835                        MIV_RV32_CFG1_C0_0/MIV_RV32_CFG1_C0_0/u_ipcore_0/u_hart_0/u_expipe_0/u_idecode_0/instr_inhibit_ex_i_0_o3_RNIUK08MB:Y (r)
               +     0.077          net: MIV_RV32_CFG1_C0_0/MIV_RV32_CFG1_C0_0/u_ipcore_0/u_hart_0/ifu_expipe_req_branch_excpt_req_valid_net
  8.912                        MIV_RV32_CFG1_C0_0/MIV_RV32_CFG1_C0_0/u_ipcore_0/u_hart_0/u_fetch_unit_0/sticky_branch_reg_RNI1VG1H:B (r)
               +     0.051          cell: ADLIB:CFG3
  8.963                        MIV_RV32_CFG1_C0_0/MIV_RV32_CFG1_C0_0/u_ipcore_0/u_hart_0/u_fetch_unit_0/sticky_branch_reg_RNI1VG1H:Y (f)
               +     0.075          net: MIV_RV32_CFG1_C0_0/MIV_RV32_CFG1_C0_0/u_ipcore_0/un5_fetch_ptr_sel_i
  9.038                        MIV_RV32_CFG1_C0_0/MIV_RV32_CFG1_C0_0/u_ipcore_0/u_hart_0/u_fetch_unit_0/next_req_fetch_ptr[31]:D (f)
               +     0.052          cell: ADLIB:CFG4
  9.090                        MIV_RV32_CFG1_C0_0/MIV_RV32_CFG1_C0_0/u_ipcore_0/u_hart_0/u_fetch_unit_0/next_req_fetch_ptr[31]:Y (f)
               +     0.168          net: MIV_RV32_CFG1_C0_0/MIV_RV32_CFG1_C0_0/u_ipcore_0/apb_i_req_addr_net[31]
  9.258                        MIV_RV32_CFG1_C0_0/MIV_RV32_CFG1_C0_0/u_ipcore_0/u_subsys_interconnect_0/un1_cpu_i_req_is_ahb:B (f)
               +     0.234          cell: ADLIB:CFG4
  9.492                        MIV_RV32_CFG1_C0_0/MIV_RV32_CFG1_C0_0/u_ipcore_0/u_subsys_interconnect_0/un1_cpu_i_req_is_ahb:Y (r)
               +     0.417          net: MIV_RV32_CFG1_C0_0/MIV_RV32_CFG1_C0_0/u_ipcore_0/un1_cpu_i_req_is_ahb
  9.909                        MIV_RV32_CFG1_C0_0/MIV_RV32_CFG1_C0_0/u_ipcore_0/gen_ahb.u_subsys_ahb_0/u_ahb_req_arb/req_masked[0]:C (r)
               +     0.073          cell: ADLIB:CFG4
  9.982                        MIV_RV32_CFG1_C0_0/MIV_RV32_CFG1_C0_0/u_ipcore_0/gen_ahb.u_subsys_ahb_0/u_ahb_req_arb/req_masked[0]:Y (f)
               +     0.070          net: MIV_RV32_CFG1_C0_0/MIV_RV32_CFG1_C0_0/u_ipcore_0/gen_ahb.u_subsys_ahb_0/u_ahb_req_arb/req_masked_Z[0]
  10.052                       MIV_RV32_CFG1_C0_0/MIV_RV32_CFG1_C0_0/u_ipcore_0/gen_ahb.u_subsys_ahb_0/u_ahb_req_arb/gnt_0[1]:A (f)
               +     0.071          cell: ADLIB:CFG3
  10.123                       MIV_RV32_CFG1_C0_0/MIV_RV32_CFG1_C0_0/u_ipcore_0/gen_ahb.u_subsys_ahb_0/u_ahb_req_arb/gnt_0[1]:Y (r)
               +     0.094          net: MIV_RV32_CFG1_C0_0/MIV_RV32_CFG1_C0_0/u_ipcore_0/ahb_d_req_ready_net
  10.217                       MIV_RV32_CFG1_C0_0/MIV_RV32_CFG1_C0_0/u_ipcore_0/gen_ahb.u_subsys_ahb_0/raddr_mux_loop_l1.un9_req_wr_byte_en_mux[2]:D (r)
               +     0.078          cell: ADLIB:CFG4
  10.295                       MIV_RV32_CFG1_C0_0/MIV_RV32_CFG1_C0_0/u_ipcore_0/gen_ahb.u_subsys_ahb_0/raddr_mux_loop_l1.un9_req_wr_byte_en_mux[2]:Y (r)
               +     0.164          net: MIV_RV32_CFG1_C0_0/MIV_RV32_CFG1_C0_0/u_ipcore_0/gen_ahb.u_subsys_ahb_0/un9_req_wr_byte_en_mux[2]
  10.459                       MIV_RV32_CFG1_C0_0/MIV_RV32_CFG1_C0_0/u_ipcore_0/gen_ahb.u_subsys_ahb_0/un1_hwrite_reg:B (r)
               +     0.238          cell: ADLIB:CFG4
  10.697                       MIV_RV32_CFG1_C0_0/MIV_RV32_CFG1_C0_0/u_ipcore_0/gen_ahb.u_subsys_ahb_0/un1_hwrite_reg:Y (r)
               +     0.403          net: MIV_RV32_CFG1_C0_0/MIV_RV32_CFG1_C0_0/u_ipcore_0/gen_ahb.u_subsys_ahb_0/un1_hwrite_reg_Z
  11.100                       MIV_RV32_CFG1_C0_0/MIV_RV32_CFG1_C0_0/u_ipcore_0/gen_ahb.u_subsys_ahb_0/hwrite_iv:D (r)
               +     0.053          cell: ADLIB:CFG4
  11.153                       MIV_RV32_CFG1_C0_0/MIV_RV32_CFG1_C0_0/u_ipcore_0/gen_ahb.u_subsys_ahb_0/hwrite_iv:Y (r)
               +     0.589          net: MIV_RV32_CFG1_C0_0_AHBL_M_TARGET_HWRITE
  11.742                       PF_SRAM_AHB_C0_0/COREAHBLSRAM_PF_0/genblk1.genblk1.U_PF_SRAM_AHB_C0_COREAHBLSRAM_PF_0_AHBLSram/mem_byteen_m_i_a2_0_yy_RNI04MK61[3]:B (r)
               +     0.053          cell: ADLIB:CFG4
  11.795                       PF_SRAM_AHB_C0_0/COREAHBLSRAM_PF_0/genblk1.genblk1.U_PF_SRAM_AHB_C0_COREAHBLSRAM_PF_0_AHBLSram/mem_byteen_m_i_a2_0_yy_RNI04MK61[3]:Y (r)
               +     1.849          net: PF_SRAM_AHB_C0_0/mem_byteen_m_i_a2_0_yy_RNI04MK61[3]
  13.644                       PF_SRAM_AHB_C0_0/PF_TPSRAM_AHB_AXI_0/PF_SRAM_AHB_C0_PF_TPSRAM_AHB_AXI_0_PF_TPSRAM_R33C0/INST_RAM1K20_IP:B_WEN[1] (r)
                                    
  13.644                       data arrival time
  ________________________________________________________
  Data required time calculation
  20.000                       PF_CCC_C0_0/PF_CCC_C0_0/pll_inst_0/OUT0
               +     0.000          Clock source
  20.000                       PF_CCC_C0_0/PF_CCC_C0_0/pll_inst_0:OUT0 (r)
               +     1.211          Clock generation
  21.211                       
               +     0.180          net: PF_CCC_C0_0/PF_CCC_C0_0/pll_inst_0_clkint_0
  21.391                       PF_CCC_C0_0/PF_CCC_C0_0/clkint_0_1:A (r)
               +     0.122          cell: ADLIB:ICB_CLKINT
  21.513                       PF_CCC_C0_0/PF_CCC_C0_0/clkint_0_1:Y (r)
               +     0.548          net: PF_CCC_C0_0/PF_CCC_C0_0/clkint_0_NET
  22.061                       PF_CCC_C0_0/PF_CCC_C0_0/clkint_0:A (r)
               +     0.155          cell: ADLIB:GB
  22.216                       PF_CCC_C0_0/PF_CCC_C0_0/clkint_0:Y (r)
               +     0.363          net: PF_CCC_C0_0/PF_CCC_C0_0/clkint_0/U0_Y
  22.579                       PF_CCC_C0_0/PF_CCC_C0_0/clkint_0/U0_RGB1_RGB7:A (r)
               +     0.052          cell: ADLIB:RGB
  22.631                       PF_CCC_C0_0/PF_CCC_C0_0/clkint_0/U0_RGB1_RGB7:Y (f)
               +     0.579          net: PF_CCC_C0_0/PF_CCC_C0_0/clkint_0/U0_RGB1_RGB7_rgb_net_1
  23.210                       PF_SRAM_AHB_C0_0/PF_TPSRAM_AHB_AXI_0/PF_SRAM_AHB_C0_PF_TPSRAM_AHB_AXI_0_PF_TPSRAM_R33C0/INST_RAM1K20_IP:B_CLK (r)
               +     0.233          
  23.443                       clock reconvergence pessimism
               -     0.135          
  23.308                       clock jitter
               -     0.942          Library setup time: ADLIB:RAM1K20_IP
  22.366                       PF_SRAM_AHB_C0_0/PF_TPSRAM_AHB_AXI_0/PF_SRAM_AHB_C0_PF_TPSRAM_AHB_AXI_0_PF_TPSRAM_R33C0/INST_RAM1K20_IP:B_WEN[1]
                                    
  22.366                       data required time


Operating Conditions : slow_lv_ht

END SET Register to Register

----------------------------------------------------

SET External Setup

Path 1
  From: INT_1
  To:   MIV_ESS_C0_0/CoreGPIO_0/xhdl1.GEN_BITS[3].gpin1[3]:D
  Delay (ns):              8.072
  Arrival (ns):            8.072
  Setup (ns):              0.000
  External Setup (ns):     5.154
  Operating Conditions: slow_lv_ht

Path 2
  From: INT_2
  To:   MIV_ESS_C0_0/CoreGPIO_0/xhdl1.GEN_BITS[2].gpin1[2]:D
  Delay (ns):              7.824
  Arrival (ns):            7.824
  Setup (ns):              0.000
  External Setup (ns):     4.906
  Operating Conditions: slow_lv_ht

Path 3
  From: RX
  To:   MIV_ESS_C0_0/CoreUARTapb_0/uUART/make_RX/samples_2[0]:D
  Delay (ns):              1.875
  Arrival (ns):            1.875
  Setup (ns):              0.000
  External Setup (ns):     0.053
  Operating Conditions: fast_hv_lt

Path 4
  From: SW_1
  To:   MIV_ESS_C0_0/CoreGPIO_0/xhdl1.GEN_BITS_0[0]:D
  Delay (ns):              1.352
  Arrival (ns):            1.352
  Setup (ns):              0.000
  External Setup (ns):    -0.455
  Operating Conditions: fast_hv_lt

Path 5
  From: SW_2
  To:   MIV_ESS_C0_0/CoreGPIO_0/xhdl1.GEN_BITS_0[1]:D
  Delay (ns):              1.272
  Arrival (ns):            1.272
  Setup (ns):              0.000
  External Setup (ns):    -0.544
  Operating Conditions: fast_hv_lt


Expanded Path 1
  From: INT_1
  To: MIV_ESS_C0_0/CoreGPIO_0/xhdl1.GEN_BITS[3].gpin1[3]:D
  data required time                                    N/C
  data arrival time                          -        8.072
  slack                                                 N/C
  ________________________________________________________
  Data arrival time calculation
  0.000                        INT_1 (f)
               +     0.000          net: INT_1
  0.000                        INT_1_ibuf/U_IOPAD:PAD (f)
               +     1.199          cell: ADLIB:IOPAD_IN
  1.199                        INT_1_ibuf/U_IOPAD:Y (f)
               +     0.000          net: INT_1_ibuf/YIN
  1.199                        INT_1_ibuf/U_IOIN:YIN (f)
               +     0.338          cell: ADLIB:IOIN_IB_E
  1.537                        INT_1_ibuf/U_IOIN:Y (f)
               +     6.535          net: INT_1_c
  8.072                        MIV_ESS_C0_0/CoreGPIO_0/xhdl1.GEN_BITS[3].gpin1[3]:D (f)
                                    
  8.072                        data arrival time
  ________________________________________________________
  Data required time calculation
  N/C                          PF_CCC_C0_0/PF_CCC_C0_0/pll_inst_0/OUT0
               +     0.000          Clock source
  N/C                          PF_CCC_C0_0/PF_CCC_C0_0/pll_inst_0:OUT0 (r)
               +     1.211          Clock generation
  N/C                          
               +     0.180          net: PF_CCC_C0_0/PF_CCC_C0_0/pll_inst_0_clkint_0
  N/C                          PF_CCC_C0_0/PF_CCC_C0_0/clkint_0_1:A (r)
               +     0.122          cell: ADLIB:ICB_CLKINT
  N/C                          PF_CCC_C0_0/PF_CCC_C0_0/clkint_0_1:Y (r)
               +     0.548          net: PF_CCC_C0_0/PF_CCC_C0_0/clkint_0_NET
  N/C                          PF_CCC_C0_0/PF_CCC_C0_0/clkint_0:A (r)
               +     0.155          cell: ADLIB:GB
  N/C                          PF_CCC_C0_0/PF_CCC_C0_0/clkint_0:Y (r)
               +     0.368          net: PF_CCC_C0_0/PF_CCC_C0_0/clkint_0/U0_Y
  N/C                          PF_CCC_C0_0/PF_CCC_C0_0/clkint_0/U0_RGB1_RGB4:A (r)
               +     0.052          cell: ADLIB:RGB
  N/C                          PF_CCC_C0_0/PF_CCC_C0_0/clkint_0/U0_RGB1_RGB4:Y (f)
               +     0.417          net: PF_CCC_C0_0/PF_CCC_C0_0/clkint_0/U0_RGB1_RGB4_rgb_net_1
  N/C                          MIV_ESS_C0_0/CoreGPIO_0/xhdl1.GEN_BITS[3].gpin1[3]:CLK (r)
               -     0.135          
  N/C                          clock jitter
               -     0.000          Library setup time: ADLIB:SLE
  N/C                          MIV_ESS_C0_0/CoreGPIO_0/xhdl1.GEN_BITS[3].gpin1[3]:D


Operating Conditions : slow_lv_ht

END SET External Setup

----------------------------------------------------

SET Clock to Output

Path 1
  From: MIV_ESS_C0_0/CoreGPIO_0/xhdl1.GEN_BITS[1].APB_32.GPOUT_reg[1]:CLK
  To:   LED_2
  Delay (ns):              5.277
  Arrival (ns):            8.668
  Clock to Out (ns):       8.668
  Operating Conditions: slow_lv_ht

Path 2
  From: MIV_ESS_C0_0/CoreUARTapb_0/uUART/make_TX/tx:CLK
  To:   TX
  Delay (ns):              4.780
  Arrival (ns):            8.178
  Clock to Out (ns):       8.178
  Operating Conditions: slow_lv_ht

Path 3
  From: MIV_ESS_C0_0/CoreGPIO_0/xhdl1.GEN_BITS[0].APB_32.GPOUT_reg[0]:CLK
  To:   LED_1
  Delay (ns):              4.448
  Arrival (ns):            7.839
  Clock to Out (ns):       7.839
  Operating Conditions: slow_lv_ht

Path 4
  From: MIV_ESS_C0_0/CoreGPIO_0/xhdl1.GEN_BITS[2].APB_32.GPOUT_reg[2]:CLK
  To:   LED_3
  Delay (ns):              3.966
  Arrival (ns):            7.348
  Clock to Out (ns):       7.348
  Operating Conditions: slow_lv_ht

Path 5
  From: MIV_ESS_C0_0/CoreGPIO_0/xhdl1.GEN_BITS[3].APB_32.GPOUT_reg[3]:CLK
  To:   LED_4
  Delay (ns):              3.946
  Arrival (ns):            7.328
  Clock to Out (ns):       7.328
  Operating Conditions: slow_lv_ht


Expanded Path 1
  From: MIV_ESS_C0_0/CoreGPIO_0/xhdl1.GEN_BITS[1].APB_32.GPOUT_reg[1]:CLK
  To: LED_2
  data required time                                    N/C
  data arrival time                          -        8.668
  slack                                                 N/C
  ________________________________________________________
  Data arrival time calculation
  0.000                        PF_CCC_C0_0/PF_CCC_C0_0/pll_inst_0/OUT0
               +     0.000          Clock source
  0.000                        PF_CCC_C0_0/PF_CCC_C0_0/pll_inst_0:OUT0 (r)
               +     1.336          Clock generation
  1.336                        
               +     0.197          net: PF_CCC_C0_0/PF_CCC_C0_0/pll_inst_0_clkint_0
  1.533                        PF_CCC_C0_0/PF_CCC_C0_0/clkint_0_1:A (r)
               +     0.141          cell: ADLIB:ICB_CLKINT
  1.674                        PF_CCC_C0_0/PF_CCC_C0_0/clkint_0_1:Y (r)
               +     0.602          net: PF_CCC_C0_0/PF_CCC_C0_0/clkint_0_NET
  2.276                        PF_CCC_C0_0/PF_CCC_C0_0/clkint_0:A (r)
               +     0.170          cell: ADLIB:GB
  2.446                        PF_CCC_C0_0/PF_CCC_C0_0/clkint_0:Y (r)
               +     0.406          net: PF_CCC_C0_0/PF_CCC_C0_0/clkint_0/U0_Y
  2.852                        PF_CCC_C0_0/PF_CCC_C0_0/clkint_0/U0_RGB1_RGB4:A (r)
               +     0.058          cell: ADLIB:RGB
  2.910                        PF_CCC_C0_0/PF_CCC_C0_0/clkint_0/U0_RGB1_RGB4:Y (f)
               +     0.481          net: PF_CCC_C0_0/PF_CCC_C0_0/clkint_0/U0_RGB1_RGB4_rgb_net_1
  3.391                        MIV_ESS_C0_0/CoreGPIO_0/xhdl1.GEN_BITS[1].APB_32.GPOUT_reg[1]:CLK (r)
               +     0.190          cell: ADLIB:SLE
  3.581                        MIV_ESS_C0_0/CoreGPIO_0/xhdl1.GEN_BITS[1].APB_32.GPOUT_reg[1]:Q (f)
               +     2.103          net: LED_2_c
  5.684                        LED_2_obuf/U_IOTRI:D (f)
               +     0.918          cell: ADLIB:IOTRI_OB_EB
  6.602                        LED_2_obuf/U_IOTRI:DOUT (f)
               +     0.000          net: LED_2_obuf/DOUT
  6.602                        LED_2_obuf/U_IOPAD:D (f)
               +     2.066          cell: ADLIB:IOPAD_TRI
  8.668                        LED_2_obuf/U_IOPAD:PAD (f)
               +     0.000          net: LED_2
  8.668                        LED_2 (f)
                                    
  8.668                        data arrival time
  ________________________________________________________
  Data required time calculation
  N/C                          PF_CCC_C0_0/PF_CCC_C0_0/pll_inst_0/OUT0
                                    
  N/C                          LED_2 (f)


Operating Conditions : slow_lv_ht

END SET Clock to Output

----------------------------------------------------

SET Register to Asynchronous

Path 1
  From: CORERESET_PF_C0_0/CORERESET_PF_C0_0/dff_15[0]:CLK
  To:   MIV_RV32_CFG1_C0_0/MIV_RV32_CFG1_C0_0/u_ipcore_0/gen_apb.u_apb_initiator_0/paddr[13]:ALn
  Delay (ns):              3.895
  Slack (ns):             15.668
  Arrival (ns):            7.266
  Required (ns):          22.934
  Recovery (ns):           0.196
  Minimum Period (ns):     4.197
  Skew (ns):               0.106
  Operating Conditions: slow_lv_ht

Path 2
  From: CORERESET_PF_C0_0/CORERESET_PF_C0_0/dff_15[0]:CLK
  To:   MIV_RV32_CFG1_C0_0/MIV_RV32_CFG1_C0_0/u_ipcore_0/gen_apb.u_apb_initiator_0/paddr[11]:ALn
  Delay (ns):              3.895
  Slack (ns):             15.668
  Arrival (ns):            7.266
  Required (ns):          22.934
  Recovery (ns):           0.196
  Minimum Period (ns):     4.197
  Skew (ns):               0.106
  Operating Conditions: slow_lv_ht

Path 3
  From: CORERESET_PF_C0_0/CORERESET_PF_C0_0/dff_15[0]:CLK
  To:   MIV_RV32_CFG1_C0_0/MIV_RV32_CFG1_C0_0/u_ipcore_0/gen_apb.u_apb_initiator_0/paddr[4]:ALn
  Delay (ns):              3.894
  Slack (ns):             15.669
  Arrival (ns):            7.265
  Required (ns):          22.934
  Recovery (ns):           0.196
  Minimum Period (ns):     4.196
  Skew (ns):               0.106
  Operating Conditions: slow_lv_ht

Path 4
  From: CORERESET_PF_C0_0/CORERESET_PF_C0_0/dff_15[0]:CLK
  To:   MIV_RV32_CFG1_C0_0/MIV_RV32_CFG1_C0_0/u_ipcore_0/gen_apb.u_apb_initiator_0/paddr[14]:ALn
  Delay (ns):              3.894
  Slack (ns):             15.669
  Arrival (ns):            7.265
  Required (ns):          22.934
  Recovery (ns):           0.196
  Minimum Period (ns):     4.196
  Skew (ns):               0.106
  Operating Conditions: slow_lv_ht

Path 5
  From: CORERESET_PF_C0_0/CORERESET_PF_C0_0/dff_15[0]:CLK
  To:   MIV_RV32_CFG1_C0_0/MIV_RV32_CFG1_C0_0/u_ipcore_0/gen_apb.u_apb_initiator_0/prdata_reg[13]:ALn
  Delay (ns):              3.882
  Slack (ns):             15.684
  Arrival (ns):            7.253
  Required (ns):          22.937
  Recovery (ns):           0.196
  Minimum Period (ns):     4.181
  Skew (ns):               0.103
  Operating Conditions: slow_lv_ht


Expanded Path 1
  From: CORERESET_PF_C0_0/CORERESET_PF_C0_0/dff_15[0]:CLK
  To: MIV_RV32_CFG1_C0_0/MIV_RV32_CFG1_C0_0/u_ipcore_0/gen_apb.u_apb_initiator_0/paddr[13]:ALn
  data required time                                 22.934
  data arrival time                          -        7.266
  slack                                              15.668
  ________________________________________________________
  Data arrival time calculation
  0.000                        PF_CCC_C0_0/PF_CCC_C0_0/pll_inst_0/OUT0
               +     0.000          Clock source
  0.000                        PF_CCC_C0_0/PF_CCC_C0_0/pll_inst_0:OUT0 (r)
               +     1.336          Clock generation
  1.336                        
               +     0.197          net: PF_CCC_C0_0/PF_CCC_C0_0/pll_inst_0_clkint_0
  1.533                        PF_CCC_C0_0/PF_CCC_C0_0/clkint_0_1:A (r)
               +     0.141          cell: ADLIB:ICB_CLKINT
  1.674                        PF_CCC_C0_0/PF_CCC_C0_0/clkint_0_1:Y (r)
               +     0.602          net: PF_CCC_C0_0/PF_CCC_C0_0/clkint_0_NET
  2.276                        PF_CCC_C0_0/PF_CCC_C0_0/clkint_0:A (r)
               +     0.170          cell: ADLIB:GB
  2.446                        PF_CCC_C0_0/PF_CCC_C0_0/clkint_0:Y (r)
               +     0.400          net: PF_CCC_C0_0/PF_CCC_C0_0/clkint_0/U0_Y
  2.846                        PF_CCC_C0_0/PF_CCC_C0_0/clkint_0/U0_RGB1_RGB8:A (r)
               +     0.058          cell: ADLIB:RGB
  2.904                        PF_CCC_C0_0/PF_CCC_C0_0/clkint_0/U0_RGB1_RGB8:Y (f)
               +     0.467          net: PF_CCC_C0_0/PF_CCC_C0_0/clkint_0/U0_RGB1_RGB8_rgb_net_1
  3.371                        CORERESET_PF_C0_0/CORERESET_PF_C0_0/dff_15[0]:CLK (r)
               +     0.201          cell: ADLIB:SLE
  3.572                        CORERESET_PF_C0_0/CORERESET_PF_C0_0/dff_15[0]:Q (r)
               +     1.458          net: CORERESET_PF_C0_0_CORERESET_PF_C0_0_dff
  5.030                        MIV_RV32_CFG1_C0_0/MIV_RV32_CFG1_C0_0/u_ipcore_0/subsys_resetn:A (r)
               +     0.078          cell: ADLIB:CFG2
  5.108                        MIV_RV32_CFG1_C0_0/MIV_RV32_CFG1_C0_0/u_ipcore_0/subsys_resetn:Y (r)
               +     2.158          net: MIV_RV32_CFG1_C0_0/MIV_RV32_CFG1_C0_0/u_ipcore_0/subsys_resetn_Z
  7.266                        MIV_RV32_CFG1_C0_0/MIV_RV32_CFG1_C0_0/u_ipcore_0/gen_apb.u_apb_initiator_0/paddr[13]:ALn (r)
                                    
  7.266                        data arrival time
  ________________________________________________________
  Data required time calculation
  20.000                       PF_CCC_C0_0/PF_CCC_C0_0/pll_inst_0/OUT0
               +     0.000          Clock source
  20.000                       PF_CCC_C0_0/PF_CCC_C0_0/pll_inst_0:OUT0 (r)
               +     1.211          Clock generation
  21.211                       
               +     0.180          net: PF_CCC_C0_0/PF_CCC_C0_0/pll_inst_0_clkint_0
  21.391                       PF_CCC_C0_0/PF_CCC_C0_0/clkint_0_1:A (r)
               +     0.122          cell: ADLIB:ICB_CLKINT
  21.513                       PF_CCC_C0_0/PF_CCC_C0_0/clkint_0_1:Y (r)
               +     0.548          net: PF_CCC_C0_0/PF_CCC_C0_0/clkint_0_NET
  22.061                       PF_CCC_C0_0/PF_CCC_C0_0/clkint_0:A (r)
               +     0.155          cell: ADLIB:GB
  22.216                       PF_CCC_C0_0/PF_CCC_C0_0/clkint_0:Y (r)
               +     0.368          net: PF_CCC_C0_0/PF_CCC_C0_0/clkint_0/U0_Y
  22.584                       PF_CCC_C0_0/PF_CCC_C0_0/clkint_0/U0_RGB1_RGB4:A (r)
               +     0.052          cell: ADLIB:RGB
  22.636                       PF_CCC_C0_0/PF_CCC_C0_0/clkint_0/U0_RGB1_RGB4:Y (f)
               +     0.396          net: PF_CCC_C0_0/PF_CCC_C0_0/clkint_0/U0_RGB1_RGB4_rgb_net_1
  23.032                       MIV_RV32_CFG1_C0_0/MIV_RV32_CFG1_C0_0/u_ipcore_0/gen_apb.u_apb_initiator_0/paddr[13]:CLK (r)
               +     0.233          
  23.265                       clock reconvergence pessimism
               -     0.135          
  23.130                       clock jitter
               -     0.196          Library recovery time: ADLIB:SLE
  22.934                       MIV_RV32_CFG1_C0_0/MIV_RV32_CFG1_C0_0/u_ipcore_0/gen_apb.u_apb_initiator_0/paddr[13]:ALn
                                    
  22.934                       data required time


Operating Conditions : slow_lv_ht

END SET Register to Asynchronous

----------------------------------------------------

SET External Recovery

Path 1
  From: USER_RST
  To:   CORERESET_PF_C0_0/CORERESET_PF_C0_0/dff_8[0]:ALn
  Delay (ns):              3.458
  Arrival (ns):            3.458
  Recovery (ns):           0.196
  External Recovery (ns):   0.745
  Operating Conditions: slow_lv_ht

Path 2
  From: USER_RST
  To:   CORERESET_PF_C0_0/CORERESET_PF_C0_0/dff_15[0]:ALn
  Delay (ns):              3.457
  Arrival (ns):            3.457
  Recovery (ns):           0.196
  External Recovery (ns):   0.745
  Operating Conditions: slow_lv_ht

Path 3
  From: USER_RST
  To:   CORERESET_PF_C0_0/CORERESET_PF_C0_0/dff_14[0]:ALn
  Delay (ns):              3.458
  Arrival (ns):            3.458
  Recovery (ns):           0.196
  External Recovery (ns):   0.745
  Operating Conditions: slow_lv_ht

Path 4
  From: USER_RST
  To:   CORERESET_PF_C0_0/CORERESET_PF_C0_0/dff_7[0]:ALn
  Delay (ns):              3.456
  Arrival (ns):            3.456
  Recovery (ns):           0.196
  External Recovery (ns):   0.744
  Operating Conditions: slow_lv_ht

Path 5
  From: USER_RST
  To:   CORERESET_PF_C0_0/CORERESET_PF_C0_0/dff_12[0]:ALn
  Delay (ns):              3.456
  Arrival (ns):            3.456
  Recovery (ns):           0.196
  External Recovery (ns):   0.744
  Operating Conditions: slow_lv_ht


Expanded Path 1
  From: USER_RST
  To: CORERESET_PF_C0_0/CORERESET_PF_C0_0/dff_8[0]:ALn
  data required time                                    N/C
  data arrival time                          -        3.458
  slack                                                 N/C
  ________________________________________________________
  Data arrival time calculation
  0.000                        USER_RST (r)
               +     0.000          net: USER_RST
  0.000                        USER_RST_ibuf/U_IOPAD:PAD (r)
               +     0.610          cell: ADLIB:IOPAD_IN
  0.610                        USER_RST_ibuf/U_IOPAD:Y (r)
               +     0.000          net: USER_RST_ibuf/YIN
  0.610                        USER_RST_ibuf/U_IOIN:YIN (r)
               +     0.336          cell: ADLIB:IOIN_IB_E
  0.946                        USER_RST_ibuf/U_IOIN:Y (r)
               +     1.112          net: USER_RST_c
  2.058                        CORERESET_PF_C0_0/CORERESET_PF_C0_0/un1_EXT_RST_N_2:A (r)
               +     0.090          cell: ADLIB:CFG3
  2.148                        CORERESET_PF_C0_0/CORERESET_PF_C0_0/un1_EXT_RST_N_2:Y (r)
               +     1.310          net: CORERESET_PF_C0_0/CORERESET_PF_C0_0/un1_EXT_RST_N_2_Z
  3.458                        CORERESET_PF_C0_0/CORERESET_PF_C0_0/dff_8[0]:ALn (r)
                                    
  3.458                        data arrival time
  ________________________________________________________
  Data required time calculation
  N/C                          PF_CCC_C0_0/PF_CCC_C0_0/pll_inst_0/OUT0
               +     0.000          Clock source
  N/C                          PF_CCC_C0_0/PF_CCC_C0_0/pll_inst_0:OUT0 (r)
               +     1.211          Clock generation
  N/C                          
               +     0.180          net: PF_CCC_C0_0/PF_CCC_C0_0/pll_inst_0_clkint_0
  N/C                          PF_CCC_C0_0/PF_CCC_C0_0/clkint_0_1:A (r)
               +     0.122          cell: ADLIB:ICB_CLKINT
  N/C                          PF_CCC_C0_0/PF_CCC_C0_0/clkint_0_1:Y (r)
               +     0.548          net: PF_CCC_C0_0/PF_CCC_C0_0/clkint_0_NET
  N/C                          PF_CCC_C0_0/PF_CCC_C0_0/clkint_0:A (r)
               +     0.155          cell: ADLIB:GB
  N/C                          PF_CCC_C0_0/PF_CCC_C0_0/clkint_0:Y (r)
               +     0.363          net: PF_CCC_C0_0/PF_CCC_C0_0/clkint_0/U0_Y
  N/C                          PF_CCC_C0_0/PF_CCC_C0_0/clkint_0/U0_RGB1_RGB8:A (r)
               +     0.052          cell: ADLIB:RGB
  N/C                          PF_CCC_C0_0/PF_CCC_C0_0/clkint_0/U0_RGB1_RGB8:Y (f)
               +     0.413          net: PF_CCC_C0_0/PF_CCC_C0_0/clkint_0/U0_RGB1_RGB8_rgb_net_1
  N/C                          CORERESET_PF_C0_0/CORERESET_PF_C0_0/dff_8[0]:CLK (r)
               -     0.135          
  N/C                          clock jitter
               -     0.196          Library recovery time: ADLIB:SLE
  N/C                          CORERESET_PF_C0_0/CORERESET_PF_C0_0/dff_8[0]:ALn


Operating Conditions : slow_lv_ht

END SET External Recovery

----------------------------------------------------

SET Asynchronous to Register

No Path 

END SET Asynchronous to Register

----------------------------------------------------

SET TCK to PF_CCC_C0_0/PF_CCC_C0_0/pll_inst_0/OUT0

No Path 

END SET TCK to PF_CCC_C0_0/PF_CCC_C0_0/pll_inst_0/OUT0

----------------------------------------------------

Clock Domain REF_CLK

Info: The maximum frequency of this clock domain is limited by the minimum pulse widths of pin CLKBUF_0/U_IOPAD:PAD

SET Register to Register

No Path 

END SET Register to Register

----------------------------------------------------

SET External Setup

No Path 

END SET External Setup

----------------------------------------------------

SET Clock to Output

No Path 

END SET Clock to Output

----------------------------------------------------

SET Register to Asynchronous

No Path 

END SET Register to Asynchronous

----------------------------------------------------

SET External Recovery

No Path 

END SET External Recovery

----------------------------------------------------

SET Asynchronous to Register

No Path 

END SET Asynchronous to Register

----------------------------------------------------

Clock Domain TCK

SET Register to Register

Path 1
  From: CoreJTAGDebug_TRSTN_C0_0/CoreJTAGDebug_TRSTN_C0_0/genblk1.genblk1.genblk1.UJTAG_inst:UDRCK
  To:   MIV_RV32_CFG1_C0_0/MIV_RV32_CFG1_C0_0/u_ipcore_0/gen_subsys_debug.u_subsys_debug_unit_0/MIV_subsys_debug_transport_module_jtag_0/gen_current_state_register_active_high.gen_current_state_register_active_low.currTapState[3]:D
  Delay (ns):             18.254
  Slack (ns):             69.145
  Arrival (ns):           20.813
  Required (ns):          89.958
  Setup (ns):              0.000
  Minimum Period (ns):    28.352
  Operating Conditions: slow_lv_ht

Path 2
  From: CoreJTAGDebug_TRSTN_C0_0/CoreJTAGDebug_TRSTN_C0_0/genblk1.genblk1.genblk1.UJTAG_inst:UDRCK
  To:   MIV_RV32_CFG1_C0_0/MIV_RV32_CFG1_C0_0/u_ipcore_0/gen_subsys_debug.u_subsys_debug_unit_0/MIV_subsys_debug_transport_module_jtag_0/gen_current_state_register_active_high.gen_current_state_register_active_low.currTapState[6]:D
  Delay (ns):             18.250
  Slack (ns):             69.149
  Arrival (ns):           20.809
  Required (ns):          89.958
  Setup (ns):              0.000
  Minimum Period (ns):    28.344
  Operating Conditions: slow_lv_ht

Path 3
  From: CoreJTAGDebug_TRSTN_C0_0/CoreJTAGDebug_TRSTN_C0_0/genblk1.genblk1.genblk1.UJTAG_inst:UDRCK
  To:   MIV_RV32_CFG1_C0_0/MIV_RV32_CFG1_C0_0/u_ipcore_0/gen_subsys_debug.u_subsys_debug_unit_0/MIV_subsys_debug_transport_module_jtag_0/gen_current_state_register_active_high.gen_current_state_register_active_low.currTapState[1]:D
  Delay (ns):             18.239
  Slack (ns):             69.160
  Arrival (ns):           20.798
  Required (ns):          89.958
  Setup (ns):              0.000
  Minimum Period (ns):    28.322
  Operating Conditions: slow_lv_ht

Path 4
  From: CoreJTAGDebug_TRSTN_C0_0/CoreJTAGDebug_TRSTN_C0_0/genblk1.genblk1.genblk1.UJTAG_inst:UDRCK
  To:   MIV_RV32_CFG1_C0_0/MIV_RV32_CFG1_C0_0/u_ipcore_0/gen_subsys_debug.u_subsys_debug_unit_0/MIV_subsys_debug_transport_module_jtag_0/gen_current_state_register_active_high.gen_current_state_register_active_low.currTapState[4]:D
  Delay (ns):             18.238
  Slack (ns):             69.161
  Arrival (ns):           20.797
  Required (ns):          89.958
  Setup (ns):              0.000
  Minimum Period (ns):    28.320
  Operating Conditions: slow_lv_ht

Path 5
  From: CoreJTAGDebug_TRSTN_C0_0/CoreJTAGDebug_TRSTN_C0_0/genblk1.genblk1.genblk1.UJTAG_inst:UDRCK
  To:   MIV_RV32_CFG1_C0_0/MIV_RV32_CFG1_C0_0/u_ipcore_0/gen_subsys_debug.u_subsys_debug_unit_0/MIV_subsys_debug_transport_module_jtag_0/gen_current_state_register_active_high.gen_current_state_register_active_low.currTapState[8]:D
  Delay (ns):             18.133
  Slack (ns):             69.266
  Arrival (ns):           20.692
  Required (ns):          89.958
  Setup (ns):              0.000
  Minimum Period (ns):    28.110
  Operating Conditions: slow_lv_ht


Expanded Path 1
  From: CoreJTAGDebug_TRSTN_C0_0/CoreJTAGDebug_TRSTN_C0_0/genblk1.genblk1.genblk1.UJTAG_inst:UDRCK
  To: MIV_RV32_CFG1_C0_0/MIV_RV32_CFG1_C0_0/u_ipcore_0/gen_subsys_debug.u_subsys_debug_unit_0/MIV_subsys_debug_transport_module_jtag_0/gen_current_state_register_active_high.gen_current_state_register_active_low.currTapState[3]:D
  data required time                                 89.958
  data arrival time                          -       20.813
  slack                                              69.145
  ________________________________________________________
  Data arrival time calculation
  0.000                        TCK
               +     0.000          Clock source
  0.000                        TCK (f)
               +     0.000          net: TCK
  0.000                        CoreJTAGDebug_TRSTN_C0_0/CoreJTAGDebug_TRSTN_C0_0/genblk1.genblk1.genblk1.UJTAG_inst:TCK (f)
               +     2.559          cell: ADLIB:UJTAG_SEC
  2.559                        CoreJTAGDebug_TRSTN_C0_0/CoreJTAGDebug_TRSTN_C0_0/genblk1.genblk1.genblk1.UJTAG_inst:UDRCK (f)
               +     6.136          cell: ADLIB:UJTAG_SEC
  8.695                        CoreJTAGDebug_TRSTN_C0_0/CoreJTAGDebug_TRSTN_C0_0/genblk1.genblk1.genblk1.UJTAG_inst:UTDI (r)
               +     1.046          net: CoreJTAGDebug_TRSTN_C0_0/CoreJTAGDebug_TRSTN_C0_0/UTDIInt_UTDI
  9.741                        CoreJTAGDebug_TRSTN_C0_0/CoreJTAGDebug_TRSTN_C0_0/genblk1.genblk1.genblk1.UJTAG_inst_UTDI:A (r)
               +     0.238          cell: ADLIB:CFG1D
  9.979                        CoreJTAGDebug_TRSTN_C0_0/CoreJTAGDebug_TRSTN_C0_0/genblk1.genblk1.genblk1.UJTAG_inst_UTDI:Y (r)
               +     0.151          net: CoreJTAGDebug_TRSTN_C0_0/CoreJTAGDebug_TRSTN_C0_0/UTDIInt_UTDI_2
  10.130                       CoreJTAGDebug_TRSTN_C0_0/CoreJTAGDebug_TRSTN_C0_0/genblk1.genblk1.genblk1.UJTAG_inst_2_UTDI:A (r)
               +     0.238          cell: ADLIB:CFG1D
  10.368                       CoreJTAGDebug_TRSTN_C0_0/CoreJTAGDebug_TRSTN_C0_0/genblk1.genblk1.genblk1.UJTAG_inst_2_UTDI:Y (r)
               +     0.156          net: CoreJTAGDebug_TRSTN_C0_0/CoreJTAGDebug_TRSTN_C0_0/UTDIInt_UTDI_3
  10.524                       CoreJTAGDebug_TRSTN_C0_0/CoreJTAGDebug_TRSTN_C0_0/genblk1.genblk1.genblk1.UJTAG_inst_3_UTDI:A (r)
               +     0.238          cell: ADLIB:CFG1D
  10.762                       CoreJTAGDebug_TRSTN_C0_0/CoreJTAGDebug_TRSTN_C0_0/genblk1.genblk1.genblk1.UJTAG_inst_3_UTDI:Y (r)
               +     0.335          net: CoreJTAGDebug_TRSTN_C0_0/CoreJTAGDebug_TRSTN_C0_0/UTDIInt
  11.097                       CoreJTAGDebug_TRSTN_C0_0/CoreJTAGDebug_TRSTN_C0_0/genblk3.genblk1.UJ_JTAG/dut_tms_int:B (r)
               +     0.053          cell: ADLIB:CFG3
  11.150                       CoreJTAGDebug_TRSTN_C0_0/CoreJTAGDebug_TRSTN_C0_0/genblk3.genblk1.UJ_JTAG/dut_tms_int:Y (r)
               +     0.607          net: CoreJTAGDebug_TRSTN_C0_0/CoreJTAGDebug_TRSTN_C0_0/genblk3.genblk1.UJ_JTAG/dut_tms_int_Z
  11.757                       CoreJTAGDebug_TRSTN_C0_0/CoreJTAGDebug_TRSTN_C0_0/genblk3.genblk1.UJ_JTAG/BUFD_TMS/bufd_gen[0].BUFD_BLK:A (r)
               +     0.078          cell: ADLIB:CFG1
  11.835                       CoreJTAGDebug_TRSTN_C0_0/CoreJTAGDebug_TRSTN_C0_0/genblk3.genblk1.UJ_JTAG/BUFD_TMS/bufd_gen[0].BUFD_BLK:Y (r)
               +     0.062          net: CoreJTAGDebug_TRSTN_C0_0/CoreJTAGDebug_TRSTN_C0_0/genblk3.genblk1.UJ_JTAG/BUFD_TMS/delay_sel[1]
  11.897                       CoreJTAGDebug_TRSTN_C0_0/CoreJTAGDebug_TRSTN_C0_0/genblk3.genblk1.UJ_JTAG/BUFD_TMS/bufd_gen[1].BUFD_BLK:A (r)
               +     0.078          cell: ADLIB:CFG1
  11.975                       CoreJTAGDebug_TRSTN_C0_0/CoreJTAGDebug_TRSTN_C0_0/genblk3.genblk1.UJ_JTAG/BUFD_TMS/bufd_gen[1].BUFD_BLK:Y (r)
               +     0.131          net: CoreJTAGDebug_TRSTN_C0_0/CoreJTAGDebug_TRSTN_C0_0/genblk3.genblk1.UJ_JTAG/BUFD_TMS/delay_sel[2]
  12.106                       CoreJTAGDebug_TRSTN_C0_0/CoreJTAGDebug_TRSTN_C0_0/genblk3.genblk1.UJ_JTAG/BUFD_TMS/bufd_gen[2].BUFD_BLK:A (r)
               +     0.078          cell: ADLIB:CFG1
  12.184                       CoreJTAGDebug_TRSTN_C0_0/CoreJTAGDebug_TRSTN_C0_0/genblk3.genblk1.UJ_JTAG/BUFD_TMS/bufd_gen[2].BUFD_BLK:Y (r)
               +     0.084          net: CoreJTAGDebug_TRSTN_C0_0/CoreJTAGDebug_TRSTN_C0_0/genblk3.genblk1.UJ_JTAG/BUFD_TMS/delay_sel[3]
  12.268                       CoreJTAGDebug_TRSTN_C0_0/CoreJTAGDebug_TRSTN_C0_0/genblk3.genblk1.UJ_JTAG/BUFD_TMS/bufd_gen[3].BUFD_BLK:A (r)
               +     0.078          cell: ADLIB:CFG1
  12.346                       CoreJTAGDebug_TRSTN_C0_0/CoreJTAGDebug_TRSTN_C0_0/genblk3.genblk1.UJ_JTAG/BUFD_TMS/bufd_gen[3].BUFD_BLK:Y (r)
               +     0.076          net: CoreJTAGDebug_TRSTN_C0_0/CoreJTAGDebug_TRSTN_C0_0/genblk3.genblk1.UJ_JTAG/BUFD_TMS/delay_sel[4]
  12.422                       CoreJTAGDebug_TRSTN_C0_0/CoreJTAGDebug_TRSTN_C0_0/genblk3.genblk1.UJ_JTAG/BUFD_TMS/bufd_gen[4].BUFD_BLK:A (r)
               +     0.078          cell: ADLIB:CFG1
  12.500                       CoreJTAGDebug_TRSTN_C0_0/CoreJTAGDebug_TRSTN_C0_0/genblk3.genblk1.UJ_JTAG/BUFD_TMS/bufd_gen[4].BUFD_BLK:Y (r)
               +     0.130          net: CoreJTAGDebug_TRSTN_C0_0/CoreJTAGDebug_TRSTN_C0_0/genblk3.genblk1.UJ_JTAG/BUFD_TMS/delay_sel[5]
  12.630                       CoreJTAGDebug_TRSTN_C0_0/CoreJTAGDebug_TRSTN_C0_0/genblk3.genblk1.UJ_JTAG/BUFD_TMS/bufd_gen[5].BUFD_BLK:A (r)
               +     0.078          cell: ADLIB:CFG1
  12.708                       CoreJTAGDebug_TRSTN_C0_0/CoreJTAGDebug_TRSTN_C0_0/genblk3.genblk1.UJ_JTAG/BUFD_TMS/bufd_gen[5].BUFD_BLK:Y (r)
               +     0.064          net: CoreJTAGDebug_TRSTN_C0_0/CoreJTAGDebug_TRSTN_C0_0/genblk3.genblk1.UJ_JTAG/BUFD_TMS/delay_sel[6]
  12.772                       CoreJTAGDebug_TRSTN_C0_0/CoreJTAGDebug_TRSTN_C0_0/genblk3.genblk1.UJ_JTAG/BUFD_TMS/bufd_gen[6].BUFD_BLK:A (r)
               +     0.078          cell: ADLIB:CFG1
  12.850                       CoreJTAGDebug_TRSTN_C0_0/CoreJTAGDebug_TRSTN_C0_0/genblk3.genblk1.UJ_JTAG/BUFD_TMS/bufd_gen[6].BUFD_BLK:Y (r)
               +     0.120          net: CoreJTAGDebug_TRSTN_C0_0/CoreJTAGDebug_TRSTN_C0_0/genblk3.genblk1.UJ_JTAG/BUFD_TMS/delay_sel[7]
  12.970                       CoreJTAGDebug_TRSTN_C0_0/CoreJTAGDebug_TRSTN_C0_0/genblk3.genblk1.UJ_JTAG/BUFD_TMS/bufd_gen[7].BUFD_BLK:A (r)
               +     0.078          cell: ADLIB:CFG1
  13.048                       CoreJTAGDebug_TRSTN_C0_0/CoreJTAGDebug_TRSTN_C0_0/genblk3.genblk1.UJ_JTAG/BUFD_TMS/bufd_gen[7].BUFD_BLK:Y (r)
               +     0.128          net: CoreJTAGDebug_TRSTN_C0_0/CoreJTAGDebug_TRSTN_C0_0/genblk3.genblk1.UJ_JTAG/BUFD_TMS/delay_sel[8]
  13.176                       CoreJTAGDebug_TRSTN_C0_0/CoreJTAGDebug_TRSTN_C0_0/genblk3.genblk1.UJ_JTAG/BUFD_TMS/bufd_gen[8].BUFD_BLK:A (r)
               +     0.078          cell: ADLIB:CFG1
  13.254                       CoreJTAGDebug_TRSTN_C0_0/CoreJTAGDebug_TRSTN_C0_0/genblk3.genblk1.UJ_JTAG/BUFD_TMS/bufd_gen[8].BUFD_BLK:Y (r)
               +     0.064          net: CoreJTAGDebug_TRSTN_C0_0/CoreJTAGDebug_TRSTN_C0_0/genblk3.genblk1.UJ_JTAG/BUFD_TMS/delay_sel[9]
  13.318                       CoreJTAGDebug_TRSTN_C0_0/CoreJTAGDebug_TRSTN_C0_0/genblk3.genblk1.UJ_JTAG/BUFD_TMS/bufd_gen[9].BUFD_BLK:A (r)
               +     0.078          cell: ADLIB:CFG1
  13.396                       CoreJTAGDebug_TRSTN_C0_0/CoreJTAGDebug_TRSTN_C0_0/genblk3.genblk1.UJ_JTAG/BUFD_TMS/bufd_gen[9].BUFD_BLK:Y (r)
               +     0.513          net: CoreJTAGDebug_TRSTN_C0_0/CoreJTAGDebug_TRSTN_C0_0/genblk3.genblk1.UJ_JTAG/BUFD_TMS/delay_sel[10]
  13.909                       CoreJTAGDebug_TRSTN_C0_0/CoreJTAGDebug_TRSTN_C0_0/genblk3.genblk1.UJ_JTAG/BUFD_TMS/bufd_gen[10].BUFD_BLK:A (r)
               +     0.053          cell: ADLIB:CFG1
  13.962                       CoreJTAGDebug_TRSTN_C0_0/CoreJTAGDebug_TRSTN_C0_0/genblk3.genblk1.UJ_JTAG/BUFD_TMS/bufd_gen[10].BUFD_BLK:Y (r)
               +     0.065          net: CoreJTAGDebug_TRSTN_C0_0/CoreJTAGDebug_TRSTN_C0_0/genblk3.genblk1.UJ_JTAG/BUFD_TMS/delay_sel[11]
  14.027                       CoreJTAGDebug_TRSTN_C0_0/CoreJTAGDebug_TRSTN_C0_0/genblk3.genblk1.UJ_JTAG/BUFD_TMS/bufd_gen[11].BUFD_BLK:A (r)
               +     0.053          cell: ADLIB:CFG1
  14.080                       CoreJTAGDebug_TRSTN_C0_0/CoreJTAGDebug_TRSTN_C0_0/genblk3.genblk1.UJ_JTAG/BUFD_TMS/bufd_gen[11].BUFD_BLK:Y (r)
               +     0.056          net: CoreJTAGDebug_TRSTN_C0_0/CoreJTAGDebug_TRSTN_C0_0/genblk3.genblk1.UJ_JTAG/BUFD_TMS/delay_sel[12]
  14.136                       CoreJTAGDebug_TRSTN_C0_0/CoreJTAGDebug_TRSTN_C0_0/genblk3.genblk1.UJ_JTAG/BUFD_TMS/bufd_gen[12].BUFD_BLK:A (r)
               +     0.053          cell: ADLIB:CFG1
  14.189                       CoreJTAGDebug_TRSTN_C0_0/CoreJTAGDebug_TRSTN_C0_0/genblk3.genblk1.UJ_JTAG/BUFD_TMS/bufd_gen[12].BUFD_BLK:Y (r)
               +     0.117          net: CoreJTAGDebug_TRSTN_C0_0/CoreJTAGDebug_TRSTN_C0_0/genblk3.genblk1.UJ_JTAG/BUFD_TMS/delay_sel[13]
  14.306                       CoreJTAGDebug_TRSTN_C0_0/CoreJTAGDebug_TRSTN_C0_0/genblk3.genblk1.UJ_JTAG/BUFD_TMS/bufd_gen[13].BUFD_BLK:A (r)
               +     0.053          cell: ADLIB:CFG1
  14.359                       CoreJTAGDebug_TRSTN_C0_0/CoreJTAGDebug_TRSTN_C0_0/genblk3.genblk1.UJ_JTAG/BUFD_TMS/bufd_gen[13].BUFD_BLK:Y (r)
               +     0.066          net: CoreJTAGDebug_TRSTN_C0_0/CoreJTAGDebug_TRSTN_C0_0/genblk3.genblk1.UJ_JTAG/BUFD_TMS/delay_sel[14]
  14.425                       CoreJTAGDebug_TRSTN_C0_0/CoreJTAGDebug_TRSTN_C0_0/genblk3.genblk1.UJ_JTAG/BUFD_TMS/bufd_gen[14].BUFD_BLK:A (r)
               +     0.053          cell: ADLIB:CFG1
  14.478                       CoreJTAGDebug_TRSTN_C0_0/CoreJTAGDebug_TRSTN_C0_0/genblk3.genblk1.UJ_JTAG/BUFD_TMS/bufd_gen[14].BUFD_BLK:Y (r)
               +     0.057          net: CoreJTAGDebug_TRSTN_C0_0/CoreJTAGDebug_TRSTN_C0_0/genblk3.genblk1.UJ_JTAG/BUFD_TMS/delay_sel[15]
  14.535                       CoreJTAGDebug_TRSTN_C0_0/CoreJTAGDebug_TRSTN_C0_0/genblk3.genblk1.UJ_JTAG/BUFD_TMS/bufd_gen[15].BUFD_BLK:A (r)
               +     0.053          cell: ADLIB:CFG1
  14.588                       CoreJTAGDebug_TRSTN_C0_0/CoreJTAGDebug_TRSTN_C0_0/genblk3.genblk1.UJ_JTAG/BUFD_TMS/bufd_gen[15].BUFD_BLK:Y (r)
               +     0.067          net: CoreJTAGDebug_TRSTN_C0_0/CoreJTAGDebug_TRSTN_C0_0/genblk3.genblk1.UJ_JTAG/BUFD_TMS/delay_sel[16]
  14.655                       CoreJTAGDebug_TRSTN_C0_0/CoreJTAGDebug_TRSTN_C0_0/genblk3.genblk1.UJ_JTAG/BUFD_TMS/bufd_gen[16].BUFD_BLK:A (r)
               +     0.053          cell: ADLIB:CFG1
  14.708                       CoreJTAGDebug_TRSTN_C0_0/CoreJTAGDebug_TRSTN_C0_0/genblk3.genblk1.UJ_JTAG/BUFD_TMS/bufd_gen[16].BUFD_BLK:Y (r)
               +     0.126          net: CoreJTAGDebug_TRSTN_C0_0/CoreJTAGDebug_TRSTN_C0_0/genblk3.genblk1.UJ_JTAG/BUFD_TMS/delay_sel[17]
  14.834                       CoreJTAGDebug_TRSTN_C0_0/CoreJTAGDebug_TRSTN_C0_0/genblk3.genblk1.UJ_JTAG/BUFD_TMS/bufd_gen[17].BUFD_BLK:A (r)
               +     0.053          cell: ADLIB:CFG1
  14.887                       CoreJTAGDebug_TRSTN_C0_0/CoreJTAGDebug_TRSTN_C0_0/genblk3.genblk1.UJ_JTAG/BUFD_TMS/bufd_gen[17].BUFD_BLK:Y (r)
               +     0.127          net: CoreJTAGDebug_TRSTN_C0_0/CoreJTAGDebug_TRSTN_C0_0/genblk3.genblk1.UJ_JTAG/BUFD_TMS/delay_sel[18]
  15.014                       CoreJTAGDebug_TRSTN_C0_0/CoreJTAGDebug_TRSTN_C0_0/genblk3.genblk1.UJ_JTAG/BUFD_TMS/bufd_gen[18].BUFD_BLK:A (r)
               +     0.053          cell: ADLIB:CFG1
  15.067                       CoreJTAGDebug_TRSTN_C0_0/CoreJTAGDebug_TRSTN_C0_0/genblk3.genblk1.UJ_JTAG/BUFD_TMS/bufd_gen[18].BUFD_BLK:Y (r)
               +     0.053          net: CoreJTAGDebug_TRSTN_C0_0/CoreJTAGDebug_TRSTN_C0_0/genblk3.genblk1.UJ_JTAG/BUFD_TMS/delay_sel[19]
  15.120                       CoreJTAGDebug_TRSTN_C0_0/CoreJTAGDebug_TRSTN_C0_0/genblk3.genblk1.UJ_JTAG/BUFD_TMS/bufd_gen[19].BUFD_BLK:A (r)
               +     0.053          cell: ADLIB:CFG1
  15.173                       CoreJTAGDebug_TRSTN_C0_0/CoreJTAGDebug_TRSTN_C0_0/genblk3.genblk1.UJ_JTAG/BUFD_TMS/bufd_gen[19].BUFD_BLK:Y (r)
               +     0.111          net: CoreJTAGDebug_TRSTN_C0_0/CoreJTAGDebug_TRSTN_C0_0/genblk3.genblk1.UJ_JTAG/BUFD_TMS/delay_sel[20]
  15.284                       CoreJTAGDebug_TRSTN_C0_0/CoreJTAGDebug_TRSTN_C0_0/genblk3.genblk1.UJ_JTAG/BUFD_TMS/bufd_gen[20].BUFD_BLK:A (r)
               +     0.053          cell: ADLIB:CFG1
  15.337                       CoreJTAGDebug_TRSTN_C0_0/CoreJTAGDebug_TRSTN_C0_0/genblk3.genblk1.UJ_JTAG/BUFD_TMS/bufd_gen[20].BUFD_BLK:Y (r)
               +     0.067          net: CoreJTAGDebug_TRSTN_C0_0/CoreJTAGDebug_TRSTN_C0_0/genblk3.genblk1.UJ_JTAG/BUFD_TMS/delay_sel[21]
  15.404                       CoreJTAGDebug_TRSTN_C0_0/CoreJTAGDebug_TRSTN_C0_0/genblk3.genblk1.UJ_JTAG/BUFD_TMS/bufd_gen[21].BUFD_BLK:A (r)
               +     0.053          cell: ADLIB:CFG1
  15.457                       CoreJTAGDebug_TRSTN_C0_0/CoreJTAGDebug_TRSTN_C0_0/genblk3.genblk1.UJ_JTAG/BUFD_TMS/bufd_gen[21].BUFD_BLK:Y (r)
               +     2.593          net: CoreJTAGDebug_TRSTN_C0_0/CoreJTAGDebug_TRSTN_C0_0/genblk3.genblk1.UJ_JTAG/BUFD_TMS/delay_sel[22]
  18.050                       CoreJTAGDebug_TRSTN_C0_0/CoreJTAGDebug_TRSTN_C0_0/genblk3.genblk1.UJ_JTAG/BUFD_TMS/bufd_gen[22].BUFD_BLK:A (r)
               +     0.053          cell: ADLIB:CFG1
  18.103                       CoreJTAGDebug_TRSTN_C0_0/CoreJTAGDebug_TRSTN_C0_0/genblk3.genblk1.UJ_JTAG/BUFD_TMS/bufd_gen[22].BUFD_BLK:Y (r)
               +     0.114          net: CoreJTAGDebug_TRSTN_C0_0/CoreJTAGDebug_TRSTN_C0_0/genblk3.genblk1.UJ_JTAG/BUFD_TMS/delay_sel[23]
  18.217                       CoreJTAGDebug_TRSTN_C0_0/CoreJTAGDebug_TRSTN_C0_0/genblk3.genblk1.UJ_JTAG/BUFD_TMS/bufd_gen[23].BUFD_BLK:A (r)
               +     0.053          cell: ADLIB:CFG1
  18.270                       CoreJTAGDebug_TRSTN_C0_0/CoreJTAGDebug_TRSTN_C0_0/genblk3.genblk1.UJ_JTAG/BUFD_TMS/bufd_gen[23].BUFD_BLK:Y (r)
               +     0.065          net: CoreJTAGDebug_TRSTN_C0_0/CoreJTAGDebug_TRSTN_C0_0/genblk3.genblk1.UJ_JTAG/BUFD_TMS/delay_sel[24]
  18.335                       CoreJTAGDebug_TRSTN_C0_0/CoreJTAGDebug_TRSTN_C0_0/genblk3.genblk1.UJ_JTAG/BUFD_TMS/bufd_gen[24].BUFD_BLK:A (r)
               +     0.053          cell: ADLIB:CFG1
  18.388                       CoreJTAGDebug_TRSTN_C0_0/CoreJTAGDebug_TRSTN_C0_0/genblk3.genblk1.UJ_JTAG/BUFD_TMS/bufd_gen[24].BUFD_BLK:Y (r)
               +     0.114          net: CoreJTAGDebug_TRSTN_C0_0/CoreJTAGDebug_TRSTN_C0_0/genblk3.genblk1.UJ_JTAG/BUFD_TMS/delay_sel[25]
  18.502                       CoreJTAGDebug_TRSTN_C0_0/CoreJTAGDebug_TRSTN_C0_0/genblk3.genblk1.UJ_JTAG/BUFD_TMS/bufd_gen[25].BUFD_BLK:A (r)
               +     0.053          cell: ADLIB:CFG1
  18.555                       CoreJTAGDebug_TRSTN_C0_0/CoreJTAGDebug_TRSTN_C0_0/genblk3.genblk1.UJ_JTAG/BUFD_TMS/bufd_gen[25].BUFD_BLK:Y (r)
               +     0.066          net: CoreJTAGDebug_TRSTN_C0_0/CoreJTAGDebug_TRSTN_C0_0/genblk3.genblk1.UJ_JTAG/BUFD_TMS/delay_sel[26]
  18.621                       CoreJTAGDebug_TRSTN_C0_0/CoreJTAGDebug_TRSTN_C0_0/genblk3.genblk1.UJ_JTAG/BUFD_TMS/bufd_gen[26].BUFD_BLK:A (r)
               +     0.053          cell: ADLIB:CFG1
  18.674                       CoreJTAGDebug_TRSTN_C0_0/CoreJTAGDebug_TRSTN_C0_0/genblk3.genblk1.UJ_JTAG/BUFD_TMS/bufd_gen[26].BUFD_BLK:Y (r)
               +     0.114          net: CoreJTAGDebug_TRSTN_C0_0/CoreJTAGDebug_TRSTN_C0_0/genblk3.genblk1.UJ_JTAG/BUFD_TMS/delay_sel[27]
  18.788                       CoreJTAGDebug_TRSTN_C0_0/CoreJTAGDebug_TRSTN_C0_0/genblk3.genblk1.UJ_JTAG/BUFD_TMS/bufd_gen[27].BUFD_BLK:A (r)
               +     0.053          cell: ADLIB:CFG1
  18.841                       CoreJTAGDebug_TRSTN_C0_0/CoreJTAGDebug_TRSTN_C0_0/genblk3.genblk1.UJ_JTAG/BUFD_TMS/bufd_gen[27].BUFD_BLK:Y (r)
               +     0.067          net: CoreJTAGDebug_TRSTN_C0_0/CoreJTAGDebug_TRSTN_C0_0/genblk3.genblk1.UJ_JTAG/BUFD_TMS/delay_sel[28]
  18.908                       CoreJTAGDebug_TRSTN_C0_0/CoreJTAGDebug_TRSTN_C0_0/genblk3.genblk1.UJ_JTAG/BUFD_TMS/bufd_gen[28].BUFD_BLK:A (r)
               +     0.053          cell: ADLIB:CFG1
  18.961                       CoreJTAGDebug_TRSTN_C0_0/CoreJTAGDebug_TRSTN_C0_0/genblk3.genblk1.UJ_JTAG/BUFD_TMS/bufd_gen[28].BUFD_BLK:Y (r)
               +     0.125          net: CoreJTAGDebug_TRSTN_C0_0/CoreJTAGDebug_TRSTN_C0_0/genblk3.genblk1.UJ_JTAG/BUFD_TMS/delay_sel[29]
  19.086                       CoreJTAGDebug_TRSTN_C0_0/CoreJTAGDebug_TRSTN_C0_0/genblk3.genblk1.UJ_JTAG/BUFD_TMS/bufd_gen[29].BUFD_BLK:A (r)
               +     0.053          cell: ADLIB:CFG1
  19.139                       CoreJTAGDebug_TRSTN_C0_0/CoreJTAGDebug_TRSTN_C0_0/genblk3.genblk1.UJ_JTAG/BUFD_TMS/bufd_gen[29].BUFD_BLK:Y (r)
               +     0.054          net: CoreJTAGDebug_TRSTN_C0_0/CoreJTAGDebug_TRSTN_C0_0/genblk3.genblk1.UJ_JTAG/BUFD_TMS/delay_sel[30]
  19.193                       CoreJTAGDebug_TRSTN_C0_0/CoreJTAGDebug_TRSTN_C0_0/genblk3.genblk1.UJ_JTAG/BUFD_TMS/bufd_gen[30].BUFD_BLK:A (r)
               +     0.053          cell: ADLIB:CFG1
  19.246                       CoreJTAGDebug_TRSTN_C0_0/CoreJTAGDebug_TRSTN_C0_0/genblk3.genblk1.UJ_JTAG/BUFD_TMS/bufd_gen[30].BUFD_BLK:Y (r)
               +     0.066          net: CoreJTAGDebug_TRSTN_C0_0/CoreJTAGDebug_TRSTN_C0_0/genblk3.genblk1.UJ_JTAG/BUFD_TMS/delay_sel[31]
  19.312                       CoreJTAGDebug_TRSTN_C0_0/CoreJTAGDebug_TRSTN_C0_0/genblk3.genblk1.UJ_JTAG/BUFD_TMS/bufd_gen[31].BUFD_BLK:A (r)
               +     0.053          cell: ADLIB:CFG1
  19.365                       CoreJTAGDebug_TRSTN_C0_0/CoreJTAGDebug_TRSTN_C0_0/genblk3.genblk1.UJ_JTAG/BUFD_TMS/bufd_gen[31].BUFD_BLK:Y (r)
               +     0.116          net: CoreJTAGDebug_TRSTN_C0_0/CoreJTAGDebug_TRSTN_C0_0/genblk3.genblk1.UJ_JTAG/BUFD_TMS/delay_sel[32]
  19.481                       CoreJTAGDebug_TRSTN_C0_0/CoreJTAGDebug_TRSTN_C0_0/genblk3.genblk1.UJ_JTAG/BUFD_TMS/bufd_gen[32].BUFD_BLK:A (r)
               +     0.053          cell: ADLIB:CFG1
  19.534                       CoreJTAGDebug_TRSTN_C0_0/CoreJTAGDebug_TRSTN_C0_0/genblk3.genblk1.UJ_JTAG/BUFD_TMS/bufd_gen[32].BUFD_BLK:Y (r)
               +     0.068          net: CoreJTAGDebug_TRSTN_C0_0/CoreJTAGDebug_TRSTN_C0_0/genblk3.genblk1.UJ_JTAG/BUFD_TMS/delay_sel[33]
  19.602                       CoreJTAGDebug_TRSTN_C0_0/CoreJTAGDebug_TRSTN_C0_0/genblk3.genblk1.UJ_JTAG/BUFD_TMS/bufd_gen[33].BUFD_BLK:A (r)
               +     0.053          cell: ADLIB:CFG1
  19.655                       CoreJTAGDebug_TRSTN_C0_0/CoreJTAGDebug_TRSTN_C0_0/genblk3.genblk1.UJ_JTAG/BUFD_TMS/bufd_gen[33].BUFD_BLK:Y (r)
               +     0.616          net: CoreJTAGDebug_TRSTN_C0_0_TGT_TMS_0
  20.271                       MIV_RV32_CFG1_C0_0/MIV_RV32_CFG1_C0_0/u_ipcore_0/gen_subsys_debug.u_subsys_debug_unit_0/MIV_subsys_debug_transport_module_jtag_0/gen_current_state_register_active_high.gen_current_state_register_active_low.currTapState_ns_i_o2[4]:B (r)
               +     0.078          cell: ADLIB:CFG2
  20.349                       MIV_RV32_CFG1_C0_0/MIV_RV32_CFG1_C0_0/u_ipcore_0/gen_subsys_debug.u_subsys_debug_unit_0/MIV_subsys_debug_transport_module_jtag_0/gen_current_state_register_active_high.gen_current_state_register_active_low.currTapState_ns_i_o2[4]:Y (r)
               +     0.361          net: MIV_RV32_CFG1_C0_0/MIV_RV32_CFG1_C0_0/u_ipcore_0/gen_subsys_debug.u_subsys_debug_unit_0/MIV_subsys_debug_transport_module_jtag_0/N_117
  20.710                       MIV_RV32_CFG1_C0_0/MIV_RV32_CFG1_C0_0/u_ipcore_0/gen_subsys_debug.u_subsys_debug_unit_0/MIV_subsys_debug_transport_module_jtag_0/gen_current_state_register_active_high.gen_current_state_register_active_low.currTapState_ns_a2[3]:A (r)
               +     0.073          cell: ADLIB:CFG2
  20.783                       MIV_RV32_CFG1_C0_0/MIV_RV32_CFG1_C0_0/u_ipcore_0/gen_subsys_debug.u_subsys_debug_unit_0/MIV_subsys_debug_transport_module_jtag_0/gen_current_state_register_active_high.gen_current_state_register_active_low.currTapState_ns_a2[3]:Y (f)
               +     0.030          net: MIV_RV32_CFG1_C0_0/MIV_RV32_CFG1_C0_0/u_ipcore_0/gen_subsys_debug.u_subsys_debug_unit_0/MIV_subsys_debug_transport_module_jtag_0/currTapState_ns[3]
  20.813                       MIV_RV32_CFG1_C0_0/MIV_RV32_CFG1_C0_0/u_ipcore_0/gen_subsys_debug.u_subsys_debug_unit_0/MIV_subsys_debug_transport_module_jtag_0/gen_current_state_register_active_high.gen_current_state_register_active_low.currTapState[3]:D (f)
                                    
  20.813                       data arrival time
  ________________________________________________________
  Data required time calculation
  83.340                       TCK
               +     0.000          Clock source
  83.340                       TCK (r)
               +     0.000          net: TCK
  83.340                       CoreJTAGDebug_TRSTN_C0_0/CoreJTAGDebug_TRSTN_C0_0/genblk1.genblk1.genblk1.UJTAG_inst:TCK (r)
               +     1.356          cell: ADLIB:UJTAG_SEC
  84.696                       CoreJTAGDebug_TRSTN_C0_0/CoreJTAGDebug_TRSTN_C0_0/genblk1.genblk1.genblk1.UJTAG_inst:UDRCK (r)
               +     0.272          net: CoreJTAGDebug_TRSTN_C0_0/CoreJTAGDebug_TRSTN_C0_0/N_2
  84.968                       CoreJTAGDebug_TRSTN_C0_0/CoreJTAGDebug_TRSTN_C0_0/N_2_inferred_clock_RNIMQNI2_1:A (r)
               +     0.211          cell: ADLIB:ICB_CLKINT
  85.179                       CoreJTAGDebug_TRSTN_C0_0/CoreJTAGDebug_TRSTN_C0_0/N_2_inferred_clock_RNIMQNI2_1:Y (r)
               +     0.133          net: CoreJTAGDebug_TRSTN_C0_0/CoreJTAGDebug_TRSTN_C0_0/N_2_inferred_clock_RNIMQNI2_NET
  85.312                       CoreJTAGDebug_TRSTN_C0_0/CoreJTAGDebug_TRSTN_C0_0/N_2_inferred_clock_RNIMQNI2:A (r)
               +     0.144          cell: ADLIB:GB
  85.456                       CoreJTAGDebug_TRSTN_C0_0/CoreJTAGDebug_TRSTN_C0_0/N_2_inferred_clock_RNIMQNI2:Y (r)
               +     0.351          net: CoreJTAGDebug_TRSTN_C0_0/CoreJTAGDebug_TRSTN_C0_0/N_2_inferred_clock_RNIMQNI2/U0_Y
  85.807                       CoreJTAGDebug_TRSTN_C0_0/CoreJTAGDebug_TRSTN_C0_0/N_2_inferred_clock_RNIMQNI2/U0_RGB1:A (r)
               +     0.052          cell: ADLIB:RGB
  85.859                       CoreJTAGDebug_TRSTN_C0_0/CoreJTAGDebug_TRSTN_C0_0/N_2_inferred_clock_RNIMQNI2/U0_RGB1:Y (f)
               +     0.434          net: CoreJTAGDebug_TRSTN_C0_0/CoreJTAGDebug_TRSTN_C0_0/iUDRCK
  86.293                       CoreJTAGDebug_TRSTN_C0_0/CoreJTAGDebug_TRSTN_C0_0/genblk3.genblk1.UJ_JTAG/un1_DUT_TCK:A (r)
               +     0.077          cell: ADLIB:CFG4
  86.370                       CoreJTAGDebug_TRSTN_C0_0/CoreJTAGDebug_TRSTN_C0_0/genblk3.genblk1.UJ_JTAG/un1_DUT_TCK:Y (f)
               +     1.351          net: CoreJTAGDebug_TRSTN_C0_0/CoreJTAGDebug_TRSTN_C0_0/un1_DUT_TCK_0
  87.721                       CoreJTAGDebug_TRSTN_C0_0/CoreJTAGDebug_TRSTN_C0_0/genblk3.genblk1.TGT_TCK_GLB:A (f)
               +     0.124          cell: ADLIB:GB
  87.845                       CoreJTAGDebug_TRSTN_C0_0/CoreJTAGDebug_TRSTN_C0_0/genblk3.genblk1.TGT_TCK_GLB:Y (f)
               +     0.359          net: CoreJTAGDebug_TRSTN_C0_0/CoreJTAGDebug_TRSTN_C0_0/genblk3.genblk1.TGT_TCK_GLB/U0_Y
  88.204                       CoreJTAGDebug_TRSTN_C0_0/CoreJTAGDebug_TRSTN_C0_0/genblk3.genblk1.TGT_TCK_GLB/U0_RGB1_RGB0:A (f)
               +     0.054          cell: ADLIB:RGB
  88.258                       CoreJTAGDebug_TRSTN_C0_0/CoreJTAGDebug_TRSTN_C0_0/genblk3.genblk1.TGT_TCK_GLB/U0_RGB1_RGB0:Y (r)
               +     0.402          net: CoreJTAGDebug_TRSTN_C0_0/CoreJTAGDebug_TRSTN_C0_0/genblk3.genblk1.TGT_TCK_GLB/U0_RGB1_RGB0_rgb_net_1
  88.660                       MIV_RV32_CFG1_C0_0/MIV_RV32_CFG1_C0_0/u_ipcore_0/gen_subsys_debug.u_subsys_debug_unit_0/MIV_subsys_debug_transport_module_jtag_0/gen_current_state_register_active_high.gen_current_state_register_active_low.currTapState[3]:CLK (r)
               +     1.316          
  89.976                       clock reconvergence pessimism
               -     0.018          
  89.958                       clock jitter
               -     0.000          Library setup time: ADLIB:SLE
  89.958                       MIV_RV32_CFG1_C0_0/MIV_RV32_CFG1_C0_0/u_ipcore_0/gen_subsys_debug.u_subsys_debug_unit_0/MIV_subsys_debug_transport_module_jtag_0/gen_current_state_register_active_high.gen_current_state_register_active_low.currTapState[3]:D
                                    
  89.958                       data required time


Operating Conditions : slow_lv_ht

END SET Register to Register

----------------------------------------------------

SET External Setup

No Path 

END SET External Setup

----------------------------------------------------

SET Clock to Output

No Path 

END SET Clock to Output

----------------------------------------------------

SET Register to Asynchronous

Path 1
  From: CoreJTAGDebug_TRSTN_C0_0/CoreJTAGDebug_TRSTN_C0_0/genblk1.genblk1.genblk1.UJTAG_inst:UDRCK
  To:   MIV_RV32_CFG1_C0_0/MIV_RV32_CFG1_C0_0/u_ipcore_0/gen_subsys_debug.u_subsys_debug_unit_0/MIV_subsys_debug_transport_module_jtag_0/genblk3.shift_active_high.shift_active_low.shiftIR_ne_0:ALn
  Delay (ns):             14.044
  Slack (ns):             72.536
  Arrival (ns):           16.856
  Required (ns):          89.392
  Recovery (ns):           0.197
  Minimum Period (ns):    21.553
  Skew (ns):              -3.465
  Operating Conditions: slow_lv_lt

Path 2
  From: CoreJTAGDebug_TRSTN_C0_0/CoreJTAGDebug_TRSTN_C0_0/genblk1.genblk1.genblk1.UJTAG_inst:UDRCK
  To:   MIV_RV32_CFG1_C0_0/MIV_RV32_CFG1_C0_0/u_ipcore_0/gen_subsys_debug.u_subsys_debug_unit_0/MIV_subsys_debug_transport_module_jtag_0/genblk3.shift_active_high.shift_active_low.shiftBP_ne_0:ALn
  Delay (ns):             14.044
  Slack (ns):             72.536
  Arrival (ns):           16.856
  Required (ns):          89.392
  Recovery (ns):           0.197
  Minimum Period (ns):    21.553
  Skew (ns):              -3.465
  Operating Conditions: slow_lv_lt

Path 3
  From: CoreJTAGDebug_TRSTN_C0_0/CoreJTAGDebug_TRSTN_C0_0/genblk1.genblk1.genblk1.UJTAG_inst:UDRCK
  To:   MIV_RV32_CFG1_C0_0/MIV_RV32_CFG1_C0_0/u_ipcore_0/gen_subsys_debug.u_subsys_debug_unit_0/MIV_subsys_debug_transport_module_jtag_0/genblk3.shift_active_high.shift_active_low.shiftDR_ne_0:ALn
  Delay (ns):             14.044
  Slack (ns):             72.537
  Arrival (ns):           16.856
  Required (ns):          89.393
  Recovery (ns):           0.197
  Minimum Period (ns):    21.551
  Skew (ns):              -3.466
  Operating Conditions: slow_lv_lt

Path 4
  From: CoreJTAGDebug_TRSTN_C0_0/CoreJTAGDebug_TRSTN_C0_0/genblk1.genblk1.genblk1.UJTAG_inst:UDRCK
  To:   MIV_RV32_CFG1_C0_0/MIV_RV32_CFG1_C0_0/u_ipcore_0/gen_subsys_debug.u_subsys_debug_unit_0/MIV_subsys_debug_transport_module_jtag_0/genblk3.shift_active_high.shift_active_low.shiftDMI_ne_0:ALn
  Delay (ns):             14.044
  Slack (ns):             72.537
  Arrival (ns):           16.856
  Required (ns):          89.393
  Recovery (ns):           0.197
  Minimum Period (ns):    21.551
  Skew (ns):              -3.466
  Operating Conditions: slow_lv_lt

Path 5
  From: CoreJTAGDebug_TRSTN_C0_0/CoreJTAGDebug_TRSTN_C0_0/genblk1.genblk1.genblk1.UJTAG_inst:UDRCK
  To:   MIV_RV32_CFG1_C0_0/MIV_RV32_CFG1_C0_0/u_ipcore_0/gen_subsys_debug.u_subsys_debug_unit_0/MIV_subsys_debug_transport_module_jtag_0/ir_and_Instruction_register.gen_ir_and_Instruction_register_active_low.irReg[1]:ALn
  Delay (ns):             13.988
  Slack (ns):             72.621
  Arrival (ns):           16.800
  Required (ns):          89.421
  Recovery (ns):           0.197
  Minimum Period (ns):    21.383
  Skew (ns):              -3.494
  Operating Conditions: slow_lv_lt


Expanded Path 1
  From: CoreJTAGDebug_TRSTN_C0_0/CoreJTAGDebug_TRSTN_C0_0/genblk1.genblk1.genblk1.UJTAG_inst:UDRCK
  To: MIV_RV32_CFG1_C0_0/MIV_RV32_CFG1_C0_0/u_ipcore_0/gen_subsys_debug.u_subsys_debug_unit_0/MIV_subsys_debug_transport_module_jtag_0/genblk3.shift_active_high.shift_active_low.shiftIR_ne_0:ALn
  data required time                                 89.392
  data arrival time                          -       16.856
  slack                                              72.536
  ________________________________________________________
  Data arrival time calculation
  0.000                        TCK
               +     0.000          Clock source
  0.000                        TCK (r)
               +     0.000          net: TCK
  0.000                        CoreJTAGDebug_TRSTN_C0_0/CoreJTAGDebug_TRSTN_C0_0/genblk1.genblk1.genblk1.UJTAG_inst:TCK (r)
               +     2.812          cell: ADLIB:UJTAG_SEC
  2.812                        CoreJTAGDebug_TRSTN_C0_0/CoreJTAGDebug_TRSTN_C0_0/genblk1.genblk1.genblk1.UJTAG_inst:UDRCK (r)
               +     2.441          cell: ADLIB:UJTAG_SEC
  5.253                        CoreJTAGDebug_TRSTN_C0_0/CoreJTAGDebug_TRSTN_C0_0/genblk1.genblk1.genblk1.UJTAG_inst:URSTB (r)
               +     1.090          net: CoreJTAGDebug_TRSTN_C0_0/CoreJTAGDebug_TRSTN_C0_0/iURSTB_URSTB
  6.343                        CoreJTAGDebug_TRSTN_C0_0/CoreJTAGDebug_TRSTN_C0_0/genblk1.genblk1.genblk1.UJTAG_inst_URSTB:A (r)
               +     0.250          cell: ADLIB:CFG1D
  6.593                        CoreJTAGDebug_TRSTN_C0_0/CoreJTAGDebug_TRSTN_C0_0/genblk1.genblk1.genblk1.UJTAG_inst_URSTB:Y (r)
               +     0.142          net: CoreJTAGDebug_TRSTN_C0_0/CoreJTAGDebug_TRSTN_C0_0/iURSTB_URSTB_2
  6.735                        CoreJTAGDebug_TRSTN_C0_0/CoreJTAGDebug_TRSTN_C0_0/genblk1.genblk1.genblk1.UJTAG_inst_2_URSTB:A (r)
               +     0.250          cell: ADLIB:CFG1D
  6.985                        CoreJTAGDebug_TRSTN_C0_0/CoreJTAGDebug_TRSTN_C0_0/genblk1.genblk1.genblk1.UJTAG_inst_2_URSTB:Y (r)
               +     0.149          net: CoreJTAGDebug_TRSTN_C0_0/CoreJTAGDebug_TRSTN_C0_0/iURSTB_URSTB_3
  7.134                        CoreJTAGDebug_TRSTN_C0_0/CoreJTAGDebug_TRSTN_C0_0/genblk1.genblk1.genblk1.UJTAG_inst_3_URSTB:A (r)
               +     0.250          cell: ADLIB:CFG1D
  7.384                        CoreJTAGDebug_TRSTN_C0_0/CoreJTAGDebug_TRSTN_C0_0/genblk1.genblk1.genblk1.UJTAG_inst_3_URSTB:Y (r)
               +     0.145          net: CoreJTAGDebug_TRSTN_C0_0/CoreJTAGDebug_TRSTN_C0_0/iURSTB
  7.529                        CoreJTAGDebug_TRSTN_C0_0/CoreJTAGDebug_TRSTN_C0_0/genblk2.genblk2[0].BUFD_TRST/bufd_gen[0].BUFD_BLK:A (r)
               +     0.079          cell: ADLIB:CFG1
  7.608                        CoreJTAGDebug_TRSTN_C0_0/CoreJTAGDebug_TRSTN_C0_0/genblk2.genblk2[0].BUFD_TRST/bufd_gen[0].BUFD_BLK:Y (r)
               +     0.118          net: CoreJTAGDebug_TRSTN_C0_0/CoreJTAGDebug_TRSTN_C0_0/genblk2.genblk2[0].BUFD_TRST/delay_sel[1]
  7.726                        CoreJTAGDebug_TRSTN_C0_0/CoreJTAGDebug_TRSTN_C0_0/genblk2.genblk2[0].BUFD_TRST/bufd_gen[1].BUFD_BLK:A (r)
               +     0.079          cell: ADLIB:CFG1
  7.805                        CoreJTAGDebug_TRSTN_C0_0/CoreJTAGDebug_TRSTN_C0_0/genblk2.genblk2[0].BUFD_TRST/bufd_gen[1].BUFD_BLK:Y (r)
               +     0.077          net: CoreJTAGDebug_TRSTN_C0_0/CoreJTAGDebug_TRSTN_C0_0/genblk2.genblk2[0].BUFD_TRST/delay_sel[2]
  7.882                        CoreJTAGDebug_TRSTN_C0_0/CoreJTAGDebug_TRSTN_C0_0/genblk2.genblk2[0].BUFD_TRST/bufd_gen[2].BUFD_BLK:A (r)
               +     0.079          cell: ADLIB:CFG1
  7.961                        CoreJTAGDebug_TRSTN_C0_0/CoreJTAGDebug_TRSTN_C0_0/genblk2.genblk2[0].BUFD_TRST/bufd_gen[2].BUFD_BLK:Y (r)
               +     0.124          net: CoreJTAGDebug_TRSTN_C0_0/CoreJTAGDebug_TRSTN_C0_0/genblk2.genblk2[0].BUFD_TRST/delay_sel[3]
  8.085                        CoreJTAGDebug_TRSTN_C0_0/CoreJTAGDebug_TRSTN_C0_0/genblk2.genblk2[0].BUFD_TRST/bufd_gen[3].BUFD_BLK:A (r)
               +     0.079          cell: ADLIB:CFG1
  8.164                        CoreJTAGDebug_TRSTN_C0_0/CoreJTAGDebug_TRSTN_C0_0/genblk2.genblk2[0].BUFD_TRST/bufd_gen[3].BUFD_BLK:Y (r)
               +     0.124          net: CoreJTAGDebug_TRSTN_C0_0/CoreJTAGDebug_TRSTN_C0_0/genblk2.genblk2[0].BUFD_TRST/delay_sel[4]
  8.288                        CoreJTAGDebug_TRSTN_C0_0/CoreJTAGDebug_TRSTN_C0_0/genblk2.genblk2[0].BUFD_TRST/bufd_gen[4].BUFD_BLK:A (r)
               +     0.079          cell: ADLIB:CFG1
  8.367                        CoreJTAGDebug_TRSTN_C0_0/CoreJTAGDebug_TRSTN_C0_0/genblk2.genblk2[0].BUFD_TRST/bufd_gen[4].BUFD_BLK:Y (r)
               +     0.087          net: CoreJTAGDebug_TRSTN_C0_0/CoreJTAGDebug_TRSTN_C0_0/genblk2.genblk2[0].BUFD_TRST/delay_sel[5]
  8.454                        CoreJTAGDebug_TRSTN_C0_0/CoreJTAGDebug_TRSTN_C0_0/genblk2.genblk2[0].BUFD_TRST/bufd_gen[5].BUFD_BLK:A (r)
               +     0.079          cell: ADLIB:CFG1
  8.533                        CoreJTAGDebug_TRSTN_C0_0/CoreJTAGDebug_TRSTN_C0_0/genblk2.genblk2[0].BUFD_TRST/bufd_gen[5].BUFD_BLK:Y (r)
               +     0.121          net: CoreJTAGDebug_TRSTN_C0_0/CoreJTAGDebug_TRSTN_C0_0/genblk2.genblk2[0].BUFD_TRST/delay_sel[6]
  8.654                        CoreJTAGDebug_TRSTN_C0_0/CoreJTAGDebug_TRSTN_C0_0/genblk2.genblk2[0].BUFD_TRST/bufd_gen[6].BUFD_BLK:A (r)
               +     0.079          cell: ADLIB:CFG1
  8.733                        CoreJTAGDebug_TRSTN_C0_0/CoreJTAGDebug_TRSTN_C0_0/genblk2.genblk2[0].BUFD_TRST/bufd_gen[6].BUFD_BLK:Y (r)
               +     0.120          net: CoreJTAGDebug_TRSTN_C0_0/CoreJTAGDebug_TRSTN_C0_0/genblk2.genblk2[0].BUFD_TRST/delay_sel[7]
  8.853                        CoreJTAGDebug_TRSTN_C0_0/CoreJTAGDebug_TRSTN_C0_0/genblk2.genblk2[0].BUFD_TRST/bufd_gen[7].BUFD_BLK:A (r)
               +     0.079          cell: ADLIB:CFG1
  8.932                        CoreJTAGDebug_TRSTN_C0_0/CoreJTAGDebug_TRSTN_C0_0/genblk2.genblk2[0].BUFD_TRST/bufd_gen[7].BUFD_BLK:Y (r)
               +     0.077          net: CoreJTAGDebug_TRSTN_C0_0/CoreJTAGDebug_TRSTN_C0_0/genblk2.genblk2[0].BUFD_TRST/delay_sel[8]
  9.009                        CoreJTAGDebug_TRSTN_C0_0/CoreJTAGDebug_TRSTN_C0_0/genblk2.genblk2[0].BUFD_TRST/bufd_gen[8].BUFD_BLK:A (r)
               +     0.079          cell: ADLIB:CFG1
  9.088                        CoreJTAGDebug_TRSTN_C0_0/CoreJTAGDebug_TRSTN_C0_0/genblk2.genblk2[0].BUFD_TRST/bufd_gen[8].BUFD_BLK:Y (r)
               +     1.186          net: CoreJTAGDebug_TRSTN_C0_0/CoreJTAGDebug_TRSTN_C0_0/genblk2.genblk2[0].BUFD_TRST/delay_sel[9]
  10.274                       CoreJTAGDebug_TRSTN_C0_0/CoreJTAGDebug_TRSTN_C0_0/genblk2.genblk2[0].BUFD_TRST/bufd_gen[9].BUFD_BLK:A (r)
               +     0.079          cell: ADLIB:CFG1
  10.353                       CoreJTAGDebug_TRSTN_C0_0/CoreJTAGDebug_TRSTN_C0_0/genblk2.genblk2[0].BUFD_TRST/bufd_gen[9].BUFD_BLK:Y (r)
               +     0.083          net: CoreJTAGDebug_TRSTN_C0_0/CoreJTAGDebug_TRSTN_C0_0/genblk2.genblk2[0].BUFD_TRST/delay_sel[10]
  10.436                       CoreJTAGDebug_TRSTN_C0_0/CoreJTAGDebug_TRSTN_C0_0/genblk2.genblk2[0].BUFD_TRST/bufd_gen[10].BUFD_BLK:A (r)
               +     0.079          cell: ADLIB:CFG1
  10.515                       CoreJTAGDebug_TRSTN_C0_0/CoreJTAGDebug_TRSTN_C0_0/genblk2.genblk2[0].BUFD_TRST/bufd_gen[10].BUFD_BLK:Y (r)
               +     0.124          net: CoreJTAGDebug_TRSTN_C0_0/CoreJTAGDebug_TRSTN_C0_0/genblk2.genblk2[0].BUFD_TRST/delay_sel[11]
  10.639                       CoreJTAGDebug_TRSTN_C0_0/CoreJTAGDebug_TRSTN_C0_0/genblk2.genblk2[0].BUFD_TRST/bufd_gen[11].BUFD_BLK:A (r)
               +     0.079          cell: ADLIB:CFG1
  10.718                       CoreJTAGDebug_TRSTN_C0_0/CoreJTAGDebug_TRSTN_C0_0/genblk2.genblk2[0].BUFD_TRST/bufd_gen[11].BUFD_BLK:Y (r)
               +     0.086          net: CoreJTAGDebug_TRSTN_C0_0/CoreJTAGDebug_TRSTN_C0_0/genblk2.genblk2[0].BUFD_TRST/delay_sel[12]
  10.804                       CoreJTAGDebug_TRSTN_C0_0/CoreJTAGDebug_TRSTN_C0_0/genblk2.genblk2[0].BUFD_TRST/bufd_gen[12].BUFD_BLK:A (r)
               +     0.079          cell: ADLIB:CFG1
  10.883                       CoreJTAGDebug_TRSTN_C0_0/CoreJTAGDebug_TRSTN_C0_0/genblk2.genblk2[0].BUFD_TRST/bufd_gen[12].BUFD_BLK:Y (r)
               +     0.069          net: CoreJTAGDebug_TRSTN_C0_0/CoreJTAGDebug_TRSTN_C0_0/genblk2.genblk2[0].BUFD_TRST/delay_sel[13]
  10.952                       CoreJTAGDebug_TRSTN_C0_0/CoreJTAGDebug_TRSTN_C0_0/genblk2.genblk2[0].BUFD_TRST/bufd_gen[13].BUFD_BLK:A (r)
               +     0.079          cell: ADLIB:CFG1
  11.031                       CoreJTAGDebug_TRSTN_C0_0/CoreJTAGDebug_TRSTN_C0_0/genblk2.genblk2[0].BUFD_TRST/bufd_gen[13].BUFD_BLK:Y (r)
               +     0.124          net: CoreJTAGDebug_TRSTN_C0_0/CoreJTAGDebug_TRSTN_C0_0/genblk2.genblk2[0].BUFD_TRST/delay_sel[14]
  11.155                       CoreJTAGDebug_TRSTN_C0_0/CoreJTAGDebug_TRSTN_C0_0/genblk2.genblk2[0].BUFD_TRST/bufd_gen[14].BUFD_BLK:A (r)
               +     0.079          cell: ADLIB:CFG1
  11.234                       CoreJTAGDebug_TRSTN_C0_0/CoreJTAGDebug_TRSTN_C0_0/genblk2.genblk2[0].BUFD_TRST/bufd_gen[14].BUFD_BLK:Y (r)
               +     0.083          net: CoreJTAGDebug_TRSTN_C0_0/CoreJTAGDebug_TRSTN_C0_0/genblk2.genblk2[0].BUFD_TRST/delay_sel[15]
  11.317                       CoreJTAGDebug_TRSTN_C0_0/CoreJTAGDebug_TRSTN_C0_0/genblk2.genblk2[0].BUFD_TRST/bufd_gen[15].BUFD_BLK:A (r)
               +     0.079          cell: ADLIB:CFG1
  11.396                       CoreJTAGDebug_TRSTN_C0_0/CoreJTAGDebug_TRSTN_C0_0/genblk2.genblk2[0].BUFD_TRST/bufd_gen[15].BUFD_BLK:Y (r)
               +     0.134          net: CoreJTAGDebug_TRSTN_C0_0/CoreJTAGDebug_TRSTN_C0_0/genblk2.genblk2[0].BUFD_TRST/delay_sel[16]
  11.530                       CoreJTAGDebug_TRSTN_C0_0/CoreJTAGDebug_TRSTN_C0_0/genblk2.genblk2[0].BUFD_TRST/bufd_gen[16].BUFD_BLK:A (r)
               +     0.079          cell: ADLIB:CFG1
  11.609                       CoreJTAGDebug_TRSTN_C0_0/CoreJTAGDebug_TRSTN_C0_0/genblk2.genblk2[0].BUFD_TRST/bufd_gen[16].BUFD_BLK:Y (r)
               +     0.124          net: CoreJTAGDebug_TRSTN_C0_0/CoreJTAGDebug_TRSTN_C0_0/genblk2.genblk2[0].BUFD_TRST/delay_sel[17]
  11.733                       CoreJTAGDebug_TRSTN_C0_0/CoreJTAGDebug_TRSTN_C0_0/genblk2.genblk2[0].BUFD_TRST/bufd_gen[17].BUFD_BLK:A (r)
               +     0.079          cell: ADLIB:CFG1
  11.812                       CoreJTAGDebug_TRSTN_C0_0/CoreJTAGDebug_TRSTN_C0_0/genblk2.genblk2[0].BUFD_TRST/bufd_gen[17].BUFD_BLK:Y (r)
               +     0.121          net: CoreJTAGDebug_TRSTN_C0_0/CoreJTAGDebug_TRSTN_C0_0/genblk2.genblk2[0].BUFD_TRST/delay_sel[18]
  11.933                       CoreJTAGDebug_TRSTN_C0_0/CoreJTAGDebug_TRSTN_C0_0/genblk2.genblk2[0].BUFD_TRST/bufd_gen[18].BUFD_BLK:A (r)
               +     0.079          cell: ADLIB:CFG1
  12.012                       CoreJTAGDebug_TRSTN_C0_0/CoreJTAGDebug_TRSTN_C0_0/genblk2.genblk2[0].BUFD_TRST/bufd_gen[18].BUFD_BLK:Y (r)
               +     0.082          net: CoreJTAGDebug_TRSTN_C0_0/CoreJTAGDebug_TRSTN_C0_0/genblk2.genblk2[0].BUFD_TRST/delay_sel[19]
  12.094                       CoreJTAGDebug_TRSTN_C0_0/CoreJTAGDebug_TRSTN_C0_0/genblk2.genblk2[0].BUFD_TRST/bufd_gen[19].BUFD_BLK:A (r)
               +     0.079          cell: ADLIB:CFG1
  12.173                       CoreJTAGDebug_TRSTN_C0_0/CoreJTAGDebug_TRSTN_C0_0/genblk2.genblk2[0].BUFD_TRST/bufd_gen[19].BUFD_BLK:Y (r)
               +     1.547          net: CoreJTAGDebug_TRSTN_C0_0/CoreJTAGDebug_TRSTN_C0_0/genblk2.genblk2[0].BUFD_TRST/delay_sel[20]
  13.720                       CoreJTAGDebug_TRSTN_C0_0/CoreJTAGDebug_TRSTN_C0_0/genblk2.genblk2[0].BUFD_TRST/bufd_gen[20].BUFD_BLK:A (r)
               +     0.051          cell: ADLIB:CFG1
  13.771                       CoreJTAGDebug_TRSTN_C0_0/CoreJTAGDebug_TRSTN_C0_0/genblk2.genblk2[0].BUFD_TRST/bufd_gen[20].BUFD_BLK:Y (r)
               +     0.111          net: CoreJTAGDebug_TRSTN_C0_0/CoreJTAGDebug_TRSTN_C0_0/genblk2.genblk2[0].BUFD_TRST/delay_sel[21]
  13.882                       CoreJTAGDebug_TRSTN_C0_0/CoreJTAGDebug_TRSTN_C0_0/genblk2.genblk2[0].BUFD_TRST/bufd_gen[21].BUFD_BLK:A (r)
               +     0.051          cell: ADLIB:CFG1
  13.933                       CoreJTAGDebug_TRSTN_C0_0/CoreJTAGDebug_TRSTN_C0_0/genblk2.genblk2[0].BUFD_TRST/bufd_gen[21].BUFD_BLK:Y (r)
               +     0.109          net: CoreJTAGDebug_TRSTN_C0_0/CoreJTAGDebug_TRSTN_C0_0/genblk2.genblk2[0].BUFD_TRST/delay_sel[22]
  14.042                       CoreJTAGDebug_TRSTN_C0_0/CoreJTAGDebug_TRSTN_C0_0/genblk2.genblk2[0].BUFD_TRST/bufd_gen[22].BUFD_BLK:A (r)
               +     0.051          cell: ADLIB:CFG1
  14.093                       CoreJTAGDebug_TRSTN_C0_0/CoreJTAGDebug_TRSTN_C0_0/genblk2.genblk2[0].BUFD_TRST/bufd_gen[22].BUFD_BLK:Y (r)
               +     0.064          net: CoreJTAGDebug_TRSTN_C0_0/CoreJTAGDebug_TRSTN_C0_0/genblk2.genblk2[0].BUFD_TRST/delay_sel[23]
  14.157                       CoreJTAGDebug_TRSTN_C0_0/CoreJTAGDebug_TRSTN_C0_0/genblk2.genblk2[0].BUFD_TRST/bufd_gen[23].BUFD_BLK:A (r)
               +     0.051          cell: ADLIB:CFG1
  14.208                       CoreJTAGDebug_TRSTN_C0_0/CoreJTAGDebug_TRSTN_C0_0/genblk2.genblk2[0].BUFD_TRST/bufd_gen[23].BUFD_BLK:Y (r)
               +     0.109          net: CoreJTAGDebug_TRSTN_C0_0/CoreJTAGDebug_TRSTN_C0_0/genblk2.genblk2[0].BUFD_TRST/delay_sel[24]
  14.317                       CoreJTAGDebug_TRSTN_C0_0/CoreJTAGDebug_TRSTN_C0_0/genblk2.genblk2[0].BUFD_TRST/bufd_gen[24].BUFD_BLK:A (r)
               +     0.051          cell: ADLIB:CFG1
  14.368                       CoreJTAGDebug_TRSTN_C0_0/CoreJTAGDebug_TRSTN_C0_0/genblk2.genblk2[0].BUFD_TRST/bufd_gen[24].BUFD_BLK:Y (r)
               +     0.808          net: CoreJTAGDebug_TRSTN_C0_0/CoreJTAGDebug_TRSTN_C0_0/genblk2.genblk2[0].BUFD_TRST/delay_sel[25]
  15.176                       CoreJTAGDebug_TRSTN_C0_0/CoreJTAGDebug_TRSTN_C0_0/genblk2.genblk2[0].BUFD_TRST/bufd_gen[25].BUFD_BLK:A (r)
               +     0.051          cell: ADLIB:CFG1
  15.227                       CoreJTAGDebug_TRSTN_C0_0/CoreJTAGDebug_TRSTN_C0_0/genblk2.genblk2[0].BUFD_TRST/bufd_gen[25].BUFD_BLK:Y (r)
               +     0.066          net: CoreJTAGDebug_TRSTN_C0_0/CoreJTAGDebug_TRSTN_C0_0/genblk2.genblk2[0].BUFD_TRST/delay_sel[26]
  15.293                       CoreJTAGDebug_TRSTN_C0_0/CoreJTAGDebug_TRSTN_C0_0/genblk2.genblk2[0].BUFD_TRST/bufd_gen[26].BUFD_BLK:A (r)
               +     0.051          cell: ADLIB:CFG1
  15.344                       CoreJTAGDebug_TRSTN_C0_0/CoreJTAGDebug_TRSTN_C0_0/genblk2.genblk2[0].BUFD_TRST/bufd_gen[26].BUFD_BLK:Y (r)
               +     0.108          net: CoreJTAGDebug_TRSTN_C0_0/CoreJTAGDebug_TRSTN_C0_0/genblk2.genblk2[0].BUFD_TRST/delay_sel[27]
  15.452                       CoreJTAGDebug_TRSTN_C0_0/CoreJTAGDebug_TRSTN_C0_0/genblk2.genblk2[0].BUFD_TRST/bufd_gen[27].BUFD_BLK:A (r)
               +     0.051          cell: ADLIB:CFG1
  15.503                       CoreJTAGDebug_TRSTN_C0_0/CoreJTAGDebug_TRSTN_C0_0/genblk2.genblk2[0].BUFD_TRST/bufd_gen[27].BUFD_BLK:Y (r)
               +     0.062          net: CoreJTAGDebug_TRSTN_C0_0/CoreJTAGDebug_TRSTN_C0_0/genblk2.genblk2[0].BUFD_TRST/delay_sel[28]
  15.565                       CoreJTAGDebug_TRSTN_C0_0/CoreJTAGDebug_TRSTN_C0_0/genblk2.genblk2[0].BUFD_TRST/bufd_gen[28].BUFD_BLK:A (r)
               +     0.051          cell: ADLIB:CFG1
  15.616                       CoreJTAGDebug_TRSTN_C0_0/CoreJTAGDebug_TRSTN_C0_0/genblk2.genblk2[0].BUFD_TRST/bufd_gen[28].BUFD_BLK:Y (r)
               +     0.055          net: CoreJTAGDebug_TRSTN_C0_0/CoreJTAGDebug_TRSTN_C0_0/genblk2.genblk2[0].BUFD_TRST/delay_sel[29]
  15.671                       CoreJTAGDebug_TRSTN_C0_0/CoreJTAGDebug_TRSTN_C0_0/genblk2.genblk2[0].BUFD_TRST/bufd_gen[29].BUFD_BLK:A (r)
               +     0.051          cell: ADLIB:CFG1
  15.722                       CoreJTAGDebug_TRSTN_C0_0/CoreJTAGDebug_TRSTN_C0_0/genblk2.genblk2[0].BUFD_TRST/bufd_gen[29].BUFD_BLK:Y (r)
               +     0.064          net: CoreJTAGDebug_TRSTN_C0_0/CoreJTAGDebug_TRSTN_C0_0/genblk2.genblk2[0].BUFD_TRST/delay_sel[30]
  15.786                       CoreJTAGDebug_TRSTN_C0_0/CoreJTAGDebug_TRSTN_C0_0/genblk2.genblk2[0].BUFD_TRST/bufd_gen[30].BUFD_BLK:A (r)
               +     0.051          cell: ADLIB:CFG1
  15.837                       CoreJTAGDebug_TRSTN_C0_0/CoreJTAGDebug_TRSTN_C0_0/genblk2.genblk2[0].BUFD_TRST/bufd_gen[30].BUFD_BLK:Y (r)
               +     0.122          net: CoreJTAGDebug_TRSTN_C0_0/CoreJTAGDebug_TRSTN_C0_0/genblk2.genblk2[0].BUFD_TRST/delay_sel[31]
  15.959                       CoreJTAGDebug_TRSTN_C0_0/CoreJTAGDebug_TRSTN_C0_0/genblk2.genblk2[0].BUFD_TRST/bufd_gen[31].BUFD_BLK:A (r)
               +     0.051          cell: ADLIB:CFG1
  16.010                       CoreJTAGDebug_TRSTN_C0_0/CoreJTAGDebug_TRSTN_C0_0/genblk2.genblk2[0].BUFD_TRST/bufd_gen[31].BUFD_BLK:Y (r)
               +     0.056          net: CoreJTAGDebug_TRSTN_C0_0/CoreJTAGDebug_TRSTN_C0_0/genblk2.genblk2[0].BUFD_TRST/delay_sel[32]
  16.066                       CoreJTAGDebug_TRSTN_C0_0/CoreJTAGDebug_TRSTN_C0_0/genblk2.genblk2[0].BUFD_TRST/bufd_gen[32].BUFD_BLK:A (r)
               +     0.083          cell: ADLIB:CFG1
  16.149                       CoreJTAGDebug_TRSTN_C0_0/CoreJTAGDebug_TRSTN_C0_0/genblk2.genblk2[0].BUFD_TRST/bufd_gen[32].BUFD_BLK:Y (r)
               +     0.119          net: CoreJTAGDebug_TRSTN_C0_0/CoreJTAGDebug_TRSTN_C0_0/genblk2.genblk2[0].BUFD_TRST/delay_sel[33]
  16.268                       CoreJTAGDebug_TRSTN_C0_0/CoreJTAGDebug_TRSTN_C0_0/genblk2.genblk2[0].BUFD_TRST/bufd_gen[33].BUFD_BLK:A (r)
               +     0.051          cell: ADLIB:CFG1
  16.319                       CoreJTAGDebug_TRSTN_C0_0/CoreJTAGDebug_TRSTN_C0_0/genblk2.genblk2[0].BUFD_TRST/bufd_gen[33].BUFD_BLK:Y (r)
               +     0.537          net: CoreJTAGDebug_TRSTN_C0_0_CoreJTAGDebug_TRSTN_C0_0_genblk2_genblk2_0__BUFD_TRST_delay_sel[34]
  16.856                       MIV_RV32_CFG1_C0_0/MIV_RV32_CFG1_C0_0/u_ipcore_0/gen_subsys_debug.u_subsys_debug_unit_0/MIV_subsys_debug_transport_module_jtag_0/genblk3.shift_active_high.shift_active_low.shiftIR_ne_0:ALn (r)
                                    
  16.856                       data arrival time
  ________________________________________________________
  Data required time calculation
  83.330                       TCK
               +     0.000          Clock source
  83.330                       TCK (f)
               +     0.000          net: TCK
  83.330                       CoreJTAGDebug_TRSTN_C0_0/CoreJTAGDebug_TRSTN_C0_0/genblk1.genblk1.genblk1.UJTAG_inst:TCK (f)
               +     2.045          cell: ADLIB:UJTAG_SEC
  85.375                       CoreJTAGDebug_TRSTN_C0_0/CoreJTAGDebug_TRSTN_C0_0/genblk1.genblk1.genblk1.UJTAG_inst:UDRCK (f)
               +     0.278          net: CoreJTAGDebug_TRSTN_C0_0/CoreJTAGDebug_TRSTN_C0_0/N_2
  85.653                       CoreJTAGDebug_TRSTN_C0_0/CoreJTAGDebug_TRSTN_C0_0/N_2_inferred_clock_RNIMQNI2_1:A (f)
               +     0.222          cell: ADLIB:ICB_CLKINT
  85.875                       CoreJTAGDebug_TRSTN_C0_0/CoreJTAGDebug_TRSTN_C0_0/N_2_inferred_clock_RNIMQNI2_1:Y (f)
               +     0.106          net: CoreJTAGDebug_TRSTN_C0_0/CoreJTAGDebug_TRSTN_C0_0/N_2_inferred_clock_RNIMQNI2_NET
  85.981                       CoreJTAGDebug_TRSTN_C0_0/CoreJTAGDebug_TRSTN_C0_0/N_2_inferred_clock_RNIMQNI2:A (f)
               +     0.143          cell: ADLIB:GB
  86.124                       CoreJTAGDebug_TRSTN_C0_0/CoreJTAGDebug_TRSTN_C0_0/N_2_inferred_clock_RNIMQNI2:Y (f)
               +     0.336          net: CoreJTAGDebug_TRSTN_C0_0/CoreJTAGDebug_TRSTN_C0_0/N_2_inferred_clock_RNIMQNI2/U0_Y
  86.460                       CoreJTAGDebug_TRSTN_C0_0/CoreJTAGDebug_TRSTN_C0_0/N_2_inferred_clock_RNIMQNI2/U0_RGB1:A (f)
               +     0.054          cell: ADLIB:RGB
  86.514                       CoreJTAGDebug_TRSTN_C0_0/CoreJTAGDebug_TRSTN_C0_0/N_2_inferred_clock_RNIMQNI2/U0_RGB1:Y (r)
               +     0.401          net: CoreJTAGDebug_TRSTN_C0_0/CoreJTAGDebug_TRSTN_C0_0/iUDRCK
  86.915                       CoreJTAGDebug_TRSTN_C0_0/CoreJTAGDebug_TRSTN_C0_0/genblk3.genblk1.UJ_JTAG/un1_DUT_TCK:A (f)
               +     0.069          cell: ADLIB:CFG4
  86.984                       CoreJTAGDebug_TRSTN_C0_0/CoreJTAGDebug_TRSTN_C0_0/genblk3.genblk1.UJ_JTAG/un1_DUT_TCK:Y (r)
               +     1.131          net: CoreJTAGDebug_TRSTN_C0_0/CoreJTAGDebug_TRSTN_C0_0/un1_DUT_TCK_0
  88.115                       CoreJTAGDebug_TRSTN_C0_0/CoreJTAGDebug_TRSTN_C0_0/genblk3.genblk1.TGT_TCK_GLB:A (r)
               +     0.133          cell: ADLIB:GB
  88.248                       CoreJTAGDebug_TRSTN_C0_0/CoreJTAGDebug_TRSTN_C0_0/genblk3.genblk1.TGT_TCK_GLB:Y (r)
               +     0.340          net: CoreJTAGDebug_TRSTN_C0_0/CoreJTAGDebug_TRSTN_C0_0/genblk3.genblk1.TGT_TCK_GLB/U0_Y
  88.588                       CoreJTAGDebug_TRSTN_C0_0/CoreJTAGDebug_TRSTN_C0_0/genblk3.genblk1.TGT_TCK_GLB/U0_RGB1_RGB0:A (r)
               +     0.052          cell: ADLIB:RGB
  88.640                       CoreJTAGDebug_TRSTN_C0_0/CoreJTAGDebug_TRSTN_C0_0/genblk3.genblk1.TGT_TCK_GLB/U0_RGB1_RGB0:Y (f)
               +     0.357          net: CoreJTAGDebug_TRSTN_C0_0/CoreJTAGDebug_TRSTN_C0_0/genblk3.genblk1.TGT_TCK_GLB/U0_RGB1_RGB0_rgb_net_1
  88.997                       MIV_RV32_CFG1_C0_0/MIV_RV32_CFG1_C0_0/u_ipcore_0/gen_subsys_debug.u_subsys_debug_unit_0/MIV_subsys_debug_transport_module_jtag_0/genblk3.shift_active_high.shift_active_low.shiftIR_ne_0:CLK (r)
               +     0.610          
  89.607                       clock reconvergence pessimism
               -     0.018          
  89.589                       clock jitter
               -     0.197          Library recovery time: ADLIB:SLE
  89.392                       MIV_RV32_CFG1_C0_0/MIV_RV32_CFG1_C0_0/u_ipcore_0/gen_subsys_debug.u_subsys_debug_unit_0/MIV_subsys_debug_transport_module_jtag_0/genblk3.shift_active_high.shift_active_low.shiftIR_ne_0:ALn
                                    
  89.392                       data required time


Operating Conditions : slow_lv_lt

END SET Register to Asynchronous

----------------------------------------------------

SET External Recovery

No Path 

END SET External Recovery

----------------------------------------------------

SET Asynchronous to Register

No Path 

END SET Asynchronous to Register

----------------------------------------------------

SET PF_CCC_C0_0/PF_CCC_C0_0/pll_inst_0/OUT0 to TCK

No Path 

END SET PF_CCC_C0_0/PF_CCC_C0_0/pll_inst_0/OUT0 to TCK

----------------------------------------------------

Path set Pin to Pin

SET Input to Output

No Path 

END SET Input to Output

----------------------------------------------------

