Timing Violation Report Max Delay Analysis

SmartTime Version 2025.2
Microchip Technology Inc. - Microchip Libero Software Release 2025.2 (Version 2025.2.0.14)
Date: Thu Jan 15 14:31:39 2026


Design: BaseDesign
Family: PolarFireSoC
Die: MPFS095T
Package: FCSG325
Temperature Range: 0 - 100 C
Voltage Range: 0.97 - 1.03 V
Speed Grade: -1
Design State: Post-Layout
Data source: Production
Multi Corner Report Operating Conditions: slow_lv_lt,fast_hv_lt,slow_lv_ht


Path 1
  From: MIV_RV32_CFG1_C0_0/MIV_RV32_CFG1_C0_0/u_ipcore_0/u_hart_0/u_expipe_0/u_exu_0/fast_mul.miv_rv32_mul_0/WideMult_0_0/MACC_PHYS_INST/INST_MACC_IP:CLK
  To:   MIV_RV32_CFG1_C0_0/MIV_RV32_CFG1_C0_0/u_ipcore_0/u_hart_0/u_expipe_0/de_ex_pipe_curr_instr_enc_ex[14]:SLn
  Delay (ns):             11.280
  Slack (ns):              8.349
  Arrival (ns):           14.802
  Required (ns):          23.151
  Operating Conditions: slow_lv_ht

Path 2
  From: MIV_RV32_CFG1_C0_0/MIV_RV32_CFG1_C0_0/u_ipcore_0/u_hart_0/u_expipe_0/u_exu_0/fast_mul.miv_rv32_mul_0/WideMult_0_0/MACC_PHYS_INST/INST_MACC_IP:CLK
  To:   MIV_RV32_CFG1_C0_0/MIV_RV32_CFG1_C0_0/u_ipcore_0/u_hart_0/u_expipe_0/de_ex_pipe_curr_instr_enc_ex[7]:SLn
  Delay (ns):             11.279
  Slack (ns):              8.350
  Arrival (ns):           14.801
  Required (ns):          23.151
  Operating Conditions: slow_lv_ht

Path 3
  From: MIV_RV32_CFG1_C0_0/MIV_RV32_CFG1_C0_0/u_ipcore_0/u_hart_0/u_expipe_0/u_exu_0/fast_mul.miv_rv32_mul_0/WideMult_0_0/MACC_PHYS_INST/INST_MACC_IP:CLK
  To:   MIV_RV32_CFG1_C0_0/MIV_RV32_CFG1_C0_0/u_ipcore_0/u_hart_0/u_expipe_0/de_ex_pipe_curr_instr_enc_ex[4]:SLn
  Delay (ns):             11.279
  Slack (ns):              8.350
  Arrival (ns):           14.801
  Required (ns):          23.151
  Operating Conditions: slow_lv_ht

Path 4
  From: MIV_RV32_CFG1_C0_0/MIV_RV32_CFG1_C0_0/u_ipcore_0/u_hart_0/u_expipe_0/u_exu_0/fast_mul.miv_rv32_mul_0/WideMult_0_0/MACC_PHYS_INST/INST_MACC_IP:CLK
  To:   MIV_RV32_CFG1_C0_0/MIV_RV32_CFG1_C0_0/u_ipcore_0/u_hart_0/u_expipe_0/de_ex_pipe_curr_instr_enc_ex[15]:SLn
  Delay (ns):             11.279
  Slack (ns):              8.351
  Arrival (ns):           14.801
  Required (ns):          23.152
  Operating Conditions: slow_lv_ht

Path 5
  From: MIV_RV32_CFG1_C0_0/MIV_RV32_CFG1_C0_0/u_ipcore_0/u_hart_0/u_expipe_0/u_exu_0/fast_mul.miv_rv32_mul_0/WideMult_0_0/MACC_PHYS_INST/INST_MACC_IP:CLK
  To:   MIV_RV32_CFG1_C0_0/MIV_RV32_CFG1_C0_0/u_ipcore_0/u_hart_0/u_expipe_0/de_ex_pipe_curr_instr_enc_ex[16]:SLn
  Delay (ns):             11.276
  Slack (ns):              8.353
  Arrival (ns):           14.798
  Required (ns):          23.151
  Operating Conditions: slow_lv_ht

Path 6
  From: MIV_RV32_CFG1_C0_0/MIV_RV32_CFG1_C0_0/u_ipcore_0/u_hart_0/u_expipe_0/u_exu_0/fast_mul.miv_rv32_mul_0/WideMult_0_0/MACC_PHYS_INST/INST_MACC_IP:CLK
  To:   MIV_RV32_CFG1_C0_0/MIV_RV32_CFG1_C0_0/u_ipcore_0/u_hart_0/u_expipe_0/de_ex_pipe_curr_instr_enc_ex[17]:SLn
  Delay (ns):             11.276
  Slack (ns):              8.354
  Arrival (ns):           14.798
  Required (ns):          23.152
  Operating Conditions: slow_lv_ht

Path 7
  From: MIV_RV32_CFG1_C0_0/MIV_RV32_CFG1_C0_0/u_ipcore_0/u_hart_0/u_expipe_0/u_exu_0/fast_mul.miv_rv32_mul_0/WideMult_0_0/MACC_PHYS_INST/INST_MACC_IP:CLK
  To:   PF_SRAM_AHB_C0_0/PF_TPSRAM_AHB_AXI_0/PF_SRAM_AHB_C0_PF_TPSRAM_AHB_AXI_0_PF_TPSRAM_R27C0/INST_RAM1K20_IP:A_BLK_EN[2]
  Delay (ns):             10.843
  Slack (ns):              8.358
  Arrival (ns):           14.365
  Required (ns):          22.723
  Operating Conditions: slow_lv_ht

Path 8
  From: MIV_RV32_CFG1_C0_0/MIV_RV32_CFG1_C0_0/u_ipcore_0/u_hart_0/u_expipe_0/u_exu_0/fast_mul.miv_rv32_mul_0/WideMult_1_0/MACC_PHYS_INST/INST_MACC_IP:CLK
  To:   MIV_RV32_CFG1_C0_0/MIV_RV32_CFG1_C0_0/u_ipcore_0/u_hart_0/u_expipe_0/de_ex_pipe_curr_instr_enc_ex[14]:SLn
  Delay (ns):             11.231
  Slack (ns):              8.398
  Arrival (ns):           14.753
  Required (ns):          23.151
  Operating Conditions: slow_lv_ht

Path 9
  From: MIV_RV32_CFG1_C0_0/MIV_RV32_CFG1_C0_0/u_ipcore_0/u_hart_0/u_expipe_0/u_exu_0/fast_mul.miv_rv32_mul_0/WideMult_1_0/MACC_PHYS_INST/INST_MACC_IP:CLK
  To:   MIV_RV32_CFG1_C0_0/MIV_RV32_CFG1_C0_0/u_ipcore_0/u_hart_0/u_expipe_0/de_ex_pipe_curr_instr_enc_ex[7]:SLn
  Delay (ns):             11.230
  Slack (ns):              8.399
  Arrival (ns):           14.752
  Required (ns):          23.151
  Operating Conditions: slow_lv_ht

Path 10
  From: MIV_RV32_CFG1_C0_0/MIV_RV32_CFG1_C0_0/u_ipcore_0/u_hart_0/u_expipe_0/u_exu_0/fast_mul.miv_rv32_mul_0/WideMult_1_0/MACC_PHYS_INST/INST_MACC_IP:CLK
  To:   MIV_RV32_CFG1_C0_0/MIV_RV32_CFG1_C0_0/u_ipcore_0/u_hart_0/u_expipe_0/de_ex_pipe_curr_instr_enc_ex[4]:SLn
  Delay (ns):             11.230
  Slack (ns):              8.399
  Arrival (ns):           14.752
  Required (ns):          23.151
  Operating Conditions: slow_lv_ht

Path 11
  From: MIV_RV32_CFG1_C0_0/MIV_RV32_CFG1_C0_0/u_ipcore_0/u_hart_0/u_expipe_0/u_exu_0/fast_mul.miv_rv32_mul_0/WideMult_1_0/MACC_PHYS_INST/INST_MACC_IP:CLK
  To:   MIV_RV32_CFG1_C0_0/MIV_RV32_CFG1_C0_0/u_ipcore_0/u_hart_0/u_expipe_0/de_ex_pipe_curr_instr_enc_ex[15]:SLn
  Delay (ns):             11.230
  Slack (ns):              8.400
  Arrival (ns):           14.752
  Required (ns):          23.152
  Operating Conditions: slow_lv_ht

Path 12
  From: MIV_RV32_CFG1_C0_0/MIV_RV32_CFG1_C0_0/u_ipcore_0/u_hart_0/u_expipe_0/u_exu_0/fast_mul.miv_rv32_mul_0/WideMult_1_0/MACC_PHYS_INST/INST_MACC_IP:CLK
  To:   MIV_RV32_CFG1_C0_0/MIV_RV32_CFG1_C0_0/u_ipcore_0/u_hart_0/u_expipe_0/de_ex_pipe_curr_instr_enc_ex[16]:SLn
  Delay (ns):             11.227
  Slack (ns):              8.402
  Arrival (ns):           14.749
  Required (ns):          23.151
  Operating Conditions: slow_lv_ht

Path 13
  From: MIV_RV32_CFG1_C0_0/MIV_RV32_CFG1_C0_0/u_ipcore_0/u_hart_0/u_expipe_0/u_exu_0/fast_mul.miv_rv32_mul_0/WideMult_1_0/MACC_PHYS_INST/INST_MACC_IP:CLK
  To:   MIV_RV32_CFG1_C0_0/MIV_RV32_CFG1_C0_0/u_ipcore_0/u_hart_0/u_expipe_0/de_ex_pipe_curr_instr_enc_ex[17]:SLn
  Delay (ns):             11.227
  Slack (ns):              8.403
  Arrival (ns):           14.749
  Required (ns):          23.152
  Operating Conditions: slow_lv_ht

Path 14
  From: MIV_RV32_CFG1_C0_0/MIV_RV32_CFG1_C0_0/u_ipcore_0/u_hart_0/u_expipe_0/u_exu_0/fast_mul.miv_rv32_mul_0/WideMult_1_0/MACC_PHYS_INST/INST_MACC_IP:CLK
  To:   PF_SRAM_AHB_C0_0/PF_TPSRAM_AHB_AXI_0/PF_SRAM_AHB_C0_PF_TPSRAM_AHB_AXI_0_PF_TPSRAM_R27C0/INST_RAM1K20_IP:A_BLK_EN[2]
  Delay (ns):             10.794
  Slack (ns):              8.407
  Arrival (ns):           14.316
  Required (ns):          22.723
  Operating Conditions: slow_lv_ht

Path 15
  From: MIV_RV32_CFG1_C0_0/MIV_RV32_CFG1_C0_0/u_ipcore_0/u_hart_0/u_expipe_0/u_exu_0/fast_mul.miv_rv32_mul_0/WideMult_0_0/MACC_PHYS_INST/INST_MACC_IP:CLK
  To:   MIV_RV32_CFG1_C0_0/MIV_RV32_CFG1_C0_0/u_ipcore_0/u_hart_0/u_expipe_0/gen_gpr_ex_attbs_rd_ex.gen_debug_gpr_rd_sel_pipeline.de_ex_pipe_gpr_rs2_rd_sel_ex[3]:EN
  Delay (ns):             11.094
  Slack (ns):              8.439
  Arrival (ns):           14.616
  Required (ns):          23.055
  Operating Conditions: slow_lv_ht

Path 16
  From: MIV_RV32_CFG1_C0_0/MIV_RV32_CFG1_C0_0/u_ipcore_0/u_hart_0/u_expipe_0/u_exu_0/fast_mul.miv_rv32_mul_0/WideMult_0_0/MACC_PHYS_INST/INST_MACC_IP:CLK
  To:   MIV_RV32_CFG1_C0_0/MIV_RV32_CFG1_C0_0/u_ipcore_0/u_hart_0/u_expipe_0/gen_gpr_ex_attbs_rd_ex.gen_debug_gpr_rd_sel_pipeline.de_ex_pipe_gpr_rs2_rd_sel_ex[0]:EN
  Delay (ns):             11.093
  Slack (ns):              8.440
  Arrival (ns):           14.615
  Required (ns):          23.055
  Operating Conditions: slow_lv_ht

Path 17
  From: MIV_RV32_CFG1_C0_0/MIV_RV32_CFG1_C0_0/u_ipcore_0/u_hart_0/u_expipe_0/u_exu_0/fast_mul.miv_rv32_mul_0/WideMult_0_0/MACC_PHYS_INST/INST_MACC_IP:CLK
  To:   MIV_RV32_CFG1_C0_0/MIV_RV32_CFG1_C0_0/u_ipcore_0/u_hart_0/u_expipe_0/de_ex_pipe_curr_instr_enc_ex[25]:EN
  Delay (ns):             11.066
  Slack (ns):              8.440
  Arrival (ns):           14.588
  Required (ns):          23.028
  Operating Conditions: slow_lv_ht

Path 18
  From: MIV_RV32_CFG1_C0_0/MIV_RV32_CFG1_C0_0/u_ipcore_0/u_hart_0/u_expipe_0/u_exu_0/fast_mul.miv_rv32_mul_0/WideMult_0_0/MACC_PHYS_INST/INST_MACC_IP:CLK
  To:   MIV_RV32_CFG1_C0_0/MIV_RV32_CFG1_C0_0/u_ipcore_0/u_hart_0/u_expipe_0/gen_gpr_ex_attbs_rd_ex.gen_debug_gpr_rd_sel_pipeline.de_ex_pipe_gpr_rs2_rd_sel_ex[4]:EN
  Delay (ns):             11.093
  Slack (ns):              8.441
  Arrival (ns):           14.615
  Required (ns):          23.056
  Operating Conditions: slow_lv_ht

Path 19
  From: MIV_RV32_CFG1_C0_0/MIV_RV32_CFG1_C0_0/u_ipcore_0/u_hart_0/u_expipe_0/u_exu_0/fast_mul.miv_rv32_mul_0/WideMult_0_0/MACC_PHYS_INST/INST_MACC_IP:CLK
  To:   PF_SRAM_AHB_C0_0/PF_TPSRAM_AHB_AXI_0/PF_SRAM_AHB_C0_PF_TPSRAM_AHB_AXI_0_PF_TPSRAM_R22C0/INST_RAM1K20_IP:B_BLK_EN[2]
  Delay (ns):             10.879
  Slack (ns):              8.445
  Arrival (ns):           14.401
  Required (ns):          22.846
  Operating Conditions: slow_lv_ht

Path 20
  From: MIV_RV32_CFG1_C0_0/MIV_RV32_CFG1_C0_0/u_ipcore_0/u_hart_0/u_expipe_0/u_exu_0/fast_mul.miv_rv32_mul_0/WideMult_0_0/MACC_PHYS_INST/INST_MACC_IP:CLK
  To:   MIV_RV32_CFG1_C0_0/MIV_RV32_CFG1_C0_0/u_ipcore_0/u_hart_0/u_expipe_0/de_ex_pipe_curr_instr_enc_ex[9]:EN
  Delay (ns):             11.061
  Slack (ns):              8.455
  Arrival (ns):           14.583
  Required (ns):          23.038
  Operating Conditions: slow_lv_ht

Path 21
  From: MIV_RV32_CFG1_C0_0/MIV_RV32_CFG1_C0_0/u_ipcore_0/u_hart_0/u_expipe_0/u_exu_0/fast_mul.miv_rv32_mul_0/WideMult_0_0/MACC_PHYS_INST/INST_MACC_IP:CLK
  To:   MIV_RV32_CFG1_C0_0/MIV_RV32_CFG1_C0_0/u_ipcore_0/u_hart_0/u_expipe_0/gen_gpr_ex_attbs_rd_ex.gen_debug_gpr_rd_sel_pipeline.de_ex_pipe_gpr_rs2_rd_sel_ex[1]:EN
  Delay (ns):             11.077
  Slack (ns):              8.456
  Arrival (ns):           14.599
  Required (ns):          23.055
  Operating Conditions: slow_lv_ht

Path 22
  From: MIV_RV32_CFG1_C0_0/MIV_RV32_CFG1_C0_0/u_ipcore_0/u_hart_0/u_expipe_0/u_exu_0/fast_mul.miv_rv32_mul_0/WideMult_0_0/MACC_PHYS_INST/INST_MACC_IP:CLK
  To:   PF_SRAM_AHB_C0_0/PF_TPSRAM_AHB_AXI_0/PF_SRAM_AHB_C0_PF_TPSRAM_AHB_AXI_0_PF_TPSRAM_R35C0/INST_RAM1K20_IP:A_BLK_EN[2]
  Delay (ns):             10.748
  Slack (ns):              8.457
  Arrival (ns):           14.270
  Required (ns):          22.727
  Operating Conditions: slow_lv_ht

Path 23
  From: MIV_RV32_CFG1_C0_0/MIV_RV32_CFG1_C0_0/u_ipcore_0/u_hart_0/u_expipe_0/u_exu_0/fast_mul.miv_rv32_mul_0/WideMult_0_0/MACC_PHYS_INST/INST_MACC_IP:CLK
  To:   MIV_RV32_CFG1_C0_0/MIV_RV32_CFG1_C0_0/u_ipcore_0/u_hart_0/u_expipe_0/gen_gpr_ex_attbs_rd_ex.gen_debug_gpr_rd_sel_pipeline.de_ex_pipe_gpr_rs2_rd_sel_ex[2]:EN
  Delay (ns):             11.077
  Slack (ns):              8.457
  Arrival (ns):           14.599
  Required (ns):          23.056
  Operating Conditions: slow_lv_ht

Path 24
  From: MIV_RV32_CFG1_C0_0/MIV_RV32_CFG1_C0_0/u_ipcore_0/u_hart_0/u_expipe_0/u_exu_0/fast_mul.miv_rv32_mul_0/WideMult_0_0/MACC_PHYS_INST/INST_MACC_IP:CLK
  To:   PF_SRAM_AHB_C0_0/PF_TPSRAM_AHB_AXI_0/PF_SRAM_AHB_C0_PF_TPSRAM_AHB_AXI_0_PF_TPSRAM_R43C0/INST_RAM1K20_IP:A_BLK_EN[2]
  Delay (ns):             10.750
  Slack (ns):              8.460
  Arrival (ns):           14.272
  Required (ns):          22.732
  Operating Conditions: slow_lv_ht

Path 25
  From: MIV_RV32_CFG1_C0_0/MIV_RV32_CFG1_C0_0/u_ipcore_0/u_hart_0/u_expipe_0/u_exu_0/fast_mul.miv_rv32_mul_0/WideMult_0_0/MACC_PHYS_INST/INST_MACC_IP:CLK
  To:   MIV_RV32_CFG1_C0_0/MIV_RV32_CFG1_C0_0/u_ipcore_0/u_hart_0/u_expipe_0/gen_gpr_ex_attbs_rd_ex.gen_debug_gpr_rd_sel_pipeline.de_ex_pipe_gpr_rs2_rd_sel_ex[5]:EN
  Delay (ns):             11.046
  Slack (ns):              8.487
  Arrival (ns):           14.568
  Required (ns):          23.055
  Operating Conditions: slow_lv_ht

Path 26
  From: MIV_RV32_CFG1_C0_0/MIV_RV32_CFG1_C0_0/u_ipcore_0/u_hart_0/u_expipe_0/u_exu_0/fast_mul.miv_rv32_mul_0/WideMult_1_0/MACC_PHYS_INST/INST_MACC_IP:CLK
  To:   MIV_RV32_CFG1_C0_0/MIV_RV32_CFG1_C0_0/u_ipcore_0/u_hart_0/u_expipe_0/gen_gpr_ex_attbs_rd_ex.gen_debug_gpr_rd_sel_pipeline.de_ex_pipe_gpr_rs2_rd_sel_ex[3]:EN
  Delay (ns):             11.045
  Slack (ns):              8.488
  Arrival (ns):           14.567
  Required (ns):          23.055
  Operating Conditions: slow_lv_ht

Path 27
  From: MIV_RV32_CFG1_C0_0/MIV_RV32_CFG1_C0_0/u_ipcore_0/u_hart_0/u_expipe_0/u_exu_0/fast_mul.miv_rv32_mul_0/WideMult_1_0/MACC_PHYS_INST/INST_MACC_IP:CLK
  To:   MIV_RV32_CFG1_C0_0/MIV_RV32_CFG1_C0_0/u_ipcore_0/u_hart_0/u_expipe_0/gen_gpr_ex_attbs_rd_ex.gen_debug_gpr_rd_sel_pipeline.de_ex_pipe_gpr_rs2_rd_sel_ex[0]:EN
  Delay (ns):             11.044
  Slack (ns):              8.489
  Arrival (ns):           14.566
  Required (ns):          23.055
  Operating Conditions: slow_lv_ht

Path 28
  From: MIV_RV32_CFG1_C0_0/MIV_RV32_CFG1_C0_0/u_ipcore_0/u_hart_0/u_expipe_0/u_exu_0/fast_mul.miv_rv32_mul_0/WideMult_1_0/MACC_PHYS_INST/INST_MACC_IP:CLK
  To:   MIV_RV32_CFG1_C0_0/MIV_RV32_CFG1_C0_0/u_ipcore_0/u_hart_0/u_expipe_0/de_ex_pipe_curr_instr_enc_ex[25]:EN
  Delay (ns):             11.017
  Slack (ns):              8.489
  Arrival (ns):           14.539
  Required (ns):          23.028
  Operating Conditions: slow_lv_ht

Path 29
  From: MIV_RV32_CFG1_C0_0/MIV_RV32_CFG1_C0_0/u_ipcore_0/u_hart_0/u_expipe_0/u_exu_0/fast_mul.miv_rv32_mul_0/WideMult_1_0/MACC_PHYS_INST/INST_MACC_IP:CLK
  To:   MIV_RV32_CFG1_C0_0/MIV_RV32_CFG1_C0_0/u_ipcore_0/u_hart_0/u_expipe_0/gen_gpr_ex_attbs_rd_ex.gen_debug_gpr_rd_sel_pipeline.de_ex_pipe_gpr_rs2_rd_sel_ex[4]:EN
  Delay (ns):             11.044
  Slack (ns):              8.490
  Arrival (ns):           14.566
  Required (ns):          23.056
  Operating Conditions: slow_lv_ht

Path 30
  From: MIV_RV32_CFG1_C0_0/MIV_RV32_CFG1_C0_0/u_ipcore_0/u_hart_0/u_expipe_0/u_exu_0/fast_mul.miv_rv32_mul_0/WideMult_0_0/MACC_PHYS_INST/INST_MACC_IP:CLK
  To:   MIV_RV32_CFG1_C0_0/MIV_RV32_CFG1_C0_0/u_ipcore_0/u_hart_0/u_expipe_0/de_ex_pipe_curr_instr_enc_ex[9]:SLn
  Delay (ns):             11.102
  Slack (ns):              8.493
  Arrival (ns):           14.624
  Required (ns):          23.117
  Operating Conditions: slow_lv_ht

Path 31
  From: MIV_RV32_CFG1_C0_0/MIV_RV32_CFG1_C0_0/u_ipcore_0/u_hart_0/u_expipe_0/u_exu_0/fast_mul.miv_rv32_mul_0/WideMult_1_0/MACC_PHYS_INST/INST_MACC_IP:CLK
  To:   PF_SRAM_AHB_C0_0/PF_TPSRAM_AHB_AXI_0/PF_SRAM_AHB_C0_PF_TPSRAM_AHB_AXI_0_PF_TPSRAM_R22C0/INST_RAM1K20_IP:B_BLK_EN[2]
  Delay (ns):             10.830
  Slack (ns):              8.494
  Arrival (ns):           14.352
  Required (ns):          22.846
  Operating Conditions: slow_lv_ht

Path 32
  From: MIV_RV32_CFG1_C0_0/MIV_RV32_CFG1_C0_0/u_ipcore_0/u_hart_0/u_expipe_0/u_exu_0/fast_mul.miv_rv32_mul_0/WideMult_0_0/MACC_PHYS_INST/INST_MACC_IP:CLK
  To:   MIV_RV32_CFG1_C0_0/MIV_RV32_CFG1_C0_0/u_ipcore_0/u_hart_0/u_expipe_0/de_ex_pipe_branch_cond_ex[1]:D
  Delay (ns):             11.136
  Slack (ns):              8.499
  Arrival (ns):           14.658
  Required (ns):          23.157
  Operating Conditions: slow_lv_ht

Path 33
  From: MIV_RV32_CFG1_C0_0/MIV_RV32_CFG1_C0_0/u_ipcore_0/u_hart_0/u_expipe_0/u_exu_0/fast_mul.miv_rv32_mul_0/WideMult_1_0/MACC_PHYS_INST/INST_MACC_IP:CLK
  To:   MIV_RV32_CFG1_C0_0/MIV_RV32_CFG1_C0_0/u_ipcore_0/u_hart_0/u_expipe_0/de_ex_pipe_curr_instr_enc_ex[9]:EN
  Delay (ns):             11.012
  Slack (ns):              8.504
  Arrival (ns):           14.534
  Required (ns):          23.038
  Operating Conditions: slow_lv_ht

Path 34
  From: MIV_RV32_CFG1_C0_0/MIV_RV32_CFG1_C0_0/u_ipcore_0/u_hart_0/u_expipe_0/u_exu_0/fast_mul.miv_rv32_mul_0/WideMult_1_0/MACC_PHYS_INST/INST_MACC_IP:CLK
  To:   MIV_RV32_CFG1_C0_0/MIV_RV32_CFG1_C0_0/u_ipcore_0/u_hart_0/u_expipe_0/gen_gpr_ex_attbs_rd_ex.gen_debug_gpr_rd_sel_pipeline.de_ex_pipe_gpr_rs2_rd_sel_ex[1]:EN
  Delay (ns):             11.028
  Slack (ns):              8.505
  Arrival (ns):           14.550
  Required (ns):          23.055
  Operating Conditions: slow_lv_ht

Path 35
  From: MIV_RV32_CFG1_C0_0/MIV_RV32_CFG1_C0_0/u_ipcore_0/u_hart_0/u_expipe_0/u_exu_0/fast_mul.miv_rv32_mul_0/WideMult_0_0/MACC_PHYS_INST/INST_MACC_IP:CLK
  To:   PF_SRAM_AHB_C0_0/PF_TPSRAM_AHB_AXI_0/PF_SRAM_AHB_C0_PF_TPSRAM_AHB_AXI_0_PF_TPSRAM_R47C0/INST_RAM1K20_IP:B_BLK_EN[2]
  Delay (ns):             10.823
  Slack (ns):              8.505
  Arrival (ns):           14.345
  Required (ns):          22.850
  Operating Conditions: slow_lv_ht

Path 36
  From: MIV_RV32_CFG1_C0_0/MIV_RV32_CFG1_C0_0/u_ipcore_0/u_hart_0/u_expipe_0/u_exu_0/fast_mul.miv_rv32_mul_0/WideMult_1_0/MACC_PHYS_INST/INST_MACC_IP:CLK
  To:   PF_SRAM_AHB_C0_0/PF_TPSRAM_AHB_AXI_0/PF_SRAM_AHB_C0_PF_TPSRAM_AHB_AXI_0_PF_TPSRAM_R35C0/INST_RAM1K20_IP:A_BLK_EN[2]
  Delay (ns):             10.699
  Slack (ns):              8.506
  Arrival (ns):           14.221
  Required (ns):          22.727
  Operating Conditions: slow_lv_ht

Path 37
  From: MIV_RV32_CFG1_C0_0/MIV_RV32_CFG1_C0_0/u_ipcore_0/u_hart_0/u_expipe_0/u_exu_0/fast_mul.miv_rv32_mul_0/WideMult_1_0/MACC_PHYS_INST/INST_MACC_IP:CLK
  To:   MIV_RV32_CFG1_C0_0/MIV_RV32_CFG1_C0_0/u_ipcore_0/u_hart_0/u_expipe_0/gen_gpr_ex_attbs_rd_ex.gen_debug_gpr_rd_sel_pipeline.de_ex_pipe_gpr_rs2_rd_sel_ex[2]:EN
  Delay (ns):             11.028
  Slack (ns):              8.506
  Arrival (ns):           14.550
  Required (ns):          23.056
  Operating Conditions: slow_lv_ht

Path 38
  From: MIV_RV32_CFG1_C0_0/MIV_RV32_CFG1_C0_0/u_ipcore_0/u_hart_0/u_expipe_0/u_exu_0/fast_mul.miv_rv32_mul_0/WideMult_1_0/MACC_PHYS_INST/INST_MACC_IP:CLK
  To:   PF_SRAM_AHB_C0_0/PF_TPSRAM_AHB_AXI_0/PF_SRAM_AHB_C0_PF_TPSRAM_AHB_AXI_0_PF_TPSRAM_R43C0/INST_RAM1K20_IP:A_BLK_EN[2]
  Delay (ns):             10.701
  Slack (ns):              8.509
  Arrival (ns):           14.223
  Required (ns):          22.732
  Operating Conditions: slow_lv_ht

Path 39
  From: MIV_RV32_CFG1_C0_0/MIV_RV32_CFG1_C0_0/u_ipcore_0/u_hart_0/u_expipe_0/u_exu_0/fast_mul.miv_rv32_mul_0/WideMult_0_0/MACC_PHYS_INST/INST_MACC_IP:CLK
  To:   PF_SRAM_AHB_C0_0/PF_TPSRAM_AHB_AXI_0/PF_SRAM_AHB_C0_PF_TPSRAM_AHB_AXI_0_PF_TPSRAM_R16C0/INST_RAM1K20_IP:A_BLK_EN[2]
  Delay (ns):             10.703
  Slack (ns):              8.509
  Arrival (ns):           14.225
  Required (ns):          22.734
  Operating Conditions: slow_lv_ht

Path 40
  From: MIV_RV32_CFG1_C0_0/MIV_RV32_CFG1_C0_0/u_ipcore_0/u_hart_0/u_expipe_0/u_exu_0/fast_mul.miv_rv32_mul_0/WideMult_0_0/MACC_PHYS_INST/INST_MACC_IP:CLK
  To:   PF_SRAM_AHB_C0_0/PF_TPSRAM_AHB_AXI_0/PF_SRAM_AHB_C0_PF_TPSRAM_AHB_AXI_0_PF_TPSRAM_R34C0/INST_RAM1K20_IP:A_BLK_EN[2]
  Delay (ns):             10.699
  Slack (ns):              8.510
  Arrival (ns):           14.221
  Required (ns):          22.731
  Operating Conditions: slow_lv_ht

Path 41
  From: MIV_RV32_CFG1_C0_0/MIV_RV32_CFG1_C0_0/u_ipcore_0/u_hart_0/u_expipe_0/u_exu_0/fast_mul.miv_rv32_mul_0/WideMult_0_0/MACC_PHYS_INST/INST_MACC_IP:CLK
  To:   MIV_RV32_CFG1_C0_0/MIV_RV32_CFG1_C0_0/u_ipcore_0/u_hart_0/u_expipe_0/de_ex_pipe_branch_cond_ex[0]:D
  Delay (ns):             11.121
  Slack (ns):              8.514
  Arrival (ns):           14.643
  Required (ns):          23.157
  Operating Conditions: slow_lv_ht

Path 42
  From: MIV_RV32_CFG1_C0_0/MIV_RV32_CFG1_C0_0/u_ipcore_0/u_hart_0/u_expipe_0/u_exu_0/fast_mul.miv_rv32_mul_0/WideMult_0_0/MACC_PHYS_INST/INST_MACC_IP:CLK
  To:   PF_SRAM_AHB_C0_0/PF_TPSRAM_AHB_AXI_0/PF_SRAM_AHB_C0_PF_TPSRAM_AHB_AXI_0_PF_TPSRAM_R18C0/INST_RAM1K20_IP:A_BLK_EN[2]
  Delay (ns):             10.697
  Slack (ns):              8.516
  Arrival (ns):           14.219
  Required (ns):          22.735
  Operating Conditions: slow_lv_ht

Path 43
  From: MIV_RV32_CFG1_C0_0/MIV_RV32_CFG1_C0_0/u_ipcore_0/u_hart_0/u_expipe_0/u_exu_0/fast_mul.miv_rv32_mul_0/WideMult_0_0/MACC_PHYS_INST/INST_MACC_IP:CLK
  To:   MIV_RV32_CFG1_C0_0/MIV_RV32_CFG1_C0_0/u_ipcore_0/u_hart_0/u_expipe_0/de_ex_pipe_curr_instr_enc_ex[25]:SLn
  Delay (ns):             11.068
  Slack (ns):              8.517
  Arrival (ns):           14.590
  Required (ns):          23.107
  Operating Conditions: slow_lv_ht

Path 44
  From: MIV_RV32_CFG1_C0_0/MIV_RV32_CFG1_C0_0/u_ipcore_0/u_hart_0/u_expipe_0/u_exu_0/fast_mul.miv_rv32_mul_0/WideMult_0_0/MACC_PHYS_INST/INST_MACC_IP:CLK
  To:   PF_SRAM_AHB_C0_0/PF_TPSRAM_AHB_AXI_0/PF_SRAM_AHB_C0_PF_TPSRAM_AHB_AXI_0_PF_TPSRAM_R41C0/INST_RAM1K20_IP:A_BLK_EN[2]
  Delay (ns):             10.710
  Slack (ns):              8.518
  Arrival (ns):           14.232
  Required (ns):          22.750
  Operating Conditions: slow_lv_ht

Path 45
  From: MIV_RV32_CFG1_C0_0/MIV_RV32_CFG1_C0_0/u_ipcore_0/u_hart_0/u_expipe_0/u_exu_0/fast_mul.miv_rv32_mul_0/WideMult_0_0/MACC_PHYS_INST/INST_MACC_IP:CLK
  To:   PF_SRAM_AHB_C0_0/PF_TPSRAM_AHB_AXI_0/PF_SRAM_AHB_C0_PF_TPSRAM_AHB_AXI_0_PF_TPSRAM_R17C0/INST_RAM1K20_IP:B_BLK_EN[2]
  Delay (ns):             10.817
  Slack (ns):              8.518
  Arrival (ns):           14.339
  Required (ns):          22.857
  Operating Conditions: slow_lv_ht

Path 46
  From: MIV_RV32_CFG1_C0_0/MIV_RV32_CFG1_C0_0/u_ipcore_0/u_hart_0/u_expipe_0/u_exu_0/fast_mul.miv_rv32_mul_0/WideMult_0_0/MACC_PHYS_INST/INST_MACC_IP:CLK
  To:   PF_SRAM_AHB_C0_0/PF_TPSRAM_AHB_AXI_0/PF_SRAM_AHB_C0_PF_TPSRAM_AHB_AXI_0_PF_TPSRAM_R42C0/INST_RAM1K20_IP:A_BLK_EN[2]
  Delay (ns):             10.688
  Slack (ns):              8.522
  Arrival (ns):           14.210
  Required (ns):          22.732
  Operating Conditions: slow_lv_ht

Path 47
  From: MIV_RV32_CFG1_C0_0/MIV_RV32_CFG1_C0_0/u_ipcore_0/u_hart_0/u_expipe_0/u_exu_0/fast_mul.miv_rv32_mul_0/WideMult_0_0/MACC_PHYS_INST/INST_MACC_IP:CLK
  To:   PF_SRAM_AHB_C0_0/PF_TPSRAM_AHB_AXI_0/PF_SRAM_AHB_C0_PF_TPSRAM_AHB_AXI_0_PF_TPSRAM_R7C0/INST_RAM1K20_IP:B_BLK_EN[2]
  Delay (ns):             10.826
  Slack (ns):              8.526
  Arrival (ns):           14.348
  Required (ns):          22.874
  Operating Conditions: slow_lv_ht

Path 48
  From: MIV_RV32_CFG1_C0_0/MIV_RV32_CFG1_C0_0/u_ipcore_0/u_hart_0/u_expipe_0/u_exu_0/fast_mul.miv_rv32_mul_0/WideMult_0_0/MACC_PHYS_INST/INST_MACC_IP:CLK
  To:   PF_SRAM_AHB_C0_0/PF_TPSRAM_AHB_AXI_0/PF_SRAM_AHB_C0_PF_TPSRAM_AHB_AXI_0_PF_TPSRAM_R47C0/INST_RAM1K20_IP:A_BLK_EN[2]
  Delay (ns):             10.681
  Slack (ns):              8.527
  Arrival (ns):           14.203
  Required (ns):          22.730
  Operating Conditions: slow_lv_ht

Path 49
  From: MIV_RV32_CFG1_C0_0/MIV_RV32_CFG1_C0_0/u_ipcore_0/u_hart_0/u_expipe_0/u_exu_0/fast_mul.miv_rv32_mul_0/WideMult_0_0/MACC_PHYS_INST/INST_MACC_IP:CLK
  To:   PF_SRAM_AHB_C0_0/PF_TPSRAM_AHB_AXI_0/PF_SRAM_AHB_C0_PF_TPSRAM_AHB_AXI_0_PF_TPSRAM_R22C0/INST_RAM1K20_IP:A_BLK_EN[2]
  Delay (ns):             10.674
  Slack (ns):              8.529
  Arrival (ns):           14.196
  Required (ns):          22.725
  Operating Conditions: slow_lv_ht

Path 50
  From: MIV_RV32_CFG1_C0_0/MIV_RV32_CFG1_C0_0/u_ipcore_0/u_hart_0/u_expipe_0/u_exu_0/fast_mul.miv_rv32_mul_0/WideMult_0_0/MACC_PHYS_INST/INST_MACC_IP:CLK
  To:   PF_SRAM_AHB_C0_0/PF_TPSRAM_AHB_AXI_0/PF_SRAM_AHB_C0_PF_TPSRAM_AHB_AXI_0_PF_TPSRAM_R3C0/INST_RAM1K20_IP:A_BLK_EN[2]
  Delay (ns):             10.708
  Slack (ns):              8.530
  Arrival (ns):           14.230
  Required (ns):          22.760
  Operating Conditions: slow_lv_ht

Path 51
  From: MIV_RV32_CFG1_C0_0/MIV_RV32_CFG1_C0_0/u_ipcore_0/u_hart_0/u_expipe_0/u_exu_0/fast_mul.miv_rv32_mul_0/WideMult_0_0/MACC_PHYS_INST/INST_MACC_IP:CLK
  To:   PF_SRAM_AHB_C0_0/PF_TPSRAM_AHB_AXI_0/PF_SRAM_AHB_C0_PF_TPSRAM_AHB_AXI_0_PF_TPSRAM_R59C0/INST_RAM1K20_IP:A_BLK_EN[2]
  Delay (ns):             10.688
  Slack (ns):              8.531
  Arrival (ns):           14.210
  Required (ns):          22.741
  Operating Conditions: slow_lv_ht

Path 52
  From: MIV_RV32_CFG1_C0_0/MIV_RV32_CFG1_C0_0/u_ipcore_0/u_hart_0/u_expipe_0/u_exu_0/fast_mul.miv_rv32_mul_0/WideMult_0_0/MACC_PHYS_INST/INST_MACC_IP:CLK
  To:   PF_SRAM_AHB_C0_0/PF_TPSRAM_AHB_AXI_0/PF_SRAM_AHB_C0_PF_TPSRAM_AHB_AXI_0_PF_TPSRAM_R1C0/INST_RAM1K20_IP:A_BLK_EN[2]
  Delay (ns):             10.681
  Slack (ns):              8.534
  Arrival (ns):           14.203
  Required (ns):          22.737
  Operating Conditions: slow_lv_ht

Path 53
  From: MIV_RV32_CFG1_C0_0/MIV_RV32_CFG1_C0_0/u_ipcore_0/u_hart_0/u_expipe_0/u_exu_0/fast_mul.miv_rv32_mul_0/WideMult_1_0/MACC_PHYS_INST/INST_MACC_IP:CLK
  To:   MIV_RV32_CFG1_C0_0/MIV_RV32_CFG1_C0_0/u_ipcore_0/u_hart_0/u_expipe_0/gen_gpr_ex_attbs_rd_ex.gen_debug_gpr_rd_sel_pipeline.de_ex_pipe_gpr_rs2_rd_sel_ex[5]:EN
  Delay (ns):             10.997
  Slack (ns):              8.536
  Arrival (ns):           14.519
  Required (ns):          23.055
  Operating Conditions: slow_lv_ht

Path 54
  From: MIV_RV32_CFG1_C0_0/MIV_RV32_CFG1_C0_0/u_ipcore_0/u_hart_0/u_expipe_0/u_exu_0/fast_mul.miv_rv32_mul_0/WideMult_0_0/MACC_PHYS_INST/INST_MACC_IP:CLK
  To:   MIV_RV32_CFG1_C0_0/MIV_RV32_CFG1_C0_0/u_ipcore_0/u_hart_0/u_expipe_0/de_ex_pipe_shifter_unit_op_sel_ex[0]:D
  Delay (ns):             11.121
  Slack (ns):              8.541
  Arrival (ns):           14.643
  Required (ns):          23.184
  Operating Conditions: slow_lv_ht

Path 55
  From: MIV_RV32_CFG1_C0_0/MIV_RV32_CFG1_C0_0/u_ipcore_0/u_hart_0/u_expipe_0/u_exu_0/fast_mul.miv_rv32_mul_0/WideMult_1_0/MACC_PHYS_INST/INST_MACC_IP:CLK
  To:   MIV_RV32_CFG1_C0_0/MIV_RV32_CFG1_C0_0/u_ipcore_0/u_hart_0/u_expipe_0/de_ex_pipe_curr_instr_enc_ex[9]:SLn
  Delay (ns):             11.053
  Slack (ns):              8.542
  Arrival (ns):           14.575
  Required (ns):          23.117
  Operating Conditions: slow_lv_ht

Path 56
  From: MIV_RV32_CFG1_C0_0/MIV_RV32_CFG1_C0_0/u_ipcore_0/u_hart_0/u_expipe_0/u_exu_0/fast_mul.miv_rv32_mul_0/WideMult_0_0/MACC_PHYS_INST/INST_MACC_IP:CLK
  To:   MIV_RV32_CFG1_C0_0/MIV_RV32_CFG1_C0_0/u_ipcore_0/u_hart_0/u_expipe_0/de_ex_pipe_shifter_unit_op_sel_ex[1]:D
  Delay (ns):             11.119
  Slack (ns):              8.542
  Arrival (ns):           14.641
  Required (ns):          23.183
  Operating Conditions: slow_lv_ht

Path 57
  From: MIV_RV32_CFG1_C0_0/MIV_RV32_CFG1_C0_0/u_ipcore_0/u_hart_0/u_expipe_0/u_exu_0/fast_mul.miv_rv32_mul_0/WideMult_0_0/MACC_PHYS_INST/INST_MACC_IP:CLK
  To:   MIV_RV32_CFG1_C0_0/MIV_RV32_CFG1_C0_0/u_ipcore_0/u_hart_0/u_expipe_0/de_ex_pipe_curr_instr_enc_ex[5]:EN
  Delay (ns):             10.964
  Slack (ns):              8.545
  Arrival (ns):           14.486
  Required (ns):          23.031
  Operating Conditions: slow_lv_ht

Path 58
  From: MIV_RV32_CFG1_C0_0/MIV_RV32_CFG1_C0_0/u_ipcore_0/u_hart_0/u_expipe_0/u_exu_0/fast_mul.miv_rv32_mul_0/WideMult_0_0/MACC_PHYS_INST/INST_MACC_IP:CLK
  To:   MIV_RV32_CFG1_C0_0/MIV_RV32_CFG1_C0_0/u_ipcore_0/u_hart_0/u_expipe_0/de_ex_pipe_curr_instr_enc_ex[30]:EN
  Delay (ns):             10.977
  Slack (ns):              8.547
  Arrival (ns):           14.499
  Required (ns):          23.046
  Operating Conditions: slow_lv_ht

Path 59
  From: MIV_RV32_CFG1_C0_0/MIV_RV32_CFG1_C0_0/u_ipcore_0/u_hart_0/u_expipe_0/u_exu_0/fast_mul.miv_rv32_mul_0/WideMult_1_0/MACC_PHYS_INST/INST_MACC_IP:CLK
  To:   MIV_RV32_CFG1_C0_0/MIV_RV32_CFG1_C0_0/u_ipcore_0/u_hart_0/u_expipe_0/de_ex_pipe_branch_cond_ex[1]:D
  Delay (ns):             11.087
  Slack (ns):              8.548
  Arrival (ns):           14.609
  Required (ns):          23.157
  Operating Conditions: slow_lv_ht

Path 60
  From: MIV_RV32_CFG1_C0_0/MIV_RV32_CFG1_C0_0/u_ipcore_0/u_hart_0/u_expipe_0/u_exu_0/fast_mul.miv_rv32_mul_0/WideMult_0_0/MACC_PHYS_INST/INST_MACC_IP:CLK
  To:   MIV_RV32_CFG1_C0_0/MIV_RV32_CFG1_C0_0/u_ipcore_0/u_hart_0/u_expipe_0/de_ex_pipe_curr_instr_enc_ex[28]:EN
  Delay (ns):             10.976
  Slack (ns):              8.548
  Arrival (ns):           14.498
  Required (ns):          23.046
  Operating Conditions: slow_lv_ht

Path 61
  From: MIV_RV32_CFG1_C0_0/MIV_RV32_CFG1_C0_0/u_ipcore_0/u_hart_0/u_expipe_0/u_exu_0/fast_mul.miv_rv32_mul_0/WideMult_0_0/MACC_PHYS_INST/INST_MACC_IP:CLK
  To:   MIV_RV32_CFG1_C0_0/MIV_RV32_CFG1_C0_0/u_ipcore_0/u_hart_0/u_expipe_0/de_ex_pipe_curr_instr_enc_ex[19]:EN
  Delay (ns):             10.976
  Slack (ns):              8.548
  Arrival (ns):           14.498
  Required (ns):          23.046
  Operating Conditions: slow_lv_ht

Path 62
  From: MIV_RV32_CFG1_C0_0/MIV_RV32_CFG1_C0_0/u_ipcore_0/u_hart_0/u_expipe_0/u_exu_0/fast_mul.miv_rv32_mul_0/WideMult_0_0/MACC_PHYS_INST/INST_MACC_IP:CLK
  To:   MIV_RV32_CFG1_C0_0/MIV_RV32_CFG1_C0_0/u_ipcore_0/u_hart_0/u_expipe_0/de_ex_pipe_curr_instr_enc_ex[5]:SLn
  Delay (ns):             11.024
  Slack (ns):              8.550
  Arrival (ns):           14.546
  Required (ns):          23.096
  Operating Conditions: slow_lv_ht

Path 63
  From: MIV_RV32_CFG1_C0_0/MIV_RV32_CFG1_C0_0/u_ipcore_0/u_hart_0/u_expipe_0/u_exu_0/fast_mul.miv_rv32_mul_0/WideMult_1_0/MACC_PHYS_INST/INST_MACC_IP:CLK
  To:   PF_SRAM_AHB_C0_0/PF_TPSRAM_AHB_AXI_0/PF_SRAM_AHB_C0_PF_TPSRAM_AHB_AXI_0_PF_TPSRAM_R47C0/INST_RAM1K20_IP:B_BLK_EN[2]
  Delay (ns):             10.774
  Slack (ns):              8.554
  Arrival (ns):           14.296
  Required (ns):          22.850
  Operating Conditions: slow_lv_ht

Path 64
  From: MIV_RV32_CFG1_C0_0/MIV_RV32_CFG1_C0_0/u_ipcore_0/u_hart_0/u_expipe_0/u_exu_0/fast_mul.miv_rv32_mul_0/WideMult_0_0/MACC_PHYS_INST/INST_MACC_IP:CLK
  To:   MIV_RV32_CFG1_C0_0/MIV_RV32_CFG1_C0_0/u_ipcore_0/u_hart_0/u_expipe_0/de_ex_pipe_alu_op_sel_ex[3]:EN
  Delay (ns):             10.979
  Slack (ns):              8.557
  Arrival (ns):           14.501
  Required (ns):          23.058
  Operating Conditions: slow_lv_ht

Path 65
  From: MIV_RV32_CFG1_C0_0/MIV_RV32_CFG1_C0_0/u_ipcore_0/u_hart_0/u_expipe_0/u_exu_0/fast_mul.miv_rv32_mul_0/WideMult_1_0/MACC_PHYS_INST/INST_MACC_IP:CLK
  To:   PF_SRAM_AHB_C0_0/PF_TPSRAM_AHB_AXI_0/PF_SRAM_AHB_C0_PF_TPSRAM_AHB_AXI_0_PF_TPSRAM_R16C0/INST_RAM1K20_IP:A_BLK_EN[2]
  Delay (ns):             10.654
  Slack (ns):              8.558
  Arrival (ns):           14.176
  Required (ns):          22.734
  Operating Conditions: slow_lv_ht

Path 66
  From: MIV_RV32_CFG1_C0_0/MIV_RV32_CFG1_C0_0/u_ipcore_0/u_hart_0/u_expipe_0/u_exu_0/fast_mul.miv_rv32_mul_0/WideMult_0_0/MACC_PHYS_INST/INST_MACC_IP:CLK
  To:   MIV_RV32_CFG1_C0_0/MIV_RV32_CFG1_C0_0/u_ipcore_0/u_hart_0/u_expipe_0/de_ex_pipe_alu_op_sel_ex[2]:EN
  Delay (ns):             10.978
  Slack (ns):              8.558
  Arrival (ns):           14.500
  Required (ns):          23.058
  Operating Conditions: slow_lv_ht

Path 67
  From: MIV_RV32_CFG1_C0_0/MIV_RV32_CFG1_C0_0/u_ipcore_0/u_hart_0/u_expipe_0/u_exu_0/fast_mul.miv_rv32_mul_0/WideMult_1_0/MACC_PHYS_INST/INST_MACC_IP:CLK
  To:   PF_SRAM_AHB_C0_0/PF_TPSRAM_AHB_AXI_0/PF_SRAM_AHB_C0_PF_TPSRAM_AHB_AXI_0_PF_TPSRAM_R34C0/INST_RAM1K20_IP:A_BLK_EN[2]
  Delay (ns):             10.650
  Slack (ns):              8.559
  Arrival (ns):           14.172
  Required (ns):          22.731
  Operating Conditions: slow_lv_ht

Path 68
  From: MIV_RV32_CFG1_C0_0/MIV_RV32_CFG1_C0_0/u_ipcore_0/u_hart_0/u_expipe_0/u_exu_0/fast_mul.miv_rv32_mul_0/WideMult_0_0/MACC_PHYS_INST/INST_MACC_IP:CLK
  To:   MIV_RV32_CFG1_C0_0/MIV_RV32_CFG1_C0_0/u_ipcore_0/u_hart_0/u_expipe_0/de_ex_pipe_alu_op_sel_ex[4]:EN
  Delay (ns):             10.977
  Slack (ns):              8.559
  Arrival (ns):           14.499
  Required (ns):          23.058
  Operating Conditions: slow_lv_ht

Path 69
  From: MIV_RV32_CFG1_C0_0/MIV_RV32_CFG1_C0_0/u_ipcore_0/u_hart_0/u_expipe_0/u_exu_0/fast_mul.miv_rv32_mul_0/WideMult_0_0/MACC_PHYS_INST/INST_MACC_IP:CLK
  To:   MIV_RV32_CFG1_C0_0/MIV_RV32_CFG1_C0_0/u_ipcore_0/u_hart_0/u_expipe_0/de_ex_pipe_alu_op_sel_ex[1]:EN
  Delay (ns):             10.977
  Slack (ns):              8.559
  Arrival (ns):           14.499
  Required (ns):          23.058
  Operating Conditions: slow_lv_ht

Path 70
  From: MIV_RV32_CFG1_C0_0/MIV_RV32_CFG1_C0_0/u_ipcore_0/u_hart_0/u_expipe_0/u_exu_0/fast_mul.miv_rv32_mul_0/WideMult_0_0/MACC_PHYS_INST/INST_MACC_IP:CLK
  To:   MIV_RV32_CFG1_C0_0/MIV_RV32_CFG1_C0_0/u_ipcore_0/u_hart_0/u_expipe_0/de_ex_pipe_alu_op_sel_ex[0]:EN
  Delay (ns):             10.977
  Slack (ns):              8.559
  Arrival (ns):           14.499
  Required (ns):          23.058
  Operating Conditions: slow_lv_ht

Path 71
  From: MIV_RV32_CFG1_C0_0/MIV_RV32_CFG1_C0_0/u_ipcore_0/u_hart_0/u_expipe_0/u_exu_0/fast_mul.miv_rv32_mul_0/WideMult_0_0/MACC_PHYS_INST/INST_MACC_IP:CLK
  To:   MIV_RV32_CFG1_C0_0/MIV_RV32_CFG1_C0_0/u_ipcore_0/u_hart_0/u_expipe_0/de_ex_pipe_shifter_unit_op_sel_ex[1]:EN
  Delay (ns):             10.973
  Slack (ns):              8.560
  Arrival (ns):           14.495
  Required (ns):          23.055
  Operating Conditions: slow_lv_ht

Path 72
  From: MIV_RV32_CFG1_C0_0/MIV_RV32_CFG1_C0_0/u_ipcore_0/u_hart_0/u_expipe_0/u_exu_0/fast_mul.miv_rv32_mul_0/WideMult_0_0/MACC_PHYS_INST/INST_MACC_IP:CLK
  To:   MIV_RV32_CFG1_C0_0/MIV_RV32_CFG1_C0_0/u_ipcore_0/u_hart_0/u_expipe_0/de_ex_pipe_shifter_unit_op_sel_ex[0]:EN
  Delay (ns):             10.973
  Slack (ns):              8.561
  Arrival (ns):           14.495
  Required (ns):          23.056
  Operating Conditions: slow_lv_ht

Path 73
  From: MIV_RV32_CFG1_C0_0/MIV_RV32_CFG1_C0_0/u_ipcore_0/u_hart_0/u_expipe_0/u_exu_0/fast_mul.miv_rv32_mul_0/WideMult_1_0/MACC_PHYS_INST/INST_MACC_IP:CLK
  To:   MIV_RV32_CFG1_C0_0/MIV_RV32_CFG1_C0_0/u_ipcore_0/u_hart_0/u_expipe_0/de_ex_pipe_branch_cond_ex[0]:D
  Delay (ns):             11.072
  Slack (ns):              8.563
  Arrival (ns):           14.594
  Required (ns):          23.157
  Operating Conditions: slow_lv_ht

Path 74
  From: MIV_RV32_CFG1_C0_0/MIV_RV32_CFG1_C0_0/u_ipcore_0/u_hart_0/u_expipe_0/u_exu_0/fast_mul.miv_rv32_mul_0/WideMult_1_0/MACC_PHYS_INST/INST_MACC_IP:CLK
  To:   PF_SRAM_AHB_C0_0/PF_TPSRAM_AHB_AXI_0/PF_SRAM_AHB_C0_PF_TPSRAM_AHB_AXI_0_PF_TPSRAM_R18C0/INST_RAM1K20_IP:A_BLK_EN[2]
  Delay (ns):             10.648
  Slack (ns):              8.565
  Arrival (ns):           14.170
  Required (ns):          22.735
  Operating Conditions: slow_lv_ht

Path 75
  From: MIV_RV32_CFG1_C0_0/MIV_RV32_CFG1_C0_0/u_ipcore_0/u_hart_0/u_expipe_0/u_exu_0/fast_mul.miv_rv32_mul_0/WideMult_1_0/MACC_PHYS_INST/INST_MACC_IP:CLK
  To:   MIV_RV32_CFG1_C0_0/MIV_RV32_CFG1_C0_0/u_ipcore_0/u_hart_0/u_expipe_0/de_ex_pipe_curr_instr_enc_ex[25]:SLn
  Delay (ns):             11.019
  Slack (ns):              8.566
  Arrival (ns):           14.541
  Required (ns):          23.107
  Operating Conditions: slow_lv_ht

Path 76
  From: MIV_RV32_CFG1_C0_0/MIV_RV32_CFG1_C0_0/u_ipcore_0/u_hart_0/u_expipe_0/u_exu_0/fast_mul.miv_rv32_mul_0/WideMult_1_0/MACC_PHYS_INST/INST_MACC_IP:CLK
  To:   PF_SRAM_AHB_C0_0/PF_TPSRAM_AHB_AXI_0/PF_SRAM_AHB_C0_PF_TPSRAM_AHB_AXI_0_PF_TPSRAM_R41C0/INST_RAM1K20_IP:A_BLK_EN[2]
  Delay (ns):             10.661
  Slack (ns):              8.567
  Arrival (ns):           14.183
  Required (ns):          22.750
  Operating Conditions: slow_lv_ht

Path 77
  From: MIV_RV32_CFG1_C0_0/MIV_RV32_CFG1_C0_0/u_ipcore_0/u_hart_0/u_expipe_0/u_exu_0/fast_mul.miv_rv32_mul_0/WideMult_1_0/MACC_PHYS_INST/INST_MACC_IP:CLK
  To:   PF_SRAM_AHB_C0_0/PF_TPSRAM_AHB_AXI_0/PF_SRAM_AHB_C0_PF_TPSRAM_AHB_AXI_0_PF_TPSRAM_R17C0/INST_RAM1K20_IP:B_BLK_EN[2]
  Delay (ns):             10.768
  Slack (ns):              8.567
  Arrival (ns):           14.290
  Required (ns):          22.857
  Operating Conditions: slow_lv_ht

Path 78
  From: MIV_RV32_CFG1_C0_0/MIV_RV32_CFG1_C0_0/u_ipcore_0/u_hart_0/u_expipe_0/u_exu_0/fast_mul.miv_rv32_mul_0/WideMult_0_0/MACC_PHYS_INST/INST_MACC_IP:CLK
  To:   PF_SRAM_AHB_C0_0/PF_TPSRAM_AHB_AXI_0/PF_SRAM_AHB_C0_PF_TPSRAM_AHB_AXI_0_PF_TPSRAM_R21C0/INST_RAM1K20_IP:B_BLK_EN[2]
  Delay (ns):             10.765
  Slack (ns):              8.567
  Arrival (ns):           14.287
  Required (ns):          22.854
  Operating Conditions: slow_lv_ht

Path 79
  From: MIV_RV32_CFG1_C0_0/MIV_RV32_CFG1_C0_0/u_ipcore_0/u_hart_0/u_expipe_0/u_exu_0/fast_mul.miv_rv32_mul_0/WideMult_0_0/MACC_PHYS_INST/INST_MACC_IP:CLK
  To:   PF_SRAM_AHB_C0_0/PF_TPSRAM_AHB_AXI_0/PF_SRAM_AHB_C0_PF_TPSRAM_AHB_AXI_0_PF_TPSRAM_R17C0/INST_RAM1K20_IP:A_BLK_EN[2]
  Delay (ns):             10.647
  Slack (ns):              8.567
  Arrival (ns):           14.169
  Required (ns):          22.736
  Operating Conditions: slow_lv_ht

Path 80
  From: MIV_RV32_CFG1_C0_0/MIV_RV32_CFG1_C0_0/u_ipcore_0/u_hart_0/u_expipe_0/u_exu_0/fast_mul.miv_rv32_mul_0/WideMult_1_0/MACC_PHYS_INST/INST_MACC_IP:CLK
  To:   PF_SRAM_AHB_C0_0/PF_TPSRAM_AHB_AXI_0/PF_SRAM_AHB_C0_PF_TPSRAM_AHB_AXI_0_PF_TPSRAM_R42C0/INST_RAM1K20_IP:A_BLK_EN[2]
  Delay (ns):             10.639
  Slack (ns):              8.571
  Arrival (ns):           14.161
  Required (ns):          22.732
  Operating Conditions: slow_lv_ht

Path 81
  From: MIV_RV32_CFG1_C0_0/MIV_RV32_CFG1_C0_0/u_ipcore_0/u_hart_0/u_expipe_0/u_exu_0/fast_mul.miv_rv32_mul_0/WideMult_0_0/MACC_PHYS_INST/INST_MACC_IP:CLK
  To:   PF_SRAM_AHB_C0_0/PF_TPSRAM_AHB_AXI_0/PF_SRAM_AHB_C0_PF_TPSRAM_AHB_AXI_0_PF_TPSRAM_R39C0/INST_RAM1K20_IP:A_BLK_EN[2]
  Delay (ns):             10.650
  Slack (ns):              8.572
  Arrival (ns):           14.172
  Required (ns):          22.744
  Operating Conditions: slow_lv_ht

Path 82
  From: MIV_RV32_CFG1_C0_0/MIV_RV32_CFG1_C0_0/u_ipcore_0/u_hart_0/u_expipe_0/u_exu_0/fast_mul.miv_rv32_mul_0/WideMult_0_0/MACC_PHYS_INST/INST_MACC_IP:CLK
  To:   PF_SRAM_AHB_C0_0/PF_TPSRAM_AHB_AXI_0/PF_SRAM_AHB_C0_PF_TPSRAM_AHB_AXI_0_PF_TPSRAM_R23C0/INST_RAM1K20_IP:A_BLK_EN[2]
  Delay (ns):             10.640
  Slack (ns):              8.573
  Arrival (ns):           14.162
  Required (ns):          22.735
  Operating Conditions: slow_lv_ht

Path 83
  From: MIV_RV32_CFG1_C0_0/MIV_RV32_CFG1_C0_0/u_ipcore_0/u_hart_0/u_expipe_0/u_exu_0/fast_mul.miv_rv32_mul_0/WideMult_0_0/MACC_PHYS_INST/INST_MACC_IP:CLK
  To:   MIV_RV32_CFG1_C0_0/MIV_RV32_CFG1_C0_0/u_ipcore_0/u_hart_0/u_expipe_0/de_ex_pipe_curr_instr_enc_ex[21]:EN
  Delay (ns):             10.955
  Slack (ns):              8.574
  Arrival (ns):           14.477
  Required (ns):          23.051
  Operating Conditions: slow_lv_ht

Path 84
  From: MIV_RV32_CFG1_C0_0/MIV_RV32_CFG1_C0_0/u_ipcore_0/u_hart_0/u_expipe_0/u_exu_0/fast_mul.miv_rv32_mul_0/WideMult_1_0/MACC_PHYS_INST/INST_MACC_IP:CLK
  To:   PF_SRAM_AHB_C0_0/PF_TPSRAM_AHB_AXI_0/PF_SRAM_AHB_C0_PF_TPSRAM_AHB_AXI_0_PF_TPSRAM_R7C0/INST_RAM1K20_IP:B_BLK_EN[2]
  Delay (ns):             10.777
  Slack (ns):              8.575
  Arrival (ns):           14.299
  Required (ns):          22.874
  Operating Conditions: slow_lv_ht

Path 85
  From: MIV_RV32_CFG1_C0_0/MIV_RV32_CFG1_C0_0/u_ipcore_0/u_hart_0/u_expipe_0/u_exu_0/fast_mul.miv_rv32_mul_0/WideMult_0_0/MACC_PHYS_INST/INST_MACC_IP:CLK
  To:   MIV_RV32_CFG1_C0_0/MIV_RV32_CFG1_C0_0/u_ipcore_0/u_hart_0/u_expipe_0/de_ex_pipe_curr_instr_enc_ex[3]:EN
  Delay (ns):             10.954
  Slack (ns):              8.575
  Arrival (ns):           14.476
  Required (ns):          23.051
  Operating Conditions: slow_lv_ht

Path 86
  From: MIV_RV32_CFG1_C0_0/MIV_RV32_CFG1_C0_0/u_ipcore_0/u_hart_0/u_expipe_0/u_exu_0/fast_mul.miv_rv32_mul_0/WideMult_0_0/MACC_PHYS_INST/INST_MACC_IP:CLK
  To:   MIV_RV32_CFG1_C0_0/MIV_RV32_CFG1_C0_0/u_ipcore_0/u_hart_0/u_expipe_0/de_ex_pipe_curr_instr_enc_ex[12]:EN
  Delay (ns):             10.953
  Slack (ns):              8.575
  Arrival (ns):           14.475
  Required (ns):          23.050
  Operating Conditions: slow_lv_ht

Path 87
  From: MIV_RV32_CFG1_C0_0/MIV_RV32_CFG1_C0_0/u_ipcore_0/u_hart_0/u_expipe_0/u_exu_0/fast_mul.miv_rv32_mul_0/WideMult_1_0/MACC_PHYS_INST/INST_MACC_IP:CLK
  To:   PF_SRAM_AHB_C0_0/PF_TPSRAM_AHB_AXI_0/PF_SRAM_AHB_C0_PF_TPSRAM_AHB_AXI_0_PF_TPSRAM_R47C0/INST_RAM1K20_IP:A_BLK_EN[2]
  Delay (ns):             10.632
  Slack (ns):              8.576
  Arrival (ns):           14.154
  Required (ns):          22.730
  Operating Conditions: slow_lv_ht

Path 88
  From: MIV_RV32_CFG1_C0_0/MIV_RV32_CFG1_C0_0/u_ipcore_0/u_hart_0/u_expipe_0/u_exu_0/fast_mul.miv_rv32_mul_0/WideMult_1_0/MACC_PHYS_INST/INST_MACC_IP:CLK
  To:   PF_SRAM_AHB_C0_0/PF_TPSRAM_AHB_AXI_0/PF_SRAM_AHB_C0_PF_TPSRAM_AHB_AXI_0_PF_TPSRAM_R22C0/INST_RAM1K20_IP:A_BLK_EN[2]
  Delay (ns):             10.625
  Slack (ns):              8.578
  Arrival (ns):           14.147
  Required (ns):          22.725
  Operating Conditions: slow_lv_ht

Path 89
  From: MIV_RV32_CFG1_C0_0/MIV_RV32_CFG1_C0_0/u_ipcore_0/u_hart_0/u_expipe_0/u_exu_0/fast_mul.miv_rv32_mul_0/WideMult_1_0/MACC_PHYS_INST/INST_MACC_IP:CLK
  To:   PF_SRAM_AHB_C0_0/PF_TPSRAM_AHB_AXI_0/PF_SRAM_AHB_C0_PF_TPSRAM_AHB_AXI_0_PF_TPSRAM_R3C0/INST_RAM1K20_IP:A_BLK_EN[2]
  Delay (ns):             10.659
  Slack (ns):              8.579
  Arrival (ns):           14.181
  Required (ns):          22.760
  Operating Conditions: slow_lv_ht

Path 90
  From: MIV_RV32_CFG1_C0_0/MIV_RV32_CFG1_C0_0/u_ipcore_0/u_hart_0/u_expipe_0/u_exu_0/fast_mul.miv_rv32_mul_0/WideMult_0_0/MACC_PHYS_INST/INST_MACC_IP:CLK
  To:   MIV_RV32_CFG1_C0_0/MIV_RV32_CFG1_C0_0/u_ipcore_0/u_hart_0/u_expipe_0/de_ex_pipe_curr_instr_enc_ex[23]:SLn
  Delay (ns):             11.048
  Slack (ns):              8.579
  Arrival (ns):           14.570
  Required (ns):          23.149
  Operating Conditions: slow_lv_ht

Path 91
  From: MIV_RV32_CFG1_C0_0/MIV_RV32_CFG1_C0_0/u_ipcore_0/u_hart_0/u_expipe_0/u_exu_0/fast_mul.miv_rv32_mul_0/WideMult_1_0/MACC_PHYS_INST/INST_MACC_IP:CLK
  To:   PF_SRAM_AHB_C0_0/PF_TPSRAM_AHB_AXI_0/PF_SRAM_AHB_C0_PF_TPSRAM_AHB_AXI_0_PF_TPSRAM_R59C0/INST_RAM1K20_IP:A_BLK_EN[2]
  Delay (ns):             10.639
  Slack (ns):              8.580
  Arrival (ns):           14.161
  Required (ns):          22.741
  Operating Conditions: slow_lv_ht

Path 92
  From: MIV_RV32_CFG1_C0_0/MIV_RV32_CFG1_C0_0/u_ipcore_0/u_hart_0/u_expipe_0/u_exu_0/fast_mul.miv_rv32_mul_0/WideMult_0_0/MACC_PHYS_INST/INST_MACC_IP:CLK
  To:   PF_SRAM_AHB_C0_0/PF_TPSRAM_AHB_AXI_0/PF_SRAM_AHB_C0_PF_TPSRAM_AHB_AXI_0_PF_TPSRAM_R39C0/INST_RAM1K20_IP:B_BLK_EN[2]
  Delay (ns):             10.763
  Slack (ns):              8.580
  Arrival (ns):           14.285
  Required (ns):          22.865
  Operating Conditions: slow_lv_ht

Path 93
  From: MIV_RV32_CFG1_C0_0/MIV_RV32_CFG1_C0_0/u_ipcore_0/u_hart_0/u_expipe_0/u_exu_0/fast_mul.miv_rv32_mul_0/WideMult_0_0/MACC_PHYS_INST/INST_MACC_IP:CLK
  To:   PF_SRAM_AHB_C0_0/PF_TPSRAM_AHB_AXI_0/PF_SRAM_AHB_C0_PF_TPSRAM_AHB_AXI_0_PF_TPSRAM_R8C0/INST_RAM1K20_IP:A_BLK_EN[2]
  Delay (ns):             10.644
  Slack (ns):              8.582
  Arrival (ns):           14.166
  Required (ns):          22.748
  Operating Conditions: slow_lv_ht

Path 94
  From: MIV_RV32_CFG1_C0_0/MIV_RV32_CFG1_C0_0/u_ipcore_0/u_hart_0/u_expipe_0/u_exu_0/fast_mul.miv_rv32_mul_0/WideMult_0_0/MACC_PHYS_INST/INST_MACC_IP:CLK
  To:   PF_SRAM_AHB_C0_0/PF_TPSRAM_AHB_AXI_0/PF_SRAM_AHB_C0_PF_TPSRAM_AHB_AXI_0_PF_TPSRAM_R35C0/INST_RAM1K20_IP:B_WEN[0]
  Delay (ns):             10.252
  Slack (ns):              8.582
  Arrival (ns):           13.774
  Required (ns):          22.356
  Operating Conditions: slow_lv_ht

Path 95
  From: MIV_RV32_CFG1_C0_0/MIV_RV32_CFG1_C0_0/u_ipcore_0/u_hart_0/u_expipe_0/u_exu_0/fast_mul.miv_rv32_mul_0/WideMult_1_0/MACC_PHYS_INST/INST_MACC_IP:CLK
  To:   PF_SRAM_AHB_C0_0/PF_TPSRAM_AHB_AXI_0/PF_SRAM_AHB_C0_PF_TPSRAM_AHB_AXI_0_PF_TPSRAM_R1C0/INST_RAM1K20_IP:A_BLK_EN[2]
  Delay (ns):             10.632
  Slack (ns):              8.583
  Arrival (ns):           14.154
  Required (ns):          22.737
  Operating Conditions: slow_lv_ht

Path 96
  From: MIV_RV32_CFG1_C0_0/MIV_RV32_CFG1_C0_0/u_ipcore_0/u_hart_0/u_expipe_0/u_exu_0/fast_mul.miv_rv32_mul_0/WideMult_0_0/MACC_PHYS_INST/INST_MACC_IP:CLK
  To:   MIV_RV32_CFG1_C0_0/MIV_RV32_CFG1_C0_0/u_ipcore_0/u_hart_0/u_expipe_0/gen_gpr_ex_attbs_rd_ex.gen_debug_gpr_rd_sel_pipeline.de_ex_pipe_gpr_rs2_rd_valid_ex:EN
  Delay (ns):             10.946
  Slack (ns):              8.585
  Arrival (ns):           14.468
  Required (ns):          23.053
  Operating Conditions: slow_lv_ht

Path 97
  From: MIV_RV32_CFG1_C0_0/MIV_RV32_CFG1_C0_0/u_ipcore_0/u_hart_0/u_expipe_0/u_exu_0/fast_mul.miv_rv32_mul_0/WideMult_1_0/MACC_PHYS_INST/INST_MACC_IP:CLK
  To:   MIV_RV32_CFG1_C0_0/MIV_RV32_CFG1_C0_0/u_ipcore_0/u_hart_0/u_expipe_0/de_ex_pipe_shifter_unit_op_sel_ex[0]:D
  Delay (ns):             11.072
  Slack (ns):              8.590
  Arrival (ns):           14.594
  Required (ns):          23.184
  Operating Conditions: slow_lv_ht

Path 98
  From: MIV_RV32_CFG1_C0_0/MIV_RV32_CFG1_C0_0/u_ipcore_0/u_hart_0/u_expipe_0/u_exu_0/fast_mul.miv_rv32_mul_0/WideMult_1_0/MACC_PHYS_INST/INST_MACC_IP:CLK
  To:   MIV_RV32_CFG1_C0_0/MIV_RV32_CFG1_C0_0/u_ipcore_0/u_hart_0/u_expipe_0/de_ex_pipe_shifter_unit_op_sel_ex[1]:D
  Delay (ns):             11.070
  Slack (ns):              8.591
  Arrival (ns):           14.592
  Required (ns):          23.183
  Operating Conditions: slow_lv_ht

Path 99
  From: MIV_RV32_CFG1_C0_0/MIV_RV32_CFG1_C0_0/u_ipcore_0/u_hart_0/u_expipe_0/u_exu_0/fast_mul.miv_rv32_mul_0/WideMult_0_0/MACC_PHYS_INST/INST_MACC_IP:CLK
  To:   PF_SRAM_AHB_C0_0/PF_TPSRAM_AHB_AXI_0/PF_SRAM_AHB_C0_PF_TPSRAM_AHB_AXI_0_PF_TPSRAM_R23C0/INST_RAM1K20_IP:B_BLK_EN[2]
  Delay (ns):             10.741
  Slack (ns):              8.593
  Arrival (ns):           14.263
  Required (ns):          22.856
  Operating Conditions: slow_lv_ht

Path 100
  From: MIV_RV32_CFG1_C0_0/MIV_RV32_CFG1_C0_0/u_ipcore_0/u_hart_0/u_expipe_0/u_exu_0/fast_mul.miv_rv32_mul_0/WideMult_0_0/MACC_PHYS_INST/INST_MACC_IP:CLK
  To:   MIV_RV32_CFG1_C0_0/MIV_RV32_CFG1_C0_0/u_ipcore_0/u_hart_0/u_expipe_0/de_ex_pipe_alu_op_sel_ex[0]:SLn
  Delay (ns):             11.020
  Slack (ns):              8.594
  Arrival (ns):           14.542
  Required (ns):          23.136
  Operating Conditions: slow_lv_ht

