Timing Violation Report Min Delay Analysis

SmartTime Version 2025.2
Microchip Technology Inc. - Microchip Libero Software Release 2025.2 (Version 2025.2.0.14)
Date: Sun Jan 18 02:19:33 2026


Design: BaseDesign
Family: PolarFireSoC
Die: MPFS095T
Package: FCSG325
Temperature Range: 0 - 100 C
Voltage Range: 0.97 - 1.03 V
Speed Grade: -1
Design State: Post-Layout
Data source: Production
Multi Corner Report Operating Conditions: slow_lv_lt,fast_hv_lt,slow_lv_ht


Path 1
  From: CORERESET_PF_C0_0/CORERESET_PF_C0_0/dff_4[0]:CLK
  To:   CORERESET_PF_C0_0/CORERESET_PF_C0_0/dff_5[0]:D
  Delay (ns):              0.217
  Slack (ns):              0.068
  Arrival (ns):            3.169
  Required (ns):           3.101
  Operating Conditions: slow_lv_lt

Path 2
  From: MIV_RV32_CFG1_C0_0/MIV_RV32_CFG1_C0_0/u_ipcore_0/gen_subsys_debug.u_subsys_debug_unit_0/debug_req_fifo/rd_gray_ptr_synch[1]:CLK
  To:   MIV_RV32_CFG1_C0_0/MIV_RV32_CFG1_C0_0/u_ipcore_0/gen_subsys_debug.u_subsys_debug_unit_0/debug_req_fifo/rd_gray_ptr_in_write[1]:D
  Delay (ns):              0.218
  Slack (ns):              0.070
  Arrival (ns):            6.012
  Required (ns):           5.942
  Operating Conditions: slow_lv_lt

Path 3
  From: CORERESET_PF_C0_0/CORERESET_PF_C0_0/dff_7[0]:CLK
  To:   CORERESET_PF_C0_0/CORERESET_PF_C0_0/dff_8[0]:D
  Delay (ns):              0.155
  Slack (ns):              0.078
  Arrival (ns):            2.138
  Required (ns):           2.060
  Operating Conditions: fast_hv_lt

Path 4
  From: MIV_ESS_C0_0/CoreGPIO_0/xhdl1.GEN_BITS[2].gpin1[2]:CLK
  To:   MIV_ESS_C0_0/CoreGPIO_0/xhdl1.GEN_BITS[2].gpin2[2]:D
  Delay (ns):              0.156
  Slack (ns):              0.079
  Arrival (ns):            2.117
  Required (ns):           2.038
  Operating Conditions: fast_hv_lt

Path 5
  From: CORERESET_PF_C0_0/CORERESET_PF_C0_0/dff_8[0]:CLK
  To:   CORERESET_PF_C0_0/CORERESET_PF_C0_0/dff_9[0]:D
  Delay (ns):              0.156
  Slack (ns):              0.079
  Arrival (ns):            2.139
  Required (ns):           2.060
  Operating Conditions: fast_hv_lt

Path 6
  From: CORERESET_PF_C0_0/CORERESET_PF_C0_0/dff_11[0]:CLK
  To:   CORERESET_PF_C0_0/CORERESET_PF_C0_0/dff_12[0]:D
  Delay (ns):              0.158
  Slack (ns):              0.081
  Arrival (ns):            2.141
  Required (ns):           2.060
  Operating Conditions: fast_hv_lt

Path 7
  From: MIV_ESS_C0_0/CoreUARTapb_0/uUART/make_RX/rx_shift[5]:CLK
  To:   MIV_ESS_C0_0/CoreUARTapb_0/uUART/make_RX/rx_shift[4]:D
  Delay (ns):              0.157
  Slack (ns):              0.082
  Arrival (ns):            2.114
  Required (ns):           2.032
  Operating Conditions: fast_hv_lt

Path 8
  From: MIV_ESS_C0_0/CoreGPIO_0/xhdl1.GEN_BITS[2].gpin2[2]:CLK
  To:   MIV_ESS_C0_0/CoreGPIO_0/xhdl1.GEN_BITS[2].gpin3[2]:D
  Delay (ns):              0.159
  Slack (ns):              0.082
  Arrival (ns):            2.120
  Required (ns):           2.038
  Operating Conditions: fast_hv_lt

Path 9
  From: MIV_RV32_CFG1_C0_0/MIV_RV32_CFG1_C0_0/u_ipcore_0/gen_subsys_debug.u_subsys_debug_unit_0/miv_rv32_debug_du_0/data_0_reg[24]:CLK
  To:   MIV_RV32_CFG1_C0_0/MIV_RV32_CFG1_C0_0/u_ipcore_0/gen_subsys_debug.u_subsys_debug_unit_0/miv_rv32_debug_du_0/debug_op_wr_data[24]:D
  Delay (ns):              0.158
  Slack (ns):              0.083
  Arrival (ns):            2.138
  Required (ns):           2.055
  Operating Conditions: fast_hv_lt

Path 10
  From: MIV_ESS_C0_0/CoreUARTapb_0/uUART/make_RX/samples_1[0]:CLK
  To:   MIV_ESS_C0_0/CoreUARTapb_0/uUART/make_RX/samples_0[0]:D
  Delay (ns):              0.157
  Slack (ns):              0.083
  Arrival (ns):            2.114
  Required (ns):           2.031
  Operating Conditions: fast_hv_lt

Path 11
  From: MIV_ESS_C0_0/CoreUARTapb_0/uUART/tx_hold_reg[0]:CLK
  To:   MIV_ESS_C0_0/CoreUARTapb_0/uUART/make_TX/tx_byte[0]:D
  Delay (ns):              0.158
  Slack (ns):              0.084
  Arrival (ns):            2.113
  Required (ns):           2.029
  Operating Conditions: fast_hv_lt

Path 12
  From: CORERESET_PF_C0_0/CORERESET_PF_C0_0/dff_6[0]:CLK
  To:   CORERESET_PF_C0_0/CORERESET_PF_C0_0/dff_7[0]:D
  Delay (ns):              0.161
  Slack (ns):              0.084
  Arrival (ns):            2.144
  Required (ns):           2.060
  Operating Conditions: fast_hv_lt

Path 13
  From: MIV_RV32_CFG1_C0_0/MIV_RV32_CFG1_C0_0/u_ipcore_0/gen_subsys_debug.u_subsys_debug_unit_0/miv_rv32_debug_du_0/cmderr_ff[1]:CLK
  To:   MIV_RV32_CFG1_C0_0/MIV_RV32_CFG1_C0_0/u_ipcore_0/gen_subsys_debug.u_subsys_debug_unit_0/miv_rv32_debug_du_0/abstractcs_cmderr[1]:D
  Delay (ns):              0.159
  Slack (ns):              0.085
  Arrival (ns):            2.129
  Required (ns):           2.044
  Operating Conditions: fast_hv_lt

Path 14
  From: MIV_ESS_C0_0/CoreUARTapb_0/uUART/make_RX/rx_shift[6]:CLK
  To:   MIV_ESS_C0_0/CoreUARTapb_0/uUART/make_RX/rx_shift[5]:D
  Delay (ns):              0.154
  Slack (ns):              0.086
  Arrival (ns):            2.111
  Required (ns):           2.025
  Operating Conditions: fast_hv_lt

Path 15
  From: MIV_ESS_C0_0/CoreUARTapb_0/uUART/tx_hold_reg[3]:CLK
  To:   MIV_ESS_C0_0/CoreUARTapb_0/uUART/make_TX/tx_byte[3]:D
  Delay (ns):              0.161
  Slack (ns):              0.087
  Arrival (ns):            2.116
  Required (ns):           2.029
  Operating Conditions: fast_hv_lt

Path 16
  From: MIV_ESS_C0_0/CoreUARTapb_0/uUART/make_RX/rx_shift[4]:CLK
  To:   MIV_ESS_C0_0/CoreUARTapb_0/uUART/make_RX/rx_shift[3]:D
  Delay (ns):              0.161
  Slack (ns):              0.088
  Arrival (ns):            2.119
  Required (ns):           2.031
  Operating Conditions: fast_hv_lt

Path 17
  From: CORERESET_PF_C0_0/CORERESET_PF_C0_0/dff_0[0]:CLK
  To:   CORERESET_PF_C0_0/CORERESET_PF_C0_0/dff_1[0]:D
  Delay (ns):              0.163
  Slack (ns):              0.089
  Arrival (ns):            2.138
  Required (ns):           2.049
  Operating Conditions: fast_hv_lt

Path 18
  From: MIV_RV32_CFG1_C0_0/MIV_RV32_CFG1_C0_0/u_ipcore_0/u_hart_0/u_fetch_unit_0/u_miv_rv32_ifu_iab_0/buff_req_wr_ptr_0[0]:CLK
  To:   MIV_RV32_CFG1_C0_0/MIV_RV32_CFG1_C0_0/u_ipcore_0/u_hart_0/u_fetch_unit_0/u_miv_rv32_ifu_iab_0/buff_req_wr_ptr_1[0]:D
  Delay (ns):              0.167
  Slack (ns):              0.094
  Arrival (ns):            2.114
  Required (ns):           2.020
  Operating Conditions: fast_hv_lt

Path 19
  From: MIV_RV32_CFG1_C0_0/MIV_RV32_CFG1_C0_0/u_ipcore_0/gen_subsys_debug.u_subsys_debug_unit_0/miv_rv32_debug_du_0/data_0_reg[31]:CLK
  To:   MIV_RV32_CFG1_C0_0/MIV_RV32_CFG1_C0_0/u_ipcore_0/gen_subsys_debug.u_subsys_debug_unit_0/miv_rv32_debug_du_0/debug_op_wr_data[31]:D
  Delay (ns):              0.205
  Slack (ns):              0.101
  Arrival (ns):            2.163
  Required (ns):           2.062
  Operating Conditions: fast_hv_lt

Path 20
  From: MIV_RV32_CFG1_C0_0/MIV_RV32_CFG1_C0_0/u_ipcore_0/gen_subsys_debug.u_subsys_debug_unit_0/debug_req_fifo/genblk1.rst_synch_reg[1]:CLK
  To:   MIV_RV32_CFG1_C0_0/MIV_RV32_CFG1_C0_0/u_ipcore_0/gen_subsys_debug.u_subsys_debug_unit_0/debug_req_fifo/genblk1.rst_synch_reg[0]:D
  Delay (ns):              0.260
  Slack (ns):              0.105
  Arrival (ns):            2.210
  Required (ns):           2.105
  Operating Conditions: fast_hv_lt

Path 21
  From: sram_test_module_0/compare_reg_init[4]:CLK
  To:   sram_test_module_0/data_write_portA[4]:D
  Delay (ns):              0.194
  Slack (ns):              0.106
  Arrival (ns):            2.151
  Required (ns):           2.045
  Operating Conditions: fast_hv_lt

Path 22
  From: MIV_RV32_CFG1_C0_0/MIV_RV32_CFG1_C0_0/u_ipcore_0/gen_subsys_debug.u_subsys_debug_unit_0/miv_rv32_debug_du_0/data_0_reg[25]:CLK
  To:   MIV_RV32_CFG1_C0_0/MIV_RV32_CFG1_C0_0/u_ipcore_0/gen_subsys_debug.u_subsys_debug_unit_0/miv_rv32_debug_du_0/debug_op_wr_data[25]:D
  Delay (ns):              0.206
  Slack (ns):              0.108
  Arrival (ns):            2.164
  Required (ns):           2.056
  Operating Conditions: fast_hv_lt

Path 23
  From: CoreTimer_C0_0/CoreTimer_C0_0/Count[31]:CLK
  To:   CoreTimer_C0_0/CoreTimer_C0_0/iPRDATA[31]:D
  Delay (ns):              0.252
  Slack (ns):              0.108
  Arrival (ns):            2.214
  Required (ns):           2.106
  Operating Conditions: fast_hv_lt

Path 24
  From: MIV_RV32_CFG1_C0_0/MIV_RV32_CFG1_C0_0/u_ipcore_0/gen_subsys_debug.u_subsys_debug_unit_0/miv_rv32_debug_du_0/data_0_reg[28]:CLK
  To:   MIV_RV32_CFG1_C0_0/MIV_RV32_CFG1_C0_0/u_ipcore_0/gen_subsys_debug.u_subsys_debug_unit_0/miv_rv32_debug_du_0/debug_op_wr_data[28]:D
  Delay (ns):              0.214
  Slack (ns):              0.110
  Arrival (ns):            2.172
  Required (ns):           2.062
  Operating Conditions: fast_hv_lt

Path 25
  From: MIV_RV32_CFG1_C0_0/MIV_RV32_CFG1_C0_0/u_ipcore_0/gen_apb.u_apb_initiator_0/gen_apb_byte_shim.pwdata[24]:CLK
  To:   MIV_RV32_CFG1_C0_0/MIV_RV32_CFG1_C0_0/u_ipcore_0/gen_mtime.u_mtime_irq/mtimecmp[56]:D
  Delay (ns):              0.208
  Slack (ns):              0.111
  Arrival (ns):            2.154
  Required (ns):           2.043
  Operating Conditions: fast_hv_lt

Path 26
  From: MIV_RV32_CFG1_C0_0/MIV_RV32_CFG1_C0_0/u_ipcore_0/gen_subsys_debug.u_subsys_debug_unit_0/miv_rv32_debug_du_0/dmcontrol_dmactive:CLK
  To:   MIV_RV32_CFG1_C0_0/MIV_RV32_CFG1_C0_0/u_ipcore_0/gen_subsys_debug.u_subsys_debug_unit_0/miv_rv32_debug_du_0/abstractcs_cmderr[1]:SLn
  Delay (ns):              0.230
  Slack (ns):              0.116
  Arrival (ns):            2.200
  Required (ns):           2.084
  Operating Conditions: fast_hv_lt

Path 27
  From: MIV_ESS_C0_0/CoreUARTapb_0/uUART/make_RX/rx_shift[6]:CLK
  To:   MIV_ESS_C0_0/CoreUARTapb_0/uUART/make_RX/rx_byte[6]:D
  Delay (ns):              0.210
  Slack (ns):              0.116
  Arrival (ns):            2.167
  Required (ns):           2.051
  Operating Conditions: fast_hv_lt

Path 28
  From: MIV_ESS_C0_0/CoreGPIO_0/xhdl1.GEN_BITS[3].gpin1[3]:CLK
  To:   MIV_ESS_C0_0/CoreGPIO_0/xhdl1.GEN_BITS[3].gpin2[3]:D
  Delay (ns):              0.193
  Slack (ns):              0.116
  Arrival (ns):            2.151
  Required (ns):           2.035
  Operating Conditions: fast_hv_lt

Path 29
  From: CORERESET_PF_C0_0/CORERESET_PF_C0_0/dff_5[0]:CLK
  To:   CORERESET_PF_C0_0/CORERESET_PF_C0_0/dff_6[0]:D
  Delay (ns):              0.193
  Slack (ns):              0.116
  Arrival (ns):            2.176
  Required (ns):           2.060
  Operating Conditions: fast_hv_lt

Path 30
  From: MIV_RV32_CFG1_C0_0/MIV_RV32_CFG1_C0_0/u_ipcore_0/gen_subsys_debug.u_subsys_debug_unit_0/miv_rv32_debug_du_0/dmcontrol_dmactive:CLK
  To:   MIV_RV32_CFG1_C0_0/MIV_RV32_CFG1_C0_0/u_ipcore_0/gen_subsys_debug.u_subsys_debug_unit_0/miv_rv32_debug_du_0/abstractcs_cmderr[0]:SLn
  Delay (ns):              0.231
  Slack (ns):              0.117
  Arrival (ns):            2.201
  Required (ns):           2.084
  Operating Conditions: fast_hv_lt

Path 31
  From: MIV_ESS_C0_0/MIV_PLIC_0/apb_interface_0/interrupt_enable_wr_data_Z[1]:CLK
  To:   MIV_ESS_C0_0/MIV_PLIC_0/plic_core_ie.genblk1[1].interrupt_enable_register_0/interrupt_enable_reg:D
  Delay (ns):              0.191
  Slack (ns):              0.117
  Arrival (ns):            2.148
  Required (ns):           2.031
  Operating Conditions: fast_hv_lt

Path 32
  From: MIV_RV32_CFG1_C0_0/MIV_RV32_CFG1_C0_0/u_ipcore_0/gen_subsys_debug.u_subsys_debug_unit_0/miv_rv32_debug_du_0/dmcontrol_dmactive:CLK
  To:   MIV_RV32_CFG1_C0_0/MIV_RV32_CFG1_C0_0/u_ipcore_0/gen_subsys_debug.u_subsys_debug_unit_0/miv_rv32_debug_du_0/abstractcs_cmderr[2]:SLn
  Delay (ns):              0.231
  Slack (ns):              0.118
  Arrival (ns):            2.201
  Required (ns):           2.083
  Operating Conditions: fast_hv_lt

Path 33
  From: sram_test_module_0/compare_reg_init[1]:CLK
  To:   sram_test_module_0/data_write_portA[1]:D
  Delay (ns):              0.207
  Slack (ns):              0.119
  Arrival (ns):            2.164
  Required (ns):           2.045
  Operating Conditions: fast_hv_lt

Path 34
  From: MIV_RV32_CFG1_C0_0/MIV_RV32_CFG1_C0_0/u_ipcore_0/gen_subsys_debug.u_subsys_debug_unit_0/miv_rv32_debug_du_0/cmderr_ff[0]:CLK
  To:   MIV_RV32_CFG1_C0_0/MIV_RV32_CFG1_C0_0/u_ipcore_0/gen_subsys_debug.u_subsys_debug_unit_0/miv_rv32_debug_du_0/abstractcs_cmderr[0]:D
  Delay (ns):              0.193
  Slack (ns):              0.119
  Arrival (ns):            2.163
  Required (ns):           2.044
  Operating Conditions: fast_hv_lt

Path 35
  From: CORERESET_PF_C0_0/CORERESET_PF_C0_0/dff_9[0]:CLK
  To:   CORERESET_PF_C0_0/CORERESET_PF_C0_0/dff_10[0]:D
  Delay (ns):              0.196
  Slack (ns):              0.119
  Arrival (ns):            2.179
  Required (ns):           2.060
  Operating Conditions: fast_hv_lt

Path 36
  From: CORERESET_PF_C0_0/CORERESET_PF_C0_0/dff_13[0]:CLK
  To:   CORERESET_PF_C0_0/CORERESET_PF_C0_0/dff_14[0]:D
  Delay (ns):              0.197
  Slack (ns):              0.119
  Arrival (ns):            2.179
  Required (ns):           2.060
  Operating Conditions: fast_hv_lt

Path 37
  From: MIV_ESS_C0_0/CoreUARTapb_0/uUART/tx_hold_reg[7]:CLK
  To:   MIV_ESS_C0_0/CoreUARTapb_0/uUART/make_TX/tx_byte[7]:D
  Delay (ns):              0.194
  Slack (ns):              0.120
  Arrival (ns):            2.149
  Required (ns):           2.029
  Operating Conditions: fast_hv_lt

Path 38
  From: MIV_RV32_CFG1_C0_0/MIV_RV32_CFG1_C0_0/u_ipcore_0/gen_subsys_debug.u_subsys_debug_unit_0/miv_rv32_debug_du_0/cmderr_ff[2]:CLK
  To:   MIV_RV32_CFG1_C0_0/MIV_RV32_CFG1_C0_0/u_ipcore_0/gen_subsys_debug.u_subsys_debug_unit_0/miv_rv32_debug_du_0/abstractcs_cmderr[2]:D
  Delay (ns):              0.194
  Slack (ns):              0.121
  Arrival (ns):            2.164
  Required (ns):           2.043
  Operating Conditions: fast_hv_lt

Path 39
  From: MIV_ESS_C0_0/CoreUARTapb_0/uUART/tx_hold_reg[5]:CLK
  To:   MIV_ESS_C0_0/CoreUARTapb_0/uUART/make_TX/tx_byte[5]:D
  Delay (ns):              0.195
  Slack (ns):              0.121
  Arrival (ns):            2.150
  Required (ns):           2.029
  Operating Conditions: fast_hv_lt

Path 40
  From: MIV_RV32_CFG1_C0_0/MIV_RV32_CFG1_C0_0/u_ipcore_0/gen_subsys_debug.u_subsys_debug_unit_0/debug_resp_fifo/rd_gray_ptr_synch[1]:CLK
  To:   MIV_RV32_CFG1_C0_0/MIV_RV32_CFG1_C0_0/u_ipcore_0/gen_subsys_debug.u_subsys_debug_unit_0/debug_resp_fifo/rd_gray_ptr_in_write[1]:D
  Delay (ns):              0.196
  Slack (ns):              0.122
  Arrival (ns):            2.171
  Required (ns):           2.049
  Operating Conditions: fast_hv_lt

Path 41
  From: MIV_RV32_CFG1_C0_0/MIV_RV32_CFG1_C0_0/u_ipcore_0/gen_subsys_debug.u_subsys_debug_unit_0/MIV_subsys_debug_transport_module_jtag_0/gen_shift_register_active_high.gen_shift_register_active_low.shiftDR[2]:CLK
  To:   MIV_RV32_CFG1_C0_0/MIV_RV32_CFG1_C0_0/u_ipcore_0/gen_subsys_debug.u_subsys_debug_unit_0/MIV_subsys_debug_transport_module_jtag_0/gen_shift_register_active_high.gen_shift_register_active_low.shiftDR[1]:D
  Delay (ns):              0.202
  Slack (ns):              0.123
  Arrival (ns):            3.429
  Required (ns):           3.306
  Operating Conditions: fast_hv_lt

Path 42
  From: MIV_RV32_CFG1_C0_0/MIV_RV32_CFG1_C0_0/u_ipcore_0/gen_subsys_debug.u_subsys_debug_unit_0/miv_rv32_debug_du_0/command_reg[5]:CLK
  To:   MIV_RV32_CFG1_C0_0/MIV_RV32_CFG1_C0_0/u_ipcore_0/gen_subsys_debug.u_subsys_debug_unit_0/miv_rv32_debug_du_0/debug_csr_addr[5]:D
  Delay (ns):              0.198
  Slack (ns):              0.124
  Arrival (ns):            2.165
  Required (ns):           2.041
  Operating Conditions: fast_hv_lt

Path 43
  From: CORERESET_PF_C0_0/CORERESET_PF_C0_0/dff_3[0]:CLK
  To:   CORERESET_PF_C0_0/CORERESET_PF_C0_0/dff_4[0]:D
  Delay (ns):              0.201
  Slack (ns):              0.124
  Arrival (ns):            2.184
  Required (ns):           2.060
  Operating Conditions: fast_hv_lt

Path 44
  From: CORERESET_PF_C0_0/CORERESET_PF_C0_0/dff_12[0]:CLK
  To:   CORERESET_PF_C0_0/CORERESET_PF_C0_0/dff_13[0]:D
  Delay (ns):              0.202
  Slack (ns):              0.124
  Arrival (ns):            2.184
  Required (ns):           2.060
  Operating Conditions: fast_hv_lt

Path 45
  From: sram_test_module_0/state[1]:CLK
  To:   sram_test_module_0/state[0]:D
  Delay (ns):              0.199
  Slack (ns):              0.125
  Arrival (ns):            2.158
  Required (ns):           2.033
  Operating Conditions: fast_hv_lt

Path 46
  From: MIV_RV32_CFG1_C0_0/MIV_RV32_CFG1_C0_0/u_ipcore_0/u_hart_0/u_expipe_0/gen_gpr_ex_attbs_rd_ex.de_ex_pipe_gpr_rs1_rd_sel_ex[1]:CLK
  To:   MIV_RV32_CFG1_C0_0/MIV_RV32_CFG1_C0_0/u_ipcore_0/u_hart_0/u_expipe_0/gen_gpr_ram.u_gpr_0/gpr_rs1_rd_sel_reg[1]:D
  Delay (ns):              0.216
  Slack (ns):              0.125
  Arrival (ns):            2.165
  Required (ns):           2.040
  Operating Conditions: fast_hv_lt

Path 47
  From: MIV_RV32_CFG1_C0_0/MIV_RV32_CFG1_C0_0/u_ipcore_0/gen_subsys_debug.u_subsys_debug_unit_0/miv_rv32_debug_du_0/command_reg[5]:CLK
  To:   MIV_RV32_CFG1_C0_0/MIV_RV32_CFG1_C0_0/u_ipcore_0/gen_subsys_debug.u_subsys_debug_unit_0/miv_rv32_debug_du_0/debug_gpr_addr[5]:D
  Delay (ns):              0.199
  Slack (ns):              0.125
  Arrival (ns):            2.166
  Required (ns):           2.041
  Operating Conditions: fast_hv_lt

Path 48
  From: MIV_ESS_C0_0/CoreUARTapb_0/uUART/make_RX/samples_2[0]:CLK
  To:   MIV_ESS_C0_0/CoreUARTapb_0/uUART/make_RX/samples_1[0]:D
  Delay (ns):              0.199
  Slack (ns):              0.125
  Arrival (ns):            2.156
  Required (ns):           2.031
  Operating Conditions: fast_hv_lt

Path 49
  From: MIV_ESS_C0_0/CoreUARTapb_0/uUART/make_RX/rx_shift[1]:CLK
  To:   MIV_ESS_C0_0/CoreUARTapb_0/uUART/make_RX/rx_shift[0]:D
  Delay (ns):              0.198
  Slack (ns):              0.125
  Arrival (ns):            2.156
  Required (ns):           2.031
  Operating Conditions: fast_hv_lt

Path 50
  From: CORERESET_PF_C0_0/CORERESET_PF_C0_0/dff_1[0]:CLK
  To:   CORERESET_PF_C0_0/CORERESET_PF_C0_0/dff_2[0]:D
  Delay (ns):              0.198
  Slack (ns):              0.125
  Arrival (ns):            2.174
  Required (ns):           2.049
  Operating Conditions: fast_hv_lt

Path 51
  From: MIV_RV32_CFG1_C0_0/MIV_RV32_CFG1_C0_0/u_ipcore_0/u_subsys_interconnect_0/u_subsys_regs/u_req_buffer/gen_buff_loop[0].buff_valid[0]:CLK
  To:   MIV_RV32_CFG1_C0_0/MIV_RV32_CFG1_C0_0/u_ipcore_0/u_subsys_interconnect_0/u_subsys_regs/u_req_buffer/buff_rd_ptr[0]:D
  Delay (ns):              0.201
  Slack (ns):              0.126
  Arrival (ns):            2.174
  Required (ns):           2.048
  Operating Conditions: fast_hv_lt

Path 52
  From: MIV_RV32_CFG1_C0_0/MIV_RV32_CFG1_C0_0/u_ipcore_0/u_hart_0/u_expipe_0/u_exu_0/div_divisor[21]:CLK
  To:   MIV_RV32_CFG1_C0_0/MIV_RV32_CFG1_C0_0/u_ipcore_0/u_hart_0/u_expipe_0/u_exu_0/div_divisor[20]:D
  Delay (ns):              0.204
  Slack (ns):              0.126
  Arrival (ns):            2.152
  Required (ns):           2.026
  Operating Conditions: fast_hv_lt

Path 53
  From: MIV_RV32_CFG1_C0_0/MIV_RV32_CFG1_C0_0/u_ipcore_0/gen_subsys_debug.u_subsys_debug_unit_0/MIV_subsys_debug_transport_module_jtag_0/gen_shift_register_active_high.gen_shift_register_active_low.shiftDMI[39]:CLK
  To:   MIV_RV32_CFG1_C0_0/MIV_RV32_CFG1_C0_0/u_ipcore_0/gen_subsys_debug.u_subsys_debug_unit_0/MIV_subsys_debug_transport_module_jtag_0/gen_shift_register_active_high.gen_shift_register_active_low.shiftDMI[38]:D
  Delay (ns):              0.202
  Slack (ns):              0.126
  Arrival (ns):            3.450
  Required (ns):           3.324
  Operating Conditions: fast_hv_lt

Path 54
  From: MIV_RV32_CFG1_C0_0/MIV_RV32_CFG1_C0_0/u_ipcore_0/u_hart_0/u_expipe_0/u_exu_0/div_divisor[28]:CLK
  To:   MIV_RV32_CFG1_C0_0/MIV_RV32_CFG1_C0_0/u_ipcore_0/u_hart_0/u_expipe_0/u_exu_0/div_divisor[27]:D
  Delay (ns):              0.204
  Slack (ns):              0.127
  Arrival (ns):            2.168
  Required (ns):           2.041
  Operating Conditions: fast_hv_lt

Path 55
  From: MIV_RV32_CFG1_C0_0/MIV_RV32_CFG1_C0_0/u_ipcore_0/gen_subsys_debug.u_subsys_debug_unit_0/miv_rv32_debug_du_0/debug_op_wr_data[2]:CLK
  To:   MIV_RV32_CFG1_C0_0/MIV_RV32_CFG1_C0_0/u_ipcore_0/u_hart_0/u_expipe_0/u_exu_0/exu_result_reg_int[2]:D
  Delay (ns):              0.200
  Slack (ns):              0.127
  Arrival (ns):            2.157
  Required (ns):           2.030
  Operating Conditions: fast_hv_lt

Path 56
  From: MIV_ESS_C0_0/CoreUARTapb_0/uUART/tx_hold_reg[4]:CLK
  To:   MIV_ESS_C0_0/CoreUARTapb_0/uUART/make_TX/tx_byte[4]:D
  Delay (ns):              0.213
  Slack (ns):              0.127
  Arrival (ns):            2.167
  Required (ns):           2.040
  Operating Conditions: fast_hv_lt

Path 57
  From: MIV_RV32_CFG1_C0_0/MIV_RV32_CFG1_C0_0/u_ipcore_0/u_hart_0/u_fetch_unit_0/u_miv_rv32_ifu_iab_0/buff_req_wr_ptr_0[0]:CLK
  To:   MIV_RV32_CFG1_C0_0/MIV_RV32_CFG1_C0_0/u_ipcore_0/u_hart_0/u_fetch_unit_0/u_miv_rv32_ifu_iab_0/buff_req_rd_ptr[0]:D
  Delay (ns):              0.201
  Slack (ns):              0.128
  Arrival (ns):            2.148
  Required (ns):           2.020
  Operating Conditions: fast_hv_lt

Path 58
  From: MIV_RV32_CFG1_C0_0/MIV_RV32_CFG1_C0_0/u_ipcore_0/u_hart_0/u_expipe_0/u_exu_0/div_divisor[3]:CLK
  To:   MIV_RV32_CFG1_C0_0/MIV_RV32_CFG1_C0_0/u_ipcore_0/u_hart_0/u_expipe_0/u_exu_0/div_divisor[2]:D
  Delay (ns):              0.205
  Slack (ns):              0.128
  Arrival (ns):            2.153
  Required (ns):           2.025
  Operating Conditions: fast_hv_lt

Path 59
  From: MIV_ESS_C0_0/MIV_PLIC_0/interrupt_claim_complete_0/plic_interrupt_complete_generation.genblk1[1].interrupt_complete_data[1]:CLK
  To:   MIV_ESS_C0_0/MIV_PLIC_0/plic_core_ip.genblk1[1].interrupt_pending_register/interrupt_pending_reg[0]:D
  Delay (ns):              0.202
  Slack (ns):              0.128
  Arrival (ns):            2.163
  Required (ns):           2.035
  Operating Conditions: fast_hv_lt

Path 60
  From: MIV_ESS_C0_0/CoreUARTapb_0/uUART/make_RX/rx_shift[3]:CLK
  To:   MIV_ESS_C0_0/CoreUARTapb_0/uUART/make_RX/rx_shift[2]:D
  Delay (ns):              0.202
  Slack (ns):              0.128
  Arrival (ns):            2.159
  Required (ns):           2.031
  Operating Conditions: fast_hv_lt

Path 61
  From: CoreTimer_C0_0/CoreTimer_C0_0/CountIsZeroReg:CLK
  To:   CoreTimer_C0_0/CoreTimer_C0_0/RawTimInt:D
  Delay (ns):              0.201
  Slack (ns):              0.128
  Arrival (ns):            2.157
  Required (ns):           2.029
  Operating Conditions: fast_hv_lt

Path 62
  From: sram_test_module_0/compare_reg_init[3]:CLK
  To:   sram_test_module_0/data_write_portA[3]:D
  Delay (ns):              0.217
  Slack (ns):              0.129
  Arrival (ns):            2.174
  Required (ns):           2.045
  Operating Conditions: fast_hv_lt

Path 63
  From: MIV_RV32_CFG1_C0_0/MIV_RV32_CFG1_C0_0/u_ipcore_0/u_hart_0/u_fetch_unit_0/u_miv_rv32_ifu_iab_0/buff_req_wr_ptr_1[0]:CLK
  To:   MIV_RV32_CFG1_C0_0/MIV_RV32_CFG1_C0_0/u_ipcore_0/u_hart_0/u_fetch_unit_0/u_miv_rv32_ifu_iab_0/buff_req_rd_ptr[1]:D
  Delay (ns):              0.203
  Slack (ns):              0.129
  Arrival (ns):            2.149
  Required (ns):           2.020
  Operating Conditions: fast_hv_lt

Path 64
  From: MIV_RV32_CFG1_C0_0/MIV_RV32_CFG1_C0_0/u_ipcore_0/u_hart_0/u_expipe_0/u_exu_0/div_divisor[19]:CLK
  To:   MIV_RV32_CFG1_C0_0/MIV_RV32_CFG1_C0_0/u_ipcore_0/u_hart_0/u_expipe_0/u_exu_0/div_divisor[18]:D
  Delay (ns):              0.206
  Slack (ns):              0.129
  Arrival (ns):            2.155
  Required (ns):           2.026
  Operating Conditions: fast_hv_lt

Path 65
  From: MIV_RV32_CFG1_C0_0/MIV_RV32_CFG1_C0_0/u_ipcore_0/gen_subsys_debug.u_subsys_debug_unit_0/MIV_subsys_debug_transport_module_jtag_0/gen_current_state_register_active_high.gen_current_state_register_active_low.currTapState[1]:CLK
  To:   MIV_RV32_CFG1_C0_0/MIV_RV32_CFG1_C0_0/u_ipcore_0/gen_subsys_debug.u_subsys_debug_unit_0/MIV_subsys_debug_transport_module_jtag_0/gen_current_state_register_active_high.gen_current_state_register_active_low.currTapState[2]:D
  Delay (ns):              0.204
  Slack (ns):              0.129
  Arrival (ns):            3.428
  Required (ns):           3.299
  Operating Conditions: fast_hv_lt

Path 66
  From: MIV_RV32_CFG1_C0_0/MIV_RV32_CFG1_C0_0/u_ipcore_0/u_hart_0/u_expipe_0/gen_trig_pipe_reg_de_ex.de_ex_pipe_trigger_ex[0]:CLK
  To:   MIV_RV32_CFG1_C0_0/MIV_RV32_CFG1_C0_0/u_ipcore_0/u_hart_0/u_expipe_0/gen_trig_pipe_reg_ex_retr.ex_retr_pipe_trigger_retr[0]:D
  Delay (ns):              0.203
  Slack (ns):              0.130
  Arrival (ns):            2.159
  Required (ns):           2.029
  Operating Conditions: fast_hv_lt

Path 67
  From: MIV_RV32_CFG1_C0_0/MIV_RV32_CFG1_C0_0/u_ipcore_0/u_hart_0/u_expipe_0/gen_gpr_ex_attbs_rd_ex.de_ex_pipe_gpr_rs1_rd_sel_ex[4]:CLK
  To:   MIV_RV32_CFG1_C0_0/MIV_RV32_CFG1_C0_0/u_ipcore_0/u_hart_0/u_expipe_0/gen_gpr_ram.u_gpr_0/gpr_rs1_rd_sel_reg[4]:D
  Delay (ns):              0.221
  Slack (ns):              0.130
  Arrival (ns):            2.170
  Required (ns):           2.040
  Operating Conditions: fast_hv_lt

Path 68
  From: MIV_RV32_CFG1_C0_0/MIV_RV32_CFG1_C0_0/u_ipcore_0/gen_subsys_debug.u_subsys_debug_unit_0/debug_resp_fifo/rd_ptr[0]:CLK
  To:   MIV_RV32_CFG1_C0_0/MIV_RV32_CFG1_C0_0/u_ipcore_0/gen_subsys_debug.u_subsys_debug_unit_0/debug_resp_fifo/rd_gray_ptr[1]:D
  Delay (ns):              0.206
  Slack (ns):              0.130
  Arrival (ns):            3.455
  Required (ns):           3.325
  Operating Conditions: fast_hv_lt

Path 69
  From: MIV_RV32_CFG1_C0_0/MIV_RV32_CFG1_C0_0/u_ipcore_0/gen_subsys_debug.u_subsys_debug_unit_0/MIV_subsys_debug_transport_module_jtag_0/gen_shift_register_active_high.gen_shift_register_active_low.shiftDR[29]:CLK
  To:   MIV_RV32_CFG1_C0_0/MIV_RV32_CFG1_C0_0/u_ipcore_0/gen_subsys_debug.u_subsys_debug_unit_0/MIV_subsys_debug_transport_module_jtag_0/gen_shift_register_active_high.gen_shift_register_active_low.shiftDR[28]:D
  Delay (ns):              0.209
  Slack (ns):              0.130
  Arrival (ns):            3.438
  Required (ns):           3.308
  Operating Conditions: fast_hv_lt

Path 70
  From: MIV_ESS_C0_0/CoreUARTapb_0/uUART/make_RX/rx_shift[2]:CLK
  To:   MIV_ESS_C0_0/CoreUARTapb_0/uUART/make_RX/rx_shift[1]:D
  Delay (ns):              0.205
  Slack (ns):              0.130
  Arrival (ns):            2.162
  Required (ns):           2.032
  Operating Conditions: fast_hv_lt

Path 71
  From: CoreTimer_C0_0/CoreTimer_C0_0/Load[9]:CLK
  To:   CoreTimer_C0_0/CoreTimer_C0_0/iPRDATA[9]:D
  Delay (ns):              0.206
  Slack (ns):              0.130
  Arrival (ns):            2.160
  Required (ns):           2.030
  Operating Conditions: fast_hv_lt

Path 72
  From: sram_test_module_0/compare_reg_init[14]:CLK
  To:   sram_test_module_0/data_write_portA[14]:D
  Delay (ns):              0.205
  Slack (ns):              0.131
  Arrival (ns):            2.159
  Required (ns):           2.028
  Operating Conditions: fast_hv_lt

Path 73
  From: MIV_RV32_CFG1_C0_0/MIV_RV32_CFG1_C0_0/u_ipcore_0/u_hart_0/u_expipe_0/u_exu_0/div_divisor[27]:CLK
  To:   MIV_RV32_CFG1_C0_0/MIV_RV32_CFG1_C0_0/u_ipcore_0/u_hart_0/u_expipe_0/u_exu_0/div_divisor[26]:D
  Delay (ns):              0.208
  Slack (ns):              0.131
  Arrival (ns):            2.172
  Required (ns):           2.041
  Operating Conditions: fast_hv_lt

Path 74
  From: MIV_RV32_CFG1_C0_0/MIV_RV32_CFG1_C0_0/u_ipcore_0/gen_subsys_debug.u_subsys_debug_unit_0/miv_rv32_debug_du_0/dmcontrol_dmactive:CLK
  To:   MIV_RV32_CFG1_C0_0/MIV_RV32_CFG1_C0_0/u_ipcore_0/gen_subsys_debug.u_subsys_debug_unit_0/miv_rv32_debug_du_0/command_reg_state[3]:SLn
  Delay (ns):              0.271
  Slack (ns):              0.131
  Arrival (ns):            2.241
  Required (ns):           2.110
  Operating Conditions: fast_hv_lt

Path 75
  From: MIV_RV32_CFG1_C0_0/MIV_RV32_CFG1_C0_0/u_ipcore_0/gen_subsys_debug.u_subsys_debug_unit_0/miv_rv32_debug_du_0/debug_op_wr_data[4]:CLK
  To:   MIV_RV32_CFG1_C0_0/MIV_RV32_CFG1_C0_0/u_ipcore_0/u_hart_0/u_expipe_0/u_exu_0/exu_result_reg_int[4]:D
  Delay (ns):              0.206
  Slack (ns):              0.131
  Arrival (ns):            2.162
  Required (ns):           2.031
  Operating Conditions: fast_hv_lt

Path 76
  From: MIV_RV32_CFG1_C0_0/MIV_RV32_CFG1_C0_0/u_ipcore_0/gen_subsys_debug.u_subsys_debug_unit_0/miv_rv32_debug_du_0/debug_op_wr_data[26]:CLK
  To:   MIV_RV32_CFG1_C0_0/MIV_RV32_CFG1_C0_0/u_ipcore_0/u_hart_0/u_expipe_0/u_exu_0/exu_result_reg_int[26]:D
  Delay (ns):              0.205
  Slack (ns):              0.131
  Arrival (ns):            2.186
  Required (ns):           2.055
  Operating Conditions: fast_hv_lt

Path 77
  From: MIV_RV32_CFG1_C0_0/MIV_RV32_CFG1_C0_0/u_ipcore_0/gen_subsys_debug.u_subsys_debug_unit_0/miv_rv32_debug_du_0/command_reg[7]:CLK
  To:   MIV_RV32_CFG1_C0_0/MIV_RV32_CFG1_C0_0/u_ipcore_0/gen_subsys_debug.u_subsys_debug_unit_0/miv_rv32_debug_du_0/debug_csr_addr[7]:D
  Delay (ns):              0.205
  Slack (ns):              0.131
  Arrival (ns):            2.177
  Required (ns):           2.046
  Operating Conditions: fast_hv_lt

Path 78
  From: MIV_RV32_CFG1_C0_0/MIV_RV32_CFG1_C0_0/u_ipcore_0/gen_subsys_debug.u_subsys_debug_unit_0/miv_rv32_debug_du_0/debug_op_wr_data[9]:CLK
  To:   MIV_RV32_CFG1_C0_0/MIV_RV32_CFG1_C0_0/u_ipcore_0/u_hart_0/u_expipe_0/u_exu_0/exu_result_reg_int[9]:D
  Delay (ns):              0.206
  Slack (ns):              0.132
  Arrival (ns):            2.187
  Required (ns):           2.055
  Operating Conditions: fast_hv_lt

Path 79
  From: MIV_RV32_CFG1_C0_0/MIV_RV32_CFG1_C0_0/u_ipcore_0/gen_subsys_debug.u_subsys_debug_unit_0/miv_rv32_debug_du_0/debug_op_wr_data[28]:CLK
  To:   MIV_RV32_CFG1_C0_0/MIV_RV32_CFG1_C0_0/u_ipcore_0/u_hart_0/u_expipe_0/u_exu_0/exu_result_reg_int[28]:D
  Delay (ns):              0.206
  Slack (ns):              0.132
  Arrival (ns):            2.166
  Required (ns):           2.034
  Operating Conditions: fast_hv_lt

Path 80
  From: MIV_RV32_CFG1_C0_0/MIV_RV32_CFG1_C0_0/u_ipcore_0/gen_subsys_debug.u_subsys_debug_unit_0/miv_rv32_debug_du_0/debug_op_wr_data[23]:CLK
  To:   MIV_RV32_CFG1_C0_0/MIV_RV32_CFG1_C0_0/u_ipcore_0/u_hart_0/u_expipe_0/u_exu_0/exu_result_reg_int[23]:D
  Delay (ns):              0.206
  Slack (ns):              0.132
  Arrival (ns):            2.156
  Required (ns):           2.024
  Operating Conditions: fast_hv_lt

Path 81
  From: MIV_RV32_CFG1_C0_0/MIV_RV32_CFG1_C0_0/u_ipcore_0/u_hart_0/u_expipe_0/u_exu_0/div_divisor[8]:CLK
  To:   MIV_RV32_CFG1_C0_0/MIV_RV32_CFG1_C0_0/u_ipcore_0/u_hart_0/u_expipe_0/u_exu_0/div_divisor[7]:D
  Delay (ns):              0.210
  Slack (ns):              0.133
  Arrival (ns):            2.158
  Required (ns):           2.025
  Operating Conditions: fast_hv_lt

Path 82
  From: MIV_RV32_CFG1_C0_0/MIV_RV32_CFG1_C0_0/u_ipcore_0/u_hart_0/u_expipe_0/u_exu_0/div_divisor[17]:CLK
  To:   MIV_RV32_CFG1_C0_0/MIV_RV32_CFG1_C0_0/u_ipcore_0/u_hart_0/u_expipe_0/u_exu_0/div_divisor[16]:D
  Delay (ns):              0.210
  Slack (ns):              0.133
  Arrival (ns):            2.159
  Required (ns):           2.026
  Operating Conditions: fast_hv_lt

Path 83
  From: MIV_RV32_CFG1_C0_0/MIV_RV32_CFG1_C0_0/u_ipcore_0/u_hart_0/u_expipe_0/u_exu_0/div_divisor[16]:CLK
  To:   MIV_RV32_CFG1_C0_0/MIV_RV32_CFG1_C0_0/u_ipcore_0/u_hart_0/u_expipe_0/u_exu_0/div_divisor[15]:D
  Delay (ns):              0.211
  Slack (ns):              0.133
  Arrival (ns):            2.159
  Required (ns):           2.026
  Operating Conditions: fast_hv_lt

Path 84
  From: MIV_RV32_CFG1_C0_0/MIV_RV32_CFG1_C0_0/u_ipcore_0/gen_subsys_debug.u_subsys_debug_unit_0/miv_rv32_debug_du_0/dmcontrol_dmactive:CLK
  To:   MIV_RV32_CFG1_C0_0/MIV_RV32_CFG1_C0_0/u_ipcore_0/gen_subsys_debug.u_subsys_debug_unit_0/miv_rv32_debug_du_0/command_reg_state[4]:SLn
  Delay (ns):              0.273
  Slack (ns):              0.133
  Arrival (ns):            2.243
  Required (ns):           2.110
  Operating Conditions: fast_hv_lt

Path 85
  From: MIV_RV32_CFG1_C0_0/MIV_RV32_CFG1_C0_0/u_ipcore_0/gen_subsys_debug.u_subsys_debug_unit_0/miv_rv32_debug_du_0/dmcontrol_dmactive:CLK
  To:   MIV_RV32_CFG1_C0_0/MIV_RV32_CFG1_C0_0/u_ipcore_0/gen_subsys_debug.u_subsys_debug_unit_0/miv_rv32_debug_du_0/command_reg_state[0]:SLn
  Delay (ns):              0.273
  Slack (ns):              0.133
  Arrival (ns):            2.243
  Required (ns):           2.110
  Operating Conditions: fast_hv_lt

Path 86
  From: MIV_RV32_CFG1_C0_0/MIV_RV32_CFG1_C0_0/u_ipcore_0/gen_subsys_debug.u_subsys_debug_unit_0/miv_rv32_debug_du_0/debug_op_wr_data[6]:CLK
  To:   MIV_RV32_CFG1_C0_0/MIV_RV32_CFG1_C0_0/u_ipcore_0/u_hart_0/u_expipe_0/u_exu_0/exu_result_reg_int[6]:D
  Delay (ns):              0.206
  Slack (ns):              0.133
  Arrival (ns):            2.187
  Required (ns):           2.054
  Operating Conditions: fast_hv_lt

Path 87
  From: MIV_RV32_CFG1_C0_0/MIV_RV32_CFG1_C0_0/u_ipcore_0/gen_subsys_debug.u_subsys_debug_unit_0/miv_rv32_debug_du_0/debug_op_wr_data[22]:CLK
  To:   MIV_RV32_CFG1_C0_0/MIV_RV32_CFG1_C0_0/u_ipcore_0/u_hart_0/u_expipe_0/u_exu_0/exu_result_reg_int[22]:D
  Delay (ns):              0.208
  Slack (ns):              0.133
  Arrival (ns):            2.170
  Required (ns):           2.037
  Operating Conditions: fast_hv_lt

Path 88
  From: MIV_RV32_CFG1_C0_0/MIV_RV32_CFG1_C0_0/u_ipcore_0/gen_subsys_debug.u_subsys_debug_unit_0/debug_resp_fifo/rd_gray_ptr_synch[0]:CLK
  To:   MIV_RV32_CFG1_C0_0/MIV_RV32_CFG1_C0_0/u_ipcore_0/gen_subsys_debug.u_subsys_debug_unit_0/debug_resp_fifo/rd_gray_ptr_in_write[0]:D
  Delay (ns):              0.206
  Slack (ns):              0.133
  Arrival (ns):            2.166
  Required (ns):           2.033
  Operating Conditions: fast_hv_lt

Path 89
  From: MIV_RV32_CFG1_C0_0/MIV_RV32_CFG1_C0_0/u_ipcore_0/gen_subsys_debug.u_subsys_debug_unit_0/MIV_subsys_debug_transport_module_jtag_0/gen_shift_register_active_high.gen_shift_register_active_low.shiftDR[17]:CLK
  To:   MIV_RV32_CFG1_C0_0/MIV_RV32_CFG1_C0_0/u_ipcore_0/gen_subsys_debug.u_subsys_debug_unit_0/MIV_subsys_debug_transport_module_jtag_0/dmi_outputs_and_dtmcs_resets.dtmcs_resets_active_low.dtmcs_dmihardreset:D
  Delay (ns):              0.209
  Slack (ns):              0.133
  Arrival (ns):            3.459
  Required (ns):           3.326
  Operating Conditions: fast_hv_lt

Path 90
  From: MIV_ESS_C0_0/MIV_PLIC_0/plic_core_ip.genblk1[1].interrupt_pending_register/interrupt_pending_reg[0]:CLK
  To:   MIV_ESS_C0_0/MIV_PLIC_0/interrupt_claim_complete_0/int_priority[2]:D
  Delay (ns):              0.207
  Slack (ns):              0.133
  Arrival (ns):            2.168
  Required (ns):           2.035
  Operating Conditions: fast_hv_lt

Path 91
  From: MIV_ESS_C0_0/MIV_PLIC_0/interrupt_claim_complete_0/plic_interrupt_complete_generation.genblk1[1].interrupt_complete_data[1]:CLK
  To:   MIV_ESS_C0_0/MIV_PLIC_0/plic_core_plic_gateway.genblk1[1].plic_gateway/interrupt_in_flight:D
  Delay (ns):              0.207
  Slack (ns):              0.133
  Arrival (ns):            2.168
  Required (ns):           2.035
  Operating Conditions: fast_hv_lt

Path 92
  From: MIV_ESS_C0_0/CoreUARTapb_0/uUART/make_RX/rx_bit_cnt[1]:CLK
  To:   MIV_ESS_C0_0/CoreUARTapb_0/uUART/make_RX/rx_bit_cnt[1]:D
  Delay (ns):              0.201
  Slack (ns):              0.133
  Arrival (ns):            2.156
  Required (ns):           2.023
  Operating Conditions: fast_hv_lt

Path 93
  From: sram_test_module_0/debug_counter_error_condition[0]:CLK
  To:   sram_test_module_0/debug_counter_error_condition[0]:D
  Delay (ns):              0.202
  Slack (ns):              0.134
  Arrival (ns):            2.160
  Required (ns):           2.026
  Operating Conditions: fast_hv_lt

Path 94
  From: sram_test_module_0/debug_counter_clr_compare[0]:CLK
  To:   sram_test_module_0/debug_counter_clr_compare[0]:D
  Delay (ns):              0.202
  Slack (ns):              0.134
  Arrival (ns):            2.166
  Required (ns):           2.032
  Operating Conditions: fast_hv_lt

Path 95
  From: sram_test_module_0/compare_reg_init[5]:CLK
  To:   sram_test_module_0/data_write_portA[5]:D
  Delay (ns):              0.222
  Slack (ns):              0.134
  Arrival (ns):            2.179
  Required (ns):           2.045
  Operating Conditions: fast_hv_lt

Path 96
  From: MIV_RV32_CFG1_C0_0/MIV_RV32_CFG1_C0_0/u_ipcore_0/gen_subsys_debug.u_subsys_debug_unit_0/miv_rv32_debug_du_0/command_reg[11]:CLK
  To:   MIV_RV32_CFG1_C0_0/MIV_RV32_CFG1_C0_0/u_ipcore_0/gen_subsys_debug.u_subsys_debug_unit_0/miv_rv32_debug_du_0/debug_csr_addr[11]:D
  Delay (ns):              0.208
  Slack (ns):              0.134
  Arrival (ns):            2.180
  Required (ns):           2.046
  Operating Conditions: fast_hv_lt

Path 97
  From: MIV_RV32_CFG1_C0_0/MIV_RV32_CFG1_C0_0/u_ipcore_0/gen_subsys_debug.u_subsys_debug_unit_0/MIV_subsys_debug_transport_module_jtag_0/gen_shift_register_active_high.gen_shift_register_active_low.shiftDR[20]:CLK
  To:   MIV_RV32_CFG1_C0_0/MIV_RV32_CFG1_C0_0/u_ipcore_0/gen_subsys_debug.u_subsys_debug_unit_0/MIV_subsys_debug_transport_module_jtag_0/gen_shift_register_active_high.gen_shift_register_active_low.shiftDR[19]:D
  Delay (ns):              0.213
  Slack (ns):              0.134
  Arrival (ns):            3.442
  Required (ns):           3.308
  Operating Conditions: fast_hv_lt

Path 98
  From: MIV_ESS_C0_0/MIV_PLIC_0/plic_core_ie.genblk1[1].interrupt_enable_register_0/interrupt_enable_reg:CLK
  To:   MIV_ESS_C0_0/MIV_PLIC_0/interrupt_claim_complete_0/plic_irq_id_1[0]:D
  Delay (ns):              0.208
  Slack (ns):              0.134
  Arrival (ns):            2.165
  Required (ns):           2.031
  Operating Conditions: fast_hv_lt

Path 99
  From: MIV_RV32_CFG1_C0_0/MIV_RV32_CFG1_C0_0/u_ipcore_0/gen_subsys_debug.u_subsys_debug_unit_0/miv_rv32_debug_du_0/command_reg[6]:CLK
  To:   MIV_RV32_CFG1_C0_0/MIV_RV32_CFG1_C0_0/u_ipcore_0/gen_subsys_debug.u_subsys_debug_unit_0/miv_rv32_debug_du_0/debug_csr_addr[6]:D
  Delay (ns):              0.209
  Slack (ns):              0.135
  Arrival (ns):            2.181
  Required (ns):           2.046
  Operating Conditions: fast_hv_lt

Path 100
  From: CoreTimer_C0_0/CoreTimer_C0_0/Load[16]:CLK
  To:   CoreTimer_C0_0/CoreTimer_C0_0/iPRDATA[16]:D
  Delay (ns):              0.209
  Slack (ns):              0.135
  Arrival (ns):            2.171
  Required (ns):           2.036
  Operating Conditions: fast_hv_lt

