Timing Report Max Delay Analysis

SmartTime Version 2025.2
Microchip Technology Inc. - Microchip Libero Software Release 2025.2 (Version 2025.2.0.14)
Date: Fri Jan 16 12:49:13 2026


Design: BaseDesign
Family: PolarFireSoC
Die: MPFS095T
Package: FCSG325
Temperature Range: 0 - 100 C
Voltage Range: 0.97 - 1.03 V
Speed Grade: -1
Design State: Post-Layout
Data source: Production
Multi Corner Report Operating Conditions: slow_lv_lt,fast_hv_lt,slow_lv_ht


-----------------------------------------------------
SUMMARY

Clock Domain:               PF_CCC_C0_0/PF_CCC_C0_0/pll_inst_0/OUT0
Required Period (ns):       20.000
Required Frequency (MHz):   50.000
Worst Slack (ns):           9.045
Operating Conditions:       slow_lv_ht

Clock Domain:               REF_CLK
Required Period (ns):       20.000
Required Frequency (MHz):   50.000
Worst Slack (ns):           
Operating Conditions:       

Clock Domain:               TCK
Required Period (ns):       166.670
Required Frequency (MHz):   6.000
Worst Slack (ns):           69.563
Operating Conditions:       slow_lv_ht

                            Input to Output
Max Delay (ns):             N/A

END SUMMARY
-----------------------------------------------------

Clock Domain PF_CCC_C0_0/PF_CCC_C0_0/pll_inst_0/OUT0

SET Register to Register

Path 1
  From: MIV_RV32_CFG1_C0_0/MIV_RV32_CFG1_C0_0/u_ipcore_0/u_hart_0/u_expipe_0/u_exu_0/fast_mul.miv_rv32_mul_0/WideMult_0_0/MACC_PHYS_INST/INST_MACC_IP:CLK
  To:   PF_SRAM_AHB_C0_0/PF_TPSRAM_AHB_AXI_0/PF_SRAM_AHB_C0_PF_TPSRAM_AHB_AXI_0_PF_TPSRAM_R36C0/INST_RAM1K20_IP:A_BLK_EN[2]
  Delay (ns):             10.187
  Slack (ns):              9.045
  Arrival (ns):           13.660
  Required (ns):          22.705
  Setup (ns):              0.607
  Minimum Period (ns):    10.820
  Operating Conditions: slow_lv_ht

Path 2
  From: MIV_RV32_CFG1_C0_0/MIV_RV32_CFG1_C0_0/u_ipcore_0/u_hart_0/u_expipe_0/u_exu_0/fast_mul.miv_rv32_mul_0/WideMult_0_0/MACC_PHYS_INST/INST_MACC_IP:CLK
  To:   PF_SRAM_AHB_C0_0/PF_TPSRAM_AHB_AXI_0/PF_SRAM_AHB_C0_PF_TPSRAM_AHB_AXI_0_PF_TPSRAM_R20C0/INST_RAM1K20_IP:A_BLK_EN[2]
  Delay (ns):             10.182
  Slack (ns):              9.050
  Arrival (ns):           13.655
  Required (ns):          22.705
  Setup (ns):              0.607
  Minimum Period (ns):    10.815
  Operating Conditions: slow_lv_ht

Path 3
  From: MIV_RV32_CFG1_C0_0/MIV_RV32_CFG1_C0_0/u_ipcore_0/u_hart_0/u_expipe_0/u_exu_0/fast_mul.miv_rv32_mul_0/WideMult_0_0/MACC_PHYS_INST/INST_MACC_IP:CLK
  To:   PF_SRAM_AHB_C0_0/PF_TPSRAM_AHB_AXI_0/PF_SRAM_AHB_C0_PF_TPSRAM_AHB_AXI_0_PF_TPSRAM_R23C0/INST_RAM1K20_IP:A_BLK_EN[2]
  Delay (ns):             10.151
  Slack (ns):              9.081
  Arrival (ns):           13.624
  Required (ns):          22.705
  Setup (ns):              0.607
  Minimum Period (ns):    10.784
  Operating Conditions: slow_lv_ht

Path 4
  From: MIV_RV32_CFG1_C0_0/MIV_RV32_CFG1_C0_0/u_ipcore_0/u_hart_0/u_expipe_0/u_exu_0/fast_mul.miv_rv32_mul_0/WideMult_0_0/MACC_PHYS_INST/INST_MACC_IP:CLK
  To:   PF_SRAM_AHB_C0_0/PF_TPSRAM_AHB_AXI_0/PF_SRAM_AHB_C0_PF_TPSRAM_AHB_AXI_0_PF_TPSRAM_R59C0/INST_RAM1K20_IP:A_BLK_EN[2]
  Delay (ns):             10.116
  Slack (ns):              9.123
  Arrival (ns):           13.589
  Required (ns):          22.712
  Setup (ns):              0.607
  Minimum Period (ns):    10.742
  Operating Conditions: slow_lv_ht

Path 5
  From: MIV_RV32_CFG1_C0_0/MIV_RV32_CFG1_C0_0/u_ipcore_0/u_hart_0/u_expipe_0/u_exu_0/fast_mul.miv_rv32_mul_0/WideMult_0_0/MACC_PHYS_INST/INST_MACC_IP:CLK
  To:   PF_SRAM_AHB_C0_0/PF_TPSRAM_AHB_AXI_0/PF_SRAM_AHB_C0_PF_TPSRAM_AHB_AXI_0_PF_TPSRAM_R19C0/INST_RAM1K20_IP:A_BLK_EN[2]
  Delay (ns):             10.092
  Slack (ns):              9.141
  Arrival (ns):           13.565
  Required (ns):          22.706
  Setup (ns):              0.607
  Minimum Period (ns):    10.724
  Operating Conditions: slow_lv_ht


Expanded Path 1
  From: MIV_RV32_CFG1_C0_0/MIV_RV32_CFG1_C0_0/u_ipcore_0/u_hart_0/u_expipe_0/u_exu_0/fast_mul.miv_rv32_mul_0/WideMult_0_0/MACC_PHYS_INST/INST_MACC_IP:CLK
  To: PF_SRAM_AHB_C0_0/PF_TPSRAM_AHB_AXI_0/PF_SRAM_AHB_C0_PF_TPSRAM_AHB_AXI_0_PF_TPSRAM_R36C0/INST_RAM1K20_IP:A_BLK_EN[2]
  data required time                                 22.705
  data arrival time                          -       13.660
  slack                                               9.045
  ________________________________________________________
  Data arrival time calculation
  0.000                        PF_CCC_C0_0/PF_CCC_C0_0/pll_inst_0/OUT0
               +     0.000          Clock source
  0.000                        PF_CCC_C0_0/PF_CCC_C0_0/pll_inst_0:OUT0 (r)
               +     1.336          Clock generation
  1.336                        
               +     0.197          net: PF_CCC_C0_0/PF_CCC_C0_0/pll_inst_0_clkint_0
  1.533                        PF_CCC_C0_0/PF_CCC_C0_0/clkint_0_1:A (r)
               +     0.141          cell: ADLIB:ICB_CLKINT
  1.674                        PF_CCC_C0_0/PF_CCC_C0_0/clkint_0_1:Y (r)
               +     0.602          net: PF_CCC_C0_0/PF_CCC_C0_0/clkint_0_NET
  2.276                        PF_CCC_C0_0/PF_CCC_C0_0/clkint_0:A (r)
               +     0.170          cell: ADLIB:GB
  2.446                        PF_CCC_C0_0/PF_CCC_C0_0/clkint_0:Y (r)
               +     0.406          net: PF_CCC_C0_0/PF_CCC_C0_0/clkint_0/U0_Y
  2.852                        PF_CCC_C0_0/PF_CCC_C0_0/clkint_0/U0_RGB1_RGB4:A (r)
               +     0.058          cell: ADLIB:RGB
  2.910                        PF_CCC_C0_0/PF_CCC_C0_0/clkint_0/U0_RGB1_RGB4:Y (f)
               +     0.563          net: PF_CCC_C0_0/PF_CCC_C0_0/clkint_0/U0_RGB1_RGB4_rgb_net_1
  3.473                        MIV_RV32_CFG1_C0_0/MIV_RV32_CFG1_C0_0/u_ipcore_0/u_hart_0/u_expipe_0/u_exu_0/fast_mul.miv_rv32_mul_0/WideMult_0_0/MACC_PHYS_INST/INST_MACC_IP:CLK (r)
               +     0.393          cell: ADLIB:MACC_IP
  3.866                        MIV_RV32_CFG1_C0_0/MIV_RV32_CFG1_C0_0/u_ipcore_0/u_hart_0/u_expipe_0/u_exu_0/fast_mul.miv_rv32_mul_0/WideMult_0_0/MACC_PHYS_INST/INST_MACC_IP:CDOUT[24] (f)
               +     0.077          net: MIV_RV32_CFG1_C0_0/MIV_RV32_CFG1_C0_0/u_ipcore_0/u_hart_0/u_expipe_0/u_exu_0/fast_mul.miv_rv32_mul_0/WideMult_1_0_cas[24]
  3.943                        MIV_RV32_CFG1_C0_0/MIV_RV32_CFG1_C0_0/u_ipcore_0/u_hart_0/u_expipe_0/u_exu_0/fast_mul.miv_rv32_mul_0/WideMult_1_0/MACC_PHYS_INST/INST_MACC_IP:CDIN[24] (f)
               +     1.997          cell: ADLIB:MACC_IP
  5.940                        MIV_RV32_CFG1_C0_0/MIV_RV32_CFG1_C0_0/u_ipcore_0/u_hart_0/u_expipe_0/u_exu_0/fast_mul.miv_rv32_mul_0/WideMult_1_0/MACC_PHYS_INST/INST_MACC_IP:CDOUT[21] (r)
               +     0.010          net: MIV_RV32_CFG1_C0_0/MIV_RV32_CFG1_C0_0/u_ipcore_0/u_hart_0/u_expipe_0/u_exu_0/fast_mul.miv_rv32_mul_0/WideMult_1_1_cas[21]
  5.950                        MIV_RV32_CFG1_C0_0/MIV_RV32_CFG1_C0_0/u_ipcore_0/u_hart_0/u_expipe_0/u_exu_0/fast_mul.miv_rv32_mul_0/WideMult_1_1/MACC_PHYS_INST/INST_MACC_IP:CDIN[21] (r)
               +     1.633          cell: ADLIB:MACC_IP
  7.583                        MIV_RV32_CFG1_C0_0/MIV_RV32_CFG1_C0_0/u_ipcore_0/u_hart_0/u_expipe_0/u_exu_0/fast_mul.miv_rv32_mul_0/WideMult_1_1/MACC_PHYS_INST/INST_MACC_IP:P[15] (r)
               +     0.467          net: MIV_RV32_CFG1_C0_0/MIV_RV32_CFG1_C0_0/u_ipcore_0/u_hart_0/u_expipe_0/u_exu_0/fast_mul.miv_rv32_mul_0/exu_alu_result_sel[32]
  8.050                        MIV_RV32_CFG1_C0_0/MIV_RV32_CFG1_C0_0/u_ipcore_0/u_hart_0/u_expipe_0/u_exu_0/fast_mul.miv_rv32_mul_0/exu_alu_result_4[0]:D (r)
               +     0.053          cell: ADLIB:CFG4
  8.103                        MIV_RV32_CFG1_C0_0/MIV_RV32_CFG1_C0_0/u_ipcore_0/u_hart_0/u_expipe_0/u_exu_0/fast_mul.miv_rv32_mul_0/exu_alu_result_4[0]:Y (r)
               +     0.067          net: MIV_RV32_CFG1_C0_0/MIV_RV32_CFG1_C0_0/u_ipcore_0/u_hart_0/u_expipe_0/u_exu_0/fast_mul.miv_rv32_mul_0/N_687
  8.170                        MIV_RV32_CFG1_C0_0/MIV_RV32_CFG1_C0_0/u_ipcore_0/u_hart_0/u_expipe_0/u_exu_0/fast_mul.miv_rv32_mul_0/exu_alu_result_6_0[0]:C (r)
               +     0.053          cell: ADLIB:CFG4
  8.223                        MIV_RV32_CFG1_C0_0/MIV_RV32_CFG1_C0_0/u_ipcore_0/u_hart_0/u_expipe_0/u_exu_0/fast_mul.miv_rv32_mul_0/exu_alu_result_6_0[0]:Y (r)
               +     0.054          net: MIV_RV32_CFG1_C0_0/MIV_RV32_CFG1_C0_0/u_ipcore_0/u_hart_0/u_expipe_0/u_exu_0/fast_mul.miv_rv32_mul_0/N_752
  8.277                        MIV_RV32_CFG1_C0_0/MIV_RV32_CFG1_C0_0/u_ipcore_0/u_hart_0/u_expipe_0/u_exu_0/fast_mul.miv_rv32_mul_0/exu_alu_result_7[0]:A (r)
               +     0.053          cell: ADLIB:CFG3
  8.330                        MIV_RV32_CFG1_C0_0/MIV_RV32_CFG1_C0_0/u_ipcore_0/u_hart_0/u_expipe_0/u_exu_0/fast_mul.miv_rv32_mul_0/exu_alu_result_7[0]:Y (r)
               +     0.066          net: MIV_RV32_CFG1_C0_0/MIV_RV32_CFG1_C0_0/u_ipcore_0/u_hart_0/u_expipe_0/u_exu_0/fast_mul.miv_rv32_mul_0/N_785
  8.396                        MIV_RV32_CFG1_C0_0/MIV_RV32_CFG1_C0_0/u_ipcore_0/u_hart_0/u_expipe_0/u_exu_0/fast_mul.miv_rv32_mul_0/exu_alu_result[0]:D (r)
               +     0.053          cell: ADLIB:CFG4
  8.449                        MIV_RV32_CFG1_C0_0/MIV_RV32_CFG1_C0_0/u_ipcore_0/u_hart_0/u_expipe_0/u_exu_0/fast_mul.miv_rv32_mul_0/exu_alu_result[0]:Y (r)
               +     0.081          net: MIV_RV32_CFG1_C0_0/MIV_RV32_CFG1_C0_0/u_ipcore_0/u_hart_0/u_expipe_0/exu_result_flags_ex.cmp_cond
  8.530                        MIV_RV32_CFG1_C0_0/MIV_RV32_CFG1_C0_0/u_ipcore_0/u_hart_0/u_expipe_0/u_idecode_0/instr_inhibit_ex_i_0_o3_RNIUK08MB:C (r)
               +     0.090          cell: ADLIB:CFG4
  8.620                        MIV_RV32_CFG1_C0_0/MIV_RV32_CFG1_C0_0/u_ipcore_0/u_hart_0/u_expipe_0/u_idecode_0/instr_inhibit_ex_i_0_o3_RNIUK08MB:Y (r)
               +     0.240          net: MIV_RV32_CFG1_C0_0/MIV_RV32_CFG1_C0_0/u_ipcore_0/u_hart_0/ifu_expipe_req_branch_excpt_req_valid_net
  8.860                        MIV_RV32_CFG1_C0_0/MIV_RV32_CFG1_C0_0/u_ipcore_0/u_hart_0/u_fetch_unit_0/sticky_branch_reg_RNI1VG1H:B (r)
               +     0.051          cell: ADLIB:CFG3
  8.911                        MIV_RV32_CFG1_C0_0/MIV_RV32_CFG1_C0_0/u_ipcore_0/u_hart_0/u_fetch_unit_0/sticky_branch_reg_RNI1VG1H:Y (f)
               +     0.083          net: MIV_RV32_CFG1_C0_0/MIV_RV32_CFG1_C0_0/u_ipcore_0/un5_fetch_ptr_sel_i
  8.994                        MIV_RV32_CFG1_C0_0/MIV_RV32_CFG1_C0_0/u_ipcore_0/u_hart_0/u_fetch_unit_0/next_req_fetch_ptr[29]:D (f)
               +     0.050          cell: ADLIB:CFG4
  9.044                        MIV_RV32_CFG1_C0_0/MIV_RV32_CFG1_C0_0/u_ipcore_0/u_hart_0/u_fetch_unit_0/next_req_fetch_ptr[29]:Y (r)
               +     0.298          net: MIV_RV32_CFG1_C0_0/MIV_RV32_CFG1_C0_0/u_ipcore_0/apb_i_req_addr_net[29]
  9.342                        MIV_RV32_CFG1_C0_0/MIV_RV32_CFG1_C0_0/u_ipcore_0/u_subsys_interconnect_0/un1_cpu_i_req_is_ahb:D (r)
               +     0.200          cell: ADLIB:CFG4
  9.542                        MIV_RV32_CFG1_C0_0/MIV_RV32_CFG1_C0_0/u_ipcore_0/u_subsys_interconnect_0/un1_cpu_i_req_is_ahb:Y (r)
               +     0.059          net: MIV_RV32_CFG1_C0_0/MIV_RV32_CFG1_C0_0/u_ipcore_0/un1_cpu_i_req_is_ahb
  9.601                        MIV_RV32_CFG1_C0_0/MIV_RV32_CFG1_C0_0/u_ipcore_0/gen_ahb.u_subsys_ahb_0/u_ahb_req_arb/req_masked[0]:C (r)
               +     0.051          cell: ADLIB:CFG4
  9.652                        MIV_RV32_CFG1_C0_0/MIV_RV32_CFG1_C0_0/u_ipcore_0/gen_ahb.u_subsys_ahb_0/u_ahb_req_arb/req_masked[0]:Y (f)
               +     0.076          net: MIV_RV32_CFG1_C0_0/MIV_RV32_CFG1_C0_0/u_ipcore_0/gen_ahb.u_subsys_ahb_0/u_ahb_req_arb/req_masked_Z[0]
  9.728                        MIV_RV32_CFG1_C0_0/MIV_RV32_CFG1_C0_0/u_ipcore_0/gen_ahb.u_subsys_ahb_0/u_ahb_req_arb/gnt_0[1]:A (f)
               +     0.050          cell: ADLIB:CFG3
  9.778                        MIV_RV32_CFG1_C0_0/MIV_RV32_CFG1_C0_0/u_ipcore_0/gen_ahb.u_subsys_ahb_0/u_ahb_req_arb/gnt_0[1]:Y (r)
               +     0.081          net: MIV_RV32_CFG1_C0_0/MIV_RV32_CFG1_C0_0/u_ipcore_0/ahb_d_req_ready_net
  9.859                        MIV_RV32_CFG1_C0_0/MIV_RV32_CFG1_C0_0/u_ipcore_0/gen_ahb.u_subsys_ahb_0/raddr_mux_loop_l1.un9_req_wr_byte_en_mux[0]:D (r)
               +     0.053          cell: ADLIB:CFG4
  9.912                        MIV_RV32_CFG1_C0_0/MIV_RV32_CFG1_C0_0/u_ipcore_0/gen_ahb.u_subsys_ahb_0/raddr_mux_loop_l1.un9_req_wr_byte_en_mux[0]:Y (r)
               +     0.288          net: MIV_RV32_CFG1_C0_0/MIV_RV32_CFG1_C0_0/u_ipcore_0/gen_ahb.u_subsys_ahb_0/un9_req_wr_byte_en_mux[0]
  10.200                       MIV_RV32_CFG1_C0_0/MIV_RV32_CFG1_C0_0/u_ipcore_0/gen_ahb.u_subsys_ahb_0/un1_hwrite_reg:A (r)
               +     0.200          cell: ADLIB:CFG4
  10.400                       MIV_RV32_CFG1_C0_0/MIV_RV32_CFG1_C0_0/u_ipcore_0/gen_ahb.u_subsys_ahb_0/un1_hwrite_reg:Y (r)
               +     0.076          net: MIV_RV32_CFG1_C0_0/MIV_RV32_CFG1_C0_0/u_ipcore_0/gen_ahb.u_subsys_ahb_0/un1_hwrite_reg_Z
  10.476                       MIV_RV32_CFG1_C0_0/MIV_RV32_CFG1_C0_0/u_ipcore_0/gen_ahb.u_subsys_ahb_0/hwrite_iv:D (r)
               +     0.053          cell: ADLIB:CFG4
  10.529                       MIV_RV32_CFG1_C0_0/MIV_RV32_CFG1_C0_0/u_ipcore_0/gen_ahb.u_subsys_ahb_0/hwrite_iv:Y (r)
               +     0.064          net: MIV_RV32_CFG1_C0_0_AHBL_M_TARGET_HWRITE
  10.593                       PF_SRAM_AHB_C0_0/COREAHBLSRAM_PF_0/genblk1.genblk1.U_PF_SRAM_AHB_C0_COREAHBLSRAM_PF_0_AHBLSram/ahbsram_addr_t_cZ[14]:B (r)
               +     0.051          cell: ADLIB:CFG3
  10.644                       PF_SRAM_AHB_C0_0/COREAHBLSRAM_PF_0/genblk1.genblk1.U_PF_SRAM_AHB_C0_COREAHBLSRAM_PF_0_AHBLSram/ahbsram_addr_t_cZ[14]:Y (f)
               +     0.151          net: PF_SRAM_AHB_C0_0/ahbsram_addr_t[14]
  10.795                       PF_SRAM_AHB_C0_0/PF_TPSRAM_AHB_AXI_0/CFG3_9:B (f)
               +     0.136          cell: ADLIB:CFG3
  10.931                       PF_SRAM_AHB_C0_0/PF_TPSRAM_AHB_AXI_0/CFG3_9:Y (r)
               +     0.898          net: PF_SRAM_AHB_C0_0/PF_TPSRAM_AHB_AXI_0/CFG3_9_Y
  11.829                       PF_SRAM_AHB_C0_0/PF_TPSRAM_AHB_AXI_0/CFG2_BLKY2[9]:A (r)
               +     0.090          cell: ADLIB:CFG2
  11.919                       PF_SRAM_AHB_C0_0/PF_TPSRAM_AHB_AXI_0/CFG2_BLKY2[9]:Y (r)
               +     1.499          net: PF_SRAM_AHB_C0_0/PF_TPSRAM_AHB_AXI_0/Z_BLKY2_9_
  13.418                       PF_SRAM_AHB_C0_0/PF_TPSRAM_AHB_AXI_0/PF_SRAM_AHB_C0_PF_TPSRAM_AHB_AXI_0_PF_TPSRAM_R36C0/CFG_10:A (r)
               +     0.078          cell: ADLIB:CFG4_IP_ABCD
  13.496                       PF_SRAM_AHB_C0_0/PF_TPSRAM_AHB_AXI_0/PF_SRAM_AHB_C0_PF_TPSRAM_AHB_AXI_0_PF_TPSRAM_R36C0/CFG_10:Y (r)
               +     0.164          net: PF_SRAM_AHB_C0_0/PF_TPSRAM_AHB_AXI_0/PF_SRAM_AHB_C0_PF_TPSRAM_AHB_AXI_0_PF_TPSRAM_R36C0/A_BLK_EN_net[2]
  13.660                       PF_SRAM_AHB_C0_0/PF_TPSRAM_AHB_AXI_0/PF_SRAM_AHB_C0_PF_TPSRAM_AHB_AXI_0_PF_TPSRAM_R36C0/INST_RAM1K20_IP:A_BLK_EN[2] (r)
                                    
  13.660                       data arrival time
  ________________________________________________________
  Data required time calculation
  20.000                       PF_CCC_C0_0/PF_CCC_C0_0/pll_inst_0/OUT0
               +     0.000          Clock source
  20.000                       PF_CCC_C0_0/PF_CCC_C0_0/pll_inst_0:OUT0 (r)
               +     1.211          Clock generation
  21.211                       
               +     0.180          net: PF_CCC_C0_0/PF_CCC_C0_0/pll_inst_0_clkint_0
  21.391                       PF_CCC_C0_0/PF_CCC_C0_0/clkint_0_1:A (r)
               +     0.122          cell: ADLIB:ICB_CLKINT
  21.513                       PF_CCC_C0_0/PF_CCC_C0_0/clkint_0_1:Y (r)
               +     0.548          net: PF_CCC_C0_0/PF_CCC_C0_0/clkint_0_NET
  22.061                       PF_CCC_C0_0/PF_CCC_C0_0/clkint_0:A (r)
               +     0.155          cell: ADLIB:GB
  22.216                       PF_CCC_C0_0/PF_CCC_C0_0/clkint_0:Y (r)
               +     0.366          net: PF_CCC_C0_0/PF_CCC_C0_0/clkint_0/U0_Y
  22.582                       PF_CCC_C0_0/PF_CCC_C0_0/clkint_0/U0_RGB1_RGB6:A (r)
               +     0.052          cell: ADLIB:RGB
  22.634                       PF_CCC_C0_0/PF_CCC_C0_0/clkint_0/U0_RGB1_RGB6:Y (f)
               +     0.580          net: PF_CCC_C0_0/PF_CCC_C0_0/clkint_0/U0_RGB1_RGB6_rgb_net_1
  23.214                       PF_SRAM_AHB_C0_0/PF_TPSRAM_AHB_AXI_0/PF_SRAM_AHB_C0_PF_TPSRAM_AHB_AXI_0_PF_TPSRAM_R36C0/INST_RAM1K20_IP:A_CLK (r)
               +     0.233          
  23.447                       clock reconvergence pessimism
               -     0.135          
  23.312                       clock jitter
               -     0.607          Library setup time: ADLIB:RAM1K20_IP
  22.705                       PF_SRAM_AHB_C0_0/PF_TPSRAM_AHB_AXI_0/PF_SRAM_AHB_C0_PF_TPSRAM_AHB_AXI_0_PF_TPSRAM_R36C0/INST_RAM1K20_IP:A_BLK_EN[2]
                                    
  22.705                       data required time


Operating Conditions : slow_lv_ht

END SET Register to Register

----------------------------------------------------

SET External Setup

Path 1
  From: INT_2
  To:   MIV_ESS_C0_0/CoreGPIO_0/xhdl1.GEN_BITS[2].gpin1[2]:D
  Delay (ns):              7.757
  Arrival (ns):            7.757
  Setup (ns):              0.000
  External Setup (ns):     4.831
  Operating Conditions: slow_lv_ht

Path 2
  From: INT_1
  To:   MIV_ESS_C0_0/CoreGPIO_0/xhdl1.GEN_BITS[3].gpin1[3]:D
  Delay (ns):              7.612
  Arrival (ns):            7.612
  Setup (ns):              0.000
  External Setup (ns):     4.686
  Operating Conditions: slow_lv_ht

Path 3
  From: RX
  To:   MIV_ESS_C0_0/CoreUARTapb_0/uUART/make_RX/samples_2[0]:D
  Delay (ns):              2.052
  Arrival (ns):            2.052
  Setup (ns):              0.000
  External Setup (ns):     0.240
  Operating Conditions: fast_hv_lt

Path 4
  From: SW_1
  To:   MIV_ESS_C0_0/CoreGPIO_0/xhdl1.GEN_BITS_0[0]:D
  Delay (ns):              1.709
  Arrival (ns):            1.709
  Setup (ns):              0.000
  External Setup (ns):    -0.103
  Operating Conditions: fast_hv_lt

Path 5
  From: SW_2
  To:   MIV_ESS_C0_0/CoreGPIO_0/xhdl1.GEN_BITS_0[1]:D
  Delay (ns):              1.535
  Arrival (ns):            1.535
  Setup (ns):              0.000
  External Setup (ns):    -0.263
  Operating Conditions: fast_hv_lt


Expanded Path 1
  From: INT_2
  To: MIV_ESS_C0_0/CoreGPIO_0/xhdl1.GEN_BITS[2].gpin1[2]:D
  data required time                                    N/C
  data arrival time                          -        7.757
  slack                                                 N/C
  ________________________________________________________
  Data arrival time calculation
  0.000                        INT_2 (f)
               +     0.000          net: INT_2
  0.000                        INT_2_ibuf/U_IOPAD:PAD (f)
               +     1.192          cell: ADLIB:IOPAD_IN
  1.192                        INT_2_ibuf/U_IOPAD:Y (f)
               +     0.000          net: INT_2_ibuf/YIN
  1.192                        INT_2_ibuf/U_IOIN:YIN (f)
               +     0.338          cell: ADLIB:IOIN_IB_E
  1.530                        INT_2_ibuf/U_IOIN:Y (f)
               +     6.227          net: INT_2_c
  7.757                        MIV_ESS_C0_0/CoreGPIO_0/xhdl1.GEN_BITS[2].gpin1[2]:D (f)
                                    
  7.757                        data arrival time
  ________________________________________________________
  Data required time calculation
  N/C                          PF_CCC_C0_0/PF_CCC_C0_0/pll_inst_0/OUT0
               +     0.000          Clock source
  N/C                          PF_CCC_C0_0/PF_CCC_C0_0/pll_inst_0:OUT0 (r)
               +     1.211          Clock generation
  N/C                          
               +     0.180          net: PF_CCC_C0_0/PF_CCC_C0_0/pll_inst_0_clkint_0
  N/C                          PF_CCC_C0_0/PF_CCC_C0_0/clkint_0_1:A (r)
               +     0.122          cell: ADLIB:ICB_CLKINT
  N/C                          PF_CCC_C0_0/PF_CCC_C0_0/clkint_0_1:Y (r)
               +     0.548          net: PF_CCC_C0_0/PF_CCC_C0_0/clkint_0_NET
  N/C                          PF_CCC_C0_0/PF_CCC_C0_0/clkint_0:A (r)
               +     0.155          cell: ADLIB:GB
  N/C                          PF_CCC_C0_0/PF_CCC_C0_0/clkint_0:Y (r)
               +     0.368          net: PF_CCC_C0_0/PF_CCC_C0_0/clkint_0/U0_Y
  N/C                          PF_CCC_C0_0/PF_CCC_C0_0/clkint_0/U0_RGB1_RGB5:A (r)
               +     0.052          cell: ADLIB:RGB
  N/C                          PF_CCC_C0_0/PF_CCC_C0_0/clkint_0/U0_RGB1_RGB5:Y (f)
               +     0.425          net: PF_CCC_C0_0/PF_CCC_C0_0/clkint_0/U0_RGB1_RGB5_rgb_net_1
  N/C                          MIV_ESS_C0_0/CoreGPIO_0/xhdl1.GEN_BITS[2].gpin1[2]:CLK (r)
               -     0.135          
  N/C                          clock jitter
               -     0.000          Library setup time: ADLIB:SLE
  N/C                          MIV_ESS_C0_0/CoreGPIO_0/xhdl1.GEN_BITS[2].gpin1[2]:D


Operating Conditions : slow_lv_ht

END SET External Setup

----------------------------------------------------

SET Clock to Output

Path 1
  From: MIV_ESS_C0_0/CoreGPIO_0/xhdl1.GEN_BITS[1].APB_32.GPOUT_reg[1]:CLK
  To:   LED_2
  Delay (ns):              5.329
  Arrival (ns):            8.721
  Clock to Out (ns):       8.721
  Operating Conditions: slow_lv_ht

Path 2
  From: MIV_ESS_C0_0/CoreUARTapb_0/uUART/make_TX/tx:CLK
  To:   TX
  Delay (ns):              5.051
  Arrival (ns):            8.441
  Clock to Out (ns):       8.441
  Operating Conditions: slow_lv_ht

Path 3
  From: MIV_ESS_C0_0/CoreGPIO_0/xhdl1.GEN_BITS[0].APB_32.GPOUT_reg[0]:CLK
  To:   LED_1
  Delay (ns):              4.441
  Arrival (ns):            7.833
  Clock to Out (ns):       7.833
  Operating Conditions: slow_lv_ht

Path 4
  From: MIV_ESS_C0_0/CoreGPIO_0/xhdl1.GEN_BITS[2].APB_32.GPOUT_reg[2]:CLK
  To:   LED_3
  Delay (ns):              4.243
  Arrival (ns):            7.635
  Clock to Out (ns):       7.635
  Operating Conditions: slow_lv_ht

Path 5
  From: MIV_ESS_C0_0/CoreGPIO_0/xhdl1.GEN_BITS[3].APB_32.GPOUT_reg[3]:CLK
  To:   LED_4
  Delay (ns):              4.091
  Arrival (ns):            7.483
  Clock to Out (ns):       7.483
  Operating Conditions: slow_lv_ht


Expanded Path 1
  From: MIV_ESS_C0_0/CoreGPIO_0/xhdl1.GEN_BITS[1].APB_32.GPOUT_reg[1]:CLK
  To: LED_2
  data required time                                    N/C
  data arrival time                          -        8.721
  slack                                                 N/C
  ________________________________________________________
  Data arrival time calculation
  0.000                        PF_CCC_C0_0/PF_CCC_C0_0/pll_inst_0/OUT0
               +     0.000          Clock source
  0.000                        PF_CCC_C0_0/PF_CCC_C0_0/pll_inst_0:OUT0 (r)
               +     1.336          Clock generation
  1.336                        
               +     0.197          net: PF_CCC_C0_0/PF_CCC_C0_0/pll_inst_0_clkint_0
  1.533                        PF_CCC_C0_0/PF_CCC_C0_0/clkint_0_1:A (r)
               +     0.141          cell: ADLIB:ICB_CLKINT
  1.674                        PF_CCC_C0_0/PF_CCC_C0_0/clkint_0_1:Y (r)
               +     0.602          net: PF_CCC_C0_0/PF_CCC_C0_0/clkint_0_NET
  2.276                        PF_CCC_C0_0/PF_CCC_C0_0/clkint_0:A (r)
               +     0.170          cell: ADLIB:GB
  2.446                        PF_CCC_C0_0/PF_CCC_C0_0/clkint_0:Y (r)
               +     0.406          net: PF_CCC_C0_0/PF_CCC_C0_0/clkint_0/U0_Y
  2.852                        PF_CCC_C0_0/PF_CCC_C0_0/clkint_0/U0_RGB1_RGB5:A (r)
               +     0.058          cell: ADLIB:RGB
  2.910                        PF_CCC_C0_0/PF_CCC_C0_0/clkint_0/U0_RGB1_RGB5:Y (f)
               +     0.482          net: PF_CCC_C0_0/PF_CCC_C0_0/clkint_0/U0_RGB1_RGB5_rgb_net_1
  3.392                        MIV_ESS_C0_0/CoreGPIO_0/xhdl1.GEN_BITS[1].APB_32.GPOUT_reg[1]:CLK (r)
               +     0.190          cell: ADLIB:SLE
  3.582                        MIV_ESS_C0_0/CoreGPIO_0/xhdl1.GEN_BITS[1].APB_32.GPOUT_reg[1]:Q (f)
               +     2.155          net: LED_2_c
  5.737                        LED_2_obuf/U_IOTRI:D (f)
               +     0.918          cell: ADLIB:IOTRI_OB_EB
  6.655                        LED_2_obuf/U_IOTRI:DOUT (f)
               +     0.000          net: LED_2_obuf/DOUT
  6.655                        LED_2_obuf/U_IOPAD:D (f)
               +     2.066          cell: ADLIB:IOPAD_TRI
  8.721                        LED_2_obuf/U_IOPAD:PAD (f)
               +     0.000          net: LED_2
  8.721                        LED_2 (f)
                                    
  8.721                        data arrival time
  ________________________________________________________
  Data required time calculation
  N/C                          PF_CCC_C0_0/PF_CCC_C0_0/pll_inst_0/OUT0
                                    
  N/C                          LED_2 (f)


Operating Conditions : slow_lv_ht

END SET Clock to Output

----------------------------------------------------

SET Register to Asynchronous

Path 1
  From: CORERESET_PF_C0_0/CORERESET_PF_C0_0/dff_15[0]:CLK
  To:   MIV_RV32_CFG1_C0_0/MIV_RV32_CFG1_C0_0/u_ipcore_0/gen_ahb.u_subsys_ahb_0/haddr_reg[1]:ALn
  Delay (ns):              3.481
  Slack (ns):             16.045
  Arrival (ns):            6.875
  Required (ns):          22.920
  Recovery (ns):           0.196
  Minimum Period (ns):     3.820
  Skew (ns):               0.143
  Operating Conditions: slow_lv_ht

Path 2
  From: CORERESET_PF_C0_0/CORERESET_PF_C0_0/dff_15[0]:CLK
  To:   MIV_RV32_CFG1_C0_0/MIV_RV32_CFG1_C0_0/u_ipcore_0/gen_ahb.u_subsys_ahb_0/htrans_reg[1]:ALn
  Delay (ns):              3.456
  Slack (ns):             16.070
  Arrival (ns):            6.850
  Required (ns):          22.920
  Recovery (ns):           0.196
  Minimum Period (ns):     3.795
  Skew (ns):               0.143
  Operating Conditions: slow_lv_ht

Path 3
  From: CORERESET_PF_C0_0/CORERESET_PF_C0_0/dff_15[0]:CLK
  To:   MIV_RV32_CFG1_C0_0/MIV_RV32_CFG1_C0_0/u_ipcore_0/gen_ahb.u_subsys_ahb_0/u_ahb_req_arb/sel_reg[1]:ALn
  Delay (ns):              3.401
  Slack (ns):             16.153
  Arrival (ns):            6.795
  Required (ns):          22.948
  Recovery (ns):           0.196
  Minimum Period (ns):     3.712
  Skew (ns):               0.115
  Operating Conditions: slow_lv_ht

Path 4
  From: CORERESET_PF_C0_0/CORERESET_PF_C0_0/dff_15[0]:CLK
  To:   MIV_RV32_CFG1_C0_0/MIV_RV32_CFG1_C0_0/u_ipcore_0/gen_ahb.u_subsys_ahb_0/u_ahb_req_arb/is_locked:ALn
  Delay (ns):              3.401
  Slack (ns):             16.153
  Arrival (ns):            6.795
  Required (ns):          22.948
  Recovery (ns):           0.196
  Minimum Period (ns):     3.712
  Skew (ns):               0.115
  Operating Conditions: slow_lv_ht

Path 5
  From: CORERESET_PF_C0_0/CORERESET_PF_C0_0/dff_15[0]:CLK
  To:   MIV_RV32_CFG1_C0_0/MIV_RV32_CFG1_C0_0/u_ipcore_0/gen_ahb.u_subsys_ahb_0/u_ahb_req_arb/hipri_req_ptr[0]:ALn
  Delay (ns):              3.400
  Slack (ns):             16.154
  Arrival (ns):            6.794
  Required (ns):          22.948
  Recovery (ns):           0.196
  Minimum Period (ns):     3.711
  Skew (ns):               0.115
  Operating Conditions: slow_lv_ht


Expanded Path 1
  From: CORERESET_PF_C0_0/CORERESET_PF_C0_0/dff_15[0]:CLK
  To: MIV_RV32_CFG1_C0_0/MIV_RV32_CFG1_C0_0/u_ipcore_0/gen_ahb.u_subsys_ahb_0/haddr_reg[1]:ALn
  data required time                                 22.920
  data arrival time                          -        6.875
  slack                                              16.045
  ________________________________________________________
  Data arrival time calculation
  0.000                        PF_CCC_C0_0/PF_CCC_C0_0/pll_inst_0/OUT0
               +     0.000          Clock source
  0.000                        PF_CCC_C0_0/PF_CCC_C0_0/pll_inst_0:OUT0 (r)
               +     1.336          Clock generation
  1.336                        
               +     0.197          net: PF_CCC_C0_0/PF_CCC_C0_0/pll_inst_0_clkint_0
  1.533                        PF_CCC_C0_0/PF_CCC_C0_0/clkint_0_1:A (r)
               +     0.141          cell: ADLIB:ICB_CLKINT
  1.674                        PF_CCC_C0_0/PF_CCC_C0_0/clkint_0_1:Y (r)
               +     0.602          net: PF_CCC_C0_0/PF_CCC_C0_0/clkint_0_NET
  2.276                        PF_CCC_C0_0/PF_CCC_C0_0/clkint_0:A (r)
               +     0.170          cell: ADLIB:GB
  2.446                        PF_CCC_C0_0/PF_CCC_C0_0/clkint_0:Y (r)
               +     0.407          net: PF_CCC_C0_0/PF_CCC_C0_0/clkint_0/U0_Y
  2.853                        PF_CCC_C0_0/PF_CCC_C0_0/clkint_0/U0_RGB1_RGB3:A (r)
               +     0.058          cell: ADLIB:RGB
  2.911                        PF_CCC_C0_0/PF_CCC_C0_0/clkint_0/U0_RGB1_RGB3:Y (f)
               +     0.483          net: PF_CCC_C0_0/PF_CCC_C0_0/clkint_0/U0_RGB1_RGB3_rgb_net_1
  3.394                        CORERESET_PF_C0_0/CORERESET_PF_C0_0/dff_15[0]:CLK (r)
               +     0.209          cell: ADLIB:SLE
  3.603                        CORERESET_PF_C0_0/CORERESET_PF_C0_0/dff_15[0]:Q (r)
               +     1.090          net: CORERESET_PF_C0_0_CORERESET_PF_C0_0_dff
  4.693                        MIV_RV32_CFG1_C0_0/MIV_RV32_CFG1_C0_0/u_ipcore_0/subsys_resetn:A (r)
               +     0.090          cell: ADLIB:CFG2
  4.783                        MIV_RV32_CFG1_C0_0/MIV_RV32_CFG1_C0_0/u_ipcore_0/subsys_resetn:Y (r)
               +     2.092          net: MIV_RV32_CFG1_C0_0/MIV_RV32_CFG1_C0_0/u_ipcore_0/subsys_resetn_Z
  6.875                        MIV_RV32_CFG1_C0_0/MIV_RV32_CFG1_C0_0/u_ipcore_0/gen_ahb.u_subsys_ahb_0/haddr_reg[1]:ALn (r)
                                    
  6.875                        data arrival time
  ________________________________________________________
  Data required time calculation
  20.000                       PF_CCC_C0_0/PF_CCC_C0_0/pll_inst_0/OUT0
               +     0.000          Clock source
  20.000                       PF_CCC_C0_0/PF_CCC_C0_0/pll_inst_0:OUT0 (r)
               +     1.211          Clock generation
  21.211                       
               +     0.180          net: PF_CCC_C0_0/PF_CCC_C0_0/pll_inst_0_clkint_0
  21.391                       PF_CCC_C0_0/PF_CCC_C0_0/clkint_0_1:A (r)
               +     0.122          cell: ADLIB:ICB_CLKINT
  21.513                       PF_CCC_C0_0/PF_CCC_C0_0/clkint_0_1:Y (r)
               +     0.548          net: PF_CCC_C0_0/PF_CCC_C0_0/clkint_0_NET
  22.061                       PF_CCC_C0_0/PF_CCC_C0_0/clkint_0:A (r)
               +     0.155          cell: ADLIB:GB
  22.216                       PF_CCC_C0_0/PF_CCC_C0_0/clkint_0:Y (r)
               +     0.368          net: PF_CCC_C0_0/PF_CCC_C0_0/clkint_0/U0_Y
  22.584                       PF_CCC_C0_0/PF_CCC_C0_0/clkint_0/U0_RGB1_RGB5:A (r)
               +     0.052          cell: ADLIB:RGB
  22.636                       PF_CCC_C0_0/PF_CCC_C0_0/clkint_0/U0_RGB1_RGB5:Y (f)
               +     0.382          net: PF_CCC_C0_0/PF_CCC_C0_0/clkint_0/U0_RGB1_RGB5_rgb_net_1
  23.018                       MIV_RV32_CFG1_C0_0/MIV_RV32_CFG1_C0_0/u_ipcore_0/gen_ahb.u_subsys_ahb_0/haddr_reg[1]:CLK (r)
               +     0.233          
  23.251                       clock reconvergence pessimism
               -     0.135          
  23.116                       clock jitter
               -     0.196          Library recovery time: ADLIB:SLE
  22.920                       MIV_RV32_CFG1_C0_0/MIV_RV32_CFG1_C0_0/u_ipcore_0/gen_ahb.u_subsys_ahb_0/haddr_reg[1]:ALn
                                    
  22.920                       data required time


Operating Conditions : slow_lv_ht

END SET Register to Asynchronous

----------------------------------------------------

SET External Recovery

Path 1
  From: USER_RST
  To:   CORERESET_PF_C0_0/CORERESET_PF_C0_0/dff_12[0]:ALn
  Delay (ns):              2.952
  Arrival (ns):            2.952
  Recovery (ns):           0.209
  External Recovery (ns):   0.233
  Operating Conditions: slow_lv_ht

Path 2
  From: USER_RST
  To:   CORERESET_PF_C0_0/CORERESET_PF_C0_0/dff_10[0]:ALn
  Delay (ns):              2.952
  Arrival (ns):            2.952
  Recovery (ns):           0.209
  External Recovery (ns):   0.233
  Operating Conditions: slow_lv_ht

Path 3
  From: USER_RST
  To:   CORERESET_PF_C0_0/CORERESET_PF_C0_0/dff_4[0]:ALn
  Delay (ns):              2.951
  Arrival (ns):            2.951
  Recovery (ns):           0.209
  External Recovery (ns):   0.232
  Operating Conditions: slow_lv_ht

Path 4
  From: USER_RST
  To:   CORERESET_PF_C0_0/CORERESET_PF_C0_0/dff_15[0]:ALn
  Delay (ns):              2.951
  Arrival (ns):            2.951
  Recovery (ns):           0.209
  External Recovery (ns):   0.232
  Operating Conditions: slow_lv_ht

Path 5
  From: USER_RST
  To:   CORERESET_PF_C0_0/CORERESET_PF_C0_0/dff_11[0]:ALn
  Delay (ns):              2.950
  Arrival (ns):            2.950
  Recovery (ns):           0.209
  External Recovery (ns):   0.231
  Operating Conditions: slow_lv_ht


Expanded Path 1
  From: USER_RST
  To: CORERESET_PF_C0_0/CORERESET_PF_C0_0/dff_12[0]:ALn
  data required time                                    N/C
  data arrival time                          -        2.952
  slack                                                 N/C
  ________________________________________________________
  Data arrival time calculation
  0.000                        USER_RST (r)
               +     0.000          net: USER_RST
  0.000                        USER_RST_ibuf/U_IOPAD:PAD (r)
               +     0.610          cell: ADLIB:IOPAD_IN
  0.610                        USER_RST_ibuf/U_IOPAD:Y (r)
               +     0.000          net: USER_RST_ibuf/YIN
  0.610                        USER_RST_ibuf/U_IOIN:YIN (r)
               +     0.336          cell: ADLIB:IOIN_IB_E
  0.946                        USER_RST_ibuf/U_IOIN:Y (r)
               +     1.322          net: USER_RST_c
  2.268                        CORERESET_PF_C0_0/CORERESET_PF_C0_0/un1_EXT_RST_N_2:A (r)
               +     0.090          cell: ADLIB:CFG3
  2.358                        CORERESET_PF_C0_0/CORERESET_PF_C0_0/un1_EXT_RST_N_2:Y (r)
               +     0.594          net: CORERESET_PF_C0_0/CORERESET_PF_C0_0/un1_EXT_RST_N_2_Z
  2.952                        CORERESET_PF_C0_0/CORERESET_PF_C0_0/dff_12[0]:ALn (r)
                                    
  2.952                        data arrival time
  ________________________________________________________
  Data required time calculation
  N/C                          PF_CCC_C0_0/PF_CCC_C0_0/pll_inst_0/OUT0
               +     0.000          Clock source
  N/C                          PF_CCC_C0_0/PF_CCC_C0_0/pll_inst_0:OUT0 (r)
               +     1.211          Clock generation
  N/C                          
               +     0.180          net: PF_CCC_C0_0/PF_CCC_C0_0/pll_inst_0_clkint_0
  N/C                          PF_CCC_C0_0/PF_CCC_C0_0/clkint_0_1:A (r)
               +     0.122          cell: ADLIB:ICB_CLKINT
  N/C                          PF_CCC_C0_0/PF_CCC_C0_0/clkint_0_1:Y (r)
               +     0.548          net: PF_CCC_C0_0/PF_CCC_C0_0/clkint_0_NET
  N/C                          PF_CCC_C0_0/PF_CCC_C0_0/clkint_0:A (r)
               +     0.155          cell: ADLIB:GB
  N/C                          PF_CCC_C0_0/PF_CCC_C0_0/clkint_0:Y (r)
               +     0.369          net: PF_CCC_C0_0/PF_CCC_C0_0/clkint_0/U0_Y
  N/C                          PF_CCC_C0_0/PF_CCC_C0_0/clkint_0/U0_RGB1_RGB3:A (r)
               +     0.052          cell: ADLIB:RGB
  N/C                          PF_CCC_C0_0/PF_CCC_C0_0/clkint_0/U0_RGB1_RGB3:Y (f)
               +     0.426          net: PF_CCC_C0_0/PF_CCC_C0_0/clkint_0/U0_RGB1_RGB3_rgb_net_1
  N/C                          CORERESET_PF_C0_0/CORERESET_PF_C0_0/dff_12[0]:CLK (r)
               -     0.135          
  N/C                          clock jitter
               -     0.209          Library recovery time: ADLIB:SLE
  N/C                          CORERESET_PF_C0_0/CORERESET_PF_C0_0/dff_12[0]:ALn


Operating Conditions : slow_lv_ht

END SET External Recovery

----------------------------------------------------

SET Asynchronous to Register

No Path 

END SET Asynchronous to Register

----------------------------------------------------

SET TCK to PF_CCC_C0_0/PF_CCC_C0_0/pll_inst_0/OUT0

No Path 

END SET TCK to PF_CCC_C0_0/PF_CCC_C0_0/pll_inst_0/OUT0

----------------------------------------------------

Clock Domain REF_CLK

Info: The maximum frequency of this clock domain is limited by the minimum pulse widths of pin CLKBUF_0/U_IOPAD:PAD

SET Register to Register

No Path 

END SET Register to Register

----------------------------------------------------

SET External Setup

No Path 

END SET External Setup

----------------------------------------------------

SET Clock to Output

No Path 

END SET Clock to Output

----------------------------------------------------

SET Register to Asynchronous

No Path 

END SET Register to Asynchronous

----------------------------------------------------

SET External Recovery

No Path 

END SET External Recovery

----------------------------------------------------

SET Asynchronous to Register

No Path 

END SET Asynchronous to Register

----------------------------------------------------

Clock Domain TCK

SET Register to Register

Path 1
  From: CoreJTAGDebug_TRSTN_C0_0/CoreJTAGDebug_TRSTN_C0_0/genblk1.genblk1.genblk1.UJTAG_inst:UDRCK
  To:   MIV_RV32_CFG1_C0_0/MIV_RV32_CFG1_C0_0/u_ipcore_0/gen_subsys_debug.u_subsys_debug_unit_0/MIV_subsys_debug_transport_module_jtag_0/gen_current_state_register_active_high.gen_current_state_register_active_low.currTapState[1]:D
  Delay (ns):             17.936
  Slack (ns):             69.563
  Arrival (ns):           20.495
  Required (ns):          90.058
  Setup (ns):              0.000
  Minimum Period (ns):    27.516
  Operating Conditions: slow_lv_ht

Path 2
  From: CoreJTAGDebug_TRSTN_C0_0/CoreJTAGDebug_TRSTN_C0_0/genblk1.genblk1.genblk1.UJTAG_inst:UDRCK
  To:   MIV_RV32_CFG1_C0_0/MIV_RV32_CFG1_C0_0/u_ipcore_0/gen_subsys_debug.u_subsys_debug_unit_0/MIV_subsys_debug_transport_module_jtag_0/gen_current_state_register_active_high.gen_current_state_register_active_low.currTapState[6]:D
  Delay (ns):             17.815
  Slack (ns):             69.684
  Arrival (ns):           20.374
  Required (ns):          90.058
  Setup (ns):              0.000
  Minimum Period (ns):    27.274
  Operating Conditions: slow_lv_ht

Path 3
  From: CoreJTAGDebug_TRSTN_C0_0/CoreJTAGDebug_TRSTN_C0_0/genblk1.genblk1.genblk1.UJTAG_inst:UDRCK
  To:   MIV_RV32_CFG1_C0_0/MIV_RV32_CFG1_C0_0/u_ipcore_0/gen_subsys_debug.u_subsys_debug_unit_0/MIV_subsys_debug_transport_module_jtag_0/gen_current_state_register_active_high.gen_current_state_register_active_low.currTapState[2]:D
  Delay (ns):             17.804
  Slack (ns):             69.695
  Arrival (ns):           20.363
  Required (ns):          90.058
  Setup (ns):              0.000
  Minimum Period (ns):    27.252
  Operating Conditions: slow_lv_ht

Path 4
  From: CoreJTAGDebug_TRSTN_C0_0/CoreJTAGDebug_TRSTN_C0_0/genblk1.genblk1.genblk1.UJTAG_inst:UDRCK
  To:   MIV_RV32_CFG1_C0_0/MIV_RV32_CFG1_C0_0/u_ipcore_0/gen_subsys_debug.u_subsys_debug_unit_0/MIV_subsys_debug_transport_module_jtag_0/gen_current_state_register_active_high.gen_current_state_register_active_low.currTapState[9]:D
  Delay (ns):             17.803
  Slack (ns):             69.696
  Arrival (ns):           20.362
  Required (ns):          90.058
  Setup (ns):              0.000
  Minimum Period (ns):    27.250
  Operating Conditions: slow_lv_ht

Path 5
  From: CoreJTAGDebug_TRSTN_C0_0/CoreJTAGDebug_TRSTN_C0_0/genblk1.genblk1.genblk1.UJTAG_inst:UDRCK
  To:   MIV_RV32_CFG1_C0_0/MIV_RV32_CFG1_C0_0/u_ipcore_0/gen_subsys_debug.u_subsys_debug_unit_0/MIV_subsys_debug_transport_module_jtag_0/gen_current_state_register_active_high.gen_current_state_register_active_low.currTapState[4]:D
  Delay (ns):             17.802
  Slack (ns):             69.697
  Arrival (ns):           20.361
  Required (ns):          90.058
  Setup (ns):              0.000
  Minimum Period (ns):    27.248
  Operating Conditions: slow_lv_ht


Expanded Path 1
  From: CoreJTAGDebug_TRSTN_C0_0/CoreJTAGDebug_TRSTN_C0_0/genblk1.genblk1.genblk1.UJTAG_inst:UDRCK
  To: MIV_RV32_CFG1_C0_0/MIV_RV32_CFG1_C0_0/u_ipcore_0/gen_subsys_debug.u_subsys_debug_unit_0/MIV_subsys_debug_transport_module_jtag_0/gen_current_state_register_active_high.gen_current_state_register_active_low.currTapState[1]:D
  data required time                                 90.058
  data arrival time                          -       20.495
  slack                                              69.563
  ________________________________________________________
  Data arrival time calculation
  0.000                        TCK
               +     0.000          Clock source
  0.000                        TCK (f)
               +     0.000          net: TCK
  0.000                        CoreJTAGDebug_TRSTN_C0_0/CoreJTAGDebug_TRSTN_C0_0/genblk1.genblk1.genblk1.UJTAG_inst:TCK (f)
               +     2.559          cell: ADLIB:UJTAG_SEC
  2.559                        CoreJTAGDebug_TRSTN_C0_0/CoreJTAGDebug_TRSTN_C0_0/genblk1.genblk1.genblk1.UJTAG_inst:UDRCK (f)
               +     6.136          cell: ADLIB:UJTAG_SEC
  8.695                        CoreJTAGDebug_TRSTN_C0_0/CoreJTAGDebug_TRSTN_C0_0/genblk1.genblk1.genblk1.UJTAG_inst:UTDI (r)
               +     0.992          net: CoreJTAGDebug_TRSTN_C0_0/CoreJTAGDebug_TRSTN_C0_0/UTDIInt_UTDI
  9.687                        CoreJTAGDebug_TRSTN_C0_0/CoreJTAGDebug_TRSTN_C0_0/genblk1.genblk1.genblk1.UJTAG_inst_UTDI:A (r)
               +     0.200          cell: ADLIB:CFG1D
  9.887                        CoreJTAGDebug_TRSTN_C0_0/CoreJTAGDebug_TRSTN_C0_0/genblk1.genblk1.genblk1.UJTAG_inst_UTDI:Y (r)
               +     0.158          net: CoreJTAGDebug_TRSTN_C0_0/CoreJTAGDebug_TRSTN_C0_0/UTDIInt_UTDI_2
  10.045                       CoreJTAGDebug_TRSTN_C0_0/CoreJTAGDebug_TRSTN_C0_0/genblk1.genblk1.genblk1.UJTAG_inst_2_UTDI:A (r)
               +     0.200          cell: ADLIB:CFG1D
  10.245                       CoreJTAGDebug_TRSTN_C0_0/CoreJTAGDebug_TRSTN_C0_0/genblk1.genblk1.genblk1.UJTAG_inst_2_UTDI:Y (r)
               +     0.157          net: CoreJTAGDebug_TRSTN_C0_0/CoreJTAGDebug_TRSTN_C0_0/UTDIInt_UTDI_3
  10.402                       CoreJTAGDebug_TRSTN_C0_0/CoreJTAGDebug_TRSTN_C0_0/genblk1.genblk1.genblk1.UJTAG_inst_3_UTDI:A (r)
               +     0.200          cell: ADLIB:CFG1D
  10.602                       CoreJTAGDebug_TRSTN_C0_0/CoreJTAGDebug_TRSTN_C0_0/genblk1.genblk1.genblk1.UJTAG_inst_3_UTDI:Y (r)
               +     0.342          net: CoreJTAGDebug_TRSTN_C0_0/CoreJTAGDebug_TRSTN_C0_0/UTDIInt
  10.944                       CoreJTAGDebug_TRSTN_C0_0/CoreJTAGDebug_TRSTN_C0_0/genblk3.genblk1.UJ_JTAG/dut_tms_int:B (r)
               +     0.053          cell: ADLIB:CFG3
  10.997                       CoreJTAGDebug_TRSTN_C0_0/CoreJTAGDebug_TRSTN_C0_0/genblk3.genblk1.UJ_JTAG/dut_tms_int:Y (r)
               +     0.065          net: CoreJTAGDebug_TRSTN_C0_0/CoreJTAGDebug_TRSTN_C0_0/genblk3.genblk1.UJ_JTAG/dut_tms_int_Z
  11.062                       CoreJTAGDebug_TRSTN_C0_0/CoreJTAGDebug_TRSTN_C0_0/genblk3.genblk1.UJ_JTAG/BUFD_TMS/bufd_gen[0].BUFD_BLK:A (r)
               +     0.053          cell: ADLIB:CFG1
  11.115                       CoreJTAGDebug_TRSTN_C0_0/CoreJTAGDebug_TRSTN_C0_0/genblk3.genblk1.UJ_JTAG/BUFD_TMS/bufd_gen[0].BUFD_BLK:Y (r)
               +     0.056          net: CoreJTAGDebug_TRSTN_C0_0/CoreJTAGDebug_TRSTN_C0_0/genblk3.genblk1.UJ_JTAG/BUFD_TMS/delay_sel[1]
  11.171                       CoreJTAGDebug_TRSTN_C0_0/CoreJTAGDebug_TRSTN_C0_0/genblk3.genblk1.UJ_JTAG/BUFD_TMS/bufd_gen[1].BUFD_BLK:A (r)
               +     0.053          cell: ADLIB:CFG1
  11.224                       CoreJTAGDebug_TRSTN_C0_0/CoreJTAGDebug_TRSTN_C0_0/genblk3.genblk1.UJ_JTAG/BUFD_TMS/bufd_gen[1].BUFD_BLK:Y (r)
               +     0.068          net: CoreJTAGDebug_TRSTN_C0_0/CoreJTAGDebug_TRSTN_C0_0/genblk3.genblk1.UJ_JTAG/BUFD_TMS/delay_sel[2]
  11.292                       CoreJTAGDebug_TRSTN_C0_0/CoreJTAGDebug_TRSTN_C0_0/genblk3.genblk1.UJ_JTAG/BUFD_TMS/bufd_gen[2].BUFD_BLK:A (r)
               +     0.053          cell: ADLIB:CFG1
  11.345                       CoreJTAGDebug_TRSTN_C0_0/CoreJTAGDebug_TRSTN_C0_0/genblk3.genblk1.UJ_JTAG/BUFD_TMS/bufd_gen[2].BUFD_BLK:Y (r)
               +     0.053          net: CoreJTAGDebug_TRSTN_C0_0/CoreJTAGDebug_TRSTN_C0_0/genblk3.genblk1.UJ_JTAG/BUFD_TMS/delay_sel[3]
  11.398                       CoreJTAGDebug_TRSTN_C0_0/CoreJTAGDebug_TRSTN_C0_0/genblk3.genblk1.UJ_JTAG/BUFD_TMS/bufd_gen[3].BUFD_BLK:A (r)
               +     0.053          cell: ADLIB:CFG1
  11.451                       CoreJTAGDebug_TRSTN_C0_0/CoreJTAGDebug_TRSTN_C0_0/genblk3.genblk1.UJ_JTAG/BUFD_TMS/bufd_gen[3].BUFD_BLK:Y (r)
               +     0.330          net: CoreJTAGDebug_TRSTN_C0_0/CoreJTAGDebug_TRSTN_C0_0/genblk3.genblk1.UJ_JTAG/BUFD_TMS/delay_sel[4]
  11.781                       CoreJTAGDebug_TRSTN_C0_0/CoreJTAGDebug_TRSTN_C0_0/genblk3.genblk1.UJ_JTAG/BUFD_TMS/bufd_gen[4].BUFD_BLK:A (r)
               +     0.078          cell: ADLIB:CFG1
  11.859                       CoreJTAGDebug_TRSTN_C0_0/CoreJTAGDebug_TRSTN_C0_0/genblk3.genblk1.UJ_JTAG/BUFD_TMS/bufd_gen[4].BUFD_BLK:Y (r)
               +     0.073          net: CoreJTAGDebug_TRSTN_C0_0/CoreJTAGDebug_TRSTN_C0_0/genblk3.genblk1.UJ_JTAG/BUFD_TMS/delay_sel[5]
  11.932                       CoreJTAGDebug_TRSTN_C0_0/CoreJTAGDebug_TRSTN_C0_0/genblk3.genblk1.UJ_JTAG/BUFD_TMS/bufd_gen[5].BUFD_BLK:A (r)
               +     0.078          cell: ADLIB:CFG1
  12.010                       CoreJTAGDebug_TRSTN_C0_0/CoreJTAGDebug_TRSTN_C0_0/genblk3.genblk1.UJ_JTAG/BUFD_TMS/bufd_gen[5].BUFD_BLK:Y (r)
               +     0.132          net: CoreJTAGDebug_TRSTN_C0_0/CoreJTAGDebug_TRSTN_C0_0/genblk3.genblk1.UJ_JTAG/BUFD_TMS/delay_sel[6]
  12.142                       CoreJTAGDebug_TRSTN_C0_0/CoreJTAGDebug_TRSTN_C0_0/genblk3.genblk1.UJ_JTAG/BUFD_TMS/bufd_gen[6].BUFD_BLK:A (r)
               +     0.078          cell: ADLIB:CFG1
  12.220                       CoreJTAGDebug_TRSTN_C0_0/CoreJTAGDebug_TRSTN_C0_0/genblk3.genblk1.UJ_JTAG/BUFD_TMS/bufd_gen[6].BUFD_BLK:Y (r)
               +     0.064          net: CoreJTAGDebug_TRSTN_C0_0/CoreJTAGDebug_TRSTN_C0_0/genblk3.genblk1.UJ_JTAG/BUFD_TMS/delay_sel[7]
  12.284                       CoreJTAGDebug_TRSTN_C0_0/CoreJTAGDebug_TRSTN_C0_0/genblk3.genblk1.UJ_JTAG/BUFD_TMS/bufd_gen[7].BUFD_BLK:A (r)
               +     0.078          cell: ADLIB:CFG1
  12.362                       CoreJTAGDebug_TRSTN_C0_0/CoreJTAGDebug_TRSTN_C0_0/genblk3.genblk1.UJ_JTAG/BUFD_TMS/bufd_gen[7].BUFD_BLK:Y (r)
               +     0.132          net: CoreJTAGDebug_TRSTN_C0_0/CoreJTAGDebug_TRSTN_C0_0/genblk3.genblk1.UJ_JTAG/BUFD_TMS/delay_sel[8]
  12.494                       CoreJTAGDebug_TRSTN_C0_0/CoreJTAGDebug_TRSTN_C0_0/genblk3.genblk1.UJ_JTAG/BUFD_TMS/bufd_gen[8].BUFD_BLK:A (r)
               +     0.078          cell: ADLIB:CFG1
  12.572                       CoreJTAGDebug_TRSTN_C0_0/CoreJTAGDebug_TRSTN_C0_0/genblk3.genblk1.UJ_JTAG/BUFD_TMS/bufd_gen[8].BUFD_BLK:Y (r)
               +     0.062          net: CoreJTAGDebug_TRSTN_C0_0/CoreJTAGDebug_TRSTN_C0_0/genblk3.genblk1.UJ_JTAG/BUFD_TMS/delay_sel[9]
  12.634                       CoreJTAGDebug_TRSTN_C0_0/CoreJTAGDebug_TRSTN_C0_0/genblk3.genblk1.UJ_JTAG/BUFD_TMS/bufd_gen[9].BUFD_BLK:A (r)
               +     0.078          cell: ADLIB:CFG1
  12.712                       CoreJTAGDebug_TRSTN_C0_0/CoreJTAGDebug_TRSTN_C0_0/genblk3.genblk1.UJ_JTAG/BUFD_TMS/bufd_gen[9].BUFD_BLK:Y (r)
               +     1.441          net: CoreJTAGDebug_TRSTN_C0_0/CoreJTAGDebug_TRSTN_C0_0/genblk3.genblk1.UJ_JTAG/BUFD_TMS/delay_sel[10]
  14.153                       CoreJTAGDebug_TRSTN_C0_0/CoreJTAGDebug_TRSTN_C0_0/genblk3.genblk1.UJ_JTAG/BUFD_TMS/bufd_gen[10].BUFD_BLK:A (r)
               +     0.053          cell: ADLIB:CFG1
  14.206                       CoreJTAGDebug_TRSTN_C0_0/CoreJTAGDebug_TRSTN_C0_0/genblk3.genblk1.UJ_JTAG/BUFD_TMS/bufd_gen[10].BUFD_BLK:Y (r)
               +     0.065          net: CoreJTAGDebug_TRSTN_C0_0/CoreJTAGDebug_TRSTN_C0_0/genblk3.genblk1.UJ_JTAG/BUFD_TMS/delay_sel[11]
  14.271                       CoreJTAGDebug_TRSTN_C0_0/CoreJTAGDebug_TRSTN_C0_0/genblk3.genblk1.UJ_JTAG/BUFD_TMS/bufd_gen[11].BUFD_BLK:A (r)
               +     0.053          cell: ADLIB:CFG1
  14.324                       CoreJTAGDebug_TRSTN_C0_0/CoreJTAGDebug_TRSTN_C0_0/genblk3.genblk1.UJ_JTAG/BUFD_TMS/bufd_gen[11].BUFD_BLK:Y (r)
               +     0.056          net: CoreJTAGDebug_TRSTN_C0_0/CoreJTAGDebug_TRSTN_C0_0/genblk3.genblk1.UJ_JTAG/BUFD_TMS/delay_sel[12]
  14.380                       CoreJTAGDebug_TRSTN_C0_0/CoreJTAGDebug_TRSTN_C0_0/genblk3.genblk1.UJ_JTAG/BUFD_TMS/bufd_gen[12].BUFD_BLK:A (r)
               +     0.053          cell: ADLIB:CFG1
  14.433                       CoreJTAGDebug_TRSTN_C0_0/CoreJTAGDebug_TRSTN_C0_0/genblk3.genblk1.UJ_JTAG/BUFD_TMS/bufd_gen[12].BUFD_BLK:Y (r)
               +     0.117          net: CoreJTAGDebug_TRSTN_C0_0/CoreJTAGDebug_TRSTN_C0_0/genblk3.genblk1.UJ_JTAG/BUFD_TMS/delay_sel[13]
  14.550                       CoreJTAGDebug_TRSTN_C0_0/CoreJTAGDebug_TRSTN_C0_0/genblk3.genblk1.UJ_JTAG/BUFD_TMS/bufd_gen[13].BUFD_BLK:A (r)
               +     0.053          cell: ADLIB:CFG1
  14.603                       CoreJTAGDebug_TRSTN_C0_0/CoreJTAGDebug_TRSTN_C0_0/genblk3.genblk1.UJ_JTAG/BUFD_TMS/bufd_gen[13].BUFD_BLK:Y (r)
               +     0.067          net: CoreJTAGDebug_TRSTN_C0_0/CoreJTAGDebug_TRSTN_C0_0/genblk3.genblk1.UJ_JTAG/BUFD_TMS/delay_sel[14]
  14.670                       CoreJTAGDebug_TRSTN_C0_0/CoreJTAGDebug_TRSTN_C0_0/genblk3.genblk1.UJ_JTAG/BUFD_TMS/bufd_gen[14].BUFD_BLK:A (r)
               +     0.053          cell: ADLIB:CFG1
  14.723                       CoreJTAGDebug_TRSTN_C0_0/CoreJTAGDebug_TRSTN_C0_0/genblk3.genblk1.UJ_JTAG/BUFD_TMS/bufd_gen[14].BUFD_BLK:Y (r)
               +     0.127          net: CoreJTAGDebug_TRSTN_C0_0/CoreJTAGDebug_TRSTN_C0_0/genblk3.genblk1.UJ_JTAG/BUFD_TMS/delay_sel[15]
  14.850                       CoreJTAGDebug_TRSTN_C0_0/CoreJTAGDebug_TRSTN_C0_0/genblk3.genblk1.UJ_JTAG/BUFD_TMS/bufd_gen[15].BUFD_BLK:A (r)
               +     0.053          cell: ADLIB:CFG1
  14.903                       CoreJTAGDebug_TRSTN_C0_0/CoreJTAGDebug_TRSTN_C0_0/genblk3.genblk1.UJ_JTAG/BUFD_TMS/bufd_gen[15].BUFD_BLK:Y (r)
               +     0.112          net: CoreJTAGDebug_TRSTN_C0_0/CoreJTAGDebug_TRSTN_C0_0/genblk3.genblk1.UJ_JTAG/BUFD_TMS/delay_sel[16]
  15.015                       CoreJTAGDebug_TRSTN_C0_0/CoreJTAGDebug_TRSTN_C0_0/genblk3.genblk1.UJ_JTAG/BUFD_TMS/bufd_gen[16].BUFD_BLK:A (r)
               +     0.053          cell: ADLIB:CFG1
  15.068                       CoreJTAGDebug_TRSTN_C0_0/CoreJTAGDebug_TRSTN_C0_0/genblk3.genblk1.UJ_JTAG/BUFD_TMS/bufd_gen[16].BUFD_BLK:Y (r)
               +     0.066          net: CoreJTAGDebug_TRSTN_C0_0/CoreJTAGDebug_TRSTN_C0_0/genblk3.genblk1.UJ_JTAG/BUFD_TMS/delay_sel[17]
  15.134                       CoreJTAGDebug_TRSTN_C0_0/CoreJTAGDebug_TRSTN_C0_0/genblk3.genblk1.UJ_JTAG/BUFD_TMS/bufd_gen[17].BUFD_BLK:A (r)
               +     0.053          cell: ADLIB:CFG1
  15.187                       CoreJTAGDebug_TRSTN_C0_0/CoreJTAGDebug_TRSTN_C0_0/genblk3.genblk1.UJ_JTAG/BUFD_TMS/bufd_gen[17].BUFD_BLK:Y (r)
               +     0.057          net: CoreJTAGDebug_TRSTN_C0_0/CoreJTAGDebug_TRSTN_C0_0/genblk3.genblk1.UJ_JTAG/BUFD_TMS/delay_sel[18]
  15.244                       CoreJTAGDebug_TRSTN_C0_0/CoreJTAGDebug_TRSTN_C0_0/genblk3.genblk1.UJ_JTAG/BUFD_TMS/bufd_gen[18].BUFD_BLK:A (r)
               +     0.053          cell: ADLIB:CFG1
  15.297                       CoreJTAGDebug_TRSTN_C0_0/CoreJTAGDebug_TRSTN_C0_0/genblk3.genblk1.UJ_JTAG/BUFD_TMS/bufd_gen[18].BUFD_BLK:Y (r)
               +     0.067          net: CoreJTAGDebug_TRSTN_C0_0/CoreJTAGDebug_TRSTN_C0_0/genblk3.genblk1.UJ_JTAG/BUFD_TMS/delay_sel[19]
  15.364                       CoreJTAGDebug_TRSTN_C0_0/CoreJTAGDebug_TRSTN_C0_0/genblk3.genblk1.UJ_JTAG/BUFD_TMS/bufd_gen[19].BUFD_BLK:A (r)
               +     0.053          cell: ADLIB:CFG1
  15.417                       CoreJTAGDebug_TRSTN_C0_0/CoreJTAGDebug_TRSTN_C0_0/genblk3.genblk1.UJ_JTAG/BUFD_TMS/bufd_gen[19].BUFD_BLK:Y (r)
               +     0.126          net: CoreJTAGDebug_TRSTN_C0_0/CoreJTAGDebug_TRSTN_C0_0/genblk3.genblk1.UJ_JTAG/BUFD_TMS/delay_sel[20]
  15.543                       CoreJTAGDebug_TRSTN_C0_0/CoreJTAGDebug_TRSTN_C0_0/genblk3.genblk1.UJ_JTAG/BUFD_TMS/bufd_gen[20].BUFD_BLK:A (r)
               +     0.053          cell: ADLIB:CFG1
  15.596                       CoreJTAGDebug_TRSTN_C0_0/CoreJTAGDebug_TRSTN_C0_0/genblk3.genblk1.UJ_JTAG/BUFD_TMS/bufd_gen[20].BUFD_BLK:Y (r)
               +     0.059          net: CoreJTAGDebug_TRSTN_C0_0/CoreJTAGDebug_TRSTN_C0_0/genblk3.genblk1.UJ_JTAG/BUFD_TMS/delay_sel[21]
  15.655                       CoreJTAGDebug_TRSTN_C0_0/CoreJTAGDebug_TRSTN_C0_0/genblk3.genblk1.UJ_JTAG/BUFD_TMS/bufd_gen[21].BUFD_BLK:A (r)
               +     0.090          cell: ADLIB:CFG1
  15.745                       CoreJTAGDebug_TRSTN_C0_0/CoreJTAGDebug_TRSTN_C0_0/genblk3.genblk1.UJ_JTAG/BUFD_TMS/bufd_gen[21].BUFD_BLK:Y (r)
               +     1.170          net: CoreJTAGDebug_TRSTN_C0_0/CoreJTAGDebug_TRSTN_C0_0/genblk3.genblk1.UJ_JTAG/BUFD_TMS/delay_sel[22]
  16.915                       CoreJTAGDebug_TRSTN_C0_0/CoreJTAGDebug_TRSTN_C0_0/genblk3.genblk1.UJ_JTAG/BUFD_TMS/bufd_gen[22].BUFD_BLK:A (r)
               +     0.053          cell: ADLIB:CFG1
  16.968                       CoreJTAGDebug_TRSTN_C0_0/CoreJTAGDebug_TRSTN_C0_0/genblk3.genblk1.UJ_JTAG/BUFD_TMS/bufd_gen[22].BUFD_BLK:Y (r)
               +     0.113          net: CoreJTAGDebug_TRSTN_C0_0/CoreJTAGDebug_TRSTN_C0_0/genblk3.genblk1.UJ_JTAG/BUFD_TMS/delay_sel[23]
  17.081                       CoreJTAGDebug_TRSTN_C0_0/CoreJTAGDebug_TRSTN_C0_0/genblk3.genblk1.UJ_JTAG/BUFD_TMS/bufd_gen[23].BUFD_BLK:A (r)
               +     0.053          cell: ADLIB:CFG1
  17.134                       CoreJTAGDebug_TRSTN_C0_0/CoreJTAGDebug_TRSTN_C0_0/genblk3.genblk1.UJ_JTAG/BUFD_TMS/bufd_gen[23].BUFD_BLK:Y (r)
               +     0.127          net: CoreJTAGDebug_TRSTN_C0_0/CoreJTAGDebug_TRSTN_C0_0/genblk3.genblk1.UJ_JTAG/BUFD_TMS/delay_sel[24]
  17.261                       CoreJTAGDebug_TRSTN_C0_0/CoreJTAGDebug_TRSTN_C0_0/genblk3.genblk1.UJ_JTAG/BUFD_TMS/bufd_gen[24].BUFD_BLK:A (r)
               +     0.090          cell: ADLIB:CFG1
  17.351                       CoreJTAGDebug_TRSTN_C0_0/CoreJTAGDebug_TRSTN_C0_0/genblk3.genblk1.UJ_JTAG/BUFD_TMS/bufd_gen[24].BUFD_BLK:Y (r)
               +     0.056          net: CoreJTAGDebug_TRSTN_C0_0/CoreJTAGDebug_TRSTN_C0_0/genblk3.genblk1.UJ_JTAG/BUFD_TMS/delay_sel[25]
  17.407                       CoreJTAGDebug_TRSTN_C0_0/CoreJTAGDebug_TRSTN_C0_0/genblk3.genblk1.UJ_JTAG/BUFD_TMS/bufd_gen[25].BUFD_BLK:A (r)
               +     0.053          cell: ADLIB:CFG1
  17.460                       CoreJTAGDebug_TRSTN_C0_0/CoreJTAGDebug_TRSTN_C0_0/genblk3.genblk1.UJ_JTAG/BUFD_TMS/bufd_gen[25].BUFD_BLK:Y (r)
               +     0.113          net: CoreJTAGDebug_TRSTN_C0_0/CoreJTAGDebug_TRSTN_C0_0/genblk3.genblk1.UJ_JTAG/BUFD_TMS/delay_sel[26]
  17.573                       CoreJTAGDebug_TRSTN_C0_0/CoreJTAGDebug_TRSTN_C0_0/genblk3.genblk1.UJ_JTAG/BUFD_TMS/bufd_gen[26].BUFD_BLK:A (r)
               +     0.053          cell: ADLIB:CFG1
  17.626                       CoreJTAGDebug_TRSTN_C0_0/CoreJTAGDebug_TRSTN_C0_0/genblk3.genblk1.UJ_JTAG/BUFD_TMS/bufd_gen[26].BUFD_BLK:Y (r)
               +     0.067          net: CoreJTAGDebug_TRSTN_C0_0/CoreJTAGDebug_TRSTN_C0_0/genblk3.genblk1.UJ_JTAG/BUFD_TMS/delay_sel[27]
  17.693                       CoreJTAGDebug_TRSTN_C0_0/CoreJTAGDebug_TRSTN_C0_0/genblk3.genblk1.UJ_JTAG/BUFD_TMS/bufd_gen[27].BUFD_BLK:A (r)
               +     0.053          cell: ADLIB:CFG1
  17.746                       CoreJTAGDebug_TRSTN_C0_0/CoreJTAGDebug_TRSTN_C0_0/genblk3.genblk1.UJ_JTAG/BUFD_TMS/bufd_gen[27].BUFD_BLK:Y (r)
               +     0.114          net: CoreJTAGDebug_TRSTN_C0_0/CoreJTAGDebug_TRSTN_C0_0/genblk3.genblk1.UJ_JTAG/BUFD_TMS/delay_sel[28]
  17.860                       CoreJTAGDebug_TRSTN_C0_0/CoreJTAGDebug_TRSTN_C0_0/genblk3.genblk1.UJ_JTAG/BUFD_TMS/bufd_gen[28].BUFD_BLK:A (r)
               +     0.053          cell: ADLIB:CFG1
  17.913                       CoreJTAGDebug_TRSTN_C0_0/CoreJTAGDebug_TRSTN_C0_0/genblk3.genblk1.UJ_JTAG/BUFD_TMS/bufd_gen[28].BUFD_BLK:Y (r)
               +     0.068          net: CoreJTAGDebug_TRSTN_C0_0/CoreJTAGDebug_TRSTN_C0_0/genblk3.genblk1.UJ_JTAG/BUFD_TMS/delay_sel[29]
  17.981                       CoreJTAGDebug_TRSTN_C0_0/CoreJTAGDebug_TRSTN_C0_0/genblk3.genblk1.UJ_JTAG/BUFD_TMS/bufd_gen[29].BUFD_BLK:A (r)
               +     0.053          cell: ADLIB:CFG1
  18.034                       CoreJTAGDebug_TRSTN_C0_0/CoreJTAGDebug_TRSTN_C0_0/genblk3.genblk1.UJ_JTAG/BUFD_TMS/bufd_gen[29].BUFD_BLK:Y (r)
               +     0.124          net: CoreJTAGDebug_TRSTN_C0_0/CoreJTAGDebug_TRSTN_C0_0/genblk3.genblk1.UJ_JTAG/BUFD_TMS/delay_sel[30]
  18.158                       CoreJTAGDebug_TRSTN_C0_0/CoreJTAGDebug_TRSTN_C0_0/genblk3.genblk1.UJ_JTAG/BUFD_TMS/bufd_gen[30].BUFD_BLK:A (r)
               +     0.053          cell: ADLIB:CFG1
  18.211                       CoreJTAGDebug_TRSTN_C0_0/CoreJTAGDebug_TRSTN_C0_0/genblk3.genblk1.UJ_JTAG/BUFD_TMS/bufd_gen[30].BUFD_BLK:Y (r)
               +     0.054          net: CoreJTAGDebug_TRSTN_C0_0/CoreJTAGDebug_TRSTN_C0_0/genblk3.genblk1.UJ_JTAG/BUFD_TMS/delay_sel[31]
  18.265                       CoreJTAGDebug_TRSTN_C0_0/CoreJTAGDebug_TRSTN_C0_0/genblk3.genblk1.UJ_JTAG/BUFD_TMS/bufd_gen[31].BUFD_BLK:A (r)
               +     0.053          cell: ADLIB:CFG1
  18.318                       CoreJTAGDebug_TRSTN_C0_0/CoreJTAGDebug_TRSTN_C0_0/genblk3.genblk1.UJ_JTAG/BUFD_TMS/bufd_gen[31].BUFD_BLK:Y (r)
               +     0.066          net: CoreJTAGDebug_TRSTN_C0_0/CoreJTAGDebug_TRSTN_C0_0/genblk3.genblk1.UJ_JTAG/BUFD_TMS/delay_sel[32]
  18.384                       CoreJTAGDebug_TRSTN_C0_0/CoreJTAGDebug_TRSTN_C0_0/genblk3.genblk1.UJ_JTAG/BUFD_TMS/bufd_gen[32].BUFD_BLK:A (r)
               +     0.053          cell: ADLIB:CFG1
  18.437                       CoreJTAGDebug_TRSTN_C0_0/CoreJTAGDebug_TRSTN_C0_0/genblk3.genblk1.UJ_JTAG/BUFD_TMS/bufd_gen[32].BUFD_BLK:Y (r)
               +     0.116          net: CoreJTAGDebug_TRSTN_C0_0/CoreJTAGDebug_TRSTN_C0_0/genblk3.genblk1.UJ_JTAG/BUFD_TMS/delay_sel[33]
  18.553                       CoreJTAGDebug_TRSTN_C0_0/CoreJTAGDebug_TRSTN_C0_0/genblk3.genblk1.UJ_JTAG/BUFD_TMS/bufd_gen[33].BUFD_BLK:A (r)
               +     0.053          cell: ADLIB:CFG1
  18.606                       CoreJTAGDebug_TRSTN_C0_0/CoreJTAGDebug_TRSTN_C0_0/genblk3.genblk1.UJ_JTAG/BUFD_TMS/bufd_gen[33].BUFD_BLK:Y (r)
               +     1.361          net: CoreJTAGDebug_TRSTN_C0_0_TGT_TMS_0
  19.967                       MIV_RV32_CFG1_C0_0/MIV_RV32_CFG1_C0_0/u_ipcore_0/gen_subsys_debug.u_subsys_debug_unit_0/MIV_subsys_debug_transport_module_jtag_0/gen_current_state_register_active_high.gen_current_state_register_active_low.currTapState_ns_i_o2[4]:B (r)
               +     0.078          cell: ADLIB:CFG2
  20.045                       MIV_RV32_CFG1_C0_0/MIV_RV32_CFG1_C0_0/u_ipcore_0/gen_subsys_debug.u_subsys_debug_unit_0/MIV_subsys_debug_transport_module_jtag_0/gen_current_state_register_active_high.gen_current_state_register_active_low.currTapState_ns_i_o2[4]:Y (r)
               +     0.285          net: MIV_RV32_CFG1_C0_0/MIV_RV32_CFG1_C0_0/u_ipcore_0/gen_subsys_debug.u_subsys_debug_unit_0/MIV_subsys_debug_transport_module_jtag_0/N_117
  20.330                       MIV_RV32_CFG1_C0_0/MIV_RV32_CFG1_C0_0/u_ipcore_0/gen_subsys_debug.u_subsys_debug_unit_0/MIV_subsys_debug_transport_module_jtag_0/gen_current_state_register_active_high.gen_current_state_register_active_low.currTapState_ns_a2[1]:B (r)
               +     0.142          cell: ADLIB:CFG4
  20.472                       MIV_RV32_CFG1_C0_0/MIV_RV32_CFG1_C0_0/u_ipcore_0/gen_subsys_debug.u_subsys_debug_unit_0/MIV_subsys_debug_transport_module_jtag_0/gen_current_state_register_active_high.gen_current_state_register_active_low.currTapState_ns_a2[1]:Y (f)
               +     0.023          net: MIV_RV32_CFG1_C0_0/MIV_RV32_CFG1_C0_0/u_ipcore_0/gen_subsys_debug.u_subsys_debug_unit_0/MIV_subsys_debug_transport_module_jtag_0/currTapState_ns[1]
  20.495                       MIV_RV32_CFG1_C0_0/MIV_RV32_CFG1_C0_0/u_ipcore_0/gen_subsys_debug.u_subsys_debug_unit_0/MIV_subsys_debug_transport_module_jtag_0/gen_current_state_register_active_high.gen_current_state_register_active_low.currTapState[1]:D (f)
                                    
  20.495                       data arrival time
  ________________________________________________________
  Data required time calculation
  83.340                       TCK
               +     0.000          Clock source
  83.340                       TCK (r)
               +     0.000          net: TCK
  83.340                       CoreJTAGDebug_TRSTN_C0_0/CoreJTAGDebug_TRSTN_C0_0/genblk1.genblk1.genblk1.UJTAG_inst:TCK (r)
               +     1.356          cell: ADLIB:UJTAG_SEC
  84.696                       CoreJTAGDebug_TRSTN_C0_0/CoreJTAGDebug_TRSTN_C0_0/genblk1.genblk1.genblk1.UJTAG_inst:UDRCK (r)
               +     0.272          net: CoreJTAGDebug_TRSTN_C0_0/CoreJTAGDebug_TRSTN_C0_0/N_2
  84.968                       CoreJTAGDebug_TRSTN_C0_0/CoreJTAGDebug_TRSTN_C0_0/N_2_inferred_clock_RNIMQNI2_1:A (r)
               +     0.211          cell: ADLIB:ICB_CLKINT
  85.179                       CoreJTAGDebug_TRSTN_C0_0/CoreJTAGDebug_TRSTN_C0_0/N_2_inferred_clock_RNIMQNI2_1:Y (r)
               +     0.133          net: CoreJTAGDebug_TRSTN_C0_0/CoreJTAGDebug_TRSTN_C0_0/N_2_inferred_clock_RNIMQNI2_NET
  85.312                       CoreJTAGDebug_TRSTN_C0_0/CoreJTAGDebug_TRSTN_C0_0/N_2_inferred_clock_RNIMQNI2:A (r)
               +     0.144          cell: ADLIB:GB
  85.456                       CoreJTAGDebug_TRSTN_C0_0/CoreJTAGDebug_TRSTN_C0_0/N_2_inferred_clock_RNIMQNI2:Y (r)
               +     0.351          net: CoreJTAGDebug_TRSTN_C0_0/CoreJTAGDebug_TRSTN_C0_0/N_2_inferred_clock_RNIMQNI2/U0_Y
  85.807                       CoreJTAGDebug_TRSTN_C0_0/CoreJTAGDebug_TRSTN_C0_0/N_2_inferred_clock_RNIMQNI2/U0_RGB1:A (r)
               +     0.052          cell: ADLIB:RGB
  85.859                       CoreJTAGDebug_TRSTN_C0_0/CoreJTAGDebug_TRSTN_C0_0/N_2_inferred_clock_RNIMQNI2/U0_RGB1:Y (f)
               +     0.464          net: CoreJTAGDebug_TRSTN_C0_0/CoreJTAGDebug_TRSTN_C0_0/iUDRCK
  86.323                       CoreJTAGDebug_TRSTN_C0_0/CoreJTAGDebug_TRSTN_C0_0/genblk3.genblk1.UJ_JTAG/un1_DUT_TCK:A (r)
               +     0.127          cell: ADLIB:CFG4
  86.450                       CoreJTAGDebug_TRSTN_C0_0/CoreJTAGDebug_TRSTN_C0_0/genblk3.genblk1.UJ_JTAG/un1_DUT_TCK:Y (f)
               +     1.367          net: CoreJTAGDebug_TRSTN_C0_0/CoreJTAGDebug_TRSTN_C0_0/un1_DUT_TCK_0
  87.817                       CoreJTAGDebug_TRSTN_C0_0/CoreJTAGDebug_TRSTN_C0_0/genblk3.genblk1.TGT_TCK_GLB:A (f)
               +     0.124          cell: ADLIB:GB
  87.941                       CoreJTAGDebug_TRSTN_C0_0/CoreJTAGDebug_TRSTN_C0_0/genblk3.genblk1.TGT_TCK_GLB:Y (f)
               +     0.359          net: CoreJTAGDebug_TRSTN_C0_0/CoreJTAGDebug_TRSTN_C0_0/genblk3.genblk1.TGT_TCK_GLB/U0_Y
  88.300                       CoreJTAGDebug_TRSTN_C0_0/CoreJTAGDebug_TRSTN_C0_0/genblk3.genblk1.TGT_TCK_GLB/U0_RGB1:A (f)
               +     0.054          cell: ADLIB:RGB
  88.354                       CoreJTAGDebug_TRSTN_C0_0/CoreJTAGDebug_TRSTN_C0_0/genblk3.genblk1.TGT_TCK_GLB/U0_RGB1:Y (r)
               +     0.406          net: CoreJTAGDebug_TRSTN_C0_0/CoreJTAGDebug_TRSTN_C0_0/TGT_TCK_GLB
  88.760                       MIV_RV32_CFG1_C0_0/MIV_RV32_CFG1_C0_0/u_ipcore_0/gen_subsys_debug.u_subsys_debug_unit_0/MIV_subsys_debug_transport_module_jtag_0/gen_current_state_register_active_high.gen_current_state_register_active_low.currTapState[1]:CLK (r)
               +     1.316          
  90.076                       clock reconvergence pessimism
               -     0.018          
  90.058                       clock jitter
               -     0.000          Library setup time: ADLIB:SLE
  90.058                       MIV_RV32_CFG1_C0_0/MIV_RV32_CFG1_C0_0/u_ipcore_0/gen_subsys_debug.u_subsys_debug_unit_0/MIV_subsys_debug_transport_module_jtag_0/gen_current_state_register_active_high.gen_current_state_register_active_low.currTapState[1]:D
                                    
  90.058                       data required time


Operating Conditions : slow_lv_ht

END SET Register to Register

----------------------------------------------------

SET External Setup

No Path 

END SET External Setup

----------------------------------------------------

SET Clock to Output

No Path 

END SET Clock to Output

----------------------------------------------------

SET Register to Asynchronous

Path 1
  From: CoreJTAGDebug_TRSTN_C0_0/CoreJTAGDebug_TRSTN_C0_0/genblk1.genblk1.genblk1.UJTAG_inst:UDRCK
  To:   MIV_RV32_CFG1_C0_0/MIV_RV32_CFG1_C0_0/u_ipcore_0/gen_subsys_debug.u_subsys_debug_unit_0/MIV_subsys_debug_transport_module_jtag_0/ir_and_Instruction_register.gen_ir_and_Instruction_register_active_low.irReg[3]:ALn
  Delay (ns):             13.149
  Slack (ns):             73.589
  Arrival (ns):           15.961
  Required (ns):          89.550
  Recovery (ns):           0.197
  Minimum Period (ns):    19.447
  Skew (ns):              -3.623
  Operating Conditions: slow_lv_lt

Path 2
  From: CoreJTAGDebug_TRSTN_C0_0/CoreJTAGDebug_TRSTN_C0_0/genblk1.genblk1.genblk1.UJTAG_inst:UDRCK
  To:   MIV_RV32_CFG1_C0_0/MIV_RV32_CFG1_C0_0/u_ipcore_0/gen_subsys_debug.u_subsys_debug_unit_0/MIV_subsys_debug_transport_module_jtag_0/ir_and_Instruction_register.gen_ir_and_Instruction_register_active_low.irReg[2]:ALn
  Delay (ns):             13.149
  Slack (ns):             73.589
  Arrival (ns):           15.961
  Required (ns):          89.550
  Recovery (ns):           0.197
  Minimum Period (ns):    19.447
  Skew (ns):              -3.623
  Operating Conditions: slow_lv_lt

Path 3
  From: CoreJTAGDebug_TRSTN_C0_0/CoreJTAGDebug_TRSTN_C0_0/genblk1.genblk1.genblk1.UJTAG_inst:UDRCK
  To:   MIV_RV32_CFG1_C0_0/MIV_RV32_CFG1_C0_0/u_ipcore_0/gen_subsys_debug.u_subsys_debug_unit_0/MIV_subsys_debug_transport_module_jtag_0/ir_and_Instruction_register.gen_ir_and_Instruction_register_active_low.irReg[4]:ALn
  Delay (ns):             13.148
  Slack (ns):             73.590
  Arrival (ns):           15.960
  Required (ns):          89.550
  Recovery (ns):           0.197
  Minimum Period (ns):    19.445
  Skew (ns):              -3.623
  Operating Conditions: slow_lv_lt

Path 4
  From: CoreJTAGDebug_TRSTN_C0_0/CoreJTAGDebug_TRSTN_C0_0/genblk1.genblk1.genblk1.UJTAG_inst:UDRCK
  To:   MIV_RV32_CFG1_C0_0/MIV_RV32_CFG1_C0_0/u_ipcore_0/gen_subsys_debug.u_subsys_debug_unit_0/MIV_subsys_debug_transport_module_jtag_0/ir_and_Instruction_register.gen_ir_and_Instruction_register_active_low.irReg[1]:ALn
  Delay (ns):             13.148
  Slack (ns):             73.590
  Arrival (ns):           15.960
  Required (ns):          89.550
  Recovery (ns):           0.197
  Minimum Period (ns):    19.445
  Skew (ns):              -3.623
  Operating Conditions: slow_lv_lt

Path 5
  From: CoreJTAGDebug_TRSTN_C0_0/CoreJTAGDebug_TRSTN_C0_0/genblk1.genblk1.genblk1.UJTAG_inst:UDRCK
  To:   MIV_RV32_CFG1_C0_0/MIV_RV32_CFG1_C0_0/u_ipcore_0/gen_subsys_debug.u_subsys_debug_unit_0/MIV_subsys_debug_transport_module_jtag_0/ir_and_Instruction_register.gen_ir_and_Instruction_register_active_low.irReg[0]:ALn
  Delay (ns):             13.148
  Slack (ns):             73.590
  Arrival (ns):           15.960
  Required (ns):          89.550
  Recovery (ns):           0.197
  Minimum Period (ns):    19.445
  Skew (ns):              -3.623
  Operating Conditions: slow_lv_lt


Expanded Path 1
  From: CoreJTAGDebug_TRSTN_C0_0/CoreJTAGDebug_TRSTN_C0_0/genblk1.genblk1.genblk1.UJTAG_inst:UDRCK
  To: MIV_RV32_CFG1_C0_0/MIV_RV32_CFG1_C0_0/u_ipcore_0/gen_subsys_debug.u_subsys_debug_unit_0/MIV_subsys_debug_transport_module_jtag_0/ir_and_Instruction_register.gen_ir_and_Instruction_register_active_low.irReg[3]:ALn
  data required time                                 89.550
  data arrival time                          -       15.961
  slack                                              73.589
  ________________________________________________________
  Data arrival time calculation
  0.000                        TCK
               +     0.000          Clock source
  0.000                        TCK (r)
               +     0.000          net: TCK
  0.000                        CoreJTAGDebug_TRSTN_C0_0/CoreJTAGDebug_TRSTN_C0_0/genblk1.genblk1.genblk1.UJTAG_inst:TCK (r)
               +     2.812          cell: ADLIB:UJTAG_SEC
  2.812                        CoreJTAGDebug_TRSTN_C0_0/CoreJTAGDebug_TRSTN_C0_0/genblk1.genblk1.genblk1.UJTAG_inst:UDRCK (r)
               +     2.441          cell: ADLIB:UJTAG_SEC
  5.253                        CoreJTAGDebug_TRSTN_C0_0/CoreJTAGDebug_TRSTN_C0_0/genblk1.genblk1.genblk1.UJTAG_inst:URSTB (r)
               +     1.093          net: CoreJTAGDebug_TRSTN_C0_0/CoreJTAGDebug_TRSTN_C0_0/iURSTB_URSTB
  6.346                        CoreJTAGDebug_TRSTN_C0_0/CoreJTAGDebug_TRSTN_C0_0/genblk1.genblk1.genblk1.UJTAG_inst_URSTB:A (r)
               +     0.168          cell: ADLIB:CFG1D
  6.514                        CoreJTAGDebug_TRSTN_C0_0/CoreJTAGDebug_TRSTN_C0_0/genblk1.genblk1.genblk1.UJTAG_inst_URSTB:Y (r)
               +     0.184          net: CoreJTAGDebug_TRSTN_C0_0/CoreJTAGDebug_TRSTN_C0_0/iURSTB_URSTB_2
  6.698                        CoreJTAGDebug_TRSTN_C0_0/CoreJTAGDebug_TRSTN_C0_0/genblk1.genblk1.genblk1.UJTAG_inst_2_URSTB:A (r)
               +     0.168          cell: ADLIB:CFG1D
  6.866                        CoreJTAGDebug_TRSTN_C0_0/CoreJTAGDebug_TRSTN_C0_0/genblk1.genblk1.genblk1.UJTAG_inst_2_URSTB:Y (r)
               +     0.180          net: CoreJTAGDebug_TRSTN_C0_0/CoreJTAGDebug_TRSTN_C0_0/iURSTB_URSTB_3
  7.046                        CoreJTAGDebug_TRSTN_C0_0/CoreJTAGDebug_TRSTN_C0_0/genblk1.genblk1.genblk1.UJTAG_inst_3_URSTB:A (r)
               +     0.168          cell: ADLIB:CFG1D
  7.214                        CoreJTAGDebug_TRSTN_C0_0/CoreJTAGDebug_TRSTN_C0_0/genblk1.genblk1.genblk1.UJTAG_inst_3_URSTB:Y (r)
               +     0.067          net: CoreJTAGDebug_TRSTN_C0_0/CoreJTAGDebug_TRSTN_C0_0/iURSTB
  7.281                        CoreJTAGDebug_TRSTN_C0_0/CoreJTAGDebug_TRSTN_C0_0/genblk2.genblk2[0].BUFD_TRST/bufd_gen[0].BUFD_BLK:A (r)
               +     0.051          cell: ADLIB:CFG1
  7.332                        CoreJTAGDebug_TRSTN_C0_0/CoreJTAGDebug_TRSTN_C0_0/genblk2.genblk2[0].BUFD_TRST/bufd_gen[0].BUFD_BLK:Y (r)
               +     0.121          net: CoreJTAGDebug_TRSTN_C0_0/CoreJTAGDebug_TRSTN_C0_0/genblk2.genblk2[0].BUFD_TRST/delay_sel[1]
  7.453                        CoreJTAGDebug_TRSTN_C0_0/CoreJTAGDebug_TRSTN_C0_0/genblk2.genblk2[0].BUFD_TRST/bufd_gen[1].BUFD_BLK:A (r)
               +     0.051          cell: ADLIB:CFG1
  7.504                        CoreJTAGDebug_TRSTN_C0_0/CoreJTAGDebug_TRSTN_C0_0/genblk2.genblk2[0].BUFD_TRST/bufd_gen[1].BUFD_BLK:Y (r)
               +     0.054          net: CoreJTAGDebug_TRSTN_C0_0/CoreJTAGDebug_TRSTN_C0_0/genblk2.genblk2[0].BUFD_TRST/delay_sel[2]
  7.558                        CoreJTAGDebug_TRSTN_C0_0/CoreJTAGDebug_TRSTN_C0_0/genblk2.genblk2[0].BUFD_TRST/bufd_gen[2].BUFD_BLK:A (r)
               +     0.051          cell: ADLIB:CFG1
  7.609                        CoreJTAGDebug_TRSTN_C0_0/CoreJTAGDebug_TRSTN_C0_0/genblk2.genblk2[0].BUFD_TRST/bufd_gen[2].BUFD_BLK:Y (r)
               +     0.126          net: CoreJTAGDebug_TRSTN_C0_0/CoreJTAGDebug_TRSTN_C0_0/genblk2.genblk2[0].BUFD_TRST/delay_sel[3]
  7.735                        CoreJTAGDebug_TRSTN_C0_0/CoreJTAGDebug_TRSTN_C0_0/genblk2.genblk2[0].BUFD_TRST/bufd_gen[3].BUFD_BLK:A (r)
               +     0.051          cell: ADLIB:CFG1
  7.786                        CoreJTAGDebug_TRSTN_C0_0/CoreJTAGDebug_TRSTN_C0_0/genblk2.genblk2[0].BUFD_TRST/bufd_gen[3].BUFD_BLK:Y (r)
               +     0.055          net: CoreJTAGDebug_TRSTN_C0_0/CoreJTAGDebug_TRSTN_C0_0/genblk2.genblk2[0].BUFD_TRST/delay_sel[4]
  7.841                        CoreJTAGDebug_TRSTN_C0_0/CoreJTAGDebug_TRSTN_C0_0/genblk2.genblk2[0].BUFD_TRST/bufd_gen[4].BUFD_BLK:A (r)
               +     0.051          cell: ADLIB:CFG1
  7.892                        CoreJTAGDebug_TRSTN_C0_0/CoreJTAGDebug_TRSTN_C0_0/genblk2.genblk2[0].BUFD_TRST/bufd_gen[4].BUFD_BLK:Y (r)
               +     1.252          net: CoreJTAGDebug_TRSTN_C0_0/CoreJTAGDebug_TRSTN_C0_0/genblk2.genblk2[0].BUFD_TRST/delay_sel[5]
  9.144                        CoreJTAGDebug_TRSTN_C0_0/CoreJTAGDebug_TRSTN_C0_0/genblk2.genblk2[0].BUFD_TRST/bufd_gen[5].BUFD_BLK:A (r)
               +     0.079          cell: ADLIB:CFG1
  9.223                        CoreJTAGDebug_TRSTN_C0_0/CoreJTAGDebug_TRSTN_C0_0/genblk2.genblk2[0].BUFD_TRST/bufd_gen[5].BUFD_BLK:Y (r)
               +     0.071          net: CoreJTAGDebug_TRSTN_C0_0/CoreJTAGDebug_TRSTN_C0_0/genblk2.genblk2[0].BUFD_TRST/delay_sel[6]
  9.294                        CoreJTAGDebug_TRSTN_C0_0/CoreJTAGDebug_TRSTN_C0_0/genblk2.genblk2[0].BUFD_TRST/bufd_gen[6].BUFD_BLK:A (r)
               +     0.079          cell: ADLIB:CFG1
  9.373                        CoreJTAGDebug_TRSTN_C0_0/CoreJTAGDebug_TRSTN_C0_0/genblk2.genblk2[0].BUFD_TRST/bufd_gen[6].BUFD_BLK:Y (r)
               +     0.134          net: CoreJTAGDebug_TRSTN_C0_0/CoreJTAGDebug_TRSTN_C0_0/genblk2.genblk2[0].BUFD_TRST/delay_sel[7]
  9.507                        CoreJTAGDebug_TRSTN_C0_0/CoreJTAGDebug_TRSTN_C0_0/genblk2.genblk2[0].BUFD_TRST/bufd_gen[7].BUFD_BLK:A (r)
               +     0.079          cell: ADLIB:CFG1
  9.586                        CoreJTAGDebug_TRSTN_C0_0/CoreJTAGDebug_TRSTN_C0_0/genblk2.genblk2[0].BUFD_TRST/bufd_gen[7].BUFD_BLK:Y (r)
               +     0.135          net: CoreJTAGDebug_TRSTN_C0_0/CoreJTAGDebug_TRSTN_C0_0/genblk2.genblk2[0].BUFD_TRST/delay_sel[8]
  9.721                        CoreJTAGDebug_TRSTN_C0_0/CoreJTAGDebug_TRSTN_C0_0/genblk2.genblk2[0].BUFD_TRST/bufd_gen[8].BUFD_BLK:A (r)
               +     0.079          cell: ADLIB:CFG1
  9.800                        CoreJTAGDebug_TRSTN_C0_0/CoreJTAGDebug_TRSTN_C0_0/genblk2.genblk2[0].BUFD_TRST/bufd_gen[8].BUFD_BLK:Y (r)
               +     0.070          net: CoreJTAGDebug_TRSTN_C0_0/CoreJTAGDebug_TRSTN_C0_0/genblk2.genblk2[0].BUFD_TRST/delay_sel[9]
  9.870                        CoreJTAGDebug_TRSTN_C0_0/CoreJTAGDebug_TRSTN_C0_0/genblk2.genblk2[0].BUFD_TRST/bufd_gen[9].BUFD_BLK:A (r)
               +     0.079          cell: ADLIB:CFG1
  9.949                        CoreJTAGDebug_TRSTN_C0_0/CoreJTAGDebug_TRSTN_C0_0/genblk2.genblk2[0].BUFD_TRST/bufd_gen[9].BUFD_BLK:Y (r)
               +     0.086          net: CoreJTAGDebug_TRSTN_C0_0/CoreJTAGDebug_TRSTN_C0_0/genblk2.genblk2[0].BUFD_TRST/delay_sel[10]
  10.035                       CoreJTAGDebug_TRSTN_C0_0/CoreJTAGDebug_TRSTN_C0_0/genblk2.genblk2[0].BUFD_TRST/bufd_gen[10].BUFD_BLK:A (r)
               +     0.079          cell: ADLIB:CFG1
  10.114                       CoreJTAGDebug_TRSTN_C0_0/CoreJTAGDebug_TRSTN_C0_0/genblk2.genblk2[0].BUFD_TRST/bufd_gen[10].BUFD_BLK:Y (r)
               +     0.069          net: CoreJTAGDebug_TRSTN_C0_0/CoreJTAGDebug_TRSTN_C0_0/genblk2.genblk2[0].BUFD_TRST/delay_sel[11]
  10.183                       CoreJTAGDebug_TRSTN_C0_0/CoreJTAGDebug_TRSTN_C0_0/genblk2.genblk2[0].BUFD_TRST/bufd_gen[11].BUFD_BLK:A (r)
               +     0.079          cell: ADLIB:CFG1
  10.262                       CoreJTAGDebug_TRSTN_C0_0/CoreJTAGDebug_TRSTN_C0_0/genblk2.genblk2[0].BUFD_TRST/bufd_gen[11].BUFD_BLK:Y (r)
               +     1.486          net: CoreJTAGDebug_TRSTN_C0_0/CoreJTAGDebug_TRSTN_C0_0/genblk2.genblk2[0].BUFD_TRST/delay_sel[12]
  11.748                       CoreJTAGDebug_TRSTN_C0_0/CoreJTAGDebug_TRSTN_C0_0/genblk2.genblk2[0].BUFD_TRST/bufd_gen[12].BUFD_BLK:A (r)
               +     0.051          cell: ADLIB:CFG1
  11.799                       CoreJTAGDebug_TRSTN_C0_0/CoreJTAGDebug_TRSTN_C0_0/genblk2.genblk2[0].BUFD_TRST/bufd_gen[12].BUFD_BLK:Y (r)
               +     0.120          net: CoreJTAGDebug_TRSTN_C0_0/CoreJTAGDebug_TRSTN_C0_0/genblk2.genblk2[0].BUFD_TRST/delay_sel[13]
  11.919                       CoreJTAGDebug_TRSTN_C0_0/CoreJTAGDebug_TRSTN_C0_0/genblk2.genblk2[0].BUFD_TRST/bufd_gen[13].BUFD_BLK:A (r)
               +     0.051          cell: ADLIB:CFG1
  11.970                       CoreJTAGDebug_TRSTN_C0_0/CoreJTAGDebug_TRSTN_C0_0/genblk2.genblk2[0].BUFD_TRST/bufd_gen[13].BUFD_BLK:Y (r)
               +     0.110          net: CoreJTAGDebug_TRSTN_C0_0/CoreJTAGDebug_TRSTN_C0_0/genblk2.genblk2[0].BUFD_TRST/delay_sel[14]
  12.080                       CoreJTAGDebug_TRSTN_C0_0/CoreJTAGDebug_TRSTN_C0_0/genblk2.genblk2[0].BUFD_TRST/bufd_gen[14].BUFD_BLK:A (r)
               +     0.051          cell: ADLIB:CFG1
  12.131                       CoreJTAGDebug_TRSTN_C0_0/CoreJTAGDebug_TRSTN_C0_0/genblk2.genblk2[0].BUFD_TRST/bufd_gen[14].BUFD_BLK:Y (r)
               +     0.066          net: CoreJTAGDebug_TRSTN_C0_0/CoreJTAGDebug_TRSTN_C0_0/genblk2.genblk2[0].BUFD_TRST/delay_sel[15]
  12.197                       CoreJTAGDebug_TRSTN_C0_0/CoreJTAGDebug_TRSTN_C0_0/genblk2.genblk2[0].BUFD_TRST/bufd_gen[15].BUFD_BLK:A (r)
               +     0.051          cell: ADLIB:CFG1
  12.248                       CoreJTAGDebug_TRSTN_C0_0/CoreJTAGDebug_TRSTN_C0_0/genblk2.genblk2[0].BUFD_TRST/bufd_gen[15].BUFD_BLK:Y (r)
               +     0.118          net: CoreJTAGDebug_TRSTN_C0_0/CoreJTAGDebug_TRSTN_C0_0/genblk2.genblk2[0].BUFD_TRST/delay_sel[16]
  12.366                       CoreJTAGDebug_TRSTN_C0_0/CoreJTAGDebug_TRSTN_C0_0/genblk2.genblk2[0].BUFD_TRST/bufd_gen[16].BUFD_BLK:A (r)
               +     0.051          cell: ADLIB:CFG1
  12.417                       CoreJTAGDebug_TRSTN_C0_0/CoreJTAGDebug_TRSTN_C0_0/genblk2.genblk2[0].BUFD_TRST/bufd_gen[16].BUFD_BLK:Y (r)
               +     0.054          net: CoreJTAGDebug_TRSTN_C0_0/CoreJTAGDebug_TRSTN_C0_0/genblk2.genblk2[0].BUFD_TRST/delay_sel[17]
  12.471                       CoreJTAGDebug_TRSTN_C0_0/CoreJTAGDebug_TRSTN_C0_0/genblk2.genblk2[0].BUFD_TRST/bufd_gen[17].BUFD_BLK:A (r)
               +     0.051          cell: ADLIB:CFG1
  12.522                       CoreJTAGDebug_TRSTN_C0_0/CoreJTAGDebug_TRSTN_C0_0/genblk2.genblk2[0].BUFD_TRST/bufd_gen[17].BUFD_BLK:Y (r)
               +     0.064          net: CoreJTAGDebug_TRSTN_C0_0/CoreJTAGDebug_TRSTN_C0_0/genblk2.genblk2[0].BUFD_TRST/delay_sel[18]
  12.586                       CoreJTAGDebug_TRSTN_C0_0/CoreJTAGDebug_TRSTN_C0_0/genblk2.genblk2[0].BUFD_TRST/bufd_gen[18].BUFD_BLK:A (r)
               +     0.051          cell: ADLIB:CFG1
  12.637                       CoreJTAGDebug_TRSTN_C0_0/CoreJTAGDebug_TRSTN_C0_0/genblk2.genblk2[0].BUFD_TRST/bufd_gen[18].BUFD_BLK:Y (r)
               +     0.123          net: CoreJTAGDebug_TRSTN_C0_0/CoreJTAGDebug_TRSTN_C0_0/genblk2.genblk2[0].BUFD_TRST/delay_sel[19]
  12.760                       CoreJTAGDebug_TRSTN_C0_0/CoreJTAGDebug_TRSTN_C0_0/genblk2.genblk2[0].BUFD_TRST/bufd_gen[19].BUFD_BLK:A (r)
               +     0.083          cell: ADLIB:CFG1
  12.843                       CoreJTAGDebug_TRSTN_C0_0/CoreJTAGDebug_TRSTN_C0_0/genblk2.genblk2[0].BUFD_TRST/bufd_gen[19].BUFD_BLK:Y (r)
               +     0.055          net: CoreJTAGDebug_TRSTN_C0_0/CoreJTAGDebug_TRSTN_C0_0/genblk2.genblk2[0].BUFD_TRST/delay_sel[20]
  12.898                       CoreJTAGDebug_TRSTN_C0_0/CoreJTAGDebug_TRSTN_C0_0/genblk2.genblk2[0].BUFD_TRST/bufd_gen[20].BUFD_BLK:A (r)
               +     0.051          cell: ADLIB:CFG1
  12.949                       CoreJTAGDebug_TRSTN_C0_0/CoreJTAGDebug_TRSTN_C0_0/genblk2.genblk2[0].BUFD_TRST/bufd_gen[20].BUFD_BLK:Y (r)
               +     0.113          net: CoreJTAGDebug_TRSTN_C0_0/CoreJTAGDebug_TRSTN_C0_0/genblk2.genblk2[0].BUFD_TRST/delay_sel[21]
  13.062                       CoreJTAGDebug_TRSTN_C0_0/CoreJTAGDebug_TRSTN_C0_0/genblk2.genblk2[0].BUFD_TRST/bufd_gen[21].BUFD_BLK:A (r)
               +     0.051          cell: ADLIB:CFG1
  13.113                       CoreJTAGDebug_TRSTN_C0_0/CoreJTAGDebug_TRSTN_C0_0/genblk2.genblk2[0].BUFD_TRST/bufd_gen[21].BUFD_BLK:Y (r)
               +     0.061          net: CoreJTAGDebug_TRSTN_C0_0/CoreJTAGDebug_TRSTN_C0_0/genblk2.genblk2[0].BUFD_TRST/delay_sel[22]
  13.174                       CoreJTAGDebug_TRSTN_C0_0/CoreJTAGDebug_TRSTN_C0_0/genblk2.genblk2[0].BUFD_TRST/bufd_gen[22].BUFD_BLK:A (r)
               +     0.051          cell: ADLIB:CFG1
  13.225                       CoreJTAGDebug_TRSTN_C0_0/CoreJTAGDebug_TRSTN_C0_0/genblk2.genblk2[0].BUFD_TRST/bufd_gen[22].BUFD_BLK:Y (r)
               +     0.107          net: CoreJTAGDebug_TRSTN_C0_0/CoreJTAGDebug_TRSTN_C0_0/genblk2.genblk2[0].BUFD_TRST/delay_sel[23]
  13.332                       CoreJTAGDebug_TRSTN_C0_0/CoreJTAGDebug_TRSTN_C0_0/genblk2.genblk2[0].BUFD_TRST/bufd_gen[23].BUFD_BLK:A (r)
               +     0.051          cell: ADLIB:CFG1
  13.383                       CoreJTAGDebug_TRSTN_C0_0/CoreJTAGDebug_TRSTN_C0_0/genblk2.genblk2[0].BUFD_TRST/bufd_gen[23].BUFD_BLK:Y (r)
               +     0.718          net: CoreJTAGDebug_TRSTN_C0_0/CoreJTAGDebug_TRSTN_C0_0/genblk2.genblk2[0].BUFD_TRST/delay_sel[24]
  14.101                       CoreJTAGDebug_TRSTN_C0_0/CoreJTAGDebug_TRSTN_C0_0/genblk2.genblk2[0].BUFD_TRST/bufd_gen[24].BUFD_BLK:A (r)
               +     0.051          cell: ADLIB:CFG1
  14.152                       CoreJTAGDebug_TRSTN_C0_0/CoreJTAGDebug_TRSTN_C0_0/genblk2.genblk2[0].BUFD_TRST/bufd_gen[24].BUFD_BLK:Y (r)
               +     0.108          net: CoreJTAGDebug_TRSTN_C0_0/CoreJTAGDebug_TRSTN_C0_0/genblk2.genblk2[0].BUFD_TRST/delay_sel[25]
  14.260                       CoreJTAGDebug_TRSTN_C0_0/CoreJTAGDebug_TRSTN_C0_0/genblk2.genblk2[0].BUFD_TRST/bufd_gen[25].BUFD_BLK:A (r)
               +     0.051          cell: ADLIB:CFG1
  14.311                       CoreJTAGDebug_TRSTN_C0_0/CoreJTAGDebug_TRSTN_C0_0/genblk2.genblk2[0].BUFD_TRST/bufd_gen[25].BUFD_BLK:Y (r)
               +     0.064          net: CoreJTAGDebug_TRSTN_C0_0/CoreJTAGDebug_TRSTN_C0_0/genblk2.genblk2[0].BUFD_TRST/delay_sel[26]
  14.375                       CoreJTAGDebug_TRSTN_C0_0/CoreJTAGDebug_TRSTN_C0_0/genblk2.genblk2[0].BUFD_TRST/bufd_gen[26].BUFD_BLK:A (r)
               +     0.051          cell: ADLIB:CFG1
  14.426                       CoreJTAGDebug_TRSTN_C0_0/CoreJTAGDebug_TRSTN_C0_0/genblk2.genblk2[0].BUFD_TRST/bufd_gen[26].BUFD_BLK:Y (r)
               +     0.052          net: CoreJTAGDebug_TRSTN_C0_0/CoreJTAGDebug_TRSTN_C0_0/genblk2.genblk2[0].BUFD_TRST/delay_sel[27]
  14.478                       CoreJTAGDebug_TRSTN_C0_0/CoreJTAGDebug_TRSTN_C0_0/genblk2.genblk2[0].BUFD_TRST/bufd_gen[27].BUFD_BLK:A (r)
               +     0.051          cell: ADLIB:CFG1
  14.529                       CoreJTAGDebug_TRSTN_C0_0/CoreJTAGDebug_TRSTN_C0_0/genblk2.genblk2[0].BUFD_TRST/bufd_gen[27].BUFD_BLK:Y (r)
               +     0.120          net: CoreJTAGDebug_TRSTN_C0_0/CoreJTAGDebug_TRSTN_C0_0/genblk2.genblk2[0].BUFD_TRST/delay_sel[28]
  14.649                       CoreJTAGDebug_TRSTN_C0_0/CoreJTAGDebug_TRSTN_C0_0/genblk2.genblk2[0].BUFD_TRST/bufd_gen[28].BUFD_BLK:A (r)
               +     0.051          cell: ADLIB:CFG1
  14.700                       CoreJTAGDebug_TRSTN_C0_0/CoreJTAGDebug_TRSTN_C0_0/genblk2.genblk2[0].BUFD_TRST/bufd_gen[28].BUFD_BLK:Y (r)
               +     0.122          net: CoreJTAGDebug_TRSTN_C0_0/CoreJTAGDebug_TRSTN_C0_0/genblk2.genblk2[0].BUFD_TRST/delay_sel[29]
  14.822                       CoreJTAGDebug_TRSTN_C0_0/CoreJTAGDebug_TRSTN_C0_0/genblk2.genblk2[0].BUFD_TRST/bufd_gen[29].BUFD_BLK:A (r)
               +     0.051          cell: ADLIB:CFG1
  14.873                       CoreJTAGDebug_TRSTN_C0_0/CoreJTAGDebug_TRSTN_C0_0/genblk2.genblk2[0].BUFD_TRST/bufd_gen[29].BUFD_BLK:Y (r)
               +     0.119          net: CoreJTAGDebug_TRSTN_C0_0/CoreJTAGDebug_TRSTN_C0_0/genblk2.genblk2[0].BUFD_TRST/delay_sel[30]
  14.992                       CoreJTAGDebug_TRSTN_C0_0/CoreJTAGDebug_TRSTN_C0_0/genblk2.genblk2[0].BUFD_TRST/bufd_gen[30].BUFD_BLK:A (r)
               +     0.051          cell: ADLIB:CFG1
  15.043                       CoreJTAGDebug_TRSTN_C0_0/CoreJTAGDebug_TRSTN_C0_0/genblk2.genblk2[0].BUFD_TRST/bufd_gen[30].BUFD_BLK:Y (r)
               +     0.055          net: CoreJTAGDebug_TRSTN_C0_0/CoreJTAGDebug_TRSTN_C0_0/genblk2.genblk2[0].BUFD_TRST/delay_sel[31]
  15.098                       CoreJTAGDebug_TRSTN_C0_0/CoreJTAGDebug_TRSTN_C0_0/genblk2.genblk2[0].BUFD_TRST/bufd_gen[31].BUFD_BLK:A (r)
               +     0.051          cell: ADLIB:CFG1
  15.149                       CoreJTAGDebug_TRSTN_C0_0/CoreJTAGDebug_TRSTN_C0_0/genblk2.genblk2[0].BUFD_TRST/bufd_gen[31].BUFD_BLK:Y (r)
               +     0.064          net: CoreJTAGDebug_TRSTN_C0_0/CoreJTAGDebug_TRSTN_C0_0/genblk2.genblk2[0].BUFD_TRST/delay_sel[32]
  15.213                       CoreJTAGDebug_TRSTN_C0_0/CoreJTAGDebug_TRSTN_C0_0/genblk2.genblk2[0].BUFD_TRST/bufd_gen[32].BUFD_BLK:A (r)
               +     0.051          cell: ADLIB:CFG1
  15.264                       CoreJTAGDebug_TRSTN_C0_0/CoreJTAGDebug_TRSTN_C0_0/genblk2.genblk2[0].BUFD_TRST/bufd_gen[32].BUFD_BLK:Y (r)
               +     0.110          net: CoreJTAGDebug_TRSTN_C0_0/CoreJTAGDebug_TRSTN_C0_0/genblk2.genblk2[0].BUFD_TRST/delay_sel[33]
  15.374                       CoreJTAGDebug_TRSTN_C0_0/CoreJTAGDebug_TRSTN_C0_0/genblk2.genblk2[0].BUFD_TRST/bufd_gen[33].BUFD_BLK:A (r)
               +     0.051          cell: ADLIB:CFG1
  15.425                       CoreJTAGDebug_TRSTN_C0_0/CoreJTAGDebug_TRSTN_C0_0/genblk2.genblk2[0].BUFD_TRST/bufd_gen[33].BUFD_BLK:Y (r)
               +     0.536          net: CoreJTAGDebug_TRSTN_C0_0_CoreJTAGDebug_TRSTN_C0_0_genblk2_genblk2_0__BUFD_TRST_delay_sel[34]
  15.961                       MIV_RV32_CFG1_C0_0/MIV_RV32_CFG1_C0_0/u_ipcore_0/gen_subsys_debug.u_subsys_debug_unit_0/MIV_subsys_debug_transport_module_jtag_0/ir_and_Instruction_register.gen_ir_and_Instruction_register_active_low.irReg[3]:ALn (r)
                                    
  15.961                       data arrival time
  ________________________________________________________
  Data required time calculation
  83.330                       TCK
               +     0.000          Clock source
  83.330                       TCK (f)
               +     0.000          net: TCK
  83.330                       CoreJTAGDebug_TRSTN_C0_0/CoreJTAGDebug_TRSTN_C0_0/genblk1.genblk1.genblk1.UJTAG_inst:TCK (f)
               +     2.045          cell: ADLIB:UJTAG_SEC
  85.375                       CoreJTAGDebug_TRSTN_C0_0/CoreJTAGDebug_TRSTN_C0_0/genblk1.genblk1.genblk1.UJTAG_inst:UDRCK (f)
               +     0.278          net: CoreJTAGDebug_TRSTN_C0_0/CoreJTAGDebug_TRSTN_C0_0/N_2
  85.653                       CoreJTAGDebug_TRSTN_C0_0/CoreJTAGDebug_TRSTN_C0_0/N_2_inferred_clock_RNIMQNI2_1:A (f)
               +     0.222          cell: ADLIB:ICB_CLKINT
  85.875                       CoreJTAGDebug_TRSTN_C0_0/CoreJTAGDebug_TRSTN_C0_0/N_2_inferred_clock_RNIMQNI2_1:Y (f)
               +     0.106          net: CoreJTAGDebug_TRSTN_C0_0/CoreJTAGDebug_TRSTN_C0_0/N_2_inferred_clock_RNIMQNI2_NET
  85.981                       CoreJTAGDebug_TRSTN_C0_0/CoreJTAGDebug_TRSTN_C0_0/N_2_inferred_clock_RNIMQNI2:A (f)
               +     0.143          cell: ADLIB:GB
  86.124                       CoreJTAGDebug_TRSTN_C0_0/CoreJTAGDebug_TRSTN_C0_0/N_2_inferred_clock_RNIMQNI2:Y (f)
               +     0.336          net: CoreJTAGDebug_TRSTN_C0_0/CoreJTAGDebug_TRSTN_C0_0/N_2_inferred_clock_RNIMQNI2/U0_Y
  86.460                       CoreJTAGDebug_TRSTN_C0_0/CoreJTAGDebug_TRSTN_C0_0/N_2_inferred_clock_RNIMQNI2/U0_RGB1:A (f)
               +     0.054          cell: ADLIB:RGB
  86.514                       CoreJTAGDebug_TRSTN_C0_0/CoreJTAGDebug_TRSTN_C0_0/N_2_inferred_clock_RNIMQNI2/U0_RGB1:Y (r)
               +     0.430          net: CoreJTAGDebug_TRSTN_C0_0/CoreJTAGDebug_TRSTN_C0_0/iUDRCK
  86.944                       CoreJTAGDebug_TRSTN_C0_0/CoreJTAGDebug_TRSTN_C0_0/genblk3.genblk1.UJ_JTAG/un1_DUT_TCK:A (f)
               +     0.134          cell: ADLIB:CFG4
  87.078                       CoreJTAGDebug_TRSTN_C0_0/CoreJTAGDebug_TRSTN_C0_0/genblk3.genblk1.UJ_JTAG/un1_DUT_TCK:Y (r)
               +     1.178          net: CoreJTAGDebug_TRSTN_C0_0/CoreJTAGDebug_TRSTN_C0_0/un1_DUT_TCK_0
  88.256                       CoreJTAGDebug_TRSTN_C0_0/CoreJTAGDebug_TRSTN_C0_0/genblk3.genblk1.TGT_TCK_GLB:A (r)
               +     0.133          cell: ADLIB:GB
  88.389                       CoreJTAGDebug_TRSTN_C0_0/CoreJTAGDebug_TRSTN_C0_0/genblk3.genblk1.TGT_TCK_GLB:Y (r)
               +     0.340          net: CoreJTAGDebug_TRSTN_C0_0/CoreJTAGDebug_TRSTN_C0_0/genblk3.genblk1.TGT_TCK_GLB/U0_Y
  88.729                       CoreJTAGDebug_TRSTN_C0_0/CoreJTAGDebug_TRSTN_C0_0/genblk3.genblk1.TGT_TCK_GLB/U0_RGB1:A (r)
               +     0.052          cell: ADLIB:RGB
  88.781                       CoreJTAGDebug_TRSTN_C0_0/CoreJTAGDebug_TRSTN_C0_0/genblk3.genblk1.TGT_TCK_GLB/U0_RGB1:Y (f)
               +     0.374          net: CoreJTAGDebug_TRSTN_C0_0/CoreJTAGDebug_TRSTN_C0_0/TGT_TCK_GLB
  89.155                       MIV_RV32_CFG1_C0_0/MIV_RV32_CFG1_C0_0/u_ipcore_0/gen_subsys_debug.u_subsys_debug_unit_0/MIV_subsys_debug_transport_module_jtag_0/ir_and_Instruction_register.gen_ir_and_Instruction_register_active_low.irReg[3]:CLK (r)
               +     0.610          
  89.765                       clock reconvergence pessimism
               -     0.018          
  89.747                       clock jitter
               -     0.197          Library recovery time: ADLIB:SLE
  89.550                       MIV_RV32_CFG1_C0_0/MIV_RV32_CFG1_C0_0/u_ipcore_0/gen_subsys_debug.u_subsys_debug_unit_0/MIV_subsys_debug_transport_module_jtag_0/ir_and_Instruction_register.gen_ir_and_Instruction_register_active_low.irReg[3]:ALn
                                    
  89.550                       data required time


Operating Conditions : slow_lv_lt

END SET Register to Asynchronous

----------------------------------------------------

SET External Recovery

No Path 

END SET External Recovery

----------------------------------------------------

SET Asynchronous to Register

No Path 

END SET Asynchronous to Register

----------------------------------------------------

SET PF_CCC_C0_0/PF_CCC_C0_0/pll_inst_0/OUT0 to TCK

No Path 

END SET PF_CCC_C0_0/PF_CCC_C0_0/pll_inst_0/OUT0 to TCK

----------------------------------------------------

Path set Pin to Pin

SET Input to Output

No Path 

END SET Input to Output

----------------------------------------------------

