Timing Violation Report Min Delay Analysis

SmartTime Version 2025.2
Microchip Technology Inc. - Microchip Libero Software Release 2025.2 (Version 2025.2.0.14)
Date: Fri Jan 16 18:40:29 2026


Design: BaseDesign
Family: PolarFireSoC
Die: MPFS095T
Package: FCSG325
Temperature Range: 0 - 100 C
Voltage Range: 0.97 - 1.03 V
Speed Grade: -1
Design State: Post-Layout
Data source: Production
Multi Corner Report Operating Conditions: slow_lv_lt,fast_hv_lt,slow_lv_ht


Path 1
  From: CORERESET_PF_C0_0/CORERESET_PF_C0_0/dff_4[0]:CLK
  To:   CORERESET_PF_C0_0/CORERESET_PF_C0_0/dff_5[0]:D
  Delay (ns):              0.219
  Slack (ns):              0.070
  Arrival (ns):            3.099
  Required (ns):           3.029
  Operating Conditions: slow_lv_lt

Path 2
  From: CORERESET_PF_C0_0/CORERESET_PF_C0_0/dff_13[0]:CLK
  To:   CORERESET_PF_C0_0/CORERESET_PF_C0_0/dff_14[0]:D
  Delay (ns):              0.220
  Slack (ns):              0.071
  Arrival (ns):            3.100
  Required (ns):           3.029
  Operating Conditions: slow_lv_lt

Path 3
  From: MIV_ESS_C0_0/CoreUARTapb_0/uUART/tx_hold_reg[2]:CLK
  To:   MIV_ESS_C0_0/CoreUARTapb_0/uUART/make_TX/tx_byte[2]:D
  Delay (ns):              0.149
  Slack (ns):              0.072
  Arrival (ns):            2.104
  Required (ns):           2.032
  Operating Conditions: fast_hv_lt

Path 4
  From: CORERESET_PF_C0_0/CORERESET_PF_C0_0/dff_5[0]:CLK
  To:   CORERESET_PF_C0_0/CORERESET_PF_C0_0/dff_6[0]:D
  Delay (ns):              0.150
  Slack (ns):              0.072
  Arrival (ns):            2.074
  Required (ns):           2.002
  Operating Conditions: fast_hv_lt

Path 5
  From: CORERESET_PF_C0_0/CORERESET_PF_C0_0/dff_11[0]:CLK
  To:   CORERESET_PF_C0_0/CORERESET_PF_C0_0/dff_12[0]:D
  Delay (ns):              0.222
  Slack (ns):              0.073
  Arrival (ns):            3.102
  Required (ns):           3.029
  Operating Conditions: slow_lv_lt

Path 6
  From: MIV_ESS_C0_0/CoreGPIO_0/xhdl1.GEN_BITS[3].gpin1[3]:CLK
  To:   MIV_ESS_C0_0/CoreGPIO_0/xhdl1.GEN_BITS[3].gpin2[3]:D
  Delay (ns):              0.148
  Slack (ns):              0.074
  Arrival (ns):            2.086
  Required (ns):           2.012
  Operating Conditions: fast_hv_lt

Path 7
  From: MIV_RV32_CFG1_C0_0/MIV_RV32_CFG1_C0_0/u_ipcore_0/gen_subsys_debug.u_subsys_debug_unit_0/miv_rv32_debug_du_0/cmderr_ff[1]:CLK
  To:   MIV_RV32_CFG1_C0_0/MIV_RV32_CFG1_C0_0/u_ipcore_0/gen_subsys_debug.u_subsys_debug_unit_0/miv_rv32_debug_du_0/abstractcs_cmderr[1]:D
  Delay (ns):              0.149
  Slack (ns):              0.075
  Arrival (ns):            2.084
  Required (ns):           2.009
  Operating Conditions: fast_hv_lt

Path 8
  From: MIV_RV32_CFG1_C0_0/MIV_RV32_CFG1_C0_0/u_ipcore_0/u_hart_0/u_expipe_0/de_ex_pipe_curr_instr_enc_ex[20]:CLK
  To:   MIV_RV32_CFG1_C0_0/MIV_RV32_CFG1_C0_0/u_ipcore_0/u_hart_0/u_expipe_0/ex_retr_pipe_curr_instr_enc_retr[20]:D
  Delay (ns):              0.150
  Slack (ns):              0.076
  Arrival (ns):            2.083
  Required (ns):           2.007
  Operating Conditions: fast_hv_lt

Path 9
  From: CORERESET_PF_C0_0/CORERESET_PF_C0_0/dff_10[0]:CLK
  To:   CORERESET_PF_C0_0/CORERESET_PF_C0_0/dff_11[0]:D
  Delay (ns):              0.154
  Slack (ns):              0.077
  Arrival (ns):            2.079
  Required (ns):           2.002
  Operating Conditions: fast_hv_lt

Path 10
  From: MIV_RV32_CFG1_C0_0/MIV_RV32_CFG1_C0_0/u_ipcore_0/gen_subsys_debug.u_subsys_debug_unit_0/debug_resp_fifo/rd_gray_ptr_synch[1]:CLK
  To:   MIV_RV32_CFG1_C0_0/MIV_RV32_CFG1_C0_0/u_ipcore_0/gen_subsys_debug.u_subsys_debug_unit_0/debug_resp_fifo/rd_gray_ptr_in_write[1]:D
  Delay (ns):              0.155
  Slack (ns):              0.078
  Arrival (ns):            2.091
  Required (ns):           2.013
  Operating Conditions: fast_hv_lt

Path 11
  From: MIV_ESS_C0_0/MIV_PLIC_0/apb_interface_0/interrupt_enable_wr_data_Z[1]:CLK
  To:   MIV_ESS_C0_0/MIV_PLIC_0/plic_core_ie.genblk1[1].interrupt_enable_register_0/interrupt_enable_reg:D
  Delay (ns):              0.152
  Slack (ns):              0.078
  Arrival (ns):            2.096
  Required (ns):           2.018
  Operating Conditions: fast_hv_lt

Path 12
  From: CORERESET_PF_C0_0/CORERESET_PF_C0_0/dff_12[0]:CLK
  To:   CORERESET_PF_C0_0/CORERESET_PF_C0_0/dff_13[0]:D
  Delay (ns):              0.155
  Slack (ns):              0.078
  Arrival (ns):            2.080
  Required (ns):           2.002
  Operating Conditions: fast_hv_lt

Path 13
  From: CORERESET_PF_C0_0/CORERESET_PF_C0_0/dff_9[0]:CLK
  To:   CORERESET_PF_C0_0/CORERESET_PF_C0_0/dff_10[0]:D
  Delay (ns):              0.157
  Slack (ns):              0.080
  Arrival (ns):            2.082
  Required (ns):           2.002
  Operating Conditions: fast_hv_lt

Path 14
  From: MIV_RV32_CFG1_C0_0/MIV_RV32_CFG1_C0_0/u_ipcore_0/gen_subsys_debug.u_subsys_debug_unit_0/miv_rv32_debug_du_0/cmderr_ff[0]:CLK
  To:   MIV_RV32_CFG1_C0_0/MIV_RV32_CFG1_C0_0/u_ipcore_0/gen_subsys_debug.u_subsys_debug_unit_0/miv_rv32_debug_du_0/abstractcs_cmderr[0]:D
  Delay (ns):              0.154
  Slack (ns):              0.081
  Arrival (ns):            2.089
  Required (ns):           2.008
  Operating Conditions: fast_hv_lt

Path 15
  From: CORERESET_PF_C0_0/CORERESET_PF_C0_0/dff_6[0]:CLK
  To:   CORERESET_PF_C0_0/CORERESET_PF_C0_0/dff_7[0]:D
  Delay (ns):              0.159
  Slack (ns):              0.082
  Arrival (ns):            2.084
  Required (ns):           2.002
  Operating Conditions: fast_hv_lt

Path 16
  From: MIV_ESS_C0_0/CoreGPIO_0/xhdl1.GEN_BITS[3].gpin2[3]:CLK
  To:   MIV_ESS_C0_0/CoreGPIO_0/xhdl1.GEN_BITS[3].gpin3[3]:D
  Delay (ns):              0.157
  Slack (ns):              0.083
  Arrival (ns):            2.095
  Required (ns):           2.012
  Operating Conditions: fast_hv_lt

Path 17
  From: CORERESET_PF_C0_0/CORERESET_PF_C0_0/dff_14[0]:CLK
  To:   CORERESET_PF_C0_0/CORERESET_PF_C0_0/dff_15[0]:D
  Delay (ns):              0.162
  Slack (ns):              0.084
  Arrival (ns):            2.086
  Required (ns):           2.002
  Operating Conditions: fast_hv_lt

Path 18
  From: MIV_RV32_CFG1_C0_0/MIV_RV32_CFG1_C0_0/u_ipcore_0/gen_subsys_debug.u_subsys_debug_unit_0/debug_req_fifo/rd_gray_ptr_synch[0]:CLK
  To:   MIV_RV32_CFG1_C0_0/MIV_RV32_CFG1_C0_0/u_ipcore_0/gen_subsys_debug.u_subsys_debug_unit_0/debug_req_fifo/rd_gray_ptr_in_write[0]:D
  Delay (ns):              0.161
  Slack (ns):              0.085
  Arrival (ns):            3.641
  Required (ns):           3.556
  Operating Conditions: fast_hv_lt

Path 19
  From: CORERESET_PF_C0_0/CORERESET_PF_C0_0/dff_1[0]:CLK
  To:   CORERESET_PF_C0_0/CORERESET_PF_C0_0/dff_2[0]:D
  Delay (ns):              0.160
  Slack (ns):              0.087
  Arrival (ns):            2.081
  Required (ns):           1.994
  Operating Conditions: fast_hv_lt

Path 20
  From: CORERESET_PF_C0_0/CORERESET_PF_C0_0/dff_2[0]:CLK
  To:   CORERESET_PF_C0_0/CORERESET_PF_C0_0/dff_3[0]:D
  Delay (ns):              0.163
  Slack (ns):              0.089
  Arrival (ns):            2.083
  Required (ns):           1.994
  Operating Conditions: fast_hv_lt

Path 21
  From: MIV_RV32_CFG1_C0_0/MIV_RV32_CFG1_C0_0/u_ipcore_0/u_hart_0/u_expipe_0/de_ex_pipe_curr_instr_enc_ex[2]:CLK
  To:   MIV_RV32_CFG1_C0_0/MIV_RV32_CFG1_C0_0/u_ipcore_0/u_hart_0/u_expipe_0/ex_retr_pipe_curr_instr_enc_retr[2]:D
  Delay (ns):              0.163
  Slack (ns):              0.090
  Arrival (ns):            2.096
  Required (ns):           2.006
  Operating Conditions: fast_hv_lt

Path 22
  From: MIV_ESS_C0_0/CoreUARTapb_0/uUART/make_RX/rx_shift[3]:CLK
  To:   MIV_ESS_C0_0/CoreUARTapb_0/uUART/make_RX/rx_shift[2]:D
  Delay (ns):              0.164
  Slack (ns):              0.090
  Arrival (ns):            2.109
  Required (ns):           2.019
  Operating Conditions: fast_hv_lt

Path 23
  From: MIV_ESS_C0_0/CoreUARTapb_0/uUART/make_RX/rx_shift[3]:CLK
  To:   MIV_ESS_C0_0/CoreUARTapb_0/uUART/make_RX/rx_byte[3]:D
  Delay (ns):              0.164
  Slack (ns):              0.090
  Arrival (ns):            2.109
  Required (ns):           2.019
  Operating Conditions: fast_hv_lt

Path 24
  From: MIV_ESS_C0_0/CoreUARTapb_0/uUART/make_RX/rx_shift[1]:CLK
  To:   MIV_ESS_C0_0/CoreUARTapb_0/uUART/make_RX/rx_shift[0]:D
  Delay (ns):              0.166
  Slack (ns):              0.092
  Arrival (ns):            2.111
  Required (ns):           2.019
  Operating Conditions: fast_hv_lt

Path 25
  From: MIV_ESS_C0_0/CoreUARTapb_0/uUART/make_RX/rx_shift[1]:CLK
  To:   MIV_ESS_C0_0/CoreUARTapb_0/uUART/make_RX/rx_byte[1]:D
  Delay (ns):              0.167
  Slack (ns):              0.093
  Arrival (ns):            2.112
  Required (ns):           2.019
  Operating Conditions: fast_hv_lt

Path 26
  From: MIV_ESS_C0_0/CoreGPIO_0/xhdl1.GEN_BITS[2].gpin2[2]:CLK
  To:   MIV_ESS_C0_0/CoreGPIO_0/xhdl1.GEN_BITS[2].gpin3[2]:D
  Delay (ns):              0.168
  Slack (ns):              0.094
  Arrival (ns):            2.110
  Required (ns):           2.016
  Operating Conditions: fast_hv_lt

Path 27
  From: CORERESET_PF_C0_0/CORERESET_PF_C0_0/dff_8[0]:CLK
  To:   CORERESET_PF_C0_0/CORERESET_PF_C0_0/dff_9[0]:D
  Delay (ns):              0.183
  Slack (ns):              0.106
  Arrival (ns):            2.108
  Required (ns):           2.002
  Operating Conditions: fast_hv_lt

Path 28
  From: MIV_RV32_CFG1_C0_0/MIV_RV32_CFG1_C0_0/u_ipcore_0/gen_subsys_debug.u_subsys_debug_unit_0/miv_rv32_debug_du_0/data_0_reg[19]:CLK
  To:   MIV_RV32_CFG1_C0_0/MIV_RV32_CFG1_C0_0/u_ipcore_0/gen_subsys_debug.u_subsys_debug_unit_0/miv_rv32_debug_du_0/debug_op_wr_data[19]:D
  Delay (ns):              0.187
  Slack (ns):              0.110
  Arrival (ns):            2.107
  Required (ns):           1.997
  Operating Conditions: fast_hv_lt

Path 29
  From: MIV_RV32_CFG1_C0_0/MIV_RV32_CFG1_C0_0/u_ipcore_0/u_hart_0/u_expipe_0/de_ex_pipe_curr_instr_enc_ex[13]:CLK
  To:   MIV_RV32_CFG1_C0_0/MIV_RV32_CFG1_C0_0/u_ipcore_0/u_hart_0/u_expipe_0/ex_retr_pipe_curr_instr_enc_retr[13]:D
  Delay (ns):              0.184
  Slack (ns):              0.111
  Arrival (ns):            2.118
  Required (ns):           2.007
  Operating Conditions: fast_hv_lt

Path 30
  From: CORERESET_PF_C0_0/CORERESET_PF_C0_0/dff_7[0]:CLK
  To:   CORERESET_PF_C0_0/CORERESET_PF_C0_0/dff_8[0]:D
  Delay (ns):              0.188
  Slack (ns):              0.111
  Arrival (ns):            2.113
  Required (ns):           2.002
  Operating Conditions: fast_hv_lt

Path 31
  From: MIV_RV32_CFG1_C0_0/MIV_RV32_CFG1_C0_0/u_ipcore_0/gen_subsys_debug.u_subsys_debug_unit_0/miv_rv32_debug_du_0/data_0_reg[20]:CLK
  To:   MIV_RV32_CFG1_C0_0/MIV_RV32_CFG1_C0_0/u_ipcore_0/gen_subsys_debug.u_subsys_debug_unit_0/miv_rv32_debug_du_0/debug_op_wr_data[20]:D
  Delay (ns):              0.257
  Slack (ns):              0.113
  Arrival (ns):            2.179
  Required (ns):           2.066
  Operating Conditions: fast_hv_lt

Path 32
  From: MIV_RV32_CFG1_C0_0/MIV_RV32_CFG1_C0_0/u_ipcore_0/u_hart_0/u_expipe_0/de_ex_pipe_curr_instr_enc_ex[30]:CLK
  To:   MIV_RV32_CFG1_C0_0/MIV_RV32_CFG1_C0_0/u_ipcore_0/u_hart_0/u_expipe_0/ex_retr_pipe_curr_instr_enc_retr[30]:D
  Delay (ns):              0.210
  Slack (ns):              0.114
  Arrival (ns):            2.125
  Required (ns):           2.011
  Operating Conditions: fast_hv_lt

Path 33
  From: MIV_RV32_CFG1_C0_0/MIV_RV32_CFG1_C0_0/u_ipcore_0/gen_subsys_debug.u_subsys_debug_unit_0/debug_resp_fifo/rd_gray_ptr_synch[0]:CLK
  To:   MIV_RV32_CFG1_C0_0/MIV_RV32_CFG1_C0_0/u_ipcore_0/gen_subsys_debug.u_subsys_debug_unit_0/debug_resp_fifo/rd_gray_ptr_in_write[0]:D
  Delay (ns):              0.211
  Slack (ns):              0.115
  Arrival (ns):            2.143
  Required (ns):           2.028
  Operating Conditions: fast_hv_lt

Path 34
  From: MIV_RV32_CFG1_C0_0/MIV_RV32_CFG1_C0_0/u_ipcore_0/u_hart_0/u_expipe_0/de_ex_pipe_curr_instr_enc_ex[24]:CLK
  To:   MIV_RV32_CFG1_C0_0/MIV_RV32_CFG1_C0_0/u_ipcore_0/u_hart_0/u_expipe_0/ex_retr_pipe_curr_instr_enc_retr[24]:D
  Delay (ns):              0.207
  Slack (ns):              0.116
  Arrival (ns):            2.124
  Required (ns):           2.008
  Operating Conditions: fast_hv_lt

Path 35
  From: MIV_RV32_CFG1_C0_0/MIV_RV32_CFG1_C0_0/u_ipcore_0/u_hart_0/u_expipe_0/gen_gpr_ex_attbs_rd_ex.gen_debug_gpr_rd_sel_pipeline.de_ex_pipe_gpr_rs2_rd_sel_ex[5]:CLK
  To:   MIV_RV32_CFG1_C0_0/MIV_RV32_CFG1_C0_0/u_ipcore_0/u_hart_0/u_expipe_0/gen_gpr_ram.u_gpr_0/gpr_rs2_rd_sel_reg[5]:D
  Delay (ns):              0.224
  Slack (ns):              0.118
  Arrival (ns):            2.152
  Required (ns):           2.034
  Operating Conditions: fast_hv_lt

Path 36
  From: MIV_ESS_C0_0/CoreUARTapb_0/uUART/tx_hold_reg[1]:CLK
  To:   MIV_ESS_C0_0/CoreUARTapb_0/uUART/make_TX/tx_byte[1]:D
  Delay (ns):              0.196
  Slack (ns):              0.119
  Arrival (ns):            2.151
  Required (ns):           2.032
  Operating Conditions: fast_hv_lt

Path 37
  From: MIV_ESS_C0_0/CoreUARTapb_0/uUART/make_RX/rx_shift[6]:CLK
  To:   MIV_ESS_C0_0/CoreUARTapb_0/uUART/make_RX/rx_shift[5]:D
  Delay (ns):              0.193
  Slack (ns):              0.119
  Arrival (ns):            2.138
  Required (ns):           2.019
  Operating Conditions: fast_hv_lt

Path 38
  From: MIV_ESS_C0_0/CoreUARTapb_0/uUART/make_RX/rx_shift[5]:CLK
  To:   MIV_ESS_C0_0/CoreUARTapb_0/uUART/make_RX/rx_byte[5]:D
  Delay (ns):              0.213
  Slack (ns):              0.120
  Arrival (ns):            2.158
  Required (ns):           2.038
  Operating Conditions: fast_hv_lt

Path 39
  From: CoreTimer_C0_0/CoreTimer_C0_0/CountIsZeroReg:CLK
  To:   CoreTimer_C0_0/CoreTimer_C0_0/RawTimInt:D
  Delay (ns):              0.193
  Slack (ns):              0.120
  Arrival (ns):            2.110
  Required (ns):           1.990
  Operating Conditions: fast_hv_lt

Path 40
  From: MIV_ESS_C0_0/CoreUARTapb_0/uUART/make_RX/rx_shift[4]:CLK
  To:   MIV_ESS_C0_0/CoreUARTapb_0/uUART/make_RX/rx_shift[3]:D
  Delay (ns):              0.196
  Slack (ns):              0.122
  Arrival (ns):            2.141
  Required (ns):           2.019
  Operating Conditions: fast_hv_lt

Path 41
  From: CORERESET_PF_C0_0/CORERESET_PF_C0_0/dff_0[0]:CLK
  To:   CORERESET_PF_C0_0/CORERESET_PF_C0_0/dff_1[0]:D
  Delay (ns):              0.196
  Slack (ns):              0.122
  Arrival (ns):            2.116
  Required (ns):           1.994
  Operating Conditions: fast_hv_lt

Path 42
  From: MIV_RV32_CFG1_C0_0/MIV_RV32_CFG1_C0_0/u_ipcore_0/gen_subsys_debug.u_subsys_debug_unit_0/miv_rv32_debug_du_0/command_reg[9]:CLK
  To:   MIV_RV32_CFG1_C0_0/MIV_RV32_CFG1_C0_0/u_ipcore_0/gen_subsys_debug.u_subsys_debug_unit_0/miv_rv32_debug_du_0/debug_csr_addr[9]:D
  Delay (ns):              0.197
  Slack (ns):              0.123
  Arrival (ns):            2.137
  Required (ns):           2.014
  Operating Conditions: fast_hv_lt

Path 43
  From: MIV_RV32_CFG1_C0_0/MIV_RV32_CFG1_C0_0/u_ipcore_0/gen_subsys_debug.u_subsys_debug_unit_0/miv_rv32_debug_du_0/command_reg[2]:CLK
  To:   MIV_RV32_CFG1_C0_0/MIV_RV32_CFG1_C0_0/u_ipcore_0/gen_subsys_debug.u_subsys_debug_unit_0/miv_rv32_debug_du_0/debug_csr_addr[2]:D
  Delay (ns):              0.197
  Slack (ns):              0.123
  Arrival (ns):            2.137
  Required (ns):           2.014
  Operating Conditions: fast_hv_lt

Path 44
  From: MIV_ESS_C0_0/MIV_PLIC_0/interrupt_claim_complete_0/plic_interrupt_complete_generation.genblk1[1].interrupt_complete_data[1]:CLK
  To:   MIV_ESS_C0_0/MIV_PLIC_0/plic_core_plic_gateway.genblk1[1].plic_gateway/interrupt_in_flight:D
  Delay (ns):              0.196
  Slack (ns):              0.123
  Arrival (ns):            2.133
  Required (ns):           2.010
  Operating Conditions: fast_hv_lt

Path 45
  From: MIV_ESS_C0_0/CoreGPIO_0/xhdl1.GEN_BITS[2].gpin1[2]:CLK
  To:   MIV_ESS_C0_0/CoreGPIO_0/xhdl1.GEN_BITS[2].gpin2[2]:D
  Delay (ns):              0.197
  Slack (ns):              0.123
  Arrival (ns):            2.139
  Required (ns):           2.016
  Operating Conditions: fast_hv_lt

Path 46
  From: MIV_ESS_C0_0/CoreGPIO_0/xhdl1.GEN_BITS_0[0]:CLK
  To:   MIV_ESS_C0_0/CoreGPIO_0/xhdl1.GEN_BITS_1[0]:D
  Delay (ns):              0.198
  Slack (ns):              0.124
  Arrival (ns):            2.140
  Required (ns):           2.016
  Operating Conditions: fast_hv_lt

Path 47
  From: MIV_RV32_CFG1_C0_0/MIV_RV32_CFG1_C0_0/u_ipcore_0/u_hart_0/u_expipe_0/de_ex_pipe_curr_instr_enc_ex[18]:CLK
  To:   MIV_RV32_CFG1_C0_0/MIV_RV32_CFG1_C0_0/u_ipcore_0/u_hart_0/u_expipe_0/ex_retr_pipe_curr_instr_enc_retr[18]:D
  Delay (ns):              0.199
  Slack (ns):              0.125
  Arrival (ns):            2.129
  Required (ns):           2.004
  Operating Conditions: fast_hv_lt

Path 48
  From: MIV_RV32_CFG1_C0_0/MIV_RV32_CFG1_C0_0/u_ipcore_0/gen_subsys_debug.u_subsys_debug_unit_0/miv_rv32_debug_du_0/data_0_reg[6]:CLK
  To:   MIV_RV32_CFG1_C0_0/MIV_RV32_CFG1_C0_0/u_ipcore_0/gen_subsys_debug.u_subsys_debug_unit_0/miv_rv32_debug_du_0/debug_op_wr_data[6]:D
  Delay (ns):              0.211
  Slack (ns):              0.125
  Arrival (ns):            2.133
  Required (ns):           2.008
  Operating Conditions: fast_hv_lt

Path 49
  From: MIV_ESS_C0_0/MIV_PLIC_0/interrupt_claim_complete_0/plic_irq_id_1[0]:CLK
  To:   MIV_ESS_C0_0/MIV_PLIC_0/apb_interface_0/TARGET_PRDATA[0]:D
  Delay (ns):              0.199
  Slack (ns):              0.125
  Arrival (ns):            2.143
  Required (ns):           2.018
  Operating Conditions: fast_hv_lt

Path 50
  From: MIV_ESS_C0_0/CoreUARTapb_0/uUART/make_RX/samples_2[0]:CLK
  To:   MIV_ESS_C0_0/CoreUARTapb_0/uUART/make_RX/samples_1[0]:D
  Delay (ns):              0.199
  Slack (ns):              0.125
  Arrival (ns):            2.141
  Required (ns):           2.016
  Operating Conditions: fast_hv_lt

Path 51
  From: CORERESET_PF_C0_0/CORERESET_PF_C0_0/dff_3[0]:CLK
  To:   CORERESET_PF_C0_0/CORERESET_PF_C0_0/dff_4[0]:D
  Delay (ns):              0.218
  Slack (ns):              0.125
  Arrival (ns):            2.139
  Required (ns):           2.014
  Operating Conditions: fast_hv_lt

Path 52
  From: MIV_RV32_CFG1_C0_0/MIV_RV32_CFG1_C0_0/u_ipcore_0/gen_subsys_debug.u_subsys_debug_unit_0/miv_rv32_debug_du_0/command_reg[11]:CLK
  To:   MIV_RV32_CFG1_C0_0/MIV_RV32_CFG1_C0_0/u_ipcore_0/gen_subsys_debug.u_subsys_debug_unit_0/miv_rv32_debug_du_0/debug_csr_addr[11]:D
  Delay (ns):              0.200
  Slack (ns):              0.126
  Arrival (ns):            2.140
  Required (ns):           2.014
  Operating Conditions: fast_hv_lt

Path 53
  From: MIV_RV32_CFG1_C0_0/MIV_RV32_CFG1_C0_0/u_ipcore_0/gen_subsys_debug.u_subsys_debug_unit_0/miv_rv32_debug_du_0/cmderr_ff[2]:CLK
  To:   MIV_RV32_CFG1_C0_0/MIV_RV32_CFG1_C0_0/u_ipcore_0/gen_subsys_debug.u_subsys_debug_unit_0/miv_rv32_debug_du_0/abstractcs_cmderr[2]:D
  Delay (ns):              0.200
  Slack (ns):              0.126
  Arrival (ns):            2.135
  Required (ns):           2.009
  Operating Conditions: fast_hv_lt

Path 54
  From: MIV_RV32_CFG1_C0_0/MIV_RV32_CFG1_C0_0/u_ipcore_0/gen_subsys_debug.u_subsys_debug_unit_0/MIV_subsys_debug_transport_module_jtag_0/gen_shift_register_active_high.gen_shift_register_active_low.shiftDMI[22]:CLK
  To:   MIV_RV32_CFG1_C0_0/MIV_RV32_CFG1_C0_0/u_ipcore_0/gen_subsys_debug.u_subsys_debug_unit_0/MIV_subsys_debug_transport_module_jtag_0/gen_shift_register_active_high.gen_shift_register_active_low.shiftDMI[21]:D
  Delay (ns):              0.202
  Slack (ns):              0.126
  Arrival (ns):            3.456
  Required (ns):           3.330
  Operating Conditions: fast_hv_lt

Path 55
  From: MIV_ESS_C0_0/CoreUARTapb_0/uUART/tx_hold_reg[6]:CLK
  To:   MIV_ESS_C0_0/CoreUARTapb_0/uUART/make_TX/tx_byte[6]:D
  Delay (ns):              0.203
  Slack (ns):              0.126
  Arrival (ns):            2.158
  Required (ns):           2.032
  Operating Conditions: fast_hv_lt

Path 56
  From: MIV_RV32_CFG1_C0_0/MIV_RV32_CFG1_C0_0/u_ipcore_0/u_hart_0/u_expipe_0/u_exu_0/div_divisor[46]:CLK
  To:   MIV_RV32_CFG1_C0_0/MIV_RV32_CFG1_C0_0/u_ipcore_0/u_hart_0/u_expipe_0/u_exu_0/div_divisor[45]:D
  Delay (ns):              0.204
  Slack (ns):              0.127
  Arrival (ns):            2.135
  Required (ns):           2.008
  Operating Conditions: fast_hv_lt

Path 57
  From: MIV_RV32_CFG1_C0_0/MIV_RV32_CFG1_C0_0/u_ipcore_0/u_hart_0/u_expipe_0/u_exu_0/div_divisor[25]:CLK
  To:   MIV_RV32_CFG1_C0_0/MIV_RV32_CFG1_C0_0/u_ipcore_0/u_hart_0/u_expipe_0/u_exu_0/div_divisor[24]:D
  Delay (ns):              0.204
  Slack (ns):              0.127
  Arrival (ns):            2.132
  Required (ns):           2.005
  Operating Conditions: fast_hv_lt

Path 58
  From: MIV_RV32_CFG1_C0_0/MIV_RV32_CFG1_C0_0/u_ipcore_0/gen_subsys_debug.u_subsys_debug_unit_0/MIV_subsys_debug_transport_module_jtag_0/gen_shift_register_active_high.gen_shift_register_active_low.shiftDMI[38]:CLK
  To:   MIV_RV32_CFG1_C0_0/MIV_RV32_CFG1_C0_0/u_ipcore_0/gen_subsys_debug.u_subsys_debug_unit_0/MIV_subsys_debug_transport_module_jtag_0/gen_shift_register_active_high.gen_shift_register_active_low.shiftDMI[37]:D
  Delay (ns):              0.205
  Slack (ns):              0.127
  Arrival (ns):            3.472
  Required (ns):           3.345
  Operating Conditions: fast_hv_lt

Path 59
  From: MIV_ESS_C0_0/CoreGPIO_0/xhdl1.GEN_BITS_1[0]:CLK
  To:   MIV_ESS_C0_0/CoreGPIO_0/xhdl1.GEN_BITS_2[0]:D
  Delay (ns):              0.201
  Slack (ns):              0.127
  Arrival (ns):            2.143
  Required (ns):           2.016
  Operating Conditions: fast_hv_lt

Path 60
  From: MIV_RV32_CFG1_C0_0/MIV_RV32_CFG1_C0_0/u_ipcore_0/u_hart_0/u_expipe_0/u_exu_0/div_divisor[48]:CLK
  To:   MIV_RV32_CFG1_C0_0/MIV_RV32_CFG1_C0_0/u_ipcore_0/u_hart_0/u_expipe_0/u_exu_0/div_divisor[47]:D
  Delay (ns):              0.205
  Slack (ns):              0.128
  Arrival (ns):            2.136
  Required (ns):           2.008
  Operating Conditions: fast_hv_lt

Path 61
  From: MIV_RV32_CFG1_C0_0/MIV_RV32_CFG1_C0_0/u_ipcore_0/u_hart_0/u_expipe_0/u_exu_0/div_divisor[44]:CLK
  To:   MIV_RV32_CFG1_C0_0/MIV_RV32_CFG1_C0_0/u_ipcore_0/u_hart_0/u_expipe_0/u_exu_0/div_divisor[43]:D
  Delay (ns):              0.205
  Slack (ns):              0.128
  Arrival (ns):            2.136
  Required (ns):           2.008
  Operating Conditions: fast_hv_lt

Path 62
  From: MIV_RV32_CFG1_C0_0/MIV_RV32_CFG1_C0_0/u_ipcore_0/u_hart_0/u_expipe_0/u_exu_0/div_divisor[3]:CLK
  To:   MIV_RV32_CFG1_C0_0/MIV_RV32_CFG1_C0_0/u_ipcore_0/u_hart_0/u_expipe_0/u_exu_0/div_divisor[2]:D
  Delay (ns):              0.205
  Slack (ns):              0.128
  Arrival (ns):            2.135
  Required (ns):           2.007
  Operating Conditions: fast_hv_lt

Path 63
  From: MIV_RV32_CFG1_C0_0/MIV_RV32_CFG1_C0_0/u_ipcore_0/u_hart_0/u_expipe_0/gen_gpr_ram.u_gpr_0/gen_gpr.u_gpr_array_0/mem_xf_1_mem_xf_1_0_0/R_DATA_7_inst:CLK
  To:   MIV_RV32_CFG1_C0_0/MIV_RV32_CFG1_C0_0/u_ipcore_0/gen_subsys_debug.u_subsys_debug_unit_0/miv_rv32_debug_du_0/data_gpr_reg[7]:D
  Delay (ns):              0.210
  Slack (ns):              0.128
  Arrival (ns):            2.160
  Required (ns):           2.032
  Operating Conditions: fast_hv_lt

Path 64
  From: MIV_RV32_CFG1_C0_0/MIV_RV32_CFG1_C0_0/u_ipcore_0/gen_apb.u_apb_initiator_0/gen_apb_byte_shim.apb_st[1]:CLK
  To:   MIV_RV32_CFG1_C0_0/MIV_RV32_CFG1_C0_0/u_ipcore_0/gen_apb.u_apb_initiator_0/gen_apb_byte_shim.apb_st[2]:D
  Delay (ns):              0.202
  Slack (ns):              0.128
  Arrival (ns):            2.137
  Required (ns):           2.009
  Operating Conditions: fast_hv_lt

Path 65
  From: MIV_ESS_C0_0/CoreUARTapb_0/uUART/make_RX/rx_shift[5]:CLK
  To:   MIV_ESS_C0_0/CoreUARTapb_0/uUART/make_RX/rx_shift[4]:D
  Delay (ns):              0.202
  Slack (ns):              0.128
  Arrival (ns):            2.147
  Required (ns):           2.019
  Operating Conditions: fast_hv_lt

Path 66
  From: MIV_RV32_CFG1_C0_0/MIV_RV32_CFG1_C0_0/u_ipcore_0/u_hart_0/u_expipe_0/u_exu_0/div_divisor[37]:CLK
  To:   MIV_RV32_CFG1_C0_0/MIV_RV32_CFG1_C0_0/u_ipcore_0/u_hart_0/u_expipe_0/u_exu_0/div_divisor[36]:D
  Delay (ns):              0.206
  Slack (ns):              0.129
  Arrival (ns):            2.142
  Required (ns):           2.013
  Operating Conditions: fast_hv_lt

Path 67
  From: MIV_RV32_CFG1_C0_0/MIV_RV32_CFG1_C0_0/u_ipcore_0/u_hart_0/u_expipe_0/u_exu_0/div_divisor[19]:CLK
  To:   MIV_RV32_CFG1_C0_0/MIV_RV32_CFG1_C0_0/u_ipcore_0/u_hart_0/u_expipe_0/u_exu_0/div_divisor[18]:D
  Delay (ns):              0.206
  Slack (ns):              0.129
  Arrival (ns):            2.137
  Required (ns):           2.008
  Operating Conditions: fast_hv_lt

Path 68
  From: MIV_ESS_C0_0/MIV_PLIC_0/interrupt_claim_complete_0/plic_interrupt_complete_generation.genblk1[1].interrupt_complete_data[1]:CLK
  To:   MIV_ESS_C0_0/MIV_PLIC_0/plic_core_ip.genblk1[1].interrupt_pending_register/interrupt_pending_reg[0]:D
  Delay (ns):              0.203
  Slack (ns):              0.129
  Arrival (ns):            2.140
  Required (ns):           2.011
  Operating Conditions: fast_hv_lt

Path 69
  From: CoreTimer_C0_0/CoreTimer_C0_0/Load[26]:CLK
  To:   CoreTimer_C0_0/CoreTimer_C0_0/iPRDATA[26]:D
  Delay (ns):              0.206
  Slack (ns):              0.129
  Arrival (ns):            2.139
  Required (ns):           2.010
  Operating Conditions: fast_hv_lt

Path 70
  From: MIV_RV32_CFG1_C0_0/MIV_RV32_CFG1_C0_0/u_ipcore_0/u_hart_0/u_expipe_0/u_exu_0/div_divisor[61]:CLK
  To:   MIV_RV32_CFG1_C0_0/MIV_RV32_CFG1_C0_0/u_ipcore_0/u_hart_0/u_expipe_0/u_exu_0/div_divisor[60]:D
  Delay (ns):              0.203
  Slack (ns):              0.130
  Arrival (ns):            2.115
  Required (ns):           1.985
  Operating Conditions: fast_hv_lt

Path 71
  From: MIV_RV32_CFG1_C0_0/MIV_RV32_CFG1_C0_0/u_ipcore_0/u_hart_0/u_expipe_0/u_exu_0/div_divisor[51]:CLK
  To:   MIV_RV32_CFG1_C0_0/MIV_RV32_CFG1_C0_0/u_ipcore_0/u_hart_0/u_expipe_0/u_exu_0/div_divisor[50]:D
  Delay (ns):              0.207
  Slack (ns):              0.130
  Arrival (ns):            2.138
  Required (ns):           2.008
  Operating Conditions: fast_hv_lt

Path 72
  From: MIV_RV32_CFG1_C0_0/MIV_RV32_CFG1_C0_0/u_ipcore_0/gen_subsys_debug.u_subsys_debug_unit_0/miv_rv32_debug_du_0/debug_op_wr_data[22]:CLK
  To:   MIV_RV32_CFG1_C0_0/MIV_RV32_CFG1_C0_0/u_ipcore_0/u_hart_0/u_expipe_0/u_exu_0/exu_result_reg_int[22]:D
  Delay (ns):              0.204
  Slack (ns):              0.130
  Arrival (ns):            2.123
  Required (ns):           1.993
  Operating Conditions: fast_hv_lt

Path 73
  From: MIV_RV32_CFG1_C0_0/MIV_RV32_CFG1_C0_0/u_ipcore_0/gen_subsys_debug.u_subsys_debug_unit_0/MIV_subsys_debug_transport_module_jtag_0/gen_shift_register_active_high.gen_shift_register_active_low.shiftDR[8]:CLK
  To:   MIV_RV32_CFG1_C0_0/MIV_RV32_CFG1_C0_0/u_ipcore_0/gen_subsys_debug.u_subsys_debug_unit_0/MIV_subsys_debug_transport_module_jtag_0/gen_shift_register_active_high.gen_shift_register_active_low.shiftDR[7]:D
  Delay (ns):              0.206
  Slack (ns):              0.130
  Arrival (ns):            3.462
  Required (ns):           3.332
  Operating Conditions: fast_hv_lt

Path 74
  From: MIV_RV32_CFG1_C0_0/MIV_RV32_CFG1_C0_0/u_ipcore_0/gen_subsys_debug.u_subsys_debug_unit_0/MIV_subsys_debug_transport_module_jtag_0/gen_shift_register_active_high.gen_shift_register_active_low.shiftDMI[36]:CLK
  To:   MIV_RV32_CFG1_C0_0/MIV_RV32_CFG1_C0_0/u_ipcore_0/gen_subsys_debug.u_subsys_debug_unit_0/MIV_subsys_debug_transport_module_jtag_0/gen_shift_register_active_high.gen_shift_register_active_low.shiftDMI[35]:D
  Delay (ns):              0.208
  Slack (ns):              0.130
  Arrival (ns):            3.475
  Required (ns):           3.345
  Operating Conditions: fast_hv_lt

Path 75
  From: MIV_RV32_CFG1_C0_0/MIV_RV32_CFG1_C0_0/u_ipcore_0/gen_apb.u_apb_initiator_0/gen_apb_byte_shim.apb_st[3]:CLK
  To:   MIV_RV32_CFG1_C0_0/MIV_RV32_CFG1_C0_0/u_ipcore_0/gen_apb.u_apb_initiator_0/gen_apb_byte_shim.penable:D
  Delay (ns):              0.204
  Slack (ns):              0.130
  Arrival (ns):            2.139
  Required (ns):           2.009
  Operating Conditions: fast_hv_lt

Path 76
  From: MIV_RV32_CFG1_C0_0/MIV_RV32_CFG1_C0_0/u_ipcore_0/u_hart_0/u_expipe_0/de_ex_pipe_sw_csr_addr_ex[2]:CLK
  To:   MIV_RV32_CFG1_C0_0/MIV_RV32_CFG1_C0_0/u_ipcore_0/u_hart_0/u_expipe_0/gen_debug_csr_ctrl_pipeline.ex_retr_pipe_sw_csr_addr_retr[2]:D
  Delay (ns):              0.208
  Slack (ns):              0.131
  Arrival (ns):            2.135
  Required (ns):           2.004
  Operating Conditions: fast_hv_lt

Path 77
  From: MIV_RV32_CFG1_C0_0/MIV_RV32_CFG1_C0_0/u_ipcore_0/gen_subsys_debug.u_subsys_debug_unit_0/miv_rv32_debug_du_0/debug_op_wr_data[8]:CLK
  To:   MIV_RV32_CFG1_C0_0/MIV_RV32_CFG1_C0_0/u_ipcore_0/u_hart_0/u_expipe_0/u_exu_0/exu_result_reg_int[8]:D
  Delay (ns):              0.206
  Slack (ns):              0.131
  Arrival (ns):            2.126
  Required (ns):           1.995
  Operating Conditions: fast_hv_lt

Path 78
  From: MIV_RV32_CFG1_C0_0/MIV_RV32_CFG1_C0_0/u_ipcore_0/gen_subsys_debug.u_subsys_debug_unit_0/miv_rv32_debug_du_0/command_reg[8]:CLK
  To:   MIV_RV32_CFG1_C0_0/MIV_RV32_CFG1_C0_0/u_ipcore_0/gen_subsys_debug.u_subsys_debug_unit_0/miv_rv32_debug_du_0/debug_csr_addr[8]:D
  Delay (ns):              0.205
  Slack (ns):              0.131
  Arrival (ns):            2.145
  Required (ns):           2.014
  Operating Conditions: fast_hv_lt

Path 79
  From: MIV_RV32_CFG1_C0_0/MIV_RV32_CFG1_C0_0/u_ipcore_0/gen_subsys_debug.u_subsys_debug_unit_0/MIV_subsys_debug_transport_module_jtag_0/gen_shift_register_active_high.gen_shift_register_active_low.shiftDR[25]:CLK
  To:   MIV_RV32_CFG1_C0_0/MIV_RV32_CFG1_C0_0/u_ipcore_0/gen_subsys_debug.u_subsys_debug_unit_0/MIV_subsys_debug_transport_module_jtag_0/gen_shift_register_active_high.gen_shift_register_active_low.shiftDR[24]:D
  Delay (ns):              0.207
  Slack (ns):              0.131
  Arrival (ns):            3.471
  Required (ns):           3.340
  Operating Conditions: fast_hv_lt

Path 80
  From: MIV_RV32_CFG1_C0_0/MIV_RV32_CFG1_C0_0/u_ipcore_0/gen_subsys_debug.u_subsys_debug_unit_0/MIV_subsys_debug_transport_module_jtag_0/gen_current_state_register_active_high.gen_current_state_register_active_low.currTapState[1]:CLK
  To:   MIV_RV32_CFG1_C0_0/MIV_RV32_CFG1_C0_0/u_ipcore_0/gen_subsys_debug.u_subsys_debug_unit_0/MIV_subsys_debug_transport_module_jtag_0/gen_current_state_register_active_high.gen_current_state_register_active_low.currTapState[2]:D
  Delay (ns):              0.206
  Slack (ns):              0.131
  Arrival (ns):            3.461
  Required (ns):           3.330
  Operating Conditions: fast_hv_lt

Path 81
  From: MIV_ESS_C0_0/CoreUARTapb_0/uUART/make_CLOCK_GEN/xmit_cntr[0]:CLK
  To:   MIV_ESS_C0_0/CoreUARTapb_0/uUART/make_CLOCK_GEN/xmit_clock:D
  Delay (ns):              0.205
  Slack (ns):              0.131
  Arrival (ns):            2.129
  Required (ns):           1.998
  Operating Conditions: fast_hv_lt

Path 82
  From: MIV_RV32_CFG1_C0_0/MIV_RV32_CFG1_C0_0/u_ipcore_0/u_hart_0/u_fetch_unit_0/u_miv_rv32_ifu_iab_0/buff_req_wr_ptr_0[0]:CLK
  To:   MIV_RV32_CFG1_C0_0/MIV_RV32_CFG1_C0_0/u_ipcore_0/u_hart_0/u_fetch_unit_0/u_miv_rv32_ifu_iab_0/buff_req_rd_ptr[0]:D
  Delay (ns):              0.206
  Slack (ns):              0.132
  Arrival (ns):            2.134
  Required (ns):           2.002
  Operating Conditions: fast_hv_lt

Path 83
  From: MIV_RV32_CFG1_C0_0/MIV_RV32_CFG1_C0_0/u_ipcore_0/u_hart_0/u_expipe_0/u_exu_0/div_divisor[41]:CLK
  To:   MIV_RV32_CFG1_C0_0/MIV_RV32_CFG1_C0_0/u_ipcore_0/u_hart_0/u_expipe_0/u_exu_0/div_divisor[40]:D
  Delay (ns):              0.209
  Slack (ns):              0.132
  Arrival (ns):            2.145
  Required (ns):           2.013
  Operating Conditions: fast_hv_lt

Path 84
  From: MIV_RV32_CFG1_C0_0/MIV_RV32_CFG1_C0_0/u_ipcore_0/gen_subsys_debug.u_subsys_debug_unit_0/miv_rv32_debug_du_0/debug_op_wr_data[17]:CLK
  To:   MIV_RV32_CFG1_C0_0/MIV_RV32_CFG1_C0_0/u_ipcore_0/u_hart_0/u_expipe_0/u_exu_0/exu_result_reg_int[17]:D
  Delay (ns):              0.206
  Slack (ns):              0.132
  Arrival (ns):            2.145
  Required (ns):           2.013
  Operating Conditions: fast_hv_lt

Path 85
  From: MIV_RV32_CFG1_C0_0/MIV_RV32_CFG1_C0_0/u_ipcore_0/gen_subsys_debug.u_subsys_debug_unit_0/MIV_subsys_debug_transport_module_jtag_0/gen_shift_register_active_high.gen_shift_register_active_low.shiftDMI[17]:CLK
  To:   MIV_RV32_CFG1_C0_0/MIV_RV32_CFG1_C0_0/u_ipcore_0/gen_subsys_debug.u_subsys_debug_unit_0/MIV_subsys_debug_transport_module_jtag_0/gen_shift_register_active_high.gen_shift_register_active_low.shiftDMI[16]:D
  Delay (ns):              0.208
  Slack (ns):              0.132
  Arrival (ns):            3.462
  Required (ns):           3.330
  Operating Conditions: fast_hv_lt

Path 86
  From: MIV_RV32_CFG1_C0_0/MIV_RV32_CFG1_C0_0/u_ipcore_0/u_hart_0/u_expipe_0/u_exu_0/div_divisor[28]:CLK
  To:   MIV_RV32_CFG1_C0_0/MIV_RV32_CFG1_C0_0/u_ipcore_0/u_hart_0/u_expipe_0/u_exu_0/div_divisor[27]:D
  Delay (ns):              0.210
  Slack (ns):              0.133
  Arrival (ns):            2.138
  Required (ns):           2.005
  Operating Conditions: fast_hv_lt

Path 87
  From: MIV_RV32_CFG1_C0_0/MIV_RV32_CFG1_C0_0/u_ipcore_0/u_hart_0/u_expipe_0/u_exu_0/div_divisor[13]:CLK
  To:   MIV_RV32_CFG1_C0_0/MIV_RV32_CFG1_C0_0/u_ipcore_0/u_hart_0/u_expipe_0/u_exu_0/div_divisor[12]:D
  Delay (ns):              0.210
  Slack (ns):              0.133
  Arrival (ns):            2.141
  Required (ns):           2.008
  Operating Conditions: fast_hv_lt

Path 88
  From: MIV_RV32_CFG1_C0_0/MIV_RV32_CFG1_C0_0/u_ipcore_0/u_hart_0/u_expipe_0/gen_debug_gpr_ctrl_pipeline.ex_retr_pipe_gpr_wr_sel_retr[5]:CLK
  To:   MIV_RV32_CFG1_C0_0/MIV_RV32_CFG1_C0_0/u_ipcore_0/u_hart_0/u_expipe_0/gen_gpr_ram.u_gpr_0/gpr_wr_sel_reg[5]:D
  Delay (ns):              0.223
  Slack (ns):              0.133
  Arrival (ns):            2.127
  Required (ns):           1.994
  Operating Conditions: fast_hv_lt

Path 89
  From: MIV_RV32_CFG1_C0_0/MIV_RV32_CFG1_C0_0/u_ipcore_0/gen_subsys_debug.u_subsys_debug_unit_0/miv_rv32_debug_du_0/dmcontrol_resumereq:CLK
  To:   MIV_RV32_CFG1_C0_0/MIV_RV32_CFG1_C0_0/u_ipcore_0/gen_subsys_debug.u_subsys_debug_unit_0/miv_rv32_debug_du_0/dmstatus_allany_resumeack:D
  Delay (ns):              0.207
  Slack (ns):              0.133
  Arrival (ns):            2.135
  Required (ns):           2.002
  Operating Conditions: fast_hv_lt

Path 90
  From: MIV_RV32_CFG1_C0_0/MIV_RV32_CFG1_C0_0/u_ipcore_0/gen_subsys_debug.u_subsys_debug_unit_0/MIV_subsys_debug_transport_module_jtag_0/gen_shift_register_active_high.gen_shift_register_active_low.shiftDMI[33]:CLK
  To:   MIV_RV32_CFG1_C0_0/MIV_RV32_CFG1_C0_0/u_ipcore_0/gen_subsys_debug.u_subsys_debug_unit_0/MIV_subsys_debug_transport_module_jtag_0/gen_shift_register_active_high.gen_shift_register_active_low.shiftDMI[32]:D
  Delay (ns):              0.209
  Slack (ns):              0.133
  Arrival (ns):            3.463
  Required (ns):           3.330
  Operating Conditions: fast_hv_lt

Path 91
  From: MIV_RV32_CFG1_C0_0/MIV_RV32_CFG1_C0_0/u_ipcore_0/gen_subsys_debug.u_subsys_debug_unit_0/MIV_subsys_debug_transport_module_jtag_0/dmi_outputs_and_dtmcs_resets.dtmcs_resets_active_low.dtmcs_dmihardreset:CLK
  To:   MIV_RV32_CFG1_C0_0/MIV_RV32_CFG1_C0_0/u_ipcore_0/gen_subsys_debug.u_subsys_debug_unit_0/MIV_subsys_debug_transport_module_jtag_0/gen_shift_register_active_high.gen_shift_register_active_low.shiftDR[0]:D
  Delay (ns):              0.209
  Slack (ns):              0.133
  Arrival (ns):            3.470
  Required (ns):           3.337
  Operating Conditions: fast_hv_lt

Path 92
  From: MIV_RV32_CFG1_C0_0/MIV_RV32_CFG1_C0_0/u_ipcore_0/gen_apb.u_apb_initiator_0/gen_apb_byte_shim.pwdata[11]:CLK
  To:   CoreTimer_C0_0/CoreTimer_C0_0/Load[11]:D
  Delay (ns):              0.208
  Slack (ns):              0.133
  Arrival (ns):            2.132
  Required (ns):           1.999
  Operating Conditions: fast_hv_lt

Path 93
  From: MIV_RV32_CFG1_C0_0/MIV_RV32_CFG1_C0_0/u_ipcore_0/gen_ahb.u_subsys_ahb_0/haddr_reg[5]:CLK
  To:   PF_SRAM_AHB_C0_0/COREAHBLSRAM_PF_0/genblk1.genblk1.U_PF_SRAM_AHB_C0_COREAHBLSRAM_PF_0_AHBLSram/genblk1.raddr_c[5]:D
  Delay (ns):              0.207
  Slack (ns):              0.133
  Arrival (ns):            2.115
  Required (ns):           1.982
  Operating Conditions: fast_hv_lt

Path 94
  From: MIV_ESS_C0_0/CoreUARTapb_0/uUART/make_RX/rx_shift[2]:CLK
  To:   MIV_ESS_C0_0/CoreUARTapb_0/uUART/make_RX/rx_shift[1]:D
  Delay (ns):              0.207
  Slack (ns):              0.133
  Arrival (ns):            2.152
  Required (ns):           2.019
  Operating Conditions: fast_hv_lt

Path 95
  From: MIV_RV32_CFG1_C0_0/MIV_RV32_CFG1_C0_0/u_ipcore_0/gen_subsys_debug.u_subsys_debug_unit_0/miv_rv32_debug_du_0/debug_op_wr_data[14]:CLK
  To:   MIV_RV32_CFG1_C0_0/MIV_RV32_CFG1_C0_0/u_ipcore_0/u_hart_0/u_expipe_0/u_exu_0/exu_result_reg_int[14]:D
  Delay (ns):              0.207
  Slack (ns):              0.134
  Arrival (ns):            2.127
  Required (ns):           1.993
  Operating Conditions: fast_hv_lt

Path 96
  From: MIV_RV32_CFG1_C0_0/MIV_RV32_CFG1_C0_0/u_ipcore_0/gen_subsys_debug.u_subsys_debug_unit_0/miv_rv32_debug_du_0/command_reg[6]:CLK
  To:   MIV_RV32_CFG1_C0_0/MIV_RV32_CFG1_C0_0/u_ipcore_0/gen_subsys_debug.u_subsys_debug_unit_0/miv_rv32_debug_du_0/debug_csr_addr[6]:D
  Delay (ns):              0.208
  Slack (ns):              0.134
  Arrival (ns):            2.148
  Required (ns):           2.014
  Operating Conditions: fast_hv_lt

Path 97
  From: MIV_RV32_CFG1_C0_0/MIV_RV32_CFG1_C0_0/u_ipcore_0/gen_subsys_debug.u_subsys_debug_unit_0/miv_rv32_debug_du_0/command_reg[10]:CLK
  To:   MIV_RV32_CFG1_C0_0/MIV_RV32_CFG1_C0_0/u_ipcore_0/gen_subsys_debug.u_subsys_debug_unit_0/miv_rv32_debug_du_0/debug_csr_addr[10]:D
  Delay (ns):              0.208
  Slack (ns):              0.134
  Arrival (ns):            2.136
  Required (ns):           2.002
  Operating Conditions: fast_hv_lt

Path 98
  From: MIV_RV32_CFG1_C0_0/MIV_RV32_CFG1_C0_0/u_ipcore_0/gen_subsys_debug.u_subsys_debug_unit_0/debug_req_fifo/genblk1.rst_synch_reg[1]:CLK
  To:   MIV_RV32_CFG1_C0_0/MIV_RV32_CFG1_C0_0/u_ipcore_0/gen_subsys_debug.u_subsys_debug_unit_0/debug_req_fifo/genblk1.rst_synch_reg[0]:D
  Delay (ns):              0.207
  Slack (ns):              0.134
  Arrival (ns):            2.134
  Required (ns):           2.000
  Operating Conditions: fast_hv_lt

Path 99
  From: MIV_RV32_CFG1_C0_0/MIV_RV32_CFG1_C0_0/u_ipcore_0/gen_subsys_debug.u_subsys_debug_unit_0/MIV_subsys_debug_transport_module_jtag_0/gen_shift_register_active_high.gen_shift_register_active_low.shiftDMI[35]:CLK
  To:   MIV_RV32_CFG1_C0_0/MIV_RV32_CFG1_C0_0/u_ipcore_0/gen_subsys_debug.u_subsys_debug_unit_0/MIV_subsys_debug_transport_module_jtag_0/gen_shift_register_active_high.gen_shift_register_active_low.shiftDMI[34]:D
  Delay (ns):              0.212
  Slack (ns):              0.134
  Arrival (ns):            3.479
  Required (ns):           3.345
  Operating Conditions: fast_hv_lt

Path 100
  From: MIV_RV32_CFG1_C0_0/MIV_RV32_CFG1_C0_0/u_ipcore_0/gen_subsys_debug.u_subsys_debug_unit_0/MIV_subsys_debug_transport_module_jtag_0/dmi_outputs_and_dtmcs_resets.dtmcs_resets_active_low.dtmcs_dmihardreset:CLK
  To:   MIV_RV32_CFG1_C0_0/MIV_RV32_CFG1_C0_0/u_ipcore_0/gen_subsys_debug.u_subsys_debug_unit_0/MIV_subsys_debug_transport_module_jtag_0/dmi_outputs_and_dtmcs_resets.dtmcs_resets_active_low.dtmcs_dmihardreset:D
  Delay (ns):              0.202
  Slack (ns):              0.134
  Arrival (ns):            3.463
  Required (ns):           3.329
  Operating Conditions: fast_hv_lt

