Timing Violation Report Min Delay Analysis

SmartTime Version 2025.2
Microchip Technology Inc. - Microchip Libero Software Release 2025.2 (Version 2025.2.0.14)
Date: Fri Jan 16 23:23:52 2026


Design: BaseDesign
Family: PolarFireSoC
Die: MPFS095T
Package: FCSG325
Temperature Range: 0 - 100 C
Voltage Range: 0.97 - 1.03 V
Speed Grade: -1
Design State: Post-Layout
Data source: Production
Multi Corner Report Operating Conditions: slow_lv_lt,fast_hv_lt,slow_lv_ht


Path 1
  From: CORERESET_PF_C0_0/CORERESET_PF_C0_0/dff_11[0]:CLK
  To:   CORERESET_PF_C0_0/CORERESET_PF_C0_0/dff_12[0]:D
  Delay (ns):              0.144
  Slack (ns):              0.067
  Arrival (ns):            2.102
  Required (ns):           2.035
  Operating Conditions: fast_hv_lt

Path 2
  From: CORERESET_PF_C0_0/CORERESET_PF_C0_0/dff_5[0]:CLK
  To:   CORERESET_PF_C0_0/CORERESET_PF_C0_0/dff_6[0]:D
  Delay (ns):              0.149
  Slack (ns):              0.072
  Arrival (ns):            2.107
  Required (ns):           2.035
  Operating Conditions: fast_hv_lt

Path 3
  From: CORERESET_PF_C0_0/CORERESET_PF_C0_0/dff_8[0]:CLK
  To:   CORERESET_PF_C0_0/CORERESET_PF_C0_0/dff_9[0]:D
  Delay (ns):              0.222
  Slack (ns):              0.073
  Arrival (ns):            3.134
  Required (ns):           3.061
  Operating Conditions: slow_lv_lt

Path 4
  From: CORERESET_PF_C0_0/CORERESET_PF_C0_0/dff_13[0]:CLK
  To:   CORERESET_PF_C0_0/CORERESET_PF_C0_0/dff_14[0]:D
  Delay (ns):              0.155
  Slack (ns):              0.078
  Arrival (ns):            2.113
  Required (ns):           2.035
  Operating Conditions: fast_hv_lt

Path 5
  From: MIV_RV32_CFG1_C0_0/MIV_RV32_CFG1_C0_0/u_ipcore_0/gen_subsys_debug.u_subsys_debug_unit_0/debug_req_fifo/genblk1.rst_synch_reg[1]:CLK
  To:   MIV_RV32_CFG1_C0_0/MIV_RV32_CFG1_C0_0/u_ipcore_0/gen_subsys_debug.u_subsys_debug_unit_0/debug_req_fifo/genblk1.rst_synch_reg[0]:D
  Delay (ns):              0.155
  Slack (ns):              0.079
  Arrival (ns):            2.080
  Required (ns):           2.001
  Operating Conditions: fast_hv_lt

Path 6
  From: MIV_ESS_C0_0/CoreGPIO_0/xhdl1.GEN_BITS_1[0]:CLK
  To:   MIV_ESS_C0_0/CoreGPIO_0/xhdl1.GEN_BITS_2[0]:D
  Delay (ns):              0.156
  Slack (ns):              0.079
  Arrival (ns):            2.109
  Required (ns):           2.030
  Operating Conditions: fast_hv_lt

Path 7
  From: MIV_RV32_CFG1_C0_0/MIV_RV32_CFG1_C0_0/u_ipcore_0/u_hart_0/u_expipe_0/de_ex_pipe_curr_instr_enc_ex[5]:CLK
  To:   MIV_RV32_CFG1_C0_0/MIV_RV32_CFG1_C0_0/u_ipcore_0/u_hart_0/u_expipe_0/ex_retr_pipe_curr_instr_enc_retr[5]:D
  Delay (ns):              0.148
  Slack (ns):              0.080
  Arrival (ns):            2.087
  Required (ns):           2.007
  Operating Conditions: fast_hv_lt

Path 8
  From: MIV_RV32_CFG1_C0_0/MIV_RV32_CFG1_C0_0/u_ipcore_0/gen_subsys_debug.u_subsys_debug_unit_0/miv_rv32_debug_du_0/cmderr_ff[2]:CLK
  To:   MIV_RV32_CFG1_C0_0/MIV_RV32_CFG1_C0_0/u_ipcore_0/gen_subsys_debug.u_subsys_debug_unit_0/miv_rv32_debug_du_0/abstractcs_cmderr[2]:D
  Delay (ns):              0.148
  Slack (ns):              0.080
  Arrival (ns):            2.066
  Required (ns):           1.986
  Operating Conditions: fast_hv_lt

Path 9
  From: MIV_ESS_C0_0/CoreUARTapb_0/uUART/make_RX/rx_shift[1]:CLK
  To:   MIV_ESS_C0_0/CoreUARTapb_0/uUART/make_RX/rx_byte[1]:D
  Delay (ns):              0.157
  Slack (ns):              0.080
  Arrival (ns):            2.090
  Required (ns):           2.010
  Operating Conditions: fast_hv_lt

Path 10
  From: MIV_ESS_C0_0/CoreUARTapb_0/uUART/make_TX/xmit_state[5]:CLK
  To:   MIV_ESS_C0_0/CoreUARTapb_0/uUART/make_TX/xmit_state[0]:D
  Delay (ns):              0.236
  Slack (ns):              0.081
  Arrival (ns):            2.167
  Required (ns):           2.086
  Operating Conditions: fast_hv_lt

Path 11
  From: MIV_ESS_C0_0/CoreUARTapb_0/uUART/make_RX/rx_shift[1]:CLK
  To:   MIV_ESS_C0_0/CoreUARTapb_0/uUART/make_RX/rx_shift[0]:D
  Delay (ns):              0.158
  Slack (ns):              0.081
  Arrival (ns):            2.091
  Required (ns):           2.010
  Operating Conditions: fast_hv_lt

Path 12
  From: MIV_ESS_C0_0/CoreUARTapb_0/uUART/make_RX/rx_shift[3]:CLK
  To:   MIV_ESS_C0_0/CoreUARTapb_0/uUART/make_RX/rx_shift[2]:D
  Delay (ns):              0.159
  Slack (ns):              0.082
  Arrival (ns):            2.092
  Required (ns):           2.010
  Operating Conditions: fast_hv_lt

Path 13
  From: MIV_RV32_CFG1_C0_0/MIV_RV32_CFG1_C0_0/u_ipcore_0/gen_subsys_debug.u_subsys_debug_unit_0/debug_req_fifo/rd_gray_ptr_synch[1]:CLK
  To:   MIV_RV32_CFG1_C0_0/MIV_RV32_CFG1_C0_0/u_ipcore_0/gen_subsys_debug.u_subsys_debug_unit_0/debug_req_fifo/rd_gray_ptr_in_write[1]:D
  Delay (ns):              0.160
  Slack (ns):              0.083
  Arrival (ns):            3.544
  Required (ns):           3.461
  Operating Conditions: fast_hv_lt

Path 14
  From: MIV_ESS_C0_0/CoreUARTapb_0/uUART/make_RX/rx_shift[3]:CLK
  To:   MIV_ESS_C0_0/CoreUARTapb_0/uUART/make_RX/rx_byte[3]:D
  Delay (ns):              0.160
  Slack (ns):              0.083
  Arrival (ns):            2.093
  Required (ns):           2.010
  Operating Conditions: fast_hv_lt

Path 15
  From: CORERESET_PF_C0_0/CORERESET_PF_C0_0/dff_1[0]:CLK
  To:   CORERESET_PF_C0_0/CORERESET_PF_C0_0/dff_2[0]:D
  Delay (ns):              0.159
  Slack (ns):              0.083
  Arrival (ns):            2.110
  Required (ns):           2.027
  Operating Conditions: fast_hv_lt

Path 16
  From: CORERESET_PF_C0_0/CORERESET_PF_C0_0/dff_6[0]:CLK
  To:   CORERESET_PF_C0_0/CORERESET_PF_C0_0/dff_7[0]:D
  Delay (ns):              0.161
  Slack (ns):              0.084
  Arrival (ns):            2.119
  Required (ns):           2.035
  Operating Conditions: fast_hv_lt

Path 17
  From: MIV_ESS_C0_0/CoreGPIO_0/xhdl1.GEN_BITS_1[1]:CLK
  To:   MIV_ESS_C0_0/CoreGPIO_0/xhdl1.GEN_BITS_2[1]:D
  Delay (ns):              0.162
  Slack (ns):              0.085
  Arrival (ns):            2.115
  Required (ns):           2.030
  Operating Conditions: fast_hv_lt

Path 18
  From: MIV_ESS_C0_0/CoreGPIO_0/xhdl1.GEN_BITS[2].gpin2[2]:CLK
  To:   MIV_ESS_C0_0/CoreGPIO_0/xhdl1.GEN_BITS[2].gpin3[2]:D
  Delay (ns):              0.159
  Slack (ns):              0.085
  Arrival (ns):            2.116
  Required (ns):           2.031
  Operating Conditions: fast_hv_lt

Path 19
  From: MIV_RV32_CFG1_C0_0/MIV_RV32_CFG1_C0_0/u_ipcore_0/u_hart_0/u_expipe_0/gen_trig_pipe_reg_de_ex.de_ex_pipe_trigger_ex[0]:CLK
  To:   MIV_RV32_CFG1_C0_0/MIV_RV32_CFG1_C0_0/u_ipcore_0/u_hart_0/u_expipe_0/gen_trig_pipe_reg_ex_retr.ex_retr_pipe_trigger_retr[0]:D
  Delay (ns):              0.161
  Slack (ns):              0.087
  Arrival (ns):            2.094
  Required (ns):           2.007
  Operating Conditions: fast_hv_lt

Path 20
  From: MIV_ESS_C0_0/CoreGPIO_0/xhdl1.GEN_BITS[3].gpin1[3]:CLK
  To:   MIV_ESS_C0_0/CoreGPIO_0/xhdl1.GEN_BITS[3].gpin2[3]:D
  Delay (ns):              0.161
  Slack (ns):              0.087
  Arrival (ns):            2.118
  Required (ns):           2.031
  Operating Conditions: fast_hv_lt

Path 21
  From: MIV_RV32_CFG1_C0_0/MIV_RV32_CFG1_C0_0/u_ipcore_0/gen_subsys_debug.u_subsys_debug_unit_0/debug_resp_fifo/genblk1.rst_synch_reg[1]:CLK
  To:   MIV_RV32_CFG1_C0_0/MIV_RV32_CFG1_C0_0/u_ipcore_0/gen_subsys_debug.u_subsys_debug_unit_0/debug_resp_fifo/genblk1.rst_synch_reg[0]:D
  Delay (ns):              0.164
  Slack (ns):              0.089
  Arrival (ns):            3.327
  Required (ns):           3.238
  Operating Conditions: fast_hv_lt

Path 22
  From: MIV_ESS_C0_0/CoreUARTapb_0/uUART/tx_hold_reg[6]:CLK
  To:   MIV_ESS_C0_0/CoreUARTapb_0/uUART/make_TX/tx_byte[6]:D
  Delay (ns):              0.163
  Slack (ns):              0.089
  Arrival (ns):            2.093
  Required (ns):           2.004
  Operating Conditions: fast_hv_lt

Path 23
  From: MIV_ESS_C0_0/CoreUARTapb_0/uUART/make_RX/rx_shift[2]:CLK
  To:   MIV_ESS_C0_0/CoreUARTapb_0/uUART/make_RX/rx_shift[1]:D
  Delay (ns):              0.166
  Slack (ns):              0.089
  Arrival (ns):            2.099
  Required (ns):           2.010
  Operating Conditions: fast_hv_lt

Path 24
  From: MIV_ESS_C0_0/CoreUARTapb_0/uUART/make_RX/samples_1[0]:CLK
  To:   MIV_ESS_C0_0/CoreUARTapb_0/uUART/make_RX/samples_0[0]:D
  Delay (ns):              0.164
  Slack (ns):              0.090
  Arrival (ns):            2.095
  Required (ns):           2.005
  Operating Conditions: fast_hv_lt

Path 25
  From: MIV_ESS_C0_0/CoreUARTapb_0/uUART/make_RX/samples_2[0]:CLK
  To:   MIV_ESS_C0_0/CoreUARTapb_0/uUART/make_RX/samples_1[0]:D
  Delay (ns):              0.167
  Slack (ns):              0.094
  Arrival (ns):            2.098
  Required (ns):           2.004
  Operating Conditions: fast_hv_lt

Path 26
  From: MIV_RV32_CFG1_C0_0/MIV_RV32_CFG1_C0_0/u_ipcore_0/u_hart_0/u_fetch_unit_0/u_miv_rv32_ifu_iab_0/buff_req_wr_ptr_1[0]:CLK
  To:   MIV_RV32_CFG1_C0_0/MIV_RV32_CFG1_C0_0/u_ipcore_0/u_hart_0/u_fetch_unit_0/u_miv_rv32_ifu_iab_0/buff_req_rd_ptr[1]:D
  Delay (ns):              0.170
  Slack (ns):              0.096
  Arrival (ns):            2.087
  Required (ns):           1.991
  Operating Conditions: fast_hv_lt

Path 27
  From: MIV_RV32_CFG1_C0_0/MIV_RV32_CFG1_C0_0/u_ipcore_0/u_hart_0/u_expipe_0/u_exu_0/div_divisor[32]:CLK
  To:   MIV_RV32_CFG1_C0_0/MIV_RV32_CFG1_C0_0/u_ipcore_0/u_hart_0/u_expipe_0/u_exu_0/div_divisor[31]:D
  Delay (ns):              0.173
  Slack (ns):              0.096
  Arrival (ns):            2.124
  Required (ns):           2.028
  Operating Conditions: fast_hv_lt

Path 28
  From: MIV_ESS_C0_0/CoreGPIO_0/xhdl1.GEN_BITS[3].gpin2[3]:CLK
  To:   MIV_ESS_C0_0/CoreGPIO_0/xhdl1.GEN_BITS[3].gpin3[3]:D
  Delay (ns):              0.171
  Slack (ns):              0.097
  Arrival (ns):            2.128
  Required (ns):           2.031
  Operating Conditions: fast_hv_lt

Path 29
  From: MIV_RV32_CFG1_C0_0/MIV_RV32_CFG1_C0_0/u_ipcore_0/u_hart_0/u_fetch_unit_0/u_miv_rv32_ifu_iab_0/buff_req_wr_ptr_0[0]:CLK
  To:   MIV_RV32_CFG1_C0_0/MIV_RV32_CFG1_C0_0/u_ipcore_0/u_hart_0/u_fetch_unit_0/u_miv_rv32_ifu_iab_0/buff_req_rd_ptr[0]:D
  Delay (ns):              0.172
  Slack (ns):              0.098
  Arrival (ns):            2.089
  Required (ns):           1.991
  Operating Conditions: fast_hv_lt

Path 30
  From: MIV_RV32_CFG1_C0_0/MIV_RV32_CFG1_C0_0/u_ipcore_0/u_hart_0/u_fetch_unit_0/u_miv_rv32_ifu_iab_0/buff_req_wr_ptr_0[0]:CLK
  To:   MIV_RV32_CFG1_C0_0/MIV_RV32_CFG1_C0_0/u_ipcore_0/u_hart_0/u_fetch_unit_0/u_miv_rv32_ifu_iab_0/buff_req_wr_ptr_1[0]:D
  Delay (ns):              0.173
  Slack (ns):              0.099
  Arrival (ns):            2.090
  Required (ns):           1.991
  Operating Conditions: fast_hv_lt

Path 31
  From: MIV_ESS_C0_0/MIV_PLIC_0/plic_core_ie.genblk1[2].interrupt_enable_register_0/interrupt_enable_reg:CLK
  To:   MIV_ESS_C0_0/MIV_PLIC_0/interrupt_claim_complete_0/plic_irq_id_1[1]:D
  Delay (ns):              0.250
  Slack (ns):              0.099
  Arrival (ns):            2.185
  Required (ns):           2.086
  Operating Conditions: fast_hv_lt

Path 32
  From: MIV_ESS_C0_0/MIV_PLIC_0/apb_interface_0/interrupt_claim_complete_wr_valid[0]:CLK
  To:   MIV_ESS_C0_0/MIV_PLIC_0/plic_core_ip.genblk1[2].interrupt_pending_register/interrupt_pending_reg[0]:D
  Delay (ns):              0.250
  Slack (ns):              0.099
  Arrival (ns):            2.185
  Required (ns):           2.086
  Operating Conditions: fast_hv_lt

Path 33
  From: MIV_ESS_C0_0/MIV_PLIC_0/apb_interface_0/interrupt_claim_complete_wr_valid[0]:CLK
  To:   MIV_ESS_C0_0/MIV_PLIC_0/plic_core_ip.genblk1[1].interrupt_pending_register/interrupt_pending_reg[0]:D
  Delay (ns):              0.250
  Slack (ns):              0.099
  Arrival (ns):            2.185
  Required (ns):           2.086
  Operating Conditions: fast_hv_lt

Path 34
  From: MIV_ESS_C0_0/MIV_PLIC_0/apb_interface_0/interrupt_claim_complete_wr_valid[0]:CLK
  To:   MIV_ESS_C0_0/MIV_PLIC_0/interrupt_claim_complete_0/plic_interrupt_complete_generation.genblk1[2].interrupt_complete_data[2]:D
  Delay (ns):              0.257
  Slack (ns):              0.105
  Arrival (ns):            2.192
  Required (ns):           2.087
  Operating Conditions: fast_hv_lt

Path 35
  From: CORERESET_PF_C0_0/CORERESET_PF_C0_0/dff_2[0]:CLK
  To:   CORERESET_PF_C0_0/CORERESET_PF_C0_0/dff_3[0]:D
  Delay (ns):              0.183
  Slack (ns):              0.107
  Arrival (ns):            2.134
  Required (ns):           2.027
  Operating Conditions: fast_hv_lt

Path 36
  From: CORERESET_PF_C0_0/CORERESET_PF_C0_0/dff_3[0]:CLK
  To:   CORERESET_PF_C0_0/CORERESET_PF_C0_0/dff_4[0]:D
  Delay (ns):              0.208
  Slack (ns):              0.110
  Arrival (ns):            2.159
  Required (ns):           2.049
  Operating Conditions: fast_hv_lt

Path 37
  From: CORERESET_PF_C0_0/CORERESET_PF_C0_0/dff_4[0]:CLK
  To:   CORERESET_PF_C0_0/CORERESET_PF_C0_0/dff_5[0]:D
  Delay (ns):              0.191
  Slack (ns):              0.113
  Arrival (ns):            2.148
  Required (ns):           2.035
  Operating Conditions: fast_hv_lt

Path 38
  From: MIV_ESS_C0_0/CoreUARTapb_0/uUART/make_RX/rx_shift[5]:CLK
  To:   MIV_ESS_C0_0/CoreUARTapb_0/uUART/make_RX/rx_shift[4]:D
  Delay (ns):              0.191
  Slack (ns):              0.114
  Arrival (ns):            2.124
  Required (ns):           2.010
  Operating Conditions: fast_hv_lt

Path 39
  From: CORERESET_PF_C0_0/CORERESET_PF_C0_0/dff_9[0]:CLK
  To:   CORERESET_PF_C0_0/CORERESET_PF_C0_0/dff_10[0]:D
  Delay (ns):              0.191
  Slack (ns):              0.114
  Arrival (ns):            2.149
  Required (ns):           2.035
  Operating Conditions: fast_hv_lt

Path 40
  From: CORERESET_PF_C0_0/CORERESET_PF_C0_0/dff_10[0]:CLK
  To:   CORERESET_PF_C0_0/CORERESET_PF_C0_0/dff_11[0]:D
  Delay (ns):              0.192
  Slack (ns):              0.115
  Arrival (ns):            2.150
  Required (ns):           2.035
  Operating Conditions: fast_hv_lt

Path 41
  From: MIV_RV32_CFG1_C0_0/MIV_RV32_CFG1_C0_0/u_ipcore_0/gen_subsys_debug.u_subsys_debug_unit_0/MIV_subsys_debug_transport_module_jtag_0/gen_shift_register_active_high.gen_shift_register_active_low.shiftDR[14]:CLK
  To:   MIV_RV32_CFG1_C0_0/MIV_RV32_CFG1_C0_0/u_ipcore_0/gen_subsys_debug.u_subsys_debug_unit_0/MIV_subsys_debug_transport_module_jtag_0/gen_shift_register_active_high.gen_shift_register_active_low.shiftDR[13]:D
  Delay (ns):              0.193
  Slack (ns):              0.117
  Arrival (ns):            3.355
  Required (ns):           3.238
  Operating Conditions: fast_hv_lt

Path 42
  From: CORERESET_PF_C0_0/CORERESET_PF_C0_0/dff_7[0]:CLK
  To:   CORERESET_PF_C0_0/CORERESET_PF_C0_0/dff_8[0]:D
  Delay (ns):              0.196
  Slack (ns):              0.118
  Arrival (ns):            2.153
  Required (ns):           2.035
  Operating Conditions: fast_hv_lt

Path 43
  From: CORERESET_PF_C0_0/CORERESET_PF_C0_0/dff_14[0]:CLK
  To:   CORERESET_PF_C0_0/CORERESET_PF_C0_0/dff_15[0]:D
  Delay (ns):              0.196
  Slack (ns):              0.119
  Arrival (ns):            2.154
  Required (ns):           2.035
  Operating Conditions: fast_hv_lt

Path 44
  From: MIV_ESS_C0_0/CoreGPIO_0/xhdl1.GEN_BITS_0[1]:CLK
  To:   MIV_ESS_C0_0/CoreGPIO_0/xhdl1.GEN_BITS_1[1]:D
  Delay (ns):              0.197
  Slack (ns):              0.120
  Arrival (ns):            2.150
  Required (ns):           2.030
  Operating Conditions: fast_hv_lt

Path 45
  From: CORERESET_PF_C0_0/CORERESET_PF_C0_0/dff_12[0]:CLK
  To:   CORERESET_PF_C0_0/CORERESET_PF_C0_0/dff_13[0]:D
  Delay (ns):              0.197
  Slack (ns):              0.120
  Arrival (ns):            2.155
  Required (ns):           2.035
  Operating Conditions: fast_hv_lt

Path 46
  From: MIV_RV32_CFG1_C0_0/MIV_RV32_CFG1_C0_0/u_ipcore_0/u_hart_0/u_expipe_0/gen_debug_gpr_ctrl_pipeline.ex_retr_pipe_gpr_wr_sel_retr[0]:CLK
  To:   MIV_RV32_CFG1_C0_0/MIV_RV32_CFG1_C0_0/u_ipcore_0/u_hart_0/u_expipe_0/gen_gpr_ram.u_gpr_0/gpr_wr_sel_reg[0]:D
  Delay (ns):              0.213
  Slack (ns):              0.121
  Arrival (ns):            2.128
  Required (ns):           2.007
  Operating Conditions: fast_hv_lt

Path 47
  From: MIV_RV32_CFG1_C0_0/MIV_RV32_CFG1_C0_0/u_ipcore_0/gen_subsys_debug.u_subsys_debug_unit_0/MIV_subsys_debug_transport_module_jtag_0/gen_shift_register_active_high.gen_shift_register_active_low.shiftDR[10]:CLK
  To:   MIV_RV32_CFG1_C0_0/MIV_RV32_CFG1_C0_0/u_ipcore_0/gen_subsys_debug.u_subsys_debug_unit_0/MIV_subsys_debug_transport_module_jtag_0/gen_shift_register_active_high.gen_shift_register_active_low.shiftDR[9]:D
  Delay (ns):              0.197
  Slack (ns):              0.121
  Arrival (ns):            3.358
  Required (ns):           3.237
  Operating Conditions: fast_hv_lt

Path 48
  From: MIV_RV32_CFG1_C0_0/MIV_RV32_CFG1_C0_0/u_ipcore_0/u_hart_0/u_expipe_0/de_ex_pipe_curr_instr_enc_ex[3]:CLK
  To:   MIV_RV32_CFG1_C0_0/MIV_RV32_CFG1_C0_0/u_ipcore_0/u_hart_0/u_expipe_0/ex_retr_pipe_curr_instr_enc_retr[3]:D
  Delay (ns):              0.194
  Slack (ns):              0.122
  Arrival (ns):            2.100
  Required (ns):           1.978
  Operating Conditions: fast_hv_lt

Path 49
  From: MIV_ESS_C0_0/CoreUARTapb_0/uUART/make_RX/rx_shift[4]:CLK
  To:   MIV_ESS_C0_0/CoreUARTapb_0/uUART/make_RX/rx_shift[3]:D
  Delay (ns):              0.199
  Slack (ns):              0.122
  Arrival (ns):            2.132
  Required (ns):           2.010
  Operating Conditions: fast_hv_lt

Path 50
  From: MIV_RV32_CFG1_C0_0/MIV_RV32_CFG1_C0_0/u_ipcore_0/u_hart_0/u_expipe_0/de_ex_pipe_trap_ret_ex:CLK
  To:   MIV_RV32_CFG1_C0_0/MIV_RV32_CFG1_C0_0/u_ipcore_0/u_hart_0/u_expipe_0/ex_retr_pipe_trap_ret_retr:D
  Delay (ns):              0.209
  Slack (ns):              0.124
  Arrival (ns):            2.116
  Required (ns):           1.992
  Operating Conditions: fast_hv_lt

Path 51
  From: MIV_RV32_CFG1_C0_0/MIV_RV32_CFG1_C0_0/u_ipcore_0/u_hart_0/u_expipe_0/de_ex_pipe_curr_instr_enc_ex[19]:CLK
  To:   MIV_RV32_CFG1_C0_0/MIV_RV32_CFG1_C0_0/u_ipcore_0/u_hart_0/u_expipe_0/ex_retr_pipe_curr_instr_enc_retr[19]:D
  Delay (ns):              0.210
  Slack (ns):              0.124
  Arrival (ns):            2.146
  Required (ns):           2.022
  Operating Conditions: fast_hv_lt

Path 52
  From: MIV_RV32_CFG1_C0_0/MIV_RV32_CFG1_C0_0/u_ipcore_0/gen_subsys_debug.u_subsys_debug_unit_0/miv_rv32_debug_du_0/command_reg[7]:CLK
  To:   MIV_RV32_CFG1_C0_0/MIV_RV32_CFG1_C0_0/u_ipcore_0/gen_subsys_debug.u_subsys_debug_unit_0/miv_rv32_debug_du_0/debug_csr_addr[7]:D
  Delay (ns):              0.198
  Slack (ns):              0.124
  Arrival (ns):            2.123
  Required (ns):           1.999
  Operating Conditions: fast_hv_lt

Path 53
  From: MIV_RV32_CFG1_C0_0/MIV_RV32_CFG1_C0_0/u_ipcore_0/gen_subsys_debug.u_subsys_debug_unit_0/MIV_subsys_debug_transport_module_jtag_0/gen_shift_register_active_high.gen_shift_register_active_low.shiftDR[29]:CLK
  To:   MIV_RV32_CFG1_C0_0/MIV_RV32_CFG1_C0_0/u_ipcore_0/gen_subsys_debug.u_subsys_debug_unit_0/MIV_subsys_debug_transport_module_jtag_0/gen_shift_register_active_high.gen_shift_register_active_low.shiftDR[28]:D
  Delay (ns):              0.199
  Slack (ns):              0.124
  Arrival (ns):            3.361
  Required (ns):           3.237
  Operating Conditions: fast_hv_lt

Path 54
  From: MIV_ESS_C0_0/MIV_PLIC_0/apb_interface_0/interrupt_enable_wr_data_Z[2]:CLK
  To:   MIV_ESS_C0_0/MIV_PLIC_0/plic_core_ie.genblk1[2].interrupt_enable_register_0/interrupt_enable_reg:D
  Delay (ns):              0.212
  Slack (ns):              0.124
  Arrival (ns):            2.146
  Required (ns):           2.022
  Operating Conditions: fast_hv_lt

Path 55
  From: MIV_ESS_C0_0/CoreUARTapb_0/uUART/make_TX/xmit_state[0]:CLK
  To:   MIV_ESS_C0_0/CoreUARTapb_0/uUART/make_TX/xmit_state[1]:D
  Delay (ns):              0.198
  Slack (ns):              0.124
  Arrival (ns):            2.152
  Required (ns):           2.028
  Operating Conditions: fast_hv_lt

Path 56
  From: MIV_ESS_C0_0/CoreUARTapb_0/uUART/make_RX/rx_shift[6]:CLK
  To:   MIV_ESS_C0_0/CoreUARTapb_0/uUART/make_RX/rx_shift[5]:D
  Delay (ns):              0.201
  Slack (ns):              0.124
  Arrival (ns):            2.134
  Required (ns):           2.010
  Operating Conditions: fast_hv_lt

Path 57
  From: MIV_ESS_C0_0/CoreGPIO_0/xhdl1.GEN_BITS_0[0]:CLK
  To:   MIV_ESS_C0_0/CoreGPIO_0/xhdl1.GEN_BITS_1[0]:D
  Delay (ns):              0.201
  Slack (ns):              0.124
  Arrival (ns):            2.154
  Required (ns):           2.030
  Operating Conditions: fast_hv_lt

Path 58
  From: MIV_RV32_CFG1_C0_0/MIV_RV32_CFG1_C0_0/u_ipcore_0/u_hart_0/u_expipe_0/de_ex_pipe_i_access_mem_error_ex:CLK
  To:   MIV_RV32_CFG1_C0_0/MIV_RV32_CFG1_C0_0/u_ipcore_0/u_hart_0/u_expipe_0/ex_retr_pipe_i_access_mem_error_retr:D
  Delay (ns):              0.217
  Slack (ns):              0.125
  Arrival (ns):            2.147
  Required (ns):           2.022
  Operating Conditions: fast_hv_lt

Path 59
  From: MIV_RV32_CFG1_C0_0/MIV_RV32_CFG1_C0_0/u_ipcore_0/gen_subsys_debug.u_subsys_debug_unit_0/miv_rv32_debug_du_0/command_reg[3]:CLK
  To:   MIV_RV32_CFG1_C0_0/MIV_RV32_CFG1_C0_0/u_ipcore_0/gen_subsys_debug.u_subsys_debug_unit_0/miv_rv32_debug_du_0/debug_gpr_addr[3]:D
  Delay (ns):              0.199
  Slack (ns):              0.125
  Arrival (ns):            2.123
  Required (ns):           1.998
  Operating Conditions: fast_hv_lt

Path 60
  From: MIV_ESS_C0_0/MIV_PLIC_0/apb_interface_0/interrupt_enable_wr_data_Z[1]:CLK
  To:   MIV_ESS_C0_0/MIV_PLIC_0/plic_core_ie.genblk1[1].interrupt_enable_register_0/interrupt_enable_reg:D
  Delay (ns):              0.211
  Slack (ns):              0.125
  Arrival (ns):            2.146
  Required (ns):           2.021
  Operating Conditions: fast_hv_lt

Path 61
  From: CORERESET_PF_C0_0/CORERESET_PF_C0_0/dff_0[0]:CLK
  To:   CORERESET_PF_C0_0/CORERESET_PF_C0_0/dff_1[0]:D
  Delay (ns):              0.201
  Slack (ns):              0.125
  Arrival (ns):            2.152
  Required (ns):           2.027
  Operating Conditions: fast_hv_lt

Path 62
  From: MIV_RV32_CFG1_C0_0/MIV_RV32_CFG1_C0_0/u_ipcore_0/u_hart_0/u_expipe_0/u_exu_0/div_divisor[7]:CLK
  To:   MIV_RV32_CFG1_C0_0/MIV_RV32_CFG1_C0_0/u_ipcore_0/u_hart_0/u_expipe_0/u_exu_0/div_divisor[6]:D
  Delay (ns):              0.200
  Slack (ns):              0.126
  Arrival (ns):            2.142
  Required (ns):           2.016
  Operating Conditions: fast_hv_lt

Path 63
  From: MIV_RV32_CFG1_C0_0/MIV_RV32_CFG1_C0_0/u_ipcore_0/u_hart_0/u_expipe_0/de_ex_pipe_curr_instr_enc_ex[30]:CLK
  To:   MIV_RV32_CFG1_C0_0/MIV_RV32_CFG1_C0_0/u_ipcore_0/u_hart_0/u_expipe_0/ex_retr_pipe_curr_instr_enc_retr[30]:D
  Delay (ns):              0.202
  Slack (ns):              0.126
  Arrival (ns):            2.135
  Required (ns):           2.009
  Operating Conditions: fast_hv_lt

Path 64
  From: MIV_RV32_CFG1_C0_0/MIV_RV32_CFG1_C0_0/u_ipcore_0/gen_subsys_debug.u_subsys_debug_unit_0/miv_rv32_debug_du_0/command_reg[5]:CLK
  To:   MIV_RV32_CFG1_C0_0/MIV_RV32_CFG1_C0_0/u_ipcore_0/gen_subsys_debug.u_subsys_debug_unit_0/miv_rv32_debug_du_0/debug_gpr_addr[5]:D
  Delay (ns):              0.200
  Slack (ns):              0.126
  Arrival (ns):            2.124
  Required (ns):           1.998
  Operating Conditions: fast_hv_lt

Path 65
  From: MIV_RV32_CFG1_C0_0/MIV_RV32_CFG1_C0_0/u_ipcore_0/gen_subsys_debug.u_subsys_debug_unit_0/miv_rv32_debug_du_0/command_reg[1]:CLK
  To:   MIV_RV32_CFG1_C0_0/MIV_RV32_CFG1_C0_0/u_ipcore_0/gen_subsys_debug.u_subsys_debug_unit_0/miv_rv32_debug_du_0/debug_gpr_addr[1]:D
  Delay (ns):              0.200
  Slack (ns):              0.126
  Arrival (ns):            2.126
  Required (ns):           2.000
  Operating Conditions: fast_hv_lt

Path 66
  From: MIV_RV32_CFG1_C0_0/MIV_RV32_CFG1_C0_0/u_ipcore_0/u_hart_0/u_expipe_0/u_exu_0/div_divisor[5]:CLK
  To:   MIV_RV32_CFG1_C0_0/MIV_RV32_CFG1_C0_0/u_ipcore_0/u_hart_0/u_expipe_0/u_exu_0/div_divisor[4]:D
  Delay (ns):              0.201
  Slack (ns):              0.127
  Arrival (ns):            2.143
  Required (ns):           2.016
  Operating Conditions: fast_hv_lt

Path 67
  From: MIV_RV32_CFG1_C0_0/MIV_RV32_CFG1_C0_0/u_ipcore_0/gen_subsys_debug.u_subsys_debug_unit_0/MIV_subsys_debug_transport_module_jtag_0/gen_current_state_register_active_high.gen_current_state_register_active_low.currTapState[14]:CLK
  To:   MIV_RV32_CFG1_C0_0/MIV_RV32_CFG1_C0_0/u_ipcore_0/gen_subsys_debug.u_subsys_debug_unit_0/MIV_subsys_debug_transport_module_jtag_0/gen_current_state_register_active_high.gen_current_state_register_active_low.currTapState[15]:D
  Delay (ns):              0.201
  Slack (ns):              0.127
  Arrival (ns):            3.366
  Required (ns):           3.239
  Operating Conditions: fast_hv_lt

Path 68
  From: MIV_ESS_C0_0/CoreUARTapb_0/uUART/make_RX/rx_state[1]:CLK
  To:   MIV_ESS_C0_0/CoreUARTapb_0/uUART/make_RX/rx_state[0]:D
  Delay (ns):              0.200
  Slack (ns):              0.127
  Arrival (ns):            2.130
  Required (ns):           2.003
  Operating Conditions: fast_hv_lt

Path 69
  From: MIV_RV32_CFG1_C0_0/MIV_RV32_CFG1_C0_0/u_ipcore_0/u_hart_0/u_expipe_0/u_exu_0/div_divisor[16]:CLK
  To:   MIV_RV32_CFG1_C0_0/MIV_RV32_CFG1_C0_0/u_ipcore_0/u_hart_0/u_expipe_0/u_exu_0/div_divisor[15]:D
  Delay (ns):              0.205
  Slack (ns):              0.128
  Arrival (ns):            2.140
  Required (ns):           2.012
  Operating Conditions: fast_hv_lt

Path 70
  From: MIV_RV32_CFG1_C0_0/MIV_RV32_CFG1_C0_0/u_ipcore_0/u_hart_0/u_expipe_0/de_ex_pipe_curr_instr_enc_ex[0]:CLK
  To:   MIV_RV32_CFG1_C0_0/MIV_RV32_CFG1_C0_0/u_ipcore_0/u_hart_0/u_expipe_0/ex_retr_pipe_curr_instr_enc_retr[0]:D
  Delay (ns):              0.201
  Slack (ns):              0.128
  Arrival (ns):            2.106
  Required (ns):           1.978
  Operating Conditions: fast_hv_lt

Path 71
  From: MIV_RV32_CFG1_C0_0/MIV_RV32_CFG1_C0_0/u_ipcore_0/gen_subsys_debug.u_subsys_debug_unit_0/MIV_subsys_debug_transport_module_jtag_0/gen_shift_register_active_high.gen_shift_register_active_low.shiftDMI[40]:CLK
  To:   MIV_RV32_CFG1_C0_0/MIV_RV32_CFG1_C0_0/u_ipcore_0/gen_subsys_debug.u_subsys_debug_unit_0/MIV_subsys_debug_transport_module_jtag_0/gen_shift_register_active_high.gen_shift_register_active_low.shiftDMI[39]:D
  Delay (ns):              0.206
  Slack (ns):              0.128
  Arrival (ns):            3.381
  Required (ns):           3.253
  Operating Conditions: fast_hv_lt

Path 72
  From: MIV_RV32_CFG1_C0_0/MIV_RV32_CFG1_C0_0/u_ipcore_0/u_hart_0/u_expipe_0/u_exu_0/div_divisor[62]:CLK
  To:   MIV_RV32_CFG1_C0_0/MIV_RV32_CFG1_C0_0/u_ipcore_0/u_hart_0/u_expipe_0/u_exu_0/div_divisor[61]:D
  Delay (ns):              0.202
  Slack (ns):              0.129
  Arrival (ns):            2.136
  Required (ns):           2.007
  Operating Conditions: fast_hv_lt

Path 73
  From: MIV_RV32_CFG1_C0_0/MIV_RV32_CFG1_C0_0/u_ipcore_0/u_hart_0/u_expipe_0/u_exu_0/div_divisor[31]:CLK
  To:   MIV_RV32_CFG1_C0_0/MIV_RV32_CFG1_C0_0/u_ipcore_0/u_hart_0/u_expipe_0/u_exu_0/div_divisor[30]:D
  Delay (ns):              0.206
  Slack (ns):              0.129
  Arrival (ns):            2.157
  Required (ns):           2.028
  Operating Conditions: fast_hv_lt

Path 74
  From: MIV_RV32_CFG1_C0_0/MIV_RV32_CFG1_C0_0/u_ipcore_0/u_hart_0/u_expipe_0/u_exu_0/div_divisor[25]:CLK
  To:   MIV_RV32_CFG1_C0_0/MIV_RV32_CFG1_C0_0/u_ipcore_0/u_hart_0/u_expipe_0/u_exu_0/div_divisor[24]:D
  Delay (ns):              0.206
  Slack (ns):              0.129
  Arrival (ns):            2.157
  Required (ns):           2.028
  Operating Conditions: fast_hv_lt

Path 75
  From: MIV_RV32_CFG1_C0_0/MIV_RV32_CFG1_C0_0/u_ipcore_0/u_hart_0/u_expipe_0/u_exu_0/div_divisor[11]:CLK
  To:   MIV_RV32_CFG1_C0_0/MIV_RV32_CFG1_C0_0/u_ipcore_0/u_hart_0/u_expipe_0/u_exu_0/div_divisor[10]:D
  Delay (ns):              0.203
  Slack (ns):              0.129
  Arrival (ns):            2.145
  Required (ns):           2.016
  Operating Conditions: fast_hv_lt

Path 76
  From: MIV_RV32_CFG1_C0_0/MIV_RV32_CFG1_C0_0/u_ipcore_0/gen_subsys_debug.u_subsys_debug_unit_0/miv_rv32_debug_du_0/command_reg[5]:CLK
  To:   MIV_RV32_CFG1_C0_0/MIV_RV32_CFG1_C0_0/u_ipcore_0/gen_subsys_debug.u_subsys_debug_unit_0/miv_rv32_debug_du_0/debug_csr_addr[5]:D
  Delay (ns):              0.203
  Slack (ns):              0.129
  Arrival (ns):            2.127
  Required (ns):           1.998
  Operating Conditions: fast_hv_lt

Path 77
  From: MIV_RV32_CFG1_C0_0/MIV_RV32_CFG1_C0_0/u_ipcore_0/gen_subsys_debug.u_subsys_debug_unit_0/MIV_subsys_debug_transport_module_jtag_0/gen_shift_register_active_high.gen_shift_register_active_low.shiftDMI[37]:CLK
  To:   MIV_RV32_CFG1_C0_0/MIV_RV32_CFG1_C0_0/u_ipcore_0/gen_subsys_debug.u_subsys_debug_unit_0/MIV_subsys_debug_transport_module_jtag_0/gen_shift_register_active_high.gen_shift_register_active_low.shiftDMI[36]:D
  Delay (ns):              0.207
  Slack (ns):              0.129
  Arrival (ns):            3.382
  Required (ns):           3.253
  Operating Conditions: fast_hv_lt

Path 78
  From: MIV_RV32_CFG1_C0_0/MIV_RV32_CFG1_C0_0/u_ipcore_0/u_hart_0/u_expipe_0/u_exu_0/div_divisor[6]:CLK
  To:   MIV_RV32_CFG1_C0_0/MIV_RV32_CFG1_C0_0/u_ipcore_0/u_hart_0/u_expipe_0/u_exu_0/div_divisor[5]:D
  Delay (ns):              0.204
  Slack (ns):              0.130
  Arrival (ns):            2.146
  Required (ns):           2.016
  Operating Conditions: fast_hv_lt

Path 79
  From: MIV_RV32_CFG1_C0_0/MIV_RV32_CFG1_C0_0/u_ipcore_0/u_hart_0/u_expipe_0/u_exu_0/div_divisor[19]:CLK
  To:   MIV_RV32_CFG1_C0_0/MIV_RV32_CFG1_C0_0/u_ipcore_0/u_hart_0/u_expipe_0/u_exu_0/div_divisor[18]:D
  Delay (ns):              0.207
  Slack (ns):              0.130
  Arrival (ns):            2.142
  Required (ns):           2.012
  Operating Conditions: fast_hv_lt

Path 80
  From: MIV_RV32_CFG1_C0_0/MIV_RV32_CFG1_C0_0/u_ipcore_0/u_hart_0/u_expipe_0/gen_gpr_ram.u_gpr_0/gen_gpr.u_gpr_array_0/mem_xf_1_mem_xf_1_0_2/R_DATA_1_inst:CLK
  To:   MIV_RV32_CFG1_C0_0/MIV_RV32_CFG1_C0_0/u_ipcore_0/gen_subsys_debug.u_subsys_debug_unit_0/miv_rv32_debug_du_0/data_gpr_reg[25]:D
  Delay (ns):              0.209
  Slack (ns):              0.130
  Arrival (ns):            2.157
  Required (ns):           2.027
  Operating Conditions: fast_hv_lt

Path 81
  From: MIV_RV32_CFG1_C0_0/MIV_RV32_CFG1_C0_0/u_ipcore_0/gen_subsys_debug.u_subsys_debug_unit_0/miv_rv32_debug_du_0/command_reg[9]:CLK
  To:   MIV_RV32_CFG1_C0_0/MIV_RV32_CFG1_C0_0/u_ipcore_0/gen_subsys_debug.u_subsys_debug_unit_0/miv_rv32_debug_du_0/debug_csr_addr[9]:D
  Delay (ns):              0.204
  Slack (ns):              0.130
  Arrival (ns):            2.128
  Required (ns):           1.998
  Operating Conditions: fast_hv_lt

Path 82
  From: MIV_RV32_CFG1_C0_0/MIV_RV32_CFG1_C0_0/u_ipcore_0/gen_subsys_debug.u_subsys_debug_unit_0/MIV_subsys_debug_transport_module_jtag_0/gen_shift_register_active_high.gen_shift_register_active_low.shiftDR[16]:CLK
  To:   MIV_RV32_CFG1_C0_0/MIV_RV32_CFG1_C0_0/u_ipcore_0/gen_subsys_debug.u_subsys_debug_unit_0/MIV_subsys_debug_transport_module_jtag_0/gen_shift_register_active_high.gen_shift_register_active_low.shiftDR[15]:D
  Delay (ns):              0.206
  Slack (ns):              0.130
  Arrival (ns):            3.368
  Required (ns):           3.238
  Operating Conditions: fast_hv_lt

Path 83
  From: MIV_RV32_CFG1_C0_0/MIV_RV32_CFG1_C0_0/u_ipcore_0/gen_subsys_debug.u_subsys_debug_unit_0/MIV_subsys_debug_transport_module_jtag_0/gen_shift_register_active_high.gen_shift_register_active_low.shiftDR[16]:CLK
  To:   MIV_RV32_CFG1_C0_0/MIV_RV32_CFG1_C0_0/u_ipcore_0/gen_subsys_debug.u_subsys_debug_unit_0/MIV_subsys_debug_transport_module_jtag_0/dmi_outputs_and_dtmcs_resets.dtmcs_resets_active_low.dtmcs_dmireset:D
  Delay (ns):              0.206
  Slack (ns):              0.130
  Arrival (ns):            3.368
  Required (ns):           3.238
  Operating Conditions: fast_hv_lt

Path 84
  From: MIV_ESS_C0_0/CoreUARTapb_0/uUART/make_TX/tx_parity:CLK
  To:   MIV_ESS_C0_0/CoreUARTapb_0/uUART/make_TX/tx_parity:D
  Delay (ns):              0.198
  Slack (ns):              0.130
  Arrival (ns):            2.129
  Required (ns):           1.999
  Operating Conditions: fast_hv_lt

Path 85
  From: MIV_RV32_CFG1_C0_0/MIV_RV32_CFG1_C0_0/u_ipcore_0/u_subsys_interconnect_0/u_subsys_regs/u_subsys_hart_soft_reset_reg/gen_bit_reset.state_val[0]:CLK
  To:   MIV_RV32_CFG1_C0_0/MIV_RV32_CFG1_C0_0/u_ipcore_0/u_subsys_interconnect_0/u_subsys_regs/toggle_hart_soft_reset:D
  Delay (ns):              0.207
  Slack (ns):              0.131
  Arrival (ns):            2.155
  Required (ns):           2.024
  Operating Conditions: fast_hv_lt

Path 86
  From: MIV_RV32_CFG1_C0_0/MIV_RV32_CFG1_C0_0/u_ipcore_0/u_hart_0/u_expipe_0/u_exu_0/div_divisor[4]:CLK
  To:   MIV_RV32_CFG1_C0_0/MIV_RV32_CFG1_C0_0/u_ipcore_0/u_hart_0/u_expipe_0/u_exu_0/div_divisor[3]:D
  Delay (ns):              0.205
  Slack (ns):              0.131
  Arrival (ns):            2.147
  Required (ns):           2.016
  Operating Conditions: fast_hv_lt

Path 87
  From: MIV_RV32_CFG1_C0_0/MIV_RV32_CFG1_C0_0/u_ipcore_0/gen_subsys_debug.u_subsys_debug_unit_0/miv_rv32_debug_du_0/command_reg[11]:CLK
  To:   MIV_RV32_CFG1_C0_0/MIV_RV32_CFG1_C0_0/u_ipcore_0/gen_subsys_debug.u_subsys_debug_unit_0/miv_rv32_debug_du_0/debug_csr_addr[11]:D
  Delay (ns):              0.205
  Slack (ns):              0.131
  Arrival (ns):            2.130
  Required (ns):           1.999
  Operating Conditions: fast_hv_lt

Path 88
  From: MIV_RV32_CFG1_C0_0/MIV_RV32_CFG1_C0_0/u_ipcore_0/gen_subsys_debug.u_subsys_debug_unit_0/miv_rv32_debug_du_0/cmderr_ff[1]:CLK
  To:   MIV_RV32_CFG1_C0_0/MIV_RV32_CFG1_C0_0/u_ipcore_0/gen_subsys_debug.u_subsys_debug_unit_0/miv_rv32_debug_du_0/abstractcs_cmderr[1]:D
  Delay (ns):              0.205
  Slack (ns):              0.131
  Arrival (ns):            2.123
  Required (ns):           1.992
  Operating Conditions: fast_hv_lt

Path 89
  From: MIV_RV32_CFG1_C0_0/MIV_RV32_CFG1_C0_0/u_ipcore_0/gen_subsys_debug.u_subsys_debug_unit_0/MIV_subsys_debug_transport_module_jtag_0/gen_shift_register_active_high.gen_shift_register_active_low.shiftDR[9]:CLK
  To:   MIV_RV32_CFG1_C0_0/MIV_RV32_CFG1_C0_0/u_ipcore_0/gen_subsys_debug.u_subsys_debug_unit_0/MIV_subsys_debug_transport_module_jtag_0/gen_shift_register_active_high.gen_shift_register_active_low.shiftDR[8]:D
  Delay (ns):              0.207
  Slack (ns):              0.131
  Arrival (ns):            3.368
  Required (ns):           3.237
  Operating Conditions: fast_hv_lt

Path 90
  From: MIV_RV32_CFG1_C0_0/MIV_RV32_CFG1_C0_0/u_ipcore_0/gen_subsys_debug.u_subsys_debug_unit_0/MIV_subsys_debug_transport_module_jtag_0/gen_shift_register_active_high.gen_shift_register_active_low.shiftDMI[19]:CLK
  To:   MIV_RV32_CFG1_C0_0/MIV_RV32_CFG1_C0_0/u_ipcore_0/gen_subsys_debug.u_subsys_debug_unit_0/MIV_subsys_debug_transport_module_jtag_0/gen_shift_register_active_high.gen_shift_register_active_low.shiftDMI[18]:D
  Delay (ns):              0.206
  Slack (ns):              0.131
  Arrival (ns):            3.392
  Required (ns):           3.261
  Operating Conditions: fast_hv_lt

Path 91
  From: MIV_ESS_C0_0/CoreUARTapb_0/uUART/make_RX/rx_state[1]:CLK
  To:   MIV_ESS_C0_0/CoreUARTapb_0/uUART/make_RX/rx_state[1]:D
  Delay (ns):              0.199
  Slack (ns):              0.131
  Arrival (ns):            2.129
  Required (ns):           1.998
  Operating Conditions: fast_hv_lt

Path 92
  From: MIV_ESS_C0_0/CoreGPIO_0/xhdl1.GEN_BITS[2].gpin1[2]:CLK
  To:   MIV_ESS_C0_0/CoreGPIO_0/xhdl1.GEN_BITS[2].gpin2[2]:D
  Delay (ns):              0.205
  Slack (ns):              0.131
  Arrival (ns):            2.162
  Required (ns):           2.031
  Operating Conditions: fast_hv_lt

Path 93
  From: MIV_RV32_CFG1_C0_0/MIV_RV32_CFG1_C0_0/u_ipcore_0/u_hart_0/u_expipe_0/gen_gpr_ram.u_gpr_0/gen_gpr.u_gpr_array_0/mem_xf_1_mem_xf_1_0_1/R_DATA_11_inst:CLK
  To:   MIV_RV32_CFG1_C0_0/MIV_RV32_CFG1_C0_0/u_ipcore_0/gen_subsys_debug.u_subsys_debug_unit_0/miv_rv32_debug_du_0/data_gpr_reg[23]:D
  Delay (ns):              0.210
  Slack (ns):              0.132
  Arrival (ns):            2.160
  Required (ns):           2.028
  Operating Conditions: fast_hv_lt

Path 94
  From: MIV_RV32_CFG1_C0_0/MIV_RV32_CFG1_C0_0/u_ipcore_0/gen_subsys_debug.u_subsys_debug_unit_0/miv_rv32_debug_du_0/command_reg[3]:CLK
  To:   MIV_RV32_CFG1_C0_0/MIV_RV32_CFG1_C0_0/u_ipcore_0/gen_subsys_debug.u_subsys_debug_unit_0/miv_rv32_debug_du_0/debug_csr_addr[3]:D
  Delay (ns):              0.206
  Slack (ns):              0.132
  Arrival (ns):            2.130
  Required (ns):           1.998
  Operating Conditions: fast_hv_lt

Path 95
  From: MIV_RV32_CFG1_C0_0/MIV_RV32_CFG1_C0_0/u_ipcore_0/gen_subsys_debug.u_subsys_debug_unit_0/miv_rv32_debug_du_0/command_reg[2]:CLK
  To:   MIV_RV32_CFG1_C0_0/MIV_RV32_CFG1_C0_0/u_ipcore_0/gen_subsys_debug.u_subsys_debug_unit_0/miv_rv32_debug_du_0/debug_gpr_addr[2]:D
  Delay (ns):              0.206
  Slack (ns):              0.132
  Arrival (ns):            2.132
  Required (ns):           2.000
  Operating Conditions: fast_hv_lt

Path 96
  From: MIV_RV32_CFG1_C0_0/MIV_RV32_CFG1_C0_0/u_ipcore_0/gen_subsys_debug.u_subsys_debug_unit_0/MIV_subsys_debug_transport_module_jtag_0/gen_shift_register_active_high.gen_shift_register_active_low.shiftDMI[9]:CLK
  To:   MIV_RV32_CFG1_C0_0/MIV_RV32_CFG1_C0_0/u_ipcore_0/gen_subsys_debug.u_subsys_debug_unit_0/MIV_subsys_debug_transport_module_jtag_0/gen_shift_register_active_high.gen_shift_register_active_low.shiftDMI[8]:D
  Delay (ns):              0.210
  Slack (ns):              0.132
  Arrival (ns):            3.401
  Required (ns):           3.269
  Operating Conditions: fast_hv_lt

Path 97
  From: MIV_ESS_C0_0/MIV_PLIC_0/plic_core_ie.genblk1[1].interrupt_enable_register_0/interrupt_enable_reg:CLK
  To:   MIV_ESS_C0_0/MIV_PLIC_0/apb_interface_0/TARGET_PRDATA[1]:D
  Delay (ns):              0.206
  Slack (ns):              0.132
  Arrival (ns):            2.140
  Required (ns):           2.008
  Operating Conditions: fast_hv_lt

Path 98
  From: MIV_ESS_C0_0/CoreUARTapb_0/uUART/tx_hold_reg[7]:CLK
  To:   MIV_ESS_C0_0/CoreUARTapb_0/uUART/make_TX/tx_byte[7]:D
  Delay (ns):              0.234
  Slack (ns):              0.132
  Arrival (ns):            2.163
  Required (ns):           2.031
  Operating Conditions: fast_hv_lt

Path 99
  From: MIV_ESS_C0_0/CoreUARTapb_0/uUART/make_TX/xmit_state[3]:CLK
  To:   MIV_ESS_C0_0/CoreUARTapb_0/uUART/make_TX/tx:D
  Delay (ns):              0.204
  Slack (ns):              0.132
  Arrival (ns):            2.136
  Required (ns):           2.004
  Operating Conditions: fast_hv_lt

Path 100
  From: MIV_ESS_C0_0/CoreUARTapb_0/uUART/make_CLOCK_GEN/xmit_cntr[0]:CLK
  To:   MIV_ESS_C0_0/CoreUARTapb_0/uUART/make_CLOCK_GEN/xmit_cntr[0]:D
  Delay (ns):              0.200
  Slack (ns):              0.132
  Arrival (ns):            2.153
  Required (ns):           2.021
  Operating Conditions: fast_hv_lt

