Timing Violation Report Min Delay Analysis

SmartTime Version 2025.2
Microchip Technology Inc. - Microchip Libero Software Release 2025.2 (Version 2025.2.0.14)
Date: Thu Jan 15 15:32:17 2026


Design: BaseDesign
Family: PolarFireSoC
Die: MPFS095T
Package: FCSG325
Temperature Range: 0 - 100 C
Voltage Range: 0.97 - 1.03 V
Speed Grade: -1
Design State: Post-Layout
Data source: Production
Multi Corner Report Operating Conditions: slow_lv_lt,fast_hv_lt,slow_lv_ht


Path 1
  From: CORERESET_PF_C0_0/CORERESET_PF_C0_0/dff_14[0]:CLK
  To:   CORERESET_PF_C0_0/CORERESET_PF_C0_0/dff_15[0]:D
  Delay (ns):              0.295
  Slack (ns):              0.054
  Arrival (ns):            3.218
  Required (ns):           3.164
  Operating Conditions: slow_lv_lt

Path 2
  From: CORERESET_PF_C0_0/CORERESET_PF_C0_0/dff_3[0]:CLK
  To:   CORERESET_PF_C0_0/CORERESET_PF_C0_0/dff_4[0]:D
  Delay (ns):              0.288
  Slack (ns):              0.076
  Arrival (ns):            3.226
  Required (ns):           3.150
  Operating Conditions: slow_lv_lt

Path 3
  From: MIV_RV32_CFG1_C0_0/MIV_RV32_CFG1_C0_0/u_ipcore_0/gen_subsys_debug.u_subsys_debug_unit_0/debug_req_fifo/genblk1.rst_synch_reg[1]:CLK
  To:   MIV_RV32_CFG1_C0_0/MIV_RV32_CFG1_C0_0/u_ipcore_0/gen_subsys_debug.u_subsys_debug_unit_0/debug_req_fifo/genblk1.rst_synch_reg[0]:D
  Delay (ns):              0.150
  Slack (ns):              0.077
  Arrival (ns):            2.097
  Required (ns):           2.020
  Operating Conditions: fast_hv_lt

Path 4
  From: CORERESET_PF_C0_0/CORERESET_PF_C0_0/dff_7[0]:CLK
  To:   CORERESET_PF_C0_0/CORERESET_PF_C0_0/dff_8[0]:D
  Delay (ns):              0.151
  Slack (ns):              0.077
  Arrival (ns):            2.110
  Required (ns):           2.033
  Operating Conditions: fast_hv_lt

Path 5
  From: MIV_ESS_C0_0/CoreUARTapb_0/uUART/make_RX/rx_shift[2]:CLK
  To:   MIV_ESS_C0_0/CoreUARTapb_0/uUART/make_RX/rx_shift[1]:D
  Delay (ns):              0.153
  Slack (ns):              0.079
  Arrival (ns):            2.126
  Required (ns):           2.047
  Operating Conditions: fast_hv_lt

Path 6
  From: CORERESET_PF_C0_0/CORERESET_PF_C0_0/dff_9[0]:CLK
  To:   CORERESET_PF_C0_0/CORERESET_PF_C0_0/dff_10[0]:D
  Delay (ns):              0.148
  Slack (ns):              0.080
  Arrival (ns):            2.107
  Required (ns):           2.027
  Operating Conditions: fast_hv_lt

Path 7
  From: CORERESET_PF_C0_0/CORERESET_PF_C0_0/dff_10[0]:CLK
  To:   CORERESET_PF_C0_0/CORERESET_PF_C0_0/dff_11[0]:D
  Delay (ns):              0.155
  Slack (ns):              0.081
  Arrival (ns):            2.114
  Required (ns):           2.033
  Operating Conditions: fast_hv_lt

Path 8
  From: MIV_ESS_C0_0/CoreUARTapb_0/uUART/make_RX/rx_shift[4]:CLK
  To:   MIV_ESS_C0_0/CoreUARTapb_0/uUART/make_RX/rx_shift[3]:D
  Delay (ns):              0.157
  Slack (ns):              0.083
  Arrival (ns):            2.130
  Required (ns):           2.047
  Operating Conditions: fast_hv_lt

Path 9
  From: MIV_RV32_CFG1_C0_0/MIV_RV32_CFG1_C0_0/u_ipcore_0/gen_subsys_debug.u_subsys_debug_unit_0/debug_resp_fifo/rd_gray_ptr_synch[1]:CLK
  To:   MIV_RV32_CFG1_C0_0/MIV_RV32_CFG1_C0_0/u_ipcore_0/gen_subsys_debug.u_subsys_debug_unit_0/debug_resp_fifo/rd_gray_ptr_in_write[1]:D
  Delay (ns):              0.158
  Slack (ns):              0.084
  Arrival (ns):            2.095
  Required (ns):           2.011
  Operating Conditions: fast_hv_lt

Path 10
  From: MIV_ESS_C0_0/CoreGPIO_0/xhdl1.GEN_BITS_1[0]:CLK
  To:   MIV_ESS_C0_0/CoreGPIO_0/xhdl1.GEN_BITS_2[0]:D
  Delay (ns):              0.158
  Slack (ns):              0.084
  Arrival (ns):            2.128
  Required (ns):           2.044
  Operating Conditions: fast_hv_lt

Path 11
  From: MIV_ESS_C0_0/CoreGPIO_0/xhdl1.GEN_BITS[4].gpin2[4]:CLK
  To:   MIV_ESS_C0_0/CoreGPIO_0/xhdl1.GEN_BITS[4].gpin3[4]:D
  Delay (ns):              0.153
  Slack (ns):              0.085
  Arrival (ns):            2.126
  Required (ns):           2.041
  Operating Conditions: fast_hv_lt

Path 12
  From: CORERESET_PF_C0_0/CORERESET_PF_C0_0/dff_6[0]:CLK
  To:   CORERESET_PF_C0_0/CORERESET_PF_C0_0/dff_7[0]:D
  Delay (ns):              0.159
  Slack (ns):              0.085
  Arrival (ns):            2.118
  Required (ns):           2.033
  Operating Conditions: fast_hv_lt

Path 13
  From: CORERESET_PF_C0_0/CORERESET_PF_C0_0/dff_5[0]:CLK
  To:   CORERESET_PF_C0_0/CORERESET_PF_C0_0/dff_6[0]:D
  Delay (ns):              0.159
  Slack (ns):              0.085
  Arrival (ns):            2.118
  Required (ns):           2.033
  Operating Conditions: fast_hv_lt

Path 14
  From: CORERESET_PF_C0_0/CORERESET_PF_C0_0/dff_1[0]:CLK
  To:   CORERESET_PF_C0_0/CORERESET_PF_C0_0/dff_2[0]:D
  Delay (ns):              0.158
  Slack (ns):              0.086
  Arrival (ns):            2.130
  Required (ns):           2.044
  Operating Conditions: fast_hv_lt

Path 15
  From: MIV_ESS_C0_0/CoreGPIO_0/xhdl1.GEN_BITS[4].gpin1[4]:CLK
  To:   MIV_ESS_C0_0/CoreGPIO_0/xhdl1.GEN_BITS[4].gpin2[4]:D
  Delay (ns):              0.161
  Slack (ns):              0.087
  Arrival (ns):            2.134
  Required (ns):           2.047
  Operating Conditions: fast_hv_lt

Path 16
  From: CORERESET_PF_C0_0/CORERESET_PF_C0_0/dff_11[0]:CLK
  To:   CORERESET_PF_C0_0/CORERESET_PF_C0_0/dff_12[0]:D
  Delay (ns):              0.161
  Slack (ns):              0.087
  Arrival (ns):            2.120
  Required (ns):           2.033
  Operating Conditions: fast_hv_lt

Path 17
  From: MIV_RV32_CFG1_C0_0/MIV_RV32_CFG1_C0_0/u_ipcore_0/gen_subsys_debug.u_subsys_debug_unit_0/miv_rv32_debug_du_0/cmderr_ff[1]:CLK
  To:   MIV_RV32_CFG1_C0_0/MIV_RV32_CFG1_C0_0/u_ipcore_0/gen_subsys_debug.u_subsys_debug_unit_0/miv_rv32_debug_du_0/abstractcs_cmderr[1]:D
  Delay (ns):              0.161
  Slack (ns):              0.088
  Arrival (ns):            2.106
  Required (ns):           2.018
  Operating Conditions: fast_hv_lt

Path 18
  From: MIV_ESS_C0_0/CoreUARTapb_0/uUART/make_RX/rx_shift[5]:CLK
  To:   MIV_ESS_C0_0/CoreUARTapb_0/uUART/make_RX/rx_shift[4]:D
  Delay (ns):              0.162
  Slack (ns):              0.088
  Arrival (ns):            2.135
  Required (ns):           2.047
  Operating Conditions: fast_hv_lt

Path 19
  From: CORERESET_PF_C0_0/CORERESET_PF_C0_0/dff_0[0]:CLK
  To:   CORERESET_PF_C0_0/CORERESET_PF_C0_0/dff_1[0]:D
  Delay (ns):              0.161
  Slack (ns):              0.088
  Arrival (ns):            2.133
  Required (ns):           2.045
  Operating Conditions: fast_hv_lt

Path 20
  From: CORERESET_PF_C0_0/CORERESET_PF_C0_0/dff_12[0]:CLK
  To:   CORERESET_PF_C0_0/CORERESET_PF_C0_0/dff_13[0]:D
  Delay (ns):              0.163
  Slack (ns):              0.089
  Arrival (ns):            2.122
  Required (ns):           2.033
  Operating Conditions: fast_hv_lt

Path 21
  From: MIV_RV32_CFG1_C0_0/MIV_RV32_CFG1_C0_0/u_ipcore_0/gen_subsys_debug.u_subsys_debug_unit_0/debug_resp_fifo/rd_gray_ptr_synch[0]:CLK
  To:   MIV_RV32_CFG1_C0_0/MIV_RV32_CFG1_C0_0/u_ipcore_0/gen_subsys_debug.u_subsys_debug_unit_0/debug_resp_fifo/rd_gray_ptr_in_write[0]:D
  Delay (ns):              0.163
  Slack (ns):              0.090
  Arrival (ns):            2.117
  Required (ns):           2.027
  Operating Conditions: fast_hv_lt

Path 22
  From: CORERESET_PF_C0_0/CORERESET_PF_C0_0/dff_8[0]:CLK
  To:   CORERESET_PF_C0_0/CORERESET_PF_C0_0/dff_9[0]:D
  Delay (ns):              0.164
  Slack (ns):              0.090
  Arrival (ns):            2.123
  Required (ns):           2.033
  Operating Conditions: fast_hv_lt

Path 23
  From: MIV_ESS_C0_0/CoreUARTapb_0/uUART/make_RX/samples_1[0]:CLK
  To:   MIV_ESS_C0_0/CoreUARTapb_0/uUART/make_RX/samples_0[0]:D
  Delay (ns):              0.165
  Slack (ns):              0.091
  Arrival (ns):            2.131
  Required (ns):           2.040
  Operating Conditions: fast_hv_lt

Path 24
  From: MIV_RV32_CFG1_C0_0/MIV_RV32_CFG1_C0_0/u_ipcore_0/gen_subsys_debug.u_subsys_debug_unit_0/debug_resp_fifo/genblk1.rst_synch_reg[1]:CLK
  To:   MIV_RV32_CFG1_C0_0/MIV_RV32_CFG1_C0_0/u_ipcore_0/gen_subsys_debug.u_subsys_debug_unit_0/debug_resp_fifo/genblk1.rst_synch_reg[0]:D
  Delay (ns):              0.301
  Slack (ns):              0.106
  Arrival (ns):            5.521
  Required (ns):           5.415
  Operating Conditions: slow_lv_lt

Path 25
  From: MIV_RV32_CFG1_C0_0/MIV_RV32_CFG1_C0_0/u_ipcore_0/gen_subsys_debug.u_subsys_debug_unit_0/miv_rv32_debug_du_0/data_0_reg[3]:CLK
  To:   MIV_RV32_CFG1_C0_0/MIV_RV32_CFG1_C0_0/u_ipcore_0/gen_subsys_debug.u_subsys_debug_unit_0/miv_rv32_debug_du_0/debug_op_wr_data[3]:D
  Delay (ns):              0.195
  Slack (ns):              0.108
  Arrival (ns):            2.144
  Required (ns):           2.036
  Operating Conditions: fast_hv_lt

Path 26
  From: MIV_RV32_CFG1_C0_0/MIV_RV32_CFG1_C0_0/u_ipcore_0/u_hart_0/u_expipe_0/de_ex_pipe_m_env_call_ex:CLK
  To:   MIV_RV32_CFG1_C0_0/MIV_RV32_CFG1_C0_0/u_ipcore_0/u_hart_0/u_expipe_0/ex_retr_pipe_m_env_call_retr:D
  Delay (ns):              0.208
  Slack (ns):              0.116
  Arrival (ns):            2.161
  Required (ns):           2.045
  Operating Conditions: fast_hv_lt

Path 27
  From: MIV_RV32_CFG1_C0_0/MIV_RV32_CFG1_C0_0/u_ipcore_0/gen_subsys_debug.u_subsys_debug_unit_0/miv_rv32_debug_du_0/cmderr_ff[2]:CLK
  To:   MIV_RV32_CFG1_C0_0/MIV_RV32_CFG1_C0_0/u_ipcore_0/gen_subsys_debug.u_subsys_debug_unit_0/miv_rv32_debug_du_0/abstractcs_cmderr[2]:D
  Delay (ns):              0.193
  Slack (ns):              0.120
  Arrival (ns):            2.138
  Required (ns):           2.018
  Operating Conditions: fast_hv_lt

Path 28
  From: CORERESET_PF_C0_0/CORERESET_PF_C0_0/dff_13[0]:CLK
  To:   CORERESET_PF_C0_0/CORERESET_PF_C0_0/dff_14[0]:D
  Delay (ns):              0.195
  Slack (ns):              0.121
  Arrival (ns):            2.154
  Required (ns):           2.033
  Operating Conditions: fast_hv_lt

Path 29
  From: MIV_ESS_C0_0/CoreGPIO_0/xhdl1.GEN_BITS[5].gpin1[5]:CLK
  To:   MIV_ESS_C0_0/CoreGPIO_0/xhdl1.GEN_BITS[5].gpin2[5]:D
  Delay (ns):              0.196
  Slack (ns):              0.122
  Arrival (ns):            2.169
  Required (ns):           2.047
  Operating Conditions: fast_hv_lt

Path 30
  From: CORERESET_PF_C0_0/CORERESET_PF_C0_0/dff_4[0]:CLK
  To:   CORERESET_PF_C0_0/CORERESET_PF_C0_0/dff_5[0]:D
  Delay (ns):              0.196
  Slack (ns):              0.122
  Arrival (ns):            2.155
  Required (ns):           2.033
  Operating Conditions: fast_hv_lt

Path 31
  From: CORERESET_PF_C0_0/CORERESET_PF_C0_0/dff_2[0]:CLK
  To:   CORERESET_PF_C0_0/CORERESET_PF_C0_0/dff_3[0]:D
  Delay (ns):              0.196
  Slack (ns):              0.122
  Arrival (ns):            2.167
  Required (ns):           2.045
  Operating Conditions: fast_hv_lt

Path 32
  From: MIV_RV32_CFG1_C0_0/MIV_RV32_CFG1_C0_0/u_ipcore_0/gen_subsys_debug.u_subsys_debug_unit_0/miv_rv32_debug_du_0/cmderr_ff[0]:CLK
  To:   MIV_RV32_CFG1_C0_0/MIV_RV32_CFG1_C0_0/u_ipcore_0/gen_subsys_debug.u_subsys_debug_unit_0/miv_rv32_debug_du_0/abstractcs_cmderr[0]:D
  Delay (ns):              0.197
  Slack (ns):              0.123
  Arrival (ns):            2.142
  Required (ns):           2.019
  Operating Conditions: fast_hv_lt

Path 33
  From: MIV_ESS_C0_0/CoreGPIO_0/xhdl1.GEN_BITS_0[0]:CLK
  To:   MIV_ESS_C0_0/CoreGPIO_0/xhdl1.GEN_BITS_1[0]:D
  Delay (ns):              0.197
  Slack (ns):              0.123
  Arrival (ns):            2.167
  Required (ns):           2.044
  Operating Conditions: fast_hv_lt

Path 34
  From: MIV_RV32_CFG1_C0_0/MIV_RV32_CFG1_C0_0/u_ipcore_0/gen_subsys_debug.u_subsys_debug_unit_0/debug_req_fifo/rd_gray_ptr_synch[0]:CLK
  To:   MIV_RV32_CFG1_C0_0/MIV_RV32_CFG1_C0_0/u_ipcore_0/gen_subsys_debug.u_subsys_debug_unit_0/debug_req_fifo/rd_gray_ptr_in_write[0]:D
  Delay (ns):              0.201
  Slack (ns):              0.124
  Arrival (ns):            3.711
  Required (ns):           3.587
  Operating Conditions: fast_hv_lt

Path 35
  From: MIV_RV32_CFG1_C0_0/MIV_RV32_CFG1_C0_0/u_ipcore_0/gen_subsys_debug.u_subsys_debug_unit_0/MIV_subsys_debug_transport_module_jtag_0/gen_shift_register_active_high.gen_shift_register_active_low.shiftDMI[36]:CLK
  To:   MIV_RV32_CFG1_C0_0/MIV_RV32_CFG1_C0_0/u_ipcore_0/gen_subsys_debug.u_subsys_debug_unit_0/MIV_subsys_debug_transport_module_jtag_0/gen_shift_register_active_high.gen_shift_register_active_low.shiftDMI[35]:D
  Delay (ns):              0.200
  Slack (ns):              0.125
  Arrival (ns):            3.507
  Required (ns):           3.382
  Operating Conditions: fast_hv_lt

Path 36
  From: MIV_RV32_CFG1_C0_0/MIV_RV32_CFG1_C0_0/u_ipcore_0/gen_subsys_debug.u_subsys_debug_unit_0/MIV_subsys_debug_transport_module_jtag_0/gen_shift_register_active_high.gen_shift_register_active_low.shiftDMI[13]:CLK
  To:   MIV_RV32_CFG1_C0_0/MIV_RV32_CFG1_C0_0/u_ipcore_0/gen_subsys_debug.u_subsys_debug_unit_0/MIV_subsys_debug_transport_module_jtag_0/gen_shift_register_active_high.gen_shift_register_active_low.shiftDMI[12]:D
  Delay (ns):              0.202
  Slack (ns):              0.126
  Arrival (ns):            3.508
  Required (ns):           3.382
  Operating Conditions: fast_hv_lt

Path 37
  From: CoreTimer_C0_0/CoreTimer_C0_0/CountIsZeroReg:CLK
  To:   CoreTimer_C0_0/CoreTimer_C0_0/RawTimInt:D
  Delay (ns):              0.199
  Slack (ns):              0.126
  Arrival (ns):            2.158
  Required (ns):           2.032
  Operating Conditions: fast_hv_lt

Path 38
  From: MIV_RV32_CFG1_C0_0/MIV_RV32_CFG1_C0_0/u_ipcore_0/gen_subsys_debug.u_subsys_debug_unit_0/MIV_subsys_debug_transport_module_jtag_0/gen_shift_register_active_high.gen_shift_register_active_low.shiftDMI[34]:CLK
  To:   MIV_RV32_CFG1_C0_0/MIV_RV32_CFG1_C0_0/u_ipcore_0/gen_subsys_debug.u_subsys_debug_unit_0/MIV_subsys_debug_transport_module_jtag_0/gen_shift_register_active_high.gen_shift_register_active_low.shiftDMI[33]:D
  Delay (ns):              0.202
  Slack (ns):              0.127
  Arrival (ns):            3.509
  Required (ns):           3.382
  Operating Conditions: fast_hv_lt

Path 39
  From: MIV_ESS_C0_0/CoreUARTapb_0/uUART/make_RX/samples_2[0]:CLK
  To:   MIV_ESS_C0_0/CoreUARTapb_0/uUART/make_RX/samples_1[0]:D
  Delay (ns):              0.201
  Slack (ns):              0.127
  Arrival (ns):            2.167
  Required (ns):           2.040
  Operating Conditions: fast_hv_lt

Path 40
  From: CoreTimer_C1_0/CoreTimer_C1_0/Load[7]:CLK
  To:   CoreTimer_C1_0/CoreTimer_C1_0/iPRDATA[7]:D
  Delay (ns):              0.204
  Slack (ns):              0.127
  Arrival (ns):            2.179
  Required (ns):           2.052
  Operating Conditions: fast_hv_lt

Path 41
  From: MIV_RV32_CFG1_C0_0/MIV_RV32_CFG1_C0_0/u_ipcore_0/u_subsys_interconnect_0/u_i_trx_os_buffer/gen_buff_loop[1].buff_valid[1]:CLK
  To:   MIV_RV32_CFG1_C0_0/MIV_RV32_CFG1_C0_0/u_ipcore_0/u_subsys_interconnect_0/u_i_trx_os_buffer/buff_rd_ptr[0]:D
  Delay (ns):              0.202
  Slack (ns):              0.128
  Arrival (ns):            2.155
  Required (ns):           2.027
  Operating Conditions: fast_hv_lt

Path 42
  From: MIV_RV32_CFG1_C0_0/MIV_RV32_CFG1_C0_0/u_ipcore_0/u_hart_0/u_expipe_0/u_exu_0/div_divisor[27]:CLK
  To:   MIV_RV32_CFG1_C0_0/MIV_RV32_CFG1_C0_0/u_ipcore_0/u_hart_0/u_expipe_0/u_exu_0/div_divisor[26]:D
  Delay (ns):              0.205
  Slack (ns):              0.128
  Arrival (ns):            2.167
  Required (ns):           2.039
  Operating Conditions: fast_hv_lt

Path 43
  From: MIV_RV32_CFG1_C0_0/MIV_RV32_CFG1_C0_0/u_ipcore_0/u_hart_0/u_expipe_0/gen_debug_gpr_ctrl_pipeline.ex_retr_pipe_gpr_wr_sel_retr[5]:CLK
  To:   MIV_RV32_CFG1_C0_0/MIV_RV32_CFG1_C0_0/u_ipcore_0/u_hart_0/u_expipe_0/gen_gpr_ram.u_gpr_0/gpr_wr_sel_reg[5]:D
  Delay (ns):              0.202
  Slack (ns):              0.128
  Arrival (ns):            2.148
  Required (ns):           2.020
  Operating Conditions: fast_hv_lt

Path 44
  From: MIV_RV32_CFG1_C0_0/MIV_RV32_CFG1_C0_0/u_ipcore_0/gen_apb.u_apb_initiator_0/gen_apb_byte_shim.apb_st[4]:CLK
  To:   MIV_RV32_CFG1_C0_0/MIV_RV32_CFG1_C0_0/u_ipcore_0/gen_apb.u_apb_initiator_0/gen_apb_byte_shim.apb_st[5]:D
  Delay (ns):              0.201
  Slack (ns):              0.128
  Arrival (ns):            2.146
  Required (ns):           2.018
  Operating Conditions: fast_hv_lt

Path 45
  From: MIV_ESS_C0_0/CoreUARTapb_0/uUART/make_TX/xmit_state[1]:CLK
  To:   MIV_ESS_C0_0/CoreUARTapb_0/uUART/make_TX/xmit_state[2]:D
  Delay (ns):              0.202
  Slack (ns):              0.128
  Arrival (ns):            2.171
  Required (ns):           2.043
  Operating Conditions: fast_hv_lt

Path 46
  From: MIV_ESS_C0_0/CoreUARTapb_0/uUART/make_RX/rx_bit_cnt_Z[2]:CLK
  To:   MIV_ESS_C0_0/CoreUARTapb_0/uUART/make_RX/rx_bit_cnt_Z[3]:D
  Delay (ns):              0.201
  Slack (ns):              0.128
  Arrival (ns):            2.177
  Required (ns):           2.049
  Operating Conditions: fast_hv_lt

Path 47
  From: MIV_ESS_C0_0/CoreGPIO_0/xhdl1.GEN_BITS_1[1]:CLK
  To:   MIV_ESS_C0_0/CoreGPIO_0/xhdl1.GEN_BITS_2[1]:D
  Delay (ns):              0.202
  Slack (ns):              0.128
  Arrival (ns):            2.172
  Required (ns):           2.044
  Operating Conditions: fast_hv_lt

Path 48
  From: MIV_RV32_CFG1_C0_0/MIV_RV32_CFG1_C0_0/u_ipcore_0/u_hart_0/u_expipe_0/u_exu_0/div_divisor[24]:CLK
  To:   MIV_RV32_CFG1_C0_0/MIV_RV32_CFG1_C0_0/u_ipcore_0/u_hart_0/u_expipe_0/u_exu_0/div_divisor[23]:D
  Delay (ns):              0.205
  Slack (ns):              0.129
  Arrival (ns):            2.167
  Required (ns):           2.038
  Operating Conditions: fast_hv_lt

Path 49
  From: MIV_RV32_CFG1_C0_0/MIV_RV32_CFG1_C0_0/u_ipcore_0/u_hart_0/u_expipe_0/u_exu_0/div_divisor[15]:CLK
  To:   MIV_RV32_CFG1_C0_0/MIV_RV32_CFG1_C0_0/u_ipcore_0/u_hart_0/u_expipe_0/u_exu_0/div_divisor[14]:D
  Delay (ns):              0.206
  Slack (ns):              0.129
  Arrival (ns):            2.170
  Required (ns):           2.041
  Operating Conditions: fast_hv_lt

Path 50
  From: MIV_RV32_CFG1_C0_0/MIV_RV32_CFG1_C0_0/u_ipcore_0/u_hart_0/u_expipe_0/gen_pipe_debug_enter_req_ex_retr.ex_retr_pipe_curr_pc_retr[26]:CLK
  To:   MIV_RV32_CFG1_C0_0/MIV_RV32_CFG1_C0_0/u_ipcore_0/u_hart_0/u_expipe_0/u_csr_privarch_0/u_csr_gpr_state_reg_mepc_epc/gen_bit_no_reset.state_val[25]:D
  Delay (ns):              0.203
  Slack (ns):              0.129
  Arrival (ns):            2.153
  Required (ns):           2.024
  Operating Conditions: fast_hv_lt

Path 51
  From: MIV_ESS_C0_0/CoreUARTapb_0/uUART/make_RX/rx_shift[6]:CLK
  To:   MIV_ESS_C0_0/CoreUARTapb_0/uUART/make_RX/rx_shift[5]:D
  Delay (ns):              0.203
  Slack (ns):              0.129
  Arrival (ns):            2.176
  Required (ns):           2.047
  Operating Conditions: fast_hv_lt

Path 52
  From: MIV_RV32_CFG1_C0_0/MIV_RV32_CFG1_C0_0/u_ipcore_0/u_hart_0/u_expipe_0/u_exu_0/div_divisor[8]:CLK
  To:   MIV_RV32_CFG1_C0_0/MIV_RV32_CFG1_C0_0/u_ipcore_0/u_hart_0/u_expipe_0/u_exu_0/div_divisor[7]:D
  Delay (ns):              0.204
  Slack (ns):              0.130
  Arrival (ns):            2.151
  Required (ns):           2.021
  Operating Conditions: fast_hv_lt

Path 53
  From: MIV_RV32_CFG1_C0_0/MIV_RV32_CFG1_C0_0/u_ipcore_0/gen_subsys_debug.u_subsys_debug_unit_0/MIV_subsys_debug_transport_module_jtag_0/gen_shift_register_active_high.gen_shift_register_active_low.shiftDR[8]:CLK
  To:   MIV_RV32_CFG1_C0_0/MIV_RV32_CFG1_C0_0/u_ipcore_0/gen_subsys_debug.u_subsys_debug_unit_0/MIV_subsys_debug_transport_module_jtag_0/gen_shift_register_active_high.gen_shift_register_active_low.shiftDR[7]:D
  Delay (ns):              0.206
  Slack (ns):              0.130
  Arrival (ns):            3.510
  Required (ns):           3.380
  Operating Conditions: fast_hv_lt

Path 54
  From: MIV_RV32_CFG1_C0_0/MIV_RV32_CFG1_C0_0/u_ipcore_0/gen_subsys_debug.u_subsys_debug_unit_0/MIV_subsys_debug_transport_module_jtag_0/gen_shift_register_active_high.gen_shift_register_active_low.shiftDR[23]:CLK
  To:   MIV_RV32_CFG1_C0_0/MIV_RV32_CFG1_C0_0/u_ipcore_0/gen_subsys_debug.u_subsys_debug_unit_0/MIV_subsys_debug_transport_module_jtag_0/gen_shift_register_active_high.gen_shift_register_active_low.shiftDR[22]:D
  Delay (ns):              0.209
  Slack (ns):              0.130
  Arrival (ns):            3.508
  Required (ns):           3.378
  Operating Conditions: fast_hv_lt

Path 55
  From: MIV_ESS_C0_0/CoreUARTapb_0/uUART/make_RX/rx_shift[7]:CLK
  To:   MIV_ESS_C0_0/CoreUARTapb_0/uUART/make_RX/rx_byte[7]:D
  Delay (ns):              0.204
  Slack (ns):              0.130
  Arrival (ns):            2.177
  Required (ns):           2.047
  Operating Conditions: fast_hv_lt

Path 56
  From: MIV_ESS_C0_0/CoreUARTapb_0/uUART/make_RX/rx_shift[3]:CLK
  To:   MIV_ESS_C0_0/CoreUARTapb_0/uUART/make_RX/rx_shift[2]:D
  Delay (ns):              0.204
  Slack (ns):              0.130
  Arrival (ns):            2.177
  Required (ns):           2.047
  Operating Conditions: fast_hv_lt

Path 57
  From: MIV_RV32_CFG1_C0_0/MIV_RV32_CFG1_C0_0/u_ipcore_0/u_hart_0/u_expipe_0/u_exu_0/div_divisor[9]:CLK
  To:   MIV_RV32_CFG1_C0_0/MIV_RV32_CFG1_C0_0/u_ipcore_0/u_hart_0/u_expipe_0/u_exu_0/div_divisor[8]:D
  Delay (ns):              0.205
  Slack (ns):              0.131
  Arrival (ns):            2.152
  Required (ns):           2.021
  Operating Conditions: fast_hv_lt

Path 58
  From: MIV_RV32_CFG1_C0_0/MIV_RV32_CFG1_C0_0/u_ipcore_0/u_hart_0/u_expipe_0/u_exu_0/div_divisor[26]:CLK
  To:   MIV_RV32_CFG1_C0_0/MIV_RV32_CFG1_C0_0/u_ipcore_0/u_hart_0/u_expipe_0/u_exu_0/div_divisor[25]:D
  Delay (ns):              0.208
  Slack (ns):              0.131
  Arrival (ns):            2.170
  Required (ns):           2.039
  Operating Conditions: fast_hv_lt

Path 59
  From: MIV_RV32_CFG1_C0_0/MIV_RV32_CFG1_C0_0/u_ipcore_0/u_hart_0/u_expipe_0/gen_debug_gpr_ctrl_pipeline.ex_retr_pipe_gpr_wr_sel_retr[3]:CLK
  To:   MIV_RV32_CFG1_C0_0/MIV_RV32_CFG1_C0_0/u_ipcore_0/u_hart_0/u_expipe_0/gen_gpr_ram.u_gpr_0/gpr_wr_sel_reg[3]:D
  Delay (ns):              0.216
  Slack (ns):              0.131
  Arrival (ns):            2.164
  Required (ns):           2.033
  Operating Conditions: fast_hv_lt

Path 60
  From: MIV_RV32_CFG1_C0_0/MIV_RV32_CFG1_C0_0/u_ipcore_0/gen_subsys_debug.u_subsys_debug_unit_0/MIV_subsys_debug_transport_module_jtag_0/gen_shift_register_active_high.gen_shift_register_active_low.shiftDR[14]:CLK
  To:   MIV_RV32_CFG1_C0_0/MIV_RV32_CFG1_C0_0/u_ipcore_0/gen_subsys_debug.u_subsys_debug_unit_0/MIV_subsys_debug_transport_module_jtag_0/gen_shift_register_active_high.gen_shift_register_active_low.shiftDR[13]:D
  Delay (ns):              0.206
  Slack (ns):              0.131
  Arrival (ns):            3.510
  Required (ns):           3.379
  Operating Conditions: fast_hv_lt

Path 61
  From: MIV_RV32_CFG1_C0_0/MIV_RV32_CFG1_C0_0/u_ipcore_0/gen_subsys_debug.u_subsys_debug_unit_0/MIV_subsys_debug_transport_module_jtag_0/gen_shift_register_active_high.gen_shift_register_active_low.shiftDMI[37]:CLK
  To:   MIV_RV32_CFG1_C0_0/MIV_RV32_CFG1_C0_0/u_ipcore_0/gen_subsys_debug.u_subsys_debug_unit_0/MIV_subsys_debug_transport_module_jtag_0/gen_shift_register_active_high.gen_shift_register_active_low.shiftDMI[36]:D
  Delay (ns):              0.206
  Slack (ns):              0.131
  Arrival (ns):            3.513
  Required (ns):           3.382
  Operating Conditions: fast_hv_lt

Path 62
  From: MIV_RV32_CFG1_C0_0/MIV_RV32_CFG1_C0_0/u_ipcore_0/u_hart_0/u_expipe_0/u_exu_0/div_divisor[19]:CLK
  To:   MIV_RV32_CFG1_C0_0/MIV_RV32_CFG1_C0_0/u_ipcore_0/u_hart_0/u_expipe_0/u_exu_0/div_divisor[18]:D
  Delay (ns):              0.209
  Slack (ns):              0.132
  Arrival (ns):            2.173
  Required (ns):           2.041
  Operating Conditions: fast_hv_lt

Path 63
  From: MIV_RV32_CFG1_C0_0/MIV_RV32_CFG1_C0_0/u_ipcore_0/u_hart_0/u_expipe_0/u_exu_0/div_divisor[12]:CLK
  To:   MIV_RV32_CFG1_C0_0/MIV_RV32_CFG1_C0_0/u_ipcore_0/u_hart_0/u_expipe_0/u_exu_0/div_divisor[11]:D
  Delay (ns):              0.209
  Slack (ns):              0.132
  Arrival (ns):            2.173
  Required (ns):           2.041
  Operating Conditions: fast_hv_lt

Path 64
  From: MIV_RV32_CFG1_C0_0/MIV_RV32_CFG1_C0_0/u_ipcore_0/gen_subsys_debug.u_subsys_debug_unit_0/MIV_subsys_debug_transport_module_jtag_0/dmi_outputs_and_dtmcs_resets.dtmcs_resets_active_low.dtmcs_dmihardreset:CLK
  To:   MIV_RV32_CFG1_C0_0/MIV_RV32_CFG1_C0_0/u_ipcore_0/gen_subsys_debug.u_subsys_debug_unit_0/MIV_subsys_debug_transport_module_jtag_0/dmi_outputs_and_dtmcs_resets.dtmcs_resets_active_low.dtmcs_dmihardreset:D
  Delay (ns):              0.200
  Slack (ns):              0.132
  Arrival (ns):            3.504
  Required (ns):           3.372
  Operating Conditions: fast_hv_lt

Path 65
  From: MIV_RV32_CFG1_C0_0/MIV_RV32_CFG1_C0_0/u_ipcore_0/gen_subsys_debug.u_subsys_debug_unit_0/miv_rv32_debug_du_0/havereset_skip_pwrup:CLK
  To:   MIV_RV32_CFG1_C0_0/MIV_RV32_CFG1_C0_0/u_ipcore_0/gen_subsys_debug.u_subsys_debug_unit_0/miv_rv32_debug_du_0/havereset_skip_pwrup:D
  Delay (ns):              0.201
  Slack (ns):              0.133
  Arrival (ns):            2.142
  Required (ns):           2.009
  Operating Conditions: fast_hv_lt

Path 66
  From: MIV_RV32_CFG1_C0_0/MIV_RV32_CFG1_C0_0/u_ipcore_0/gen_subsys_debug.u_subsys_debug_unit_0/miv_rv32_debug_du_0/debug_op_wr_data[16]:CLK
  To:   MIV_RV32_CFG1_C0_0/MIV_RV32_CFG1_C0_0/u_ipcore_0/u_hart_0/u_expipe_0/u_exu_0/exu_result_reg_int[16]:D
  Delay (ns):              0.206
  Slack (ns):              0.133
  Arrival (ns):            2.153
  Required (ns):           2.020
  Operating Conditions: fast_hv_lt

Path 67
  From: MIV_RV32_CFG1_C0_0/MIV_RV32_CFG1_C0_0/u_ipcore_0/gen_subsys_debug.u_subsys_debug_unit_0/miv_rv32_debug_du_0/command_reg[7]:CLK
  To:   MIV_RV32_CFG1_C0_0/MIV_RV32_CFG1_C0_0/u_ipcore_0/gen_subsys_debug.u_subsys_debug_unit_0/miv_rv32_debug_du_0/debug_csr_addr[7]:D
  Delay (ns):              0.207
  Slack (ns):              0.133
  Arrival (ns):            2.140
  Required (ns):           2.007
  Operating Conditions: fast_hv_lt

Path 68
  From: MIV_RV32_CFG1_C0_0/MIV_RV32_CFG1_C0_0/u_ipcore_0/gen_subsys_debug.u_subsys_debug_unit_0/miv_rv32_debug_du_0/command_reg[2]:CLK
  To:   MIV_RV32_CFG1_C0_0/MIV_RV32_CFG1_C0_0/u_ipcore_0/gen_subsys_debug.u_subsys_debug_unit_0/miv_rv32_debug_du_0/debug_gpr_addr[2]:D
  Delay (ns):              0.207
  Slack (ns):              0.133
  Arrival (ns):            2.145
  Required (ns):           2.012
  Operating Conditions: fast_hv_lt

Path 69
  From: MIV_RV32_CFG1_C0_0/MIV_RV32_CFG1_C0_0/u_ipcore_0/gen_subsys_debug.u_subsys_debug_unit_0/MIV_subsys_debug_transport_module_jtag_0/gen_shift_register_active_high.gen_shift_register_active_low.shiftDR[6]:CLK
  To:   MIV_RV32_CFG1_C0_0/MIV_RV32_CFG1_C0_0/u_ipcore_0/gen_subsys_debug.u_subsys_debug_unit_0/MIV_subsys_debug_transport_module_jtag_0/gen_shift_register_active_high.gen_shift_register_active_low.shiftDR[5]:D
  Delay (ns):              0.209
  Slack (ns):              0.133
  Arrival (ns):            3.513
  Required (ns):           3.380
  Operating Conditions: fast_hv_lt

Path 70
  From: MIV_RV32_CFG1_C0_0/MIV_RV32_CFG1_C0_0/u_ipcore_0/gen_subsys_debug.u_subsys_debug_unit_0/MIV_subsys_debug_transport_module_jtag_0/gen_shift_register_active_high.gen_shift_register_active_low.shiftDR[22]:CLK
  To:   MIV_RV32_CFG1_C0_0/MIV_RV32_CFG1_C0_0/u_ipcore_0/gen_subsys_debug.u_subsys_debug_unit_0/MIV_subsys_debug_transport_module_jtag_0/gen_shift_register_active_high.gen_shift_register_active_low.shiftDR[21]:D
  Delay (ns):              0.212
  Slack (ns):              0.133
  Arrival (ns):            3.511
  Required (ns):           3.378
  Operating Conditions: fast_hv_lt

Path 71
  From: MIV_RV32_CFG1_C0_0/MIV_RV32_CFG1_C0_0/u_ipcore_0/u_hart_0/u_fetch_unit_0/u_miv_rv32_ifu_iab_0/buff_req_wr_ptr_0[0]:CLK
  To:   MIV_RV32_CFG1_C0_0/MIV_RV32_CFG1_C0_0/u_ipcore_0/u_hart_0/u_fetch_unit_0/u_miv_rv32_ifu_iab_0/buff_req_wr_ptr_0[0]:D
  Delay (ns):              0.202
  Slack (ns):              0.134
  Arrival (ns):            2.144
  Required (ns):           2.010
  Operating Conditions: fast_hv_lt

Path 72
  From: MIV_RV32_CFG1_C0_0/MIV_RV32_CFG1_C0_0/u_ipcore_0/u_hart_0/u_expipe_0/u_exu_0/div_divisor[7]:CLK
  To:   MIV_RV32_CFG1_C0_0/MIV_RV32_CFG1_C0_0/u_ipcore_0/u_hart_0/u_expipe_0/u_exu_0/div_divisor[6]:D
  Delay (ns):              0.208
  Slack (ns):              0.134
  Arrival (ns):            2.155
  Required (ns):           2.021
  Operating Conditions: fast_hv_lt

Path 73
  From: MIV_RV32_CFG1_C0_0/MIV_RV32_CFG1_C0_0/u_ipcore_0/u_hart_0/u_expipe_0/u_exu_0/div_divisor[22]:CLK
  To:   MIV_RV32_CFG1_C0_0/MIV_RV32_CFG1_C0_0/u_ipcore_0/u_hart_0/u_expipe_0/u_exu_0/div_divisor[21]:D
  Delay (ns):              0.211
  Slack (ns):              0.134
  Arrival (ns):            2.175
  Required (ns):           2.041
  Operating Conditions: fast_hv_lt

Path 74
  From: MIV_RV32_CFG1_C0_0/MIV_RV32_CFG1_C0_0/u_ipcore_0/u_hart_0/u_expipe_0/u_exu_0/div_divisor[13]:CLK
  To:   MIV_RV32_CFG1_C0_0/MIV_RV32_CFG1_C0_0/u_ipcore_0/u_hart_0/u_expipe_0/u_exu_0/div_divisor[12]:D
  Delay (ns):              0.211
  Slack (ns):              0.134
  Arrival (ns):            2.175
  Required (ns):           2.041
  Operating Conditions: fast_hv_lt

Path 75
  From: MIV_RV32_CFG1_C0_0/MIV_RV32_CFG1_C0_0/u_ipcore_0/gen_subsys_debug.u_subsys_debug_unit_0/miv_rv32_debug_du_0/command_reg[10]:CLK
  To:   MIV_RV32_CFG1_C0_0/MIV_RV32_CFG1_C0_0/u_ipcore_0/gen_subsys_debug.u_subsys_debug_unit_0/miv_rv32_debug_du_0/debug_csr_addr[10]:D
  Delay (ns):              0.208
  Slack (ns):              0.134
  Arrival (ns):            2.146
  Required (ns):           2.012
  Operating Conditions: fast_hv_lt

Path 76
  From: MIV_RV32_CFG1_C0_0/MIV_RV32_CFG1_C0_0/u_ipcore_0/gen_subsys_debug.u_subsys_debug_unit_0/MIV_subsys_debug_transport_module_jtag_0/gen_shift_register_active_high.gen_shift_register_active_low.shiftDMI[40]:CLK
  To:   MIV_RV32_CFG1_C0_0/MIV_RV32_CFG1_C0_0/u_ipcore_0/gen_subsys_debug.u_subsys_debug_unit_0/MIV_subsys_debug_transport_module_jtag_0/gen_shift_register_active_high.gen_shift_register_active_low.shiftDMI[39]:D
  Delay (ns):              0.209
  Slack (ns):              0.134
  Arrival (ns):            3.516
  Required (ns):           3.382
  Operating Conditions: fast_hv_lt

Path 77
  From: MIV_RV32_CFG1_C0_0/MIV_RV32_CFG1_C0_0/u_ipcore_0/u_hart_0/u_expipe_0/u_exu_0/div_divisor[20]:CLK
  To:   MIV_RV32_CFG1_C0_0/MIV_RV32_CFG1_C0_0/u_ipcore_0/u_hart_0/u_expipe_0/u_exu_0/div_divisor[19]:D
  Delay (ns):              0.213
  Slack (ns):              0.136
  Arrival (ns):            2.177
  Required (ns):           2.041
  Operating Conditions: fast_hv_lt

Path 78
  From: MIV_RV32_CFG1_C0_0/MIV_RV32_CFG1_C0_0/u_ipcore_0/gen_subsys_debug.u_subsys_debug_unit_0/miv_rv32_debug_du_0/dmcontrol_dmactive:CLK
  To:   MIV_RV32_CFG1_C0_0/MIV_RV32_CFG1_C0_0/u_ipcore_0/gen_subsys_debug.u_subsys_debug_unit_0/miv_rv32_debug_du_0/command_reg_state[3]:SLn
  Delay (ns):              0.263
  Slack (ns):              0.136
  Arrival (ns):            2.211
  Required (ns):           2.075
  Operating Conditions: fast_hv_lt

Path 79
  From: MIV_RV32_CFG1_C0_0/MIV_RV32_CFG1_C0_0/u_ipcore_0/gen_subsys_debug.u_subsys_debug_unit_0/miv_rv32_debug_du_0/dmcontrol_dmactive:CLK
  To:   MIV_RV32_CFG1_C0_0/MIV_RV32_CFG1_C0_0/u_ipcore_0/gen_subsys_debug.u_subsys_debug_unit_0/miv_rv32_debug_du_0/command_reg_state[0]:SLn
  Delay (ns):              0.263
  Slack (ns):              0.136
  Arrival (ns):            2.211
  Required (ns):           2.075
  Operating Conditions: fast_hv_lt

Path 80
  From: MIV_ESS_C0_0/CoreUARTapb_0/uUART/make_TX/xmit_state[3]:CLK
  To:   MIV_ESS_C0_0/CoreUARTapb_0/uUART/make_TX/tx:D
  Delay (ns):              0.209
  Slack (ns):              0.136
  Arrival (ns):            2.173
  Required (ns):           2.037
  Operating Conditions: fast_hv_lt

Path 81
  From: MIV_RV32_CFG1_C0_0/MIV_RV32_CFG1_C0_0/u_ipcore_0/gen_subsys_debug.u_subsys_debug_unit_0/miv_rv32_debug_du_0/dmcontrol_dmactive:CLK
  To:   MIV_RV32_CFG1_C0_0/MIV_RV32_CFG1_C0_0/u_ipcore_0/gen_subsys_debug.u_subsys_debug_unit_0/miv_rv32_debug_du_0/command_reg_state[4]:SLn
  Delay (ns):              0.264
  Slack (ns):              0.137
  Arrival (ns):            2.212
  Required (ns):           2.075
  Operating Conditions: fast_hv_lt

Path 82
  From: MIV_RV32_CFG1_C0_0/MIV_RV32_CFG1_C0_0/u_ipcore_0/gen_subsys_debug.u_subsys_debug_unit_0/miv_rv32_debug_du_0/dmcontrol_dmactive:CLK
  To:   MIV_RV32_CFG1_C0_0/MIV_RV32_CFG1_C0_0/u_ipcore_0/gen_subsys_debug.u_subsys_debug_unit_0/miv_rv32_debug_du_0/command_reg_state[2]:SLn
  Delay (ns):              0.264
  Slack (ns):              0.137
  Arrival (ns):            2.212
  Required (ns):           2.075
  Operating Conditions: fast_hv_lt

Path 83
  From: MIV_ESS_C0_0/CoreGPIO_0/xhdl1.GEN_BITS[5].APB_32.edge_pos[5]:CLK
  To:   MIV_ESS_C0_0/CoreGPIO_0/xhdl1.GEN_BITS[5].APB_32.INTR_reg[5]:D
  Delay (ns):              0.211
  Slack (ns):              0.137
  Arrival (ns):            2.184
  Required (ns):           2.047
  Operating Conditions: fast_hv_lt

Path 84
  From: MIV_RV32_CFG1_C0_0/MIV_RV32_CFG1_C0_0/u_ipcore_0/u_hart_0/u_expipe_0/u_exu_0/div_divisor[56]:CLK
  To:   MIV_RV32_CFG1_C0_0/MIV_RV32_CFG1_C0_0/u_ipcore_0/u_hart_0/u_expipe_0/u_exu_0/div_divisor[55]:D
  Delay (ns):              0.211
  Slack (ns):              0.138
  Arrival (ns):            2.169
  Required (ns):           2.031
  Operating Conditions: fast_hv_lt

Path 85
  From: MIV_RV32_CFG1_C0_0/MIV_RV32_CFG1_C0_0/u_ipcore_0/gen_subsys_debug.u_subsys_debug_unit_0/miv_rv32_debug_du_0/dmcontrol_dmactive:CLK
  To:   MIV_RV32_CFG1_C0_0/MIV_RV32_CFG1_C0_0/u_ipcore_0/gen_subsys_debug.u_subsys_debug_unit_0/miv_rv32_debug_du_0/command_reg_state[5]:SLn
  Delay (ns):              0.264
  Slack (ns):              0.138
  Arrival (ns):            2.212
  Required (ns):           2.074
  Operating Conditions: fast_hv_lt

Path 86
  From: MIV_RV32_CFG1_C0_0/MIV_RV32_CFG1_C0_0/u_ipcore_0/gen_subsys_debug.u_subsys_debug_unit_0/miv_rv32_debug_du_0/command_reg[5]:CLK
  To:   MIV_RV32_CFG1_C0_0/MIV_RV32_CFG1_C0_0/u_ipcore_0/gen_subsys_debug.u_subsys_debug_unit_0/miv_rv32_debug_du_0/debug_gpr_addr[5]:D
  Delay (ns):              0.212
  Slack (ns):              0.138
  Arrival (ns):            2.150
  Required (ns):           2.012
  Operating Conditions: fast_hv_lt

Path 87
  From: MIV_RV32_CFG1_C0_0/MIV_RV32_CFG1_C0_0/u_ipcore_0/gen_subsys_debug.u_subsys_debug_unit_0/miv_rv32_debug_du_0/command_reg[4]:CLK
  To:   MIV_RV32_CFG1_C0_0/MIV_RV32_CFG1_C0_0/u_ipcore_0/gen_subsys_debug.u_subsys_debug_unit_0/miv_rv32_debug_du_0/debug_csr_addr[4]:D
  Delay (ns):              0.212
  Slack (ns):              0.138
  Arrival (ns):            2.150
  Required (ns):           2.012
  Operating Conditions: fast_hv_lt

Path 88
  From: MIV_ESS_C0_0/CoreUARTapb_0/uUART/make_RX/receive_count[1]:CLK
  To:   MIV_ESS_C0_0/CoreUARTapb_0/uUART/make_RX/receive_count[2]:D
  Delay (ns):              0.212
  Slack (ns):              0.138
  Arrival (ns):            2.178
  Required (ns):           2.040
  Operating Conditions: fast_hv_lt

Path 89
  From: MIV_ESS_C0_0/CoreGPIO_0/xhdl1.GEN_BITS[5].gpin2[5]:CLK
  To:   MIV_ESS_C0_0/CoreGPIO_0/xhdl1.GEN_BITS[5].gpin3[5]:D
  Delay (ns):              0.212
  Slack (ns):              0.138
  Arrival (ns):            2.185
  Required (ns):           2.047
  Operating Conditions: fast_hv_lt

Path 90
  From: MIV_RV32_CFG1_C0_0/MIV_RV32_CFG1_C0_0/u_ipcore_0/u_hart_0/u_expipe_0/u_exu_0/div_divisor[55]:CLK
  To:   MIV_RV32_CFG1_C0_0/MIV_RV32_CFG1_C0_0/u_ipcore_0/u_hart_0/u_expipe_0/u_exu_0/div_divisor[54]:D
  Delay (ns):              0.212
  Slack (ns):              0.139
  Arrival (ns):            2.170
  Required (ns):           2.031
  Operating Conditions: fast_hv_lt

Path 91
  From: MIV_RV32_CFG1_C0_0/MIV_RV32_CFG1_C0_0/u_ipcore_0/u_hart_0/u_expipe_0/u_exu_0/div_divisor[25]:CLK
  To:   MIV_RV32_CFG1_C0_0/MIV_RV32_CFG1_C0_0/u_ipcore_0/u_hart_0/u_expipe_0/u_exu_0/div_divisor[24]:D
  Delay (ns):              0.216
  Slack (ns):              0.139
  Arrival (ns):            2.178
  Required (ns):           2.039
  Operating Conditions: fast_hv_lt

Path 92
  From: MIV_RV32_CFG1_C0_0/MIV_RV32_CFG1_C0_0/u_ipcore_0/gen_subsys_debug.u_subsys_debug_unit_0/miv_rv32_debug_du_0/dmcontrol_dmactive:CLK
  To:   MIV_RV32_CFG1_C0_0/MIV_RV32_CFG1_C0_0/u_ipcore_0/gen_subsys_debug.u_subsys_debug_unit_0/miv_rv32_debug_du_0/command_reg_state[1]:SLn
  Delay (ns):              0.265
  Slack (ns):              0.139
  Arrival (ns):            2.213
  Required (ns):           2.074
  Operating Conditions: fast_hv_lt

Path 93
  From: MIV_RV32_CFG1_C0_0/MIV_RV32_CFG1_C0_0/u_ipcore_0/gen_apb.u_apb_initiator_0/gen_apb_byte_shim.apb_st[3]:CLK
  To:   MIV_RV32_CFG1_C0_0/MIV_RV32_CFG1_C0_0/u_ipcore_0/gen_apb.u_apb_initiator_0/gen_apb_byte_shim.penable:D
  Delay (ns):              0.213
  Slack (ns):              0.139
  Arrival (ns):            2.158
  Required (ns):           2.019
  Operating Conditions: fast_hv_lt

Path 94
  From: MIV_ESS_C0_0/CoreUARTapb_0/controlReg2_Z[7]:CLK
  To:   MIV_ESS_C0_0/CoreUARTapb_0/iPRDATA[7]:D
  Delay (ns):              0.213
  Slack (ns):              0.139
  Arrival (ns):            2.187
  Required (ns):           2.048
  Operating Conditions: fast_hv_lt

Path 95
  From: CoreTimer_C0_0/CoreTimer_C0_0/Load[4]:CLK
  To:   CoreTimer_C0_0/CoreTimer_C0_0/iPRDATA[4]:D
  Delay (ns):              0.213
  Slack (ns):              0.139
  Arrival (ns):            2.170
  Required (ns):           2.031
  Operating Conditions: fast_hv_lt

Path 96
  From: MIV_RV32_CFG1_C0_0/MIV_RV32_CFG1_C0_0/u_ipcore_0/gen_subsys_debug.u_subsys_debug_unit_0/miv_rv32_debug_du_0/debug_op_wr_data[0]:CLK
  To:   MIV_RV32_CFG1_C0_0/MIV_RV32_CFG1_C0_0/u_ipcore_0/u_hart_0/u_expipe_0/u_exu_0/exu_result_reg_int[0]:D
  Delay (ns):              0.214
  Slack (ns):              0.140
  Arrival (ns):            2.160
  Required (ns):           2.020
  Operating Conditions: fast_hv_lt

Path 97
  From: MIV_RV32_CFG1_C0_0/MIV_RV32_CFG1_C0_0/u_ipcore_0/gen_subsys_debug.u_subsys_debug_unit_0/miv_rv32_debug_du_0/debug_halt_req:CLK
  To:   MIV_RV32_CFG1_C0_0/MIV_RV32_CFG1_C0_0/u_ipcore_0/gen_subsys_debug.u_subsys_debug_unit_0/miv_rv32_debug_du_0/debug_state[2]:D
  Delay (ns):              0.213
  Slack (ns):              0.140
  Arrival (ns):            2.183
  Required (ns):           2.043
  Operating Conditions: fast_hv_lt

Path 98
  From: MIV_RV32_CFG1_C0_0/MIV_RV32_CFG1_C0_0/u_ipcore_0/gen_subsys_debug.u_subsys_debug_unit_0/MIV_subsys_debug_transport_module_jtag_0/gen_shift_register_active_high.gen_shift_register_active_low.shiftDR[10]:CLK
  To:   MIV_RV32_CFG1_C0_0/MIV_RV32_CFG1_C0_0/u_ipcore_0/gen_subsys_debug.u_subsys_debug_unit_0/MIV_subsys_debug_transport_module_jtag_0/gen_shift_register_active_high.gen_shift_register_active_low.shiftDR[9]:D
  Delay (ns):              0.216
  Slack (ns):              0.140
  Arrival (ns):            3.520
  Required (ns):           3.380
  Operating Conditions: fast_hv_lt

Path 99
  From: MIV_RV32_CFG1_C0_0/MIV_RV32_CFG1_C0_0/u_ipcore_0/gen_apb.u_apb_initiator_0/gen_apb_byte_shim.apb_st[4]:CLK
  To:   MIV_RV32_CFG1_C0_0/MIV_RV32_CFG1_C0_0/u_ipcore_0/gen_apb.u_apb_initiator_0/gen_apb_byte_shim.apb_st[4]:D
  Delay (ns):              0.208
  Slack (ns):              0.140
  Arrival (ns):            2.153
  Required (ns):           2.013
  Operating Conditions: fast_hv_lt

Path 100
  From: MIV_ESS_C0_0/CoreUARTapb_0/uUART/make_RX/rx_bit_cnt_Z[2]:CLK
  To:   MIV_ESS_C0_0/CoreUARTapb_0/uUART/make_RX/rx_bit_cnt_Z[2]:D
  Delay (ns):              0.208
  Slack (ns):              0.140
  Arrival (ns):            2.184
  Required (ns):           2.044
  Operating Conditions: fast_hv_lt

