Timing Report Max Delay Analysis

SmartTime Version 2025.2
Microchip Technology Inc. - Microchip Libero Software Release 2025.2 (Version 2025.2.0.14)
Date: Thu Jan 15 17:27:39 2026


Design: BaseDesign
Family: PolarFireSoC
Die: MPFS095T
Package: FCSG325
Temperature Range: 0 - 100 C
Voltage Range: 0.97 - 1.03 V
Speed Grade: -1
Design State: Post-Layout
Data source: Production
Multi Corner Report Operating Conditions: slow_lv_lt,fast_hv_lt,slow_lv_ht


-----------------------------------------------------
SUMMARY

Clock Domain:               PF_CCC_C0_0/PF_CCC_C0_0/pll_inst_0/OUT0
Required Period (ns):       20.000
Required Frequency (MHz):   50.000
Worst Slack (ns):           8.154
Operating Conditions:       slow_lv_ht

Clock Domain:               REF_CLK
Required Period (ns):       20.000
Required Frequency (MHz):   50.000
Worst Slack (ns):           
Operating Conditions:       

Clock Domain:               TCK
Required Period (ns):       166.670
Required Frequency (MHz):   6.000
Worst Slack (ns):           69.138
Operating Conditions:       slow_lv_ht

                            Input to Output
Max Delay (ns):             N/A

END SUMMARY
-----------------------------------------------------

Clock Domain PF_CCC_C0_0/PF_CCC_C0_0/pll_inst_0/OUT0

SET Register to Register

Path 1
  From: MIV_RV32_CFG1_C0_0/MIV_RV32_CFG1_C0_0/u_ipcore_0/u_hart_0/u_expipe_0/u_exu_0/fast_mul.miv_rv32_mul_0/WideMult_0_0/MACC_PHYS_INST/INST_MACC_IP:CLK
  To:   MIV_RV32_CFG1_C0_0/MIV_RV32_CFG1_C0_0/u_ipcore_0/u_hart_0/u_expipe_0/gen_gpr_ex_attbs_rd_ex.de_ex_pipe_gpr_rs1_rd_valid_ex:SLn
  Delay (ns):             11.431
  Slack (ns):              8.154
  Arrival (ns):           14.909
  Required (ns):          23.063
  Setup (ns):              0.059
  Minimum Period (ns):    11.711
  Operating Conditions: slow_lv_ht

Path 2
  From: MIV_RV32_CFG1_C0_0/MIV_RV32_CFG1_C0_0/u_ipcore_0/u_hart_0/u_expipe_0/u_exu_0/fast_mul.miv_rv32_mul_0/WideMult_1_0/MACC_PHYS_INST/INST_MACC_IP:CLK
  To:   MIV_RV32_CFG1_C0_0/MIV_RV32_CFG1_C0_0/u_ipcore_0/u_hart_0/u_expipe_0/gen_gpr_ex_attbs_rd_ex.de_ex_pipe_gpr_rs1_rd_valid_ex:SLn
  Delay (ns):             11.380
  Slack (ns):              8.214
  Arrival (ns):           14.849
  Required (ns):          23.063
  Setup (ns):              0.059
  Minimum Period (ns):    11.651
  Operating Conditions: slow_lv_ht

Path 3
  From: MIV_RV32_CFG1_C0_0/MIV_RV32_CFG1_C0_0/u_ipcore_0/u_hart_0/u_expipe_0/u_exu_0/fast_mul.miv_rv32_mul_0/WideMult_0_0/MACC_PHYS_INST/INST_MACC_IP:CLK
  To:   MIV_RV32_CFG1_C0_0/MIV_RV32_CFG1_C0_0/u_ipcore_0/u_hart_0/u_expipe_0/de_ex_pipe_curr_instr_enc_ex[28]:SLn
  Delay (ns):             11.184
  Slack (ns):              8.434
  Arrival (ns):           14.662
  Required (ns):          23.096
  Setup (ns):              0.049
  Minimum Period (ns):    11.431
  Operating Conditions: slow_lv_ht

Path 4
  From: MIV_RV32_CFG1_C0_0/MIV_RV32_CFG1_C0_0/u_ipcore_0/u_hart_0/u_expipe_0/u_exu_0/fast_mul.miv_rv32_mul_0/WideMult_0_0/MACC_PHYS_INST/INST_MACC_IP:CLK
  To:   MIV_RV32_CFG1_C0_0/MIV_RV32_CFG1_C0_0/u_ipcore_0/u_hart_0/u_expipe_0/de_ex_pipe_curr_instr_enc_ex[12]:EN
  Delay (ns):             11.081
  Slack (ns):              8.457
  Arrival (ns):           14.559
  Required (ns):          23.016
  Setup (ns):              0.128
  Minimum Period (ns):    11.408
  Operating Conditions: slow_lv_ht

Path 5
  From: MIV_RV32_CFG1_C0_0/MIV_RV32_CFG1_C0_0/u_ipcore_0/u_hart_0/u_expipe_0/u_exu_0/fast_mul.miv_rv32_mul_0/WideMult_0_0/MACC_PHYS_INST/INST_MACC_IP:CLK
  To:   MIV_RV32_CFG1_C0_0/MIV_RV32_CFG1_C0_0/u_ipcore_0/u_hart_0/u_expipe_0/de_ex_pipe_curr_instr_enc_ex[16]:EN
  Delay (ns):             11.080
  Slack (ns):              8.458
  Arrival (ns):           14.558
  Required (ns):          23.016
  Setup (ns):              0.128
  Minimum Period (ns):    11.407
  Operating Conditions: slow_lv_ht


Expanded Path 1
  From: MIV_RV32_CFG1_C0_0/MIV_RV32_CFG1_C0_0/u_ipcore_0/u_hart_0/u_expipe_0/u_exu_0/fast_mul.miv_rv32_mul_0/WideMult_0_0/MACC_PHYS_INST/INST_MACC_IP:CLK
  To: MIV_RV32_CFG1_C0_0/MIV_RV32_CFG1_C0_0/u_ipcore_0/u_hart_0/u_expipe_0/gen_gpr_ex_attbs_rd_ex.de_ex_pipe_gpr_rs1_rd_valid_ex:SLn
  data required time                                 23.063
  data arrival time                          -       14.909
  slack                                               8.154
  ________________________________________________________
  Data arrival time calculation
  0.000                        PF_CCC_C0_0/PF_CCC_C0_0/pll_inst_0/OUT0
               +     0.000          Clock source
  0.000                        PF_CCC_C0_0/PF_CCC_C0_0/pll_inst_0:OUT0 (r)
               +     1.336          Clock generation
  1.336                        
               +     0.197          net: PF_CCC_C0_0/PF_CCC_C0_0/pll_inst_0_clkint_0
  1.533                        PF_CCC_C0_0/PF_CCC_C0_0/clkint_0_1:A (r)
               +     0.141          cell: ADLIB:ICB_CLKINT
  1.674                        PF_CCC_C0_0/PF_CCC_C0_0/clkint_0_1:Y (r)
               +     0.602          net: PF_CCC_C0_0/PF_CCC_C0_0/clkint_0_NET
  2.276                        PF_CCC_C0_0/PF_CCC_C0_0/clkint_0:A (r)
               +     0.170          cell: ADLIB:GB
  2.446                        PF_CCC_C0_0/PF_CCC_C0_0/clkint_0:Y (r)
               +     0.403          net: PF_CCC_C0_0/PF_CCC_C0_0/clkint_0/U0_Y
  2.849                        PF_CCC_C0_0/PF_CCC_C0_0/clkint_0/U0_RGB1_RGB5:A (r)
               +     0.058          cell: ADLIB:RGB
  2.907                        PF_CCC_C0_0/PF_CCC_C0_0/clkint_0/U0_RGB1_RGB5:Y (f)
               +     0.571          net: PF_CCC_C0_0/PF_CCC_C0_0/clkint_0/U0_RGB1_RGB5_rgb_net_1
  3.478                        MIV_RV32_CFG1_C0_0/MIV_RV32_CFG1_C0_0/u_ipcore_0/u_hart_0/u_expipe_0/u_exu_0/fast_mul.miv_rv32_mul_0/WideMult_0_0/MACC_PHYS_INST/INST_MACC_IP:CLK (r)
               +     0.393          cell: ADLIB:MACC_IP
  3.871                        MIV_RV32_CFG1_C0_0/MIV_RV32_CFG1_C0_0/u_ipcore_0/u_hart_0/u_expipe_0/u_exu_0/fast_mul.miv_rv32_mul_0/WideMult_0_0/MACC_PHYS_INST/INST_MACC_IP:CDOUT[24] (f)
               +     0.012          net: MIV_RV32_CFG1_C0_0/MIV_RV32_CFG1_C0_0/u_ipcore_0/u_hart_0/u_expipe_0/u_exu_0/fast_mul.miv_rv32_mul_0/WideMult_1_0_cas[24]
  3.883                        MIV_RV32_CFG1_C0_0/MIV_RV32_CFG1_C0_0/u_ipcore_0/u_hart_0/u_expipe_0/u_exu_0/fast_mul.miv_rv32_mul_0/WideMult_1_0/MACC_PHYS_INST/INST_MACC_IP:CDIN[24] (f)
               +     1.997          cell: ADLIB:MACC_IP
  5.880                        MIV_RV32_CFG1_C0_0/MIV_RV32_CFG1_C0_0/u_ipcore_0/u_hart_0/u_expipe_0/u_exu_0/fast_mul.miv_rv32_mul_0/WideMult_1_0/MACC_PHYS_INST/INST_MACC_IP:CDOUT[21] (r)
               +     0.010          net: MIV_RV32_CFG1_C0_0/MIV_RV32_CFG1_C0_0/u_ipcore_0/u_hart_0/u_expipe_0/u_exu_0/fast_mul.miv_rv32_mul_0/WideMult_1_1_cas[21]
  5.890                        MIV_RV32_CFG1_C0_0/MIV_RV32_CFG1_C0_0/u_ipcore_0/u_hart_0/u_expipe_0/u_exu_0/fast_mul.miv_rv32_mul_0/WideMult_1_1/MACC_PHYS_INST/INST_MACC_IP:CDIN[21] (r)
               +     1.633          cell: ADLIB:MACC_IP
  7.523                        MIV_RV32_CFG1_C0_0/MIV_RV32_CFG1_C0_0/u_ipcore_0/u_hart_0/u_expipe_0/u_exu_0/fast_mul.miv_rv32_mul_0/WideMult_1_1/MACC_PHYS_INST/INST_MACC_IP:P[15] (r)
               +     0.342          net: MIV_RV32_CFG1_C0_0/MIV_RV32_CFG1_C0_0/u_ipcore_0/u_hart_0/u_expipe_0/u_exu_0/fast_mul.miv_rv32_mul_0/exu_alu_result_sel[32]
  7.865                        MIV_RV32_CFG1_C0_0/MIV_RV32_CFG1_C0_0/u_ipcore_0/u_hart_0/u_expipe_0/u_exu_0/fast_mul.miv_rv32_mul_0/exu_alu_result_4[0]:D (r)
               +     0.053          cell: ADLIB:CFG4
  7.918                        MIV_RV32_CFG1_C0_0/MIV_RV32_CFG1_C0_0/u_ipcore_0/u_hart_0/u_expipe_0/u_exu_0/fast_mul.miv_rv32_mul_0/exu_alu_result_4[0]:Y (r)
               +     0.229          net: MIV_RV32_CFG1_C0_0/MIV_RV32_CFG1_C0_0/u_ipcore_0/u_hart_0/u_expipe_0/u_exu_0/fast_mul.miv_rv32_mul_0/N_687
  8.147                        MIV_RV32_CFG1_C0_0/MIV_RV32_CFG1_C0_0/u_ipcore_0/u_hart_0/u_expipe_0/u_exu_0/fast_mul.miv_rv32_mul_0/exu_alu_result_6_0[0]:C (r)
               +     0.053          cell: ADLIB:CFG4
  8.200                        MIV_RV32_CFG1_C0_0/MIV_RV32_CFG1_C0_0/u_ipcore_0/u_hart_0/u_expipe_0/u_exu_0/fast_mul.miv_rv32_mul_0/exu_alu_result_6_0[0]:Y (r)
               +     0.056          net: MIV_RV32_CFG1_C0_0/MIV_RV32_CFG1_C0_0/u_ipcore_0/u_hart_0/u_expipe_0/u_exu_0/fast_mul.miv_rv32_mul_0/N_752
  8.256                        MIV_RV32_CFG1_C0_0/MIV_RV32_CFG1_C0_0/u_ipcore_0/u_hart_0/u_expipe_0/u_exu_0/fast_mul.miv_rv32_mul_0/exu_alu_result_7[0]:A (r)
               +     0.053          cell: ADLIB:CFG3
  8.309                        MIV_RV32_CFG1_C0_0/MIV_RV32_CFG1_C0_0/u_ipcore_0/u_hart_0/u_expipe_0/u_exu_0/fast_mul.miv_rv32_mul_0/exu_alu_result_7[0]:Y (r)
               +     0.057          net: MIV_RV32_CFG1_C0_0/MIV_RV32_CFG1_C0_0/u_ipcore_0/u_hart_0/u_expipe_0/u_exu_0/fast_mul.miv_rv32_mul_0/N_785
  8.366                        MIV_RV32_CFG1_C0_0/MIV_RV32_CFG1_C0_0/u_ipcore_0/u_hart_0/u_expipe_0/u_exu_0/fast_mul.miv_rv32_mul_0/exu_alu_result[0]:D (r)
               +     0.053          cell: ADLIB:CFG4
  8.419                        MIV_RV32_CFG1_C0_0/MIV_RV32_CFG1_C0_0/u_ipcore_0/u_hart_0/u_expipe_0/u_exu_0/fast_mul.miv_rv32_mul_0/exu_alu_result[0]:Y (r)
               +     0.506          net: MIV_RV32_CFG1_C0_0/MIV_RV32_CFG1_C0_0/u_ipcore_0/u_hart_0/u_expipe_0/exu_result_flags_ex.cmp_cond
  8.925                        MIV_RV32_CFG1_C0_0/MIV_RV32_CFG1_C0_0/u_ipcore_0/u_hart_0/u_expipe_0/u_idecode_0/instr_inhibit_ex_i_0_o3_RNI7JVDVJ:A (r)
               +     0.051          cell: ADLIB:CFG4
  8.976                        MIV_RV32_CFG1_C0_0/MIV_RV32_CFG1_C0_0/u_ipcore_0/u_hart_0/u_expipe_0/u_idecode_0/instr_inhibit_ex_i_0_o3_RNI7JVDVJ:Y (f)
               +     0.069          net: MIV_RV32_CFG1_C0_0/MIV_RV32_CFG1_C0_0/u_ipcore_0/u_hart_0/ifu_expipe_req_branch_excpt_req_valid_net
  9.045                        MIV_RV32_CFG1_C0_0/MIV_RV32_CFG1_C0_0/u_ipcore_0/u_hart_0/u_fetch_unit_0/sticky_branch_reg_RNI1VG1H:B (f)
               +     0.091          cell: ADLIB:CFG3
  9.136                        MIV_RV32_CFG1_C0_0/MIV_RV32_CFG1_C0_0/u_ipcore_0/u_hart_0/u_fetch_unit_0/sticky_branch_reg_RNI1VG1H:Y (r)
               +     0.566          net: MIV_RV32_CFG1_C0_0/MIV_RV32_CFG1_C0_0/u_ipcore_0/un5_fetch_ptr_sel_i
  9.702                        MIV_RV32_CFG1_C0_0/MIV_RV32_CFG1_C0_0/u_ipcore_0/u_hart_0/u_fetch_unit_0/next_req_fetch_ptr[15]:D (r)
               +     0.078          cell: ADLIB:CFG4
  9.780                        MIV_RV32_CFG1_C0_0/MIV_RV32_CFG1_C0_0/u_ipcore_0/u_hart_0/u_fetch_unit_0/next_req_fetch_ptr[15]:Y (r)
               +     0.187          net: MIV_RV32_CFG1_C0_0/MIV_RV32_CFG1_C0_0/u_ipcore_0/ahb_i_req_addr_net[15]
  9.967                        MIV_RV32_CFG1_C0_0/MIV_RV32_CFG1_C0_0/u_ipcore_0/u_subsys_interconnect_0/un16_cpu_i_req_is_apb_17:A (r)
               +     0.238          cell: ADLIB:CFG4
  10.205                       MIV_RV32_CFG1_C0_0/MIV_RV32_CFG1_C0_0/u_ipcore_0/u_subsys_interconnect_0/un16_cpu_i_req_is_apb_17:Y (r)
               +     0.546          net: MIV_RV32_CFG1_C0_0/MIV_RV32_CFG1_C0_0/u_ipcore_0/u_subsys_interconnect_0/un16_cpu_i_req_is_apb_17_Z
  10.751                       MIV_RV32_CFG1_C0_0/MIV_RV32_CFG1_C0_0/u_ipcore_0/u_subsys_interconnect_0/un16_cpu_i_req_is_apb_25:B (r)
               +     0.053          cell: ADLIB:CFG4
  10.804                       MIV_RV32_CFG1_C0_0/MIV_RV32_CFG1_C0_0/u_ipcore_0/u_subsys_interconnect_0/un16_cpu_i_req_is_apb_25:Y (r)
               +     0.261          net: MIV_RV32_CFG1_C0_0/MIV_RV32_CFG1_C0_0/u_ipcore_0/u_subsys_interconnect_0/un16_cpu_i_req_is_apb_25_Z
  11.065                       MIV_RV32_CFG1_C0_0/MIV_RV32_CFG1_C0_0/u_ipcore_0/u_subsys_interconnect_0/un16_cpu_i_req_is_apb:D (r)
               +     0.053          cell: ADLIB:CFG4
  11.118                       MIV_RV32_CFG1_C0_0/MIV_RV32_CFG1_C0_0/u_ipcore_0/u_subsys_interconnect_0/un16_cpu_i_req_is_apb:Y (r)
               +     0.057          net: MIV_RV32_CFG1_C0_0/MIV_RV32_CFG1_C0_0/u_ipcore_0/u_subsys_interconnect_0/un16_cpu_i_req_is_apb_Z
  11.175                       MIV_RV32_CFG1_C0_0/MIV_RV32_CFG1_C0_0/u_ipcore_0/u_subsys_interconnect_0/cpu_i_req_is_apb:A (r)
               +     0.053          cell: ADLIB:CFG4
  11.228                       MIV_RV32_CFG1_C0_0/MIV_RV32_CFG1_C0_0/u_ipcore_0/u_subsys_interconnect_0/cpu_i_req_is_apb:Y (r)
               +     0.079          net: MIV_RV32_CFG1_C0_0/MIV_RV32_CFG1_C0_0/u_ipcore_0/cpu_i_req_is_apb
  11.307                       MIV_RV32_CFG1_C0_0/MIV_RV32_CFG1_C0_0/u_ipcore_0/gen_apb.u_apb_initiator_0/u_apb_req_arb/req_masked_cZ[0]:D (r)
               +     0.053          cell: ADLIB:CFG4
  11.360                       MIV_RV32_CFG1_C0_0/MIV_RV32_CFG1_C0_0/u_ipcore_0/gen_apb.u_apb_initiator_0/u_apb_req_arb/req_masked_cZ[0]:Y (r)
               +     0.143          net: MIV_RV32_CFG1_C0_0/MIV_RV32_CFG1_C0_0/u_ipcore_0/req_masked[0]
  11.503                       MIV_RV32_CFG1_C0_0/MIV_RV32_CFG1_C0_0/u_ipcore_0/u_hart_0/u_lsu_0/lsu_expipe_req_ready_1_RNO_0:B (r)
               +     0.053          cell: ADLIB:CFG4
  11.556                       MIV_RV32_CFG1_C0_0/MIV_RV32_CFG1_C0_0/u_ipcore_0/u_hart_0/u_lsu_0/lsu_expipe_req_ready_1_RNO_0:Y (r)
               +     0.226          net: MIV_RV32_CFG1_C0_0/MIV_RV32_CFG1_C0_0/u_ipcore_0/u_hart_0/u_lsu_0/lsu_N_12_mux
  11.782                       MIV_RV32_CFG1_C0_0/MIV_RV32_CFG1_C0_0/u_ipcore_0/u_hart_0/u_lsu_0/lsu_expipe_req_ready_1:C (r)
               +     0.053          cell: ADLIB:CFG4
  11.835                       MIV_RV32_CFG1_C0_0/MIV_RV32_CFG1_C0_0/u_ipcore_0/u_hart_0/u_lsu_0/lsu_expipe_req_ready_1:Y (r)
               +     0.066          net: MIV_RV32_CFG1_C0_0/MIV_RV32_CFG1_C0_0/u_ipcore_0/u_hart_0/lsu_expipe_req_ready_net
  11.901                       MIV_RV32_CFG1_C0_0/MIV_RV32_CFG1_C0_0/u_ipcore_0/u_hart_0/u_expipe_0/u_idecode_0/stage_ready_de_2_a0_a0:C (r)
               +     0.053          cell: ADLIB:CFG4
  11.954                       MIV_RV32_CFG1_C0_0/MIV_RV32_CFG1_C0_0/u_ipcore_0/u_hart_0/u_expipe_0/u_idecode_0/stage_ready_de_2_a0_a0:Y (r)
               +     0.362          net: MIV_RV32_CFG1_C0_0/MIV_RV32_CFG1_C0_0/u_ipcore_0/u_hart_0/u_expipe_0/u_idecode_0/stage_ready_de_2_a0_a0_Z
  12.316                       MIV_RV32_CFG1_C0_0/MIV_RV32_CFG1_C0_0/u_ipcore_0/u_hart_0/u_expipe_0/u_idecode_0/bcu_op_completing_ex_x_RNI8AU0G:D (r)
               +     0.142          cell: ADLIB:CFG4
  12.458                       MIV_RV32_CFG1_C0_0/MIV_RV32_CFG1_C0_0/u_ipcore_0/u_hart_0/u_expipe_0/u_idecode_0/bcu_op_completing_ex_x_RNI8AU0G:Y (f)
               +     0.260          net: MIV_RV32_CFG1_C0_0/MIV_RV32_CFG1_C0_0/u_ipcore_0/u_hart_0/u_expipe_0/u_idecode_0/bcu_op_completing_ex_x_RNI8AU0G_Z
  12.718                       MIV_RV32_CFG1_C0_0/MIV_RV32_CFG1_C0_0/u_ipcore_0/u_hart_0/u_expipe_0/u_idecode_0/lsu_op_complete_ex_RNI77FFV:D (f)
               +     0.050          cell: ADLIB:CFG4
  12.768                       MIV_RV32_CFG1_C0_0/MIV_RV32_CFG1_C0_0/u_ipcore_0/u_hart_0/u_expipe_0/u_idecode_0/lsu_op_complete_ex_RNI77FFV:Y (r)
               +     0.117          net: MIV_RV32_CFG1_C0_0/MIV_RV32_CFG1_C0_0/u_ipcore_0/u_hart_0/u_expipe_0/u_idecode_0/instr_N_8_mux_i_0
  12.885                       MIV_RV32_CFG1_C0_0/MIV_RV32_CFG1_C0_0/u_ipcore_0/u_hart_0/u_expipe_0/u_idecode_0/lsu_op_complete_ex_RNITLF9U9:D (r)
               +     0.094          cell: ADLIB:CFG4
  12.979                       MIV_RV32_CFG1_C0_0/MIV_RV32_CFG1_C0_0/u_ipcore_0/u_hart_0/u_expipe_0/u_idecode_0/lsu_op_complete_ex_RNITLF9U9:Y (f)
               +     0.069          net: MIV_RV32_CFG1_C0_0/MIV_RV32_CFG1_C0_0/u_ipcore_0/u_hart_0/u_expipe_0/u_idecode_0/instr_N_6_i_sx
  13.048                       MIV_RV32_CFG1_C0_0/MIV_RV32_CFG1_C0_0/u_ipcore_0/u_hart_0/u_expipe_0/u_idecode_0/ifu_expipe_resp_ready_0_RNIRFGOBA:D (f)
               +     0.050          cell: ADLIB:CFG4
  13.098                       MIV_RV32_CFG1_C0_0/MIV_RV32_CFG1_C0_0/u_ipcore_0/u_hart_0/u_expipe_0/u_idecode_0/ifu_expipe_resp_ready_0_RNIRFGOBA:Y (r)
               +     0.782          net: MIV_RV32_CFG1_C0_0/MIV_RV32_CFG1_C0_0/u_ipcore_0/u_hart_0/u_expipe_0/N_2780_i
  13.880                       MIV_RV32_CFG1_C0_0/MIV_RV32_CFG1_C0_0/u_ipcore_0/u_hart_0/u_expipe_0/gen_gpr_ex_attbs_rd_ex.de_ex_pipe_gpr_rs1_rd_valid_ex_RNO:B (r)
               +     0.078          cell: ADLIB:CFG4
  13.958                       MIV_RV32_CFG1_C0_0/MIV_RV32_CFG1_C0_0/u_ipcore_0/u_hart_0/u_expipe_0/gen_gpr_ex_attbs_rd_ex.de_ex_pipe_gpr_rs1_rd_valid_ex_RNO:Y (r)
               +     0.951          net: MIV_RV32_CFG1_C0_0/MIV_RV32_CFG1_C0_0/u_ipcore_0/u_hart_0/u_expipe_0/N_2777_i
  14.909                       MIV_RV32_CFG1_C0_0/MIV_RV32_CFG1_C0_0/u_ipcore_0/u_hart_0/u_expipe_0/gen_gpr_ex_attbs_rd_ex.de_ex_pipe_gpr_rs1_rd_valid_ex:SLn (r)
                                    
  14.909                       data arrival time
  ________________________________________________________
  Data required time calculation
  20.000                       PF_CCC_C0_0/PF_CCC_C0_0/pll_inst_0/OUT0
               +     0.000          Clock source
  20.000                       PF_CCC_C0_0/PF_CCC_C0_0/pll_inst_0:OUT0 (r)
               +     1.211          Clock generation
  21.211                       
               +     0.180          net: PF_CCC_C0_0/PF_CCC_C0_0/pll_inst_0_clkint_0
  21.391                       PF_CCC_C0_0/PF_CCC_C0_0/clkint_0_1:A (r)
               +     0.122          cell: ADLIB:ICB_CLKINT
  21.513                       PF_CCC_C0_0/PF_CCC_C0_0/clkint_0_1:Y (r)
               +     0.548          net: PF_CCC_C0_0/PF_CCC_C0_0/clkint_0_NET
  22.061                       PF_CCC_C0_0/PF_CCC_C0_0/clkint_0:A (r)
               +     0.155          cell: ADLIB:GB
  22.216                       PF_CCC_C0_0/PF_CCC_C0_0/clkint_0:Y (r)
               +     0.363          net: PF_CCC_C0_0/PF_CCC_C0_0/clkint_0/U0_Y
  22.579                       PF_CCC_C0_0/PF_CCC_C0_0/clkint_0/U0_RGB1_RGB8:A (r)
               +     0.052          cell: ADLIB:RGB
  22.631                       PF_CCC_C0_0/PF_CCC_C0_0/clkint_0/U0_RGB1_RGB8:Y (f)
               +     0.393          net: PF_CCC_C0_0/PF_CCC_C0_0/clkint_0/U0_RGB1_RGB8_rgb_net_1
  23.024                       MIV_RV32_CFG1_C0_0/MIV_RV32_CFG1_C0_0/u_ipcore_0/u_hart_0/u_expipe_0/gen_gpr_ex_attbs_rd_ex.de_ex_pipe_gpr_rs1_rd_valid_ex:CLK (r)
               +     0.233          
  23.257                       clock reconvergence pessimism
               -     0.135          
  23.122                       clock jitter
               -     0.059          Library setup time: ADLIB:SLE
  23.063                       MIV_RV32_CFG1_C0_0/MIV_RV32_CFG1_C0_0/u_ipcore_0/u_hart_0/u_expipe_0/gen_gpr_ex_attbs_rd_ex.de_ex_pipe_gpr_rs1_rd_valid_ex:SLn
                                    
  23.063                       data required time


Operating Conditions : slow_lv_ht

END SET Register to Register

----------------------------------------------------

SET External Setup

Path 1
  From: INT_2
  To:   MIV_ESS_C0_0/CoreGPIO_0/xhdl1.GEN_BITS[4].gpin1[4]:D
  Delay (ns):              7.471
  Arrival (ns):            7.471
  Setup (ns):              0.000
  External Setup (ns):     4.567
  Operating Conditions: slow_lv_ht

Path 2
  From: INT_1
  To:   MIV_ESS_C0_0/CoreGPIO_0/xhdl1.GEN_BITS[5].gpin1[5]:D
  Delay (ns):              7.380
  Arrival (ns):            7.380
  Setup (ns):              0.000
  External Setup (ns):     4.476
  Operating Conditions: slow_lv_ht

Path 3
  From: RX
  To:   MIV_ESS_C0_0/CoreUARTapb_0/uUART/make_RX/samples_2[0]:D
  Delay (ns):              2.008
  Arrival (ns):            2.008
  Setup (ns):              0.000
  External Setup (ns):     0.198
  Operating Conditions: fast_hv_lt

Path 4
  From: SW_1
  To:   MIV_ESS_C0_0/CoreGPIO_0/xhdl1.GEN_BITS_0[0]:D
  Delay (ns):              1.808
  Arrival (ns):            1.808
  Setup (ns):              0.000
  External Setup (ns):     0.012
  Operating Conditions: fast_hv_lt

Path 5
  From: SW_2
  To:   MIV_ESS_C0_0/CoreGPIO_0/xhdl1.GEN_BITS_0[1]:D
  Delay (ns):              1.690
  Arrival (ns):            1.690
  Setup (ns):              0.000
  External Setup (ns):    -0.106
  Operating Conditions: fast_hv_lt


Expanded Path 1
  From: INT_2
  To: MIV_ESS_C0_0/CoreGPIO_0/xhdl1.GEN_BITS[4].gpin1[4]:D
  data required time                                    N/C
  data arrival time                          -        7.471
  slack                                                 N/C
  ________________________________________________________
  Data arrival time calculation
  0.000                        INT_2 (f)
               +     0.000          net: INT_2
  0.000                        INT_2_ibuf/U_IOPAD:PAD (f)
               +     1.192          cell: ADLIB:IOPAD_IN
  1.192                        INT_2_ibuf/U_IOPAD:Y (f)
               +     0.000          net: INT_2_ibuf/YIN
  1.192                        INT_2_ibuf/U_IOIN:YIN (f)
               +     0.338          cell: ADLIB:IOIN_IB_E
  1.530                        INT_2_ibuf/U_IOIN:Y (f)
               +     5.941          net: INT_2_c
  7.471                        MIV_ESS_C0_0/CoreGPIO_0/xhdl1.GEN_BITS[4].gpin1[4]:D (f)
                                    
  7.471                        data arrival time
  ________________________________________________________
  Data required time calculation
  N/C                          PF_CCC_C0_0/PF_CCC_C0_0/pll_inst_0/OUT0
               +     0.000          Clock source
  N/C                          PF_CCC_C0_0/PF_CCC_C0_0/pll_inst_0:OUT0 (r)
               +     1.211          Clock generation
  N/C                          
               +     0.180          net: PF_CCC_C0_0/PF_CCC_C0_0/pll_inst_0_clkint_0
  N/C                          PF_CCC_C0_0/PF_CCC_C0_0/clkint_0_1:A (r)
               +     0.122          cell: ADLIB:ICB_CLKINT
  N/C                          PF_CCC_C0_0/PF_CCC_C0_0/clkint_0_1:Y (r)
               +     0.548          net: PF_CCC_C0_0/PF_CCC_C0_0/clkint_0_NET
  N/C                          PF_CCC_C0_0/PF_CCC_C0_0/clkint_0:A (r)
               +     0.155          cell: ADLIB:GB
  N/C                          PF_CCC_C0_0/PF_CCC_C0_0/clkint_0:Y (r)
               +     0.368          net: PF_CCC_C0_0/PF_CCC_C0_0/clkint_0/U0_Y
  N/C                          PF_CCC_C0_0/PF_CCC_C0_0/clkint_0/U0_RGB1_RGB4:A (r)
               +     0.052          cell: ADLIB:RGB
  N/C                          PF_CCC_C0_0/PF_CCC_C0_0/clkint_0/U0_RGB1_RGB4:Y (f)
               +     0.403          net: PF_CCC_C0_0/PF_CCC_C0_0/clkint_0/U0_RGB1_RGB4_rgb_net_1
  N/C                          MIV_ESS_C0_0/CoreGPIO_0/xhdl1.GEN_BITS[4].gpin1[4]:CLK (r)
               -     0.135          
  N/C                          clock jitter
               -     0.000          Library setup time: ADLIB:SLE
  N/C                          MIV_ESS_C0_0/CoreGPIO_0/xhdl1.GEN_BITS[4].gpin1[4]:D


Operating Conditions : slow_lv_ht

END SET External Setup

----------------------------------------------------

SET Clock to Output

Path 1
  From: MIV_ESS_C0_0/CoreUARTapb_0/uUART/make_TX/tx:CLK
  To:   TX
  Delay (ns):              5.113
  Arrival (ns):            8.475
  Clock to Out (ns):       8.475
  Operating Conditions: slow_lv_ht

Path 2
  From: MIV_ESS_C0_0/CoreGPIO_0/xhdl1.GEN_BITS[1].APB_32.GPOUT_reg[1]:CLK
  To:   LED_2
  Delay (ns):              4.753
  Arrival (ns):            8.123
  Clock to Out (ns):       8.123
  Operating Conditions: slow_lv_ht

Path 3
  From: MIV_ESS_C0_0/CoreGPIO_0/xhdl1.GEN_BITS[0].APB_32.GPOUT_reg[0]:CLK
  To:   LED_1
  Delay (ns):              4.562
  Arrival (ns):            7.933
  Clock to Out (ns):       7.933
  Operating Conditions: slow_lv_ht

Path 4
  From: MIV_ESS_C0_0/CoreGPIO_0/xhdl1.GEN_BITS[2].APB_32.GPOUT_reg[2]:CLK
  To:   LED_3
  Delay (ns):              4.381
  Arrival (ns):            7.751
  Clock to Out (ns):       7.751
  Operating Conditions: slow_lv_ht

Path 5
  From: MIV_ESS_C0_0/CoreGPIO_0/xhdl1.GEN_BITS[3].APB_32.GPOUT_reg[3]:CLK
  To:   LED_4
  Delay (ns):              4.301
  Arrival (ns):            7.670
  Clock to Out (ns):       7.670
  Operating Conditions: slow_lv_ht


Expanded Path 1
  From: MIV_ESS_C0_0/CoreUARTapb_0/uUART/make_TX/tx:CLK
  To: TX
  data required time                                    N/C
  data arrival time                          -        8.475
  slack                                                 N/C
  ________________________________________________________
  Data arrival time calculation
  0.000                        PF_CCC_C0_0/PF_CCC_C0_0/pll_inst_0/OUT0
               +     0.000          Clock source
  0.000                        PF_CCC_C0_0/PF_CCC_C0_0/pll_inst_0:OUT0 (r)
               +     1.336          Clock generation
  1.336                        
               +     0.197          net: PF_CCC_C0_0/PF_CCC_C0_0/pll_inst_0_clkint_0
  1.533                        PF_CCC_C0_0/PF_CCC_C0_0/clkint_0_1:A (r)
               +     0.141          cell: ADLIB:ICB_CLKINT
  1.674                        PF_CCC_C0_0/PF_CCC_C0_0/clkint_0_1:Y (r)
               +     0.602          net: PF_CCC_C0_0/PF_CCC_C0_0/clkint_0_NET
  2.276                        PF_CCC_C0_0/PF_CCC_C0_0/clkint_0:A (r)
               +     0.170          cell: ADLIB:GB
  2.446                        PF_CCC_C0_0/PF_CCC_C0_0/clkint_0:Y (r)
               +     0.406          net: PF_CCC_C0_0/PF_CCC_C0_0/clkint_0/U0_Y
  2.852                        PF_CCC_C0_0/PF_CCC_C0_0/clkint_0/U0_RGB1_RGB4:A (r)
               +     0.058          cell: ADLIB:RGB
  2.910                        PF_CCC_C0_0/PF_CCC_C0_0/clkint_0/U0_RGB1_RGB4:Y (f)
               +     0.452          net: PF_CCC_C0_0/PF_CCC_C0_0/clkint_0/U0_RGB1_RGB4_rgb_net_1
  3.362                        MIV_ESS_C0_0/CoreUARTapb_0/uUART/make_TX/tx:CLK (r)
               +     0.190          cell: ADLIB:SLE
  3.552                        MIV_ESS_C0_0/CoreUARTapb_0/uUART/make_TX/tx:Q (f)
               +     1.939          net: TX_c
  5.491                        TX_obuf/U_IOTRI:D (f)
               +     0.918          cell: ADLIB:IOTRI_OB_EB
  6.409                        TX_obuf/U_IOTRI:DOUT (f)
               +     0.000          net: TX_obuf/DOUT
  6.409                        TX_obuf/U_IOPAD:D (f)
               +     2.066          cell: ADLIB:IOPAD_TRI
  8.475                        TX_obuf/U_IOPAD:PAD (f)
               +     0.000          net: TX
  8.475                        TX (f)
                                    
  8.475                        data arrival time
  ________________________________________________________
  Data required time calculation
  N/C                          PF_CCC_C0_0/PF_CCC_C0_0/pll_inst_0/OUT0
                                    
  N/C                          TX (f)


Operating Conditions : slow_lv_ht

END SET Clock to Output

----------------------------------------------------

SET Register to Asynchronous

Path 1
  From: CORERESET_PF_C0_0/CORERESET_PF_C0_0/dff_15[0]:CLK
  To:   MIV_RV32_CFG1_C0_0/MIV_RV32_CFG1_C0_0/u_ipcore_0/gen_ahb.u_subsys_ahb_0/haddr_reg[5]:ALn
  Delay (ns):              3.731
  Slack (ns):             15.801
  Arrival (ns):            7.127
  Required (ns):          22.928
  Recovery (ns):           0.196
  Minimum Period (ns):     4.064
  Skew (ns):               0.137
  Operating Conditions: slow_lv_ht

Path 2
  From: CORERESET_PF_C0_0/CORERESET_PF_C0_0/dff_15[0]:CLK
  To:   MIV_RV32_CFG1_C0_0/MIV_RV32_CFG1_C0_0/u_ipcore_0/gen_ahb.u_subsys_ahb_0/haddr_reg[2]:ALn
  Delay (ns):              3.730
  Slack (ns):             15.802
  Arrival (ns):            7.126
  Required (ns):          22.928
  Recovery (ns):           0.196
  Minimum Period (ns):     4.063
  Skew (ns):               0.137
  Operating Conditions: slow_lv_ht

Path 3
  From: CORERESET_PF_C0_0/CORERESET_PF_C0_0/dff_15[0]:CLK
  To:   MIV_RV32_CFG1_C0_0/MIV_RV32_CFG1_C0_0/u_ipcore_0/gen_ahb.u_subsys_ahb_0/haddr_reg[15]:ALn
  Delay (ns):              3.730
  Slack (ns):             15.802
  Arrival (ns):            7.126
  Required (ns):          22.928
  Recovery (ns):           0.196
  Minimum Period (ns):     4.063
  Skew (ns):               0.137
  Operating Conditions: slow_lv_ht

Path 4
  From: CORERESET_PF_C0_0/CORERESET_PF_C0_0/dff_15[0]:CLK
  To:   MIV_RV32_CFG1_C0_0/MIV_RV32_CFG1_C0_0/u_ipcore_0/gen_ahb.u_subsys_ahb_0/haddr_reg[13]:ALn
  Delay (ns):              3.730
  Slack (ns):             15.802
  Arrival (ns):            7.126
  Required (ns):          22.928
  Recovery (ns):           0.196
  Minimum Period (ns):     4.063
  Skew (ns):               0.137
  Operating Conditions: slow_lv_ht

Path 5
  From: CORERESET_PF_C0_0/CORERESET_PF_C0_0/dff_15[0]:CLK
  To:   MIV_RV32_CFG1_C0_0/MIV_RV32_CFG1_C0_0/u_ipcore_0/gen_tcm0.u_subsys_TCM_0/cpu_d_req_wr_data_reg[15]:ALn
  Delay (ns):              3.711
  Slack (ns):             15.838
  Arrival (ns):            7.107
  Required (ns):          22.945
  Recovery (ns):           0.209
  Minimum Period (ns):     4.027
  Skew (ns):               0.107
  Operating Conditions: slow_lv_ht


Expanded Path 1
  From: CORERESET_PF_C0_0/CORERESET_PF_C0_0/dff_15[0]:CLK
  To: MIV_RV32_CFG1_C0_0/MIV_RV32_CFG1_C0_0/u_ipcore_0/gen_ahb.u_subsys_ahb_0/haddr_reg[5]:ALn
  data required time                                 22.928
  data arrival time                          -        7.127
  slack                                              15.801
  ________________________________________________________
  Data arrival time calculation
  0.000                        PF_CCC_C0_0/PF_CCC_C0_0/pll_inst_0/OUT0
               +     0.000          Clock source
  0.000                        PF_CCC_C0_0/PF_CCC_C0_0/pll_inst_0:OUT0 (r)
               +     1.336          Clock generation
  1.336                        
               +     0.197          net: PF_CCC_C0_0/PF_CCC_C0_0/pll_inst_0_clkint_0
  1.533                        PF_CCC_C0_0/PF_CCC_C0_0/clkint_0_1:A (r)
               +     0.141          cell: ADLIB:ICB_CLKINT
  1.674                        PF_CCC_C0_0/PF_CCC_C0_0/clkint_0_1:Y (r)
               +     0.602          net: PF_CCC_C0_0/PF_CCC_C0_0/clkint_0_NET
  2.276                        PF_CCC_C0_0/PF_CCC_C0_0/clkint_0:A (r)
               +     0.170          cell: ADLIB:GB
  2.446                        PF_CCC_C0_0/PF_CCC_C0_0/clkint_0:Y (r)
               +     0.400          net: PF_CCC_C0_0/PF_CCC_C0_0/clkint_0/U0_Y
  2.846                        PF_CCC_C0_0/PF_CCC_C0_0/clkint_0/U0_RGB1_RGB8:A (r)
               +     0.058          cell: ADLIB:RGB
  2.904                        PF_CCC_C0_0/PF_CCC_C0_0/clkint_0/U0_RGB1_RGB8:Y (f)
               +     0.492          net: PF_CCC_C0_0/PF_CCC_C0_0/clkint_0/U0_RGB1_RGB8_rgb_net_1
  3.396                        CORERESET_PF_C0_0/CORERESET_PF_C0_0/dff_15[0]:CLK (r)
               +     0.209          cell: ADLIB:SLE
  3.605                        CORERESET_PF_C0_0/CORERESET_PF_C0_0/dff_15[0]:Q (r)
               +     1.266          net: CORERESET_PF_C0_0_CORERESET_PF_C0_0_dff
  4.871                        MIV_RV32_CFG1_C0_0/MIV_RV32_CFG1_C0_0/u_ipcore_0/subsys_resetn:A (r)
               +     0.090          cell: ADLIB:CFG2
  4.961                        MIV_RV32_CFG1_C0_0/MIV_RV32_CFG1_C0_0/u_ipcore_0/subsys_resetn:Y (r)
               +     2.166          net: MIV_RV32_CFG1_C0_0/MIV_RV32_CFG1_C0_0/u_ipcore_0/subsys_resetn_Z
  7.127                        MIV_RV32_CFG1_C0_0/MIV_RV32_CFG1_C0_0/u_ipcore_0/gen_ahb.u_subsys_ahb_0/haddr_reg[5]:ALn (r)
                                    
  7.127                        data arrival time
  ________________________________________________________
  Data required time calculation
  20.000                       PF_CCC_C0_0/PF_CCC_C0_0/pll_inst_0/OUT0
               +     0.000          Clock source
  20.000                       PF_CCC_C0_0/PF_CCC_C0_0/pll_inst_0:OUT0 (r)
               +     1.211          Clock generation
  21.211                       
               +     0.180          net: PF_CCC_C0_0/PF_CCC_C0_0/pll_inst_0_clkint_0
  21.391                       PF_CCC_C0_0/PF_CCC_C0_0/clkint_0_1:A (r)
               +     0.122          cell: ADLIB:ICB_CLKINT
  21.513                       PF_CCC_C0_0/PF_CCC_C0_0/clkint_0_1:Y (r)
               +     0.548          net: PF_CCC_C0_0/PF_CCC_C0_0/clkint_0_NET
  22.061                       PF_CCC_C0_0/PF_CCC_C0_0/clkint_0:A (r)
               +     0.155          cell: ADLIB:GB
  22.216                       PF_CCC_C0_0/PF_CCC_C0_0/clkint_0:Y (r)
               +     0.368          net: PF_CCC_C0_0/PF_CCC_C0_0/clkint_0/U0_Y
  22.584                       PF_CCC_C0_0/PF_CCC_C0_0/clkint_0/U0_RGB1_RGB4:A (r)
               +     0.052          cell: ADLIB:RGB
  22.636                       PF_CCC_C0_0/PF_CCC_C0_0/clkint_0/U0_RGB1_RGB4:Y (f)
               +     0.390          net: PF_CCC_C0_0/PF_CCC_C0_0/clkint_0/U0_RGB1_RGB4_rgb_net_1
  23.026                       MIV_RV32_CFG1_C0_0/MIV_RV32_CFG1_C0_0/u_ipcore_0/gen_ahb.u_subsys_ahb_0/haddr_reg[5]:CLK (r)
               +     0.233          
  23.259                       clock reconvergence pessimism
               -     0.135          
  23.124                       clock jitter
               -     0.196          Library recovery time: ADLIB:SLE
  22.928                       MIV_RV32_CFG1_C0_0/MIV_RV32_CFG1_C0_0/u_ipcore_0/gen_ahb.u_subsys_ahb_0/haddr_reg[5]:ALn
                                    
  22.928                       data required time


Operating Conditions : slow_lv_ht

END SET Register to Asynchronous

----------------------------------------------------

SET External Recovery

Path 1
  From: USER_RST
  To:   CORERESET_PF_C0_0/CORERESET_PF_C0_0/dff_11[0]:ALn
  Delay (ns):              3.889
  Arrival (ns):            3.889
  Recovery (ns):           0.209
  External Recovery (ns):   1.168
  Operating Conditions: slow_lv_ht

Path 2
  From: USER_RST
  To:   CORERESET_PF_C0_0/CORERESET_PF_C0_0/dff_8[0]:ALn
  Delay (ns):              3.888
  Arrival (ns):            3.888
  Recovery (ns):           0.209
  External Recovery (ns):   1.167
  Operating Conditions: slow_lv_ht

Path 3
  From: USER_RST
  To:   CORERESET_PF_C0_0/CORERESET_PF_C0_0/dff_12[0]:ALn
  Delay (ns):              3.888
  Arrival (ns):            3.888
  Recovery (ns):           0.209
  External Recovery (ns):   1.167
  Operating Conditions: slow_lv_ht

Path 4
  From: USER_RST
  To:   CORERESET_PF_C0_0/CORERESET_PF_C0_0/dff_4[0]:ALn
  Delay (ns):              3.887
  Arrival (ns):            3.887
  Recovery (ns):           0.209
  External Recovery (ns):   1.166
  Operating Conditions: slow_lv_ht

Path 5
  From: USER_RST
  To:   CORERESET_PF_C0_0/CORERESET_PF_C0_0/dff_13[0]:ALn
  Delay (ns):              3.887
  Arrival (ns):            3.887
  Recovery (ns):           0.209
  External Recovery (ns):   1.166
  Operating Conditions: slow_lv_ht


Expanded Path 1
  From: USER_RST
  To: CORERESET_PF_C0_0/CORERESET_PF_C0_0/dff_11[0]:ALn
  data required time                                    N/C
  data arrival time                          -        3.889
  slack                                                 N/C
  ________________________________________________________
  Data arrival time calculation
  0.000                        USER_RST (r)
               +     0.000          net: USER_RST
  0.000                        USER_RST_ibuf/U_IOPAD:PAD (r)
               +     0.610          cell: ADLIB:IOPAD_IN
  0.610                        USER_RST_ibuf/U_IOPAD:Y (r)
               +     0.000          net: USER_RST_ibuf/YIN
  0.610                        USER_RST_ibuf/U_IOIN:YIN (r)
               +     0.336          cell: ADLIB:IOIN_IB_E
  0.946                        USER_RST_ibuf/U_IOIN:Y (r)
               +     2.318          net: USER_RST_c
  3.264                        CORERESET_PF_C0_0/CORERESET_PF_C0_0/un1_EXT_RST_N_2:A (r)
               +     0.090          cell: ADLIB:CFG3
  3.354                        CORERESET_PF_C0_0/CORERESET_PF_C0_0/un1_EXT_RST_N_2:Y (r)
               +     0.535          net: CORERESET_PF_C0_0/CORERESET_PF_C0_0/un1_EXT_RST_N_2_Z
  3.889                        CORERESET_PF_C0_0/CORERESET_PF_C0_0/dff_11[0]:ALn (r)
                                    
  3.889                        data arrival time
  ________________________________________________________
  Data required time calculation
  N/C                          PF_CCC_C0_0/PF_CCC_C0_0/pll_inst_0/OUT0
               +     0.000          Clock source
  N/C                          PF_CCC_C0_0/PF_CCC_C0_0/pll_inst_0:OUT0 (r)
               +     1.211          Clock generation
  N/C                          
               +     0.180          net: PF_CCC_C0_0/PF_CCC_C0_0/pll_inst_0_clkint_0
  N/C                          PF_CCC_C0_0/PF_CCC_C0_0/clkint_0_1:A (r)
               +     0.122          cell: ADLIB:ICB_CLKINT
  N/C                          PF_CCC_C0_0/PF_CCC_C0_0/clkint_0_1:Y (r)
               +     0.548          net: PF_CCC_C0_0/PF_CCC_C0_0/clkint_0_NET
  N/C                          PF_CCC_C0_0/PF_CCC_C0_0/clkint_0:A (r)
               +     0.155          cell: ADLIB:GB
  N/C                          PF_CCC_C0_0/PF_CCC_C0_0/clkint_0:Y (r)
               +     0.363          net: PF_CCC_C0_0/PF_CCC_C0_0/clkint_0/U0_Y
  N/C                          PF_CCC_C0_0/PF_CCC_C0_0/clkint_0/U0_RGB1_RGB8:A (r)
               +     0.052          cell: ADLIB:RGB
  N/C                          PF_CCC_C0_0/PF_CCC_C0_0/clkint_0/U0_RGB1_RGB8:Y (f)
               +     0.434          net: PF_CCC_C0_0/PF_CCC_C0_0/clkint_0/U0_RGB1_RGB8_rgb_net_1
  N/C                          CORERESET_PF_C0_0/CORERESET_PF_C0_0/dff_11[0]:CLK (r)
               -     0.135          
  N/C                          clock jitter
               -     0.209          Library recovery time: ADLIB:SLE
  N/C                          CORERESET_PF_C0_0/CORERESET_PF_C0_0/dff_11[0]:ALn


Operating Conditions : slow_lv_ht

END SET External Recovery

----------------------------------------------------

SET Asynchronous to Register

No Path 

END SET Asynchronous to Register

----------------------------------------------------

SET TCK to PF_CCC_C0_0/PF_CCC_C0_0/pll_inst_0/OUT0

No Path 

END SET TCK to PF_CCC_C0_0/PF_CCC_C0_0/pll_inst_0/OUT0

----------------------------------------------------

Clock Domain REF_CLK

Info: The maximum frequency of this clock domain is limited by the minimum pulse widths of pin CLKBUF_0/U_IOPAD:PAD

SET Register to Register

No Path 

END SET Register to Register

----------------------------------------------------

SET External Setup

No Path 

END SET External Setup

----------------------------------------------------

SET Clock to Output

No Path 

END SET Clock to Output

----------------------------------------------------

SET Register to Asynchronous

No Path 

END SET Register to Asynchronous

----------------------------------------------------

SET External Recovery

No Path 

END SET External Recovery

----------------------------------------------------

SET Asynchronous to Register

No Path 

END SET Asynchronous to Register

----------------------------------------------------

Clock Domain TCK

SET Register to Register

Path 1
  From: CoreJTAGDebug_TRSTN_C0_0/CoreJTAGDebug_TRSTN_C0_0/genblk1.genblk1.genblk1.UJTAG_inst:UDRCK
  To:   MIV_RV32_CFG1_C0_0/MIV_RV32_CFG1_C0_0/u_ipcore_0/gen_subsys_debug.u_subsys_debug_unit_0/MIV_subsys_debug_transport_module_jtag_0/gen_current_state_register_active_high.gen_current_state_register_active_low.currTapState[4]:D
  Delay (ns):             18.036
  Slack (ns):             69.138
  Arrival (ns):           20.595
  Required (ns):          89.733
  Setup (ns):              0.000
  Minimum Period (ns):    28.364
  Operating Conditions: slow_lv_ht

Path 2
  From: CoreJTAGDebug_TRSTN_C0_0/CoreJTAGDebug_TRSTN_C0_0/genblk1.genblk1.genblk1.UJTAG_inst:UDRCK
  To:   MIV_RV32_CFG1_C0_0/MIV_RV32_CFG1_C0_0/u_ipcore_0/gen_subsys_debug.u_subsys_debug_unit_0/MIV_subsys_debug_transport_module_jtag_0/gen_current_state_register_active_high.gen_current_state_register_active_low.currTapState[1]:D
  Delay (ns):             18.030
  Slack (ns):             69.144
  Arrival (ns):           20.589
  Required (ns):          89.733
  Setup (ns):              0.000
  Minimum Period (ns):    28.352
  Operating Conditions: slow_lv_ht

Path 3
  From: CoreJTAGDebug_TRSTN_C0_0/CoreJTAGDebug_TRSTN_C0_0/genblk1.genblk1.genblk1.UJTAG_inst:UDRCK
  To:   MIV_RV32_CFG1_C0_0/MIV_RV32_CFG1_C0_0/u_ipcore_0/gen_subsys_debug.u_subsys_debug_unit_0/MIV_subsys_debug_transport_module_jtag_0/gen_current_state_register_active_high.gen_current_state_register_active_low.currTapState[2]:D
  Delay (ns):             17.828
  Slack (ns):             69.346
  Arrival (ns):           20.387
  Required (ns):          89.733
  Setup (ns):              0.000
  Minimum Period (ns):    27.948
  Operating Conditions: slow_lv_ht

Path 4
  From: CoreJTAGDebug_TRSTN_C0_0/CoreJTAGDebug_TRSTN_C0_0/genblk1.genblk1.genblk1.UJTAG_inst:UDRCK
  To:   MIV_RV32_CFG1_C0_0/MIV_RV32_CFG1_C0_0/u_ipcore_0/gen_subsys_debug.u_subsys_debug_unit_0/MIV_subsys_debug_transport_module_jtag_0/gen_current_state_register_active_high.gen_current_state_register_active_low.currTapState[5]:D
  Delay (ns):             17.817
  Slack (ns):             69.357
  Arrival (ns):           20.376
  Required (ns):          89.733
  Setup (ns):              0.000
  Minimum Period (ns):    27.926
  Operating Conditions: slow_lv_ht

Path 5
  From: CoreJTAGDebug_TRSTN_C0_0/CoreJTAGDebug_TRSTN_C0_0/genblk1.genblk1.genblk1.UJTAG_inst:UDRCK
  To:   MIV_RV32_CFG1_C0_0/MIV_RV32_CFG1_C0_0/u_ipcore_0/gen_subsys_debug.u_subsys_debug_unit_0/MIV_subsys_debug_transport_module_jtag_0/gen_current_state_register_active_high.gen_current_state_register_active_low.currTapState[7]:D
  Delay (ns):             17.816
  Slack (ns):             69.358
  Arrival (ns):           20.375
  Required (ns):          89.733
  Setup (ns):              0.000
  Minimum Period (ns):    27.924
  Operating Conditions: slow_lv_ht


Expanded Path 1
  From: CoreJTAGDebug_TRSTN_C0_0/CoreJTAGDebug_TRSTN_C0_0/genblk1.genblk1.genblk1.UJTAG_inst:UDRCK
  To: MIV_RV32_CFG1_C0_0/MIV_RV32_CFG1_C0_0/u_ipcore_0/gen_subsys_debug.u_subsys_debug_unit_0/MIV_subsys_debug_transport_module_jtag_0/gen_current_state_register_active_high.gen_current_state_register_active_low.currTapState[4]:D
  data required time                                 89.733
  data arrival time                          -       20.595
  slack                                              69.138
  ________________________________________________________
  Data arrival time calculation
  0.000                        TCK
               +     0.000          Clock source
  0.000                        TCK (f)
               +     0.000          net: TCK
  0.000                        CoreJTAGDebug_TRSTN_C0_0/CoreJTAGDebug_TRSTN_C0_0/genblk1.genblk1.genblk1.UJTAG_inst:TCK (f)
               +     2.559          cell: ADLIB:UJTAG_SEC
  2.559                        CoreJTAGDebug_TRSTN_C0_0/CoreJTAGDebug_TRSTN_C0_0/genblk1.genblk1.genblk1.UJTAG_inst:UDRCK (f)
               +     6.136          cell: ADLIB:UJTAG_SEC
  8.695                        CoreJTAGDebug_TRSTN_C0_0/CoreJTAGDebug_TRSTN_C0_0/genblk1.genblk1.genblk1.UJTAG_inst:UTDI (r)
               +     1.274          net: CoreJTAGDebug_TRSTN_C0_0/CoreJTAGDebug_TRSTN_C0_0/UTDIInt_UTDI
  9.969                        CoreJTAGDebug_TRSTN_C0_0/CoreJTAGDebug_TRSTN_C0_0/genblk1.genblk1.genblk1.UJTAG_inst_UTDI:A (r)
               +     0.238          cell: ADLIB:CFG1D
  10.207                       CoreJTAGDebug_TRSTN_C0_0/CoreJTAGDebug_TRSTN_C0_0/genblk1.genblk1.genblk1.UJTAG_inst_UTDI:Y (r)
               +     0.156          net: CoreJTAGDebug_TRSTN_C0_0/CoreJTAGDebug_TRSTN_C0_0/UTDIInt_UTDI_2
  10.363                       CoreJTAGDebug_TRSTN_C0_0/CoreJTAGDebug_TRSTN_C0_0/genblk1.genblk1.genblk1.UJTAG_inst_2_UTDI:A (r)
               +     0.238          cell: ADLIB:CFG1D
  10.601                       CoreJTAGDebug_TRSTN_C0_0/CoreJTAGDebug_TRSTN_C0_0/genblk1.genblk1.genblk1.UJTAG_inst_2_UTDI:Y (r)
               +     0.158          net: CoreJTAGDebug_TRSTN_C0_0/CoreJTAGDebug_TRSTN_C0_0/UTDIInt_UTDI_3
  10.759                       CoreJTAGDebug_TRSTN_C0_0/CoreJTAGDebug_TRSTN_C0_0/genblk1.genblk1.genblk1.UJTAG_inst_3_UTDI:A (r)
               +     0.238          cell: ADLIB:CFG1D
  10.997                       CoreJTAGDebug_TRSTN_C0_0/CoreJTAGDebug_TRSTN_C0_0/genblk1.genblk1.genblk1.UJTAG_inst_3_UTDI:Y (r)
               +     0.069          net: CoreJTAGDebug_TRSTN_C0_0/CoreJTAGDebug_TRSTN_C0_0/UTDIInt
  11.066                       CoreJTAGDebug_TRSTN_C0_0/CoreJTAGDebug_TRSTN_C0_0/genblk3.genblk1.UJ_JTAG/dut_tms_int:B (r)
               +     0.078          cell: ADLIB:CFG3
  11.144                       CoreJTAGDebug_TRSTN_C0_0/CoreJTAGDebug_TRSTN_C0_0/genblk3.genblk1.UJ_JTAG/dut_tms_int:Y (r)
               +     0.119          net: CoreJTAGDebug_TRSTN_C0_0/CoreJTAGDebug_TRSTN_C0_0/genblk3.genblk1.UJ_JTAG/dut_tms_int_Z
  11.263                       CoreJTAGDebug_TRSTN_C0_0/CoreJTAGDebug_TRSTN_C0_0/genblk3.genblk1.UJ_JTAG/BUFD_TMS/bufd_gen[0].BUFD_BLK:A (r)
               +     0.078          cell: ADLIB:CFG1
  11.341                       CoreJTAGDebug_TRSTN_C0_0/CoreJTAGDebug_TRSTN_C0_0/genblk3.genblk1.UJ_JTAG/BUFD_TMS/bufd_gen[0].BUFD_BLK:Y (r)
               +     0.073          net: CoreJTAGDebug_TRSTN_C0_0/CoreJTAGDebug_TRSTN_C0_0/genblk3.genblk1.UJ_JTAG/BUFD_TMS/delay_sel[1]
  11.414                       CoreJTAGDebug_TRSTN_C0_0/CoreJTAGDebug_TRSTN_C0_0/genblk3.genblk1.UJ_JTAG/BUFD_TMS/bufd_gen[1].BUFD_BLK:A (r)
               +     0.078          cell: ADLIB:CFG1
  11.492                       CoreJTAGDebug_TRSTN_C0_0/CoreJTAGDebug_TRSTN_C0_0/genblk3.genblk1.UJ_JTAG/BUFD_TMS/bufd_gen[1].BUFD_BLK:Y (r)
               +     0.064          net: CoreJTAGDebug_TRSTN_C0_0/CoreJTAGDebug_TRSTN_C0_0/genblk3.genblk1.UJ_JTAG/BUFD_TMS/delay_sel[2]
  11.556                       CoreJTAGDebug_TRSTN_C0_0/CoreJTAGDebug_TRSTN_C0_0/genblk3.genblk1.UJ_JTAG/BUFD_TMS/bufd_gen[2].BUFD_BLK:A (r)
               +     0.078          cell: ADLIB:CFG1
  11.634                       CoreJTAGDebug_TRSTN_C0_0/CoreJTAGDebug_TRSTN_C0_0/genblk3.genblk1.UJ_JTAG/BUFD_TMS/bufd_gen[2].BUFD_BLK:Y (r)
               +     0.125          net: CoreJTAGDebug_TRSTN_C0_0/CoreJTAGDebug_TRSTN_C0_0/genblk3.genblk1.UJ_JTAG/BUFD_TMS/delay_sel[3]
  11.759                       CoreJTAGDebug_TRSTN_C0_0/CoreJTAGDebug_TRSTN_C0_0/genblk3.genblk1.UJ_JTAG/BUFD_TMS/bufd_gen[3].BUFD_BLK:A (r)
               +     0.078          cell: ADLIB:CFG1
  11.837                       CoreJTAGDebug_TRSTN_C0_0/CoreJTAGDebug_TRSTN_C0_0/genblk3.genblk1.UJ_JTAG/BUFD_TMS/bufd_gen[3].BUFD_BLK:Y (r)
               +     0.082          net: CoreJTAGDebug_TRSTN_C0_0/CoreJTAGDebug_TRSTN_C0_0/genblk3.genblk1.UJ_JTAG/BUFD_TMS/delay_sel[4]
  11.919                       CoreJTAGDebug_TRSTN_C0_0/CoreJTAGDebug_TRSTN_C0_0/genblk3.genblk1.UJ_JTAG/BUFD_TMS/bufd_gen[4].BUFD_BLK:A (r)
               +     0.078          cell: ADLIB:CFG1
  11.997                       CoreJTAGDebug_TRSTN_C0_0/CoreJTAGDebug_TRSTN_C0_0/genblk3.genblk1.UJ_JTAG/BUFD_TMS/bufd_gen[4].BUFD_BLK:Y (r)
               +     0.067          net: CoreJTAGDebug_TRSTN_C0_0/CoreJTAGDebug_TRSTN_C0_0/genblk3.genblk1.UJ_JTAG/BUFD_TMS/delay_sel[5]
  12.064                       CoreJTAGDebug_TRSTN_C0_0/CoreJTAGDebug_TRSTN_C0_0/genblk3.genblk1.UJ_JTAG/BUFD_TMS/bufd_gen[5].BUFD_BLK:A (r)
               +     0.078          cell: ADLIB:CFG1
  12.142                       CoreJTAGDebug_TRSTN_C0_0/CoreJTAGDebug_TRSTN_C0_0/genblk3.genblk1.UJ_JTAG/BUFD_TMS/bufd_gen[5].BUFD_BLK:Y (r)
               +     0.084          net: CoreJTAGDebug_TRSTN_C0_0/CoreJTAGDebug_TRSTN_C0_0/genblk3.genblk1.UJ_JTAG/BUFD_TMS/delay_sel[6]
  12.226                       CoreJTAGDebug_TRSTN_C0_0/CoreJTAGDebug_TRSTN_C0_0/genblk3.genblk1.UJ_JTAG/BUFD_TMS/bufd_gen[6].BUFD_BLK:A (r)
               +     0.078          cell: ADLIB:CFG1
  12.304                       CoreJTAGDebug_TRSTN_C0_0/CoreJTAGDebug_TRSTN_C0_0/genblk3.genblk1.UJ_JTAG/BUFD_TMS/bufd_gen[6].BUFD_BLK:Y (r)
               +     0.708          net: CoreJTAGDebug_TRSTN_C0_0/CoreJTAGDebug_TRSTN_C0_0/genblk3.genblk1.UJ_JTAG/BUFD_TMS/delay_sel[7]
  13.012                       CoreJTAGDebug_TRSTN_C0_0/CoreJTAGDebug_TRSTN_C0_0/genblk3.genblk1.UJ_JTAG/BUFD_TMS/bufd_gen[7].BUFD_BLK:A (r)
               +     0.078          cell: ADLIB:CFG1
  13.090                       CoreJTAGDebug_TRSTN_C0_0/CoreJTAGDebug_TRSTN_C0_0/genblk3.genblk1.UJ_JTAG/BUFD_TMS/bufd_gen[7].BUFD_BLK:Y (r)
               +     0.119          net: CoreJTAGDebug_TRSTN_C0_0/CoreJTAGDebug_TRSTN_C0_0/genblk3.genblk1.UJ_JTAG/BUFD_TMS/delay_sel[8]
  13.209                       CoreJTAGDebug_TRSTN_C0_0/CoreJTAGDebug_TRSTN_C0_0/genblk3.genblk1.UJ_JTAG/BUFD_TMS/bufd_gen[8].BUFD_BLK:A (r)
               +     0.078          cell: ADLIB:CFG1
  13.287                       CoreJTAGDebug_TRSTN_C0_0/CoreJTAGDebug_TRSTN_C0_0/genblk3.genblk1.UJ_JTAG/BUFD_TMS/bufd_gen[8].BUFD_BLK:Y (r)
               +     0.077          net: CoreJTAGDebug_TRSTN_C0_0/CoreJTAGDebug_TRSTN_C0_0/genblk3.genblk1.UJ_JTAG/BUFD_TMS/delay_sel[9]
  13.364                       CoreJTAGDebug_TRSTN_C0_0/CoreJTAGDebug_TRSTN_C0_0/genblk3.genblk1.UJ_JTAG/BUFD_TMS/bufd_gen[9].BUFD_BLK:A (r)
               +     0.078          cell: ADLIB:CFG1
  13.442                       CoreJTAGDebug_TRSTN_C0_0/CoreJTAGDebug_TRSTN_C0_0/genblk3.genblk1.UJ_JTAG/BUFD_TMS/bufd_gen[9].BUFD_BLK:Y (r)
               +     0.064          net: CoreJTAGDebug_TRSTN_C0_0/CoreJTAGDebug_TRSTN_C0_0/genblk3.genblk1.UJ_JTAG/BUFD_TMS/delay_sel[10]
  13.506                       CoreJTAGDebug_TRSTN_C0_0/CoreJTAGDebug_TRSTN_C0_0/genblk3.genblk1.UJ_JTAG/BUFD_TMS/bufd_gen[10].BUFD_BLK:A (r)
               +     0.078          cell: ADLIB:CFG1
  13.584                       CoreJTAGDebug_TRSTN_C0_0/CoreJTAGDebug_TRSTN_C0_0/genblk3.genblk1.UJ_JTAG/BUFD_TMS/bufd_gen[10].BUFD_BLK:Y (r)
               +     0.076          net: CoreJTAGDebug_TRSTN_C0_0/CoreJTAGDebug_TRSTN_C0_0/genblk3.genblk1.UJ_JTAG/BUFD_TMS/delay_sel[11]
  13.660                       CoreJTAGDebug_TRSTN_C0_0/CoreJTAGDebug_TRSTN_C0_0/genblk3.genblk1.UJ_JTAG/BUFD_TMS/bufd_gen[11].BUFD_BLK:A (r)
               +     0.078          cell: ADLIB:CFG1
  13.738                       CoreJTAGDebug_TRSTN_C0_0/CoreJTAGDebug_TRSTN_C0_0/genblk3.genblk1.UJ_JTAG/BUFD_TMS/bufd_gen[11].BUFD_BLK:Y (r)
               +     0.077          net: CoreJTAGDebug_TRSTN_C0_0/CoreJTAGDebug_TRSTN_C0_0/genblk3.genblk1.UJ_JTAG/BUFD_TMS/delay_sel[12]
  13.815                       CoreJTAGDebug_TRSTN_C0_0/CoreJTAGDebug_TRSTN_C0_0/genblk3.genblk1.UJ_JTAG/BUFD_TMS/bufd_gen[12].BUFD_BLK:A (r)
               +     0.078          cell: ADLIB:CFG1
  13.893                       CoreJTAGDebug_TRSTN_C0_0/CoreJTAGDebug_TRSTN_C0_0/genblk3.genblk1.UJ_JTAG/BUFD_TMS/bufd_gen[12].BUFD_BLK:Y (r)
               +     0.121          net: CoreJTAGDebug_TRSTN_C0_0/CoreJTAGDebug_TRSTN_C0_0/genblk3.genblk1.UJ_JTAG/BUFD_TMS/delay_sel[13]
  14.014                       CoreJTAGDebug_TRSTN_C0_0/CoreJTAGDebug_TRSTN_C0_0/genblk3.genblk1.UJ_JTAG/BUFD_TMS/bufd_gen[13].BUFD_BLK:A (r)
               +     0.078          cell: ADLIB:CFG1
  14.092                       CoreJTAGDebug_TRSTN_C0_0/CoreJTAGDebug_TRSTN_C0_0/genblk3.genblk1.UJ_JTAG/BUFD_TMS/bufd_gen[13].BUFD_BLK:Y (r)
               +     0.076          net: CoreJTAGDebug_TRSTN_C0_0/CoreJTAGDebug_TRSTN_C0_0/genblk3.genblk1.UJ_JTAG/BUFD_TMS/delay_sel[14]
  14.168                       CoreJTAGDebug_TRSTN_C0_0/CoreJTAGDebug_TRSTN_C0_0/genblk3.genblk1.UJ_JTAG/BUFD_TMS/bufd_gen[14].BUFD_BLK:A (r)
               +     0.078          cell: ADLIB:CFG1
  14.246                       CoreJTAGDebug_TRSTN_C0_0/CoreJTAGDebug_TRSTN_C0_0/genblk3.genblk1.UJ_JTAG/BUFD_TMS/bufd_gen[14].BUFD_BLK:Y (r)
               +     0.119          net: CoreJTAGDebug_TRSTN_C0_0/CoreJTAGDebug_TRSTN_C0_0/genblk3.genblk1.UJ_JTAG/BUFD_TMS/delay_sel[15]
  14.365                       CoreJTAGDebug_TRSTN_C0_0/CoreJTAGDebug_TRSTN_C0_0/genblk3.genblk1.UJ_JTAG/BUFD_TMS/bufd_gen[15].BUFD_BLK:A (r)
               +     0.078          cell: ADLIB:CFG1
  14.443                       CoreJTAGDebug_TRSTN_C0_0/CoreJTAGDebug_TRSTN_C0_0/genblk3.genblk1.UJ_JTAG/BUFD_TMS/bufd_gen[15].BUFD_BLK:Y (r)
               +     0.073          net: CoreJTAGDebug_TRSTN_C0_0/CoreJTAGDebug_TRSTN_C0_0/genblk3.genblk1.UJ_JTAG/BUFD_TMS/delay_sel[16]
  14.516                       CoreJTAGDebug_TRSTN_C0_0/CoreJTAGDebug_TRSTN_C0_0/genblk3.genblk1.UJ_JTAG/BUFD_TMS/bufd_gen[16].BUFD_BLK:A (r)
               +     0.078          cell: ADLIB:CFG1
  14.594                       CoreJTAGDebug_TRSTN_C0_0/CoreJTAGDebug_TRSTN_C0_0/genblk3.genblk1.UJ_JTAG/BUFD_TMS/bufd_gen[16].BUFD_BLK:Y (r)
               +     0.064          net: CoreJTAGDebug_TRSTN_C0_0/CoreJTAGDebug_TRSTN_C0_0/genblk3.genblk1.UJ_JTAG/BUFD_TMS/delay_sel[17]
  14.658                       CoreJTAGDebug_TRSTN_C0_0/CoreJTAGDebug_TRSTN_C0_0/genblk3.genblk1.UJ_JTAG/BUFD_TMS/bufd_gen[17].BUFD_BLK:A (r)
               +     0.078          cell: ADLIB:CFG1
  14.736                       CoreJTAGDebug_TRSTN_C0_0/CoreJTAGDebug_TRSTN_C0_0/genblk3.genblk1.UJ_JTAG/BUFD_TMS/bufd_gen[17].BUFD_BLK:Y (r)
               +     0.078          net: CoreJTAGDebug_TRSTN_C0_0/CoreJTAGDebug_TRSTN_C0_0/genblk3.genblk1.UJ_JTAG/BUFD_TMS/delay_sel[18]
  14.814                       CoreJTAGDebug_TRSTN_C0_0/CoreJTAGDebug_TRSTN_C0_0/genblk3.genblk1.UJ_JTAG/BUFD_TMS/bufd_gen[18].BUFD_BLK:A (r)
               +     0.078          cell: ADLIB:CFG1
  14.892                       CoreJTAGDebug_TRSTN_C0_0/CoreJTAGDebug_TRSTN_C0_0/genblk3.genblk1.UJ_JTAG/BUFD_TMS/bufd_gen[18].BUFD_BLK:Y (r)
               +     0.826          net: CoreJTAGDebug_TRSTN_C0_0/CoreJTAGDebug_TRSTN_C0_0/genblk3.genblk1.UJ_JTAG/BUFD_TMS/delay_sel[19]
  15.718                       CoreJTAGDebug_TRSTN_C0_0/CoreJTAGDebug_TRSTN_C0_0/genblk3.genblk1.UJ_JTAG/BUFD_TMS/bufd_gen[19].BUFD_BLK:A (r)
               +     0.053          cell: ADLIB:CFG1
  15.771                       CoreJTAGDebug_TRSTN_C0_0/CoreJTAGDebug_TRSTN_C0_0/genblk3.genblk1.UJ_JTAG/BUFD_TMS/bufd_gen[19].BUFD_BLK:Y (r)
               +     0.126          net: CoreJTAGDebug_TRSTN_C0_0/CoreJTAGDebug_TRSTN_C0_0/genblk3.genblk1.UJ_JTAG/BUFD_TMS/delay_sel[20]
  15.897                       CoreJTAGDebug_TRSTN_C0_0/CoreJTAGDebug_TRSTN_C0_0/genblk3.genblk1.UJ_JTAG/BUFD_TMS/bufd_gen[20].BUFD_BLK:A (r)
               +     0.053          cell: ADLIB:CFG1
  15.950                       CoreJTAGDebug_TRSTN_C0_0/CoreJTAGDebug_TRSTN_C0_0/genblk3.genblk1.UJ_JTAG/BUFD_TMS/bufd_gen[20].BUFD_BLK:Y (r)
               +     0.054          net: CoreJTAGDebug_TRSTN_C0_0/CoreJTAGDebug_TRSTN_C0_0/genblk3.genblk1.UJ_JTAG/BUFD_TMS/delay_sel[21]
  16.004                       CoreJTAGDebug_TRSTN_C0_0/CoreJTAGDebug_TRSTN_C0_0/genblk3.genblk1.UJ_JTAG/BUFD_TMS/bufd_gen[21].BUFD_BLK:A (r)
               +     0.053          cell: ADLIB:CFG1
  16.057                       CoreJTAGDebug_TRSTN_C0_0/CoreJTAGDebug_TRSTN_C0_0/genblk3.genblk1.UJ_JTAG/BUFD_TMS/bufd_gen[21].BUFD_BLK:Y (r)
               +     0.113          net: CoreJTAGDebug_TRSTN_C0_0/CoreJTAGDebug_TRSTN_C0_0/genblk3.genblk1.UJ_JTAG/BUFD_TMS/delay_sel[22]
  16.170                       CoreJTAGDebug_TRSTN_C0_0/CoreJTAGDebug_TRSTN_C0_0/genblk3.genblk1.UJ_JTAG/BUFD_TMS/bufd_gen[22].BUFD_BLK:A (r)
               +     0.053          cell: ADLIB:CFG1
  16.223                       CoreJTAGDebug_TRSTN_C0_0/CoreJTAGDebug_TRSTN_C0_0/genblk3.genblk1.UJ_JTAG/BUFD_TMS/bufd_gen[22].BUFD_BLK:Y (r)
               +     0.116          net: CoreJTAGDebug_TRSTN_C0_0/CoreJTAGDebug_TRSTN_C0_0/genblk3.genblk1.UJ_JTAG/BUFD_TMS/delay_sel[23]
  16.339                       CoreJTAGDebug_TRSTN_C0_0/CoreJTAGDebug_TRSTN_C0_0/genblk3.genblk1.UJ_JTAG/BUFD_TMS/bufd_gen[23].BUFD_BLK:A (r)
               +     0.090          cell: ADLIB:CFG1
  16.429                       CoreJTAGDebug_TRSTN_C0_0/CoreJTAGDebug_TRSTN_C0_0/genblk3.genblk1.UJ_JTAG/BUFD_TMS/bufd_gen[23].BUFD_BLK:Y (r)
               +     0.066          net: CoreJTAGDebug_TRSTN_C0_0/CoreJTAGDebug_TRSTN_C0_0/genblk3.genblk1.UJ_JTAG/BUFD_TMS/delay_sel[24]
  16.495                       CoreJTAGDebug_TRSTN_C0_0/CoreJTAGDebug_TRSTN_C0_0/genblk3.genblk1.UJ_JTAG/BUFD_TMS/bufd_gen[24].BUFD_BLK:A (r)
               +     0.053          cell: ADLIB:CFG1
  16.548                       CoreJTAGDebug_TRSTN_C0_0/CoreJTAGDebug_TRSTN_C0_0/genblk3.genblk1.UJ_JTAG/BUFD_TMS/bufd_gen[24].BUFD_BLK:Y (r)
               +     0.056          net: CoreJTAGDebug_TRSTN_C0_0/CoreJTAGDebug_TRSTN_C0_0/genblk3.genblk1.UJ_JTAG/BUFD_TMS/delay_sel[25]
  16.604                       CoreJTAGDebug_TRSTN_C0_0/CoreJTAGDebug_TRSTN_C0_0/genblk3.genblk1.UJ_JTAG/BUFD_TMS/bufd_gen[25].BUFD_BLK:A (r)
               +     0.053          cell: ADLIB:CFG1
  16.657                       CoreJTAGDebug_TRSTN_C0_0/CoreJTAGDebug_TRSTN_C0_0/genblk3.genblk1.UJ_JTAG/BUFD_TMS/bufd_gen[25].BUFD_BLK:Y (r)
               +     0.113          net: CoreJTAGDebug_TRSTN_C0_0/CoreJTAGDebug_TRSTN_C0_0/genblk3.genblk1.UJ_JTAG/BUFD_TMS/delay_sel[26]
  16.770                       CoreJTAGDebug_TRSTN_C0_0/CoreJTAGDebug_TRSTN_C0_0/genblk3.genblk1.UJ_JTAG/BUFD_TMS/bufd_gen[26].BUFD_BLK:A (r)
               +     0.053          cell: ADLIB:CFG1
  16.823                       CoreJTAGDebug_TRSTN_C0_0/CoreJTAGDebug_TRSTN_C0_0/genblk3.genblk1.UJ_JTAG/BUFD_TMS/bufd_gen[26].BUFD_BLK:Y (r)
               +     0.068          net: CoreJTAGDebug_TRSTN_C0_0/CoreJTAGDebug_TRSTN_C0_0/genblk3.genblk1.UJ_JTAG/BUFD_TMS/delay_sel[27]
  16.891                       CoreJTAGDebug_TRSTN_C0_0/CoreJTAGDebug_TRSTN_C0_0/genblk3.genblk1.UJ_JTAG/BUFD_TMS/bufd_gen[27].BUFD_BLK:A (r)
               +     0.053          cell: ADLIB:CFG1
  16.944                       CoreJTAGDebug_TRSTN_C0_0/CoreJTAGDebug_TRSTN_C0_0/genblk3.genblk1.UJ_JTAG/BUFD_TMS/bufd_gen[27].BUFD_BLK:Y (r)
               +     0.601          net: CoreJTAGDebug_TRSTN_C0_0/CoreJTAGDebug_TRSTN_C0_0/genblk3.genblk1.UJ_JTAG/BUFD_TMS/delay_sel[28]
  17.545                       CoreJTAGDebug_TRSTN_C0_0/CoreJTAGDebug_TRSTN_C0_0/genblk3.genblk1.UJ_JTAG/BUFD_TMS/bufd_gen[28].BUFD_BLK:A (r)
               +     0.053          cell: ADLIB:CFG1
  17.598                       CoreJTAGDebug_TRSTN_C0_0/CoreJTAGDebug_TRSTN_C0_0/genblk3.genblk1.UJ_JTAG/BUFD_TMS/bufd_gen[28].BUFD_BLK:Y (r)
               +     0.058          net: CoreJTAGDebug_TRSTN_C0_0/CoreJTAGDebug_TRSTN_C0_0/genblk3.genblk1.UJ_JTAG/BUFD_TMS/delay_sel[29]
  17.656                       CoreJTAGDebug_TRSTN_C0_0/CoreJTAGDebug_TRSTN_C0_0/genblk3.genblk1.UJ_JTAG/BUFD_TMS/bufd_gen[29].BUFD_BLK:A (r)
               +     0.090          cell: ADLIB:CFG1
  17.746                       CoreJTAGDebug_TRSTN_C0_0/CoreJTAGDebug_TRSTN_C0_0/genblk3.genblk1.UJ_JTAG/BUFD_TMS/bufd_gen[29].BUFD_BLK:Y (r)
               +     0.111          net: CoreJTAGDebug_TRSTN_C0_0/CoreJTAGDebug_TRSTN_C0_0/genblk3.genblk1.UJ_JTAG/BUFD_TMS/delay_sel[30]
  17.857                       CoreJTAGDebug_TRSTN_C0_0/CoreJTAGDebug_TRSTN_C0_0/genblk3.genblk1.UJ_JTAG/BUFD_TMS/bufd_gen[30].BUFD_BLK:A (r)
               +     0.053          cell: ADLIB:CFG1
  17.910                       CoreJTAGDebug_TRSTN_C0_0/CoreJTAGDebug_TRSTN_C0_0/genblk3.genblk1.UJ_JTAG/BUFD_TMS/bufd_gen[30].BUFD_BLK:Y (r)
               +     0.068          net: CoreJTAGDebug_TRSTN_C0_0/CoreJTAGDebug_TRSTN_C0_0/genblk3.genblk1.UJ_JTAG/BUFD_TMS/delay_sel[31]
  17.978                       CoreJTAGDebug_TRSTN_C0_0/CoreJTAGDebug_TRSTN_C0_0/genblk3.genblk1.UJ_JTAG/BUFD_TMS/bufd_gen[31].BUFD_BLK:A (r)
               +     0.053          cell: ADLIB:CFG1
  18.031                       CoreJTAGDebug_TRSTN_C0_0/CoreJTAGDebug_TRSTN_C0_0/genblk3.genblk1.UJ_JTAG/BUFD_TMS/bufd_gen[31].BUFD_BLK:Y (r)
               +     0.053          net: CoreJTAGDebug_TRSTN_C0_0/CoreJTAGDebug_TRSTN_C0_0/genblk3.genblk1.UJ_JTAG/BUFD_TMS/delay_sel[32]
  18.084                       CoreJTAGDebug_TRSTN_C0_0/CoreJTAGDebug_TRSTN_C0_0/genblk3.genblk1.UJ_JTAG/BUFD_TMS/bufd_gen[32].BUFD_BLK:A (r)
               +     0.053          cell: ADLIB:CFG1
  18.137                       CoreJTAGDebug_TRSTN_C0_0/CoreJTAGDebug_TRSTN_C0_0/genblk3.genblk1.UJ_JTAG/BUFD_TMS/bufd_gen[32].BUFD_BLK:Y (r)
               +     0.066          net: CoreJTAGDebug_TRSTN_C0_0/CoreJTAGDebug_TRSTN_C0_0/genblk3.genblk1.UJ_JTAG/BUFD_TMS/delay_sel[33]
  18.203                       CoreJTAGDebug_TRSTN_C0_0/CoreJTAGDebug_TRSTN_C0_0/genblk3.genblk1.UJ_JTAG/BUFD_TMS/bufd_gen[33].BUFD_BLK:A (r)
               +     0.053          cell: ADLIB:CFG1
  18.256                       CoreJTAGDebug_TRSTN_C0_0/CoreJTAGDebug_TRSTN_C0_0/genblk3.genblk1.UJ_JTAG/BUFD_TMS/bufd_gen[33].BUFD_BLK:Y (r)
               +     1.701          net: CoreJTAGDebug_TRSTN_C0_0_TGT_TMS_0
  19.957                       MIV_RV32_CFG1_C0_0/MIV_RV32_CFG1_C0_0/u_ipcore_0/gen_subsys_debug.u_subsys_debug_unit_0/MIV_subsys_debug_transport_module_jtag_0/gen_current_state_register_active_high.gen_current_state_register_active_low.currTapState_ns_i_o2[4]:B (r)
               +     0.053          cell: ADLIB:CFG2
  20.010                       MIV_RV32_CFG1_C0_0/MIV_RV32_CFG1_C0_0/u_ipcore_0/gen_subsys_debug.u_subsys_debug_unit_0/MIV_subsys_debug_transport_module_jtag_0/gen_current_state_register_active_high.gen_current_state_register_active_low.currTapState_ns_i_o2[4]:Y (r)
               +     0.315          net: MIV_RV32_CFG1_C0_0/MIV_RV32_CFG1_C0_0/u_ipcore_0/gen_subsys_debug.u_subsys_debug_unit_0/MIV_subsys_debug_transport_module_jtag_0/N_117
  20.325                       MIV_RV32_CFG1_C0_0/MIV_RV32_CFG1_C0_0/u_ipcore_0/gen_subsys_debug.u_subsys_debug_unit_0/MIV_subsys_debug_transport_module_jtag_0/gen_current_state_register_active_high.gen_current_state_register_active_low.currTapState_RNO[4]:D (r)
               +     0.247          cell: ADLIB:CFG4
  20.572                       MIV_RV32_CFG1_C0_0/MIV_RV32_CFG1_C0_0/u_ipcore_0/gen_subsys_debug.u_subsys_debug_unit_0/MIV_subsys_debug_transport_module_jtag_0/gen_current_state_register_active_high.gen_current_state_register_active_low.currTapState_RNO[4]:Y (f)
               +     0.023          net: MIV_RV32_CFG1_C0_0/MIV_RV32_CFG1_C0_0/u_ipcore_0/gen_subsys_debug.u_subsys_debug_unit_0/MIV_subsys_debug_transport_module_jtag_0/N_95_i
  20.595                       MIV_RV32_CFG1_C0_0/MIV_RV32_CFG1_C0_0/u_ipcore_0/gen_subsys_debug.u_subsys_debug_unit_0/MIV_subsys_debug_transport_module_jtag_0/gen_current_state_register_active_high.gen_current_state_register_active_low.currTapState[4]:D (f)
                                    
  20.595                       data arrival time
  ________________________________________________________
  Data required time calculation
  83.340                       TCK
               +     0.000          Clock source
  83.340                       TCK (r)
               +     0.000          net: TCK
  83.340                       CoreJTAGDebug_TRSTN_C0_0/CoreJTAGDebug_TRSTN_C0_0/genblk1.genblk1.genblk1.UJTAG_inst:TCK (r)
               +     1.356          cell: ADLIB:UJTAG_SEC
  84.696                       CoreJTAGDebug_TRSTN_C0_0/CoreJTAGDebug_TRSTN_C0_0/genblk1.genblk1.genblk1.UJTAG_inst:UDRCK (r)
               +     0.272          net: CoreJTAGDebug_TRSTN_C0_0/CoreJTAGDebug_TRSTN_C0_0/N_2
  84.968                       CoreJTAGDebug_TRSTN_C0_0/CoreJTAGDebug_TRSTN_C0_0/N_2_inferred_clock_RNIMQNI2_1:A (r)
               +     0.211          cell: ADLIB:ICB_CLKINT
  85.179                       CoreJTAGDebug_TRSTN_C0_0/CoreJTAGDebug_TRSTN_C0_0/N_2_inferred_clock_RNIMQNI2_1:Y (r)
               +     0.133          net: CoreJTAGDebug_TRSTN_C0_0/CoreJTAGDebug_TRSTN_C0_0/N_2_inferred_clock_RNIMQNI2_NET
  85.312                       CoreJTAGDebug_TRSTN_C0_0/CoreJTAGDebug_TRSTN_C0_0/N_2_inferred_clock_RNIMQNI2:A (r)
               +     0.144          cell: ADLIB:GB
  85.456                       CoreJTAGDebug_TRSTN_C0_0/CoreJTAGDebug_TRSTN_C0_0/N_2_inferred_clock_RNIMQNI2:Y (r)
               +     0.351          net: CoreJTAGDebug_TRSTN_C0_0/CoreJTAGDebug_TRSTN_C0_0/N_2_inferred_clock_RNIMQNI2/U0_Y
  85.807                       CoreJTAGDebug_TRSTN_C0_0/CoreJTAGDebug_TRSTN_C0_0/N_2_inferred_clock_RNIMQNI2/U0_RGB1_RGB0:A (r)
               +     0.052          cell: ADLIB:RGB
  85.859                       CoreJTAGDebug_TRSTN_C0_0/CoreJTAGDebug_TRSTN_C0_0/N_2_inferred_clock_RNIMQNI2/U0_RGB1_RGB0:Y (f)
               +     0.445          net: CoreJTAGDebug_TRSTN_C0_0/CoreJTAGDebug_TRSTN_C0_0/N_2_inferred_clock_RNIMQNI2/U0_RGB1_RGB0_rgb_net_1
  86.304                       CoreJTAGDebug_TRSTN_C0_0/CoreJTAGDebug_TRSTN_C0_0/genblk3.genblk1.UJ_JTAG/un1_DUT_TCK_0:A (r)
               +     0.127          cell: ADLIB:CFG4
  86.431                       CoreJTAGDebug_TRSTN_C0_0/CoreJTAGDebug_TRSTN_C0_0/genblk3.genblk1.UJ_JTAG/un1_DUT_TCK_0:Y (f)
               +     1.075          net: CoreJTAGDebug_TRSTN_C0_0/CoreJTAGDebug_TRSTN_C0_0/un1_DUT_TCK
  87.506                       CoreJTAGDebug_TRSTN_C0_0/CoreJTAGDebug_TRSTN_C0_0/genblk3.genblk1.TGT_TCK_GLB:A (f)
               +     0.124          cell: ADLIB:GB
  87.630                       CoreJTAGDebug_TRSTN_C0_0/CoreJTAGDebug_TRSTN_C0_0/genblk3.genblk1.TGT_TCK_GLB:Y (f)
               +     0.354          net: CoreJTAGDebug_TRSTN_C0_0/CoreJTAGDebug_TRSTN_C0_0/genblk3.genblk1.TGT_TCK_GLB/U0_Y
  87.984                       CoreJTAGDebug_TRSTN_C0_0/CoreJTAGDebug_TRSTN_C0_0/genblk3.genblk1.TGT_TCK_GLB/U0_RGB1_RGB0:A (f)
               +     0.054          cell: ADLIB:RGB
  88.038                       CoreJTAGDebug_TRSTN_C0_0/CoreJTAGDebug_TRSTN_C0_0/genblk3.genblk1.TGT_TCK_GLB/U0_RGB1_RGB0:Y (r)
               +     0.398          net: CoreJTAGDebug_TRSTN_C0_0/CoreJTAGDebug_TRSTN_C0_0/genblk3.genblk1.TGT_TCK_GLB/U0_RGB1_RGB0_rgb_net_1
  88.436                       MIV_RV32_CFG1_C0_0/MIV_RV32_CFG1_C0_0/u_ipcore_0/gen_subsys_debug.u_subsys_debug_unit_0/MIV_subsys_debug_transport_module_jtag_0/gen_current_state_register_active_high.gen_current_state_register_active_low.currTapState[4]:CLK (r)
               +     1.316          
  89.752                       clock reconvergence pessimism
               -     0.019          
  89.733                       clock jitter
               -     0.000          Library setup time: ADLIB:SLE
  89.733                       MIV_RV32_CFG1_C0_0/MIV_RV32_CFG1_C0_0/u_ipcore_0/gen_subsys_debug.u_subsys_debug_unit_0/MIV_subsys_debug_transport_module_jtag_0/gen_current_state_register_active_high.gen_current_state_register_active_low.currTapState[4]:D
                                    
  89.733                       data required time


Operating Conditions : slow_lv_ht

END SET Register to Register

----------------------------------------------------

SET External Setup

No Path 

END SET External Setup

----------------------------------------------------

SET Clock to Output

No Path 

END SET Clock to Output

----------------------------------------------------

SET Register to Asynchronous

Path 1
  From: CoreJTAGDebug_TRSTN_C0_0/CoreJTAGDebug_TRSTN_C0_0/genblk1.genblk1.genblk1.UJTAG_inst:UDRCK
  To:   MIV_RV32_CFG1_C0_0/MIV_RV32_CFG1_C0_0/u_ipcore_0/gen_subsys_debug.u_subsys_debug_unit_0/MIV_subsys_debug_transport_module_jtag_0/genblk3.shift_active_high.shift_active_low.shiftDMI_ne_0:ALn
  Delay (ns):             13.599
  Slack (ns):             73.146
  Arrival (ns):           16.271
  Required (ns):          89.417
  Recovery (ns):           0.209
  Minimum Period (ns):    20.331
  Skew (ns):              -3.643
  Operating Conditions: slow_lv_ht

Path 2
  From: CoreJTAGDebug_TRSTN_C0_0/CoreJTAGDebug_TRSTN_C0_0/genblk1.genblk1.genblk1.UJTAG_inst:UDRCK
  To:   MIV_RV32_CFG1_C0_0/MIV_RV32_CFG1_C0_0/u_ipcore_0/gen_subsys_debug.u_subsys_debug_unit_0/MIV_subsys_debug_transport_module_jtag_0/genblk3.shift_active_high.shift_active_low.shiftDR_ne_0:ALn
  Delay (ns):             13.598
  Slack (ns):             73.147
  Arrival (ns):           16.270
  Required (ns):          89.417
  Recovery (ns):           0.209
  Minimum Period (ns):    20.329
  Skew (ns):              -3.643
  Operating Conditions: slow_lv_ht

Path 3
  From: CoreJTAGDebug_TRSTN_C0_0/CoreJTAGDebug_TRSTN_C0_0/genblk1.genblk1.genblk1.UJTAG_inst:UDRCK
  To:   MIV_RV32_CFG1_C0_0/MIV_RV32_CFG1_C0_0/u_ipcore_0/gen_subsys_debug.u_subsys_debug_unit_0/MIV_subsys_debug_transport_module_jtag_0/genblk3.shift_active_high.shift_active_low.shiftBP_ne_0:ALn
  Delay (ns):             13.597
  Slack (ns):             73.148
  Arrival (ns):           16.269
  Required (ns):          89.417
  Recovery (ns):           0.209
  Minimum Period (ns):    20.327
  Skew (ns):              -3.643
  Operating Conditions: slow_lv_ht

Path 4
  From: CoreJTAGDebug_TRSTN_C0_0/CoreJTAGDebug_TRSTN_C0_0/genblk1.genblk1.genblk1.UJTAG_inst:UDRCK
  To:   MIV_RV32_CFG1_C0_0/MIV_RV32_CFG1_C0_0/u_ipcore_0/gen_subsys_debug.u_subsys_debug_unit_0/MIV_subsys_debug_transport_module_jtag_0/ir_and_Instruction_register.gen_ir_and_Instruction_register_active_low.irReg[1]:ALn
  Delay (ns):             13.358
  Slack (ns):             73.400
  Arrival (ns):           16.030
  Required (ns):          89.430
  Recovery (ns):           0.209
  Minimum Period (ns):    19.823
  Skew (ns):              -3.656
  Operating Conditions: slow_lv_ht

Path 5
  From: CoreJTAGDebug_TRSTN_C0_0/CoreJTAGDebug_TRSTN_C0_0/genblk1.genblk1.genblk1.UJTAG_inst:UDRCK
  To:   MIV_RV32_CFG1_C0_0/MIV_RV32_CFG1_C0_0/u_ipcore_0/gen_subsys_debug.u_subsys_debug_unit_0/MIV_subsys_debug_transport_module_jtag_0/ir_and_Instruction_register.gen_ir_and_Instruction_register_active_low.irReg[0]:ALn
  Delay (ns):             13.358
  Slack (ns):             73.400
  Arrival (ns):           16.030
  Required (ns):          89.430
  Recovery (ns):           0.209
  Minimum Period (ns):    19.823
  Skew (ns):              -3.656
  Operating Conditions: slow_lv_ht


Expanded Path 1
  From: CoreJTAGDebug_TRSTN_C0_0/CoreJTAGDebug_TRSTN_C0_0/genblk1.genblk1.genblk1.UJTAG_inst:UDRCK
  To: MIV_RV32_CFG1_C0_0/MIV_RV32_CFG1_C0_0/u_ipcore_0/gen_subsys_debug.u_subsys_debug_unit_0/MIV_subsys_debug_transport_module_jtag_0/genblk3.shift_active_high.shift_active_low.shiftDMI_ne_0:ALn
  data required time                                 89.417
  data arrival time                          -       16.271
  slack                                              73.146
  ________________________________________________________
  Data arrival time calculation
  0.000                        TCK
               +     0.000          Clock source
  0.000                        TCK (r)
               +     0.000          net: TCK
  0.000                        CoreJTAGDebug_TRSTN_C0_0/CoreJTAGDebug_TRSTN_C0_0/genblk1.genblk1.genblk1.UJTAG_inst:TCK (r)
               +     2.672          cell: ADLIB:UJTAG_SEC
  2.672                        CoreJTAGDebug_TRSTN_C0_0/CoreJTAGDebug_TRSTN_C0_0/genblk1.genblk1.genblk1.UJTAG_inst:UDRCK (r)
               +     2.400          cell: ADLIB:UJTAG_SEC
  5.072                        CoreJTAGDebug_TRSTN_C0_0/CoreJTAGDebug_TRSTN_C0_0/genblk1.genblk1.genblk1.UJTAG_inst:URSTB (r)
               +     1.297          net: CoreJTAGDebug_TRSTN_C0_0/CoreJTAGDebug_TRSTN_C0_0/iURSTB_URSTB
  6.369                        CoreJTAGDebug_TRSTN_C0_0/CoreJTAGDebug_TRSTN_C0_0/genblk1.genblk1.genblk1.UJTAG_inst_URSTB:A (r)
               +     0.200          cell: ADLIB:CFG1D
  6.569                        CoreJTAGDebug_TRSTN_C0_0/CoreJTAGDebug_TRSTN_C0_0/genblk1.genblk1.genblk1.UJTAG_inst_URSTB:Y (r)
               +     0.099          net: CoreJTAGDebug_TRSTN_C0_0/CoreJTAGDebug_TRSTN_C0_0/iURSTB_URSTB_2
  6.668                        CoreJTAGDebug_TRSTN_C0_0/CoreJTAGDebug_TRSTN_C0_0/genblk1.genblk1.genblk1.UJTAG_inst_2_URSTB:A (r)
               +     0.200          cell: ADLIB:CFG1D
  6.868                        CoreJTAGDebug_TRSTN_C0_0/CoreJTAGDebug_TRSTN_C0_0/genblk1.genblk1.genblk1.UJTAG_inst_2_URSTB:Y (r)
               +     0.162          net: CoreJTAGDebug_TRSTN_C0_0/CoreJTAGDebug_TRSTN_C0_0/iURSTB_URSTB_3
  7.030                        CoreJTAGDebug_TRSTN_C0_0/CoreJTAGDebug_TRSTN_C0_0/genblk1.genblk1.genblk1.UJTAG_inst_3_URSTB:A (r)
               +     0.200          cell: ADLIB:CFG1D
  7.230                        CoreJTAGDebug_TRSTN_C0_0/CoreJTAGDebug_TRSTN_C0_0/genblk1.genblk1.genblk1.UJTAG_inst_3_URSTB:Y (r)
               +     0.069          net: CoreJTAGDebug_TRSTN_C0_0/CoreJTAGDebug_TRSTN_C0_0/iURSTB
  7.299                        CoreJTAGDebug_TRSTN_C0_0/CoreJTAGDebug_TRSTN_C0_0/genblk2.genblk2[0].BUFD_TRST/bufd_gen[0].BUFD_BLK:A (r)
               +     0.053          cell: ADLIB:CFG1
  7.352                        CoreJTAGDebug_TRSTN_C0_0/CoreJTAGDebug_TRSTN_C0_0/genblk2.genblk2[0].BUFD_TRST/bufd_gen[0].BUFD_BLK:Y (r)
               +     0.056          net: CoreJTAGDebug_TRSTN_C0_0/CoreJTAGDebug_TRSTN_C0_0/genblk2.genblk2[0].BUFD_TRST/delay_sel[1]
  7.408                        CoreJTAGDebug_TRSTN_C0_0/CoreJTAGDebug_TRSTN_C0_0/genblk2.genblk2[0].BUFD_TRST/bufd_gen[1].BUFD_BLK:A (r)
               +     0.053          cell: ADLIB:CFG1
  7.461                        CoreJTAGDebug_TRSTN_C0_0/CoreJTAGDebug_TRSTN_C0_0/genblk2.genblk2[0].BUFD_TRST/bufd_gen[1].BUFD_BLK:Y (r)
               +     0.117          net: CoreJTAGDebug_TRSTN_C0_0/CoreJTAGDebug_TRSTN_C0_0/genblk2.genblk2[0].BUFD_TRST/delay_sel[2]
  7.578                        CoreJTAGDebug_TRSTN_C0_0/CoreJTAGDebug_TRSTN_C0_0/genblk2.genblk2[0].BUFD_TRST/bufd_gen[2].BUFD_BLK:A (r)
               +     0.053          cell: ADLIB:CFG1
  7.631                        CoreJTAGDebug_TRSTN_C0_0/CoreJTAGDebug_TRSTN_C0_0/genblk2.genblk2[0].BUFD_TRST/bufd_gen[2].BUFD_BLK:Y (r)
               +     0.508          net: CoreJTAGDebug_TRSTN_C0_0/CoreJTAGDebug_TRSTN_C0_0/genblk2.genblk2[0].BUFD_TRST/delay_sel[3]
  8.139                        CoreJTAGDebug_TRSTN_C0_0/CoreJTAGDebug_TRSTN_C0_0/genblk2.genblk2[0].BUFD_TRST/bufd_gen[3].BUFD_BLK:A (r)
               +     0.135          cell: ADLIB:CFG1
  8.274                        CoreJTAGDebug_TRSTN_C0_0/CoreJTAGDebug_TRSTN_C0_0/genblk2.genblk2[0].BUFD_TRST/bufd_gen[3].BUFD_BLK:Y (r)
               +     0.062          net: CoreJTAGDebug_TRSTN_C0_0/CoreJTAGDebug_TRSTN_C0_0/genblk2.genblk2[0].BUFD_TRST/delay_sel[4]
  8.336                        CoreJTAGDebug_TRSTN_C0_0/CoreJTAGDebug_TRSTN_C0_0/genblk2.genblk2[0].BUFD_TRST/bufd_gen[4].BUFD_BLK:A (r)
               +     0.078          cell: ADLIB:CFG1
  8.414                        CoreJTAGDebug_TRSTN_C0_0/CoreJTAGDebug_TRSTN_C0_0/genblk2.genblk2[0].BUFD_TRST/bufd_gen[4].BUFD_BLK:Y (r)
               +     0.076          net: CoreJTAGDebug_TRSTN_C0_0/CoreJTAGDebug_TRSTN_C0_0/genblk2.genblk2[0].BUFD_TRST/delay_sel[5]
  8.490                        CoreJTAGDebug_TRSTN_C0_0/CoreJTAGDebug_TRSTN_C0_0/genblk2.genblk2[0].BUFD_TRST/bufd_gen[5].BUFD_BLK:A (r)
               +     0.078          cell: ADLIB:CFG1
  8.568                        CoreJTAGDebug_TRSTN_C0_0/CoreJTAGDebug_TRSTN_C0_0/genblk2.genblk2[0].BUFD_TRST/bufd_gen[5].BUFD_BLK:Y (r)
               +     0.064          net: CoreJTAGDebug_TRSTN_C0_0/CoreJTAGDebug_TRSTN_C0_0/genblk2.genblk2[0].BUFD_TRST/delay_sel[6]
  8.632                        CoreJTAGDebug_TRSTN_C0_0/CoreJTAGDebug_TRSTN_C0_0/genblk2.genblk2[0].BUFD_TRST/bufd_gen[6].BUFD_BLK:A (r)
               +     0.078          cell: ADLIB:CFG1
  8.710                        CoreJTAGDebug_TRSTN_C0_0/CoreJTAGDebug_TRSTN_C0_0/genblk2.genblk2[0].BUFD_TRST/bufd_gen[6].BUFD_BLK:Y (r)
               +     0.084          net: CoreJTAGDebug_TRSTN_C0_0/CoreJTAGDebug_TRSTN_C0_0/genblk2.genblk2[0].BUFD_TRST/delay_sel[7]
  8.794                        CoreJTAGDebug_TRSTN_C0_0/CoreJTAGDebug_TRSTN_C0_0/genblk2.genblk2[0].BUFD_TRST/bufd_gen[7].BUFD_BLK:A (r)
               +     0.078          cell: ADLIB:CFG1
  8.872                        CoreJTAGDebug_TRSTN_C0_0/CoreJTAGDebug_TRSTN_C0_0/genblk2.genblk2[0].BUFD_TRST/bufd_gen[7].BUFD_BLK:Y (r)
               +     0.064          net: CoreJTAGDebug_TRSTN_C0_0/CoreJTAGDebug_TRSTN_C0_0/genblk2.genblk2[0].BUFD_TRST/delay_sel[8]
  8.936                        CoreJTAGDebug_TRSTN_C0_0/CoreJTAGDebug_TRSTN_C0_0/genblk2.genblk2[0].BUFD_TRST/bufd_gen[8].BUFD_BLK:A (r)
               +     0.078          cell: ADLIB:CFG1
  9.014                        CoreJTAGDebug_TRSTN_C0_0/CoreJTAGDebug_TRSTN_C0_0/genblk2.genblk2[0].BUFD_TRST/bufd_gen[8].BUFD_BLK:Y (r)
               +     0.125          net: CoreJTAGDebug_TRSTN_C0_0/CoreJTAGDebug_TRSTN_C0_0/genblk2.genblk2[0].BUFD_TRST/delay_sel[9]
  9.139                        CoreJTAGDebug_TRSTN_C0_0/CoreJTAGDebug_TRSTN_C0_0/genblk2.genblk2[0].BUFD_TRST/bufd_gen[9].BUFD_BLK:A (r)
               +     0.078          cell: ADLIB:CFG1
  9.217                        CoreJTAGDebug_TRSTN_C0_0/CoreJTAGDebug_TRSTN_C0_0/genblk2.genblk2[0].BUFD_TRST/bufd_gen[9].BUFD_BLK:Y (r)
               +     0.073          net: CoreJTAGDebug_TRSTN_C0_0/CoreJTAGDebug_TRSTN_C0_0/genblk2.genblk2[0].BUFD_TRST/delay_sel[10]
  9.290                        CoreJTAGDebug_TRSTN_C0_0/CoreJTAGDebug_TRSTN_C0_0/genblk2.genblk2[0].BUFD_TRST/bufd_gen[10].BUFD_BLK:A (r)
               +     0.078          cell: ADLIB:CFG1
  9.368                        CoreJTAGDebug_TRSTN_C0_0/CoreJTAGDebug_TRSTN_C0_0/genblk2.genblk2[0].BUFD_TRST/bufd_gen[10].BUFD_BLK:Y (r)
               +     0.064          net: CoreJTAGDebug_TRSTN_C0_0/CoreJTAGDebug_TRSTN_C0_0/genblk2.genblk2[0].BUFD_TRST/delay_sel[11]
  9.432                        CoreJTAGDebug_TRSTN_C0_0/CoreJTAGDebug_TRSTN_C0_0/genblk2.genblk2[0].BUFD_TRST/bufd_gen[11].BUFD_BLK:A (r)
               +     0.078          cell: ADLIB:CFG1
  9.510                        CoreJTAGDebug_TRSTN_C0_0/CoreJTAGDebug_TRSTN_C0_0/genblk2.genblk2[0].BUFD_TRST/bufd_gen[11].BUFD_BLK:Y (r)
               +     0.136          net: CoreJTAGDebug_TRSTN_C0_0/CoreJTAGDebug_TRSTN_C0_0/genblk2.genblk2[0].BUFD_TRST/delay_sel[12]
  9.646                        CoreJTAGDebug_TRSTN_C0_0/CoreJTAGDebug_TRSTN_C0_0/genblk2.genblk2[0].BUFD_TRST/bufd_gen[12].BUFD_BLK:A (r)
               +     0.078          cell: ADLIB:CFG1
  9.724                        CoreJTAGDebug_TRSTN_C0_0/CoreJTAGDebug_TRSTN_C0_0/genblk2.genblk2[0].BUFD_TRST/bufd_gen[12].BUFD_BLK:Y (r)
               +     0.130          net: CoreJTAGDebug_TRSTN_C0_0/CoreJTAGDebug_TRSTN_C0_0/genblk2.genblk2[0].BUFD_TRST/delay_sel[13]
  9.854                        CoreJTAGDebug_TRSTN_C0_0/CoreJTAGDebug_TRSTN_C0_0/genblk2.genblk2[0].BUFD_TRST/bufd_gen[13].BUFD_BLK:A (r)
               +     0.078          cell: ADLIB:CFG1
  9.932                        CoreJTAGDebug_TRSTN_C0_0/CoreJTAGDebug_TRSTN_C0_0/genblk2.genblk2[0].BUFD_TRST/bufd_gen[13].BUFD_BLK:Y (r)
               +     0.067          net: CoreJTAGDebug_TRSTN_C0_0/CoreJTAGDebug_TRSTN_C0_0/genblk2.genblk2[0].BUFD_TRST/delay_sel[14]
  9.999                        CoreJTAGDebug_TRSTN_C0_0/CoreJTAGDebug_TRSTN_C0_0/genblk2.genblk2[0].BUFD_TRST/bufd_gen[14].BUFD_BLK:A (r)
               +     0.078          cell: ADLIB:CFG1
  10.077                       CoreJTAGDebug_TRSTN_C0_0/CoreJTAGDebug_TRSTN_C0_0/genblk2.genblk2[0].BUFD_TRST/bufd_gen[14].BUFD_BLK:Y (r)
               +     1.518          net: CoreJTAGDebug_TRSTN_C0_0/CoreJTAGDebug_TRSTN_C0_0/genblk2.genblk2[0].BUFD_TRST/delay_sel[15]
  11.595                       CoreJTAGDebug_TRSTN_C0_0/CoreJTAGDebug_TRSTN_C0_0/genblk2.genblk2[0].BUFD_TRST/bufd_gen[15].BUFD_BLK:A (r)
               +     0.053          cell: ADLIB:CFG1
  11.648                       CoreJTAGDebug_TRSTN_C0_0/CoreJTAGDebug_TRSTN_C0_0/genblk2.genblk2[0].BUFD_TRST/bufd_gen[15].BUFD_BLK:Y (r)
               +     0.053          net: CoreJTAGDebug_TRSTN_C0_0/CoreJTAGDebug_TRSTN_C0_0/genblk2.genblk2[0].BUFD_TRST/delay_sel[16]
  11.701                       CoreJTAGDebug_TRSTN_C0_0/CoreJTAGDebug_TRSTN_C0_0/genblk2.genblk2[0].BUFD_TRST/bufd_gen[16].BUFD_BLK:A (r)
               +     0.053          cell: ADLIB:CFG1
  11.754                       CoreJTAGDebug_TRSTN_C0_0/CoreJTAGDebug_TRSTN_C0_0/genblk2.genblk2[0].BUFD_TRST/bufd_gen[16].BUFD_BLK:Y (r)
               +     0.066          net: CoreJTAGDebug_TRSTN_C0_0/CoreJTAGDebug_TRSTN_C0_0/genblk2.genblk2[0].BUFD_TRST/delay_sel[17]
  11.820                       CoreJTAGDebug_TRSTN_C0_0/CoreJTAGDebug_TRSTN_C0_0/genblk2.genblk2[0].BUFD_TRST/bufd_gen[17].BUFD_BLK:A (r)
               +     0.053          cell: ADLIB:CFG1
  11.873                       CoreJTAGDebug_TRSTN_C0_0/CoreJTAGDebug_TRSTN_C0_0/genblk2.genblk2[0].BUFD_TRST/bufd_gen[17].BUFD_BLK:Y (r)
               +     0.056          net: CoreJTAGDebug_TRSTN_C0_0/CoreJTAGDebug_TRSTN_C0_0/genblk2.genblk2[0].BUFD_TRST/delay_sel[18]
  11.929                       CoreJTAGDebug_TRSTN_C0_0/CoreJTAGDebug_TRSTN_C0_0/genblk2.genblk2[0].BUFD_TRST/bufd_gen[18].BUFD_BLK:A (r)
               +     0.053          cell: ADLIB:CFG1
  11.982                       CoreJTAGDebug_TRSTN_C0_0/CoreJTAGDebug_TRSTN_C0_0/genblk2.genblk2[0].BUFD_TRST/bufd_gen[18].BUFD_BLK:Y (r)
               +     0.067          net: CoreJTAGDebug_TRSTN_C0_0/CoreJTAGDebug_TRSTN_C0_0/genblk2.genblk2[0].BUFD_TRST/delay_sel[19]
  12.049                       CoreJTAGDebug_TRSTN_C0_0/CoreJTAGDebug_TRSTN_C0_0/genblk2.genblk2[0].BUFD_TRST/bufd_gen[19].BUFD_BLK:A (r)
               +     0.053          cell: ADLIB:CFG1
  12.102                       CoreJTAGDebug_TRSTN_C0_0/CoreJTAGDebug_TRSTN_C0_0/genblk2.genblk2[0].BUFD_TRST/bufd_gen[19].BUFD_BLK:Y (r)
               +     0.127          net: CoreJTAGDebug_TRSTN_C0_0/CoreJTAGDebug_TRSTN_C0_0/genblk2.genblk2[0].BUFD_TRST/delay_sel[20]
  12.229                       CoreJTAGDebug_TRSTN_C0_0/CoreJTAGDebug_TRSTN_C0_0/genblk2.genblk2[0].BUFD_TRST/bufd_gen[20].BUFD_BLK:A (r)
               +     0.090          cell: ADLIB:CFG1
  12.319                       CoreJTAGDebug_TRSTN_C0_0/CoreJTAGDebug_TRSTN_C0_0/genblk2.genblk2[0].BUFD_TRST/bufd_gen[20].BUFD_BLK:Y (r)
               +     0.057          net: CoreJTAGDebug_TRSTN_C0_0/CoreJTAGDebug_TRSTN_C0_0/genblk2.genblk2[0].BUFD_TRST/delay_sel[21]
  12.376                       CoreJTAGDebug_TRSTN_C0_0/CoreJTAGDebug_TRSTN_C0_0/genblk2.genblk2[0].BUFD_TRST/bufd_gen[21].BUFD_BLK:A (r)
               +     0.053          cell: ADLIB:CFG1
  12.429                       CoreJTAGDebug_TRSTN_C0_0/CoreJTAGDebug_TRSTN_C0_0/genblk2.genblk2[0].BUFD_TRST/bufd_gen[21].BUFD_BLK:Y (r)
               +     0.067          net: CoreJTAGDebug_TRSTN_C0_0/CoreJTAGDebug_TRSTN_C0_0/genblk2.genblk2[0].BUFD_TRST/delay_sel[22]
  12.496                       CoreJTAGDebug_TRSTN_C0_0/CoreJTAGDebug_TRSTN_C0_0/genblk2.genblk2[0].BUFD_TRST/bufd_gen[22].BUFD_BLK:A (r)
               +     0.053          cell: ADLIB:CFG1
  12.549                       CoreJTAGDebug_TRSTN_C0_0/CoreJTAGDebug_TRSTN_C0_0/genblk2.genblk2[0].BUFD_TRST/bufd_gen[22].BUFD_BLK:Y (r)
               +     0.114          net: CoreJTAGDebug_TRSTN_C0_0/CoreJTAGDebug_TRSTN_C0_0/genblk2.genblk2[0].BUFD_TRST/delay_sel[23]
  12.663                       CoreJTAGDebug_TRSTN_C0_0/CoreJTAGDebug_TRSTN_C0_0/genblk2.genblk2[0].BUFD_TRST/bufd_gen[23].BUFD_BLK:A (r)
               +     0.053          cell: ADLIB:CFG1
  12.716                       CoreJTAGDebug_TRSTN_C0_0/CoreJTAGDebug_TRSTN_C0_0/genblk2.genblk2[0].BUFD_TRST/bufd_gen[23].BUFD_BLK:Y (r)
               +     0.117          net: CoreJTAGDebug_TRSTN_C0_0/CoreJTAGDebug_TRSTN_C0_0/genblk2.genblk2[0].BUFD_TRST/delay_sel[24]
  12.833                       CoreJTAGDebug_TRSTN_C0_0/CoreJTAGDebug_TRSTN_C0_0/genblk2.genblk2[0].BUFD_TRST/bufd_gen[24].BUFD_BLK:A (r)
               +     0.053          cell: ADLIB:CFG1
  12.886                       CoreJTAGDebug_TRSTN_C0_0/CoreJTAGDebug_TRSTN_C0_0/genblk2.genblk2[0].BUFD_TRST/bufd_gen[24].BUFD_BLK:Y (r)
               +     0.126          net: CoreJTAGDebug_TRSTN_C0_0/CoreJTAGDebug_TRSTN_C0_0/genblk2.genblk2[0].BUFD_TRST/delay_sel[25]
  13.012                       CoreJTAGDebug_TRSTN_C0_0/CoreJTAGDebug_TRSTN_C0_0/genblk2.genblk2[0].BUFD_TRST/bufd_gen[25].BUFD_BLK:A (r)
               +     0.053          cell: ADLIB:CFG1
  13.065                       CoreJTAGDebug_TRSTN_C0_0/CoreJTAGDebug_TRSTN_C0_0/genblk2.genblk2[0].BUFD_TRST/bufd_gen[25].BUFD_BLK:Y (r)
               +     0.113          net: CoreJTAGDebug_TRSTN_C0_0/CoreJTAGDebug_TRSTN_C0_0/genblk2.genblk2[0].BUFD_TRST/delay_sel[26]
  13.178                       CoreJTAGDebug_TRSTN_C0_0/CoreJTAGDebug_TRSTN_C0_0/genblk2.genblk2[0].BUFD_TRST/bufd_gen[26].BUFD_BLK:A (r)
               +     0.053          cell: ADLIB:CFG1
  13.231                       CoreJTAGDebug_TRSTN_C0_0/CoreJTAGDebug_TRSTN_C0_0/genblk2.genblk2[0].BUFD_TRST/bufd_gen[26].BUFD_BLK:Y (r)
               +     1.504          net: CoreJTAGDebug_TRSTN_C0_0/CoreJTAGDebug_TRSTN_C0_0/genblk2.genblk2[0].BUFD_TRST/delay_sel[27]
  14.735                       CoreJTAGDebug_TRSTN_C0_0/CoreJTAGDebug_TRSTN_C0_0/genblk2.genblk2[0].BUFD_TRST/bufd_gen[27].BUFD_BLK:A (r)
               +     0.053          cell: ADLIB:CFG1
  14.788                       CoreJTAGDebug_TRSTN_C0_0/CoreJTAGDebug_TRSTN_C0_0/genblk2.genblk2[0].BUFD_TRST/bufd_gen[27].BUFD_BLK:Y (r)
               +     0.056          net: CoreJTAGDebug_TRSTN_C0_0/CoreJTAGDebug_TRSTN_C0_0/genblk2.genblk2[0].BUFD_TRST/delay_sel[28]
  14.844                       CoreJTAGDebug_TRSTN_C0_0/CoreJTAGDebug_TRSTN_C0_0/genblk2.genblk2[0].BUFD_TRST/bufd_gen[28].BUFD_BLK:A (r)
               +     0.053          cell: ADLIB:CFG1
  14.897                       CoreJTAGDebug_TRSTN_C0_0/CoreJTAGDebug_TRSTN_C0_0/genblk2.genblk2[0].BUFD_TRST/bufd_gen[28].BUFD_BLK:Y (r)
               +     0.067          net: CoreJTAGDebug_TRSTN_C0_0/CoreJTAGDebug_TRSTN_C0_0/genblk2.genblk2[0].BUFD_TRST/delay_sel[29]
  14.964                       CoreJTAGDebug_TRSTN_C0_0/CoreJTAGDebug_TRSTN_C0_0/genblk2.genblk2[0].BUFD_TRST/bufd_gen[29].BUFD_BLK:A (r)
               +     0.053          cell: ADLIB:CFG1
  15.017                       CoreJTAGDebug_TRSTN_C0_0/CoreJTAGDebug_TRSTN_C0_0/genblk2.genblk2[0].BUFD_TRST/bufd_gen[29].BUFD_BLK:Y (r)
               +     0.054          net: CoreJTAGDebug_TRSTN_C0_0/CoreJTAGDebug_TRSTN_C0_0/genblk2.genblk2[0].BUFD_TRST/delay_sel[30]
  15.071                       CoreJTAGDebug_TRSTN_C0_0/CoreJTAGDebug_TRSTN_C0_0/genblk2.genblk2[0].BUFD_TRST/bufd_gen[30].BUFD_BLK:A (r)
               +     0.053          cell: ADLIB:CFG1
  15.124                       CoreJTAGDebug_TRSTN_C0_0/CoreJTAGDebug_TRSTN_C0_0/genblk2.genblk2[0].BUFD_TRST/bufd_gen[30].BUFD_BLK:Y (r)
               +     0.066          net: CoreJTAGDebug_TRSTN_C0_0/CoreJTAGDebug_TRSTN_C0_0/genblk2.genblk2[0].BUFD_TRST/delay_sel[31]
  15.190                       CoreJTAGDebug_TRSTN_C0_0/CoreJTAGDebug_TRSTN_C0_0/genblk2.genblk2[0].BUFD_TRST/bufd_gen[31].BUFD_BLK:A (r)
               +     0.053          cell: ADLIB:CFG1
  15.243                       CoreJTAGDebug_TRSTN_C0_0/CoreJTAGDebug_TRSTN_C0_0/genblk2.genblk2[0].BUFD_TRST/bufd_gen[31].BUFD_BLK:Y (r)
               +     0.129          net: CoreJTAGDebug_TRSTN_C0_0/CoreJTAGDebug_TRSTN_C0_0/genblk2.genblk2[0].BUFD_TRST/delay_sel[32]
  15.372                       CoreJTAGDebug_TRSTN_C0_0/CoreJTAGDebug_TRSTN_C0_0/genblk2.genblk2[0].BUFD_TRST/bufd_gen[32].BUFD_BLK:A (r)
               +     0.053          cell: ADLIB:CFG1
  15.425                       CoreJTAGDebug_TRSTN_C0_0/CoreJTAGDebug_TRSTN_C0_0/genblk2.genblk2[0].BUFD_TRST/bufd_gen[32].BUFD_BLK:Y (r)
               +     0.113          net: CoreJTAGDebug_TRSTN_C0_0/CoreJTAGDebug_TRSTN_C0_0/genblk2.genblk2[0].BUFD_TRST/delay_sel[33]
  15.538                       CoreJTAGDebug_TRSTN_C0_0/CoreJTAGDebug_TRSTN_C0_0/genblk2.genblk2[0].BUFD_TRST/bufd_gen[33].BUFD_BLK:A (r)
               +     0.053          cell: ADLIB:CFG1
  15.591                       CoreJTAGDebug_TRSTN_C0_0/CoreJTAGDebug_TRSTN_C0_0/genblk2.genblk2[0].BUFD_TRST/bufd_gen[33].BUFD_BLK:Y (r)
               +     0.680          net: CoreJTAGDebug_TRSTN_C0_0_CoreJTAGDebug_TRSTN_C0_0_genblk2_genblk2_0__BUFD_TRST_delay_sel[34]
  16.271                       MIV_RV32_CFG1_C0_0/MIV_RV32_CFG1_C0_0/u_ipcore_0/gen_subsys_debug.u_subsys_debug_unit_0/MIV_subsys_debug_transport_module_jtag_0/genblk3.shift_active_high.shift_active_low.shiftDMI_ne_0:ALn (r)
                                    
  16.271                       data arrival time
  ________________________________________________________
  Data required time calculation
  83.330                       TCK
               +     0.000          Clock source
  83.330                       TCK (f)
               +     0.000          net: TCK
  83.330                       CoreJTAGDebug_TRSTN_C0_0/CoreJTAGDebug_TRSTN_C0_0/genblk1.genblk1.genblk1.UJTAG_inst:TCK (f)
               +     1.953          cell: ADLIB:UJTAG_SEC
  85.283                       CoreJTAGDebug_TRSTN_C0_0/CoreJTAGDebug_TRSTN_C0_0/genblk1.genblk1.genblk1.UJTAG_inst:UDRCK (f)
               +     0.282          net: CoreJTAGDebug_TRSTN_C0_0/CoreJTAGDebug_TRSTN_C0_0/N_2
  85.565                       CoreJTAGDebug_TRSTN_C0_0/CoreJTAGDebug_TRSTN_C0_0/N_2_inferred_clock_RNIMQNI2_1:A (f)
               +     0.224          cell: ADLIB:ICB_CLKINT
  85.789                       CoreJTAGDebug_TRSTN_C0_0/CoreJTAGDebug_TRSTN_C0_0/N_2_inferred_clock_RNIMQNI2_1:Y (f)
               +     0.127          net: CoreJTAGDebug_TRSTN_C0_0/CoreJTAGDebug_TRSTN_C0_0/N_2_inferred_clock_RNIMQNI2_NET
  85.916                       CoreJTAGDebug_TRSTN_C0_0/CoreJTAGDebug_TRSTN_C0_0/N_2_inferred_clock_RNIMQNI2:A (f)
               +     0.140          cell: ADLIB:GB
  86.056                       CoreJTAGDebug_TRSTN_C0_0/CoreJTAGDebug_TRSTN_C0_0/N_2_inferred_clock_RNIMQNI2:Y (f)
               +     0.351          net: CoreJTAGDebug_TRSTN_C0_0/CoreJTAGDebug_TRSTN_C0_0/N_2_inferred_clock_RNIMQNI2/U0_Y
  86.407                       CoreJTAGDebug_TRSTN_C0_0/CoreJTAGDebug_TRSTN_C0_0/N_2_inferred_clock_RNIMQNI2/U0_RGB1_RGB0:A (f)
               +     0.054          cell: ADLIB:RGB
  86.461                       CoreJTAGDebug_TRSTN_C0_0/CoreJTAGDebug_TRSTN_C0_0/N_2_inferred_clock_RNIMQNI2/U0_RGB1_RGB0:Y (r)
               +     0.447          net: CoreJTAGDebug_TRSTN_C0_0/CoreJTAGDebug_TRSTN_C0_0/N_2_inferred_clock_RNIMQNI2/U0_RGB1_RGB0_rgb_net_1
  86.908                       CoreJTAGDebug_TRSTN_C0_0/CoreJTAGDebug_TRSTN_C0_0/genblk3.genblk1.UJ_JTAG/un1_DUT_TCK_0:A (f)
               +     0.132          cell: ADLIB:CFG4
  87.040                       CoreJTAGDebug_TRSTN_C0_0/CoreJTAGDebug_TRSTN_C0_0/genblk3.genblk1.UJ_JTAG/un1_DUT_TCK_0:Y (r)
               +     1.077          net: CoreJTAGDebug_TRSTN_C0_0/CoreJTAGDebug_TRSTN_C0_0/un1_DUT_TCK
  88.117                       CoreJTAGDebug_TRSTN_C0_0/CoreJTAGDebug_TRSTN_C0_0/genblk3.genblk1.TGT_TCK_GLB:A (r)
               +     0.132          cell: ADLIB:GB
  88.249                       CoreJTAGDebug_TRSTN_C0_0/CoreJTAGDebug_TRSTN_C0_0/genblk3.genblk1.TGT_TCK_GLB:Y (r)
               +     0.354          net: CoreJTAGDebug_TRSTN_C0_0/CoreJTAGDebug_TRSTN_C0_0/genblk3.genblk1.TGT_TCK_GLB/U0_Y
  88.603                       CoreJTAGDebug_TRSTN_C0_0/CoreJTAGDebug_TRSTN_C0_0/genblk3.genblk1.TGT_TCK_GLB/U0_RGB1_RGB0:A (r)
               +     0.052          cell: ADLIB:RGB
  88.655                       CoreJTAGDebug_TRSTN_C0_0/CoreJTAGDebug_TRSTN_C0_0/genblk3.genblk1.TGT_TCK_GLB/U0_RGB1_RGB0:Y (f)
               +     0.384          net: CoreJTAGDebug_TRSTN_C0_0/CoreJTAGDebug_TRSTN_C0_0/genblk3.genblk1.TGT_TCK_GLB/U0_RGB1_RGB0_rgb_net_1
  89.039                       MIV_RV32_CFG1_C0_0/MIV_RV32_CFG1_C0_0/u_ipcore_0/gen_subsys_debug.u_subsys_debug_unit_0/MIV_subsys_debug_transport_module_jtag_0/genblk3.shift_active_high.shift_active_low.shiftDMI_ne_0:CLK (r)
               +     0.606          
  89.645                       clock reconvergence pessimism
               -     0.019          
  89.626                       clock jitter
               -     0.209          Library recovery time: ADLIB:SLE
  89.417                       MIV_RV32_CFG1_C0_0/MIV_RV32_CFG1_C0_0/u_ipcore_0/gen_subsys_debug.u_subsys_debug_unit_0/MIV_subsys_debug_transport_module_jtag_0/genblk3.shift_active_high.shift_active_low.shiftDMI_ne_0:ALn
                                    
  89.417                       data required time


Operating Conditions : slow_lv_ht

END SET Register to Asynchronous

----------------------------------------------------

SET External Recovery

No Path 

END SET External Recovery

----------------------------------------------------

SET Asynchronous to Register

No Path 

END SET Asynchronous to Register

----------------------------------------------------

SET PF_CCC_C0_0/PF_CCC_C0_0/pll_inst_0/OUT0 to TCK

No Path 

END SET PF_CCC_C0_0/PF_CCC_C0_0/pll_inst_0/OUT0 to TCK

----------------------------------------------------

Path set Pin to Pin

SET Input to Output

No Path 

END SET Input to Output

----------------------------------------------------

