Timing Violation Report Min Delay Analysis

SmartTime Version 2025.1
Microchip Technology Inc. - Microchip Libero Software Release 2025.1 (Version 2025.1.0.14)
Date: Wed Jan  7 11:04:51 2026


Design: BaseDesign
Family: PolarFireSoC
Die: MPFS095T
Package: FCSG325
Temperature Range: 0 - 100 C
Voltage Range: 0.97 - 1.03 V
Speed Grade: -1
Design State: Post-Layout
Data source: Production
Multi Corner Report Operating Conditions: slow_lv_lt,fast_hv_lt,slow_lv_ht


Path 1
  From: MIV_RV32_CFG1_C0_0/MIV_RV32_CFG1_C0_0/u_ipcore_0/gen_subsys_debug.u_subsys_debug_unit_0/miv_rv32_debug_du_0/cmderr_ff[0]:CLK
  To:   MIV_RV32_CFG1_C0_0/MIV_RV32_CFG1_C0_0/u_ipcore_0/gen_subsys_debug.u_subsys_debug_unit_0/miv_rv32_debug_du_0/abstractcs_cmderr[0]:D
  Delay (ns):              0.155
  Slack (ns):              0.078
  Arrival (ns):            2.100
  Required (ns):           2.022
  Operating Conditions: fast_hv_lt

Path 2
  From: MIV_RV32_CFG1_C0_0/MIV_RV32_CFG1_C0_0/u_ipcore_0/gen_subsys_debug.u_subsys_debug_unit_0/debug_resp_fifo/genblk1.rst_synch_reg[1]:CLK
  To:   MIV_RV32_CFG1_C0_0/MIV_RV32_CFG1_C0_0/u_ipcore_0/gen_subsys_debug.u_subsys_debug_unit_0/debug_resp_fifo/genblk1.rst_synch_reg[0]:D
  Delay (ns):              0.153
  Slack (ns):              0.078
  Arrival (ns):            3.325
  Required (ns):           3.247
  Operating Conditions: fast_hv_lt

Path 3
  From: MIV_ESS_C0_0/CoreUARTapb_0/uUART/make_RX/rx_shift[4]:CLK
  To:   MIV_ESS_C0_0/CoreUARTapb_0/uUART/make_RX/rx_shift[3]:D
  Delay (ns):              0.152
  Slack (ns):              0.078
  Arrival (ns):            2.103
  Required (ns):           2.025
  Operating Conditions: fast_hv_lt

Path 4
  From: MIV_RV32_CFG1_C0_0/MIV_RV32_CFG1_C0_0/u_ipcore_0/gen_subsys_debug.u_subsys_debug_unit_0/miv_rv32_debug_du_0/cmderr_ff[1]:CLK
  To:   MIV_RV32_CFG1_C0_0/MIV_RV32_CFG1_C0_0/u_ipcore_0/gen_subsys_debug.u_subsys_debug_unit_0/miv_rv32_debug_du_0/abstractcs_cmderr[1]:D
  Delay (ns):              0.157
  Slack (ns):              0.080
  Arrival (ns):            2.102
  Required (ns):           2.022
  Operating Conditions: fast_hv_lt

Path 5
  From: MIV_RV32_CFG1_C0_0/MIV_RV32_CFG1_C0_0/u_ipcore_0/u_hart_0/u_expipe_0/de_ex_pipe_curr_instr_enc_ex[30]:CLK
  To:   MIV_RV32_CFG1_C0_0/MIV_RV32_CFG1_C0_0/u_ipcore_0/u_hart_0/u_expipe_0/ex_retr_pipe_curr_instr_enc_retr[30]:D
  Delay (ns):              0.160
  Slack (ns):              0.083
  Arrival (ns):            2.116
  Required (ns):           2.033
  Operating Conditions: fast_hv_lt

Path 6
  From: MIV_ESS_C0_0/CoreUARTapb_0/uUART/make_RX/rx_shift[5]:CLK
  To:   MIV_ESS_C0_0/CoreUARTapb_0/uUART/make_RX/rx_shift[4]:D
  Delay (ns):              0.157
  Slack (ns):              0.083
  Arrival (ns):            2.108
  Required (ns):           2.025
  Operating Conditions: fast_hv_lt

Path 7
  From: CORERESET_PF_C0_0/CORERESET_PF_C0_0/dff_8[0]:CLK
  To:   CORERESET_PF_C0_0/CORERESET_PF_C0_0/dff_9[0]:D
  Delay (ns):              0.157
  Slack (ns):              0.083
  Arrival (ns):            2.113
  Required (ns):           2.030
  Operating Conditions: fast_hv_lt

Path 8
  From: MIV_RV32_CFG1_C0_0/MIV_RV32_CFG1_C0_0/u_ipcore_0/gen_subsys_debug.u_subsys_debug_unit_0/miv_rv32_debug_du_0/cmderr_ff[2]:CLK
  To:   MIV_RV32_CFG1_C0_0/MIV_RV32_CFG1_C0_0/u_ipcore_0/gen_subsys_debug.u_subsys_debug_unit_0/miv_rv32_debug_du_0/abstractcs_cmderr[2]:D
  Delay (ns):              0.161
  Slack (ns):              0.084
  Arrival (ns):            2.106
  Required (ns):           2.022
  Operating Conditions: fast_hv_lt

Path 9
  From: MIV_ESS_C0_0/CoreGPIO_0/xhdl1.GEN_BITS_0[0]:CLK
  To:   MIV_ESS_C0_0/CoreGPIO_0/xhdl1.GEN_BITS_1[0]:D
  Delay (ns):              0.158
  Slack (ns):              0.084
  Arrival (ns):            2.130
  Required (ns):           2.046
  Operating Conditions: fast_hv_lt

Path 10
  From: CORERESET_PF_C0_0/CORERESET_PF_C0_0/dff_2[0]:CLK
  To:   CORERESET_PF_C0_0/CORERESET_PF_C0_0/dff_3[0]:D
  Delay (ns):              0.157
  Slack (ns):              0.084
  Arrival (ns):            2.104
  Required (ns):           2.020
  Operating Conditions: fast_hv_lt

Path 11
  From: MIV_RV32_CFG1_C0_0/MIV_RV32_CFG1_C0_0/u_ipcore_0/u_hart_0/u_expipe_0/de_ex_pipe_i_access_mem_error_ex:CLK
  To:   MIV_RV32_CFG1_C0_0/MIV_RV32_CFG1_C0_0/u_ipcore_0/u_hart_0/u_expipe_0/ex_retr_pipe_i_access_mem_error_retr:D
  Delay (ns):              0.160
  Slack (ns):              0.086
  Arrival (ns):            2.112
  Required (ns):           2.026
  Operating Conditions: fast_hv_lt

Path 12
  From: MIV_RV32_CFG1_C0_0/MIV_RV32_CFG1_C0_0/u_ipcore_0/gen_subsys_debug.u_subsys_debug_unit_0/debug_resp_fifo/rd_gray_ptr_synch[1]:CLK
  To:   MIV_RV32_CFG1_C0_0/MIV_RV32_CFG1_C0_0/u_ipcore_0/gen_subsys_debug.u_subsys_debug_unit_0/debug_resp_fifo/rd_gray_ptr_in_write[1]:D
  Delay (ns):              0.160
  Slack (ns):              0.086
  Arrival (ns):            2.112
  Required (ns):           2.026
  Operating Conditions: fast_hv_lt

Path 13
  From: CORERESET_PF_C0_0/CORERESET_PF_C0_0/dff_9[0]:CLK
  To:   CORERESET_PF_C0_0/CORERESET_PF_C0_0/dff_10[0]:D
  Delay (ns):              0.160
  Slack (ns):              0.086
  Arrival (ns):            2.116
  Required (ns):           2.030
  Operating Conditions: fast_hv_lt

Path 14
  From: CORERESET_PF_C0_0/CORERESET_PF_C0_0/dff_1[0]:CLK
  To:   CORERESET_PF_C0_0/CORERESET_PF_C0_0/dff_2[0]:D
  Delay (ns):              0.159
  Slack (ns):              0.086
  Arrival (ns):            2.106
  Required (ns):           2.020
  Operating Conditions: fast_hv_lt

Path 15
  From: CORERESET_PF_C0_0/CORERESET_PF_C0_0/dff_7[0]:CLK
  To:   CORERESET_PF_C0_0/CORERESET_PF_C0_0/dff_8[0]:D
  Delay (ns):              0.162
  Slack (ns):              0.088
  Arrival (ns):            2.118
  Required (ns):           2.030
  Operating Conditions: fast_hv_lt

Path 16
  From: MIV_ESS_C0_0/CoreGPIO_0/xhdl1.GEN_BITS_0[1]:CLK
  To:   MIV_ESS_C0_0/CoreGPIO_0/xhdl1.GEN_BITS_1[1]:D
  Delay (ns):              0.164
  Slack (ns):              0.089
  Arrival (ns):            2.136
  Required (ns):           2.047
  Operating Conditions: fast_hv_lt

Path 17
  From: CORERESET_PF_C0_0/CORERESET_PF_C0_0/dff_12[0]:CLK
  To:   CORERESET_PF_C0_0/CORERESET_PF_C0_0/dff_13[0]:D
  Delay (ns):              0.163
  Slack (ns):              0.089
  Arrival (ns):            2.119
  Required (ns):           2.030
  Operating Conditions: fast_hv_lt

Path 18
  From: CORERESET_PF_C0_0/CORERESET_PF_C0_0/dff_10[0]:CLK
  To:   CORERESET_PF_C0_0/CORERESET_PF_C0_0/dff_11[0]:D
  Delay (ns):              0.164
  Slack (ns):              0.090
  Arrival (ns):            2.120
  Required (ns):           2.030
  Operating Conditions: fast_hv_lt

Path 19
  From: MIV_ESS_C0_0/CoreUARTapb_0/uUART/make_RX/rx_shift[3]:CLK
  To:   MIV_ESS_C0_0/CoreUARTapb_0/uUART/make_RX/rx_shift[2]:D
  Delay (ns):              0.165
  Slack (ns):              0.091
  Arrival (ns):            2.116
  Required (ns):           2.025
  Operating Conditions: fast_hv_lt

Path 20
  From: MIV_RV32_CFG1_C0_0/MIV_RV32_CFG1_C0_0/u_ipcore_0/gen_subsys_debug.u_subsys_debug_unit_0/MIV_subsys_debug_transport_module_jtag_0/gen_shift_register_active_high.gen_shift_register_active_low.shiftDR[12]:CLK
  To:   MIV_RV32_CFG1_C0_0/MIV_RV32_CFG1_C0_0/u_ipcore_0/gen_subsys_debug.u_subsys_debug_unit_0/MIV_subsys_debug_transport_module_jtag_0/gen_shift_register_active_high.gen_shift_register_active_low.shiftDR[11]:D
  Delay (ns):              0.250
  Slack (ns):              0.095
  Arrival (ns):            3.398
  Required (ns):           3.303
  Operating Conditions: fast_hv_lt

Path 21
  From: MIV_ESS_C0_0/CoreUARTapb_0/uUART/make_RX/samples[1]:CLK
  To:   MIV_ESS_C0_0/CoreUARTapb_0/uUART/make_RX/samples[0]:D
  Delay (ns):              0.169
  Slack (ns):              0.095
  Arrival (ns):            2.122
  Required (ns):           2.027
  Operating Conditions: fast_hv_lt

Path 22
  From: MIV_RV32_CFG1_C0_0/MIV_RV32_CFG1_C0_0/u_ipcore_0/u_hart_0/u_expipe_0/de_ex_pipe_curr_instr_enc_ex[7]:CLK
  To:   MIV_RV32_CFG1_C0_0/MIV_RV32_CFG1_C0_0/u_ipcore_0/u_hart_0/u_expipe_0/ex_retr_pipe_curr_instr_enc_retr[7]:D
  Delay (ns):              0.206
  Slack (ns):              0.102
  Arrival (ns):            2.158
  Required (ns):           2.056
  Operating Conditions: fast_hv_lt

Path 23
  From: MIV_RV32_CFG1_C0_0/MIV_RV32_CFG1_C0_0/u_ipcore_0/u_hart_0/u_fetch_unit_0/u_miv_rv32_ifu_iab_0/buff_req_wr_ptr[0]:CLK
  To:   MIV_RV32_CFG1_C0_0/MIV_RV32_CFG1_C0_0/u_ipcore_0/u_hart_0/u_fetch_unit_0/u_miv_rv32_ifu_iab_0/buff_req_wr_ptr[1]:D
  Delay (ns):              0.175
  Slack (ns):              0.103
  Arrival (ns):            2.126
  Required (ns):           2.023
  Operating Conditions: fast_hv_lt

Path 24
  From: MIV_RV32_CFG1_C0_0/MIV_RV32_CFG1_C0_0/u_ipcore_0/u_hart_0/u_expipe_0/de_ex_pipe_curr_instr_enc_ex[2]:CLK
  To:   MIV_RV32_CFG1_C0_0/MIV_RV32_CFG1_C0_0/u_ipcore_0/u_hart_0/u_expipe_0/ex_retr_pipe_curr_instr_enc_retr[2]:D
  Delay (ns):              0.208
  Slack (ns):              0.114
  Arrival (ns):            2.160
  Required (ns):           2.046
  Operating Conditions: fast_hv_lt

Path 25
  From: CORERESET_PF_C0_0/CORERESET_PF_C0_0/dff_4[0]:CLK
  To:   CORERESET_PF_C0_0/CORERESET_PF_C0_0/dff_5[0]:D
  Delay (ns):              0.190
  Slack (ns):              0.116
  Arrival (ns):            2.146
  Required (ns):           2.030
  Operating Conditions: fast_hv_lt

Path 26
  From: MIV_ESS_C0_0/CoreUARTapb_0/uUART/make_RX/rx_shift[1]:CLK
  To:   MIV_ESS_C0_0/CoreUARTapb_0/uUART/make_RX/rx_shift[0]:D
  Delay (ns):              0.192
  Slack (ns):              0.118
  Arrival (ns):            2.143
  Required (ns):           2.025
  Operating Conditions: fast_hv_lt

Path 27
  From: MIV_RV32_CFG1_C0_0/MIV_RV32_CFG1_C0_0/u_ipcore_0/u_hart_0/u_expipe_0/de_ex_pipe_curr_instr_enc_ex[22]:CLK
  To:   MIV_RV32_CFG1_C0_0/MIV_RV32_CFG1_C0_0/u_ipcore_0/u_hart_0/u_expipe_0/ex_retr_pipe_curr_instr_enc_retr[22]:D
  Delay (ns):              0.217
  Slack (ns):              0.119
  Arrival (ns):            2.167
  Required (ns):           2.048
  Operating Conditions: fast_hv_lt

Path 28
  From: MIV_RV32_CFG1_C0_0/MIV_RV32_CFG1_C0_0/u_ipcore_0/gen_subsys_debug.u_subsys_debug_unit_0/miv_rv32_debug_du_0/data_0_reg[28]:CLK
  To:   MIV_RV32_CFG1_C0_0/MIV_RV32_CFG1_C0_0/u_ipcore_0/gen_subsys_debug.u_subsys_debug_unit_0/miv_rv32_debug_du_0/debug_op_wr_data[28]:D
  Delay (ns):              0.213
  Slack (ns):              0.119
  Arrival (ns):            2.163
  Required (ns):           2.044
  Operating Conditions: fast_hv_lt

Path 29
  From: CORERESET_PF_C0_0/CORERESET_PF_C0_0/dff_13[0]:CLK
  To:   CORERESET_PF_C0_0/CORERESET_PF_C0_0/dff_14[0]:D
  Delay (ns):              0.193
  Slack (ns):              0.119
  Arrival (ns):            2.149
  Required (ns):           2.030
  Operating Conditions: fast_hv_lt

Path 30
  From: MIV_RV32_CFG1_C0_0/MIV_RV32_CFG1_C0_0/u_ipcore_0/u_hart_0/u_expipe_0/gen_pipe_debug_enter_req_de_ex.de_ex_pipe_debug_enter_req_ex:CLK
  To:   MIV_RV32_CFG1_C0_0/MIV_RV32_CFG1_C0_0/u_ipcore_0/u_hart_0/u_expipe_0/gen_pipe_debug_enter_req_ex_retr.ex_retr_debug_enter_req_retr:D
  Delay (ns):              0.269
  Slack (ns):              0.120
  Arrival (ns):            2.221
  Required (ns):           2.101
  Operating Conditions: fast_hv_lt

Path 31
  From: MIV_ESS_C0_0/CoreUARTapb_0/uUART/tx_hold_reg[1]:CLK
  To:   MIV_ESS_C0_0/CoreUARTapb_0/uUART/make_TX/tx_byte[1]:D
  Delay (ns):              0.211
  Slack (ns):              0.120
  Arrival (ns):            2.178
  Required (ns):           2.058
  Operating Conditions: fast_hv_lt

Path 32
  From: CORERESET_PF_C0_0/CORERESET_PF_C0_0/dff_11[0]:CLK
  To:   CORERESET_PF_C0_0/CORERESET_PF_C0_0/dff_12[0]:D
  Delay (ns):              0.194
  Slack (ns):              0.120
  Arrival (ns):            2.150
  Required (ns):           2.030
  Operating Conditions: fast_hv_lt

Path 33
  From: MIV_RV32_CFG1_C0_0/MIV_RV32_CFG1_C0_0/u_ipcore_0/gen_subsys_debug.u_subsys_debug_unit_0/MIV_subsys_debug_transport_module_jtag_0/gen_shift_register_active_high.gen_shift_register_active_low.shiftDR[11]:CLK
  To:   MIV_RV32_CFG1_C0_0/MIV_RV32_CFG1_C0_0/u_ipcore_0/gen_subsys_debug.u_subsys_debug_unit_0/MIV_subsys_debug_transport_module_jtag_0/gen_shift_register_active_high.gen_shift_register_active_low.shiftDR[10]:D
  Delay (ns):              0.196
  Slack (ns):              0.121
  Arrival (ns):            3.365
  Required (ns):           3.244
  Operating Conditions: fast_hv_lt

Path 34
  From: MIV_ESS_C0_0/CoreUARTapb_0/uUART/tx_hold_reg[4]:CLK
  To:   MIV_ESS_C0_0/CoreUARTapb_0/uUART/make_TX/tx_byte[4]:D
  Delay (ns):              0.213
  Slack (ns):              0.121
  Arrival (ns):            2.179
  Required (ns):           2.058
  Operating Conditions: fast_hv_lt

Path 35
  From: CORERESET_PF_C0_0/CORERESET_PF_C0_0/dff_14[0]:CLK
  To:   CORERESET_PF_C0_0/CORERESET_PF_C0_0/dff_15[0]:D
  Delay (ns):              0.195
  Slack (ns):              0.121
  Arrival (ns):            2.151
  Required (ns):           2.030
  Operating Conditions: fast_hv_lt

Path 36
  From: MIV_RV32_CFG1_C0_0/MIV_RV32_CFG1_C0_0/u_ipcore_0/gen_subsys_debug.u_subsys_debug_unit_0/debug_resp_fifo/rd_gray_ptr_synch[0]:CLK
  To:   MIV_RV32_CFG1_C0_0/MIV_RV32_CFG1_C0_0/u_ipcore_0/gen_subsys_debug.u_subsys_debug_unit_0/debug_resp_fifo/rd_gray_ptr_in_write[0]:D
  Delay (ns):              0.195
  Slack (ns):              0.122
  Arrival (ns):            2.146
  Required (ns):           2.024
  Operating Conditions: fast_hv_lt

Path 37
  From: MIV_RV32_CFG1_C0_0/MIV_RV32_CFG1_C0_0/u_ipcore_0/gen_subsys_debug.u_subsys_debug_unit_0/debug_req_fifo/genblk1.rst_synch_reg[1]:CLK
  To:   MIV_RV32_CFG1_C0_0/MIV_RV32_CFG1_C0_0/u_ipcore_0/gen_subsys_debug.u_subsys_debug_unit_0/debug_req_fifo/genblk1.rst_synch_reg[0]:D
  Delay (ns):              0.195
  Slack (ns):              0.122
  Arrival (ns):            2.128
  Required (ns):           2.006
  Operating Conditions: fast_hv_lt

Path 38
  From: MIV_RV32_CFG1_C0_0/MIV_RV32_CFG1_C0_0/u_ipcore_0/gen_subsys_debug.u_subsys_debug_unit_0/MIV_subsys_debug_transport_module_jtag_0/gen_shift_register_active_high.gen_shift_register_active_low.shiftDR[31]:CLK
  To:   MIV_RV32_CFG1_C0_0/MIV_RV32_CFG1_C0_0/u_ipcore_0/gen_subsys_debug.u_subsys_debug_unit_0/MIV_subsys_debug_transport_module_jtag_0/gen_shift_register_active_high.gen_shift_register_active_low.shiftDR[30]:D
  Delay (ns):              0.202
  Slack (ns):              0.123
  Arrival (ns):            3.349
  Required (ns):           3.226
  Operating Conditions: fast_hv_lt

Path 39
  From: MIV_RV32_CFG1_C0_0/MIV_RV32_CFG1_C0_0/u_ipcore_0/gen_subsys_debug.u_subsys_debug_unit_0/MIV_subsys_debug_transport_module_jtag_0/gen_shift_register_active_high.gen_shift_register_active_low.shiftDR[24]:CLK
  To:   MIV_RV32_CFG1_C0_0/MIV_RV32_CFG1_C0_0/u_ipcore_0/gen_subsys_debug.u_subsys_debug_unit_0/MIV_subsys_debug_transport_module_jtag_0/gen_shift_register_active_high.gen_shift_register_active_low.shiftDR[23]:D
  Delay (ns):              0.202
  Slack (ns):              0.123
  Arrival (ns):            3.349
  Required (ns):           3.226
  Operating Conditions: fast_hv_lt

Path 40
  From: MIV_ESS_C0_0/CoreUARTapb_0/uUART/make_RX/rx_shift[0]:CLK
  To:   MIV_ESS_C0_0/CoreUARTapb_0/uUART/make_RX/rx_byte[0]:D
  Delay (ns):              0.212
  Slack (ns):              0.123
  Arrival (ns):            2.163
  Required (ns):           2.040
  Operating Conditions: fast_hv_lt

Path 41
  From: MIV_RV32_CFG1_C0_0/MIV_RV32_CFG1_C0_0/u_ipcore_0/gen_subsys_debug.u_subsys_debug_unit_0/miv_rv32_debug_du_0/data_0_reg[20]:CLK
  To:   MIV_RV32_CFG1_C0_0/MIV_RV32_CFG1_C0_0/u_ipcore_0/gen_subsys_debug.u_subsys_debug_unit_0/miv_rv32_debug_du_0/debug_op_wr_data[20]:D
  Delay (ns):              0.212
  Slack (ns):              0.124
  Arrival (ns):            2.162
  Required (ns):           2.038
  Operating Conditions: fast_hv_lt

Path 42
  From: CORERESET_PF_C0_0/CORERESET_PF_C0_0/dff_5[0]:CLK
  To:   CORERESET_PF_C0_0/CORERESET_PF_C0_0/dff_6[0]:D
  Delay (ns):              0.198
  Slack (ns):              0.124
  Arrival (ns):            2.154
  Required (ns):           2.030
  Operating Conditions: fast_hv_lt

Path 43
  From: MIV_RV32_CFG1_C0_0/MIV_RV32_CFG1_C0_0/u_ipcore_0/gen_subsys_debug.u_subsys_debug_unit_0/debug_req_fifo/rd_gray_ptr[1]:CLK
  To:   MIV_RV32_CFG1_C0_0/MIV_RV32_CFG1_C0_0/u_ipcore_0/gen_subsys_debug.u_subsys_debug_unit_0/debug_req_fifo/rd_gray_ptr[1]:D
  Delay (ns):              0.193
  Slack (ns):              0.125
  Arrival (ns):            2.126
  Required (ns):           2.001
  Operating Conditions: fast_hv_lt

Path 44
  From: MIV_RV32_CFG1_C0_0/MIV_RV32_CFG1_C0_0/u_ipcore_0/gen_subsys_debug.u_subsys_debug_unit_0/MIV_subsys_debug_transport_module_jtag_0/gen_shift_register_active_high.gen_shift_register_active_low.shiftDR[9]:CLK
  To:   MIV_RV32_CFG1_C0_0/MIV_RV32_CFG1_C0_0/u_ipcore_0/gen_subsys_debug.u_subsys_debug_unit_0/MIV_subsys_debug_transport_module_jtag_0/gen_shift_register_active_high.gen_shift_register_active_low.shiftDR[8]:D
  Delay (ns):              0.200
  Slack (ns):              0.125
  Arrival (ns):            3.369
  Required (ns):           3.244
  Operating Conditions: fast_hv_lt

Path 45
  From: MIV_ESS_C0_0/CoreUARTapb_0/uUART/make_RX/rx_shift[6]:CLK
  To:   MIV_ESS_C0_0/CoreUARTapb_0/uUART/make_RX/rx_shift[5]:D
  Delay (ns):              0.198
  Slack (ns):              0.125
  Arrival (ns):            2.150
  Required (ns):           2.025
  Operating Conditions: fast_hv_lt

Path 46
  From: MIV_RV32_CFG1_C0_0/MIV_RV32_CFG1_C0_0/u_ipcore_0/gen_subsys_debug.u_subsys_debug_unit_0/debug_req_fifo/rd_gray_ptr_synch[0]:CLK
  To:   MIV_RV32_CFG1_C0_0/MIV_RV32_CFG1_C0_0/u_ipcore_0/gen_subsys_debug.u_subsys_debug_unit_0/debug_req_fifo/rd_gray_ptr_in_write[0]:D
  Delay (ns):              0.206
  Slack (ns):              0.126
  Arrival (ns):            3.561
  Required (ns):           3.435
  Operating Conditions: fast_hv_lt

Path 47
  From: CoreTimer_C0_0/CoreTimer_C0_0/CountIsZeroReg:CLK
  To:   CoreTimer_C0_0/CoreTimer_C0_0/RawTimInt:D
  Delay (ns):              0.199
  Slack (ns):              0.126
  Arrival (ns):            2.165
  Required (ns):           2.039
  Operating Conditions: fast_hv_lt

Path 48
  From: MIV_RV32_CFG1_C0_0/MIV_RV32_CFG1_C0_0/u_ipcore_0/gen_subsys_debug.u_subsys_debug_unit_0/MIV_subsys_debug_transport_module_jtag_0/gen_shift_register_active_high.gen_shift_register_active_low.shiftDR[25]:CLK
  To:   MIV_RV32_CFG1_C0_0/MIV_RV32_CFG1_C0_0/u_ipcore_0/gen_subsys_debug.u_subsys_debug_unit_0/MIV_subsys_debug_transport_module_jtag_0/gen_shift_register_active_high.gen_shift_register_active_low.shiftDR[24]:D
  Delay (ns):              0.206
  Slack (ns):              0.127
  Arrival (ns):            3.353
  Required (ns):           3.226
  Operating Conditions: fast_hv_lt

Path 49
  From: MIV_RV32_CFG1_C0_0/MIV_RV32_CFG1_C0_0/u_ipcore_0/gen_subsys_debug.u_subsys_debug_unit_0/MIV_subsys_debug_transport_module_jtag_0/gen_shift_register_active_high.gen_shift_register_active_low.shiftDMI[40]:CLK
  To:   MIV_RV32_CFG1_C0_0/MIV_RV32_CFG1_C0_0/u_ipcore_0/gen_subsys_debug.u_subsys_debug_unit_0/MIV_subsys_debug_transport_module_jtag_0/gen_shift_register_active_high.gen_shift_register_active_low.shiftDMI[39]:D
  Delay (ns):              0.202
  Slack (ns):              0.127
  Arrival (ns):            3.374
  Required (ns):           3.247
  Operating Conditions: fast_hv_lt

Path 50
  From: MIV_RV32_CFG1_C0_0/MIV_RV32_CFG1_C0_0/u_ipcore_0/u_subsys_interconnect_0/u_i_trx_os_buffer/gen_buff_loop[0].buff_valid[0]:CLK
  To:   MIV_RV32_CFG1_C0_0/MIV_RV32_CFG1_C0_0/u_ipcore_0/u_subsys_interconnect_0/u_i_trx_os_buffer/buff_rd_ptr[0]:D
  Delay (ns):              0.202
  Slack (ns):              0.128
  Arrival (ns):            2.183
  Required (ns):           2.055
  Operating Conditions: fast_hv_lt

Path 51
  From: MIV_RV32_CFG1_C0_0/MIV_RV32_CFG1_C0_0/u_ipcore_0/u_hart_0/u_expipe_0/u_exu_0/div_divisor[16]:CLK
  To:   MIV_RV32_CFG1_C0_0/MIV_RV32_CFG1_C0_0/u_ipcore_0/u_hart_0/u_expipe_0/u_exu_0/div_divisor[15]:D
  Delay (ns):              0.206
  Slack (ns):              0.128
  Arrival (ns):            2.152
  Required (ns):           2.024
  Operating Conditions: fast_hv_lt

Path 52
  From: CORERESET_PF_C0_0/CORERESET_PF_C0_0/dff_0[0]:CLK
  To:   CORERESET_PF_C0_0/CORERESET_PF_C0_0/dff_1[0]:D
  Delay (ns):              0.195
  Slack (ns):              0.128
  Arrival (ns):            2.142
  Required (ns):           2.014
  Operating Conditions: fast_hv_lt

Path 53
  From: MIV_RV32_CFG1_C0_0/MIV_RV32_CFG1_C0_0/u_ipcore_0/gen_apb.u_apb_initiator_0/gen_apb_byte_shim.pwdata[8]:CLK
  To:   CoreTimer_C0_0/CoreTimer_C0_0/Load[8]:D
  Delay (ns):              0.281
  Slack (ns):              0.129
  Arrival (ns):            2.238
  Required (ns):           2.109
  Operating Conditions: fast_hv_lt

Path 54
  From: MIV_ESS_C0_0/CoreUARTapb_0/uUART/make_TX/txrdy_int:CLK
  To:   MIV_ESS_C0_0/CoreUARTapb_0/uUART/make_TX/xmit_state[1]:D
  Delay (ns):              0.203
  Slack (ns):              0.129
  Arrival (ns):            2.170
  Required (ns):           2.041
  Operating Conditions: fast_hv_lt

Path 55
  From: MIV_ESS_C0_0/CoreUARTapb_0/uUART/make_CLOCK_GEN/xmit_cntr[0]:CLK
  To:   MIV_ESS_C0_0/CoreUARTapb_0/uUART/make_CLOCK_GEN/xmit_clock:D
  Delay (ns):              0.202
  Slack (ns):              0.129
  Arrival (ns):            2.172
  Required (ns):           2.043
  Operating Conditions: fast_hv_lt

Path 56
  From: MIV_RV32_CFG1_C0_0/MIV_RV32_CFG1_C0_0/u_ipcore_0/u_hart_0/u_expipe_0/u_exu_0/div_divisor[19]:CLK
  To:   MIV_RV32_CFG1_C0_0/MIV_RV32_CFG1_C0_0/u_ipcore_0/u_hart_0/u_expipe_0/u_exu_0/div_divisor[18]:D
  Delay (ns):              0.207
  Slack (ns):              0.130
  Arrival (ns):            2.154
  Required (ns):           2.024
  Operating Conditions: fast_hv_lt

Path 57
  From: MIV_ESS_C0_0/CoreUARTapb_0/uUART/make_RX/rx_shift[2]:CLK
  To:   MIV_ESS_C0_0/CoreUARTapb_0/uUART/make_RX/rx_byte[2]:D
  Delay (ns):              0.219
  Slack (ns):              0.130
  Arrival (ns):            2.170
  Required (ns):           2.040
  Operating Conditions: fast_hv_lt

Path 58
  From: MIV_RV32_CFG1_C0_0/MIV_RV32_CFG1_C0_0/u_ipcore_0/u_hart_0/u_expipe_0/u_exu_0/div_divisor[25]:CLK
  To:   MIV_RV32_CFG1_C0_0/MIV_RV32_CFG1_C0_0/u_ipcore_0/u_hart_0/u_expipe_0/u_exu_0/div_divisor[24]:D
  Delay (ns):              0.208
  Slack (ns):              0.131
  Arrival (ns):            2.152
  Required (ns):           2.021
  Operating Conditions: fast_hv_lt

Path 59
  From: MIV_RV32_CFG1_C0_0/MIV_RV32_CFG1_C0_0/u_ipcore_0/gen_subsys_debug.u_subsys_debug_unit_0/miv_rv32_debug_du_0/command_reg[17]:CLK
  To:   MIV_RV32_CFG1_C0_0/MIV_RV32_CFG1_C0_0/u_ipcore_0/gen_subsys_debug.u_subsys_debug_unit_0/miv_rv32_debug_du_0/abs_cmd_transfer_ff:D
  Delay (ns):              0.206
  Slack (ns):              0.131
  Arrival (ns):            2.149
  Required (ns):           2.018
  Operating Conditions: fast_hv_lt

Path 60
  From: MIV_RV32_CFG1_C0_0/MIV_RV32_CFG1_C0_0/u_ipcore_0/gen_subsys_debug.u_subsys_debug_unit_0/MIV_subsys_debug_transport_module_jtag_0/gen_shift_register_active_high.gen_shift_register_active_low.shiftDR[29]:CLK
  To:   MIV_RV32_CFG1_C0_0/MIV_RV32_CFG1_C0_0/u_ipcore_0/gen_subsys_debug.u_subsys_debug_unit_0/MIV_subsys_debug_transport_module_jtag_0/gen_shift_register_active_high.gen_shift_register_active_low.shiftDR[28]:D
  Delay (ns):              0.209
  Slack (ns):              0.131
  Arrival (ns):            3.356
  Required (ns):           3.225
  Operating Conditions: fast_hv_lt

Path 61
  From: MIV_RV32_CFG1_C0_0/MIV_RV32_CFG1_C0_0/u_ipcore_0/gen_subsys_debug.u_subsys_debug_unit_0/MIV_subsys_debug_transport_module_jtag_0/gen_shift_register_active_high.gen_shift_register_active_low.shiftDMI[39]:CLK
  To:   MIV_RV32_CFG1_C0_0/MIV_RV32_CFG1_C0_0/u_ipcore_0/gen_subsys_debug.u_subsys_debug_unit_0/MIV_subsys_debug_transport_module_jtag_0/gen_shift_register_active_high.gen_shift_register_active_low.shiftDMI[38]:D
  Delay (ns):              0.207
  Slack (ns):              0.131
  Arrival (ns):            3.378
  Required (ns):           3.247
  Operating Conditions: fast_hv_lt

Path 62
  From: MIV_RV32_CFG1_C0_0/MIV_RV32_CFG1_C0_0/u_ipcore_0/u_hart_0/u_expipe_0/u_exu_0/div_divisor[49]:CLK
  To:   MIV_RV32_CFG1_C0_0/MIV_RV32_CFG1_C0_0/u_ipcore_0/u_hart_0/u_expipe_0/u_exu_0/div_divisor[48]:D
  Delay (ns):              0.206
  Slack (ns):              0.132
  Arrival (ns):            2.179
  Required (ns):           2.047
  Operating Conditions: fast_hv_lt

Path 63
  From: MIV_RV32_CFG1_C0_0/MIV_RV32_CFG1_C0_0/u_ipcore_0/u_hart_0/u_expipe_0/u_exu_0/div_divisor[14]:CLK
  To:   MIV_RV32_CFG1_C0_0/MIV_RV32_CFG1_C0_0/u_ipcore_0/u_hart_0/u_expipe_0/u_exu_0/div_divisor[13]:D
  Delay (ns):              0.209
  Slack (ns):              0.132
  Arrival (ns):            2.156
  Required (ns):           2.024
  Operating Conditions: fast_hv_lt

Path 64
  From: MIV_RV32_CFG1_C0_0/MIV_RV32_CFG1_C0_0/u_ipcore_0/u_hart_0/u_expipe_0/u_exu_0/div_divisor[13]:CLK
  To:   MIV_RV32_CFG1_C0_0/MIV_RV32_CFG1_C0_0/u_ipcore_0/u_hart_0/u_expipe_0/u_exu_0/div_divisor[12]:D
  Delay (ns):              0.209
  Slack (ns):              0.132
  Arrival (ns):            2.156
  Required (ns):           2.024
  Operating Conditions: fast_hv_lt

Path 65
  From: MIV_RV32_CFG1_C0_0/MIV_RV32_CFG1_C0_0/u_ipcore_0/gen_subsys_debug.u_subsys_debug_unit_0/miv_rv32_debug_du_0/command_reg[6]:CLK
  To:   MIV_RV32_CFG1_C0_0/MIV_RV32_CFG1_C0_0/u_ipcore_0/gen_subsys_debug.u_subsys_debug_unit_0/miv_rv32_debug_du_0/debug_csr_addr[6]:D
  Delay (ns):              0.206
  Slack (ns):              0.132
  Arrival (ns):            2.147
  Required (ns):           2.015
  Operating Conditions: fast_hv_lt

Path 66
  From: MIV_RV32_CFG1_C0_0/MIV_RV32_CFG1_C0_0/u_ipcore_0/gen_apb.u_apb_initiator_0/gen_apb_byte_shim.pwdata[10]:CLK
  To:   CoreTimer_C1_0/CoreTimer_C1_0/Load[10]:D
  Delay (ns):              0.283
  Slack (ns):              0.132
  Arrival (ns):            2.240
  Required (ns):           2.108
  Operating Conditions: fast_hv_lt

Path 67
  From: MIV_ESS_C0_0/CoreUARTapb_0/uUART/make_RX/rx_shift[2]:CLK
  To:   MIV_ESS_C0_0/CoreUARTapb_0/uUART/make_RX/rx_shift[1]:D
  Delay (ns):              0.206
  Slack (ns):              0.132
  Arrival (ns):            2.157
  Required (ns):           2.025
  Operating Conditions: fast_hv_lt

Path 68
  From: MIV_RV32_CFG1_C0_0/MIV_RV32_CFG1_C0_0/u_ipcore_0/gen_subsys_debug.u_subsys_debug_unit_0/miv_rv32_debug_du_0/command_reg[8]:CLK
  To:   MIV_RV32_CFG1_C0_0/MIV_RV32_CFG1_C0_0/u_ipcore_0/gen_subsys_debug.u_subsys_debug_unit_0/miv_rv32_debug_du_0/debug_csr_addr[8]:D
  Delay (ns):              0.207
  Slack (ns):              0.133
  Arrival (ns):            2.162
  Required (ns):           2.029
  Operating Conditions: fast_hv_lt

Path 69
  From: MIV_RV32_CFG1_C0_0/MIV_RV32_CFG1_C0_0/u_ipcore_0/u_hart_0/u_fetch_unit_0/u_miv_rv32_ifu_iab_0/buff_req_wr_ptr[0]:CLK
  To:   MIV_RV32_CFG1_C0_0/MIV_RV32_CFG1_C0_0/u_ipcore_0/u_hart_0/u_fetch_unit_0/u_miv_rv32_ifu_iab_0/buff_req_rd_ptr[0]:D
  Delay (ns):              0.213
  Slack (ns):              0.134
  Arrival (ns):            2.164
  Required (ns):           2.030
  Operating Conditions: fast_hv_lt

Path 70
  From: MIV_RV32_CFG1_C0_0/MIV_RV32_CFG1_C0_0/u_ipcore_0/u_hart_0/u_expipe_0/u_exu_0/div_divisor[27]:CLK
  To:   MIV_RV32_CFG1_C0_0/MIV_RV32_CFG1_C0_0/u_ipcore_0/u_hart_0/u_expipe_0/u_exu_0/div_divisor[26]:D
  Delay (ns):              0.211
  Slack (ns):              0.134
  Arrival (ns):            2.155
  Required (ns):           2.021
  Operating Conditions: fast_hv_lt

Path 71
  From: MIV_RV32_CFG1_C0_0/MIV_RV32_CFG1_C0_0/u_ipcore_0/gen_subsys_debug.u_subsys_debug_unit_0/miv_rv32_debug_du_0/dmcontrol_resumereq:CLK
  To:   MIV_RV32_CFG1_C0_0/MIV_RV32_CFG1_C0_0/u_ipcore_0/gen_subsys_debug.u_subsys_debug_unit_0/miv_rv32_debug_du_0/dmstatus_allany_resumeack:D
  Delay (ns):              0.207
  Slack (ns):              0.134
  Arrival (ns):            2.150
  Required (ns):           2.016
  Operating Conditions: fast_hv_lt

Path 72
  From: MIV_RV32_CFG1_C0_0/MIV_RV32_CFG1_C0_0/u_ipcore_0/gen_subsys_debug.u_subsys_debug_unit_0/miv_rv32_debug_du_0/debug_op_wr_data[12]:CLK
  To:   MIV_RV32_CFG1_C0_0/MIV_RV32_CFG1_C0_0/u_ipcore_0/u_hart_0/u_expipe_0/u_exu_0/exu_result_reg_int[12]:D
  Delay (ns):              0.208
  Slack (ns):              0.134
  Arrival (ns):            2.163
  Required (ns):           2.029
  Operating Conditions: fast_hv_lt

Path 73
  From: MIV_RV32_CFG1_C0_0/MIV_RV32_CFG1_C0_0/u_ipcore_0/gen_subsys_debug.u_subsys_debug_unit_0/miv_rv32_debug_du_0/debug_csr_addr[10]:CLK
  To:   MIV_RV32_CFG1_C0_0/MIV_RV32_CFG1_C0_0/u_ipcore_0/u_hart_0/u_expipe_0/gen_debug_csr_ctrl_pipeline.ex_retr_pipe_sw_csr_addr_retr[10]:D
  Delay (ns):              0.208
  Slack (ns):              0.134
  Arrival (ns):            2.163
  Required (ns):           2.029
  Operating Conditions: fast_hv_lt

Path 74
  From: MIV_RV32_CFG1_C0_0/MIV_RV32_CFG1_C0_0/u_ipcore_0/gen_subsys_debug.u_subsys_debug_unit_0/MIV_subsys_debug_transport_module_jtag_0/gen_shift_register_active_high.gen_shift_register_active_low.shiftDR[16]:CLK
  To:   MIV_RV32_CFG1_C0_0/MIV_RV32_CFG1_C0_0/u_ipcore_0/gen_subsys_debug.u_subsys_debug_unit_0/MIV_subsys_debug_transport_module_jtag_0/gen_shift_register_active_high.gen_shift_register_active_low.shiftDR[15]:D
  Delay (ns):              0.210
  Slack (ns):              0.134
  Arrival (ns):            3.358
  Required (ns):           3.224
  Operating Conditions: fast_hv_lt

Path 75
  From: MIV_RV32_CFG1_C0_0/MIV_RV32_CFG1_C0_0/u_ipcore_0/gen_subsys_debug.u_subsys_debug_unit_0/MIV_subsys_debug_transport_module_jtag_0/gen_shift_register_active_high.gen_shift_register_active_low.shiftDMI[28]:CLK
  To:   MIV_RV32_CFG1_C0_0/MIV_RV32_CFG1_C0_0/u_ipcore_0/gen_subsys_debug.u_subsys_debug_unit_0/MIV_subsys_debug_transport_module_jtag_0/gen_shift_register_active_high.gen_shift_register_active_low.shiftDMI[27]:D
  Delay (ns):              0.213
  Slack (ns):              0.134
  Arrival (ns):            3.362
  Required (ns):           3.228
  Operating Conditions: fast_hv_lt

Path 76
  From: MIV_RV32_CFG1_C0_0/MIV_RV32_CFG1_C0_0/u_ipcore_0/gen_subsys_debug.u_subsys_debug_unit_0/miv_rv32_debug_du_0/dmcontrol_dmactive:CLK
  To:   MIV_RV32_CFG1_C0_0/MIV_RV32_CFG1_C0_0/u_ipcore_0/gen_subsys_debug.u_subsys_debug_unit_0/miv_rv32_debug_du_0/command_reg[14]:SLn
  Delay (ns):              0.285
  Slack (ns):              0.135
  Arrival (ns):            2.219
  Required (ns):           2.084
  Operating Conditions: fast_hv_lt

Path 77
  From: MIV_RV32_CFG1_C0_0/MIV_RV32_CFG1_C0_0/u_ipcore_0/gen_subsys_debug.u_subsys_debug_unit_0/miv_rv32_debug_du_0/dmcontrol_dmactive:CLK
  To:   MIV_RV32_CFG1_C0_0/MIV_RV32_CFG1_C0_0/u_ipcore_0/gen_subsys_debug.u_subsys_debug_unit_0/miv_rv32_debug_du_0/command_reg[13]:SLn
  Delay (ns):              0.285
  Slack (ns):              0.135
  Arrival (ns):            2.219
  Required (ns):           2.084
  Operating Conditions: fast_hv_lt

Path 78
  From: MIV_ESS_C0_0/CoreUARTapb_0/controlReg2[4]:CLK
  To:   MIV_ESS_C0_0/CoreUARTapb_0/iPRDATA[4]:D
  Delay (ns):              0.209
  Slack (ns):              0.135
  Arrival (ns):            2.164
  Required (ns):           2.029
  Operating Conditions: fast_hv_lt

Path 79
  From: CoreTimer_C1_0/CoreTimer_C1_0/Load[5]:CLK
  To:   CoreTimer_C1_0/CoreTimer_C1_0/iPRDATA[5]:D
  Delay (ns):              0.210
  Slack (ns):              0.135
  Arrival (ns):            2.181
  Required (ns):           2.046
  Operating Conditions: fast_hv_lt

Path 80
  From: CoreTimer_C0_0/CoreTimer_C0_0/Load[18]:CLK
  To:   CoreTimer_C0_0/CoreTimer_C0_0/iPRDATA[18]:D
  Delay (ns):              0.209
  Slack (ns):              0.135
  Arrival (ns):            2.173
  Required (ns):           2.038
  Operating Conditions: fast_hv_lt

Path 81
  From: CORERESET_PF_C0_0/CORERESET_PF_C0_0/dff_6[0]:CLK
  To:   CORERESET_PF_C0_0/CORERESET_PF_C0_0/dff_7[0]:D
  Delay (ns):              0.209
  Slack (ns):              0.135
  Arrival (ns):            2.165
  Required (ns):           2.030
  Operating Conditions: fast_hv_lt

Path 82
  From: MIV_RV32_CFG1_C0_0/MIV_RV32_CFG1_C0_0/u_ipcore_0/u_hart_0/u_expipe_0/de_ex_pipe_i_access_misalign_error_ex:CLK
  To:   MIV_RV32_CFG1_C0_0/MIV_RV32_CFG1_C0_0/u_ipcore_0/u_hart_0/u_expipe_0/ex_retr_pipe_i_access_misalign_error_retr:D
  Delay (ns):              0.221
  Slack (ns):              0.136
  Arrival (ns):            2.173
  Required (ns):           2.037
  Operating Conditions: fast_hv_lt

Path 83
  From: MIV_RV32_CFG1_C0_0/MIV_RV32_CFG1_C0_0/u_ipcore_0/gen_subsys_debug.u_subsys_debug_unit_0/miv_rv32_debug_du_0/dmcontrol_dmactive:CLK
  To:   MIV_RV32_CFG1_C0_0/MIV_RV32_CFG1_C0_0/u_ipcore_0/gen_subsys_debug.u_subsys_debug_unit_0/miv_rv32_debug_du_0/command_reg_state[5]:SLn
  Delay (ns):              0.287
  Slack (ns):              0.136
  Arrival (ns):            2.221
  Required (ns):           2.085
  Operating Conditions: fast_hv_lt

Path 84
  From: MIV_RV32_CFG1_C0_0/MIV_RV32_CFG1_C0_0/u_ipcore_0/gen_subsys_debug.u_subsys_debug_unit_0/MIV_subsys_debug_transport_module_jtag_0/gen_shift_register_active_high.gen_shift_register_active_low.shiftDMI[8]:CLK
  To:   MIV_RV32_CFG1_C0_0/MIV_RV32_CFG1_C0_0/u_ipcore_0/gen_subsys_debug.u_subsys_debug_unit_0/MIV_subsys_debug_transport_module_jtag_0/gen_shift_register_active_high.gen_shift_register_active_low.shiftDMI[7]:D
  Delay (ns):              0.211
  Slack (ns):              0.136
  Arrival (ns):            3.379
  Required (ns):           3.243
  Operating Conditions: fast_hv_lt

Path 85
  From: MIV_ESS_C0_0/CoreUARTapb_0/uUART/make_RX/receive_count[0]:CLK
  To:   MIV_ESS_C0_0/CoreUARTapb_0/uUART/make_RX/receive_count[2]:D
  Delay (ns):              0.209
  Slack (ns):              0.136
  Arrival (ns):            2.163
  Required (ns):           2.027
  Operating Conditions: fast_hv_lt

Path 86
  From: CoreTimer_C0_0/CoreTimer_C0_0/Load[9]:CLK
  To:   CoreTimer_C0_0/CoreTimer_C0_0/iPRDATA[9]:D
  Delay (ns):              0.210
  Slack (ns):              0.136
  Arrival (ns):            2.171
  Required (ns):           2.035
  Operating Conditions: fast_hv_lt

Path 87
  From: CoreTimer_C0_0/CoreTimer_C0_0/Load[5]:CLK
  To:   CoreTimer_C0_0/CoreTimer_C0_0/iPRDATA[5]:D
  Delay (ns):              0.210
  Slack (ns):              0.136
  Arrival (ns):            2.189
  Required (ns):           2.053
  Operating Conditions: fast_hv_lt

Path 88
  From: MIV_RV32_CFG1_C0_0/MIV_RV32_CFG1_C0_0/u_ipcore_0/u_hart_0/u_expipe_0/u_exu_0/div_divisor[38]:CLK
  To:   MIV_RV32_CFG1_C0_0/MIV_RV32_CFG1_C0_0/u_ipcore_0/u_hart_0/u_expipe_0/u_exu_0/div_divisor[37]:D
  Delay (ns):              0.211
  Slack (ns):              0.137
  Arrival (ns):            2.176
  Required (ns):           2.039
  Operating Conditions: fast_hv_lt

Path 89
  From: MIV_RV32_CFG1_C0_0/MIV_RV32_CFG1_C0_0/u_ipcore_0/gen_subsys_debug.u_subsys_debug_unit_0/miv_rv32_debug_du_0/dmcontrol_dmactive:CLK
  To:   MIV_RV32_CFG1_C0_0/MIV_RV32_CFG1_C0_0/u_ipcore_0/gen_subsys_debug.u_subsys_debug_unit_0/miv_rv32_debug_du_0/command_reg[17]:SLn
  Delay (ns):              0.287
  Slack (ns):              0.137
  Arrival (ns):            2.221
  Required (ns):           2.084
  Operating Conditions: fast_hv_lt

Path 90
  From: MIV_RV32_CFG1_C0_0/MIV_RV32_CFG1_C0_0/u_ipcore_0/gen_subsys_debug.u_subsys_debug_unit_0/miv_rv32_debug_du_0/dmcontrol_dmactive:CLK
  To:   MIV_RV32_CFG1_C0_0/MIV_RV32_CFG1_C0_0/u_ipcore_0/gen_subsys_debug.u_subsys_debug_unit_0/miv_rv32_debug_du_0/command_reg[16]:SLn
  Delay (ns):              0.287
  Slack (ns):              0.137
  Arrival (ns):            2.221
  Required (ns):           2.084
  Operating Conditions: fast_hv_lt

Path 91
  From: MIV_RV32_CFG1_C0_0/MIV_RV32_CFG1_C0_0/u_ipcore_0/gen_subsys_debug.u_subsys_debug_unit_0/miv_rv32_debug_du_0/dmcontrol_dmactive:CLK
  To:   MIV_RV32_CFG1_C0_0/MIV_RV32_CFG1_C0_0/u_ipcore_0/gen_subsys_debug.u_subsys_debug_unit_0/miv_rv32_debug_du_0/command_reg[15]:SLn
  Delay (ns):              0.287
  Slack (ns):              0.137
  Arrival (ns):            2.221
  Required (ns):           2.084
  Operating Conditions: fast_hv_lt

Path 92
  From: MIV_RV32_CFG1_C0_0/MIV_RV32_CFG1_C0_0/u_ipcore_0/gen_subsys_debug.u_subsys_debug_unit_0/miv_rv32_debug_du_0/command_reg[9]:CLK
  To:   MIV_RV32_CFG1_C0_0/MIV_RV32_CFG1_C0_0/u_ipcore_0/gen_subsys_debug.u_subsys_debug_unit_0/miv_rv32_debug_du_0/debug_csr_addr[9]:D
  Delay (ns):              0.211
  Slack (ns):              0.137
  Arrival (ns):            2.166
  Required (ns):           2.029
  Operating Conditions: fast_hv_lt

Path 93
  From: MIV_RV32_CFG1_C0_0/MIV_RV32_CFG1_C0_0/u_ipcore_0/gen_subsys_debug.u_subsys_debug_unit_0/miv_rv32_debug_du_0/command_reg[0]:CLK
  To:   MIV_RV32_CFG1_C0_0/MIV_RV32_CFG1_C0_0/u_ipcore_0/gen_subsys_debug.u_subsys_debug_unit_0/miv_rv32_debug_du_0/debug_csr_addr[0]:D
  Delay (ns):              0.210
  Slack (ns):              0.137
  Arrival (ns):            2.151
  Required (ns):           2.014
  Operating Conditions: fast_hv_lt

Path 94
  From: MIV_RV32_CFG1_C0_0/MIV_RV32_CFG1_C0_0/u_ipcore_0/gen_subsys_debug.u_subsys_debug_unit_0/miv_rv32_debug_du_0/debug_op_wr_data[22]:CLK
  To:   MIV_RV32_CFG1_C0_0/MIV_RV32_CFG1_C0_0/u_ipcore_0/u_hart_0/u_expipe_0/u_exu_0/exu_result_reg_int[22]:D
  Delay (ns):              0.212
  Slack (ns):              0.138
  Arrival (ns):            2.167
  Required (ns):           2.029
  Operating Conditions: fast_hv_lt

Path 95
  From: MIV_RV32_CFG1_C0_0/MIV_RV32_CFG1_C0_0/u_ipcore_0/gen_subsys_debug.u_subsys_debug_unit_0/MIV_subsys_debug_transport_module_jtag_0/gen_shift_register_active_high.gen_shift_register_active_low.shiftDMI[1]:CLK
  To:   MIV_RV32_CFG1_C0_0/MIV_RV32_CFG1_C0_0/u_ipcore_0/gen_subsys_debug.u_subsys_debug_unit_0/MIV_subsys_debug_transport_module_jtag_0/gen_shift_register_active_high.gen_shift_register_active_low.shiftDMI[0]:D
  Delay (ns):              0.213
  Slack (ns):              0.138
  Arrival (ns):            3.381
  Required (ns):           3.243
  Operating Conditions: fast_hv_lt

Path 96
  From: MIV_ESS_C0_0/CoreUARTapb_0/uUART/make_RX/rx_state[1]:CLK
  To:   MIV_ESS_C0_0/CoreUARTapb_0/uUART/make_RX/rx_state[1]:D
  Delay (ns):              0.206
  Slack (ns):              0.138
  Arrival (ns):            2.153
  Required (ns):           2.015
  Operating Conditions: fast_hv_lt

Path 97
  From: MIV_ESS_C0_0/CoreUARTapb_0/uUART/make_RX/rx_bit_cnt[0]:CLK
  To:   MIV_ESS_C0_0/CoreUARTapb_0/uUART/make_RX/rx_bit_cnt[1]:D
  Delay (ns):              0.212
  Slack (ns):              0.138
  Arrival (ns):            2.168
  Required (ns):           2.030
  Operating Conditions: fast_hv_lt

Path 98
  From: MIV_ESS_C0_0/CoreUARTapb_0/uUART/make_RX/receive_full_int:CLK
  To:   MIV_ESS_C0_0/CoreUARTapb_0/uUART/genblk1.RXRDY:D
  Delay (ns):              0.211
  Slack (ns):              0.138
  Arrival (ns):            2.167
  Required (ns):           2.029
  Operating Conditions: fast_hv_lt

Path 99
  From: CoreTimer_C1_0/CoreTimer_C1_0/Load[6]:CLK
  To:   CoreTimer_C1_0/CoreTimer_C1_0/iPRDATA[6]:D
  Delay (ns):              0.211
  Slack (ns):              0.138
  Arrival (ns):            2.183
  Required (ns):           2.045
  Operating Conditions: fast_hv_lt

Path 100
  From: CoreTimer_C0_0/CoreTimer_C0_0/Load[6]:CLK
  To:   CoreTimer_C0_0/CoreTimer_C0_0/iPRDATA[6]:D
  Delay (ns):              0.212
  Slack (ns):              0.138
  Arrival (ns):            2.191
  Required (ns):           2.053
  Operating Conditions: fast_hv_lt

