Timing Violation Report Max Delay Analysis

SmartTime Version 2025.2
Microchip Technology Inc. - Microchip Libero Software Release 2025.2 (Version 2025.2.0.14)
Date: Thu Jan 15 13:18:20 2026


Design: BaseDesign
Family: PolarFireSoC
Die: MPFS095T
Package: FCSG325
Temperature Range: 0 - 100 C
Voltage Range: 0.97 - 1.03 V
Speed Grade: -1
Design State: Post-Layout
Data source: Production
Multi Corner Report Operating Conditions: slow_lv_lt,fast_hv_lt,slow_lv_ht


Path 1
  From: MIV_RV32_CFG1_C0_0/MIV_RV32_CFG1_C0_0/u_ipcore_0/u_hart_0/u_expipe_0/u_exu_0/fast_mul.miv_rv32_mul_0/WideMult_0_0/MACC_PHYS_INST/INST_MACC_IP:CLK
  To:   MIV_RV32_CFG1_C0_0/MIV_RV32_CFG1_C0_0/u_ipcore_0/u_hart_0/u_expipe_0/de_ex_pipe_shifter_unit_op_sel_ex[0]:D
  Delay (ns):             11.121
  Slack (ns):              8.507
  Arrival (ns):           14.637
  Required (ns):          23.144
  Operating Conditions: slow_lv_ht

Path 2
  From: MIV_RV32_CFG1_C0_0/MIV_RV32_CFG1_C0_0/u_ipcore_0/u_hart_0/u_expipe_0/u_exu_0/fast_mul.miv_rv32_mul_0/WideMult_0_0/MACC_PHYS_INST/INST_MACC_IP:CLK
  To:   MIV_RV32_CFG1_C0_0/MIV_RV32_CFG1_C0_0/u_ipcore_0/u_hart_0/u_expipe_0/de_ex_pipe_alu_op_sel_ex[0]:EN
  Delay (ns):             10.990
  Slack (ns):              8.522
  Arrival (ns):           14.506
  Required (ns):          23.028
  Operating Conditions: slow_lv_ht

Path 3
  From: MIV_RV32_CFG1_C0_0/MIV_RV32_CFG1_C0_0/u_ipcore_0/u_hart_0/u_expipe_0/u_exu_0/fast_mul.miv_rv32_mul_0/WideMult_0_0/MACC_PHYS_INST/INST_MACC_IP:CLK
  To:   MIV_RV32_CFG1_C0_0/MIV_RV32_CFG1_C0_0/u_ipcore_0/u_hart_0/u_expipe_0/de_ex_pipe_shifter_unit_op_sel_ex[1]:D
  Delay (ns):             11.098
  Slack (ns):              8.530
  Arrival (ns):           14.614
  Required (ns):          23.144
  Operating Conditions: slow_lv_ht

Path 4
  From: MIV_RV32_CFG1_C0_0/MIV_RV32_CFG1_C0_0/u_ipcore_0/u_hart_0/u_expipe_0/u_exu_0/fast_mul.miv_rv32_mul_0/WideMult_0_0/MACC_PHYS_INST/INST_MACC_IP:CLK
  To:   MIV_RV32_CFG1_C0_0/MIV_RV32_CFG1_C0_0/u_ipcore_0/u_hart_0/u_expipe_0/gen_gpr_ex_attbs_rd_ex.de_ex_pipe_gpr_rs1_rd_valid_ex:SLn
  Delay (ns):             11.067
  Slack (ns):              8.538
  Arrival (ns):           14.583
  Required (ns):          23.121
  Operating Conditions: slow_lv_ht

Path 5
  From: MIV_RV32_CFG1_C0_0/MIV_RV32_CFG1_C0_0/u_ipcore_0/u_hart_0/u_expipe_0/u_exu_0/fast_mul.miv_rv32_mul_0/WideMult_1_0/MACC_PHYS_INST/INST_MACC_IP:CLK
  To:   MIV_RV32_CFG1_C0_0/MIV_RV32_CFG1_C0_0/u_ipcore_0/u_hart_0/u_expipe_0/de_ex_pipe_shifter_unit_op_sel_ex[0]:D
  Delay (ns):             11.072
  Slack (ns):              8.556
  Arrival (ns):           14.588
  Required (ns):          23.144
  Operating Conditions: slow_lv_ht

Path 6
  From: MIV_RV32_CFG1_C0_0/MIV_RV32_CFG1_C0_0/u_ipcore_0/u_hart_0/u_expipe_0/u_exu_0/fast_mul.miv_rv32_mul_0/WideMult_0_0/MACC_PHYS_INST/INST_MACC_IP:CLK
  To:   MIV_RV32_CFG1_C0_0/MIV_RV32_CFG1_C0_0/u_ipcore_0/u_hart_0/u_expipe_0/de_ex_pipe_alu_op_sel_ex[1]:EN
  Delay (ns):             10.940
  Slack (ns):              8.564
  Arrival (ns):           14.456
  Required (ns):          23.020
  Operating Conditions: slow_lv_ht

Path 7
  From: MIV_RV32_CFG1_C0_0/MIV_RV32_CFG1_C0_0/u_ipcore_0/u_hart_0/u_expipe_0/u_exu_0/fast_mul.miv_rv32_mul_0/WideMult_1_0/MACC_PHYS_INST/INST_MACC_IP:CLK
  To:   MIV_RV32_CFG1_C0_0/MIV_RV32_CFG1_C0_0/u_ipcore_0/u_hart_0/u_expipe_0/de_ex_pipe_alu_op_sel_ex[0]:EN
  Delay (ns):             10.941
  Slack (ns):              8.571
  Arrival (ns):           14.457
  Required (ns):          23.028
  Operating Conditions: slow_lv_ht

Path 8
  From: MIV_RV32_CFG1_C0_0/MIV_RV32_CFG1_C0_0/u_ipcore_0/u_hart_0/u_expipe_0/u_exu_0/fast_mul.miv_rv32_mul_0/WideMult_0_0/MACC_PHYS_INST/INST_MACC_IP:CLK
  To:   MIV_RV32_CFG1_C0_0/MIV_RV32_CFG1_C0_0/u_ipcore_0/u_hart_0/u_expipe_0/de_ex_pipe_curr_instr_enc_ex[8]:EN
  Delay (ns):             10.968
  Slack (ns):              8.573
  Arrival (ns):           14.484
  Required (ns):          23.057
  Operating Conditions: slow_lv_ht

Path 9
  From: MIV_RV32_CFG1_C0_0/MIV_RV32_CFG1_C0_0/u_ipcore_0/u_hart_0/u_expipe_0/u_exu_0/fast_mul.miv_rv32_mul_0/WideMult_0_0/MACC_PHYS_INST/INST_MACC_IP:CLK
  To:   MIV_RV32_CFG1_C0_0/MIV_RV32_CFG1_C0_0/u_ipcore_0/u_hart_0/u_expipe_0/de_ex_pipe_curr_instr_enc_ex[7]:EN
  Delay (ns):             10.968
  Slack (ns):              8.573
  Arrival (ns):           14.484
  Required (ns):          23.057
  Operating Conditions: slow_lv_ht

Path 10
  From: MIV_RV32_CFG1_C0_0/MIV_RV32_CFG1_C0_0/u_ipcore_0/u_hart_0/u_expipe_0/u_exu_0/fast_mul.miv_rv32_mul_0/WideMult_0_0/MACC_PHYS_INST/INST_MACC_IP:CLK
  To:   MIV_RV32_CFG1_C0_0/MIV_RV32_CFG1_C0_0/u_ipcore_0/u_hart_0/u_expipe_0/de_ex_pipe_curr_instr_enc_ex[27]:EN
  Delay (ns):             11.000
  Slack (ns):              8.573
  Arrival (ns):           14.516
  Required (ns):          23.089
  Operating Conditions: slow_lv_ht

Path 11
  From: MIV_RV32_CFG1_C0_0/MIV_RV32_CFG1_C0_0/u_ipcore_0/u_hart_0/u_expipe_0/u_exu_0/fast_mul.miv_rv32_mul_0/WideMult_0_0/MACC_PHYS_INST/INST_MACC_IP:CLK
  To:   MIV_RV32_CFG1_C0_0/MIV_RV32_CFG1_C0_0/u_ipcore_0/u_hart_0/u_expipe_0/de_ex_pipe_curr_instr_enc_ex[18]:EN
  Delay (ns):             10.968
  Slack (ns):              8.573
  Arrival (ns):           14.484
  Required (ns):          23.057
  Operating Conditions: slow_lv_ht

Path 12
  From: MIV_RV32_CFG1_C0_0/MIV_RV32_CFG1_C0_0/u_ipcore_0/u_hart_0/u_expipe_0/u_exu_0/fast_mul.miv_rv32_mul_0/WideMult_0_0/MACC_PHYS_INST/INST_MACC_IP:CLK
  To:   MIV_RV32_CFG1_C0_0/MIV_RV32_CFG1_C0_0/u_ipcore_0/u_hart_0/u_expipe_0/de_ex_pipe_curr_instr_enc_ex[9]:EN
  Delay (ns):             10.968
  Slack (ns):              8.574
  Arrival (ns):           14.484
  Required (ns):          23.058
  Operating Conditions: slow_lv_ht

Path 13
  From: MIV_RV32_CFG1_C0_0/MIV_RV32_CFG1_C0_0/u_ipcore_0/u_hart_0/u_expipe_0/u_exu_0/fast_mul.miv_rv32_mul_0/WideMult_0_0/MACC_PHYS_INST/INST_MACC_IP:CLK
  To:   MIV_RV32_CFG1_C0_0/MIV_RV32_CFG1_C0_0/u_ipcore_0/u_hart_0/u_expipe_0/de_ex_pipe_curr_instr_enc_ex[1]:EN
  Delay (ns):             10.968
  Slack (ns):              8.574
  Arrival (ns):           14.484
  Required (ns):          23.058
  Operating Conditions: slow_lv_ht

Path 14
  From: MIV_RV32_CFG1_C0_0/MIV_RV32_CFG1_C0_0/u_ipcore_0/u_hart_0/u_expipe_0/u_exu_0/fast_mul.miv_rv32_mul_0/WideMult_0_0/MACC_PHYS_INST/INST_MACC_IP:CLK
  To:   MIV_RV32_CFG1_C0_0/MIV_RV32_CFG1_C0_0/u_ipcore_0/u_hart_0/u_expipe_0/gen_pipe_debug_enter_req_de_ex.de_ex_pipe_curr_pc_ex[11]:EN
  Delay (ns):             10.967
  Slack (ns):              8.575
  Arrival (ns):           14.483
  Required (ns):          23.058
  Operating Conditions: slow_lv_ht

Path 15
  From: MIV_RV32_CFG1_C0_0/MIV_RV32_CFG1_C0_0/u_ipcore_0/u_hart_0/u_expipe_0/u_exu_0/fast_mul.miv_rv32_mul_0/WideMult_0_0/MACC_PHYS_INST/INST_MACC_IP:CLK
  To:   MIV_RV32_CFG1_C0_0/MIV_RV32_CFG1_C0_0/u_ipcore_0/u_hart_0/u_expipe_0/gen_pipe_debug_enter_req_de_ex.de_ex_pipe_curr_pc_ex[14]:EN
  Delay (ns):             10.966
  Slack (ns):              8.576
  Arrival (ns):           14.482
  Required (ns):          23.058
  Operating Conditions: slow_lv_ht

Path 16
  From: MIV_RV32_CFG1_C0_0/MIV_RV32_CFG1_C0_0/u_ipcore_0/u_hart_0/u_expipe_0/u_exu_0/fast_mul.miv_rv32_mul_0/WideMult_1_0/MACC_PHYS_INST/INST_MACC_IP:CLK
  To:   MIV_RV32_CFG1_C0_0/MIV_RV32_CFG1_C0_0/u_ipcore_0/u_hart_0/u_expipe_0/de_ex_pipe_shifter_unit_op_sel_ex[1]:D
  Delay (ns):             11.049
  Slack (ns):              8.579
  Arrival (ns):           14.565
  Required (ns):          23.144
  Operating Conditions: slow_lv_ht

Path 17
  From: MIV_RV32_CFG1_C0_0/MIV_RV32_CFG1_C0_0/u_ipcore_0/u_hart_0/u_expipe_0/u_exu_0/fast_mul.miv_rv32_mul_0/WideMult_1_0/MACC_PHYS_INST/INST_MACC_IP:CLK
  To:   MIV_RV32_CFG1_C0_0/MIV_RV32_CFG1_C0_0/u_ipcore_0/u_hart_0/u_expipe_0/gen_gpr_ex_attbs_rd_ex.de_ex_pipe_gpr_rs1_rd_valid_ex:SLn
  Delay (ns):             11.018
  Slack (ns):              8.587
  Arrival (ns):           14.534
  Required (ns):          23.121
  Operating Conditions: slow_lv_ht

Path 18
  From: MIV_RV32_CFG1_C0_0/MIV_RV32_CFG1_C0_0/u_ipcore_0/u_hart_0/u_expipe_0/u_exu_0/fast_mul.miv_rv32_mul_0/WideMult_0_0/MACC_PHYS_INST/INST_MACC_IP:CLK
  To:   MIV_RV32_CFG1_C0_0/MIV_RV32_CFG1_C0_0/u_ipcore_0/u_hart_0/u_expipe_0/de_ex_pipe_curr_instr_enc_ex[23]:EN
  Delay (ns):             10.955
  Slack (ns):              8.587
  Arrival (ns):           14.471
  Required (ns):          23.058
  Operating Conditions: slow_lv_ht

Path 19
  From: MIV_RV32_CFG1_C0_0/MIV_RV32_CFG1_C0_0/u_ipcore_0/u_hart_0/u_expipe_0/u_exu_0/fast_mul.miv_rv32_mul_0/WideMult_0_0/MACC_PHYS_INST/INST_MACC_IP:CLK
  To:   MIV_RV32_CFG1_C0_0/MIV_RV32_CFG1_C0_0/u_ipcore_0/u_hart_0/u_expipe_0/de_ex_pipe_curr_instr_enc_ex[17]:EN
  Delay (ns):             10.954
  Slack (ns):              8.588
  Arrival (ns):           14.470
  Required (ns):          23.058
  Operating Conditions: slow_lv_ht

Path 20
  From: MIV_RV32_CFG1_C0_0/MIV_RV32_CFG1_C0_0/u_ipcore_0/u_hart_0/u_expipe_0/u_exu_0/fast_mul.miv_rv32_mul_0/WideMult_0_0/MACC_PHYS_INST/INST_MACC_IP:CLK
  To:   MIV_RV32_CFG1_C0_0/MIV_RV32_CFG1_C0_0/u_ipcore_0/u_hart_0/u_expipe_0/de_ex_pipe_curr_instr_enc_ex[10]:EN
  Delay (ns):             10.954
  Slack (ns):              8.588
  Arrival (ns):           14.470
  Required (ns):          23.058
  Operating Conditions: slow_lv_ht

Path 21
  From: MIV_RV32_CFG1_C0_0/MIV_RV32_CFG1_C0_0/u_ipcore_0/u_hart_0/u_expipe_0/u_exu_0/fast_mul.miv_rv32_mul_0/WideMult_0_0/MACC_PHYS_INST/INST_MACC_IP:CLK
  To:   MIV_RV32_CFG1_C0_0/MIV_RV32_CFG1_C0_0/u_ipcore_0/u_hart_0/u_expipe_0/de_ex_pipe_curr_instr_enc_ex[31]:EN
  Delay (ns):             10.942
  Slack (ns):              8.598
  Arrival (ns):           14.458
  Required (ns):          23.056
  Operating Conditions: slow_lv_ht

Path 22
  From: MIV_RV32_CFG1_C0_0/MIV_RV32_CFG1_C0_0/u_ipcore_0/u_hart_0/u_expipe_0/u_exu_0/fast_mul.miv_rv32_mul_0/WideMult_1_0/MACC_PHYS_INST/INST_MACC_IP:CLK
  To:   MIV_RV32_CFG1_C0_0/MIV_RV32_CFG1_C0_0/u_ipcore_0/u_hart_0/u_expipe_0/de_ex_pipe_alu_op_sel_ex[1]:EN
  Delay (ns):             10.891
  Slack (ns):              8.613
  Arrival (ns):           14.407
  Required (ns):          23.020
  Operating Conditions: slow_lv_ht

Path 23
  From: MIV_RV32_CFG1_C0_0/MIV_RV32_CFG1_C0_0/u_ipcore_0/u_hart_0/u_expipe_0/u_exu_0/fast_mul.miv_rv32_mul_0/WideMult_0_0/MACC_PHYS_INST/INST_MACC_IP:CLK
  To:   MIV_RV32_CFG1_C0_0/MIV_RV32_CFG1_C0_0/u_ipcore_0/u_hart_0/u_expipe_0/de_ex_pipe_curr_instr_enc_ex[28]:EN
  Delay (ns):             10.927
  Slack (ns):              8.613
  Arrival (ns):           14.443
  Required (ns):          23.056
  Operating Conditions: slow_lv_ht

Path 24
  From: MIV_RV32_CFG1_C0_0/MIV_RV32_CFG1_C0_0/u_ipcore_0/u_hart_0/u_expipe_0/u_exu_0/fast_mul.miv_rv32_mul_0/WideMult_0_0/MACC_PHYS_INST/INST_MACC_IP:CLK
  To:   MIV_RV32_CFG1_C0_0/MIV_RV32_CFG1_C0_0/u_ipcore_0/u_hart_0/u_expipe_0/gen_gpr_ex_attbs_rd_ex.gen_debug_gpr_rd_sel_pipeline.de_ex_pipe_gpr_rs3_rd_valid_ex:EN
  Delay (ns):             10.890
  Slack (ns):              8.615
  Arrival (ns):           14.406
  Required (ns):          23.021
  Operating Conditions: slow_lv_ht

Path 25
  From: MIV_RV32_CFG1_C0_0/MIV_RV32_CFG1_C0_0/u_ipcore_0/u_hart_0/u_expipe_0/u_exu_0/fast_mul.miv_rv32_mul_0/WideMult_0_0/MACC_PHYS_INST/INST_MACC_IP:CLK
  To:   MIV_RV32_CFG1_C0_0/MIV_RV32_CFG1_C0_0/u_ipcore_0/u_hart_0/u_expipe_0/gen_pipe_debug_enter_req_de_ex.de_ex_pipe_curr_pc_ex[8]:EN
  Delay (ns):             10.931
  Slack (ns):              8.620
  Arrival (ns):           14.447
  Required (ns):          23.067
  Operating Conditions: slow_lv_ht

Path 26
  From: MIV_RV32_CFG1_C0_0/MIV_RV32_CFG1_C0_0/u_ipcore_0/u_hart_0/u_expipe_0/u_exu_0/fast_mul.miv_rv32_mul_0/WideMult_0_0/MACC_PHYS_INST/INST_MACC_IP:CLK
  To:   MIV_RV32_CFG1_C0_0/MIV_RV32_CFG1_C0_0/u_ipcore_0/u_hart_0/u_expipe_0/gen_pipe_debug_enter_req_de_ex.de_ex_pipe_curr_pc_ex[6]:EN
  Delay (ns):             10.930
  Slack (ns):              8.621
  Arrival (ns):           14.446
  Required (ns):          23.067
  Operating Conditions: slow_lv_ht

Path 27
  From: MIV_RV32_CFG1_C0_0/MIV_RV32_CFG1_C0_0/u_ipcore_0/u_hart_0/u_expipe_0/u_exu_0/fast_mul.miv_rv32_mul_0/WideMult_0_0/MACC_PHYS_INST/INST_MACC_IP:CLK
  To:   MIV_RV32_CFG1_C0_0/MIV_RV32_CFG1_C0_0/u_ipcore_0/u_hart_0/u_expipe_0/gen_pipe_debug_enter_req_de_ex.de_ex_pipe_curr_pc_ex[3]:EN
  Delay (ns):             10.930
  Slack (ns):              8.621
  Arrival (ns):           14.446
  Required (ns):          23.067
  Operating Conditions: slow_lv_ht

Path 28
  From: MIV_RV32_CFG1_C0_0/MIV_RV32_CFG1_C0_0/u_ipcore_0/u_hart_0/u_expipe_0/u_exu_0/fast_mul.miv_rv32_mul_0/WideMult_0_0/MACC_PHYS_INST/INST_MACC_IP:CLK
  To:   MIV_RV32_CFG1_C0_0/MIV_RV32_CFG1_C0_0/u_ipcore_0/u_hart_0/u_expipe_0/gen_gpr_ex_attbs_rd_ex.gen_debug_gpr_rd_sel_pipeline.de_ex_pipe_gpr_rs2_rd_valid_ex:EN
  Delay (ns):             10.884
  Slack (ns):              8.621
  Arrival (ns):           14.400
  Required (ns):          23.021
  Operating Conditions: slow_lv_ht

Path 29
  From: MIV_RV32_CFG1_C0_0/MIV_RV32_CFG1_C0_0/u_ipcore_0/u_hart_0/u_expipe_0/u_exu_0/fast_mul.miv_rv32_mul_0/WideMult_0_0/MACC_PHYS_INST/INST_MACC_IP:CLK
  To:   MIV_RV32_CFG1_C0_0/MIV_RV32_CFG1_C0_0/u_ipcore_0/u_hart_0/u_expipe_0/gen_gpr_ex_attbs_rd_ex.gen_debug_gpr_rd_sel_pipeline.de_ex_pipe_gpr_rs2_rd_sel_ex[4]:EN
  Delay (ns):             10.888
  Slack (ns):              8.621
  Arrival (ns):           14.404
  Required (ns):          23.025
  Operating Conditions: slow_lv_ht

Path 30
  From: MIV_RV32_CFG1_C0_0/MIV_RV32_CFG1_C0_0/u_ipcore_0/u_hart_0/u_expipe_0/u_exu_0/fast_mul.miv_rv32_mul_0/WideMult_0_0/MACC_PHYS_INST/INST_MACC_IP:CLK
  To:   MIV_RV32_CFG1_C0_0/MIV_RV32_CFG1_C0_0/u_ipcore_0/u_hart_0/u_expipe_0/gen_gpr_ex_attbs_rd_ex.gen_debug_gpr_rd_sel_pipeline.de_ex_pipe_gpr_rs2_rd_sel_ex[3]:EN
  Delay (ns):             10.888
  Slack (ns):              8.621
  Arrival (ns):           14.404
  Required (ns):          23.025
  Operating Conditions: slow_lv_ht

Path 31
  From: MIV_RV32_CFG1_C0_0/MIV_RV32_CFG1_C0_0/u_ipcore_0/u_hart_0/u_expipe_0/u_exu_0/fast_mul.miv_rv32_mul_0/WideMult_0_0/MACC_PHYS_INST/INST_MACC_IP:CLK
  To:   MIV_RV32_CFG1_C0_0/MIV_RV32_CFG1_C0_0/u_ipcore_0/u_hart_0/u_expipe_0/gen_gpr_ex_attbs_rd_ex.gen_debug_gpr_rd_sel_pipeline.de_ex_pipe_gpr_rs2_rd_sel_ex[2]:EN
  Delay (ns):             10.888
  Slack (ns):              8.621
  Arrival (ns):           14.404
  Required (ns):          23.025
  Operating Conditions: slow_lv_ht

Path 32
  From: MIV_RV32_CFG1_C0_0/MIV_RV32_CFG1_C0_0/u_ipcore_0/u_hart_0/u_expipe_0/u_exu_0/fast_mul.miv_rv32_mul_0/WideMult_0_0/MACC_PHYS_INST/INST_MACC_IP:CLK
  To:   MIV_RV32_CFG1_C0_0/MIV_RV32_CFG1_C0_0/u_ipcore_0/u_hart_0/u_expipe_0/gen_gpr_ex_attbs_rd_ex.gen_debug_gpr_rd_sel_pipeline.de_ex_pipe_gpr_rs2_rd_sel_ex[1]:EN
  Delay (ns):             10.888
  Slack (ns):              8.621
  Arrival (ns):           14.404
  Required (ns):          23.025
  Operating Conditions: slow_lv_ht

Path 33
  From: MIV_RV32_CFG1_C0_0/MIV_RV32_CFG1_C0_0/u_ipcore_0/u_hart_0/u_expipe_0/u_exu_0/fast_mul.miv_rv32_mul_0/WideMult_0_0/MACC_PHYS_INST/INST_MACC_IP:CLK
  To:   MIV_RV32_CFG1_C0_0/MIV_RV32_CFG1_C0_0/u_ipcore_0/u_hart_0/u_expipe_0/gen_gpr_ex_attbs_rd_ex.gen_debug_gpr_rd_sel_pipeline.de_ex_pipe_gpr_rs2_rd_sel_ex[0]:EN
  Delay (ns):             10.888
  Slack (ns):              8.621
  Arrival (ns):           14.404
  Required (ns):          23.025
  Operating Conditions: slow_lv_ht

Path 34
  From: MIV_RV32_CFG1_C0_0/MIV_RV32_CFG1_C0_0/u_ipcore_0/u_hart_0/u_expipe_0/u_exu_0/fast_mul.miv_rv32_mul_0/WideMult_1_0/MACC_PHYS_INST/INST_MACC_IP:CLK
  To:   MIV_RV32_CFG1_C0_0/MIV_RV32_CFG1_C0_0/u_ipcore_0/u_hart_0/u_expipe_0/de_ex_pipe_curr_instr_enc_ex[8]:EN
  Delay (ns):             10.919
  Slack (ns):              8.622
  Arrival (ns):           14.435
  Required (ns):          23.057
  Operating Conditions: slow_lv_ht

Path 35
  From: MIV_RV32_CFG1_C0_0/MIV_RV32_CFG1_C0_0/u_ipcore_0/u_hart_0/u_expipe_0/u_exu_0/fast_mul.miv_rv32_mul_0/WideMult_1_0/MACC_PHYS_INST/INST_MACC_IP:CLK
  To:   MIV_RV32_CFG1_C0_0/MIV_RV32_CFG1_C0_0/u_ipcore_0/u_hart_0/u_expipe_0/de_ex_pipe_curr_instr_enc_ex[7]:EN
  Delay (ns):             10.919
  Slack (ns):              8.622
  Arrival (ns):           14.435
  Required (ns):          23.057
  Operating Conditions: slow_lv_ht

Path 36
  From: MIV_RV32_CFG1_C0_0/MIV_RV32_CFG1_C0_0/u_ipcore_0/u_hart_0/u_expipe_0/u_exu_0/fast_mul.miv_rv32_mul_0/WideMult_1_0/MACC_PHYS_INST/INST_MACC_IP:CLK
  To:   MIV_RV32_CFG1_C0_0/MIV_RV32_CFG1_C0_0/u_ipcore_0/u_hart_0/u_expipe_0/de_ex_pipe_curr_instr_enc_ex[27]:EN
  Delay (ns):             10.951
  Slack (ns):              8.622
  Arrival (ns):           14.467
  Required (ns):          23.089
  Operating Conditions: slow_lv_ht

Path 37
  From: MIV_RV32_CFG1_C0_0/MIV_RV32_CFG1_C0_0/u_ipcore_0/u_hart_0/u_expipe_0/u_exu_0/fast_mul.miv_rv32_mul_0/WideMult_1_0/MACC_PHYS_INST/INST_MACC_IP:CLK
  To:   MIV_RV32_CFG1_C0_0/MIV_RV32_CFG1_C0_0/u_ipcore_0/u_hart_0/u_expipe_0/de_ex_pipe_curr_instr_enc_ex[18]:EN
  Delay (ns):             10.919
  Slack (ns):              8.622
  Arrival (ns):           14.435
  Required (ns):          23.057
  Operating Conditions: slow_lv_ht

Path 38
  From: MIV_RV32_CFG1_C0_0/MIV_RV32_CFG1_C0_0/u_ipcore_0/u_hart_0/u_expipe_0/u_exu_0/fast_mul.miv_rv32_mul_0/WideMult_1_0/MACC_PHYS_INST/INST_MACC_IP:CLK
  To:   MIV_RV32_CFG1_C0_0/MIV_RV32_CFG1_C0_0/u_ipcore_0/u_hart_0/u_expipe_0/de_ex_pipe_curr_instr_enc_ex[9]:EN
  Delay (ns):             10.919
  Slack (ns):              8.623
  Arrival (ns):           14.435
  Required (ns):          23.058
  Operating Conditions: slow_lv_ht

Path 39
  From: MIV_RV32_CFG1_C0_0/MIV_RV32_CFG1_C0_0/u_ipcore_0/u_hart_0/u_expipe_0/u_exu_0/fast_mul.miv_rv32_mul_0/WideMult_1_0/MACC_PHYS_INST/INST_MACC_IP:CLK
  To:   MIV_RV32_CFG1_C0_0/MIV_RV32_CFG1_C0_0/u_ipcore_0/u_hart_0/u_expipe_0/de_ex_pipe_curr_instr_enc_ex[1]:EN
  Delay (ns):             10.919
  Slack (ns):              8.623
  Arrival (ns):           14.435
  Required (ns):          23.058
  Operating Conditions: slow_lv_ht

Path 40
  From: MIV_RV32_CFG1_C0_0/MIV_RV32_CFG1_C0_0/u_ipcore_0/u_hart_0/u_expipe_0/u_exu_0/fast_mul.miv_rv32_mul_0/WideMult_1_0/MACC_PHYS_INST/INST_MACC_IP:CLK
  To:   MIV_RV32_CFG1_C0_0/MIV_RV32_CFG1_C0_0/u_ipcore_0/u_hart_0/u_expipe_0/gen_pipe_debug_enter_req_de_ex.de_ex_pipe_curr_pc_ex[11]:EN
  Delay (ns):             10.918
  Slack (ns):              8.624
  Arrival (ns):           14.434
  Required (ns):          23.058
  Operating Conditions: slow_lv_ht

Path 41
  From: MIV_RV32_CFG1_C0_0/MIV_RV32_CFG1_C0_0/u_ipcore_0/u_hart_0/u_expipe_0/u_exu_0/fast_mul.miv_rv32_mul_0/WideMult_1_0/MACC_PHYS_INST/INST_MACC_IP:CLK
  To:   MIV_RV32_CFG1_C0_0/MIV_RV32_CFG1_C0_0/u_ipcore_0/u_hart_0/u_expipe_0/gen_pipe_debug_enter_req_de_ex.de_ex_pipe_curr_pc_ex[14]:EN
  Delay (ns):             10.917
  Slack (ns):              8.625
  Arrival (ns):           14.433
  Required (ns):          23.058
  Operating Conditions: slow_lv_ht

Path 42
  From: MIV_RV32_CFG1_C0_0/MIV_RV32_CFG1_C0_0/u_ipcore_0/u_hart_0/u_expipe_0/u_exu_0/fast_mul.miv_rv32_mul_0/WideMult_0_0/MACC_PHYS_INST/INST_MACC_IP:CLK
  To:   PF_SRAM_AHB_C0_0/PF_TPSRAM_AHB_AXI_0/PF_SRAM_AHB_C0_PF_TPSRAM_AHB_AXI_0_PF_TPSRAM_R52C0/INST_RAM1K20_IP:B_WEN[0]
  Delay (ns):             10.234
  Slack (ns):              8.626
  Arrival (ns):           13.750
  Required (ns):          22.376
  Operating Conditions: slow_lv_ht

Path 43
  From: MIV_RV32_CFG1_C0_0/MIV_RV32_CFG1_C0_0/u_ipcore_0/u_hart_0/u_expipe_0/u_exu_0/fast_mul.miv_rv32_mul_0/WideMult_0_0/MACC_PHYS_INST/INST_MACC_IP:CLK
  To:   MIV_RV32_CFG1_C0_0/MIV_RV32_CFG1_C0_0/u_ipcore_0/u_hart_0/u_expipe_0/de_ex_pipe_alu_op_sel_ex[2]:SLn
  Delay (ns):             10.996
  Slack (ns):              8.629
  Arrival (ns):           14.512
  Required (ns):          23.141
  Operating Conditions: slow_lv_ht

Path 44
  From: MIV_RV32_CFG1_C0_0/MIV_RV32_CFG1_C0_0/u_ipcore_0/u_hart_0/u_expipe_0/u_exu_0/fast_mul.miv_rv32_mul_0/WideMult_1_0/MACC_PHYS_INST/INST_MACC_IP:CLK
  To:   MIV_RV32_CFG1_C0_0/MIV_RV32_CFG1_C0_0/u_ipcore_0/u_hart_0/u_expipe_0/de_ex_pipe_curr_instr_enc_ex[23]:EN
  Delay (ns):             10.906
  Slack (ns):              8.636
  Arrival (ns):           14.422
  Required (ns):          23.058
  Operating Conditions: slow_lv_ht

Path 45
  From: MIV_RV32_CFG1_C0_0/MIV_RV32_CFG1_C0_0/u_ipcore_0/u_hart_0/u_expipe_0/u_exu_0/fast_mul.miv_rv32_mul_0/WideMult_0_0/MACC_PHYS_INST/INST_MACC_IP:CLK
  To:   MIV_RV32_CFG1_C0_0/MIV_RV32_CFG1_C0_0/u_ipcore_0/u_hart_0/u_expipe_0/gen_pipe_debug_enter_req_de_ex.de_ex_pipe_curr_pc_ex[22]:EN
  Delay (ns):             10.906
  Slack (ns):              8.636
  Arrival (ns):           14.422
  Required (ns):          23.058
  Operating Conditions: slow_lv_ht

Path 46
  From: MIV_RV32_CFG1_C0_0/MIV_RV32_CFG1_C0_0/u_ipcore_0/u_hart_0/u_expipe_0/u_exu_0/fast_mul.miv_rv32_mul_0/WideMult_0_0/MACC_PHYS_INST/INST_MACC_IP:CLK
  To:   MIV_RV32_CFG1_C0_0/MIV_RV32_CFG1_C0_0/u_ipcore_0/u_hart_0/u_expipe_0/gen_pipe_debug_enter_req_de_ex.de_ex_pipe_curr_pc_ex[15]:EN
  Delay (ns):             10.905
  Slack (ns):              8.636
  Arrival (ns):           14.421
  Required (ns):          23.057
  Operating Conditions: slow_lv_ht

Path 47
  From: MIV_RV32_CFG1_C0_0/MIV_RV32_CFG1_C0_0/u_ipcore_0/u_hart_0/u_expipe_0/u_exu_0/fast_mul.miv_rv32_mul_0/WideMult_1_0/MACC_PHYS_INST/INST_MACC_IP:CLK
  To:   MIV_RV32_CFG1_C0_0/MIV_RV32_CFG1_C0_0/u_ipcore_0/u_hart_0/u_expipe_0/de_ex_pipe_curr_instr_enc_ex[17]:EN
  Delay (ns):             10.905
  Slack (ns):              8.637
  Arrival (ns):           14.421
  Required (ns):          23.058
  Operating Conditions: slow_lv_ht

Path 48
  From: MIV_RV32_CFG1_C0_0/MIV_RV32_CFG1_C0_0/u_ipcore_0/u_hart_0/u_expipe_0/u_exu_0/fast_mul.miv_rv32_mul_0/WideMult_1_0/MACC_PHYS_INST/INST_MACC_IP:CLK
  To:   MIV_RV32_CFG1_C0_0/MIV_RV32_CFG1_C0_0/u_ipcore_0/u_hart_0/u_expipe_0/de_ex_pipe_curr_instr_enc_ex[10]:EN
  Delay (ns):             10.905
  Slack (ns):              8.637
  Arrival (ns):           14.421
  Required (ns):          23.058
  Operating Conditions: slow_lv_ht

Path 49
  From: MIV_RV32_CFG1_C0_0/MIV_RV32_CFG1_C0_0/u_ipcore_0/u_hart_0/u_expipe_0/u_exu_0/fast_mul.miv_rv32_mul_0/WideMult_0_0/MACC_PHYS_INST/INST_MACC_IP:CLK
  To:   MIV_RV32_CFG1_C0_0/MIV_RV32_CFG1_C0_0/u_ipcore_0/u_hart_0/u_expipe_0/gen_pipe_debug_enter_req_de_ex.de_ex_pipe_curr_pc_ex[20]:EN
  Delay (ns):             10.905
  Slack (ns):              8.637
  Arrival (ns):           14.421
  Required (ns):          23.058
  Operating Conditions: slow_lv_ht

Path 50
  From: MIV_RV32_CFG1_C0_0/MIV_RV32_CFG1_C0_0/u_ipcore_0/u_hart_0/u_expipe_0/u_exu_0/fast_mul.miv_rv32_mul_0/WideMult_0_0/MACC_PHYS_INST/INST_MACC_IP:CLK
  To:   PF_SRAM_AHB_C0_0/PF_TPSRAM_AHB_AXI_0/PF_SRAM_AHB_C0_PF_TPSRAM_AHB_AXI_0_PF_TPSRAM_R29C0/INST_RAM1K20_IP:B_WEN[1]
  Delay (ns):             10.249
  Slack (ns):              8.638
  Arrival (ns):           13.765
  Required (ns):          22.403
  Operating Conditions: slow_lv_ht

Path 51
  From: MIV_RV32_CFG1_C0_0/MIV_RV32_CFG1_C0_0/u_ipcore_0/u_hart_0/u_expipe_0/u_exu_0/fast_mul.miv_rv32_mul_0/WideMult_1_0/MACC_PHYS_INST/INST_MACC_IP:CLK
  To:   MIV_RV32_CFG1_C0_0/MIV_RV32_CFG1_C0_0/u_ipcore_0/u_hart_0/u_expipe_0/de_ex_pipe_curr_instr_enc_ex[31]:EN
  Delay (ns):             10.893
  Slack (ns):              8.647
  Arrival (ns):           14.409
  Required (ns):          23.056
  Operating Conditions: slow_lv_ht

Path 52
  From: MIV_RV32_CFG1_C0_0/MIV_RV32_CFG1_C0_0/u_ipcore_0/u_hart_0/u_expipe_0/u_exu_0/fast_mul.miv_rv32_mul_0/WideMult_0_0/MACC_PHYS_INST/INST_MACC_IP:CLK
  To:   MIV_RV32_CFG1_C0_0/MIV_RV32_CFG1_C0_0/u_ipcore_0/u_hart_0/u_expipe_0/gen_pipe_debug_enter_req_de_ex.de_ex_pipe_curr_pc_ex[19]:EN
  Delay (ns):             10.891
  Slack (ns):              8.650
  Arrival (ns):           14.407
  Required (ns):          23.057
  Operating Conditions: slow_lv_ht

Path 53
  From: MIV_RV32_CFG1_C0_0/MIV_RV32_CFG1_C0_0/u_ipcore_0/u_hart_0/u_expipe_0/u_exu_0/fast_mul.miv_rv32_mul_0/WideMult_0_0/MACC_PHYS_INST/INST_MACC_IP:CLK
  To:   MIV_RV32_CFG1_C0_0/MIV_RV32_CFG1_C0_0/u_ipcore_0/u_hart_0/u_expipe_0/de_ex_pipe_i_access_mem_error_ex:SLn
  Delay (ns):             10.956
  Slack (ns):              8.654
  Arrival (ns):           14.472
  Required (ns):          23.126
  Operating Conditions: slow_lv_ht

Path 54
  From: MIV_RV32_CFG1_C0_0/MIV_RV32_CFG1_C0_0/u_ipcore_0/u_hart_0/u_expipe_0/u_exu_0/fast_mul.miv_rv32_mul_0/WideMult_0_0/MACC_PHYS_INST/INST_MACC_IP:CLK
  To:   MIV_RV32_CFG1_C0_0/MIV_RV32_CFG1_C0_0/u_ipcore_0/u_hart_0/u_expipe_0/de_ex_pipe_i_access_misalign_error_ex:SLn
  Delay (ns):             10.954
  Slack (ns):              8.656
  Arrival (ns):           14.470
  Required (ns):          23.126
  Operating Conditions: slow_lv_ht

Path 55
  From: MIV_RV32_CFG1_C0_0/MIV_RV32_CFG1_C0_0/u_ipcore_0/u_hart_0/u_expipe_0/u_exu_0/fast_mul.miv_rv32_mul_0/WideMult_0_0/MACC_PHYS_INST/INST_MACC_IP:CLK
  To:   MIV_RV32_CFG1_C0_0/MIV_RV32_CFG1_C0_0/u_ipcore_0/u_hart_0/u_expipe_0/de_ex_pipe_curr_instr_enc_ex[2]:SLn
  Delay (ns):             10.953
  Slack (ns):              8.657
  Arrival (ns):           14.469
  Required (ns):          23.126
  Operating Conditions: slow_lv_ht

Path 56
  From: MIV_RV32_CFG1_C0_0/MIV_RV32_CFG1_C0_0/u_ipcore_0/u_hart_0/u_expipe_0/u_exu_0/fast_mul.miv_rv32_mul_0/WideMult_1_0/MACC_PHYS_INST/INST_MACC_IP:CLK
  To:   MIV_RV32_CFG1_C0_0/MIV_RV32_CFG1_C0_0/u_ipcore_0/u_hart_0/u_expipe_0/de_ex_pipe_curr_instr_enc_ex[28]:EN
  Delay (ns):             10.878
  Slack (ns):              8.662
  Arrival (ns):           14.394
  Required (ns):          23.056
  Operating Conditions: slow_lv_ht

Path 57
  From: MIV_RV32_CFG1_C0_0/MIV_RV32_CFG1_C0_0/u_ipcore_0/u_hart_0/u_expipe_0/u_exu_0/fast_mul.miv_rv32_mul_0/WideMult_0_0/MACC_PHYS_INST/INST_MACC_IP:CLK
  To:   PF_SRAM_AHB_C0_0/PF_TPSRAM_AHB_AXI_0/PF_SRAM_AHB_C0_PF_TPSRAM_AHB_AXI_0_PF_TPSRAM_R61C0/INST_RAM1K20_IP:A_WEN[0]
  Delay (ns):             10.312
  Slack (ns):              8.663
  Arrival (ns):           13.828
  Required (ns):          22.491
  Operating Conditions: slow_lv_ht

Path 58
  From: MIV_RV32_CFG1_C0_0/MIV_RV32_CFG1_C0_0/u_ipcore_0/u_hart_0/u_expipe_0/u_exu_0/fast_mul.miv_rv32_mul_0/WideMult_1_0/MACC_PHYS_INST/INST_MACC_IP:CLK
  To:   MIV_RV32_CFG1_C0_0/MIV_RV32_CFG1_C0_0/u_ipcore_0/u_hart_0/u_expipe_0/gen_gpr_ex_attbs_rd_ex.gen_debug_gpr_rd_sel_pipeline.de_ex_pipe_gpr_rs3_rd_valid_ex:EN
  Delay (ns):             10.841
  Slack (ns):              8.664
  Arrival (ns):           14.357
  Required (ns):          23.021
  Operating Conditions: slow_lv_ht

Path 59
  From: MIV_RV32_CFG1_C0_0/MIV_RV32_CFG1_C0_0/u_ipcore_0/u_hart_0/u_expipe_0/u_exu_0/fast_mul.miv_rv32_mul_0/WideMult_0_0/MACC_PHYS_INST/INST_MACC_IP:CLK
  To:   MIV_RV32_CFG1_C0_0/MIV_RV32_CFG1_C0_0/u_ipcore_0/u_hart_0/u_expipe_0/de_ex_pipe_shifter_unit_op_sel_ex[0]:EN
  Delay (ns):             10.836
  Slack (ns):              8.664
  Arrival (ns):           14.352
  Required (ns):          23.016
  Operating Conditions: slow_lv_ht

Path 60
  From: MIV_RV32_CFG1_C0_0/MIV_RV32_CFG1_C0_0/u_ipcore_0/u_hart_0/u_expipe_0/u_exu_0/fast_mul.miv_rv32_mul_0/WideMult_0_0/MACC_PHYS_INST/INST_MACC_IP:CLK
  To:   MIV_RV32_CFG1_C0_0/MIV_RV32_CFG1_C0_0/u_ipcore_0/u_hart_0/u_expipe_0/de_ex_pipe_shifter_unit_op_sel_ex[1]:EN
  Delay (ns):             10.835
  Slack (ns):              8.665
  Arrival (ns):           14.351
  Required (ns):          23.016
  Operating Conditions: slow_lv_ht

Path 61
  From: MIV_RV32_CFG1_C0_0/MIV_RV32_CFG1_C0_0/u_ipcore_0/u_hart_0/u_expipe_0/u_exu_0/fast_mul.miv_rv32_mul_0/WideMult_1_0/MACC_PHYS_INST/INST_MACC_IP:CLK
  To:   MIV_RV32_CFG1_C0_0/MIV_RV32_CFG1_C0_0/u_ipcore_0/u_hart_0/u_expipe_0/gen_pipe_debug_enter_req_de_ex.de_ex_pipe_curr_pc_ex[8]:EN
  Delay (ns):             10.882
  Slack (ns):              8.669
  Arrival (ns):           14.398
  Required (ns):          23.067
  Operating Conditions: slow_lv_ht

Path 62
  From: MIV_RV32_CFG1_C0_0/MIV_RV32_CFG1_C0_0/u_ipcore_0/u_hart_0/u_expipe_0/u_exu_0/fast_mul.miv_rv32_mul_0/WideMult_1_0/MACC_PHYS_INST/INST_MACC_IP:CLK
  To:   MIV_RV32_CFG1_C0_0/MIV_RV32_CFG1_C0_0/u_ipcore_0/u_hart_0/u_expipe_0/gen_pipe_debug_enter_req_de_ex.de_ex_pipe_curr_pc_ex[6]:EN
  Delay (ns):             10.881
  Slack (ns):              8.670
  Arrival (ns):           14.397
  Required (ns):          23.067
  Operating Conditions: slow_lv_ht

Path 63
  From: MIV_RV32_CFG1_C0_0/MIV_RV32_CFG1_C0_0/u_ipcore_0/u_hart_0/u_expipe_0/u_exu_0/fast_mul.miv_rv32_mul_0/WideMult_1_0/MACC_PHYS_INST/INST_MACC_IP:CLK
  To:   MIV_RV32_CFG1_C0_0/MIV_RV32_CFG1_C0_0/u_ipcore_0/u_hart_0/u_expipe_0/gen_pipe_debug_enter_req_de_ex.de_ex_pipe_curr_pc_ex[3]:EN
  Delay (ns):             10.881
  Slack (ns):              8.670
  Arrival (ns):           14.397
  Required (ns):          23.067
  Operating Conditions: slow_lv_ht

Path 64
  From: MIV_RV32_CFG1_C0_0/MIV_RV32_CFG1_C0_0/u_ipcore_0/u_hart_0/u_expipe_0/u_exu_0/fast_mul.miv_rv32_mul_0/WideMult_1_0/MACC_PHYS_INST/INST_MACC_IP:CLK
  To:   MIV_RV32_CFG1_C0_0/MIV_RV32_CFG1_C0_0/u_ipcore_0/u_hart_0/u_expipe_0/gen_gpr_ex_attbs_rd_ex.gen_debug_gpr_rd_sel_pipeline.de_ex_pipe_gpr_rs2_rd_valid_ex:EN
  Delay (ns):             10.835
  Slack (ns):              8.670
  Arrival (ns):           14.351
  Required (ns):          23.021
  Operating Conditions: slow_lv_ht

Path 65
  From: MIV_RV32_CFG1_C0_0/MIV_RV32_CFG1_C0_0/u_ipcore_0/u_hart_0/u_expipe_0/u_exu_0/fast_mul.miv_rv32_mul_0/WideMult_1_0/MACC_PHYS_INST/INST_MACC_IP:CLK
  To:   MIV_RV32_CFG1_C0_0/MIV_RV32_CFG1_C0_0/u_ipcore_0/u_hart_0/u_expipe_0/gen_gpr_ex_attbs_rd_ex.gen_debug_gpr_rd_sel_pipeline.de_ex_pipe_gpr_rs2_rd_sel_ex[4]:EN
  Delay (ns):             10.839
  Slack (ns):              8.670
  Arrival (ns):           14.355
  Required (ns):          23.025
  Operating Conditions: slow_lv_ht

Path 66
  From: MIV_RV32_CFG1_C0_0/MIV_RV32_CFG1_C0_0/u_ipcore_0/u_hart_0/u_expipe_0/u_exu_0/fast_mul.miv_rv32_mul_0/WideMult_1_0/MACC_PHYS_INST/INST_MACC_IP:CLK
  To:   MIV_RV32_CFG1_C0_0/MIV_RV32_CFG1_C0_0/u_ipcore_0/u_hart_0/u_expipe_0/gen_gpr_ex_attbs_rd_ex.gen_debug_gpr_rd_sel_pipeline.de_ex_pipe_gpr_rs2_rd_sel_ex[3]:EN
  Delay (ns):             10.839
  Slack (ns):              8.670
  Arrival (ns):           14.355
  Required (ns):          23.025
  Operating Conditions: slow_lv_ht

Path 67
  From: MIV_RV32_CFG1_C0_0/MIV_RV32_CFG1_C0_0/u_ipcore_0/u_hart_0/u_expipe_0/u_exu_0/fast_mul.miv_rv32_mul_0/WideMult_1_0/MACC_PHYS_INST/INST_MACC_IP:CLK
  To:   MIV_RV32_CFG1_C0_0/MIV_RV32_CFG1_C0_0/u_ipcore_0/u_hart_0/u_expipe_0/gen_gpr_ex_attbs_rd_ex.gen_debug_gpr_rd_sel_pipeline.de_ex_pipe_gpr_rs2_rd_sel_ex[2]:EN
  Delay (ns):             10.839
  Slack (ns):              8.670
  Arrival (ns):           14.355
  Required (ns):          23.025
  Operating Conditions: slow_lv_ht

Path 68
  From: MIV_RV32_CFG1_C0_0/MIV_RV32_CFG1_C0_0/u_ipcore_0/u_hart_0/u_expipe_0/u_exu_0/fast_mul.miv_rv32_mul_0/WideMult_1_0/MACC_PHYS_INST/INST_MACC_IP:CLK
  To:   MIV_RV32_CFG1_C0_0/MIV_RV32_CFG1_C0_0/u_ipcore_0/u_hart_0/u_expipe_0/gen_gpr_ex_attbs_rd_ex.gen_debug_gpr_rd_sel_pipeline.de_ex_pipe_gpr_rs2_rd_sel_ex[1]:EN
  Delay (ns):             10.839
  Slack (ns):              8.670
  Arrival (ns):           14.355
  Required (ns):          23.025
  Operating Conditions: slow_lv_ht

Path 69
  From: MIV_RV32_CFG1_C0_0/MIV_RV32_CFG1_C0_0/u_ipcore_0/u_hart_0/u_expipe_0/u_exu_0/fast_mul.miv_rv32_mul_0/WideMult_1_0/MACC_PHYS_INST/INST_MACC_IP:CLK
  To:   MIV_RV32_CFG1_C0_0/MIV_RV32_CFG1_C0_0/u_ipcore_0/u_hart_0/u_expipe_0/gen_gpr_ex_attbs_rd_ex.gen_debug_gpr_rd_sel_pipeline.de_ex_pipe_gpr_rs2_rd_sel_ex[0]:EN
  Delay (ns):             10.839
  Slack (ns):              8.670
  Arrival (ns):           14.355
  Required (ns):          23.025
  Operating Conditions: slow_lv_ht

Path 70
  From: MIV_RV32_CFG1_C0_0/MIV_RV32_CFG1_C0_0/u_ipcore_0/u_hart_0/u_expipe_0/u_exu_0/fast_mul.miv_rv32_mul_0/WideMult_0_0/MACC_PHYS_INST/INST_MACC_IP:CLK
  To:   PF_SRAM_AHB_C0_0/PF_TPSRAM_AHB_AXI_0/PF_SRAM_AHB_C0_PF_TPSRAM_AHB_AXI_0_PF_TPSRAM_R52C0/INST_RAM1K20_IP:B_WEN[1]
  Delay (ns):             10.221
  Slack (ns):              8.674
  Arrival (ns):           13.737
  Required (ns):          22.411
  Operating Conditions: slow_lv_ht

Path 71
  From: MIV_RV32_CFG1_C0_0/MIV_RV32_CFG1_C0_0/u_ipcore_0/u_hart_0/u_expipe_0/u_exu_0/fast_mul.miv_rv32_mul_0/WideMult_1_0/MACC_PHYS_INST/INST_MACC_IP:CLK
  To:   PF_SRAM_AHB_C0_0/PF_TPSRAM_AHB_AXI_0/PF_SRAM_AHB_C0_PF_TPSRAM_AHB_AXI_0_PF_TPSRAM_R52C0/INST_RAM1K20_IP:B_WEN[0]
  Delay (ns):             10.185
  Slack (ns):              8.675
  Arrival (ns):           13.701
  Required (ns):          22.376
  Operating Conditions: slow_lv_ht

Path 72
  From: MIV_RV32_CFG1_C0_0/MIV_RV32_CFG1_C0_0/u_ipcore_0/u_hart_0/u_expipe_0/u_exu_0/fast_mul.miv_rv32_mul_0/WideMult_0_0/MACC_PHYS_INST/INST_MACC_IP:CLK
  To:   MIV_RV32_CFG1_C0_0/MIV_RV32_CFG1_C0_0/u_ipcore_0/u_hart_0/u_expipe_0/gen_pipe_debug_enter_req_de_ex.de_ex_pipe_curr_pc_ex[29]:EN
  Delay (ns):             10.861
  Slack (ns):              8.677
  Arrival (ns):           14.377
  Required (ns):          23.054
  Operating Conditions: slow_lv_ht

Path 73
  From: MIV_RV32_CFG1_C0_0/MIV_RV32_CFG1_C0_0/u_ipcore_0/u_hart_0/u_expipe_0/u_exu_0/fast_mul.miv_rv32_mul_0/WideMult_1_0/MACC_PHYS_INST/INST_MACC_IP:CLK
  To:   MIV_RV32_CFG1_C0_0/MIV_RV32_CFG1_C0_0/u_ipcore_0/u_hart_0/u_expipe_0/de_ex_pipe_alu_op_sel_ex[2]:SLn
  Delay (ns):             10.947
  Slack (ns):              8.678
  Arrival (ns):           14.463
  Required (ns):          23.141
  Operating Conditions: slow_lv_ht

Path 74
  From: MIV_RV32_CFG1_C0_0/MIV_RV32_CFG1_C0_0/u_ipcore_0/u_hart_0/u_expipe_0/u_exu_0/fast_mul.miv_rv32_mul_0/WideMult_1_0/MACC_PHYS_INST/INST_MACC_IP:CLK
  To:   MIV_RV32_CFG1_C0_0/MIV_RV32_CFG1_C0_0/u_ipcore_0/u_hart_0/u_expipe_0/gen_pipe_debug_enter_req_de_ex.de_ex_pipe_curr_pc_ex[22]:EN
  Delay (ns):             10.857
  Slack (ns):              8.685
  Arrival (ns):           14.373
  Required (ns):          23.058
  Operating Conditions: slow_lv_ht

Path 75
  From: MIV_RV32_CFG1_C0_0/MIV_RV32_CFG1_C0_0/u_ipcore_0/u_hart_0/u_expipe_0/u_exu_0/fast_mul.miv_rv32_mul_0/WideMult_1_0/MACC_PHYS_INST/INST_MACC_IP:CLK
  To:   MIV_RV32_CFG1_C0_0/MIV_RV32_CFG1_C0_0/u_ipcore_0/u_hart_0/u_expipe_0/gen_pipe_debug_enter_req_de_ex.de_ex_pipe_curr_pc_ex[15]:EN
  Delay (ns):             10.856
  Slack (ns):              8.685
  Arrival (ns):           14.372
  Required (ns):          23.057
  Operating Conditions: slow_lv_ht

Path 76
  From: MIV_RV32_CFG1_C0_0/MIV_RV32_CFG1_C0_0/u_ipcore_0/u_hart_0/u_expipe_0/u_exu_0/fast_mul.miv_rv32_mul_0/WideMult_0_0/MACC_PHYS_INST/INST_MACC_IP:CLK
  To:   PF_SRAM_AHB_C0_0/PF_TPSRAM_AHB_AXI_0/PF_SRAM_AHB_C0_PF_TPSRAM_AHB_AXI_0_PF_TPSRAM_R29C0/INST_RAM1K20_IP:A_BLK_EN[2]
  Delay (ns):             10.537
  Slack (ns):              8.685
  Arrival (ns):           14.053
  Required (ns):          22.738
  Operating Conditions: slow_lv_ht

Path 77
  From: MIV_RV32_CFG1_C0_0/MIV_RV32_CFG1_C0_0/u_ipcore_0/u_hart_0/u_expipe_0/u_exu_0/fast_mul.miv_rv32_mul_0/WideMult_1_0/MACC_PHYS_INST/INST_MACC_IP:CLK
  To:   MIV_RV32_CFG1_C0_0/MIV_RV32_CFG1_C0_0/u_ipcore_0/u_hart_0/u_expipe_0/gen_pipe_debug_enter_req_de_ex.de_ex_pipe_curr_pc_ex[20]:EN
  Delay (ns):             10.856
  Slack (ns):              8.686
  Arrival (ns):           14.372
  Required (ns):          23.058
  Operating Conditions: slow_lv_ht

Path 78
  From: MIV_RV32_CFG1_C0_0/MIV_RV32_CFG1_C0_0/u_ipcore_0/u_hart_0/u_expipe_0/u_exu_0/fast_mul.miv_rv32_mul_0/WideMult_1_0/MACC_PHYS_INST/INST_MACC_IP:CLK
  To:   PF_SRAM_AHB_C0_0/PF_TPSRAM_AHB_AXI_0/PF_SRAM_AHB_C0_PF_TPSRAM_AHB_AXI_0_PF_TPSRAM_R29C0/INST_RAM1K20_IP:B_WEN[1]
  Delay (ns):             10.200
  Slack (ns):              8.687
  Arrival (ns):           13.716
  Required (ns):          22.403
  Operating Conditions: slow_lv_ht

Path 79
  From: MIV_RV32_CFG1_C0_0/MIV_RV32_CFG1_C0_0/u_ipcore_0/u_hart_0/u_expipe_0/u_exu_0/fast_mul.miv_rv32_mul_0/WideMult_0_0/MACC_PHYS_INST/INST_MACC_IP:CLK
  To:   MIV_RV32_CFG1_C0_0/MIV_RV32_CFG1_C0_0/u_ipcore_0/u_hart_0/u_expipe_0/de_ex_pipe_curr_instr_enc_ex[3]:EN
  Delay (ns):             10.838
  Slack (ns):              8.687
  Arrival (ns):           14.354
  Required (ns):          23.041
  Operating Conditions: slow_lv_ht

Path 80
  From: MIV_RV32_CFG1_C0_0/MIV_RV32_CFG1_C0_0/u_ipcore_0/u_hart_0/u_expipe_0/u_exu_0/fast_mul.miv_rv32_mul_0/WideMult_0_0/MACC_PHYS_INST/INST_MACC_IP:CLK
  To:   MIV_RV32_CFG1_C0_0/MIV_RV32_CFG1_C0_0/u_ipcore_0/u_hart_0/u_expipe_0/de_ex_pipe_curr_instr_enc_ex[26]:EN
  Delay (ns):             10.838
  Slack (ns):              8.688
  Arrival (ns):           14.354
  Required (ns):          23.042
  Operating Conditions: slow_lv_ht

Path 81
  From: MIV_RV32_CFG1_C0_0/MIV_RV32_CFG1_C0_0/u_ipcore_0/u_hart_0/u_expipe_0/u_exu_0/fast_mul.miv_rv32_mul_0/WideMult_0_0/MACC_PHYS_INST/INST_MACC_IP:CLK
  To:   MIV_RV32_CFG1_C0_0/MIV_RV32_CFG1_C0_0/u_ipcore_0/u_hart_0/u_expipe_0/de_ex_pipe_curr_instr_enc_ex[22]:EN
  Delay (ns):             10.838
  Slack (ns):              8.688
  Arrival (ns):           14.354
  Required (ns):          23.042
  Operating Conditions: slow_lv_ht

Path 82
  From: MIV_RV32_CFG1_C0_0/MIV_RV32_CFG1_C0_0/u_ipcore_0/u_hart_0/u_expipe_0/u_exu_0/fast_mul.miv_rv32_mul_0/WideMult_0_0/MACC_PHYS_INST/INST_MACC_IP:CLK
  To:   MIV_RV32_CFG1_C0_0/MIV_RV32_CFG1_C0_0/u_ipcore_0/u_hart_0/u_expipe_0/de_ex_pipe_curr_instr_enc_ex[21]:EN
  Delay (ns):             10.838
  Slack (ns):              8.688
  Arrival (ns):           14.354
  Required (ns):          23.042
  Operating Conditions: slow_lv_ht

Path 83
  From: MIV_RV32_CFG1_C0_0/MIV_RV32_CFG1_C0_0/u_ipcore_0/u_hart_0/u_expipe_0/u_exu_0/fast_mul.miv_rv32_mul_0/WideMult_0_0/MACC_PHYS_INST/INST_MACC_IP:CLK
  To:   MIV_RV32_CFG1_C0_0/MIV_RV32_CFG1_C0_0/u_ipcore_0/u_hart_0/u_expipe_0/de_ex_pipe_curr_instr_enc_ex[20]:EN
  Delay (ns):             10.838
  Slack (ns):              8.688
  Arrival (ns):           14.354
  Required (ns):          23.042
  Operating Conditions: slow_lv_ht

Path 84
  From: MIV_RV32_CFG1_C0_0/MIV_RV32_CFG1_C0_0/u_ipcore_0/u_hart_0/u_expipe_0/u_exu_0/fast_mul.miv_rv32_mul_0/WideMult_0_0/MACC_PHYS_INST/INST_MACC_IP:CLK
  To:   MIV_RV32_CFG1_C0_0/MIV_RV32_CFG1_C0_0/u_ipcore_0/u_hart_0/u_expipe_0/de_ex_pipe_sw_csr_addr_ex[10]:EN
  Delay (ns):             10.832
  Slack (ns):              8.689
  Arrival (ns):           14.348
  Required (ns):          23.037
  Operating Conditions: slow_lv_ht

Path 85
  From: MIV_RV32_CFG1_C0_0/MIV_RV32_CFG1_C0_0/u_ipcore_0/u_hart_0/u_expipe_0/u_exu_0/fast_mul.miv_rv32_mul_0/WideMult_0_0/MACC_PHYS_INST/INST_MACC_IP:CLK
  To:   MIV_RV32_CFG1_C0_0/MIV_RV32_CFG1_C0_0/u_ipcore_0/u_hart_0/u_expipe_0/de_ex_pipe_curr_instr_enc_ex[4]:EN
  Delay (ns):             10.836
  Slack (ns):              8.689
  Arrival (ns):           14.352
  Required (ns):          23.041
  Operating Conditions: slow_lv_ht

Path 86
  From: MIV_RV32_CFG1_C0_0/MIV_RV32_CFG1_C0_0/u_ipcore_0/u_hart_0/u_expipe_0/u_exu_0/fast_mul.miv_rv32_mul_0/WideMult_0_0/MACC_PHYS_INST/INST_MACC_IP:CLK
  To:   MIV_RV32_CFG1_C0_0/MIV_RV32_CFG1_C0_0/u_ipcore_0/u_hart_0/u_expipe_0/de_ex_pipe_curr_instr_enc_ex[25]:EN
  Delay (ns):             10.837
  Slack (ns):              8.689
  Arrival (ns):           14.353
  Required (ns):          23.042
  Operating Conditions: slow_lv_ht

Path 87
  From: MIV_RV32_CFG1_C0_0/MIV_RV32_CFG1_C0_0/u_ipcore_0/u_hart_0/u_expipe_0/u_exu_0/fast_mul.miv_rv32_mul_0/WideMult_0_0/MACC_PHYS_INST/INST_MACC_IP:CLK
  To:   MIV_RV32_CFG1_C0_0/MIV_RV32_CFG1_C0_0/u_ipcore_0/u_hart_0/u_expipe_0/de_ex_pipe_curr_instr_enc_ex[24]:EN
  Delay (ns):             10.836
  Slack (ns):              8.689
  Arrival (ns):           14.352
  Required (ns):          23.041
  Operating Conditions: slow_lv_ht

Path 88
  From: MIV_RV32_CFG1_C0_0/MIV_RV32_CFG1_C0_0/u_ipcore_0/u_hart_0/u_expipe_0/u_exu_0/fast_mul.miv_rv32_mul_0/WideMult_0_0/MACC_PHYS_INST/INST_MACC_IP:CLK
  To:   MIV_RV32_CFG1_C0_0/MIV_RV32_CFG1_C0_0/u_ipcore_0/u_hart_0/u_expipe_0/de_ex_pipe_curr_instr_enc_ex[15]:EN
  Delay (ns):             10.837
  Slack (ns):              8.689
  Arrival (ns):           14.353
  Required (ns):          23.042
  Operating Conditions: slow_lv_ht

Path 89
  From: MIV_RV32_CFG1_C0_0/MIV_RV32_CFG1_C0_0/u_ipcore_0/u_hart_0/u_expipe_0/u_exu_0/fast_mul.miv_rv32_mul_0/WideMult_0_0/MACC_PHYS_INST/INST_MACC_IP:CLK
  To:   MIV_RV32_CFG1_C0_0/MIV_RV32_CFG1_C0_0/u_ipcore_0/u_hart_0/u_expipe_0/de_ex_pipe_curr_instr_enc_ex[0]:EN
  Delay (ns):             10.836
  Slack (ns):              8.690
  Arrival (ns):           14.352
  Required (ns):          23.042
  Operating Conditions: slow_lv_ht

Path 90
  From: MIV_RV32_CFG1_C0_0/MIV_RV32_CFG1_C0_0/u_ipcore_0/u_hart_0/u_expipe_0/u_exu_0/fast_mul.miv_rv32_mul_0/WideMult_1_0/MACC_PHYS_INST/INST_MACC_IP:CLK
  To:   MIV_RV32_CFG1_C0_0/MIV_RV32_CFG1_C0_0/u_ipcore_0/u_hart_0/u_expipe_0/gen_pipe_debug_enter_req_de_ex.de_ex_pipe_curr_pc_ex[19]:EN
  Delay (ns):             10.842
  Slack (ns):              8.699
  Arrival (ns):           14.358
  Required (ns):          23.057
  Operating Conditions: slow_lv_ht

Path 91
  From: MIV_RV32_CFG1_C0_0/MIV_RV32_CFG1_C0_0/u_ipcore_0/u_hart_0/u_expipe_0/u_exu_0/fast_mul.miv_rv32_mul_0/WideMult_0_0/MACC_PHYS_INST/INST_MACC_IP:CLK
  To:   PF_SRAM_AHB_C0_0/PF_TPSRAM_AHB_AXI_0/PF_SRAM_AHB_C0_PF_TPSRAM_AHB_AXI_0_PF_TPSRAM_R61C0/INST_RAM1K20_IP:B_WEN[0]
  Delay (ns):             10.129
  Slack (ns):              8.702
  Arrival (ns):           13.645
  Required (ns):          22.347
  Operating Conditions: slow_lv_ht

Path 92
  From: MIV_RV32_CFG1_C0_0/MIV_RV32_CFG1_C0_0/u_ipcore_0/u_hart_0/u_expipe_0/u_exu_0/fast_mul.miv_rv32_mul_0/WideMult_1_0/MACC_PHYS_INST/INST_MACC_IP:CLK
  To:   MIV_RV32_CFG1_C0_0/MIV_RV32_CFG1_C0_0/u_ipcore_0/u_hart_0/u_expipe_0/de_ex_pipe_i_access_mem_error_ex:SLn
  Delay (ns):             10.907
  Slack (ns):              8.703
  Arrival (ns):           14.423
  Required (ns):          23.126
  Operating Conditions: slow_lv_ht

Path 93
  From: MIV_RV32_CFG1_C0_0/MIV_RV32_CFG1_C0_0/u_ipcore_0/u_hart_0/u_expipe_0/u_exu_0/fast_mul.miv_rv32_mul_0/WideMult_1_0/MACC_PHYS_INST/INST_MACC_IP:CLK
  To:   MIV_RV32_CFG1_C0_0/MIV_RV32_CFG1_C0_0/u_ipcore_0/u_hart_0/u_expipe_0/de_ex_pipe_i_access_misalign_error_ex:SLn
  Delay (ns):             10.905
  Slack (ns):              8.705
  Arrival (ns):           14.421
  Required (ns):          23.126
  Operating Conditions: slow_lv_ht

Path 94
  From: MIV_RV32_CFG1_C0_0/MIV_RV32_CFG1_C0_0/u_ipcore_0/u_hart_0/u_expipe_0/u_exu_0/fast_mul.miv_rv32_mul_0/WideMult_0_0/MACC_PHYS_INST/INST_MACC_IP:CLK
  To:   PF_SRAM_AHB_C0_0/PF_TPSRAM_AHB_AXI_0/PF_SRAM_AHB_C0_PF_TPSRAM_AHB_AXI_0_PF_TPSRAM_R28C0/INST_RAM1K20_IP:A_BLK_EN[2]
  Delay (ns):             10.505
  Slack (ns):              8.705
  Arrival (ns):           14.021
  Required (ns):          22.726
  Operating Conditions: slow_lv_ht

Path 95
  From: MIV_RV32_CFG1_C0_0/MIV_RV32_CFG1_C0_0/u_ipcore_0/u_hart_0/u_expipe_0/u_exu_0/fast_mul.miv_rv32_mul_0/WideMult_1_0/MACC_PHYS_INST/INST_MACC_IP:CLK
  To:   MIV_RV32_CFG1_C0_0/MIV_RV32_CFG1_C0_0/u_ipcore_0/u_hart_0/u_expipe_0/de_ex_pipe_curr_instr_enc_ex[2]:SLn
  Delay (ns):             10.904
  Slack (ns):              8.706
  Arrival (ns):           14.420
  Required (ns):          23.126
  Operating Conditions: slow_lv_ht

Path 96
  From: MIV_RV32_CFG1_C0_0/MIV_RV32_CFG1_C0_0/u_ipcore_0/u_hart_0/u_expipe_0/u_exu_0/fast_mul.miv_rv32_mul_0/WideMult_0_0/MACC_PHYS_INST/INST_MACC_IP:CLK
  To:   MIV_RV32_CFG1_C0_0/MIV_RV32_CFG1_C0_0/u_ipcore_0/u_hart_0/u_expipe_0/de_ex_pipe_operand1_mux_sel_ex[0]:EN
  Delay (ns):             10.878
  Slack (ns):              8.706
  Arrival (ns):           14.394
  Required (ns):          23.100
  Operating Conditions: slow_lv_ht

Path 97
  From: MIV_RV32_CFG1_C0_0/MIV_RV32_CFG1_C0_0/u_ipcore_0/u_hart_0/u_expipe_0/u_exu_0/fast_mul.miv_rv32_mul_0/WideMult_0_0/MACC_PHYS_INST/INST_MACC_IP:CLK
  To:   MIV_RV32_CFG1_C0_0/MIV_RV32_CFG1_C0_0/u_ipcore_0/u_hart_0/u_expipe_0/gen_gpr_ex_attbs_rd_ex.gen_debug_gpr_rd_sel_pipeline.de_ex_pipe_gpr_rs2_rd_sel_ex[5]:EN
  Delay (ns):             10.810
  Slack (ns):              8.710
  Arrival (ns):           14.326
  Required (ns):          23.036
  Operating Conditions: slow_lv_ht

Path 98
  From: MIV_RV32_CFG1_C0_0/MIV_RV32_CFG1_C0_0/u_ipcore_0/u_hart_0/u_expipe_0/u_exu_0/fast_mul.miv_rv32_mul_0/WideMult_0_0/MACC_PHYS_INST/INST_MACC_IP:CLK
  To:   MIV_RV32_CFG1_C0_0/MIV_RV32_CFG1_C0_0/u_ipcore_0/u_hart_0/u_expipe_0/de_ex_pipe_alu_op_sel_ex[0]:SLn
  Delay (ns):             10.879
  Slack (ns):              8.711
  Arrival (ns):           14.395
  Required (ns):          23.106
  Operating Conditions: slow_lv_ht

Path 99
  From: MIV_RV32_CFG1_C0_0/MIV_RV32_CFG1_C0_0/u_ipcore_0/u_hart_0/u_expipe_0/u_exu_0/fast_mul.miv_rv32_mul_0/WideMult_1_0/MACC_PHYS_INST/INST_MACC_IP:CLK
  To:   PF_SRAM_AHB_C0_0/PF_TPSRAM_AHB_AXI_0/PF_SRAM_AHB_C0_PF_TPSRAM_AHB_AXI_0_PF_TPSRAM_R61C0/INST_RAM1K20_IP:A_WEN[0]
  Delay (ns):             10.263
  Slack (ns):              8.712
  Arrival (ns):           13.779
  Required (ns):          22.491
  Operating Conditions: slow_lv_ht

Path 100
  From: MIV_RV32_CFG1_C0_0/MIV_RV32_CFG1_C0_0/u_ipcore_0/u_hart_0/u_expipe_0/u_exu_0/fast_mul.miv_rv32_mul_0/WideMult_1_0/MACC_PHYS_INST/INST_MACC_IP:CLK
  To:   MIV_RV32_CFG1_C0_0/MIV_RV32_CFG1_C0_0/u_ipcore_0/u_hart_0/u_expipe_0/de_ex_pipe_shifter_unit_op_sel_ex[0]:EN
  Delay (ns):             10.787
  Slack (ns):              8.713
  Arrival (ns):           14.303
  Required (ns):          23.016
  Operating Conditions: slow_lv_ht

