Timing Violation Report Min Delay Analysis

SmartTime Version 2025.2
Microchip Technology Inc. - Microchip Libero Software Release 2025.2 (Version 2025.2.0.14)
Date: Mon Jan 19 02:53:34 2026


Design: BaseDesign
Family: PolarFireSoC
Die: MPFS095T
Package: FCSG325
Temperature Range: 0 - 100 C
Voltage Range: 0.97 - 1.03 V
Speed Grade: -1
Design State: Post-Layout
Data source: Production
Multi Corner Report Operating Conditions: slow_lv_lt,fast_hv_lt,slow_lv_ht


Path 1
  From: CORERESET_PF_C0_0/CORERESET_PF_C0_0/dff_1[0]:CLK
  To:   CORERESET_PF_C0_0/CORERESET_PF_C0_0/dff_2[0]:D
  Delay (ns):              0.144
  Slack (ns):              0.068
  Arrival (ns):            2.091
  Required (ns):           2.023
  Operating Conditions: fast_hv_lt

Path 2
  From: MIV_RV32_CFG1_C0_0/MIV_RV32_CFG1_C0_0/u_ipcore_0/gen_subsys_debug.u_subsys_debug_unit_0/debug_req_fifo/rd_gray_ptr_synch[0]:CLK
  To:   MIV_RV32_CFG1_C0_0/MIV_RV32_CFG1_C0_0/u_ipcore_0/gen_subsys_debug.u_subsys_debug_unit_0/debug_req_fifo/rd_gray_ptr_in_write[0]:D
  Delay (ns):              0.148
  Slack (ns):              0.071
  Arrival (ns):            3.561
  Required (ns):           3.490
  Operating Conditions: fast_hv_lt

Path 3
  From: MIV_ESS_C0_0/CoreGPIO_0/xhdl1.GEN_BITS_0[7]:CLK
  To:   MIV_ESS_C0_0/CoreGPIO_0/xhdl1.GEN_BITS_1[7]:D
  Delay (ns):              0.153
  Slack (ns):              0.079
  Arrival (ns):            2.117
  Required (ns):           2.038
  Operating Conditions: fast_hv_lt

Path 4
  From: CORERESET_PF_C0_0/CORERESET_PF_C0_0/dff_8[0]:CLK
  To:   CORERESET_PF_C0_0/CORERESET_PF_C0_0/dff_9[0]:D
  Delay (ns):              0.157
  Slack (ns):              0.080
  Arrival (ns):            2.128
  Required (ns):           2.048
  Operating Conditions: fast_hv_lt

Path 5
  From: CORERESET_PF_C0_0/CORERESET_PF_C0_0/dff_11[0]:CLK
  To:   CORERESET_PF_C0_0/CORERESET_PF_C0_0/dff_12[0]:D
  Delay (ns):              0.157
  Slack (ns):              0.081
  Arrival (ns):            2.128
  Required (ns):           2.047
  Operating Conditions: fast_hv_lt

Path 6
  From: CORERESET_PF_C0_0/CORERESET_PF_C0_0/dff_6[0]:CLK
  To:   CORERESET_PF_C0_0/CORERESET_PF_C0_0/dff_7[0]:D
  Delay (ns):              0.159
  Slack (ns):              0.082
  Arrival (ns):            2.130
  Required (ns):           2.048
  Operating Conditions: fast_hv_lt

Path 7
  From: MIV_RV32_CFG1_C0_0/MIV_RV32_CFG1_C0_0/u_ipcore_0/gen_subsys_debug.u_subsys_debug_unit_0/miv_rv32_debug_du_0/data_0_reg[4]:CLK
  To:   MIV_RV32_CFG1_C0_0/MIV_RV32_CFG1_C0_0/u_ipcore_0/gen_subsys_debug.u_subsys_debug_unit_0/miv_rv32_debug_du_0/debug_op_wr_data[4]:D
  Delay (ns):              0.160
  Slack (ns):              0.083
  Arrival (ns):            2.118
  Required (ns):           2.035
  Operating Conditions: fast_hv_lt

Path 8
  From: MIV_ESS_C0_0/CoreUARTapb_0/uUART/make_RX/rx_shift[2]:CLK
  To:   MIV_ESS_C0_0/CoreUARTapb_0/uUART/make_RX/rx_shift[1]:D
  Delay (ns):              0.157
  Slack (ns):              0.083
  Arrival (ns):            2.130
  Required (ns):           2.047
  Operating Conditions: fast_hv_lt

Path 9
  From: MIV_RV32_CFG1_C0_0/MIV_RV32_CFG1_C0_0/u_ipcore_0/u_hart_0/u_expipe_0/de_ex_pipe_m_env_call_ex:CLK
  To:   MIV_RV32_CFG1_C0_0/MIV_RV32_CFG1_C0_0/u_ipcore_0/u_hart_0/u_expipe_0/ex_retr_pipe_m_env_call_retr:D
  Delay (ns):              0.153
  Slack (ns):              0.084
  Arrival (ns):            2.126
  Required (ns):           2.042
  Operating Conditions: fast_hv_lt

Path 10
  From: MIV_RV32_CFG1_C0_0/MIV_RV32_CFG1_C0_0/u_ipcore_0/gen_subsys_debug.u_subsys_debug_unit_0/miv_rv32_debug_du_0/data_0_reg[7]:CLK
  To:   MIV_RV32_CFG1_C0_0/MIV_RV32_CFG1_C0_0/u_ipcore_0/gen_subsys_debug.u_subsys_debug_unit_0/miv_rv32_debug_du_0/debug_op_wr_data[7]:D
  Delay (ns):              0.161
  Slack (ns):              0.084
  Arrival (ns):            2.119
  Required (ns):           2.035
  Operating Conditions: fast_hv_lt

Path 11
  From: MIV_RV32_CFG1_C0_0/MIV_RV32_CFG1_C0_0/u_ipcore_0/gen_subsys_debug.u_subsys_debug_unit_0/debug_resp_fifo/rd_gray_ptr_synch[1]:CLK
  To:   MIV_RV32_CFG1_C0_0/MIV_RV32_CFG1_C0_0/u_ipcore_0/gen_subsys_debug.u_subsys_debug_unit_0/debug_resp_fifo/rd_gray_ptr_in_write[1]:D
  Delay (ns):              0.151
  Slack (ns):              0.084
  Arrival (ns):            2.119
  Required (ns):           2.035
  Operating Conditions: fast_hv_lt

Path 12
  From: CORERESET_PF_C0_0/CORERESET_PF_C0_0/dff_12[0]:CLK
  To:   CORERESET_PF_C0_0/CORERESET_PF_C0_0/dff_13[0]:D
  Delay (ns):              0.161
  Slack (ns):              0.084
  Arrival (ns):            2.132
  Required (ns):           2.048
  Operating Conditions: fast_hv_lt

Path 13
  From: sram_test_module_0/st0:CLK
  To:   sram_test_module_0/st1:D
  Delay (ns):              0.159
  Slack (ns):              0.085
  Arrival (ns):            2.127
  Required (ns):           2.042
  Operating Conditions: fast_hv_lt

Path 14
  From: MIV_RV32_CFG1_C0_0/MIV_RV32_CFG1_C0_0/u_ipcore_0/gen_subsys_debug.u_subsys_debug_unit_0/miv_rv32_debug_du_0/cmderr_ff[1]:CLK
  To:   MIV_RV32_CFG1_C0_0/MIV_RV32_CFG1_C0_0/u_ipcore_0/gen_subsys_debug.u_subsys_debug_unit_0/miv_rv32_debug_du_0/abstractcs_cmderr[1]:D
  Delay (ns):              0.158
  Slack (ns):              0.085
  Arrival (ns):            2.103
  Required (ns):           2.018
  Operating Conditions: fast_hv_lt

Path 15
  From: MIV_RV32_CFG1_C0_0/MIV_RV32_CFG1_C0_0/u_ipcore_0/gen_subsys_debug.u_subsys_debug_unit_0/debug_req_fifo/genblk1.rst_synch_reg[1]:CLK
  To:   MIV_RV32_CFG1_C0_0/MIV_RV32_CFG1_C0_0/u_ipcore_0/gen_subsys_debug.u_subsys_debug_unit_0/debug_req_fifo/genblk1.rst_synch_reg[0]:D
  Delay (ns):              0.161
  Slack (ns):              0.085
  Arrival (ns):            2.127
  Required (ns):           2.042
  Operating Conditions: fast_hv_lt

Path 16
  From: MIV_ESS_C0_0/CoreGPIO_0/xhdl1.GEN_BITS_1[6]:CLK
  To:   MIV_ESS_C0_0/CoreGPIO_0/xhdl1.GEN_BITS_2[6]:D
  Delay (ns):              0.160
  Slack (ns):              0.086
  Arrival (ns):            2.119
  Required (ns):           2.033
  Operating Conditions: fast_hv_lt

Path 17
  From: CORERESET_PF_C0_0/CORERESET_PF_C0_0/dff_2[0]:CLK
  To:   CORERESET_PF_C0_0/CORERESET_PF_C0_0/dff_3[0]:D
  Delay (ns):              0.162
  Slack (ns):              0.086
  Arrival (ns):            2.109
  Required (ns):           2.023
  Operating Conditions: fast_hv_lt

Path 18
  From: CORERESET_PF_C0_0/CORERESET_PF_C0_0/dff_0[0]:CLK
  To:   CORERESET_PF_C0_0/CORERESET_PF_C0_0/dff_1[0]:D
  Delay (ns):              0.162
  Slack (ns):              0.086
  Arrival (ns):            2.109
  Required (ns):           2.023
  Operating Conditions: fast_hv_lt

Path 19
  From: MIV_ESS_C0_0/CoreUARTapb_0/uUART/tx_hold_reg[2]:CLK
  To:   MIV_ESS_C0_0/CoreUARTapb_0/uUART/make_TX/tx_byte[2]:D
  Delay (ns):              0.161
  Slack (ns):              0.087
  Arrival (ns):            2.128
  Required (ns):           2.041
  Operating Conditions: fast_hv_lt

Path 20
  From: MIV_ESS_C0_0/CoreUARTapb_0/uUART/make_RX/rx_shift[6]:CLK
  To:   MIV_ESS_C0_0/CoreUARTapb_0/uUART/make_RX/rx_shift[5]:D
  Delay (ns):              0.162
  Slack (ns):              0.088
  Arrival (ns):            2.135
  Required (ns):           2.047
  Operating Conditions: fast_hv_lt

Path 21
  From: MIV_ESS_C0_0/CoreUARTapb_0/uUART/tx_hold_reg[7]:CLK
  To:   MIV_ESS_C0_0/CoreUARTapb_0/uUART/make_TX/tx_byte[7]:D
  Delay (ns):              0.163
  Slack (ns):              0.089
  Arrival (ns):            2.130
  Required (ns):           2.041
  Operating Conditions: fast_hv_lt

Path 22
  From: MIV_ESS_C0_0/CoreUARTapb_0/uUART/make_RX/rx_shift[4]:CLK
  To:   MIV_ESS_C0_0/CoreUARTapb_0/uUART/make_RX/rx_shift[3]:D
  Delay (ns):              0.163
  Slack (ns):              0.089
  Arrival (ns):            2.136
  Required (ns):           2.047
  Operating Conditions: fast_hv_lt

Path 23
  From: CoreTimer_C0_0/CoreTimer_C0_0/Count[13]:CLK
  To:   CoreTimer_C0_0/CoreTimer_C0_0/iPRDATA[13]:D
  Delay (ns):              0.235
  Slack (ns):              0.092
  Arrival (ns):            2.186
  Required (ns):           2.094
  Operating Conditions: fast_hv_lt

Path 24
  From: MIV_RV32_CFG1_C0_0/MIV_RV32_CFG1_C0_0/u_ipcore_0/u_hart_0/u_fetch_unit_0/u_miv_rv32_ifu_iab_0/buff_req_wr_ptr_1[0]:CLK
  To:   MIV_RV32_CFG1_C0_0/MIV_RV32_CFG1_C0_0/u_ipcore_0/u_hart_0/u_fetch_unit_0/u_miv_rv32_ifu_iab_0/buff_req_rd_ptr[1]:D
  Delay (ns):              0.162
  Slack (ns):              0.093
  Arrival (ns):            2.114
  Required (ns):           2.021
  Operating Conditions: fast_hv_lt

Path 25
  From: MIV_RV32_CFG1_C0_0/MIV_RV32_CFG1_C0_0/u_ipcore_0/gen_subsys_debug.u_subsys_debug_unit_0/miv_rv32_debug_du_0/dmcontrol_dmactive:CLK
  To:   MIV_RV32_CFG1_C0_0/MIV_RV32_CFG1_C0_0/u_ipcore_0/gen_subsys_debug.u_subsys_debug_unit_0/miv_rv32_debug_du_0/command_reg[8]:SLn
  Delay (ns):              0.213
  Slack (ns):              0.098
  Arrival (ns):            2.158
  Required (ns):           2.060
  Operating Conditions: fast_hv_lt

Path 26
  From: MIV_RV32_CFG1_C0_0/MIV_RV32_CFG1_C0_0/u_ipcore_0/gen_subsys_debug.u_subsys_debug_unit_0/miv_rv32_debug_du_0/dmcontrol_dmactive:CLK
  To:   MIV_RV32_CFG1_C0_0/MIV_RV32_CFG1_C0_0/u_ipcore_0/gen_subsys_debug.u_subsys_debug_unit_0/miv_rv32_debug_du_0/command_reg[3]:SLn
  Delay (ns):              0.213
  Slack (ns):              0.099
  Arrival (ns):            2.158
  Required (ns):           2.059
  Operating Conditions: fast_hv_lt

Path 27
  From: MIV_RV32_CFG1_C0_0/MIV_RV32_CFG1_C0_0/u_ipcore_0/gen_subsys_debug.u_subsys_debug_unit_0/miv_rv32_debug_du_0/dmcontrol_dmactive:CLK
  To:   MIV_RV32_CFG1_C0_0/MIV_RV32_CFG1_C0_0/u_ipcore_0/gen_subsys_debug.u_subsys_debug_unit_0/miv_rv32_debug_du_0/command_reg[10]:SLn
  Delay (ns):              0.214
  Slack (ns):              0.099
  Arrival (ns):            2.159
  Required (ns):           2.060
  Operating Conditions: fast_hv_lt

Path 28
  From: MIV_RV32_CFG1_C0_0/MIV_RV32_CFG1_C0_0/u_ipcore_0/gen_subsys_debug.u_subsys_debug_unit_0/miv_rv32_debug_du_0/dmcontrol_dmactive:CLK
  To:   MIV_RV32_CFG1_C0_0/MIV_RV32_CFG1_C0_0/u_ipcore_0/gen_subsys_debug.u_subsys_debug_unit_0/miv_rv32_debug_du_0/command_reg[0]:SLn
  Delay (ns):              0.214
  Slack (ns):              0.100
  Arrival (ns):            2.159
  Required (ns):           2.059
  Operating Conditions: fast_hv_lt

Path 29
  From: MIV_RV32_CFG1_C0_0/MIV_RV32_CFG1_C0_0/u_ipcore_0/u_hart_0/u_fetch_unit_0/u_miv_rv32_ifu_iab_0/buff_req_wr_ptr_0[0]:CLK
  To:   MIV_RV32_CFG1_C0_0/MIV_RV32_CFG1_C0_0/u_ipcore_0/u_hart_0/u_fetch_unit_0/u_miv_rv32_ifu_iab_0/buff_req_wr_ptr_1[0]:D
  Delay (ns):              0.175
  Slack (ns):              0.102
  Arrival (ns):            2.128
  Required (ns):           2.026
  Operating Conditions: fast_hv_lt

Path 30
  From: MIV_RV32_CFG1_C0_0/MIV_RV32_CFG1_C0_0/u_ipcore_0/u_hart_0/u_fetch_unit_0/u_miv_rv32_ifu_iab_0/buff_req_wr_ptr_0[0]:CLK
  To:   MIV_RV32_CFG1_C0_0/MIV_RV32_CFG1_C0_0/u_ipcore_0/u_hart_0/u_fetch_unit_0/u_miv_rv32_ifu_iab_0/buff_req_rd_ptr[0]:D
  Delay (ns):              0.176
  Slack (ns):              0.102
  Arrival (ns):            2.129
  Required (ns):           2.027
  Operating Conditions: fast_hv_lt

Path 31
  From: MIV_ESS_C0_0/CoreUARTapb_0/uUART/tx_hold_reg[6]:CLK
  To:   MIV_ESS_C0_0/CoreUARTapb_0/uUART/make_TX/tx_byte[6]:D
  Delay (ns):              0.189
  Slack (ns):              0.104
  Arrival (ns):            2.160
  Required (ns):           2.056
  Operating Conditions: fast_hv_lt

Path 32
  From: CoreTimer_C0_0/CoreTimer_C0_0/Count[10]:CLK
  To:   CoreTimer_C0_0/CoreTimer_C0_0/iPRDATA[10]:D
  Delay (ns):              0.246
  Slack (ns):              0.104
  Arrival (ns):            2.197
  Required (ns):           2.093
  Operating Conditions: fast_hv_lt

Path 33
  From: CORERESET_PF_C0_0/CORERESET_PF_C0_0/dff_5[0]:CLK
  To:   CORERESET_PF_C0_0/CORERESET_PF_C0_0/dff_6[0]:D
  Delay (ns):              0.183
  Slack (ns):              0.106
  Arrival (ns):            2.154
  Required (ns):           2.048
  Operating Conditions: fast_hv_lt

Path 34
  From: CoreTimer_C0_0/CoreTimer_C0_0/Count[8]:CLK
  To:   CoreTimer_C0_0/CoreTimer_C0_0/iPRDATA[8]:D
  Delay (ns):              0.250
  Slack (ns):              0.108
  Arrival (ns):            2.201
  Required (ns):           2.093
  Operating Conditions: fast_hv_lt

Path 35
  From: MIV_RV32_CFG1_C0_0/MIV_RV32_CFG1_C0_0/u_ipcore_0/gen_subsys_debug.u_subsys_debug_unit_0/miv_rv32_debug_du_0/dmcontrol_dmactive:CLK
  To:   MIV_RV32_CFG1_C0_0/MIV_RV32_CFG1_C0_0/u_ipcore_0/gen_subsys_debug.u_subsys_debug_unit_0/miv_rv32_debug_du_0/abstractcs_cmderr[0]:SLn
  Delay (ns):              0.234
  Slack (ns):              0.109
  Arrival (ns):            2.179
  Required (ns):           2.070
  Operating Conditions: fast_hv_lt

Path 36
  From: MIV_RV32_CFG1_C0_0/MIV_RV32_CFG1_C0_0/u_ipcore_0/gen_tcm0.u_subsys_TCM_0/cpu_d_wr_rd_state_Z[0]:CLK
  To:   MIV_RV32_CFG1_C0_0/MIV_RV32_CFG1_C0_0/u_ipcore_0/gen_tcm0.u_subsys_TCM_0/cpu_d_req_wr_byte_en_int[0]:D
  Delay (ns):              0.183
  Slack (ns):              0.111
  Arrival (ns):            2.126
  Required (ns):           2.015
  Operating Conditions: fast_hv_lt

Path 37
  From: MIV_RV32_CFG1_C0_0/MIV_RV32_CFG1_C0_0/u_ipcore_0/gen_subsys_debug.u_subsys_debug_unit_0/miv_rv32_debug_du_0/dmcontrol_dmactive:CLK
  To:   MIV_RV32_CFG1_C0_0/MIV_RV32_CFG1_C0_0/u_ipcore_0/gen_subsys_debug.u_subsys_debug_unit_0/miv_rv32_debug_du_0/abstractcs_cmderr[2]:SLn
  Delay (ns):              0.236
  Slack (ns):              0.111
  Arrival (ns):            2.181
  Required (ns):           2.070
  Operating Conditions: fast_hv_lt

Path 38
  From: MIV_RV32_CFG1_C0_0/MIV_RV32_CFG1_C0_0/u_ipcore_0/gen_subsys_debug.u_subsys_debug_unit_0/miv_rv32_debug_du_0/dmcontrol_dmactive:CLK
  To:   MIV_RV32_CFG1_C0_0/MIV_RV32_CFG1_C0_0/u_ipcore_0/gen_subsys_debug.u_subsys_debug_unit_0/miv_rv32_debug_du_0/abstractcs_cmderr[1]:SLn
  Delay (ns):              0.235
  Slack (ns):              0.111
  Arrival (ns):            2.180
  Required (ns):           2.069
  Operating Conditions: fast_hv_lt

Path 39
  From: MIV_RV32_CFG1_C0_0/MIV_RV32_CFG1_C0_0/u_ipcore_0/gen_subsys_debug.u_subsys_debug_unit_0/debug_resp_fifo/genblk1.rst_synch_reg[1]:CLK
  To:   MIV_RV32_CFG1_C0_0/MIV_RV32_CFG1_C0_0/u_ipcore_0/gen_subsys_debug.u_subsys_debug_unit_0/debug_resp_fifo/genblk1.rst_synch_reg[0]:D
  Delay (ns):              0.191
  Slack (ns):              0.113
  Arrival (ns):            3.391
  Required (ns):           3.278
  Operating Conditions: fast_hv_lt

Path 40
  From: CORERESET_PF_C0_0/CORERESET_PF_C0_0/dff_3[0]:CLK
  To:   CORERESET_PF_C0_0/CORERESET_PF_C0_0/dff_4[0]:D
  Delay (ns):              0.269
  Slack (ns):              0.114
  Arrival (ns):            2.216
  Required (ns):           2.102
  Operating Conditions: fast_hv_lt

Path 41
  From: MIV_ESS_C0_0/CoreUARTapb_0/uUART/tx_hold_reg[3]:CLK
  To:   MIV_ESS_C0_0/CoreUARTapb_0/uUART/make_TX/tx_byte[3]:D
  Delay (ns):              0.200
  Slack (ns):              0.115
  Arrival (ns):            2.171
  Required (ns):           2.056
  Operating Conditions: fast_hv_lt

Path 42
  From: MIV_ESS_C0_0/CoreUARTapb_0/uUART/make_RX/receive_full_int:CLK
  To:   MIV_ESS_C0_0/CoreUARTapb_0/uUART/genblk1.RXRDY:D
  Delay (ns):              0.263
  Slack (ns):              0.115
  Arrival (ns):            2.214
  Required (ns):           2.099
  Operating Conditions: fast_hv_lt

Path 43
  From: MIV_RV32_CFG1_C0_0/MIV_RV32_CFG1_C0_0/u_ipcore_0/gen_subsys_debug.u_subsys_debug_unit_0/debug_resp_fifo/rd_gray_ptr_synch[0]:CLK
  To:   MIV_RV32_CFG1_C0_0/MIV_RV32_CFG1_C0_0/u_ipcore_0/gen_subsys_debug.u_subsys_debug_unit_0/debug_resp_fifo/rd_gray_ptr_in_write[0]:D
  Delay (ns):              0.208
  Slack (ns):              0.116
  Arrival (ns):            2.177
  Required (ns):           2.061
  Operating Conditions: fast_hv_lt

Path 44
  From: CORERESET_PF_C0_0/CORERESET_PF_C0_0/dff_9[0]:CLK
  To:   CORERESET_PF_C0_0/CORERESET_PF_C0_0/dff_10[0]:D
  Delay (ns):              0.194
  Slack (ns):              0.117
  Arrival (ns):            2.165
  Required (ns):           2.048
  Operating Conditions: fast_hv_lt

Path 45
  From: MIV_RV32_CFG1_C0_0/MIV_RV32_CFG1_C0_0/u_ipcore_0/gen_subsys_debug.u_subsys_debug_unit_0/miv_rv32_debug_du_0/cmderr_ff[0]:CLK
  To:   MIV_RV32_CFG1_C0_0/MIV_RV32_CFG1_C0_0/u_ipcore_0/gen_subsys_debug.u_subsys_debug_unit_0/miv_rv32_debug_du_0/abstractcs_cmderr[0]:D
  Delay (ns):              0.193
  Slack (ns):              0.119
  Arrival (ns):            2.138
  Required (ns):           2.019
  Operating Conditions: fast_hv_lt

Path 46
  From: MIV_RV32_CFG1_C0_0/MIV_RV32_CFG1_C0_0/u_ipcore_0/gen_subsys_debug.u_subsys_debug_unit_0/MIV_subsys_debug_transport_module_jtag_0/gen_shift_register_active_high.gen_shift_register_active_low.shiftDR[5]:CLK
  To:   MIV_RV32_CFG1_C0_0/MIV_RV32_CFG1_C0_0/u_ipcore_0/gen_subsys_debug.u_subsys_debug_unit_0/MIV_subsys_debug_transport_module_jtag_0/gen_shift_register_active_high.gen_shift_register_active_low.shiftDR[4]:D
  Delay (ns):              0.199
  Slack (ns):              0.120
  Arrival (ns):            3.398
  Required (ns):           3.278
  Operating Conditions: fast_hv_lt

Path 47
  From: MIV_ESS_C0_0/CoreUARTapb_0/uUART/make_RX/samples_2[0]:CLK
  To:   MIV_ESS_C0_0/CoreUARTapb_0/uUART/make_RX/samples_1[0]:D
  Delay (ns):              0.194
  Slack (ns):              0.120
  Arrival (ns):            2.165
  Required (ns):           2.045
  Operating Conditions: fast_hv_lt

Path 48
  From: CORERESET_PF_C0_0/CORERESET_PF_C0_0/dff_4[0]:CLK
  To:   CORERESET_PF_C0_0/CORERESET_PF_C0_0/dff_5[0]:D
  Delay (ns):              0.197
  Slack (ns):              0.120
  Arrival (ns):            2.168
  Required (ns):           2.048
  Operating Conditions: fast_hv_lt

Path 49
  From: MIV_ESS_C0_0/CoreUARTapb_0/uUART/make_RX/rx_shift[0]:CLK
  To:   MIV_ESS_C0_0/CoreUARTapb_0/uUART/make_RX/rx_byte[0]:D
  Delay (ns):              0.204
  Slack (ns):              0.121
  Arrival (ns):            2.177
  Required (ns):           2.056
  Operating Conditions: fast_hv_lt

Path 50
  From: MIV_ESS_C0_0/CoreGPIO_0/xhdl1.GEN_BITS[2].gpin1[2]:CLK
  To:   MIV_ESS_C0_0/CoreGPIO_0/xhdl1.GEN_BITS[2].gpin2[2]:D
  Delay (ns):              0.196
  Slack (ns):              0.121
  Arrival (ns):            2.157
  Required (ns):           2.036
  Operating Conditions: fast_hv_lt

Path 51
  From: MIV_RV32_CFG1_C0_0/MIV_RV32_CFG1_C0_0/u_ipcore_0/gen_subsys_debug.u_subsys_debug_unit_0/miv_rv32_debug_du_0/data_0_reg[5]:CLK
  To:   MIV_RV32_CFG1_C0_0/MIV_RV32_CFG1_C0_0/u_ipcore_0/gen_subsys_debug.u_subsys_debug_unit_0/miv_rv32_debug_du_0/debug_op_wr_data[5]:D
  Delay (ns):              0.199
  Slack (ns):              0.122
  Arrival (ns):            2.157
  Required (ns):           2.035
  Operating Conditions: fast_hv_lt

Path 52
  From: MIV_RV32_CFG1_C0_0/MIV_RV32_CFG1_C0_0/u_ipcore_0/gen_subsys_debug.u_subsys_debug_unit_0/MIV_subsys_debug_transport_module_jtag_0/gen_shift_register_active_high.gen_shift_register_active_low.shiftDMI[37]:CLK
  To:   MIV_RV32_CFG1_C0_0/MIV_RV32_CFG1_C0_0/u_ipcore_0/gen_subsys_debug.u_subsys_debug_unit_0/MIV_subsys_debug_transport_module_jtag_0/gen_shift_register_active_high.gen_shift_register_active_low.shiftDMI[36]:D
  Delay (ns):              0.198
  Slack (ns):              0.123
  Arrival (ns):            3.395
  Required (ns):           3.272
  Operating Conditions: fast_hv_lt

Path 53
  From: MIV_RV32_CFG1_C0_0/MIV_RV32_CFG1_C0_0/u_ipcore_0/gen_subsys_debug.u_subsys_debug_unit_0/MIV_subsys_debug_transport_module_jtag_0/gen_current_state_register_active_high.gen_current_state_register_active_low.currTapState[1]:CLK
  To:   MIV_RV32_CFG1_C0_0/MIV_RV32_CFG1_C0_0/u_ipcore_0/gen_subsys_debug.u_subsys_debug_unit_0/MIV_subsys_debug_transport_module_jtag_0/gen_current_state_register_active_high.gen_current_state_register_active_low.currTapState[2]:D
  Delay (ns):              0.201
  Slack (ns):              0.123
  Arrival (ns):            3.405
  Required (ns):           3.282
  Operating Conditions: fast_hv_lt

Path 54
  From: CORERESET_PF_C0_0/CORERESET_PF_C0_0/dff_7[0]:CLK
  To:   CORERESET_PF_C0_0/CORERESET_PF_C0_0/dff_8[0]:D
  Delay (ns):              0.200
  Slack (ns):              0.123
  Arrival (ns):            2.171
  Required (ns):           2.048
  Operating Conditions: fast_hv_lt

Path 55
  From: MIV_RV32_CFG1_C0_0/MIV_RV32_CFG1_C0_0/u_ipcore_0/u_subsys_interconnect_0/u_subsys_regs/u_req_buffer/gen_buff_loop[1].buff_valid[1]:CLK
  To:   MIV_RV32_CFG1_C0_0/MIV_RV32_CFG1_C0_0/u_ipcore_0/u_subsys_interconnect_0/u_subsys_regs/u_req_buffer/buff_rd_ptr[0]:D
  Delay (ns):              0.199
  Slack (ns):              0.124
  Arrival (ns):            2.172
  Required (ns):           2.048
  Operating Conditions: fast_hv_lt

Path 56
  From: MIV_ESS_C0_0/MIV_PLIC_0/apb_interface_0/interrupt_enable_wr_data_Z[1]:CLK
  To:   MIV_ESS_C0_0/MIV_PLIC_0/plic_core_ie.genblk1[1].interrupt_enable_register_0/interrupt_enable_reg:D
  Delay (ns):              0.198
  Slack (ns):              0.124
  Arrival (ns):            2.154
  Required (ns):           2.030
  Operating Conditions: fast_hv_lt

Path 57
  From: MIV_ESS_C0_0/CoreUARTapb_0/uUART/tx_hold_reg[0]:CLK
  To:   MIV_ESS_C0_0/CoreUARTapb_0/uUART/make_TX/tx_byte[0]:D
  Delay (ns):              0.198
  Slack (ns):              0.124
  Arrival (ns):            2.165
  Required (ns):           2.041
  Operating Conditions: fast_hv_lt

Path 58
  From: CORERESET_PF_C0_0/CORERESET_PF_C0_0/dff_10[0]:CLK
  To:   CORERESET_PF_C0_0/CORERESET_PF_C0_0/dff_11[0]:D
  Delay (ns):              0.201
  Slack (ns):              0.124
  Arrival (ns):            2.172
  Required (ns):           2.048
  Operating Conditions: fast_hv_lt

Path 59
  From: MIV_RV32_CFG1_C0_0/MIV_RV32_CFG1_C0_0/u_ipcore_0/gen_subsys_debug.u_subsys_debug_unit_0/miv_rv32_debug_du_0/data_0_reg[14]:CLK
  To:   MIV_RV32_CFG1_C0_0/MIV_RV32_CFG1_C0_0/u_ipcore_0/gen_subsys_debug.u_subsys_debug_unit_0/miv_rv32_debug_du_0/debug_op_wr_data[14]:D
  Delay (ns):              0.214
  Slack (ns):              0.125
  Arrival (ns):            2.189
  Required (ns):           2.064
  Operating Conditions: fast_hv_lt

Path 60
  From: MIV_RV32_CFG1_C0_0/MIV_RV32_CFG1_C0_0/u_ipcore_0/u_hart_0/u_expipe_0/u_exu_0/div_divisor[34]:CLK
  To:   MIV_RV32_CFG1_C0_0/MIV_RV32_CFG1_C0_0/u_ipcore_0/u_hart_0/u_expipe_0/u_exu_0/div_divisor[33]:D
  Delay (ns):              0.200
  Slack (ns):              0.126
  Arrival (ns):            2.179
  Required (ns):           2.053
  Operating Conditions: fast_hv_lt

Path 61
  From: MIV_RV32_CFG1_C0_0/MIV_RV32_CFG1_C0_0/u_ipcore_0/gen_subsys_debug.u_subsys_debug_unit_0/MIV_subsys_debug_transport_module_jtag_0/gen_shift_register_active_high.gen_shift_register_active_low.shiftDMI[35]:CLK
  To:   MIV_RV32_CFG1_C0_0/MIV_RV32_CFG1_C0_0/u_ipcore_0/gen_subsys_debug.u_subsys_debug_unit_0/MIV_subsys_debug_transport_module_jtag_0/gen_shift_register_active_high.gen_shift_register_active_low.shiftDMI[34]:D
  Delay (ns):              0.201
  Slack (ns):              0.126
  Arrival (ns):            3.398
  Required (ns):           3.272
  Operating Conditions: fast_hv_lt

Path 62
  From: MIV_ESS_C0_0/CoreUARTapb_0/uUART/make_RX/rx_shift[5]:CLK
  To:   MIV_ESS_C0_0/CoreUARTapb_0/uUART/make_RX/rx_byte[5]:D
  Delay (ns):              0.200
  Slack (ns):              0.126
  Arrival (ns):            2.173
  Required (ns):           2.047
  Operating Conditions: fast_hv_lt

Path 63
  From: MIV_RV32_CFG1_C0_0/MIV_RV32_CFG1_C0_0/u_ipcore_0/gen_subsys_debug.u_subsys_debug_unit_0/miv_rv32_debug_du_0/data_0_reg[23]:CLK
  To:   MIV_RV32_CFG1_C0_0/MIV_RV32_CFG1_C0_0/u_ipcore_0/gen_subsys_debug.u_subsys_debug_unit_0/miv_rv32_debug_du_0/debug_op_wr_data[23]:D
  Delay (ns):              0.204
  Slack (ns):              0.127
  Arrival (ns):            2.162
  Required (ns):           2.035
  Operating Conditions: fast_hv_lt

Path 64
  From: MIV_ESS_C0_0/CoreUARTapb_0/uUART/tx_hold_reg[5]:CLK
  To:   MIV_ESS_C0_0/CoreUARTapb_0/uUART/make_TX/tx_byte[5]:D
  Delay (ns):              0.201
  Slack (ns):              0.127
  Arrival (ns):            2.168
  Required (ns):           2.041
  Operating Conditions: fast_hv_lt

Path 65
  From: MIV_ESS_C0_0/CoreUARTapb_0/uUART/make_RX/rx_shift[3]:CLK
  To:   MIV_ESS_C0_0/CoreUARTapb_0/uUART/make_RX/rx_shift[2]:D
  Delay (ns):              0.201
  Slack (ns):              0.127
  Arrival (ns):            2.174
  Required (ns):           2.047
  Operating Conditions: fast_hv_lt

Path 66
  From: MIV_RV32_CFG1_C0_0/MIV_RV32_CFG1_C0_0/u_ipcore_0/gen_subsys_debug.u_subsys_debug_unit_0/miv_rv32_debug_du_0/cmderr_ff[2]:CLK
  To:   MIV_RV32_CFG1_C0_0/MIV_RV32_CFG1_C0_0/u_ipcore_0/gen_subsys_debug.u_subsys_debug_unit_0/miv_rv32_debug_du_0/abstractcs_cmderr[2]:D
  Delay (ns):              0.202
  Slack (ns):              0.128
  Arrival (ns):            2.147
  Required (ns):           2.019
  Operating Conditions: fast_hv_lt

Path 67
  From: MIV_ESS_C0_0/CoreUARTapb_0/uUART/make_RX/rx_shift[7]:CLK
  To:   MIV_ESS_C0_0/CoreUARTapb_0/uUART/make_RX/rx_shift[6]:D
  Delay (ns):              0.202
  Slack (ns):              0.128
  Arrival (ns):            2.175
  Required (ns):           2.047
  Operating Conditions: fast_hv_lt

Path 68
  From: MIV_RV32_CFG1_C0_0/MIV_RV32_CFG1_C0_0/u_ipcore_0/u_hart_0/u_expipe_0/u_exu_0/div_divisor[8]:CLK
  To:   MIV_RV32_CFG1_C0_0/MIV_RV32_CFG1_C0_0/u_ipcore_0/u_hart_0/u_expipe_0/u_exu_0/div_divisor[7]:D
  Delay (ns):              0.206
  Slack (ns):              0.129
  Arrival (ns):            2.185
  Required (ns):           2.056
  Operating Conditions: fast_hv_lt

Path 69
  From: sram_test_module_0/st1:CLK
  To:   sram_test_module_0/st_prev:D
  Delay (ns):              0.204
  Slack (ns):              0.130
  Arrival (ns):            2.172
  Required (ns):           2.042
  Operating Conditions: fast_hv_lt

Path 70
  From: MIV_RV32_CFG1_C0_0/MIV_RV32_CFG1_C0_0/u_ipcore_0/u_hart_0/u_expipe_0/gen_gpr_ram.u_gpr_0/gen_gpr.u_gpr_array_0/mem_xf_1_mem_xf_1_0_0/R_DATA_9_inst:CLK
  To:   MIV_RV32_CFG1_C0_0/MIV_RV32_CFG1_C0_0/u_ipcore_0/gen_subsys_debug.u_subsys_debug_unit_0/miv_rv32_debug_du_0/data_gpr_reg[9]:D
  Delay (ns):              0.207
  Slack (ns):              0.130
  Arrival (ns):            2.190
  Required (ns):           2.060
  Operating Conditions: fast_hv_lt

Path 71
  From: MIV_RV32_CFG1_C0_0/MIV_RV32_CFG1_C0_0/u_ipcore_0/gen_subsys_debug.u_subsys_debug_unit_0/MIV_subsys_debug_transport_module_jtag_0/gen_shift_register_active_high.gen_shift_register_active_low.shiftDMI[39]:CLK
  To:   MIV_RV32_CFG1_C0_0/MIV_RV32_CFG1_C0_0/u_ipcore_0/gen_subsys_debug.u_subsys_debug_unit_0/MIV_subsys_debug_transport_module_jtag_0/gen_shift_register_active_high.gen_shift_register_active_low.shiftDMI[38]:D
  Delay (ns):              0.206
  Slack (ns):              0.130
  Arrival (ns):            3.403
  Required (ns):           3.273
  Operating Conditions: fast_hv_lt

Path 72
  From: MIV_ESS_C0_0/CoreGPIO_0/xhdl1.GEN_BITS[2].gpin3[2]:CLK
  To:   MIV_ESS_C0_0/CoreGPIO_0/xhdl1.GEN_BITS[2].APB_32.edge_neg[2]:D
  Delay (ns):              0.205
  Slack (ns):              0.130
  Arrival (ns):            2.166
  Required (ns):           2.036
  Operating Conditions: fast_hv_lt

Path 73
  From: sram_test_module_0/error_latch:CLK
  To:   MIV_ESS_C0_0/CoreGPIO_0/xhdl1.GEN_BITS_0[6]:D
  Delay (ns):              0.205
  Slack (ns):              0.131
  Arrival (ns):            2.173
  Required (ns):           2.042
  Operating Conditions: fast_hv_lt

Path 74
  From: MIV_RV32_CFG1_C0_0/MIV_RV32_CFG1_C0_0/u_ipcore_0/u_hart_0/u_expipe_0/u_exu_0/div_divisor[28]:CLK
  To:   MIV_RV32_CFG1_C0_0/MIV_RV32_CFG1_C0_0/u_ipcore_0/u_hart_0/u_expipe_0/u_exu_0/div_divisor[27]:D
  Delay (ns):              0.208
  Slack (ns):              0.131
  Arrival (ns):            2.182
  Required (ns):           2.051
  Operating Conditions: fast_hv_lt

Path 75
  From: MIV_RV32_CFG1_C0_0/MIV_RV32_CFG1_C0_0/u_ipcore_0/u_hart_0/u_expipe_0/u_exu_0/div_divisor[22]:CLK
  To:   MIV_RV32_CFG1_C0_0/MIV_RV32_CFG1_C0_0/u_ipcore_0/u_hart_0/u_expipe_0/u_exu_0/div_divisor[21]:D
  Delay (ns):              0.208
  Slack (ns):              0.131
  Arrival (ns):            2.185
  Required (ns):           2.054
  Operating Conditions: fast_hv_lt

Path 76
  From: MIV_RV32_CFG1_C0_0/MIV_RV32_CFG1_C0_0/u_ipcore_0/gen_subsys_debug.u_subsys_debug_unit_0/MIV_subsys_debug_transport_module_jtag_0/gen_shift_register_active_high.gen_shift_register_active_low.shiftDMI[38]:CLK
  To:   MIV_RV32_CFG1_C0_0/MIV_RV32_CFG1_C0_0/u_ipcore_0/gen_subsys_debug.u_subsys_debug_unit_0/MIV_subsys_debug_transport_module_jtag_0/gen_shift_register_active_high.gen_shift_register_active_low.shiftDMI[37]:D
  Delay (ns):              0.207
  Slack (ns):              0.131
  Arrival (ns):            3.404
  Required (ns):           3.273
  Operating Conditions: fast_hv_lt

Path 77
  From: MIV_RV32_CFG1_C0_0/MIV_RV32_CFG1_C0_0/u_ipcore_0/gen_subsys_debug.u_subsys_debug_unit_0/MIV_subsys_debug_transport_module_jtag_0/gen_shift_register_active_high.gen_shift_register_active_low.shiftDMI[30]:CLK
  To:   MIV_RV32_CFG1_C0_0/MIV_RV32_CFG1_C0_0/u_ipcore_0/gen_subsys_debug.u_subsys_debug_unit_0/MIV_subsys_debug_transport_module_jtag_0/gen_shift_register_active_high.gen_shift_register_active_low.shiftDMI[29]:D
  Delay (ns):              0.207
  Slack (ns):              0.131
  Arrival (ns):            3.407
  Required (ns):           3.276
  Operating Conditions: fast_hv_lt

Path 78
  From: MIV_ESS_C0_0/CoreUARTapb_0/uUART/make_RX/samples_1[0]:CLK
  To:   MIV_ESS_C0_0/CoreUARTapb_0/uUART/make_RX/samples_0[0]:D
  Delay (ns):              0.204
  Slack (ns):              0.131
  Arrival (ns):            2.175
  Required (ns):           2.044
  Operating Conditions: fast_hv_lt

Path 79
  From: MIV_ESS_C0_0/CoreUARTapb_0/uUART/make_RX/rx_byte[1]:CLK
  To:   MIV_ESS_C0_0/CoreUARTapb_0/iPRDATA[1]:D
  Delay (ns):              0.205
  Slack (ns):              0.131
  Arrival (ns):            2.176
  Required (ns):           2.045
  Operating Conditions: fast_hv_lt

Path 80
  From: sram_test_module_0/wait_cnt[0]:CLK
  To:   sram_test_module_0/state[1]:D
  Delay (ns):              0.206
  Slack (ns):              0.132
  Arrival (ns):            2.174
  Required (ns):           2.042
  Operating Conditions: fast_hv_lt

Path 81
  From: MIV_RV32_CFG1_C0_0/MIV_RV32_CFG1_C0_0/u_ipcore_0/u_hart_0/u_expipe_0/u_exu_0/div_divisor[5]:CLK
  To:   MIV_RV32_CFG1_C0_0/MIV_RV32_CFG1_C0_0/u_ipcore_0/u_hart_0/u_expipe_0/u_exu_0/div_divisor[4]:D
  Delay (ns):              0.209
  Slack (ns):              0.132
  Arrival (ns):            2.188
  Required (ns):           2.056
  Operating Conditions: fast_hv_lt

Path 82
  From: MIV_RV32_CFG1_C0_0/MIV_RV32_CFG1_C0_0/u_ipcore_0/u_hart_0/u_expipe_0/u_exu_0/div_divisor[1]:CLK
  To:   MIV_RV32_CFG1_C0_0/MIV_RV32_CFG1_C0_0/u_ipcore_0/u_hart_0/u_expipe_0/u_exu_0/div_divisor[0]:D
  Delay (ns):              0.210
  Slack (ns):              0.132
  Arrival (ns):            2.188
  Required (ns):           2.056
  Operating Conditions: fast_hv_lt

Path 83
  From: MIV_RV32_CFG1_C0_0/MIV_RV32_CFG1_C0_0/u_ipcore_0/gen_subsys_debug.u_subsys_debug_unit_0/MIV_subsys_debug_transport_module_jtag_0/gen_shift_register_active_high.gen_shift_register_active_low.shiftDR[25]:CLK
  To:   MIV_RV32_CFG1_C0_0/MIV_RV32_CFG1_C0_0/u_ipcore_0/gen_subsys_debug.u_subsys_debug_unit_0/MIV_subsys_debug_transport_module_jtag_0/gen_shift_register_active_high.gen_shift_register_active_low.shiftDR[24]:D
  Delay (ns):              0.207
  Slack (ns):              0.132
  Arrival (ns):            3.403
  Required (ns):           3.271
  Operating Conditions: fast_hv_lt

Path 84
  From: MIV_RV32_CFG1_C0_0/MIV_RV32_CFG1_C0_0/u_ipcore_0/gen_subsys_debug.u_subsys_debug_unit_0/MIV_subsys_debug_transport_module_jtag_0/gen_shift_register_active_high.gen_shift_register_active_low.shiftDMI[10]:CLK
  To:   MIV_RV32_CFG1_C0_0/MIV_RV32_CFG1_C0_0/u_ipcore_0/gen_subsys_debug.u_subsys_debug_unit_0/MIV_subsys_debug_transport_module_jtag_0/gen_shift_register_active_high.gen_shift_register_active_low.shiftDMI[9]:D
  Delay (ns):              0.210
  Slack (ns):              0.132
  Arrival (ns):            3.408
  Required (ns):           3.276
  Operating Conditions: fast_hv_lt

Path 85
  From: MIV_RV32_CFG1_C0_0/MIV_RV32_CFG1_C0_0/u_ipcore_0/gen_subsys_debug.u_subsys_debug_unit_0/MIV_subsys_debug_transport_module_jtag_0/dmi_outputs_and_dtmcs_resets.dtmcs_resets_active_low.dtmcs_dmihardreset:CLK
  To:   MIV_RV32_CFG1_C0_0/MIV_RV32_CFG1_C0_0/u_ipcore_0/gen_subsys_debug.u_subsys_debug_unit_0/MIV_subsys_debug_transport_module_jtag_0/gen_shift_register_active_high.gen_shift_register_active_low.shiftDR[0]:D
  Delay (ns):              0.207
  Slack (ns):              0.132
  Arrival (ns):            3.407
  Required (ns):           3.275
  Operating Conditions: fast_hv_lt

Path 86
  From: MIV_ESS_C0_0/MIV_PLIC_0/plic_core_ie.genblk1[1].interrupt_enable_register_0/interrupt_enable_reg:CLK
  To:   MIV_ESS_C0_0/MIV_PLIC_0/interrupt_claim_complete_0/plic_irq_id_1[0]:D
  Delay (ns):              0.206
  Slack (ns):              0.132
  Arrival (ns):            2.162
  Required (ns):           2.030
  Operating Conditions: fast_hv_lt

Path 87
  From: MIV_ESS_C0_0/MIV_PLIC_0/plic_core_ie.genblk1[1].interrupt_enable_register_0/interrupt_enable_reg:CLK
  To:   MIV_ESS_C0_0/MIV_PLIC_0/apb_interface_0/TARGET_PRDATA[1]:D
  Delay (ns):              0.206
  Slack (ns):              0.132
  Arrival (ns):            2.162
  Required (ns):           2.030
  Operating Conditions: fast_hv_lt

Path 88
  From: MIV_ESS_C0_0/CoreUARTapb_0/uUART/make_RX/rx_shift[5]:CLK
  To:   MIV_ESS_C0_0/CoreUARTapb_0/uUART/make_RX/rx_shift[4]:D
  Delay (ns):              0.206
  Slack (ns):              0.132
  Arrival (ns):            2.179
  Required (ns):           2.047
  Operating Conditions: fast_hv_lt

Path 89
  From: MIV_RV32_CFG1_C0_0/MIV_RV32_CFG1_C0_0/u_ipcore_0/u_hart_0/u_expipe_0/u_exu_0/div_divisor[30]:CLK
  To:   MIV_RV32_CFG1_C0_0/MIV_RV32_CFG1_C0_0/u_ipcore_0/u_hart_0/u_expipe_0/u_exu_0/div_divisor[29]:D
  Delay (ns):              0.210
  Slack (ns):              0.133
  Arrival (ns):            2.184
  Required (ns):           2.051
  Operating Conditions: fast_hv_lt

Path 90
  From: MIV_RV32_CFG1_C0_0/MIV_RV32_CFG1_C0_0/u_ipcore_0/u_hart_0/u_expipe_0/u_exu_0/div_divisor[18]:CLK
  To:   MIV_RV32_CFG1_C0_0/MIV_RV32_CFG1_C0_0/u_ipcore_0/u_hart_0/u_expipe_0/u_exu_0/div_divisor[17]:D
  Delay (ns):              0.210
  Slack (ns):              0.133
  Arrival (ns):            2.187
  Required (ns):           2.054
  Operating Conditions: fast_hv_lt

Path 91
  From: MIV_RV32_CFG1_C0_0/MIV_RV32_CFG1_C0_0/u_ipcore_0/gen_subsys_debug.u_subsys_debug_unit_0/miv_rv32_debug_du_0/debug_op_wr_data[28]:CLK
  To:   MIV_RV32_CFG1_C0_0/MIV_RV32_CFG1_C0_0/u_ipcore_0/u_hart_0/u_expipe_0/u_exu_0/exu_result_reg_int[28]:D
  Delay (ns):              0.207
  Slack (ns):              0.133
  Arrival (ns):            2.178
  Required (ns):           2.045
  Operating Conditions: fast_hv_lt

Path 92
  From: MIV_RV32_CFG1_C0_0/MIV_RV32_CFG1_C0_0/u_ipcore_0/gen_subsys_debug.u_subsys_debug_unit_0/miv_rv32_debug_du_0/debug_op_wr_data[21]:CLK
  To:   MIV_RV32_CFG1_C0_0/MIV_RV32_CFG1_C0_0/u_ipcore_0/u_hart_0/u_expipe_0/u_exu_0/exu_result_reg_int[21]:D
  Delay (ns):              0.206
  Slack (ns):              0.133
  Arrival (ns):            2.159
  Required (ns):           2.026
  Operating Conditions: fast_hv_lt

Path 93
  From: MIV_ESS_C0_0/CoreGPIO_0/xhdl1.GEN_BITS[3].gpin1[3]:CLK
  To:   MIV_ESS_C0_0/CoreGPIO_0/xhdl1.GEN_BITS[3].gpin2[3]:D
  Delay (ns):              0.207
  Slack (ns):              0.133
  Arrival (ns):            2.171
  Required (ns):           2.038
  Operating Conditions: fast_hv_lt

Path 94
  From: MIV_RV32_CFG1_C0_0/MIV_RV32_CFG1_C0_0/u_ipcore_0/u_hart_0/u_expipe_0/u_exu_0/div_divisor[49]:CLK
  To:   MIV_RV32_CFG1_C0_0/MIV_RV32_CFG1_C0_0/u_ipcore_0/u_hart_0/u_expipe_0/u_exu_0/div_divisor[48]:D
  Delay (ns):              0.208
  Slack (ns):              0.134
  Arrival (ns):            2.188
  Required (ns):           2.054
  Operating Conditions: fast_hv_lt

Path 95
  From: MIV_RV32_CFG1_C0_0/MIV_RV32_CFG1_C0_0/u_ipcore_0/gen_subsys_debug.u_subsys_debug_unit_0/miv_rv32_debug_du_0/debug_op_wr_data[26]:CLK
  To:   MIV_RV32_CFG1_C0_0/MIV_RV32_CFG1_C0_0/u_ipcore_0/u_hart_0/u_expipe_0/u_exu_0/exu_result_reg_int[26]:D
  Delay (ns):              0.208
  Slack (ns):              0.134
  Arrival (ns):            2.179
  Required (ns):           2.045
  Operating Conditions: fast_hv_lt

Path 96
  From: MIV_RV32_CFG1_C0_0/MIV_RV32_CFG1_C0_0/u_ipcore_0/gen_subsys_debug.u_subsys_debug_unit_0/miv_rv32_debug_du_0/command_reg_state[5]:CLK
  To:   MIV_RV32_CFG1_C0_0/MIV_RV32_CFG1_C0_0/u_ipcore_0/gen_subsys_debug.u_subsys_debug_unit_0/miv_rv32_debug_du_0/command_reg_state[0]:D
  Delay (ns):              0.208
  Slack (ns):              0.134
  Arrival (ns):            2.152
  Required (ns):           2.018
  Operating Conditions: fast_hv_lt

Path 97
  From: MIV_RV32_CFG1_C0_0/MIV_RV32_CFG1_C0_0/u_ipcore_0/gen_subsys_debug.u_subsys_debug_unit_0/MIV_subsys_debug_transport_module_jtag_0/gen_shift_register_active_high.gen_shift_register_active_low.shiftDMI[16]:CLK
  To:   MIV_RV32_CFG1_C0_0/MIV_RV32_CFG1_C0_0/u_ipcore_0/gen_subsys_debug.u_subsys_debug_unit_0/MIV_subsys_debug_transport_module_jtag_0/gen_shift_register_active_high.gen_shift_register_active_low.shiftDMI[15]:D
  Delay (ns):              0.209
  Slack (ns):              0.134
  Arrival (ns):            3.405
  Required (ns):           3.271
  Operating Conditions: fast_hv_lt

Path 98
  From: MIV_ESS_C0_0/CoreUARTapb_0/uUART/make_RX/rx_byte[2]:CLK
  To:   MIV_ESS_C0_0/CoreUARTapb_0/iPRDATA[2]:D
  Delay (ns):              0.208
  Slack (ns):              0.134
  Arrival (ns):            2.178
  Required (ns):           2.044
  Operating Conditions: fast_hv_lt

Path 99
  From: MIV_ESS_C0_0/CoreUARTapb_0/uUART/make_TX/xmit_bit_sel[3]:CLK
  To:   MIV_ESS_C0_0/CoreUARTapb_0/uUART/make_TX/xmit_bit_sel[3]:D
  Delay (ns):              0.203
  Slack (ns):              0.135
  Arrival (ns):            2.166
  Required (ns):           2.031
  Operating Conditions: fast_hv_lt

Path 100
  From: MIV_ESS_C0_0/CoreGPIO_0/xhdl1.GEN_BITS[4].APB_32.GPOUT_reg[4]:CLK
  To:   sram_test_module_0/st0:D
  Delay (ns):              0.209
  Slack (ns):              0.135
  Arrival (ns):            2.177
  Required (ns):           2.042
  Operating Conditions: fast_hv_lt

