Timing Violation Report Max Delay Analysis

SmartTime Version 2025.1
Microchip Technology Inc. - Microchip Libero Software Release 2025.1 (Version 2025.1.0.14)
Date: Tue Jan  6 13:39:04 2026


Design: BaseDesign
Family: PolarFireSoC
Die: MPFS095T
Package: FCSG325
Temperature Range: 0 - 100 C
Voltage Range: 0.97 - 1.03 V
Speed Grade: -1
Design State: Post-Layout
Data source: Production
Multi Corner Report Operating Conditions: slow_lv_lt,fast_hv_lt,slow_lv_ht


Path 1
  From: MIV_RV32_CFG1_C0_0/MIV_RV32_CFG1_C0_0/u_ipcore_0/u_hart_0/u_expipe_0/u_exu_0/fast_mul.miv_rv32_mul_0/WideMult_0_0/MACC_PHYS_INST/INST_MACC_IP:CLK
  To:   PF_SRAM_AHB_C0_0/PF_TPSRAM_AHB_AXI_0/PF_SRAM_AHB_C0_PF_TPSRAM_AHB_AXI_0_PF_TPSRAM_R25C0/INST_RAM1K20_IP:A_BLK_EN[2]
  Delay (ns):             11.666
  Slack (ns):              7.547
  Arrival (ns):           15.188
  Required (ns):          22.735
  Operating Conditions: slow_lv_ht

Path 2
  From: MIV_RV32_CFG1_C0_0/MIV_RV32_CFG1_C0_0/u_ipcore_0/u_hart_0/u_expipe_0/u_exu_0/fast_mul.miv_rv32_mul_0/WideMult_0_0/MACC_PHYS_INST/INST_MACC_IP:CLK
  To:   MIV_RV32_CFG1_C0_0/MIV_RV32_CFG1_C0_0/u_ipcore_0/u_hart_0/u_expipe_0/de_ex_pipe_shifter_unit_op_sel_ex[0]:EN
  Delay (ns):             11.967
  Slack (ns):              7.553
  Arrival (ns):           15.489
  Required (ns):          23.042
  Operating Conditions: slow_lv_ht

Path 3
  From: MIV_RV32_CFG1_C0_0/MIV_RV32_CFG1_C0_0/u_ipcore_0/u_hart_0/u_expipe_0/u_exu_0/fast_mul.miv_rv32_mul_0/WideMult_1_0/MACC_PHYS_INST/INST_MACC_IP:CLK
  To:   PF_SRAM_AHB_C0_0/PF_TPSRAM_AHB_AXI_0/PF_SRAM_AHB_C0_PF_TPSRAM_AHB_AXI_0_PF_TPSRAM_R25C0/INST_RAM1K20_IP:A_BLK_EN[2]
  Delay (ns):             11.617
  Slack (ns):              7.596
  Arrival (ns):           15.139
  Required (ns):          22.735
  Operating Conditions: slow_lv_ht

Path 4
  From: MIV_RV32_CFG1_C0_0/MIV_RV32_CFG1_C0_0/u_ipcore_0/u_hart_0/u_expipe_0/u_exu_0/fast_mul.miv_rv32_mul_0/WideMult_1_0/MACC_PHYS_INST/INST_MACC_IP:CLK
  To:   MIV_RV32_CFG1_C0_0/MIV_RV32_CFG1_C0_0/u_ipcore_0/u_hart_0/u_expipe_0/de_ex_pipe_shifter_unit_op_sel_ex[0]:EN
  Delay (ns):             11.918
  Slack (ns):              7.602
  Arrival (ns):           15.440
  Required (ns):          23.042
  Operating Conditions: slow_lv_ht

Path 5
  From: MIV_RV32_CFG1_C0_0/MIV_RV32_CFG1_C0_0/u_ipcore_0/u_hart_0/u_expipe_0/u_exu_0/fast_mul.miv_rv32_mul_0/WideMult_0_0/MACC_PHYS_INST/INST_MACC_IP:CLK
  To:   PF_SRAM_AHB_C0_0/PF_TPSRAM_AHB_AXI_0/PF_SRAM_AHB_C0_PF_TPSRAM_AHB_AXI_0_PF_TPSRAM_R26C0/INST_RAM1K20_IP:A_BLK_EN[2]
  Delay (ns):             11.581
  Slack (ns):              7.641
  Arrival (ns):           15.103
  Required (ns):          22.744
  Operating Conditions: slow_lv_ht

Path 6
  From: MIV_RV32_CFG1_C0_0/MIV_RV32_CFG1_C0_0/u_ipcore_0/u_hart_0/u_expipe_0/u_exu_0/fast_mul.miv_rv32_mul_0/WideMult_0_0/MACC_PHYS_INST/INST_MACC_IP:CLK
  To:   PF_SRAM_AHB_C0_0/PF_TPSRAM_AHB_AXI_0/PF_SRAM_AHB_C0_PF_TPSRAM_AHB_AXI_0_PF_TPSRAM_R48C0/INST_RAM1K20_IP:A_BLK_EN[2]
  Delay (ns):             11.591
  Slack (ns):              7.670
  Arrival (ns):           15.113
  Required (ns):          22.783
  Operating Conditions: slow_lv_ht

Path 7
  From: MIV_RV32_CFG1_C0_0/MIV_RV32_CFG1_C0_0/u_ipcore_0/u_hart_0/u_expipe_0/u_exu_0/fast_mul.miv_rv32_mul_0/WideMult_1_0/MACC_PHYS_INST/INST_MACC_IP:CLK
  To:   PF_SRAM_AHB_C0_0/PF_TPSRAM_AHB_AXI_0/PF_SRAM_AHB_C0_PF_TPSRAM_AHB_AXI_0_PF_TPSRAM_R26C0/INST_RAM1K20_IP:A_BLK_EN[2]
  Delay (ns):             11.532
  Slack (ns):              7.690
  Arrival (ns):           15.054
  Required (ns):          22.744
  Operating Conditions: slow_lv_ht

Path 8
  From: MIV_RV32_CFG1_C0_0/MIV_RV32_CFG1_C0_0/u_ipcore_0/u_hart_0/u_expipe_0/u_exu_0/fast_mul.miv_rv32_mul_0/WideMult_1_0/MACC_PHYS_INST/INST_MACC_IP:CLK
  To:   PF_SRAM_AHB_C0_0/PF_TPSRAM_AHB_AXI_0/PF_SRAM_AHB_C0_PF_TPSRAM_AHB_AXI_0_PF_TPSRAM_R48C0/INST_RAM1K20_IP:A_BLK_EN[2]
  Delay (ns):             11.542
  Slack (ns):              7.719
  Arrival (ns):           15.064
  Required (ns):          22.783
  Operating Conditions: slow_lv_ht

Path 9
  From: MIV_RV32_CFG1_C0_0/MIV_RV32_CFG1_C0_0/u_ipcore_0/u_hart_0/u_expipe_0/u_exu_0/fast_mul.miv_rv32_mul_0/WideMult_0_0/MACC_PHYS_INST/INST_MACC_IP:CLK
  To:   MIV_RV32_CFG1_C0_0/MIV_RV32_CFG1_C0_0/u_ipcore_0/u_hart_0/u_expipe_0/gen_gpr_ex_attbs_rd_ex.gen_debug_gpr_rd_sel_pipeline.de_ex_pipe_gpr_rs2_rd_sel_ex[1]:EN
  Delay (ns):             11.788
  Slack (ns):              7.727
  Arrival (ns):           15.310
  Required (ns):          23.037
  Operating Conditions: slow_lv_ht

Path 10
  From: MIV_RV32_CFG1_C0_0/MIV_RV32_CFG1_C0_0/u_ipcore_0/u_hart_0/u_expipe_0/u_exu_0/fast_mul.miv_rv32_mul_0/WideMult_0_0/MACC_PHYS_INST/INST_MACC_IP:CLK
  To:   MIV_RV32_CFG1_C0_0/MIV_RV32_CFG1_C0_0/u_ipcore_0/u_hart_0/u_expipe_0/gen_gpr_ex_attbs_rd_ex.gen_debug_gpr_rd_sel_pipeline.de_ex_pipe_gpr_rs2_rd_sel_ex[0]:EN
  Delay (ns):             11.788
  Slack (ns):              7.727
  Arrival (ns):           15.310
  Required (ns):          23.037
  Operating Conditions: slow_lv_ht

Path 11
  From: MIV_RV32_CFG1_C0_0/MIV_RV32_CFG1_C0_0/u_ipcore_0/u_hart_0/u_expipe_0/u_exu_0/fast_mul.miv_rv32_mul_0/WideMult_0_0/MACC_PHYS_INST/INST_MACC_IP:CLK
  To:   PF_SRAM_AHB_C0_0/PF_TPSRAM_AHB_AXI_0/PF_SRAM_AHB_C0_PF_TPSRAM_AHB_AXI_0_PF_TPSRAM_R51C0/INST_RAM1K20_IP:A_BLK_EN[2]
  Delay (ns):             11.471
  Slack (ns):              7.737
  Arrival (ns):           14.993
  Required (ns):          22.730
  Operating Conditions: slow_lv_ht

Path 12
  From: MIV_RV32_CFG1_C0_0/MIV_RV32_CFG1_C0_0/u_ipcore_0/u_hart_0/u_expipe_0/u_exu_0/fast_mul.miv_rv32_mul_0/WideMult_0_0/MACC_PHYS_INST/INST_MACC_IP:CLK
  To:   MIV_RV32_CFG1_C0_0/MIV_RV32_CFG1_C0_0/u_ipcore_0/u_hart_0/u_expipe_0/de_ex_pipe_shifter_unit_op_sel_ex[1]:EN
  Delay (ns):             11.776
  Slack (ns):              7.744
  Arrival (ns):           15.298
  Required (ns):          23.042
  Operating Conditions: slow_lv_ht

Path 13
  From: MIV_RV32_CFG1_C0_0/MIV_RV32_CFG1_C0_0/u_ipcore_0/u_hart_0/u_expipe_0/u_exu_0/fast_mul.miv_rv32_mul_0/WideMult_0_0/MACC_PHYS_INST/INST_MACC_IP:CLK
  To:   PF_SRAM_AHB_C0_0/PF_TPSRAM_AHB_AXI_0/PF_SRAM_AHB_C0_PF_TPSRAM_AHB_AXI_0_PF_TPSRAM_R9C0/INST_RAM1K20_IP:A_BLK_EN[2]
  Delay (ns):             11.484
  Slack (ns):              7.753
  Arrival (ns):           15.006
  Required (ns):          22.759
  Operating Conditions: slow_lv_ht

Path 14
  From: MIV_RV32_CFG1_C0_0/MIV_RV32_CFG1_C0_0/u_ipcore_0/u_hart_0/u_expipe_0/u_exu_0/fast_mul.miv_rv32_mul_0/WideMult_0_0/MACC_PHYS_INST/INST_MACC_IP:CLK
  To:   PF_SRAM_AHB_C0_0/PF_TPSRAM_AHB_AXI_0/PF_SRAM_AHB_C0_PF_TPSRAM_AHB_AXI_0_PF_TPSRAM_R50C0/INST_RAM1K20_IP:A_BLK_EN[2]
  Delay (ns):             11.455
  Slack (ns):              7.758
  Arrival (ns):           14.977
  Required (ns):          22.735
  Operating Conditions: slow_lv_ht

Path 15
  From: MIV_RV32_CFG1_C0_0/MIV_RV32_CFG1_C0_0/u_ipcore_0/u_hart_0/u_expipe_0/u_exu_0/fast_mul.miv_rv32_mul_0/WideMult_0_0/MACC_PHYS_INST/INST_MACC_IP:CLK
  To:   PF_SRAM_AHB_C0_0/PF_TPSRAM_AHB_AXI_0/PF_SRAM_AHB_C0_PF_TPSRAM_AHB_AXI_0_PF_TPSRAM_R57C0/INST_RAM1K20_IP:A_BLK_EN[2]
  Delay (ns):             11.503
  Slack (ns):              7.760
  Arrival (ns):           15.025
  Required (ns):          22.785
  Operating Conditions: slow_lv_ht

Path 16
  From: MIV_RV32_CFG1_C0_0/MIV_RV32_CFG1_C0_0/u_ipcore_0/u_hart_0/u_expipe_0/u_exu_0/fast_mul.miv_rv32_mul_0/WideMult_1_0/MACC_PHYS_INST/INST_MACC_IP:CLK
  To:   MIV_RV32_CFG1_C0_0/MIV_RV32_CFG1_C0_0/u_ipcore_0/u_hart_0/u_expipe_0/gen_gpr_ex_attbs_rd_ex.gen_debug_gpr_rd_sel_pipeline.de_ex_pipe_gpr_rs2_rd_sel_ex[1]:EN
  Delay (ns):             11.739
  Slack (ns):              7.776
  Arrival (ns):           15.261
  Required (ns):          23.037
  Operating Conditions: slow_lv_ht

Path 17
  From: MIV_RV32_CFG1_C0_0/MIV_RV32_CFG1_C0_0/u_ipcore_0/u_hart_0/u_expipe_0/u_exu_0/fast_mul.miv_rv32_mul_0/WideMult_1_0/MACC_PHYS_INST/INST_MACC_IP:CLK
  To:   MIV_RV32_CFG1_C0_0/MIV_RV32_CFG1_C0_0/u_ipcore_0/u_hart_0/u_expipe_0/gen_gpr_ex_attbs_rd_ex.gen_debug_gpr_rd_sel_pipeline.de_ex_pipe_gpr_rs2_rd_sel_ex[0]:EN
  Delay (ns):             11.739
  Slack (ns):              7.776
  Arrival (ns):           15.261
  Required (ns):          23.037
  Operating Conditions: slow_lv_ht

Path 18
  From: MIV_RV32_CFG1_C0_0/MIV_RV32_CFG1_C0_0/u_ipcore_0/u_hart_0/u_expipe_0/u_exu_0/fast_mul.miv_rv32_mul_0/WideMult_0_0/MACC_PHYS_INST/INST_MACC_IP:CLK
  To:   PF_SRAM_AHB_C0_0/PF_TPSRAM_AHB_AXI_0/PF_SRAM_AHB_C0_PF_TPSRAM_AHB_AXI_0_PF_TPSRAM_R26C0/INST_RAM1K20_IP:B_BLK_EN[2]
  Delay (ns):             11.558
  Slack (ns):              7.785
  Arrival (ns):           15.080
  Required (ns):          22.865
  Operating Conditions: slow_lv_ht

Path 19
  From: MIV_RV32_CFG1_C0_0/MIV_RV32_CFG1_C0_0/u_ipcore_0/u_hart_0/u_expipe_0/u_exu_0/fast_mul.miv_rv32_mul_0/WideMult_1_0/MACC_PHYS_INST/INST_MACC_IP:CLK
  To:   PF_SRAM_AHB_C0_0/PF_TPSRAM_AHB_AXI_0/PF_SRAM_AHB_C0_PF_TPSRAM_AHB_AXI_0_PF_TPSRAM_R51C0/INST_RAM1K20_IP:A_BLK_EN[2]
  Delay (ns):             11.422
  Slack (ns):              7.786
  Arrival (ns):           14.944
  Required (ns):          22.730
  Operating Conditions: slow_lv_ht

Path 20
  From: MIV_RV32_CFG1_C0_0/MIV_RV32_CFG1_C0_0/u_ipcore_0/u_hart_0/u_expipe_0/u_exu_0/fast_mul.miv_rv32_mul_0/WideMult_1_0/MACC_PHYS_INST/INST_MACC_IP:CLK
  To:   MIV_RV32_CFG1_C0_0/MIV_RV32_CFG1_C0_0/u_ipcore_0/u_hart_0/u_expipe_0/de_ex_pipe_shifter_unit_op_sel_ex[1]:EN
  Delay (ns):             11.727
  Slack (ns):              7.793
  Arrival (ns):           15.249
  Required (ns):          23.042
  Operating Conditions: slow_lv_ht

Path 21
  From: MIV_RV32_CFG1_C0_0/MIV_RV32_CFG1_C0_0/u_ipcore_0/u_hart_0/u_expipe_0/u_exu_0/fast_mul.miv_rv32_mul_0/WideMult_1_0/MACC_PHYS_INST/INST_MACC_IP:CLK
  To:   PF_SRAM_AHB_C0_0/PF_TPSRAM_AHB_AXI_0/PF_SRAM_AHB_C0_PF_TPSRAM_AHB_AXI_0_PF_TPSRAM_R9C0/INST_RAM1K20_IP:A_BLK_EN[2]
  Delay (ns):             11.435
  Slack (ns):              7.802
  Arrival (ns):           14.957
  Required (ns):          22.759
  Operating Conditions: slow_lv_ht

Path 22
  From: MIV_RV32_CFG1_C0_0/MIV_RV32_CFG1_C0_0/u_ipcore_0/u_hart_0/u_expipe_0/u_exu_0/fast_mul.miv_rv32_mul_0/WideMult_1_0/MACC_PHYS_INST/INST_MACC_IP:CLK
  To:   PF_SRAM_AHB_C0_0/PF_TPSRAM_AHB_AXI_0/PF_SRAM_AHB_C0_PF_TPSRAM_AHB_AXI_0_PF_TPSRAM_R50C0/INST_RAM1K20_IP:A_BLK_EN[2]
  Delay (ns):             11.406
  Slack (ns):              7.807
  Arrival (ns):           14.928
  Required (ns):          22.735
  Operating Conditions: slow_lv_ht

Path 23
  From: MIV_RV32_CFG1_C0_0/MIV_RV32_CFG1_C0_0/u_ipcore_0/u_hart_0/u_expipe_0/u_exu_0/fast_mul.miv_rv32_mul_0/WideMult_0_0/MACC_PHYS_INST/INST_MACC_IP:CLK
  To:   PF_SRAM_AHB_C0_0/PF_TPSRAM_AHB_AXI_0/PF_SRAM_AHB_C0_PF_TPSRAM_AHB_AXI_0_PF_TPSRAM_R24C0/INST_RAM1K20_IP:A_BLK_EN[2]
  Delay (ns):             11.404
  Slack (ns):              7.808
  Arrival (ns):           14.926
  Required (ns):          22.734
  Operating Conditions: slow_lv_ht

Path 24
  From: MIV_RV32_CFG1_C0_0/MIV_RV32_CFG1_C0_0/u_ipcore_0/u_hart_0/u_expipe_0/u_exu_0/fast_mul.miv_rv32_mul_0/WideMult_1_0/MACC_PHYS_INST/INST_MACC_IP:CLK
  To:   PF_SRAM_AHB_C0_0/PF_TPSRAM_AHB_AXI_0/PF_SRAM_AHB_C0_PF_TPSRAM_AHB_AXI_0_PF_TPSRAM_R57C0/INST_RAM1K20_IP:A_BLK_EN[2]
  Delay (ns):             11.454
  Slack (ns):              7.809
  Arrival (ns):           14.976
  Required (ns):          22.785
  Operating Conditions: slow_lv_ht

Path 25
  From: MIV_RV32_CFG1_C0_0/MIV_RV32_CFG1_C0_0/u_ipcore_0/u_hart_0/u_expipe_0/u_exu_0/fast_mul.miv_rv32_mul_0/WideMult_0_0/MACC_PHYS_INST/INST_MACC_IP:CLK
  To:   PF_SRAM_AHB_C0_0/PF_TPSRAM_AHB_AXI_0/PF_SRAM_AHB_C0_PF_TPSRAM_AHB_AXI_0_PF_TPSRAM_R19C0/INST_RAM1K20_IP:A_BLK_EN[2]
  Delay (ns):             11.402
  Slack (ns):              7.824
  Arrival (ns):           14.924
  Required (ns):          22.748
  Operating Conditions: slow_lv_ht

Path 26
  From: MIV_RV32_CFG1_C0_0/MIV_RV32_CFG1_C0_0/u_ipcore_0/u_hart_0/u_expipe_0/u_exu_0/fast_mul.miv_rv32_mul_0/WideMult_0_0/MACC_PHYS_INST/INST_MACC_IP:CLK
  To:   PF_SRAM_AHB_C0_0/PF_TPSRAM_AHB_AXI_0/PF_SRAM_AHB_C0_PF_TPSRAM_AHB_AXI_0_PF_TPSRAM_R49C0/INST_RAM1K20_IP:A_BLK_EN[2]
  Delay (ns):             11.438
  Slack (ns):              7.826
  Arrival (ns):           14.960
  Required (ns):          22.786
  Operating Conditions: slow_lv_ht

Path 27
  From: MIV_RV32_CFG1_C0_0/MIV_RV32_CFG1_C0_0/u_ipcore_0/u_hart_0/u_expipe_0/u_exu_0/fast_mul.miv_rv32_mul_0/WideMult_1_0/MACC_PHYS_INST/INST_MACC_IP:CLK
  To:   PF_SRAM_AHB_C0_0/PF_TPSRAM_AHB_AXI_0/PF_SRAM_AHB_C0_PF_TPSRAM_AHB_AXI_0_PF_TPSRAM_R26C0/INST_RAM1K20_IP:B_BLK_EN[2]
  Delay (ns):             11.509
  Slack (ns):              7.834
  Arrival (ns):           15.031
  Required (ns):          22.865
  Operating Conditions: slow_lv_ht

Path 28
  From: MIV_RV32_CFG1_C0_0/MIV_RV32_CFG1_C0_0/u_ipcore_0/u_hart_0/u_expipe_0/u_exu_0/fast_mul.miv_rv32_mul_0/WideMult_0_0/MACC_PHYS_INST/INST_MACC_IP:CLK
  To:   PF_SRAM_AHB_C0_0/PF_TPSRAM_AHB_AXI_0/PF_SRAM_AHB_C0_PF_TPSRAM_AHB_AXI_0_PF_TPSRAM_R11C0/INST_RAM1K20_IP:A_BLK_EN[2]
  Delay (ns):             11.383
  Slack (ns):              7.846
  Arrival (ns):           14.905
  Required (ns):          22.751
  Operating Conditions: slow_lv_ht

Path 29
  From: MIV_RV32_CFG1_C0_0/MIV_RV32_CFG1_C0_0/u_ipcore_0/u_hart_0/u_expipe_0/u_exu_0/fast_mul.miv_rv32_mul_0/WideMult_1_0/MACC_PHYS_INST/INST_MACC_IP:CLK
  To:   PF_SRAM_AHB_C0_0/PF_TPSRAM_AHB_AXI_0/PF_SRAM_AHB_C0_PF_TPSRAM_AHB_AXI_0_PF_TPSRAM_R24C0/INST_RAM1K20_IP:A_BLK_EN[2]
  Delay (ns):             11.355
  Slack (ns):              7.857
  Arrival (ns):           14.877
  Required (ns):          22.734
  Operating Conditions: slow_lv_ht

Path 30
  From: MIV_RV32_CFG1_C0_0/MIV_RV32_CFG1_C0_0/u_ipcore_0/u_hart_0/u_expipe_0/u_exu_0/fast_mul.miv_rv32_mul_0/WideMult_0_0/MACC_PHYS_INST/INST_MACC_IP:CLK
  To:   PF_SRAM_AHB_C0_0/PF_TPSRAM_AHB_AXI_0/PF_SRAM_AHB_C0_PF_TPSRAM_AHB_AXI_0_PF_TPSRAM_R17C0/INST_RAM1K20_IP:A_BLK_EN[2]
  Delay (ns):             11.351
  Slack (ns):              7.866
  Arrival (ns):           14.873
  Required (ns):          22.739
  Operating Conditions: slow_lv_ht

Path 31
  From: MIV_RV32_CFG1_C0_0/MIV_RV32_CFG1_C0_0/u_ipcore_0/u_hart_0/u_expipe_0/u_exu_0/fast_mul.miv_rv32_mul_0/WideMult_0_0/MACC_PHYS_INST/INST_MACC_IP:CLK
  To:   PF_SRAM_AHB_C0_0/PF_TPSRAM_AHB_AXI_0/PF_SRAM_AHB_C0_PF_TPSRAM_AHB_AXI_0_PF_TPSRAM_R25C0/INST_RAM1K20_IP:B_BLK_EN[2]
  Delay (ns):             11.463
  Slack (ns):              7.870
  Arrival (ns):           14.985
  Required (ns):          22.855
  Operating Conditions: slow_lv_ht

Path 32
  From: MIV_RV32_CFG1_C0_0/MIV_RV32_CFG1_C0_0/u_ipcore_0/u_hart_0/u_expipe_0/u_exu_0/fast_mul.miv_rv32_mul_0/WideMult_1_0/MACC_PHYS_INST/INST_MACC_IP:CLK
  To:   PF_SRAM_AHB_C0_0/PF_TPSRAM_AHB_AXI_0/PF_SRAM_AHB_C0_PF_TPSRAM_AHB_AXI_0_PF_TPSRAM_R19C0/INST_RAM1K20_IP:A_BLK_EN[2]
  Delay (ns):             11.353
  Slack (ns):              7.873
  Arrival (ns):           14.875
  Required (ns):          22.748
  Operating Conditions: slow_lv_ht

Path 33
  From: MIV_RV32_CFG1_C0_0/MIV_RV32_CFG1_C0_0/u_ipcore_0/u_hart_0/u_expipe_0/u_exu_0/fast_mul.miv_rv32_mul_0/WideMult_0_0/MACC_PHYS_INST/INST_MACC_IP:CLK
  To:   PF_SRAM_AHB_C0_0/PF_TPSRAM_AHB_AXI_0/PF_SRAM_AHB_C0_PF_TPSRAM_AHB_AXI_0_PF_TPSRAM_R18C0/INST_RAM1K20_IP:A_BLK_EN[2]
  Delay (ns):             11.334
  Slack (ns):              7.874
  Arrival (ns):           14.856
  Required (ns):          22.730
  Operating Conditions: slow_lv_ht

Path 34
  From: MIV_RV32_CFG1_C0_0/MIV_RV32_CFG1_C0_0/u_ipcore_0/u_hart_0/u_expipe_0/u_exu_0/fast_mul.miv_rv32_mul_0/WideMult_1_0/MACC_PHYS_INST/INST_MACC_IP:CLK
  To:   PF_SRAM_AHB_C0_0/PF_TPSRAM_AHB_AXI_0/PF_SRAM_AHB_C0_PF_TPSRAM_AHB_AXI_0_PF_TPSRAM_R49C0/INST_RAM1K20_IP:A_BLK_EN[2]
  Delay (ns):             11.389
  Slack (ns):              7.875
  Arrival (ns):           14.911
  Required (ns):          22.786
  Operating Conditions: slow_lv_ht

Path 35
  From: MIV_RV32_CFG1_C0_0/MIV_RV32_CFG1_C0_0/u_ipcore_0/u_hart_0/u_expipe_0/u_exu_0/fast_mul.miv_rv32_mul_0/WideMult_1_0/MACC_PHYS_INST/INST_MACC_IP:CLK
  To:   PF_SRAM_AHB_C0_0/PF_TPSRAM_AHB_AXI_0/PF_SRAM_AHB_C0_PF_TPSRAM_AHB_AXI_0_PF_TPSRAM_R11C0/INST_RAM1K20_IP:A_BLK_EN[2]
  Delay (ns):             11.334
  Slack (ns):              7.895
  Arrival (ns):           14.856
  Required (ns):          22.751
  Operating Conditions: slow_lv_ht

Path 36
  From: MIV_RV32_CFG1_C0_0/MIV_RV32_CFG1_C0_0/u_ipcore_0/u_hart_0/u_expipe_0/u_exu_0/fast_mul.miv_rv32_mul_0/WideMult_0_0/MACC_PHYS_INST/INST_MACC_IP:CLK
  To:   PF_SRAM_AHB_C0_0/PF_TPSRAM_AHB_AXI_0/PF_SRAM_AHB_C0_PF_TPSRAM_AHB_AXI_0_PF_TPSRAM_R56C0/INST_RAM1K20_IP:A_BLK_EN[2]
  Delay (ns):             11.343
  Slack (ns):              7.907
  Arrival (ns):           14.865
  Required (ns):          22.772
  Operating Conditions: slow_lv_ht

Path 37
  From: MIV_RV32_CFG1_C0_0/MIV_RV32_CFG1_C0_0/u_ipcore_0/u_hart_0/u_expipe_0/u_exu_0/fast_mul.miv_rv32_mul_0/WideMult_0_0/MACC_PHYS_INST/INST_MACC_IP:CLK
  To:   PF_SRAM_AHB_C0_0/PF_TPSRAM_AHB_AXI_0/PF_SRAM_AHB_C0_PF_TPSRAM_AHB_AXI_0_PF_TPSRAM_R59C0/INST_RAM1K20_IP:A_BLK_EN[2]
  Delay (ns):             11.299
  Slack (ns):              7.913
  Arrival (ns):           14.821
  Required (ns):          22.734
  Operating Conditions: slow_lv_ht

Path 38
  From: MIV_RV32_CFG1_C0_0/MIV_RV32_CFG1_C0_0/u_ipcore_0/u_hart_0/u_expipe_0/u_exu_0/fast_mul.miv_rv32_mul_0/WideMult_1_0/MACC_PHYS_INST/INST_MACC_IP:CLK
  To:   PF_SRAM_AHB_C0_0/PF_TPSRAM_AHB_AXI_0/PF_SRAM_AHB_C0_PF_TPSRAM_AHB_AXI_0_PF_TPSRAM_R17C0/INST_RAM1K20_IP:A_BLK_EN[2]
  Delay (ns):             11.302
  Slack (ns):              7.915
  Arrival (ns):           14.824
  Required (ns):          22.739
  Operating Conditions: slow_lv_ht

Path 39
  From: MIV_RV32_CFG1_C0_0/MIV_RV32_CFG1_C0_0/u_ipcore_0/u_hart_0/u_expipe_0/u_exu_0/fast_mul.miv_rv32_mul_0/WideMult_1_0/MACC_PHYS_INST/INST_MACC_IP:CLK
  To:   PF_SRAM_AHB_C0_0/PF_TPSRAM_AHB_AXI_0/PF_SRAM_AHB_C0_PF_TPSRAM_AHB_AXI_0_PF_TPSRAM_R25C0/INST_RAM1K20_IP:B_BLK_EN[2]
  Delay (ns):             11.414
  Slack (ns):              7.919
  Arrival (ns):           14.936
  Required (ns):          22.855
  Operating Conditions: slow_lv_ht

Path 40
  From: MIV_RV32_CFG1_C0_0/MIV_RV32_CFG1_C0_0/u_ipcore_0/u_hart_0/u_expipe_0/u_exu_0/fast_mul.miv_rv32_mul_0/WideMult_1_0/MACC_PHYS_INST/INST_MACC_IP:CLK
  To:   PF_SRAM_AHB_C0_0/PF_TPSRAM_AHB_AXI_0/PF_SRAM_AHB_C0_PF_TPSRAM_AHB_AXI_0_PF_TPSRAM_R18C0/INST_RAM1K20_IP:A_BLK_EN[2]
  Delay (ns):             11.285
  Slack (ns):              7.923
  Arrival (ns):           14.807
  Required (ns):          22.730
  Operating Conditions: slow_lv_ht

Path 41
  From: MIV_RV32_CFG1_C0_0/MIV_RV32_CFG1_C0_0/u_ipcore_0/u_hart_0/u_expipe_0/u_exu_0/fast_mul.miv_rv32_mul_0/WideMult_0_0/MACC_PHYS_INST/INST_MACC_IP:CLK
  To:   PF_SRAM_AHB_C0_0/PF_TPSRAM_AHB_AXI_0/PF_SRAM_AHB_C0_PF_TPSRAM_AHB_AXI_0_PF_TPSRAM_R58C0/INST_RAM1K20_IP:A_BLK_EN[2]
  Delay (ns):             11.319
  Slack (ns):              7.943
  Arrival (ns):           14.841
  Required (ns):          22.784
  Operating Conditions: slow_lv_ht

Path 42
  From: MIV_RV32_CFG1_C0_0/MIV_RV32_CFG1_C0_0/u_ipcore_0/u_hart_0/u_expipe_0/u_exu_0/fast_mul.miv_rv32_mul_0/WideMult_0_0/MACC_PHYS_INST/INST_MACC_IP:CLK
  To:   PF_SRAM_AHB_C0_0/PF_TPSRAM_AHB_AXI_0/PF_SRAM_AHB_C0_PF_TPSRAM_AHB_AXI_0_PF_TPSRAM_R50C0/INST_RAM1K20_IP:B_BLK_EN[2]
  Delay (ns):             11.385
  Slack (ns):              7.949
  Arrival (ns):           14.907
  Required (ns):          22.856
  Operating Conditions: slow_lv_ht

Path 43
  From: MIV_RV32_CFG1_C0_0/MIV_RV32_CFG1_C0_0/u_ipcore_0/u_hart_0/u_expipe_0/u_exu_0/fast_mul.miv_rv32_mul_0/WideMult_0_0/MACC_PHYS_INST/INST_MACC_IP:CLK
  To:   PF_SRAM_AHB_C0_0/PF_TPSRAM_AHB_AXI_0/PF_SRAM_AHB_C0_PF_TPSRAM_AHB_AXI_0_PF_TPSRAM_R18C0/INST_RAM1K20_IP:B_BLK_EN[2]
  Delay (ns):             11.380
  Slack (ns):              7.949
  Arrival (ns):           14.902
  Required (ns):          22.851
  Operating Conditions: slow_lv_ht

Path 44
  From: MIV_RV32_CFG1_C0_0/MIV_RV32_CFG1_C0_0/u_ipcore_0/u_hart_0/u_expipe_0/u_exu_0/fast_mul.miv_rv32_mul_0/WideMult_1_0/MACC_PHYS_INST/INST_MACC_IP:CLK
  To:   PF_SRAM_AHB_C0_0/PF_TPSRAM_AHB_AXI_0/PF_SRAM_AHB_C0_PF_TPSRAM_AHB_AXI_0_PF_TPSRAM_R56C0/INST_RAM1K20_IP:A_BLK_EN[2]
  Delay (ns):             11.294
  Slack (ns):              7.956
  Arrival (ns):           14.816
  Required (ns):          22.772
  Operating Conditions: slow_lv_ht

Path 45
  From: MIV_RV32_CFG1_C0_0/MIV_RV32_CFG1_C0_0/u_ipcore_0/u_hart_0/u_expipe_0/u_exu_0/fast_mul.miv_rv32_mul_0/WideMult_0_0/MACC_PHYS_INST/INST_MACC_IP:CLK
  To:   PF_SRAM_AHB_C0_0/PF_TPSRAM_AHB_AXI_0/PF_SRAM_AHB_C0_PF_TPSRAM_AHB_AXI_0_PF_TPSRAM_R37C0/INST_RAM1K20_IP:A_BLK_EN[2]
  Delay (ns):             11.253
  Slack (ns):              7.959
  Arrival (ns):           14.775
  Required (ns):          22.734
  Operating Conditions: slow_lv_ht

Path 46
  From: MIV_RV32_CFG1_C0_0/MIV_RV32_CFG1_C0_0/u_ipcore_0/u_hart_0/u_expipe_0/u_exu_0/fast_mul.miv_rv32_mul_0/WideMult_1_0/MACC_PHYS_INST/INST_MACC_IP:CLK
  To:   PF_SRAM_AHB_C0_0/PF_TPSRAM_AHB_AXI_0/PF_SRAM_AHB_C0_PF_TPSRAM_AHB_AXI_0_PF_TPSRAM_R59C0/INST_RAM1K20_IP:A_BLK_EN[2]
  Delay (ns):             11.250
  Slack (ns):              7.962
  Arrival (ns):           14.772
  Required (ns):          22.734
  Operating Conditions: slow_lv_ht

Path 47
  From: MIV_RV32_CFG1_C0_0/MIV_RV32_CFG1_C0_0/u_ipcore_0/u_hart_0/u_expipe_0/u_exu_0/fast_mul.miv_rv32_mul_0/WideMult_0_0/MACC_PHYS_INST/INST_MACC_IP:CLK
  To:   PF_SRAM_AHB_C0_0/PF_TPSRAM_AHB_AXI_0/PF_SRAM_AHB_C0_PF_TPSRAM_AHB_AXI_0_PF_TPSRAM_R49C0/INST_RAM1K20_IP:B_BLK_EN[2]
  Delay (ns):             11.413
  Slack (ns):              7.972
  Arrival (ns):           14.935
  Required (ns):          22.907
  Operating Conditions: slow_lv_ht

Path 48
  From: MIV_RV32_CFG1_C0_0/MIV_RV32_CFG1_C0_0/u_ipcore_0/u_hart_0/u_expipe_0/u_exu_0/fast_mul.miv_rv32_mul_0/WideMult_0_0/MACC_PHYS_INST/INST_MACC_IP:CLK
  To:   PF_SRAM_AHB_C0_0/PF_TPSRAM_AHB_AXI_0/PF_SRAM_AHB_C0_PF_TPSRAM_AHB_AXI_0_PF_TPSRAM_R17C0/INST_RAM1K20_IP:B_BLK_EN[2]
  Delay (ns):             11.362
  Slack (ns):              7.976
  Arrival (ns):           14.884
  Required (ns):          22.860
  Operating Conditions: slow_lv_ht

Path 49
  From: MIV_RV32_CFG1_C0_0/MIV_RV32_CFG1_C0_0/u_ipcore_0/u_hart_0/u_expipe_0/u_exu_0/fast_mul.miv_rv32_mul_0/WideMult_0_0/MACC_PHYS_INST/INST_MACC_IP:CLK
  To:   PF_SRAM_AHB_C0_0/PF_TPSRAM_AHB_AXI_0/PF_SRAM_AHB_C0_PF_TPSRAM_AHB_AXI_0_PF_TPSRAM_R16C0/INST_RAM1K20_IP:A_BLK_EN[2]
  Delay (ns):             11.238
  Slack (ns):              7.978
  Arrival (ns):           14.760
  Required (ns):          22.738
  Operating Conditions: slow_lv_ht

Path 50
  From: MIV_RV32_CFG1_C0_0/MIV_RV32_CFG1_C0_0/u_ipcore_0/u_hart_0/u_expipe_0/u_exu_0/fast_mul.miv_rv32_mul_0/WideMult_0_0/MACC_PHYS_INST/INST_MACC_IP:CLK
  To:   PF_SRAM_AHB_C0_0/PF_TPSRAM_AHB_AXI_0/PF_SRAM_AHB_C0_PF_TPSRAM_AHB_AXI_0_PF_TPSRAM_R8C0/INST_RAM1K20_IP:A_BLK_EN[2]
  Delay (ns):             11.247
  Slack (ns):              7.983
  Arrival (ns):           14.769
  Required (ns):          22.752
  Operating Conditions: slow_lv_ht

Path 51
  From: MIV_RV32_CFG1_C0_0/MIV_RV32_CFG1_C0_0/u_ipcore_0/u_hart_0/u_expipe_0/u_exu_0/fast_mul.miv_rv32_mul_0/WideMult_0_0/MACC_PHYS_INST/INST_MACC_IP:CLK
  To:   MIV_RV32_CFG1_C0_0/MIV_RV32_CFG1_C0_0/u_ipcore_0/u_hart_0/u_expipe_0/de_ex_pipe_curr_instr_enc_ex[31]:EN
  Delay (ns):             11.591
  Slack (ns):              7.985
  Arrival (ns):           15.113
  Required (ns):          23.098
  Operating Conditions: slow_lv_ht

Path 52
  From: MIV_RV32_CFG1_C0_0/MIV_RV32_CFG1_C0_0/u_ipcore_0/u_hart_0/u_expipe_0/u_exu_0/fast_mul.miv_rv32_mul_0/WideMult_0_0/MACC_PHYS_INST/INST_MACC_IP:CLK
  To:   PF_SRAM_AHB_C0_0/PF_TPSRAM_AHB_AXI_0/PF_SRAM_AHB_C0_PF_TPSRAM_AHB_AXI_0_PF_TPSRAM_R19C0/INST_RAM1K20_IP:B_BLK_EN[2]
  Delay (ns):             11.360
  Slack (ns):              7.988
  Arrival (ns):           14.882
  Required (ns):          22.870
  Operating Conditions: slow_lv_ht

Path 53
  From: MIV_RV32_CFG1_C0_0/MIV_RV32_CFG1_C0_0/u_ipcore_0/u_hart_0/u_expipe_0/u_exu_0/fast_mul.miv_rv32_mul_0/WideMult_1_0/MACC_PHYS_INST/INST_MACC_IP:CLK
  To:   PF_SRAM_AHB_C0_0/PF_TPSRAM_AHB_AXI_0/PF_SRAM_AHB_C0_PF_TPSRAM_AHB_AXI_0_PF_TPSRAM_R58C0/INST_RAM1K20_IP:A_BLK_EN[2]
  Delay (ns):             11.270
  Slack (ns):              7.992
  Arrival (ns):           14.792
  Required (ns):          22.784
  Operating Conditions: slow_lv_ht

Path 54
  From: MIV_RV32_CFG1_C0_0/MIV_RV32_CFG1_C0_0/u_ipcore_0/u_hart_0/u_expipe_0/u_exu_0/fast_mul.miv_rv32_mul_0/WideMult_1_0/MACC_PHYS_INST/INST_MACC_IP:CLK
  To:   PF_SRAM_AHB_C0_0/PF_TPSRAM_AHB_AXI_0/PF_SRAM_AHB_C0_PF_TPSRAM_AHB_AXI_0_PF_TPSRAM_R50C0/INST_RAM1K20_IP:B_BLK_EN[2]
  Delay (ns):             11.336
  Slack (ns):              7.998
  Arrival (ns):           14.858
  Required (ns):          22.856
  Operating Conditions: slow_lv_ht

Path 55
  From: MIV_RV32_CFG1_C0_0/MIV_RV32_CFG1_C0_0/u_ipcore_0/u_hart_0/u_expipe_0/u_exu_0/fast_mul.miv_rv32_mul_0/WideMult_1_0/MACC_PHYS_INST/INST_MACC_IP:CLK
  To:   PF_SRAM_AHB_C0_0/PF_TPSRAM_AHB_AXI_0/PF_SRAM_AHB_C0_PF_TPSRAM_AHB_AXI_0_PF_TPSRAM_R18C0/INST_RAM1K20_IP:B_BLK_EN[2]
  Delay (ns):             11.331
  Slack (ns):              7.998
  Arrival (ns):           14.853
  Required (ns):          22.851
  Operating Conditions: slow_lv_ht

Path 56
  From: MIV_RV32_CFG1_C0_0/MIV_RV32_CFG1_C0_0/u_ipcore_0/u_hart_0/u_expipe_0/u_exu_0/fast_mul.miv_rv32_mul_0/WideMult_1_0/MACC_PHYS_INST/INST_MACC_IP:CLK
  To:   PF_SRAM_AHB_C0_0/PF_TPSRAM_AHB_AXI_0/PF_SRAM_AHB_C0_PF_TPSRAM_AHB_AXI_0_PF_TPSRAM_R37C0/INST_RAM1K20_IP:A_BLK_EN[2]
  Delay (ns):             11.204
  Slack (ns):              8.008
  Arrival (ns):           14.726
  Required (ns):          22.734
  Operating Conditions: slow_lv_ht

Path 57
  From: MIV_RV32_CFG1_C0_0/MIV_RV32_CFG1_C0_0/u_ipcore_0/u_hart_0/u_expipe_0/u_exu_0/fast_mul.miv_rv32_mul_0/WideMult_0_0/MACC_PHYS_INST/INST_MACC_IP:CLK
  To:   MIV_RV32_CFG1_C0_0/MIV_RV32_CFG1_C0_0/u_ipcore_0/u_hart_0/u_expipe_0/de_ex_pipe_shifter_unit_op_sel_ex[0]:D
  Delay (ns):             11.645
  Slack (ns):              8.011
  Arrival (ns):           15.167
  Required (ns):          23.178
  Operating Conditions: slow_lv_ht

Path 58
  From: MIV_RV32_CFG1_C0_0/MIV_RV32_CFG1_C0_0/u_ipcore_0/u_hart_0/u_expipe_0/u_exu_0/fast_mul.miv_rv32_mul_0/WideMult_1_0/MACC_PHYS_INST/INST_MACC_IP:CLK
  To:   PF_SRAM_AHB_C0_0/PF_TPSRAM_AHB_AXI_0/PF_SRAM_AHB_C0_PF_TPSRAM_AHB_AXI_0_PF_TPSRAM_R49C0/INST_RAM1K20_IP:B_BLK_EN[2]
  Delay (ns):             11.364
  Slack (ns):              8.021
  Arrival (ns):           14.886
  Required (ns):          22.907
  Operating Conditions: slow_lv_ht

Path 59
  From: MIV_RV32_CFG1_C0_0/MIV_RV32_CFG1_C0_0/u_ipcore_0/u_hart_0/u_expipe_0/u_exu_0/fast_mul.miv_rv32_mul_0/WideMult_0_0/MACC_PHYS_INST/INST_MACC_IP:CLK
  To:   PF_SRAM_AHB_C0_0/PF_TPSRAM_AHB_AXI_0/PF_SRAM_AHB_C0_PF_TPSRAM_AHB_AXI_0_PF_TPSRAM_R47C0/INST_RAM1K20_IP:A_BLK_EN[2]
  Delay (ns):             11.193
  Slack (ns):              8.022
  Arrival (ns):           14.715
  Required (ns):          22.737
  Operating Conditions: slow_lv_ht

Path 60
  From: MIV_RV32_CFG1_C0_0/MIV_RV32_CFG1_C0_0/u_ipcore_0/u_hart_0/u_expipe_0/u_exu_0/fast_mul.miv_rv32_mul_0/WideMult_1_0/MACC_PHYS_INST/INST_MACC_IP:CLK
  To:   PF_SRAM_AHB_C0_0/PF_TPSRAM_AHB_AXI_0/PF_SRAM_AHB_C0_PF_TPSRAM_AHB_AXI_0_PF_TPSRAM_R17C0/INST_RAM1K20_IP:B_BLK_EN[2]
  Delay (ns):             11.313
  Slack (ns):              8.025
  Arrival (ns):           14.835
  Required (ns):          22.860
  Operating Conditions: slow_lv_ht

Path 61
  From: MIV_RV32_CFG1_C0_0/MIV_RV32_CFG1_C0_0/u_ipcore_0/u_hart_0/u_expipe_0/u_exu_0/fast_mul.miv_rv32_mul_0/WideMult_1_0/MACC_PHYS_INST/INST_MACC_IP:CLK
  To:   PF_SRAM_AHB_C0_0/PF_TPSRAM_AHB_AXI_0/PF_SRAM_AHB_C0_PF_TPSRAM_AHB_AXI_0_PF_TPSRAM_R16C0/INST_RAM1K20_IP:A_BLK_EN[2]
  Delay (ns):             11.189
  Slack (ns):              8.027
  Arrival (ns):           14.711
  Required (ns):          22.738
  Operating Conditions: slow_lv_ht

Path 62
  From: MIV_RV32_CFG1_C0_0/MIV_RV32_CFG1_C0_0/u_ipcore_0/u_hart_0/u_expipe_0/u_exu_0/fast_mul.miv_rv32_mul_0/WideMult_1_0/MACC_PHYS_INST/INST_MACC_IP:CLK
  To:   PF_SRAM_AHB_C0_0/PF_TPSRAM_AHB_AXI_0/PF_SRAM_AHB_C0_PF_TPSRAM_AHB_AXI_0_PF_TPSRAM_R8C0/INST_RAM1K20_IP:A_BLK_EN[2]
  Delay (ns):             11.198
  Slack (ns):              8.032
  Arrival (ns):           14.720
  Required (ns):          22.752
  Operating Conditions: slow_lv_ht

Path 63
  From: MIV_RV32_CFG1_C0_0/MIV_RV32_CFG1_C0_0/u_ipcore_0/u_hart_0/u_expipe_0/u_exu_0/fast_mul.miv_rv32_mul_0/WideMult_0_0/MACC_PHYS_INST/INST_MACC_IP:CLK
  To:   PF_SRAM_AHB_C0_0/PF_TPSRAM_AHB_AXI_0/PF_SRAM_AHB_C0_PF_TPSRAM_AHB_AXI_0_PF_TPSRAM_R51C0/INST_RAM1K20_IP:B_BLK_EN[2]
  Delay (ns):             11.296
  Slack (ns):              8.033
  Arrival (ns):           14.818
  Required (ns):          22.851
  Operating Conditions: slow_lv_ht

Path 64
  From: MIV_RV32_CFG1_C0_0/MIV_RV32_CFG1_C0_0/u_ipcore_0/u_hart_0/u_expipe_0/u_exu_0/fast_mul.miv_rv32_mul_0/WideMult_1_0/MACC_PHYS_INST/INST_MACC_IP:CLK
  To:   MIV_RV32_CFG1_C0_0/MIV_RV32_CFG1_C0_0/u_ipcore_0/u_hart_0/u_expipe_0/de_ex_pipe_curr_instr_enc_ex[31]:EN
  Delay (ns):             11.542
  Slack (ns):              8.034
  Arrival (ns):           15.064
  Required (ns):          23.098
  Operating Conditions: slow_lv_ht

Path 65
  From: MIV_RV32_CFG1_C0_0/MIV_RV32_CFG1_C0_0/u_ipcore_0/u_hart_0/u_expipe_0/u_exu_0/fast_mul.miv_rv32_mul_0/WideMult_0_0/MACC_PHYS_INST/INST_MACC_IP:CLK
  To:   MIV_RV32_CFG1_C0_0/MIV_RV32_CFG1_C0_0/u_ipcore_0/u_hart_0/u_expipe_0/de_ex_pipe_curr_instr_enc_ex[8]:EN
  Delay (ns):             11.483
  Slack (ns):              8.035
  Arrival (ns):           15.005
  Required (ns):          23.040
  Operating Conditions: slow_lv_ht

Path 66
  From: MIV_RV32_CFG1_C0_0/MIV_RV32_CFG1_C0_0/u_ipcore_0/u_hart_0/u_expipe_0/u_exu_0/fast_mul.miv_rv32_mul_0/WideMult_1_0/MACC_PHYS_INST/INST_MACC_IP:CLK
  To:   PF_SRAM_AHB_C0_0/PF_TPSRAM_AHB_AXI_0/PF_SRAM_AHB_C0_PF_TPSRAM_AHB_AXI_0_PF_TPSRAM_R19C0/INST_RAM1K20_IP:B_BLK_EN[2]
  Delay (ns):             11.311
  Slack (ns):              8.037
  Arrival (ns):           14.833
  Required (ns):          22.870
  Operating Conditions: slow_lv_ht

Path 67
  From: MIV_RV32_CFG1_C0_0/MIV_RV32_CFG1_C0_0/u_ipcore_0/u_hart_0/u_expipe_0/u_exu_0/fast_mul.miv_rv32_mul_0/WideMult_0_0/MACC_PHYS_INST/INST_MACC_IP:CLK
  To:   MIV_RV32_CFG1_C0_0/MIV_RV32_CFG1_C0_0/u_ipcore_0/u_hart_0/u_expipe_0/gen_debug_gpr_ctrl_pipeline.ex_retr_pipe_gpr_wr_sel_retr[3]:EN
  Delay (ns):             11.499
  Slack (ns):              8.044
  Arrival (ns):           15.021
  Required (ns):          23.065
  Operating Conditions: slow_lv_ht

Path 68
  From: MIV_RV32_CFG1_C0_0/MIV_RV32_CFG1_C0_0/u_ipcore_0/u_hart_0/u_expipe_0/u_exu_0/fast_mul.miv_rv32_mul_0/WideMult_0_0/MACC_PHYS_INST/INST_MACC_IP:CLK
  To:   MIV_RV32_CFG1_C0_0/MIV_RV32_CFG1_C0_0/u_ipcore_0/u_hart_0/u_expipe_0/gen_debug_gpr_ctrl_pipeline.ex_retr_pipe_gpr_wr_sel_retr[2]:EN
  Delay (ns):             11.499
  Slack (ns):              8.044
  Arrival (ns):           15.021
  Required (ns):          23.065
  Operating Conditions: slow_lv_ht

Path 69
  From: MIV_RV32_CFG1_C0_0/MIV_RV32_CFG1_C0_0/u_ipcore_0/u_hart_0/u_expipe_0/u_exu_0/fast_mul.miv_rv32_mul_0/WideMult_0_0/MACC_PHYS_INST/INST_MACC_IP:CLK
  To:   MIV_RV32_CFG1_C0_0/MIV_RV32_CFG1_C0_0/u_ipcore_0/u_hart_0/u_expipe_0/gen_debug_gpr_ctrl_pipeline.ex_retr_pipe_gpr_wr_sel_retr[0]:EN
  Delay (ns):             11.499
  Slack (ns):              8.044
  Arrival (ns):           15.021
  Required (ns):          23.065
  Operating Conditions: slow_lv_ht

Path 70
  From: MIV_RV32_CFG1_C0_0/MIV_RV32_CFG1_C0_0/u_ipcore_0/u_hart_0/u_expipe_0/u_exu_0/fast_mul.miv_rv32_mul_0/WideMult_0_0/MACC_PHYS_INST/INST_MACC_IP:CLK
  To:   MIV_RV32_CFG1_C0_0/MIV_RV32_CFG1_C0_0/u_ipcore_0/u_hart_0/u_expipe_0/gen_debug_gpr_ctrl_pipeline.ex_retr_pipe_gpr_wr_mux_sel_retr[1]:EN
  Delay (ns):             11.499
  Slack (ns):              8.044
  Arrival (ns):           15.021
  Required (ns):          23.065
  Operating Conditions: slow_lv_ht

Path 71
  From: MIV_RV32_CFG1_C0_0/MIV_RV32_CFG1_C0_0/u_ipcore_0/u_hart_0/u_expipe_0/u_exu_0/fast_mul.miv_rv32_mul_0/WideMult_0_0/MACC_PHYS_INST/INST_MACC_IP:CLK
  To:   MIV_RV32_CFG1_C0_0/MIV_RV32_CFG1_C0_0/u_ipcore_0/u_hart_0/u_expipe_0/gen_debug_gpr_ctrl_pipeline.ex_retr_pipe_gpr_wr_sel_retr[5]:EN
  Delay (ns):             11.498
  Slack (ns):              8.045
  Arrival (ns):           15.020
  Required (ns):          23.065
  Operating Conditions: slow_lv_ht

Path 72
  From: MIV_RV32_CFG1_C0_0/MIV_RV32_CFG1_C0_0/u_ipcore_0/u_hart_0/u_expipe_0/u_exu_0/fast_mul.miv_rv32_mul_0/WideMult_0_0/MACC_PHYS_INST/INST_MACC_IP:CLK
  To:   MIV_RV32_CFG1_C0_0/MIV_RV32_CFG1_C0_0/u_ipcore_0/u_hart_0/u_expipe_0/de_ex_pipe_shifter_unit_op_sel_ex[1]:D
  Delay (ns):             11.603
  Slack (ns):              8.053
  Arrival (ns):           15.125
  Required (ns):          23.178
  Operating Conditions: slow_lv_ht

Path 73
  From: MIV_RV32_CFG1_C0_0/MIV_RV32_CFG1_C0_0/u_ipcore_0/u_hart_0/u_expipe_0/u_exu_0/fast_mul.miv_rv32_mul_0/WideMult_0_0/MACC_PHYS_INST/INST_MACC_IP:CLK
  To:   PF_SRAM_AHB_C0_0/PF_TPSRAM_AHB_AXI_0/PF_SRAM_AHB_C0_PF_TPSRAM_AHB_AXI_0_PF_TPSRAM_R10C0/INST_RAM1K20_IP:A_BLK_EN[2]
  Delay (ns):             11.173
  Slack (ns):              8.058
  Arrival (ns):           14.695
  Required (ns):          22.753
  Operating Conditions: slow_lv_ht

Path 74
  From: MIV_RV32_CFG1_C0_0/MIV_RV32_CFG1_C0_0/u_ipcore_0/u_hart_0/u_expipe_0/u_exu_0/fast_mul.miv_rv32_mul_0/WideMult_1_0/MACC_PHYS_INST/INST_MACC_IP:CLK
  To:   MIV_RV32_CFG1_C0_0/MIV_RV32_CFG1_C0_0/u_ipcore_0/u_hart_0/u_expipe_0/de_ex_pipe_shifter_unit_op_sel_ex[0]:D
  Delay (ns):             11.596
  Slack (ns):              8.060
  Arrival (ns):           15.118
  Required (ns):          23.178
  Operating Conditions: slow_lv_ht

Path 75
  From: MIV_RV32_CFG1_C0_0/MIV_RV32_CFG1_C0_0/u_ipcore_0/u_hart_0/u_expipe_0/u_exu_0/fast_mul.miv_rv32_mul_0/WideMult_1_0/MACC_PHYS_INST/INST_MACC_IP:CLK
  To:   PF_SRAM_AHB_C0_0/PF_TPSRAM_AHB_AXI_0/PF_SRAM_AHB_C0_PF_TPSRAM_AHB_AXI_0_PF_TPSRAM_R47C0/INST_RAM1K20_IP:A_BLK_EN[2]
  Delay (ns):             11.144
  Slack (ns):              8.071
  Arrival (ns):           14.666
  Required (ns):          22.737
  Operating Conditions: slow_lv_ht

Path 76
  From: MIV_RV32_CFG1_C0_0/MIV_RV32_CFG1_C0_0/u_ipcore_0/u_hart_0/u_expipe_0/u_exu_0/fast_mul.miv_rv32_mul_0/WideMult_0_0/MACC_PHYS_INST/INST_MACC_IP:CLK
  To:   PF_SRAM_AHB_C0_0/PF_TPSRAM_AHB_AXI_0/PF_SRAM_AHB_C0_PF_TPSRAM_AHB_AXI_0_PF_TPSRAM_R14C0/INST_RAM1K20_IP:A_BLK_EN[2]
  Delay (ns):             11.168
  Slack (ns):              8.076
  Arrival (ns):           14.690
  Required (ns):          22.766
  Operating Conditions: slow_lv_ht

Path 77
  From: MIV_RV32_CFG1_C0_0/MIV_RV32_CFG1_C0_0/u_ipcore_0/u_hart_0/u_expipe_0/u_exu_0/fast_mul.miv_rv32_mul_0/WideMult_0_0/MACC_PHYS_INST/INST_MACC_IP:CLK
  To:   PF_SRAM_AHB_C0_0/PF_TPSRAM_AHB_AXI_0/PF_SRAM_AHB_C0_PF_TPSRAM_AHB_AXI_0_PF_TPSRAM_R59C0/INST_RAM1K20_IP:B_BLK_EN[2]
  Delay (ns):             11.254
  Slack (ns):              8.080
  Arrival (ns):           14.776
  Required (ns):          22.856
  Operating Conditions: slow_lv_ht

Path 78
  From: MIV_RV32_CFG1_C0_0/MIV_RV32_CFG1_C0_0/u_ipcore_0/u_hart_0/u_expipe_0/u_exu_0/fast_mul.miv_rv32_mul_0/WideMult_1_0/MACC_PHYS_INST/INST_MACC_IP:CLK
  To:   PF_SRAM_AHB_C0_0/PF_TPSRAM_AHB_AXI_0/PF_SRAM_AHB_C0_PF_TPSRAM_AHB_AXI_0_PF_TPSRAM_R51C0/INST_RAM1K20_IP:B_BLK_EN[2]
  Delay (ns):             11.247
  Slack (ns):              8.082
  Arrival (ns):           14.769
  Required (ns):          22.851
  Operating Conditions: slow_lv_ht

Path 79
  From: MIV_RV32_CFG1_C0_0/MIV_RV32_CFG1_C0_0/u_ipcore_0/u_hart_0/u_expipe_0/u_exu_0/fast_mul.miv_rv32_mul_0/WideMult_1_0/MACC_PHYS_INST/INST_MACC_IP:CLK
  To:   MIV_RV32_CFG1_C0_0/MIV_RV32_CFG1_C0_0/u_ipcore_0/u_hart_0/u_expipe_0/de_ex_pipe_curr_instr_enc_ex[8]:EN
  Delay (ns):             11.434
  Slack (ns):              8.084
  Arrival (ns):           14.956
  Required (ns):          23.040
  Operating Conditions: slow_lv_ht

Path 80
  From: MIV_RV32_CFG1_C0_0/MIV_RV32_CFG1_C0_0/u_ipcore_0/u_hart_0/u_expipe_0/u_exu_0/fast_mul.miv_rv32_mul_0/WideMult_0_0/MACC_PHYS_INST/INST_MACC_IP:CLK
  To:   PF_SRAM_AHB_C0_0/PF_TPSRAM_AHB_AXI_0/PF_SRAM_AHB_C0_PF_TPSRAM_AHB_AXI_0_PF_TPSRAM_R24C0/INST_RAM1K20_IP:B_BLK_EN[2]
  Delay (ns):             11.243
  Slack (ns):              8.089
  Arrival (ns):           14.765
  Required (ns):          22.854
  Operating Conditions: slow_lv_ht

Path 81
  From: MIV_RV32_CFG1_C0_0/MIV_RV32_CFG1_C0_0/u_ipcore_0/u_hart_0/u_expipe_0/u_exu_0/fast_mul.miv_rv32_mul_0/WideMult_1_0/MACC_PHYS_INST/INST_MACC_IP:CLK
  To:   MIV_RV32_CFG1_C0_0/MIV_RV32_CFG1_C0_0/u_ipcore_0/u_hart_0/u_expipe_0/gen_debug_gpr_ctrl_pipeline.ex_retr_pipe_gpr_wr_sel_retr[3]:EN
  Delay (ns):             11.450
  Slack (ns):              8.093
  Arrival (ns):           14.972
  Required (ns):          23.065
  Operating Conditions: slow_lv_ht

Path 82
  From: MIV_RV32_CFG1_C0_0/MIV_RV32_CFG1_C0_0/u_ipcore_0/u_hart_0/u_expipe_0/u_exu_0/fast_mul.miv_rv32_mul_0/WideMult_1_0/MACC_PHYS_INST/INST_MACC_IP:CLK
  To:   MIV_RV32_CFG1_C0_0/MIV_RV32_CFG1_C0_0/u_ipcore_0/u_hart_0/u_expipe_0/gen_debug_gpr_ctrl_pipeline.ex_retr_pipe_gpr_wr_sel_retr[2]:EN
  Delay (ns):             11.450
  Slack (ns):              8.093
  Arrival (ns):           14.972
  Required (ns):          23.065
  Operating Conditions: slow_lv_ht

Path 83
  From: MIV_RV32_CFG1_C0_0/MIV_RV32_CFG1_C0_0/u_ipcore_0/u_hart_0/u_expipe_0/u_exu_0/fast_mul.miv_rv32_mul_0/WideMult_1_0/MACC_PHYS_INST/INST_MACC_IP:CLK
  To:   MIV_RV32_CFG1_C0_0/MIV_RV32_CFG1_C0_0/u_ipcore_0/u_hart_0/u_expipe_0/gen_debug_gpr_ctrl_pipeline.ex_retr_pipe_gpr_wr_sel_retr[0]:EN
  Delay (ns):             11.450
  Slack (ns):              8.093
  Arrival (ns):           14.972
  Required (ns):          23.065
  Operating Conditions: slow_lv_ht

Path 84
  From: MIV_RV32_CFG1_C0_0/MIV_RV32_CFG1_C0_0/u_ipcore_0/u_hart_0/u_expipe_0/u_exu_0/fast_mul.miv_rv32_mul_0/WideMult_1_0/MACC_PHYS_INST/INST_MACC_IP:CLK
  To:   MIV_RV32_CFG1_C0_0/MIV_RV32_CFG1_C0_0/u_ipcore_0/u_hart_0/u_expipe_0/gen_debug_gpr_ctrl_pipeline.ex_retr_pipe_gpr_wr_mux_sel_retr[1]:EN
  Delay (ns):             11.450
  Slack (ns):              8.093
  Arrival (ns):           14.972
  Required (ns):          23.065
  Operating Conditions: slow_lv_ht

Path 85
  From: MIV_RV32_CFG1_C0_0/MIV_RV32_CFG1_C0_0/u_ipcore_0/u_hart_0/u_expipe_0/u_exu_0/fast_mul.miv_rv32_mul_0/WideMult_0_0/MACC_PHYS_INST/INST_MACC_IP:CLK
  To:   PF_SRAM_AHB_C0_0/PF_TPSRAM_AHB_AXI_0/PF_SRAM_AHB_C0_PF_TPSRAM_AHB_AXI_0_PF_TPSRAM_R55C0/INST_RAM1K20_IP:A_BLK_EN[2]
  Delay (ns):             11.173
  Slack (ns):              8.093
  Arrival (ns):           14.695
  Required (ns):          22.788
  Operating Conditions: slow_lv_ht

Path 86
  From: MIV_RV32_CFG1_C0_0/MIV_RV32_CFG1_C0_0/u_ipcore_0/u_hart_0/u_expipe_0/u_exu_0/fast_mul.miv_rv32_mul_0/WideMult_0_0/MACC_PHYS_INST/INST_MACC_IP:CLK
  To:   PF_SRAM_AHB_C0_0/PF_TPSRAM_AHB_AXI_0/PF_SRAM_AHB_C0_PF_TPSRAM_AHB_AXI_0_PF_TPSRAM_R36C0/INST_RAM1K20_IP:A_BLK_EN[2]
  Delay (ns):             11.118
  Slack (ns):              8.093
  Arrival (ns):           14.640
  Required (ns):          22.733
  Operating Conditions: slow_lv_ht

Path 87
  From: MIV_RV32_CFG1_C0_0/MIV_RV32_CFG1_C0_0/u_ipcore_0/u_hart_0/u_expipe_0/u_exu_0/fast_mul.miv_rv32_mul_0/WideMult_0_0/MACC_PHYS_INST/INST_MACC_IP:CLK
  To:   PF_SRAM_AHB_C0_0/PF_TPSRAM_AHB_AXI_0/PF_SRAM_AHB_C0_PF_TPSRAM_AHB_AXI_0_PF_TPSRAM_R34C0/INST_RAM1K20_IP:A_BLK_EN[2]
  Delay (ns):             11.135
  Slack (ns):              8.093
  Arrival (ns):           14.657
  Required (ns):          22.750
  Operating Conditions: slow_lv_ht

Path 88
  From: MIV_RV32_CFG1_C0_0/MIV_RV32_CFG1_C0_0/u_ipcore_0/u_hart_0/u_expipe_0/u_exu_0/fast_mul.miv_rv32_mul_0/WideMult_1_0/MACC_PHYS_INST/INST_MACC_IP:CLK
  To:   MIV_RV32_CFG1_C0_0/MIV_RV32_CFG1_C0_0/u_ipcore_0/u_hart_0/u_expipe_0/gen_debug_gpr_ctrl_pipeline.ex_retr_pipe_gpr_wr_sel_retr[5]:EN
  Delay (ns):             11.449
  Slack (ns):              8.094
  Arrival (ns):           14.971
  Required (ns):          23.065
  Operating Conditions: slow_lv_ht

Path 89
  From: MIV_RV32_CFG1_C0_0/MIV_RV32_CFG1_C0_0/u_ipcore_0/u_hart_0/u_expipe_0/u_exu_0/fast_mul.miv_rv32_mul_0/WideMult_0_0/MACC_PHYS_INST/INST_MACC_IP:CLK
  To:   PF_SRAM_AHB_C0_0/PF_TPSRAM_AHB_AXI_0/PF_SRAM_AHB_C0_PF_TPSRAM_AHB_AXI_0_PF_TPSRAM_R33C0/INST_RAM1K20_IP:A_BLK_EN[2]
  Delay (ns):             11.121
  Slack (ns):              8.097
  Arrival (ns):           14.643
  Required (ns):          22.740
  Operating Conditions: slow_lv_ht

Path 90
  From: MIV_RV32_CFG1_C0_0/MIV_RV32_CFG1_C0_0/u_ipcore_0/u_hart_0/u_expipe_0/u_exu_0/fast_mul.miv_rv32_mul_0/WideMult_0_0/MACC_PHYS_INST/INST_MACC_IP:CLK
  To:   PF_SRAM_AHB_C0_0/PF_TPSRAM_AHB_AXI_0/PF_SRAM_AHB_C0_PF_TPSRAM_AHB_AXI_0_PF_TPSRAM_R31C0/INST_RAM1K20_IP:A_BLK_EN[2]
  Delay (ns):             11.118
  Slack (ns):              8.100
  Arrival (ns):           14.640
  Required (ns):          22.740
  Operating Conditions: slow_lv_ht

Path 91
  From: MIV_RV32_CFG1_C0_0/MIV_RV32_CFG1_C0_0/u_ipcore_0/u_hart_0/u_expipe_0/u_exu_0/fast_mul.miv_rv32_mul_0/WideMult_1_0/MACC_PHYS_INST/INST_MACC_IP:CLK
  To:   MIV_RV32_CFG1_C0_0/MIV_RV32_CFG1_C0_0/u_ipcore_0/u_hart_0/u_expipe_0/de_ex_pipe_shifter_unit_op_sel_ex[1]:D
  Delay (ns):             11.554
  Slack (ns):              8.102
  Arrival (ns):           15.076
  Required (ns):          23.178
  Operating Conditions: slow_lv_ht

Path 92
  From: MIV_RV32_CFG1_C0_0/MIV_RV32_CFG1_C0_0/u_ipcore_0/u_hart_0/u_expipe_0/u_exu_0/fast_mul.miv_rv32_mul_0/WideMult_0_0/MACC_PHYS_INST/INST_MACC_IP:CLK
  To:   PF_SRAM_AHB_C0_0/PF_TPSRAM_AHB_AXI_0/PF_SRAM_AHB_C0_PF_TPSRAM_AHB_AXI_0_PF_TPSRAM_R53C0/INST_RAM1K20_IP:A_BLK_EN[2]
  Delay (ns):             11.104
  Slack (ns):              8.104
  Arrival (ns):           14.626
  Required (ns):          22.730
  Operating Conditions: slow_lv_ht

Path 93
  From: MIV_RV32_CFG1_C0_0/MIV_RV32_CFG1_C0_0/u_ipcore_0/u_hart_0/u_expipe_0/u_exu_0/fast_mul.miv_rv32_mul_0/WideMult_0_0/MACC_PHYS_INST/INST_MACC_IP:CLK
  To:   PF_SRAM_AHB_C0_0/PF_TPSRAM_AHB_AXI_0/PF_SRAM_AHB_C0_PF_TPSRAM_AHB_AXI_0_PF_TPSRAM_R25C0/INST_RAM1K20_IP:B_WEN[1]
  Delay (ns):             10.772
  Slack (ns):              8.104
  Arrival (ns):           14.294
  Required (ns):          22.398
  Operating Conditions: slow_lv_ht

Path 94
  From: MIV_RV32_CFG1_C0_0/MIV_RV32_CFG1_C0_0/u_ipcore_0/u_hart_0/u_expipe_0/u_exu_0/fast_mul.miv_rv32_mul_0/WideMult_0_0/MACC_PHYS_INST/INST_MACC_IP:CLK
  To:   PF_SRAM_AHB_C0_0/PF_TPSRAM_AHB_AXI_0/PF_SRAM_AHB_C0_PF_TPSRAM_AHB_AXI_0_PF_TPSRAM_R43C0/INST_RAM1K20_IP:A_BLK_EN[2]
  Delay (ns):             11.115
  Slack (ns):              8.105
  Arrival (ns):           14.637
  Required (ns):          22.742
  Operating Conditions: slow_lv_ht

Path 95
  From: MIV_RV32_CFG1_C0_0/MIV_RV32_CFG1_C0_0/u_ipcore_0/u_hart_0/u_expipe_0/u_exu_0/fast_mul.miv_rv32_mul_0/WideMult_1_0/MACC_PHYS_INST/INST_MACC_IP:CLK
  To:   PF_SRAM_AHB_C0_0/PF_TPSRAM_AHB_AXI_0/PF_SRAM_AHB_C0_PF_TPSRAM_AHB_AXI_0_PF_TPSRAM_R10C0/INST_RAM1K20_IP:A_BLK_EN[2]
  Delay (ns):             11.124
  Slack (ns):              8.107
  Arrival (ns):           14.646
  Required (ns):          22.753
  Operating Conditions: slow_lv_ht

Path 96
  From: MIV_RV32_CFG1_C0_0/MIV_RV32_CFG1_C0_0/u_ipcore_0/u_hart_0/u_expipe_0/u_exu_0/fast_mul.miv_rv32_mul_0/WideMult_0_0/MACC_PHYS_INST/INST_MACC_IP:CLK
  To:   PF_SRAM_AHB_C0_0/PF_TPSRAM_AHB_AXI_0/PF_SRAM_AHB_C0_PF_TPSRAM_AHB_AXI_0_PF_TPSRAM_R35C0/INST_RAM1K20_IP:A_BLK_EN[2]
  Delay (ns):             11.100
  Slack (ns):              8.116
  Arrival (ns):           14.622
  Required (ns):          22.738
  Operating Conditions: slow_lv_ht

Path 97
  From: MIV_RV32_CFG1_C0_0/MIV_RV32_CFG1_C0_0/u_ipcore_0/u_hart_0/u_expipe_0/u_exu_0/fast_mul.miv_rv32_mul_0/WideMult_0_0/MACC_PHYS_INST/INST_MACC_IP:CLK
  To:   MIV_RV32_CFG1_C0_0/MIV_RV32_CFG1_C0_0/u_ipcore_0/u_hart_0/u_expipe_0/gen_gpr_ex_attbs_rd_ex.gen_debug_gpr_rd_sel_pipeline.de_ex_pipe_gpr_rs2_rd_valid_ex:EN
  Delay (ns):             11.404
  Slack (ns):              8.116
  Arrival (ns):           14.926
  Required (ns):          23.042
  Operating Conditions: slow_lv_ht

Path 98
  From: MIV_RV32_CFG1_C0_0/MIV_RV32_CFG1_C0_0/u_ipcore_0/u_hart_0/u_expipe_0/u_exu_0/fast_mul.miv_rv32_mul_0/WideMult_0_0/MACC_PHYS_INST/INST_MACC_IP:CLK
  To:   PF_SRAM_AHB_C0_0/PF_TPSRAM_AHB_AXI_0/PF_SRAM_AHB_C0_PF_TPSRAM_AHB_AXI_0_PF_TPSRAM_R57C0/INST_RAM1K20_IP:B_BLK_EN[2]
  Delay (ns):             11.263
  Slack (ns):              8.121
  Arrival (ns):           14.785
  Required (ns):          22.906
  Operating Conditions: slow_lv_ht

Path 99
  From: MIV_RV32_CFG1_C0_0/MIV_RV32_CFG1_C0_0/u_ipcore_0/u_hart_0/u_expipe_0/u_exu_0/fast_mul.miv_rv32_mul_0/WideMult_0_0/MACC_PHYS_INST/INST_MACC_IP:CLK
  To:   PF_SRAM_AHB_C0_0/PF_TPSRAM_AHB_AXI_0/PF_SRAM_AHB_C0_PF_TPSRAM_AHB_AXI_0_PF_TPSRAM_R3C0/INST_RAM1K20_IP:A_BLK_EN[2]
  Delay (ns):             11.110
  Slack (ns):              8.123
  Arrival (ns):           14.632
  Required (ns):          22.755
  Operating Conditions: slow_lv_ht

Path 100
  From: MIV_RV32_CFG1_C0_0/MIV_RV32_CFG1_C0_0/u_ipcore_0/u_hart_0/u_expipe_0/u_exu_0/fast_mul.miv_rv32_mul_0/WideMult_0_0/MACC_PHYS_INST/INST_MACC_IP:CLK
  To:   MIV_RV32_CFG1_C0_0/MIV_RV32_CFG1_C0_0/u_ipcore_0/u_hart_0/u_expipe_0/gen_debug_csr_ctrl_pipeline.ex_retr_pipe_sw_csr_addr_retr[4]:EN
  Delay (ns):             11.409
  Slack (ns):              8.125
  Arrival (ns):           14.931
  Required (ns):          23.056
  Operating Conditions: slow_lv_ht

