Timing Violation Report Max Delay Analysis

SmartTime Version 2025.2
Microchip Technology Inc. - Microchip Libero Software Release 2025.2 (Version 2025.2.0.14)
Date: Thu Jan 15 16:33:42 2026


Design: BaseDesign
Family: PolarFireSoC
Die: MPFS095T
Package: FCSG325
Temperature Range: 0 - 100 C
Voltage Range: 0.97 - 1.03 V
Speed Grade: -1
Design State: Post-Layout
Data source: Production
Multi Corner Report Operating Conditions: slow_lv_lt,fast_hv_lt,slow_lv_ht


Path 1
  From: MIV_RV32_CFG1_C0_0/MIV_RV32_CFG1_C0_0/u_ipcore_0/u_hart_0/u_expipe_0/u_exu_0/fast_mul.miv_rv32_mul_0/WideMult_0_0/MACC_PHYS_INST/INST_MACC_IP:CLK
  To:   MIV_RV32_CFG1_C0_0/MIV_RV32_CFG1_C0_0/u_ipcore_0/u_hart_0/u_expipe_0/de_ex_pipe_alu_op_sel_ex[3]:SLn
  Delay (ns):             11.448
  Slack (ns):              8.166
  Arrival (ns):           14.926
  Required (ns):          23.092
  Operating Conditions: slow_lv_ht

Path 2
  From: MIV_RV32_CFG1_C0_0/MIV_RV32_CFG1_C0_0/u_ipcore_0/u_hart_0/u_expipe_0/u_exu_0/fast_mul.miv_rv32_mul_0/WideMult_0_0/MACC_PHYS_INST/INST_MACC_IP:CLK
  To:   MIV_RV32_CFG1_C0_0/MIV_RV32_CFG1_C0_0/u_ipcore_0/u_hart_0/u_expipe_0/de_ex_pipe_alu_op_sel_ex[0]:SLn
  Delay (ns):             11.447
  Slack (ns):              8.167
  Arrival (ns):           14.925
  Required (ns):          23.092
  Operating Conditions: slow_lv_ht

Path 3
  From: MIV_RV32_CFG1_C0_0/MIV_RV32_CFG1_C0_0/u_ipcore_0/u_hart_0/u_expipe_0/u_exu_0/fast_mul.miv_rv32_mul_0/WideMult_0_0/MACC_PHYS_INST/INST_MACC_IP:CLK
  To:   MIV_RV32_CFG1_C0_0/MIV_RV32_CFG1_C0_0/u_ipcore_0/u_hart_0/u_expipe_0/de_ex_pipe_alu_op_sel_ex[4]:SLn
  Delay (ns):             11.446
  Slack (ns):              8.168
  Arrival (ns):           14.924
  Required (ns):          23.092
  Operating Conditions: slow_lv_ht

Path 4
  From: MIV_RV32_CFG1_C0_0/MIV_RV32_CFG1_C0_0/u_ipcore_0/u_hart_0/u_expipe_0/u_exu_0/fast_mul.miv_rv32_mul_0/WideMult_0_0/MACC_PHYS_INST/INST_MACC_IP:CLK
  To:   MIV_RV32_CFG1_C0_0/MIV_RV32_CFG1_C0_0/u_ipcore_0/u_hart_0/u_expipe_0/de_ex_pipe_alu_op_sel_ex[1]:SLn
  Delay (ns):             11.443
  Slack (ns):              8.170
  Arrival (ns):           14.921
  Required (ns):          23.091
  Operating Conditions: slow_lv_ht

Path 5
  From: MIV_RV32_CFG1_C0_0/MIV_RV32_CFG1_C0_0/u_ipcore_0/u_hart_0/u_expipe_0/u_exu_0/fast_mul.miv_rv32_mul_0/WideMult_1_0/MACC_PHYS_INST/INST_MACC_IP:CLK
  To:   MIV_RV32_CFG1_C0_0/MIV_RV32_CFG1_C0_0/u_ipcore_0/u_hart_0/u_expipe_0/de_ex_pipe_alu_op_sel_ex[3]:SLn
  Delay (ns):             11.397
  Slack (ns):              8.226
  Arrival (ns):           14.866
  Required (ns):          23.092
  Operating Conditions: slow_lv_ht

Path 6
  From: MIV_RV32_CFG1_C0_0/MIV_RV32_CFG1_C0_0/u_ipcore_0/u_hart_0/u_expipe_0/u_exu_0/fast_mul.miv_rv32_mul_0/WideMult_1_0/MACC_PHYS_INST/INST_MACC_IP:CLK
  To:   MIV_RV32_CFG1_C0_0/MIV_RV32_CFG1_C0_0/u_ipcore_0/u_hart_0/u_expipe_0/de_ex_pipe_alu_op_sel_ex[0]:SLn
  Delay (ns):             11.396
  Slack (ns):              8.227
  Arrival (ns):           14.865
  Required (ns):          23.092
  Operating Conditions: slow_lv_ht

Path 7
  From: MIV_RV32_CFG1_C0_0/MIV_RV32_CFG1_C0_0/u_ipcore_0/u_hart_0/u_expipe_0/u_exu_0/fast_mul.miv_rv32_mul_0/WideMult_1_0/MACC_PHYS_INST/INST_MACC_IP:CLK
  To:   MIV_RV32_CFG1_C0_0/MIV_RV32_CFG1_C0_0/u_ipcore_0/u_hart_0/u_expipe_0/de_ex_pipe_alu_op_sel_ex[4]:SLn
  Delay (ns):             11.395
  Slack (ns):              8.228
  Arrival (ns):           14.864
  Required (ns):          23.092
  Operating Conditions: slow_lv_ht

Path 8
  From: MIV_RV32_CFG1_C0_0/MIV_RV32_CFG1_C0_0/u_ipcore_0/u_hart_0/u_expipe_0/u_exu_0/fast_mul.miv_rv32_mul_0/WideMult_1_0/MACC_PHYS_INST/INST_MACC_IP:CLK
  To:   MIV_RV32_CFG1_C0_0/MIV_RV32_CFG1_C0_0/u_ipcore_0/u_hart_0/u_expipe_0/de_ex_pipe_alu_op_sel_ex[1]:SLn
  Delay (ns):             11.392
  Slack (ns):              8.230
  Arrival (ns):           14.861
  Required (ns):          23.091
  Operating Conditions: slow_lv_ht

Path 9
  From: MIV_RV32_CFG1_C0_0/MIV_RV32_CFG1_C0_0/u_ipcore_0/u_hart_0/u_expipe_0/u_exu_0/fast_mul.miv_rv32_mul_0/WideMult_0_0/MACC_PHYS_INST/INST_MACC_IP:CLK
  To:   MIV_RV32_CFG1_C0_0/MIV_RV32_CFG1_C0_0/u_ipcore_0/u_hart_0/u_expipe_0/de_ex_pipe_curr_instr_enc_ex[24]:EN
  Delay (ns):             11.147
  Slack (ns):              8.356
  Arrival (ns):           14.625
  Required (ns):          22.981
  Operating Conditions: slow_lv_ht

Path 10
  From: MIV_RV32_CFG1_C0_0/MIV_RV32_CFG1_C0_0/u_ipcore_0/u_hart_0/u_expipe_0/u_exu_0/fast_mul.miv_rv32_mul_0/WideMult_1_0/MACC_PHYS_INST/INST_MACC_IP:CLK
  To:   MIV_RV32_CFG1_C0_0/MIV_RV32_CFG1_C0_0/u_ipcore_0/u_hart_0/u_expipe_0/de_ex_pipe_curr_instr_enc_ex[24]:EN
  Delay (ns):             11.096
  Slack (ns):              8.416
  Arrival (ns):           14.565
  Required (ns):          22.981
  Operating Conditions: slow_lv_ht

Path 11
  From: MIV_RV32_CFG1_C0_0/MIV_RV32_CFG1_C0_0/u_ipcore_0/u_hart_0/u_expipe_0/u_exu_0/fast_mul.miv_rv32_mul_0/WideMult_0_0/MACC_PHYS_INST/INST_MACC_IP:CLK
  To:   MIV_RV32_CFG1_C0_0/MIV_RV32_CFG1_C0_0/u_ipcore_0/u_hart_0/u_expipe_0/gen_gpr_ex_attbs_rd_ex.de_ex_pipe_gpr_rs1_rd_valid_ex:EN
  Delay (ns):             11.046
  Slack (ns):              8.459
  Arrival (ns):           14.524
  Required (ns):          22.983
  Operating Conditions: slow_lv_ht

Path 12
  From: MIV_RV32_CFG1_C0_0/MIV_RV32_CFG1_C0_0/u_ipcore_0/u_hart_0/u_expipe_0/u_exu_0/fast_mul.miv_rv32_mul_0/WideMult_0_0/MACC_PHYS_INST/INST_MACC_IP:CLK
  To:   MIV_RV32_CFG1_C0_0/MIV_RV32_CFG1_C0_0/u_ipcore_0/u_hart_0/u_expipe_0/de_ex_pipe_curr_instr_enc_ex[10]:EN
  Delay (ns):             11.066
  Slack (ns):              8.478
  Arrival (ns):           14.544
  Required (ns):          23.022
  Operating Conditions: slow_lv_ht

Path 13
  From: MIV_RV32_CFG1_C0_0/MIV_RV32_CFG1_C0_0/u_ipcore_0/u_hart_0/u_expipe_0/u_exu_0/fast_mul.miv_rv32_mul_0/WideMult_0_0/MACC_PHYS_INST/INST_MACC_IP:CLK
  To:   MIV_RV32_CFG1_C0_0/MIV_RV32_CFG1_C0_0/u_ipcore_0/u_hart_0/u_expipe_0/de_ex_pipe_i_access_mem_error_ex:SLn
  Delay (ns):             11.106
  Slack (ns):              8.500
  Arrival (ns):           14.584
  Required (ns):          23.084
  Operating Conditions: slow_lv_ht

Path 14
  From: MIV_RV32_CFG1_C0_0/MIV_RV32_CFG1_C0_0/u_ipcore_0/u_hart_0/u_expipe_0/u_exu_0/fast_mul.miv_rv32_mul_0/WideMult_0_0/MACC_PHYS_INST/INST_MACC_IP:CLK
  To:   MIV_RV32_CFG1_C0_0/MIV_RV32_CFG1_C0_0/u_ipcore_0/u_hart_0/u_expipe_0/de_ex_pipe_curr_instr_enc_ex[9]:SLn
  Delay (ns):             11.105
  Slack (ns):              8.501
  Arrival (ns):           14.583
  Required (ns):          23.084
  Operating Conditions: slow_lv_ht

Path 15
  From: MIV_RV32_CFG1_C0_0/MIV_RV32_CFG1_C0_0/u_ipcore_0/u_hart_0/u_expipe_0/u_exu_0/fast_mul.miv_rv32_mul_0/WideMult_0_0/MACC_PHYS_INST/INST_MACC_IP:CLK
  To:   MIV_RV32_CFG1_C0_0/MIV_RV32_CFG1_C0_0/u_ipcore_0/u_hart_0/u_expipe_0/de_ex_pipe_curr_instr_enc_ex[29]:SLn
  Delay (ns):             11.104
  Slack (ns):              8.501
  Arrival (ns):           14.582
  Required (ns):          23.083
  Operating Conditions: slow_lv_ht

Path 16
  From: MIV_RV32_CFG1_C0_0/MIV_RV32_CFG1_C0_0/u_ipcore_0/u_hart_0/u_expipe_0/u_exu_0/fast_mul.miv_rv32_mul_0/WideMult_0_0/MACC_PHYS_INST/INST_MACC_IP:CLK
  To:   MIV_RV32_CFG1_C0_0/MIV_RV32_CFG1_C0_0/u_ipcore_0/u_hart_0/u_expipe_0/de_ex_pipe_curr_instr_enc_ex[8]:SLn
  Delay (ns):             11.103
  Slack (ns):              8.502
  Arrival (ns):           14.581
  Required (ns):          23.083
  Operating Conditions: slow_lv_ht

Path 17
  From: MIV_RV32_CFG1_C0_0/MIV_RV32_CFG1_C0_0/u_ipcore_0/u_hart_0/u_expipe_0/u_exu_0/fast_mul.miv_rv32_mul_0/WideMult_0_0/MACC_PHYS_INST/INST_MACC_IP:CLK
  To:   MIV_RV32_CFG1_C0_0/MIV_RV32_CFG1_C0_0/u_ipcore_0/u_hart_0/u_expipe_0/de_ex_pipe_curr_instr_enc_ex[1]:SLn
  Delay (ns):             11.103
  Slack (ns):              8.502
  Arrival (ns):           14.581
  Required (ns):          23.083
  Operating Conditions: slow_lv_ht

Path 18
  From: MIV_RV32_CFG1_C0_0/MIV_RV32_CFG1_C0_0/u_ipcore_0/u_hart_0/u_expipe_0/u_exu_0/fast_mul.miv_rv32_mul_0/WideMult_0_0/MACC_PHYS_INST/INST_MACC_IP:CLK
  To:   MIV_RV32_CFG1_C0_0/MIV_RV32_CFG1_C0_0/u_ipcore_0/u_hart_0/u_expipe_0/de_ex_pipe_curr_instr_enc_ex[5]:SLn
  Delay (ns):             11.103
  Slack (ns):              8.503
  Arrival (ns):           14.581
  Required (ns):          23.084
  Operating Conditions: slow_lv_ht

Path 19
  From: MIV_RV32_CFG1_C0_0/MIV_RV32_CFG1_C0_0/u_ipcore_0/u_hart_0/u_expipe_0/u_exu_0/fast_mul.miv_rv32_mul_0/WideMult_0_0/MACC_PHYS_INST/INST_MACC_IP:CLK
  To:   MIV_RV32_CFG1_C0_0/MIV_RV32_CFG1_C0_0/u_ipcore_0/u_hart_0/u_expipe_0/de_ex_pipe_i_access_misalign_error_ex:SLn
  Delay (ns):             11.102
  Slack (ns):              8.504
  Arrival (ns):           14.580
  Required (ns):          23.084
  Operating Conditions: slow_lv_ht

Path 20
  From: MIV_RV32_CFG1_C0_0/MIV_RV32_CFG1_C0_0/u_ipcore_0/u_hart_0/u_expipe_0/u_exu_0/fast_mul.miv_rv32_mul_0/WideMult_0_0/MACC_PHYS_INST/INST_MACC_IP:CLK
  To:   MIV_RV32_CFG1_C0_0/MIV_RV32_CFG1_C0_0/u_ipcore_0/u_hart_0/u_expipe_0/de_ex_pipe_curr_instr_enc_ex[3]:SLn
  Delay (ns):             11.102
  Slack (ns):              8.504
  Arrival (ns):           14.580
  Required (ns):          23.084
  Operating Conditions: slow_lv_ht

Path 21
  From: MIV_RV32_CFG1_C0_0/MIV_RV32_CFG1_C0_0/u_ipcore_0/u_hart_0/u_expipe_0/u_exu_0/fast_mul.miv_rv32_mul_0/WideMult_0_0/MACC_PHYS_INST/INST_MACC_IP:CLK
  To:   MIV_RV32_CFG1_C0_0/MIV_RV32_CFG1_C0_0/u_ipcore_0/u_hart_0/u_expipe_0/de_ex_pipe_curr_instr_enc_ex[16]:SLn
  Delay (ns):             11.100
  Slack (ns):              8.506
  Arrival (ns):           14.578
  Required (ns):          23.084
  Operating Conditions: slow_lv_ht

Path 22
  From: MIV_RV32_CFG1_C0_0/MIV_RV32_CFG1_C0_0/u_ipcore_0/u_hart_0/u_expipe_0/u_exu_0/fast_mul.miv_rv32_mul_0/WideMult_0_0/MACC_PHYS_INST/INST_MACC_IP:CLK
  To:   MIV_RV32_CFG1_C0_0/MIV_RV32_CFG1_C0_0/u_ipcore_0/u_hart_0/u_expipe_0/de_ex_pipe_curr_instr_enc_ex[0]:SLn
  Delay (ns):             11.100
  Slack (ns):              8.506
  Arrival (ns):           14.578
  Required (ns):          23.084
  Operating Conditions: slow_lv_ht

Path 23
  From: MIV_RV32_CFG1_C0_0/MIV_RV32_CFG1_C0_0/u_ipcore_0/u_hart_0/u_expipe_0/u_exu_0/fast_mul.miv_rv32_mul_0/WideMult_0_0/MACC_PHYS_INST/INST_MACC_IP:CLK
  To:   MIV_RV32_CFG1_C0_0/MIV_RV32_CFG1_C0_0/u_ipcore_0/u_hart_0/u_expipe_0/de_ex_pipe_alu_op_sel_ex[2]:EN
  Delay (ns):             11.016
  Slack (ns):              8.511
  Arrival (ns):           14.494
  Required (ns):          23.005
  Operating Conditions: slow_lv_ht

Path 24
  From: MIV_RV32_CFG1_C0_0/MIV_RV32_CFG1_C0_0/u_ipcore_0/u_hart_0/u_expipe_0/u_exu_0/fast_mul.miv_rv32_mul_0/WideMult_0_0/MACC_PHYS_INST/INST_MACC_IP:CLK
  To:   MIV_RV32_CFG1_C0_0/MIV_RV32_CFG1_C0_0/u_ipcore_0/u_hart_0/u_expipe_0/de_ex_pipe_alu_op_sel_ex[1]:EN
  Delay (ns):             11.022
  Slack (ns):              8.513
  Arrival (ns):           14.500
  Required (ns):          23.013
  Operating Conditions: slow_lv_ht

Path 25
  From: MIV_RV32_CFG1_C0_0/MIV_RV32_CFG1_C0_0/u_ipcore_0/u_hart_0/u_expipe_0/u_exu_0/fast_mul.miv_rv32_mul_0/WideMult_0_0/MACC_PHYS_INST/INST_MACC_IP:CLK
  To:   MIV_RV32_CFG1_C0_0/MIV_RV32_CFG1_C0_0/u_ipcore_0/u_hart_0/u_expipe_0/de_ex_pipe_alu_op_sel_ex[4]:EN
  Delay (ns):             11.021
  Slack (ns):              8.515
  Arrival (ns):           14.499
  Required (ns):          23.014
  Operating Conditions: slow_lv_ht

Path 26
  From: MIV_RV32_CFG1_C0_0/MIV_RV32_CFG1_C0_0/u_ipcore_0/u_hart_0/u_expipe_0/u_exu_0/fast_mul.miv_rv32_mul_0/WideMult_0_0/MACC_PHYS_INST/INST_MACC_IP:CLK
  To:   MIV_RV32_CFG1_C0_0/MIV_RV32_CFG1_C0_0/u_ipcore_0/u_hart_0/u_expipe_0/de_ex_pipe_alu_op_sel_ex[3]:EN
  Delay (ns):             11.021
  Slack (ns):              8.515
  Arrival (ns):           14.499
  Required (ns):          23.014
  Operating Conditions: slow_lv_ht

Path 27
  From: MIV_RV32_CFG1_C0_0/MIV_RV32_CFG1_C0_0/u_ipcore_0/u_hart_0/u_expipe_0/u_exu_0/fast_mul.miv_rv32_mul_0/WideMult_0_0/MACC_PHYS_INST/INST_MACC_IP:CLK
  To:   MIV_RV32_CFG1_C0_0/MIV_RV32_CFG1_C0_0/u_ipcore_0/u_hart_0/u_expipe_0/de_ex_pipe_alu_op_sel_ex[0]:EN
  Delay (ns):             11.021
  Slack (ns):              8.515
  Arrival (ns):           14.499
  Required (ns):          23.014
  Operating Conditions: slow_lv_ht

Path 28
  From: MIV_RV32_CFG1_C0_0/MIV_RV32_CFG1_C0_0/u_ipcore_0/u_hart_0/u_expipe_0/u_exu_0/fast_mul.miv_rv32_mul_0/WideMult_1_0/MACC_PHYS_INST/INST_MACC_IP:CLK
  To:   MIV_RV32_CFG1_C0_0/MIV_RV32_CFG1_C0_0/u_ipcore_0/u_hart_0/u_expipe_0/gen_gpr_ex_attbs_rd_ex.de_ex_pipe_gpr_rs1_rd_valid_ex:EN
  Delay (ns):             10.995
  Slack (ns):              8.519
  Arrival (ns):           14.464
  Required (ns):          22.983
  Operating Conditions: slow_lv_ht

Path 29
  From: MIV_RV32_CFG1_C0_0/MIV_RV32_CFG1_C0_0/u_ipcore_0/u_hart_0/u_expipe_0/u_exu_0/fast_mul.miv_rv32_mul_0/WideMult_0_0/MACC_PHYS_INST/INST_MACC_IP:CLK
  To:   MIV_RV32_CFG1_C0_0/MIV_RV32_CFG1_C0_0/u_ipcore_0/u_hart_0/u_expipe_0/de_ex_pipe_curr_instr_enc_ex[14]:EN
  Delay (ns):             11.037
  Slack (ns):              8.521
  Arrival (ns):           14.515
  Required (ns):          23.036
  Operating Conditions: slow_lv_ht

Path 30
  From: MIV_RV32_CFG1_C0_0/MIV_RV32_CFG1_C0_0/u_ipcore_0/u_hart_0/u_expipe_0/u_exu_0/fast_mul.miv_rv32_mul_0/WideMult_0_0/MACC_PHYS_INST/INST_MACC_IP:CLK
  To:   MIV_RV32_CFG1_C0_0/MIV_RV32_CFG1_C0_0/u_ipcore_0/u_hart_0/u_expipe_0/de_ex_pipe_curr_instr_enc_ex[18]:EN
  Delay (ns):             11.036
  Slack (ns):              8.522
  Arrival (ns):           14.514
  Required (ns):          23.036
  Operating Conditions: slow_lv_ht

Path 31
  From: MIV_RV32_CFG1_C0_0/MIV_RV32_CFG1_C0_0/u_ipcore_0/u_hart_0/u_expipe_0/u_exu_0/fast_mul.miv_rv32_mul_0/WideMult_1_0/MACC_PHYS_INST/INST_MACC_IP:CLK
  To:   MIV_RV32_CFG1_C0_0/MIV_RV32_CFG1_C0_0/u_ipcore_0/u_hart_0/u_expipe_0/de_ex_pipe_curr_instr_enc_ex[10]:EN
  Delay (ns):             11.015
  Slack (ns):              8.538
  Arrival (ns):           14.484
  Required (ns):          23.022
  Operating Conditions: slow_lv_ht

Path 32
  From: MIV_RV32_CFG1_C0_0/MIV_RV32_CFG1_C0_0/u_ipcore_0/u_hart_0/u_expipe_0/u_exu_0/fast_mul.miv_rv32_mul_0/WideMult_1_0/MACC_PHYS_INST/INST_MACC_IP:CLK
  To:   MIV_RV32_CFG1_C0_0/MIV_RV32_CFG1_C0_0/u_ipcore_0/u_hart_0/u_expipe_0/de_ex_pipe_i_access_mem_error_ex:SLn
  Delay (ns):             11.055
  Slack (ns):              8.560
  Arrival (ns):           14.524
  Required (ns):          23.084
  Operating Conditions: slow_lv_ht

Path 33
  From: MIV_RV32_CFG1_C0_0/MIV_RV32_CFG1_C0_0/u_ipcore_0/u_hart_0/u_expipe_0/u_exu_0/fast_mul.miv_rv32_mul_0/WideMult_1_0/MACC_PHYS_INST/INST_MACC_IP:CLK
  To:   MIV_RV32_CFG1_C0_0/MIV_RV32_CFG1_C0_0/u_ipcore_0/u_hart_0/u_expipe_0/de_ex_pipe_curr_instr_enc_ex[9]:SLn
  Delay (ns):             11.054
  Slack (ns):              8.561
  Arrival (ns):           14.523
  Required (ns):          23.084
  Operating Conditions: slow_lv_ht

Path 34
  From: MIV_RV32_CFG1_C0_0/MIV_RV32_CFG1_C0_0/u_ipcore_0/u_hart_0/u_expipe_0/u_exu_0/fast_mul.miv_rv32_mul_0/WideMult_1_0/MACC_PHYS_INST/INST_MACC_IP:CLK
  To:   MIV_RV32_CFG1_C0_0/MIV_RV32_CFG1_C0_0/u_ipcore_0/u_hart_0/u_expipe_0/de_ex_pipe_curr_instr_enc_ex[29]:SLn
  Delay (ns):             11.053
  Slack (ns):              8.561
  Arrival (ns):           14.522
  Required (ns):          23.083
  Operating Conditions: slow_lv_ht

Path 35
  From: MIV_RV32_CFG1_C0_0/MIV_RV32_CFG1_C0_0/u_ipcore_0/u_hart_0/u_expipe_0/u_exu_0/fast_mul.miv_rv32_mul_0/WideMult_1_0/MACC_PHYS_INST/INST_MACC_IP:CLK
  To:   MIV_RV32_CFG1_C0_0/MIV_RV32_CFG1_C0_0/u_ipcore_0/u_hart_0/u_expipe_0/de_ex_pipe_curr_instr_enc_ex[8]:SLn
  Delay (ns):             11.052
  Slack (ns):              8.562
  Arrival (ns):           14.521
  Required (ns):          23.083
  Operating Conditions: slow_lv_ht

Path 36
  From: MIV_RV32_CFG1_C0_0/MIV_RV32_CFG1_C0_0/u_ipcore_0/u_hart_0/u_expipe_0/u_exu_0/fast_mul.miv_rv32_mul_0/WideMult_1_0/MACC_PHYS_INST/INST_MACC_IP:CLK
  To:   MIV_RV32_CFG1_C0_0/MIV_RV32_CFG1_C0_0/u_ipcore_0/u_hart_0/u_expipe_0/de_ex_pipe_curr_instr_enc_ex[1]:SLn
  Delay (ns):             11.052
  Slack (ns):              8.562
  Arrival (ns):           14.521
  Required (ns):          23.083
  Operating Conditions: slow_lv_ht

Path 37
  From: MIV_RV32_CFG1_C0_0/MIV_RV32_CFG1_C0_0/u_ipcore_0/u_hart_0/u_expipe_0/u_exu_0/fast_mul.miv_rv32_mul_0/WideMult_1_0/MACC_PHYS_INST/INST_MACC_IP:CLK
  To:   MIV_RV32_CFG1_C0_0/MIV_RV32_CFG1_C0_0/u_ipcore_0/u_hart_0/u_expipe_0/de_ex_pipe_curr_instr_enc_ex[5]:SLn
  Delay (ns):             11.052
  Slack (ns):              8.563
  Arrival (ns):           14.521
  Required (ns):          23.084
  Operating Conditions: slow_lv_ht

Path 38
  From: MIV_RV32_CFG1_C0_0/MIV_RV32_CFG1_C0_0/u_ipcore_0/u_hart_0/u_expipe_0/u_exu_0/fast_mul.miv_rv32_mul_0/WideMult_1_0/MACC_PHYS_INST/INST_MACC_IP:CLK
  To:   MIV_RV32_CFG1_C0_0/MIV_RV32_CFG1_C0_0/u_ipcore_0/u_hart_0/u_expipe_0/de_ex_pipe_i_access_misalign_error_ex:SLn
  Delay (ns):             11.051
  Slack (ns):              8.564
  Arrival (ns):           14.520
  Required (ns):          23.084
  Operating Conditions: slow_lv_ht

Path 39
  From: MIV_RV32_CFG1_C0_0/MIV_RV32_CFG1_C0_0/u_ipcore_0/u_hart_0/u_expipe_0/u_exu_0/fast_mul.miv_rv32_mul_0/WideMult_1_0/MACC_PHYS_INST/INST_MACC_IP:CLK
  To:   MIV_RV32_CFG1_C0_0/MIV_RV32_CFG1_C0_0/u_ipcore_0/u_hart_0/u_expipe_0/de_ex_pipe_curr_instr_enc_ex[3]:SLn
  Delay (ns):             11.051
  Slack (ns):              8.564
  Arrival (ns):           14.520
  Required (ns):          23.084
  Operating Conditions: slow_lv_ht

Path 40
  From: MIV_RV32_CFG1_C0_0/MIV_RV32_CFG1_C0_0/u_ipcore_0/u_hart_0/u_expipe_0/u_exu_0/fast_mul.miv_rv32_mul_0/WideMult_0_0/MACC_PHYS_INST/INST_MACC_IP:CLK
  To:   MIV_RV32_CFG1_C0_0/MIV_RV32_CFG1_C0_0/u_ipcore_0/u_hart_0/u_expipe_0/de_ex_pipe_curr_instr_enc_ex[21]:EN
  Delay (ns):             10.950
  Slack (ns):              8.564
  Arrival (ns):           14.428
  Required (ns):          22.992
  Operating Conditions: slow_lv_ht

Path 41
  From: MIV_RV32_CFG1_C0_0/MIV_RV32_CFG1_C0_0/u_ipcore_0/u_hart_0/u_expipe_0/u_exu_0/fast_mul.miv_rv32_mul_0/WideMult_0_0/MACC_PHYS_INST/INST_MACC_IP:CLK
  To:   MIV_RV32_CFG1_C0_0/MIV_RV32_CFG1_C0_0/u_ipcore_0/u_hart_0/u_expipe_0/de_ex_pipe_curr_instr_enc_ex[7]:EN
  Delay (ns):             10.949
  Slack (ns):              8.565
  Arrival (ns):           14.427
  Required (ns):          22.992
  Operating Conditions: slow_lv_ht

Path 42
  From: MIV_RV32_CFG1_C0_0/MIV_RV32_CFG1_C0_0/u_ipcore_0/u_hart_0/u_expipe_0/u_exu_0/fast_mul.miv_rv32_mul_0/WideMult_0_0/MACC_PHYS_INST/INST_MACC_IP:CLK
  To:   MIV_RV32_CFG1_C0_0/MIV_RV32_CFG1_C0_0/u_ipcore_0/u_hart_0/u_expipe_0/de_ex_pipe_curr_instr_enc_ex[25]:EN
  Delay (ns):             10.949
  Slack (ns):              8.565
  Arrival (ns):           14.427
  Required (ns):          22.992
  Operating Conditions: slow_lv_ht

Path 43
  From: MIV_RV32_CFG1_C0_0/MIV_RV32_CFG1_C0_0/u_ipcore_0/u_hart_0/u_expipe_0/u_exu_0/fast_mul.miv_rv32_mul_0/WideMult_0_0/MACC_PHYS_INST/INST_MACC_IP:CLK
  To:   MIV_RV32_CFG1_C0_0/MIV_RV32_CFG1_C0_0/u_ipcore_0/u_hart_0/u_expipe_0/de_ex_pipe_curr_instr_enc_ex[19]:SLn
  Delay (ns):             11.069
  Slack (ns):              8.565
  Arrival (ns):           14.547
  Required (ns):          23.112
  Operating Conditions: slow_lv_ht

Path 44
  From: MIV_RV32_CFG1_C0_0/MIV_RV32_CFG1_C0_0/u_ipcore_0/u_hart_0/u_expipe_0/u_exu_0/fast_mul.miv_rv32_mul_0/WideMult_0_0/MACC_PHYS_INST/INST_MACC_IP:CLK
  To:   MIV_RV32_CFG1_C0_0/MIV_RV32_CFG1_C0_0/u_ipcore_0/u_hart_0/u_expipe_0/de_ex_pipe_curr_instr_enc_ex[17]:EN
  Delay (ns):             10.949
  Slack (ns):              8.565
  Arrival (ns):           14.427
  Required (ns):          22.992
  Operating Conditions: slow_lv_ht

Path 45
  From: MIV_RV32_CFG1_C0_0/MIV_RV32_CFG1_C0_0/u_ipcore_0/u_hart_0/u_expipe_0/u_exu_0/fast_mul.miv_rv32_mul_0/WideMult_1_0/MACC_PHYS_INST/INST_MACC_IP:CLK
  To:   MIV_RV32_CFG1_C0_0/MIV_RV32_CFG1_C0_0/u_ipcore_0/u_hart_0/u_expipe_0/de_ex_pipe_curr_instr_enc_ex[16]:SLn
  Delay (ns):             11.049
  Slack (ns):              8.566
  Arrival (ns):           14.518
  Required (ns):          23.084
  Operating Conditions: slow_lv_ht

Path 46
  From: MIV_RV32_CFG1_C0_0/MIV_RV32_CFG1_C0_0/u_ipcore_0/u_hart_0/u_expipe_0/u_exu_0/fast_mul.miv_rv32_mul_0/WideMult_1_0/MACC_PHYS_INST/INST_MACC_IP:CLK
  To:   MIV_RV32_CFG1_C0_0/MIV_RV32_CFG1_C0_0/u_ipcore_0/u_hart_0/u_expipe_0/de_ex_pipe_curr_instr_enc_ex[0]:SLn
  Delay (ns):             11.049
  Slack (ns):              8.566
  Arrival (ns):           14.518
  Required (ns):          23.084
  Operating Conditions: slow_lv_ht

Path 47
  From: MIV_RV32_CFG1_C0_0/MIV_RV32_CFG1_C0_0/u_ipcore_0/u_hart_0/u_expipe_0/u_exu_0/fast_mul.miv_rv32_mul_0/WideMult_1_0/MACC_PHYS_INST/INST_MACC_IP:CLK
  To:   MIV_RV32_CFG1_C0_0/MIV_RV32_CFG1_C0_0/u_ipcore_0/u_hart_0/u_expipe_0/de_ex_pipe_alu_op_sel_ex[2]:EN
  Delay (ns):             10.965
  Slack (ns):              8.571
  Arrival (ns):           14.434
  Required (ns):          23.005
  Operating Conditions: slow_lv_ht

Path 48
  From: MIV_RV32_CFG1_C0_0/MIV_RV32_CFG1_C0_0/u_ipcore_0/u_hart_0/u_expipe_0/u_exu_0/fast_mul.miv_rv32_mul_0/WideMult_1_0/MACC_PHYS_INST/INST_MACC_IP:CLK
  To:   MIV_RV32_CFG1_C0_0/MIV_RV32_CFG1_C0_0/u_ipcore_0/u_hart_0/u_expipe_0/de_ex_pipe_alu_op_sel_ex[1]:EN
  Delay (ns):             10.971
  Slack (ns):              8.573
  Arrival (ns):           14.440
  Required (ns):          23.013
  Operating Conditions: slow_lv_ht

Path 49
  From: MIV_RV32_CFG1_C0_0/MIV_RV32_CFG1_C0_0/u_ipcore_0/u_hart_0/u_expipe_0/u_exu_0/fast_mul.miv_rv32_mul_0/WideMult_1_0/MACC_PHYS_INST/INST_MACC_IP:CLK
  To:   MIV_RV32_CFG1_C0_0/MIV_RV32_CFG1_C0_0/u_ipcore_0/u_hart_0/u_expipe_0/de_ex_pipe_alu_op_sel_ex[4]:EN
  Delay (ns):             10.970
  Slack (ns):              8.575
  Arrival (ns):           14.439
  Required (ns):          23.014
  Operating Conditions: slow_lv_ht

Path 50
  From: MIV_RV32_CFG1_C0_0/MIV_RV32_CFG1_C0_0/u_ipcore_0/u_hart_0/u_expipe_0/u_exu_0/fast_mul.miv_rv32_mul_0/WideMult_1_0/MACC_PHYS_INST/INST_MACC_IP:CLK
  To:   MIV_RV32_CFG1_C0_0/MIV_RV32_CFG1_C0_0/u_ipcore_0/u_hart_0/u_expipe_0/de_ex_pipe_alu_op_sel_ex[3]:EN
  Delay (ns):             10.970
  Slack (ns):              8.575
  Arrival (ns):           14.439
  Required (ns):          23.014
  Operating Conditions: slow_lv_ht

Path 51
  From: MIV_RV32_CFG1_C0_0/MIV_RV32_CFG1_C0_0/u_ipcore_0/u_hart_0/u_expipe_0/u_exu_0/fast_mul.miv_rv32_mul_0/WideMult_1_0/MACC_PHYS_INST/INST_MACC_IP:CLK
  To:   MIV_RV32_CFG1_C0_0/MIV_RV32_CFG1_C0_0/u_ipcore_0/u_hart_0/u_expipe_0/de_ex_pipe_alu_op_sel_ex[0]:EN
  Delay (ns):             10.970
  Slack (ns):              8.575
  Arrival (ns):           14.439
  Required (ns):          23.014
  Operating Conditions: slow_lv_ht

Path 52
  From: MIV_RV32_CFG1_C0_0/MIV_RV32_CFG1_C0_0/u_ipcore_0/u_hart_0/u_expipe_0/u_exu_0/fast_mul.miv_rv32_mul_0/WideMult_0_0/MACC_PHYS_INST/INST_MACC_IP:CLK
  To:   MIV_RV32_CFG1_C0_0/MIV_RV32_CFG1_C0_0/u_ipcore_0/u_hart_0/u_expipe_0/de_ex_pipe_alu_op_sel_ex[2]:SLn
  Delay (ns):             11.028
  Slack (ns):              8.577
  Arrival (ns):           14.506
  Required (ns):          23.083
  Operating Conditions: slow_lv_ht

Path 53
  From: MIV_RV32_CFG1_C0_0/MIV_RV32_CFG1_C0_0/u_ipcore_0/u_hart_0/u_expipe_0/u_exu_0/fast_mul.miv_rv32_mul_0/WideMult_1_0/MACC_PHYS_INST/INST_MACC_IP:CLK
  To:   MIV_RV32_CFG1_C0_0/MIV_RV32_CFG1_C0_0/u_ipcore_0/u_hart_0/u_expipe_0/de_ex_pipe_curr_instr_enc_ex[14]:EN
  Delay (ns):             10.986
  Slack (ns):              8.581
  Arrival (ns):           14.455
  Required (ns):          23.036
  Operating Conditions: slow_lv_ht

Path 54
  From: MIV_RV32_CFG1_C0_0/MIV_RV32_CFG1_C0_0/u_ipcore_0/u_hart_0/u_expipe_0/u_exu_0/fast_mul.miv_rv32_mul_0/WideMult_1_0/MACC_PHYS_INST/INST_MACC_IP:CLK
  To:   MIV_RV32_CFG1_C0_0/MIV_RV32_CFG1_C0_0/u_ipcore_0/u_hart_0/u_expipe_0/de_ex_pipe_curr_instr_enc_ex[18]:EN
  Delay (ns):             10.985
  Slack (ns):              8.582
  Arrival (ns):           14.454
  Required (ns):          23.036
  Operating Conditions: slow_lv_ht

Path 55
  From: MIV_RV32_CFG1_C0_0/MIV_RV32_CFG1_C0_0/u_ipcore_0/u_hart_0/u_expipe_0/u_exu_0/fast_mul.miv_rv32_mul_0/WideMult_0_0/MACC_PHYS_INST/INST_MACC_IP:CLK
  To:   MIV_RV32_CFG1_C0_0/MIV_RV32_CFG1_C0_0/u_ipcore_0/u_hart_0/u_expipe_0/de_ex_pipe_curr_instr_enc_ex[2]:EN
  Delay (ns):             10.931
  Slack (ns):              8.583
  Arrival (ns):           14.409
  Required (ns):          22.992
  Operating Conditions: slow_lv_ht

Path 56
  From: MIV_RV32_CFG1_C0_0/MIV_RV32_CFG1_C0_0/u_ipcore_0/u_hart_0/u_expipe_0/u_exu_0/fast_mul.miv_rv32_mul_0/WideMult_0_0/MACC_PHYS_INST/INST_MACC_IP:CLK
  To:   MIV_RV32_CFG1_C0_0/MIV_RV32_CFG1_C0_0/u_ipcore_0/u_hart_0/u_expipe_0/de_ex_pipe_curr_instr_enc_ex[26]:EN
  Delay (ns):             10.931
  Slack (ns):              8.583
  Arrival (ns):           14.409
  Required (ns):          22.992
  Operating Conditions: slow_lv_ht

Path 57
  From: MIV_RV32_CFG1_C0_0/MIV_RV32_CFG1_C0_0/u_ipcore_0/u_hart_0/u_expipe_0/u_exu_0/fast_mul.miv_rv32_mul_0/WideMult_0_0/MACC_PHYS_INST/INST_MACC_IP:CLK
  To:   MIV_RV32_CFG1_C0_0/MIV_RV32_CFG1_C0_0/u_ipcore_0/u_hart_0/u_expipe_0/de_ex_pipe_curr_instr_enc_ex[15]:EN
  Delay (ns):             10.931
  Slack (ns):              8.583
  Arrival (ns):           14.409
  Required (ns):          22.992
  Operating Conditions: slow_lv_ht

Path 58
  From: MIV_RV32_CFG1_C0_0/MIV_RV32_CFG1_C0_0/u_ipcore_0/u_hart_0/u_expipe_0/u_exu_0/fast_mul.miv_rv32_mul_0/WideMult_0_0/MACC_PHYS_INST/INST_MACC_IP:CLK
  To:   MIV_RV32_CFG1_C0_0/MIV_RV32_CFG1_C0_0/u_ipcore_0/u_hart_0/u_expipe_0/de_ex_pipe_curr_instr_enc_ex[11]:EN
  Delay (ns):             10.931
  Slack (ns):              8.583
  Arrival (ns):           14.409
  Required (ns):          22.992
  Operating Conditions: slow_lv_ht

Path 59
  From: MIV_RV32_CFG1_C0_0/MIV_RV32_CFG1_C0_0/u_ipcore_0/u_hart_0/u_expipe_0/u_exu_0/fast_mul.miv_rv32_mul_0/WideMult_0_0/MACC_PHYS_INST/INST_MACC_IP:CLK
  To:   MIV_RV32_CFG1_C0_0/MIV_RV32_CFG1_C0_0/u_ipcore_0/u_hart_0/u_expipe_0/de_ex_pipe_curr_instr_enc_ex[12]:EN
  Delay (ns):             10.931
  Slack (ns):              8.612
  Arrival (ns):           14.409
  Required (ns):          23.021
  Operating Conditions: slow_lv_ht

Path 60
  From: MIV_RV32_CFG1_C0_0/MIV_RV32_CFG1_C0_0/u_ipcore_0/u_hart_0/u_expipe_0/u_exu_0/fast_mul.miv_rv32_mul_0/WideMult_1_0/MACC_PHYS_INST/INST_MACC_IP:CLK
  To:   MIV_RV32_CFG1_C0_0/MIV_RV32_CFG1_C0_0/u_ipcore_0/u_hart_0/u_expipe_0/de_ex_pipe_curr_instr_enc_ex[21]:EN
  Delay (ns):             10.899
  Slack (ns):              8.624
  Arrival (ns):           14.368
  Required (ns):          22.992
  Operating Conditions: slow_lv_ht

Path 61
  From: MIV_RV32_CFG1_C0_0/MIV_RV32_CFG1_C0_0/u_ipcore_0/u_hart_0/u_expipe_0/u_exu_0/fast_mul.miv_rv32_mul_0/WideMult_1_0/MACC_PHYS_INST/INST_MACC_IP:CLK
  To:   MIV_RV32_CFG1_C0_0/MIV_RV32_CFG1_C0_0/u_ipcore_0/u_hart_0/u_expipe_0/de_ex_pipe_curr_instr_enc_ex[7]:EN
  Delay (ns):             10.898
  Slack (ns):              8.625
  Arrival (ns):           14.367
  Required (ns):          22.992
  Operating Conditions: slow_lv_ht

Path 62
  From: MIV_RV32_CFG1_C0_0/MIV_RV32_CFG1_C0_0/u_ipcore_0/u_hart_0/u_expipe_0/u_exu_0/fast_mul.miv_rv32_mul_0/WideMult_1_0/MACC_PHYS_INST/INST_MACC_IP:CLK
  To:   MIV_RV32_CFG1_C0_0/MIV_RV32_CFG1_C0_0/u_ipcore_0/u_hart_0/u_expipe_0/de_ex_pipe_curr_instr_enc_ex[25]:EN
  Delay (ns):             10.898
  Slack (ns):              8.625
  Arrival (ns):           14.367
  Required (ns):          22.992
  Operating Conditions: slow_lv_ht

Path 63
  From: MIV_RV32_CFG1_C0_0/MIV_RV32_CFG1_C0_0/u_ipcore_0/u_hart_0/u_expipe_0/u_exu_0/fast_mul.miv_rv32_mul_0/WideMult_1_0/MACC_PHYS_INST/INST_MACC_IP:CLK
  To:   MIV_RV32_CFG1_C0_0/MIV_RV32_CFG1_C0_0/u_ipcore_0/u_hart_0/u_expipe_0/de_ex_pipe_curr_instr_enc_ex[19]:SLn
  Delay (ns):             11.018
  Slack (ns):              8.625
  Arrival (ns):           14.487
  Required (ns):          23.112
  Operating Conditions: slow_lv_ht

Path 64
  From: MIV_RV32_CFG1_C0_0/MIV_RV32_CFG1_C0_0/u_ipcore_0/u_hart_0/u_expipe_0/u_exu_0/fast_mul.miv_rv32_mul_0/WideMult_1_0/MACC_PHYS_INST/INST_MACC_IP:CLK
  To:   MIV_RV32_CFG1_C0_0/MIV_RV32_CFG1_C0_0/u_ipcore_0/u_hart_0/u_expipe_0/de_ex_pipe_curr_instr_enc_ex[17]:EN
  Delay (ns):             10.898
  Slack (ns):              8.625
  Arrival (ns):           14.367
  Required (ns):          22.992
  Operating Conditions: slow_lv_ht

Path 65
  From: MIV_RV32_CFG1_C0_0/MIV_RV32_CFG1_C0_0/u_ipcore_0/u_hart_0/u_expipe_0/u_exu_0/fast_mul.miv_rv32_mul_0/WideMult_0_0/MACC_PHYS_INST/INST_MACC_IP:CLK
  To:   PF_SRAM_AHB_C0_0/PF_TPSRAM_AHB_AXI_0/PF_SRAM_AHB_C0_PF_TPSRAM_AHB_AXI_0_PF_TPSRAM_R45C0/INST_RAM1K20_IP:A_BLK_EN[2]
  Delay (ns):             10.596
  Slack (ns):              8.631
  Arrival (ns):           14.074
  Required (ns):          22.705
  Operating Conditions: slow_lv_ht

Path 66
  From: MIV_RV32_CFG1_C0_0/MIV_RV32_CFG1_C0_0/u_ipcore_0/u_hart_0/u_expipe_0/u_exu_0/fast_mul.miv_rv32_mul_0/WideMult_1_0/MACC_PHYS_INST/INST_MACC_IP:CLK
  To:   MIV_RV32_CFG1_C0_0/MIV_RV32_CFG1_C0_0/u_ipcore_0/u_hart_0/u_expipe_0/de_ex_pipe_alu_op_sel_ex[2]:SLn
  Delay (ns):             10.977
  Slack (ns):              8.637
  Arrival (ns):           14.446
  Required (ns):          23.083
  Operating Conditions: slow_lv_ht

Path 67
  From: MIV_RV32_CFG1_C0_0/MIV_RV32_CFG1_C0_0/u_ipcore_0/u_hart_0/u_expipe_0/u_exu_0/fast_mul.miv_rv32_mul_0/WideMult_1_0/MACC_PHYS_INST/INST_MACC_IP:CLK
  To:   MIV_RV32_CFG1_C0_0/MIV_RV32_CFG1_C0_0/u_ipcore_0/u_hart_0/u_expipe_0/de_ex_pipe_curr_instr_enc_ex[2]:EN
  Delay (ns):             10.880
  Slack (ns):              8.643
  Arrival (ns):           14.349
  Required (ns):          22.992
  Operating Conditions: slow_lv_ht

Path 68
  From: MIV_RV32_CFG1_C0_0/MIV_RV32_CFG1_C0_0/u_ipcore_0/u_hart_0/u_expipe_0/u_exu_0/fast_mul.miv_rv32_mul_0/WideMult_1_0/MACC_PHYS_INST/INST_MACC_IP:CLK
  To:   MIV_RV32_CFG1_C0_0/MIV_RV32_CFG1_C0_0/u_ipcore_0/u_hart_0/u_expipe_0/de_ex_pipe_curr_instr_enc_ex[26]:EN
  Delay (ns):             10.880
  Slack (ns):              8.643
  Arrival (ns):           14.349
  Required (ns):          22.992
  Operating Conditions: slow_lv_ht

Path 69
  From: MIV_RV32_CFG1_C0_0/MIV_RV32_CFG1_C0_0/u_ipcore_0/u_hart_0/u_expipe_0/u_exu_0/fast_mul.miv_rv32_mul_0/WideMult_1_0/MACC_PHYS_INST/INST_MACC_IP:CLK
  To:   MIV_RV32_CFG1_C0_0/MIV_RV32_CFG1_C0_0/u_ipcore_0/u_hart_0/u_expipe_0/de_ex_pipe_curr_instr_enc_ex[15]:EN
  Delay (ns):             10.880
  Slack (ns):              8.643
  Arrival (ns):           14.349
  Required (ns):          22.992
  Operating Conditions: slow_lv_ht

Path 70
  From: MIV_RV32_CFG1_C0_0/MIV_RV32_CFG1_C0_0/u_ipcore_0/u_hart_0/u_expipe_0/u_exu_0/fast_mul.miv_rv32_mul_0/WideMult_1_0/MACC_PHYS_INST/INST_MACC_IP:CLK
  To:   MIV_RV32_CFG1_C0_0/MIV_RV32_CFG1_C0_0/u_ipcore_0/u_hart_0/u_expipe_0/de_ex_pipe_curr_instr_enc_ex[11]:EN
  Delay (ns):             10.880
  Slack (ns):              8.643
  Arrival (ns):           14.349
  Required (ns):          22.992
  Operating Conditions: slow_lv_ht

Path 71
  From: MIV_RV32_CFG1_C0_0/MIV_RV32_CFG1_C0_0/u_ipcore_0/u_hart_0/u_expipe_0/u_exu_0/fast_mul.miv_rv32_mul_0/WideMult_0_0/MACC_PHYS_INST/INST_MACC_IP:CLK
  To:   PF_SRAM_AHB_C0_0/PF_TPSRAM_AHB_AXI_0/PF_SRAM_AHB_C0_PF_TPSRAM_AHB_AXI_0_PF_TPSRAM_R46C0/INST_RAM1K20_IP:A_BLK_EN[2]
  Delay (ns):             10.580
  Slack (ns):              8.649
  Arrival (ns):           14.058
  Required (ns):          22.707
  Operating Conditions: slow_lv_ht

Path 72
  From: MIV_RV32_CFG1_C0_0/MIV_RV32_CFG1_C0_0/u_ipcore_0/u_hart_0/u_expipe_0/u_exu_0/fast_mul.miv_rv32_mul_0/WideMult_0_0/MACC_PHYS_INST/INST_MACC_IP:CLK
  To:   MIV_RV32_CFG1_C0_0/MIV_RV32_CFG1_C0_0/u_ipcore_0/u_hart_0/u_expipe_0/de_ex_pipe_curr_instr_enc_ex[19]:EN
  Delay (ns):             10.897
  Slack (ns):              8.658
  Arrival (ns):           14.375
  Required (ns):          23.033
  Operating Conditions: slow_lv_ht

Path 73
  From: MIV_RV32_CFG1_C0_0/MIV_RV32_CFG1_C0_0/u_ipcore_0/u_hart_0/u_expipe_0/u_exu_0/fast_mul.miv_rv32_mul_0/WideMult_0_0/MACC_PHYS_INST/INST_MACC_IP:CLK
  To:   MIV_RV32_CFG1_C0_0/MIV_RV32_CFG1_C0_0/u_ipcore_0/u_hart_0/u_expipe_0/de_ex_pipe_shifter_unit_op_sel_ex[1]:EN
  Delay (ns):             10.848
  Slack (ns):              8.667
  Arrival (ns):           14.326
  Required (ns):          22.993
  Operating Conditions: slow_lv_ht

Path 74
  From: MIV_RV32_CFG1_C0_0/MIV_RV32_CFG1_C0_0/u_ipcore_0/u_hart_0/u_expipe_0/u_exu_0/fast_mul.miv_rv32_mul_0/WideMult_1_0/MACC_PHYS_INST/INST_MACC_IP:CLK
  To:   MIV_RV32_CFG1_C0_0/MIV_RV32_CFG1_C0_0/u_ipcore_0/u_hart_0/u_expipe_0/de_ex_pipe_curr_instr_enc_ex[12]:EN
  Delay (ns):             10.880
  Slack (ns):              8.672
  Arrival (ns):           14.349
  Required (ns):          23.021
  Operating Conditions: slow_lv_ht

Path 75
  From: MIV_RV32_CFG1_C0_0/MIV_RV32_CFG1_C0_0/u_ipcore_0/u_hart_0/u_expipe_0/u_exu_0/fast_mul.miv_rv32_mul_0/WideMult_0_0/MACC_PHYS_INST/INST_MACC_IP:CLK
  To:   MIV_RV32_CFG1_C0_0/MIV_RV32_CFG1_C0_0/u_ipcore_0/u_hart_0/u_expipe_0/gen_gpr_ex_attbs_rd_ex.gen_debug_gpr_rd_sel_pipeline.de_ex_pipe_gpr_rs2_rd_sel_ex[4]:EN
  Delay (ns):             10.853
  Slack (ns):              8.673
  Arrival (ns):           14.331
  Required (ns):          23.004
  Operating Conditions: slow_lv_ht

Path 76
  From: MIV_RV32_CFG1_C0_0/MIV_RV32_CFG1_C0_0/u_ipcore_0/u_hart_0/u_expipe_0/u_exu_0/fast_mul.miv_rv32_mul_0/WideMult_0_0/MACC_PHYS_INST/INST_MACC_IP:CLK
  To:   MIV_RV32_CFG1_C0_0/MIV_RV32_CFG1_C0_0/u_ipcore_0/u_hart_0/u_expipe_0/de_ex_pipe_curr_instr_enc_ex[6]:EN
  Delay (ns):             10.880
  Slack (ns):              8.673
  Arrival (ns):           14.358
  Required (ns):          23.031
  Operating Conditions: slow_lv_ht

Path 77
  From: MIV_RV32_CFG1_C0_0/MIV_RV32_CFG1_C0_0/u_ipcore_0/u_hart_0/u_expipe_0/u_exu_0/fast_mul.miv_rv32_mul_0/WideMult_0_0/MACC_PHYS_INST/INST_MACC_IP:CLK
  To:   MIV_RV32_CFG1_C0_0/MIV_RV32_CFG1_C0_0/u_ipcore_0/u_hart_0/u_expipe_0/de_ex_pipe_curr_instr_enc_ex[23]:EN
  Delay (ns):             10.880
  Slack (ns):              8.673
  Arrival (ns):           14.358
  Required (ns):          23.031
  Operating Conditions: slow_lv_ht

Path 78
  From: MIV_RV32_CFG1_C0_0/MIV_RV32_CFG1_C0_0/u_ipcore_0/u_hart_0/u_expipe_0/u_exu_0/fast_mul.miv_rv32_mul_0/WideMult_0_0/MACC_PHYS_INST/INST_MACC_IP:CLK
  To:   MIV_RV32_CFG1_C0_0/MIV_RV32_CFG1_C0_0/u_ipcore_0/u_hart_0/u_expipe_0/gen_pipe_debug_enter_req_de_ex.de_ex_pipe_curr_pc_ex[8]:EN
  Delay (ns):             10.866
  Slack (ns):              8.674
  Arrival (ns):           14.344
  Required (ns):          23.018
  Operating Conditions: slow_lv_ht

Path 79
  From: MIV_RV32_CFG1_C0_0/MIV_RV32_CFG1_C0_0/u_ipcore_0/u_hart_0/u_expipe_0/u_exu_0/fast_mul.miv_rv32_mul_0/WideMult_0_0/MACC_PHYS_INST/INST_MACC_IP:CLK
  To:   MIV_RV32_CFG1_C0_0/MIV_RV32_CFG1_C0_0/u_ipcore_0/u_hart_0/u_expipe_0/gen_pipe_debug_enter_req_de_ex.de_ex_pipe_curr_pc_ex[7]:EN
  Delay (ns):             10.866
  Slack (ns):              8.674
  Arrival (ns):           14.344
  Required (ns):          23.018
  Operating Conditions: slow_lv_ht

Path 80
  From: MIV_RV32_CFG1_C0_0/MIV_RV32_CFG1_C0_0/u_ipcore_0/u_hart_0/u_expipe_0/u_exu_0/fast_mul.miv_rv32_mul_0/WideMult_0_0/MACC_PHYS_INST/INST_MACC_IP:CLK
  To:   MIV_RV32_CFG1_C0_0/MIV_RV32_CFG1_C0_0/u_ipcore_0/u_hart_0/u_expipe_0/gen_pipe_debug_enter_req_de_ex.de_ex_pipe_curr_pc_ex[10]:EN
  Delay (ns):             10.865
  Slack (ns):              8.674
  Arrival (ns):           14.343
  Required (ns):          23.017
  Operating Conditions: slow_lv_ht

Path 81
  From: MIV_RV32_CFG1_C0_0/MIV_RV32_CFG1_C0_0/u_ipcore_0/u_hart_0/u_expipe_0/u_exu_0/fast_mul.miv_rv32_mul_0/WideMult_0_0/MACC_PHYS_INST/INST_MACC_IP:CLK
  To:   MIV_RV32_CFG1_C0_0/MIV_RV32_CFG1_C0_0/u_ipcore_0/u_hart_0/u_expipe_0/gen_gpr_ex_attbs_rd_ex.gen_debug_gpr_rd_sel_pipeline.de_ex_pipe_gpr_rs2_rd_sel_ex[5]:EN
  Delay (ns):             10.853
  Slack (ns):              8.674
  Arrival (ns):           14.331
  Required (ns):          23.005
  Operating Conditions: slow_lv_ht

Path 82
  From: MIV_RV32_CFG1_C0_0/MIV_RV32_CFG1_C0_0/u_ipcore_0/u_hart_0/u_expipe_0/u_exu_0/fast_mul.miv_rv32_mul_0/WideMult_0_0/MACC_PHYS_INST/INST_MACC_IP:CLK
  To:   MIV_RV32_CFG1_C0_0/MIV_RV32_CFG1_C0_0/u_ipcore_0/u_hart_0/u_expipe_0/gen_pipe_debug_enter_req_de_ex.de_ex_pipe_curr_pc_ex[2]:EN
  Delay (ns):             10.865
  Slack (ns):              8.675
  Arrival (ns):           14.343
  Required (ns):          23.018
  Operating Conditions: slow_lv_ht

Path 83
  From: MIV_RV32_CFG1_C0_0/MIV_RV32_CFG1_C0_0/u_ipcore_0/u_hart_0/u_expipe_0/u_exu_0/fast_mul.miv_rv32_mul_0/WideMult_0_0/MACC_PHYS_INST/INST_MACC_IP:CLK
  To:   MIV_RV32_CFG1_C0_0/MIV_RV32_CFG1_C0_0/u_ipcore_0/u_hart_0/u_expipe_0/gen_gpr_ex_attbs_rd_ex.gen_debug_gpr_rd_sel_pipeline.de_ex_pipe_gpr_rs2_rd_sel_ex[1]:EN
  Delay (ns):             10.852
  Slack (ns):              8.675
  Arrival (ns):           14.330
  Required (ns):          23.005
  Operating Conditions: slow_lv_ht

Path 84
  From: MIV_RV32_CFG1_C0_0/MIV_RV32_CFG1_C0_0/u_ipcore_0/u_hart_0/u_expipe_0/u_exu_0/fast_mul.miv_rv32_mul_0/WideMult_0_0/MACC_PHYS_INST/INST_MACC_IP:CLK
  To:   MIV_RV32_CFG1_C0_0/MIV_RV32_CFG1_C0_0/u_ipcore_0/u_hart_0/u_expipe_0/gen_pipe_debug_enter_req_de_ex.de_ex_pipe_curr_pc_ex[9]:EN
  Delay (ns):             10.854
  Slack (ns):              8.676
  Arrival (ns):           14.332
  Required (ns):          23.008
  Operating Conditions: slow_lv_ht

Path 85
  From: MIV_RV32_CFG1_C0_0/MIV_RV32_CFG1_C0_0/u_ipcore_0/u_hart_0/u_expipe_0/u_exu_0/fast_mul.miv_rv32_mul_0/WideMult_0_0/MACC_PHYS_INST/INST_MACC_IP:CLK
  To:   MIV_RV32_CFG1_C0_0/MIV_RV32_CFG1_C0_0/u_ipcore_0/u_hart_0/u_expipe_0/gen_pipe_debug_enter_req_de_ex.de_ex_pipe_curr_pc_ex[4]:EN
  Delay (ns):             10.855
  Slack (ns):              8.676
  Arrival (ns):           14.333
  Required (ns):          23.009
  Operating Conditions: slow_lv_ht

Path 86
  From: MIV_RV32_CFG1_C0_0/MIV_RV32_CFG1_C0_0/u_ipcore_0/u_hart_0/u_expipe_0/u_exu_0/fast_mul.miv_rv32_mul_0/WideMult_0_0/MACC_PHYS_INST/INST_MACC_IP:CLK
  To:   MIV_RV32_CFG1_C0_0/MIV_RV32_CFG1_C0_0/u_ipcore_0/u_hart_0/u_expipe_0/gen_pipe_debug_enter_req_de_ex.de_ex_pipe_curr_pc_ex[28]:EN
  Delay (ns):             10.854
  Slack (ns):              8.676
  Arrival (ns):           14.332
  Required (ns):          23.008
  Operating Conditions: slow_lv_ht

Path 87
  From: MIV_RV32_CFG1_C0_0/MIV_RV32_CFG1_C0_0/u_ipcore_0/u_hart_0/u_expipe_0/u_exu_0/fast_mul.miv_rv32_mul_0/WideMult_0_0/MACC_PHYS_INST/INST_MACC_IP:CLK
  To:   MIV_RV32_CFG1_C0_0/MIV_RV32_CFG1_C0_0/u_ipcore_0/u_hart_0/u_expipe_0/gen_pipe_debug_enter_req_de_ex.de_ex_pipe_curr_pc_ex[13]:EN
  Delay (ns):             10.853
  Slack (ns):              8.677
  Arrival (ns):           14.331
  Required (ns):          23.008
  Operating Conditions: slow_lv_ht

Path 88
  From: MIV_RV32_CFG1_C0_0/MIV_RV32_CFG1_C0_0/u_ipcore_0/u_hart_0/u_expipe_0/u_exu_0/fast_mul.miv_rv32_mul_0/WideMult_0_0/MACC_PHYS_INST/INST_MACC_IP:CLK
  To:   MIV_RV32_CFG1_C0_0/MIV_RV32_CFG1_C0_0/u_ipcore_0/u_hart_0/u_expipe_0/de_ex_pipe_shifter_unit_op_sel_ex[1]:D
  Delay (ns):             10.970
  Slack (ns):              8.681
  Arrival (ns):           14.448
  Required (ns):          23.129
  Operating Conditions: slow_lv_ht

Path 89
  From: MIV_RV32_CFG1_C0_0/MIV_RV32_CFG1_C0_0/u_ipcore_0/u_hart_0/u_expipe_0/u_exu_0/fast_mul.miv_rv32_mul_0/WideMult_0_0/MACC_PHYS_INST/INST_MACC_IP:CLK
  To:   MIV_RV32_CFG1_C0_0/MIV_RV32_CFG1_C0_0/u_ipcore_0/u_hart_0/u_expipe_0/de_ex_pipe_curr_instr_enc_ex[10]:SLn
  Delay (ns):             10.927
  Slack (ns):              8.682
  Arrival (ns):           14.405
  Required (ns):          23.087
  Operating Conditions: slow_lv_ht

Path 90
  From: MIV_RV32_CFG1_C0_0/MIV_RV32_CFG1_C0_0/u_ipcore_0/u_hart_0/u_expipe_0/u_exu_0/fast_mul.miv_rv32_mul_0/WideMult_0_0/MACC_PHYS_INST/INST_MACC_IP:CLK
  To:   MIV_RV32_CFG1_C0_0/MIV_RV32_CFG1_C0_0/u_ipcore_0/u_hart_0/u_fetch_unit_0/u_miv_rv32_ifu_iab_0/buff_resp_rd_ptr[0]:EN
  Delay (ns):             10.860
  Slack (ns):              8.686
  Arrival (ns):           14.338
  Required (ns):          23.024
  Operating Conditions: slow_lv_ht

Path 91
  From: MIV_RV32_CFG1_C0_0/MIV_RV32_CFG1_C0_0/u_ipcore_0/u_hart_0/u_expipe_0/u_exu_0/fast_mul.miv_rv32_mul_0/WideMult_0_0/MACC_PHYS_INST/INST_MACC_IP:CLK
  To:   MIV_RV32_CFG1_C0_0/MIV_RV32_CFG1_C0_0/u_ipcore_0/u_hart_0/u_expipe_0/gen_gpr_ex_attbs_rd_ex.de_ex_pipe_gpr_rs1_rd_valid_ex:SLn
  Delay (ns):             10.892
  Slack (ns):              8.690
  Arrival (ns):           14.370
  Required (ns):          23.060
  Operating Conditions: slow_lv_ht

Path 92
  From: MIV_RV32_CFG1_C0_0/MIV_RV32_CFG1_C0_0/u_ipcore_0/u_hart_0/u_expipe_0/u_exu_0/fast_mul.miv_rv32_mul_0/WideMult_1_0/MACC_PHYS_INST/INST_MACC_IP:CLK
  To:   PF_SRAM_AHB_C0_0/PF_TPSRAM_AHB_AXI_0/PF_SRAM_AHB_C0_PF_TPSRAM_AHB_AXI_0_PF_TPSRAM_R45C0/INST_RAM1K20_IP:A_BLK_EN[2]
  Delay (ns):             10.545
  Slack (ns):              8.691
  Arrival (ns):           14.014
  Required (ns):          22.705
  Operating Conditions: slow_lv_ht

Path 93
  From: MIV_RV32_CFG1_C0_0/MIV_RV32_CFG1_C0_0/u_ipcore_0/u_hart_0/u_expipe_0/u_exu_0/fast_mul.miv_rv32_mul_0/WideMult_0_0/MACC_PHYS_INST/INST_MACC_IP:CLK
  To:   MIV_RV32_CFG1_C0_0/MIV_RV32_CFG1_C0_0/u_ipcore_0/u_hart_0/u_expipe_0/gen_gpr_ex_attbs_rd_ex.gen_debug_gpr_rd_sel_pipeline.de_ex_pipe_gpr_rs2_rd_sel_ex[3]:EN
  Delay (ns):             10.835
  Slack (ns):              8.691
  Arrival (ns):           14.313
  Required (ns):          23.004
  Operating Conditions: slow_lv_ht

Path 94
  From: MIV_RV32_CFG1_C0_0/MIV_RV32_CFG1_C0_0/u_ipcore_0/u_hart_0/u_expipe_0/u_exu_0/fast_mul.miv_rv32_mul_0/WideMult_0_0/MACC_PHYS_INST/INST_MACC_IP:CLK
  To:   MIV_RV32_CFG1_C0_0/MIV_RV32_CFG1_C0_0/u_ipcore_0/u_hart_0/u_expipe_0/gen_gpr_ex_attbs_rd_ex.gen_debug_gpr_rd_sel_pipeline.de_ex_pipe_gpr_rs2_rd_sel_ex[2]:EN
  Delay (ns):             10.835
  Slack (ns):              8.691
  Arrival (ns):           14.313
  Required (ns):          23.004
  Operating Conditions: slow_lv_ht

Path 95
  From: MIV_RV32_CFG1_C0_0/MIV_RV32_CFG1_C0_0/u_ipcore_0/u_hart_0/u_expipe_0/u_exu_0/fast_mul.miv_rv32_mul_0/WideMult_0_0/MACC_PHYS_INST/INST_MACC_IP:CLK
  To:   MIV_RV32_CFG1_C0_0/MIV_RV32_CFG1_C0_0/u_ipcore_0/u_hart_0/u_expipe_0/gen_gpr_ex_attbs_rd_ex.gen_debug_gpr_rd_sel_pipeline.de_ex_pipe_gpr_rs2_rd_sel_ex[0]:EN
  Delay (ns):             10.835
  Slack (ns):              8.692
  Arrival (ns):           14.313
  Required (ns):          23.005
  Operating Conditions: slow_lv_ht

Path 96
  From: MIV_RV32_CFG1_C0_0/MIV_RV32_CFG1_C0_0/u_ipcore_0/u_hart_0/u_expipe_0/u_exu_0/fast_mul.miv_rv32_mul_0/WideMult_0_0/MACC_PHYS_INST/INST_MACC_IP:CLK
  To:   MIV_RV32_CFG1_C0_0/MIV_RV32_CFG1_C0_0/u_ipcore_0/u_hart_0/u_expipe_0/de_ex_pipe_shifter_unit_op_sel_ex[0]:D
  Delay (ns):             10.958
  Slack (ns):              8.693
  Arrival (ns):           14.436
  Required (ns):          23.129
  Operating Conditions: slow_lv_ht

Path 97
  From: MIV_RV32_CFG1_C0_0/MIV_RV32_CFG1_C0_0/u_ipcore_0/u_hart_0/u_expipe_0/u_exu_0/fast_mul.miv_rv32_mul_0/WideMult_0_0/MACC_PHYS_INST/INST_MACC_IP:CLK
  To:   MIV_RV32_CFG1_C0_0/MIV_RV32_CFG1_C0_0/u_ipcore_0/u_hart_0/u_fetch_unit_0/u_miv_rv32_ifu_iab_0/buff_resp_rd_ptr[1]:EN
  Delay (ns):             10.845
  Slack (ns):              8.701
  Arrival (ns):           14.323
  Required (ns):          23.024
  Operating Conditions: slow_lv_ht

Path 98
  From: MIV_RV32_CFG1_C0_0/MIV_RV32_CFG1_C0_0/u_ipcore_0/u_hart_0/u_expipe_0/u_exu_0/fast_mul.miv_rv32_mul_0/WideMult_0_0/MACC_PHYS_INST/INST_MACC_IP:CLK
  To:   MIV_RV32_CFG1_C0_0/MIV_RV32_CFG1_C0_0/u_ipcore_0/u_hart_0/u_expipe_0/gen_pipe_debug_enter_req_de_ex.de_ex_pipe_curr_pc_ex[19]:EN
  Delay (ns):             10.823
  Slack (ns):              8.707
  Arrival (ns):           14.301
  Required (ns):          23.008
  Operating Conditions: slow_lv_ht

Path 99
  From: MIV_RV32_CFG1_C0_0/MIV_RV32_CFG1_C0_0/u_ipcore_0/u_hart_0/u_expipe_0/u_exu_0/fast_mul.miv_rv32_mul_0/WideMult_1_0/MACC_PHYS_INST/INST_MACC_IP:CLK
  To:   PF_SRAM_AHB_C0_0/PF_TPSRAM_AHB_AXI_0/PF_SRAM_AHB_C0_PF_TPSRAM_AHB_AXI_0_PF_TPSRAM_R46C0/INST_RAM1K20_IP:A_BLK_EN[2]
  Delay (ns):             10.529
  Slack (ns):              8.709
  Arrival (ns):           13.998
  Required (ns):          22.707
  Operating Conditions: slow_lv_ht

Path 100
  From: MIV_RV32_CFG1_C0_0/MIV_RV32_CFG1_C0_0/u_ipcore_0/u_hart_0/u_expipe_0/u_exu_0/fast_mul.miv_rv32_mul_0/WideMult_0_0/MACC_PHYS_INST/INST_MACC_IP:CLK
  To:   MIV_RV32_CFG1_C0_0/MIV_RV32_CFG1_C0_0/u_ipcore_0/u_hart_0/u_expipe_0/de_ex_pipe_curr_instr_enc_ex[20]:EN
  Delay (ns):             10.828
  Slack (ns):              8.718
  Arrival (ns):           14.306
  Required (ns):          23.024
  Operating Conditions: slow_lv_ht

