Timing Violation Report Min Delay Analysis

SmartTime Version 2025.2
Microchip Technology Inc. - Microchip Libero Software Release 2025.2 (Version 2025.2.0.14)
Date: Sun Jan 18 03:17:12 2026


Design: BaseDesign
Family: PolarFireSoC
Die: MPFS095T
Package: FCSG325
Temperature Range: 0 - 100 C
Voltage Range: 0.97 - 1.03 V
Speed Grade: -1
Design State: Post-Layout
Data source: Production
Multi Corner Report Operating Conditions: slow_lv_lt,fast_hv_lt,slow_lv_ht


Path 1
  From: MIV_RV32_CFG1_C0_0/MIV_RV32_CFG1_C0_0/u_ipcore_0/gen_subsys_debug.u_subsys_debug_unit_0/miv_rv32_debug_du_0/cmderr_ff[1]:CLK
  To:   MIV_RV32_CFG1_C0_0/MIV_RV32_CFG1_C0_0/u_ipcore_0/gen_subsys_debug.u_subsys_debug_unit_0/miv_rv32_debug_du_0/abstractcs_cmderr[1]:D
  Delay (ns):              0.151
  Slack (ns):              0.074
  Arrival (ns):            2.122
  Required (ns):           2.048
  Operating Conditions: fast_hv_lt

Path 2
  From: CORERESET_PF_C0_0/CORERESET_PF_C0_0/dff_9[0]:CLK
  To:   CORERESET_PF_C0_0/CORERESET_PF_C0_0/dff_10[0]:D
  Delay (ns):              0.148
  Slack (ns):              0.074
  Arrival (ns):            2.122
  Required (ns):           2.048
  Operating Conditions: fast_hv_lt

Path 3
  From: CORERESET_PF_C0_0/CORERESET_PF_C0_0/dff_0[0]:CLK
  To:   CORERESET_PF_C0_0/CORERESET_PF_C0_0/dff_1[0]:D
  Delay (ns):              0.144
  Slack (ns):              0.077
  Arrival (ns):            2.113
  Required (ns):           2.036
  Operating Conditions: fast_hv_lt

Path 4
  From: MIV_RV32_CFG1_C0_0/MIV_RV32_CFG1_C0_0/u_ipcore_0/gen_subsys_debug.u_subsys_debug_unit_0/debug_resp_fifo/rd_gray_ptr_synch[1]:CLK
  To:   MIV_RV32_CFG1_C0_0/MIV_RV32_CFG1_C0_0/u_ipcore_0/gen_subsys_debug.u_subsys_debug_unit_0/debug_resp_fifo/rd_gray_ptr_in_write[1]:D
  Delay (ns):              0.157
  Slack (ns):              0.080
  Arrival (ns):            2.127
  Required (ns):           2.047
  Operating Conditions: fast_hv_lt

Path 5
  From: MIV_RV32_CFG1_C0_0/MIV_RV32_CFG1_C0_0/u_ipcore_0/gen_subsys_debug.u_subsys_debug_unit_0/debug_req_fifo/genblk1.rst_synch_reg[1]:CLK
  To:   MIV_RV32_CFG1_C0_0/MIV_RV32_CFG1_C0_0/u_ipcore_0/gen_subsys_debug.u_subsys_debug_unit_0/debug_req_fifo/genblk1.rst_synch_reg[0]:D
  Delay (ns):              0.153
  Slack (ns):              0.080
  Arrival (ns):            2.103
  Required (ns):           2.023
  Operating Conditions: fast_hv_lt

Path 6
  From: CORERESET_PF_C0_0/CORERESET_PF_C0_0/dff_11[0]:CLK
  To:   CORERESET_PF_C0_0/CORERESET_PF_C0_0/dff_12[0]:D
  Delay (ns):              0.154
  Slack (ns):              0.080
  Arrival (ns):            2.128
  Required (ns):           2.048
  Operating Conditions: fast_hv_lt

Path 7
  From: MIV_RV32_CFG1_C0_0/MIV_RV32_CFG1_C0_0/u_ipcore_0/gen_subsys_debug.u_subsys_debug_unit_0/miv_rv32_debug_du_0/cmderr_ff[0]:CLK
  To:   MIV_RV32_CFG1_C0_0/MIV_RV32_CFG1_C0_0/u_ipcore_0/gen_subsys_debug.u_subsys_debug_unit_0/miv_rv32_debug_du_0/abstractcs_cmderr[0]:D
  Delay (ns):              0.159
  Slack (ns):              0.082
  Arrival (ns):            2.130
  Required (ns):           2.048
  Operating Conditions: fast_hv_lt

Path 8
  From: CORERESET_PF_C0_0/CORERESET_PF_C0_0/dff_3[0]:CLK
  To:   CORERESET_PF_C0_0/CORERESET_PF_C0_0/dff_4[0]:D
  Delay (ns):              0.150
  Slack (ns):              0.082
  Arrival (ns):            2.124
  Required (ns):           2.042
  Operating Conditions: fast_hv_lt

Path 9
  From: MIV_RV32_CFG1_C0_0/MIV_RV32_CFG1_C0_0/u_ipcore_0/u_hart_0/u_expipe_0/de_ex_pipe_curr_instr_enc_ex[3]:CLK
  To:   MIV_RV32_CFG1_C0_0/MIV_RV32_CFG1_C0_0/u_ipcore_0/u_hart_0/u_expipe_0/ex_retr_pipe_curr_instr_enc_retr[3]:D
  Delay (ns):              0.151
  Slack (ns):              0.083
  Arrival (ns):            2.130
  Required (ns):           2.047
  Operating Conditions: fast_hv_lt

Path 10
  From: MIV_RV32_CFG1_C0_0/MIV_RV32_CFG1_C0_0/u_ipcore_0/gen_subsys_debug.u_subsys_debug_unit_0/debug_resp_fifo/genblk1.rst_synch_reg[1]:CLK
  To:   MIV_RV32_CFG1_C0_0/MIV_RV32_CFG1_C0_0/u_ipcore_0/gen_subsys_debug.u_subsys_debug_unit_0/debug_resp_fifo/genblk1.rst_synch_reg[0]:D
  Delay (ns):              0.158
  Slack (ns):              0.083
  Arrival (ns):            3.365
  Required (ns):           3.282
  Operating Conditions: fast_hv_lt

Path 11
  From: MIV_ESS_C0_0/CoreUARTapb_0/uUART/tx_hold_reg[4]:CLK
  To:   MIV_ESS_C0_0/CoreUARTapb_0/uUART/make_TX/tx_byte[4]:D
  Delay (ns):              0.157
  Slack (ns):              0.083
  Arrival (ns):            2.102
  Required (ns):           2.019
  Operating Conditions: fast_hv_lt

Path 12
  From: MIV_ESS_C0_0/CoreUARTapb_0/uUART/make_RX/rx_shift[6]:CLK
  To:   MIV_ESS_C0_0/CoreUARTapb_0/uUART/make_RX/rx_shift[5]:D
  Delay (ns):              0.157
  Slack (ns):              0.083
  Arrival (ns):            2.107
  Required (ns):           2.024
  Operating Conditions: fast_hv_lt

Path 13
  From: CORERESET_PF_C0_0/CORERESET_PF_C0_0/dff_8[0]:CLK
  To:   CORERESET_PF_C0_0/CORERESET_PF_C0_0/dff_9[0]:D
  Delay (ns):              0.157
  Slack (ns):              0.083
  Arrival (ns):            2.131
  Required (ns):           2.048
  Operating Conditions: fast_hv_lt

Path 14
  From: MIV_RV32_CFG1_C0_0/MIV_RV32_CFG1_C0_0/u_ipcore_0/gen_subsys_debug.u_subsys_debug_unit_0/miv_rv32_debug_du_0/cmderr_ff[2]:CLK
  To:   MIV_RV32_CFG1_C0_0/MIV_RV32_CFG1_C0_0/u_ipcore_0/gen_subsys_debug.u_subsys_debug_unit_0/miv_rv32_debug_du_0/abstractcs_cmderr[2]:D
  Delay (ns):              0.161
  Slack (ns):              0.084
  Arrival (ns):            2.132
  Required (ns):           2.048
  Operating Conditions: fast_hv_lt

Path 15
  From: CORERESET_PF_C0_0/CORERESET_PF_C0_0/dff_7[0]:CLK
  To:   CORERESET_PF_C0_0/CORERESET_PF_C0_0/dff_8[0]:D
  Delay (ns):              0.159
  Slack (ns):              0.085
  Arrival (ns):            2.133
  Required (ns):           2.048
  Operating Conditions: fast_hv_lt

Path 16
  From: CORERESET_PF_C0_0/CORERESET_PF_C0_0/dff_13[0]:CLK
  To:   CORERESET_PF_C0_0/CORERESET_PF_C0_0/dff_14[0]:D
  Delay (ns):              0.159
  Slack (ns):              0.085
  Arrival (ns):            2.133
  Required (ns):           2.048
  Operating Conditions: fast_hv_lt

Path 17
  From: MIV_ESS_C0_0/CoreGPIO_0/xhdl1.GEN_BITS[2].gpin1[2]:CLK
  To:   MIV_ESS_C0_0/CoreGPIO_0/xhdl1.GEN_BITS[2].gpin2[2]:D
  Delay (ns):              0.161
  Slack (ns):              0.087
  Arrival (ns):            2.099
  Required (ns):           2.012
  Operating Conditions: fast_hv_lt

Path 18
  From: CORERESET_PF_C0_0/CORERESET_PF_C0_0/dff_10[0]:CLK
  To:   CORERESET_PF_C0_0/CORERESET_PF_C0_0/dff_11[0]:D
  Delay (ns):              0.161
  Slack (ns):              0.087
  Arrival (ns):            2.135
  Required (ns):           2.048
  Operating Conditions: fast_hv_lt

Path 19
  From: MIV_RV32_CFG1_C0_0/MIV_RV32_CFG1_C0_0/u_ipcore_0/gen_subsys_debug.u_subsys_debug_unit_0/debug_req_fifo/rd_gray_ptr_synch[1]:CLK
  To:   MIV_RV32_CFG1_C0_0/MIV_RV32_CFG1_C0_0/u_ipcore_0/gen_subsys_debug.u_subsys_debug_unit_0/debug_req_fifo/rd_gray_ptr_in_write[1]:D
  Delay (ns):              0.161
  Slack (ns):              0.088
  Arrival (ns):            3.558
  Required (ns):           3.470
  Operating Conditions: fast_hv_lt

Path 20
  From: MIV_ESS_C0_0/CoreUARTapb_0/uUART/make_RX/rx_shift[5]:CLK
  To:   MIV_ESS_C0_0/CoreUARTapb_0/uUART/make_RX/rx_shift[4]:D
  Delay (ns):              0.162
  Slack (ns):              0.088
  Arrival (ns):            2.112
  Required (ns):           2.024
  Operating Conditions: fast_hv_lt

Path 21
  From: MIV_RV32_CFG1_C0_0/MIV_RV32_CFG1_C0_0/u_ipcore_0/gen_subsys_debug.u_subsys_debug_unit_0/miv_rv32_debug_du_0/data_0_reg[31]:CLK
  To:   MIV_RV32_CFG1_C0_0/MIV_RV32_CFG1_C0_0/u_ipcore_0/gen_subsys_debug.u_subsys_debug_unit_0/miv_rv32_debug_du_0/debug_op_wr_data[31]:D
  Delay (ns):              0.163
  Slack (ns):              0.089
  Arrival (ns):            2.125
  Required (ns):           2.036
  Operating Conditions: fast_hv_lt

Path 22
  From: MIV_ESS_C0_0/CoreUARTapb_0/uUART/make_RX/rx_shift[1]:CLK
  To:   MIV_ESS_C0_0/CoreUARTapb_0/uUART/make_RX/rx_shift[0]:D
  Delay (ns):              0.163
  Slack (ns):              0.089
  Arrival (ns):            2.113
  Required (ns):           2.024
  Operating Conditions: fast_hv_lt

Path 23
  From: CORERESET_PF_C0_0/CORERESET_PF_C0_0/dff_4[0]:CLK
  To:   CORERESET_PF_C0_0/CORERESET_PF_C0_0/dff_5[0]:D
  Delay (ns):              0.163
  Slack (ns):              0.089
  Arrival (ns):            2.137
  Required (ns):           2.048
  Operating Conditions: fast_hv_lt

Path 24
  From: MIV_RV32_CFG1_C0_0/MIV_RV32_CFG1_C0_0/u_ipcore_0/u_hart_0/u_fetch_unit_0/u_miv_rv32_ifu_iab_0/buff_req_wr_ptr_1[0]:CLK
  To:   MIV_RV32_CFG1_C0_0/MIV_RV32_CFG1_C0_0/u_ipcore_0/u_hart_0/u_fetch_unit_0/u_miv_rv32_ifu_iab_0/buff_req_rd_ptr[1]:D
  Delay (ns):              0.164
  Slack (ns):              0.090
  Arrival (ns):            2.118
  Required (ns):           2.028
  Operating Conditions: fast_hv_lt

Path 25
  From: MIV_RV32_CFG1_C0_0/MIV_RV32_CFG1_C0_0/u_ipcore_0/u_hart_0/u_expipe_0/de_ex_pipe_curr_instr_enc_ex[17]:CLK
  To:   MIV_RV32_CFG1_C0_0/MIV_RV32_CFG1_C0_0/u_ipcore_0/u_hart_0/u_expipe_0/ex_retr_pipe_curr_instr_enc_retr[17]:D
  Delay (ns):              0.164
  Slack (ns):              0.090
  Arrival (ns):            2.143
  Required (ns):           2.053
  Operating Conditions: fast_hv_lt

Path 26
  From: MIV_ESS_C0_0/CoreGPIO_0/xhdl1.GEN_BITS[2].gpin2[2]:CLK
  To:   MIV_ESS_C0_0/CoreGPIO_0/xhdl1.GEN_BITS[2].gpin3[2]:D
  Delay (ns):              0.164
  Slack (ns):              0.090
  Arrival (ns):            2.102
  Required (ns):           2.012
  Operating Conditions: fast_hv_lt

Path 27
  From: CORERESET_PF_C0_0/CORERESET_PF_C0_0/dff_12[0]:CLK
  To:   CORERESET_PF_C0_0/CORERESET_PF_C0_0/dff_13[0]:D
  Delay (ns):              0.164
  Slack (ns):              0.090
  Arrival (ns):            2.138
  Required (ns):           2.048
  Operating Conditions: fast_hv_lt

Path 28
  From: MIV_ESS_C0_0/CoreUARTapb_0/uUART/make_RX/rx_shift[2]:CLK
  To:   MIV_ESS_C0_0/CoreUARTapb_0/uUART/make_RX/rx_shift[1]:D
  Delay (ns):              0.165
  Slack (ns):              0.091
  Arrival (ns):            2.115
  Required (ns):           2.024
  Operating Conditions: fast_hv_lt

Path 29
  From: MIV_ESS_C0_0/CoreUARTapb_0/uUART/make_RX/samples_2[0]:CLK
  To:   MIV_ESS_C0_0/CoreUARTapb_0/uUART/make_RX/samples_1[0]:D
  Delay (ns):              0.167
  Slack (ns):              0.093
  Arrival (ns):            2.131
  Required (ns):           2.038
  Operating Conditions: fast_hv_lt

Path 30
  From: MIV_ESS_C0_0/CoreUARTapb_0/uUART/tx_hold_reg[3]:CLK
  To:   MIV_ESS_C0_0/CoreUARTapb_0/uUART/make_TX/tx_byte[3]:D
  Delay (ns):              0.206
  Slack (ns):              0.113
  Arrival (ns):            2.144
  Required (ns):           2.031
  Operating Conditions: fast_hv_lt

Path 31
  From: sram_test_module_0/st_reg0:CLK
  To:   sram_test_module_0/st_reg1:D
  Delay (ns):              0.189
  Slack (ns):              0.116
  Arrival (ns):            2.158
  Required (ns):           2.042
  Operating Conditions: fast_hv_lt

Path 32
  From: MIV_RV32_CFG1_C0_0/MIV_RV32_CFG1_C0_0/u_ipcore_0/gen_subsys_debug.u_subsys_debug_unit_0/miv_rv32_debug_du_0/dmcontrol_dmactive:CLK
  To:   MIV_RV32_CFG1_C0_0/MIV_RV32_CFG1_C0_0/u_ipcore_0/gen_subsys_debug.u_subsys_debug_unit_0/miv_rv32_debug_du_0/command_reg_state[5]:SLn
  Delay (ns):              0.261
  Slack (ns):              0.116
  Arrival (ns):            2.232
  Required (ns):           2.116
  Operating Conditions: fast_hv_lt

Path 33
  From: MIV_RV32_CFG1_C0_0/MIV_RV32_CFG1_C0_0/u_ipcore_0/gen_subsys_debug.u_subsys_debug_unit_0/miv_rv32_debug_du_0/dmcontrol_dmactive:CLK
  To:   MIV_RV32_CFG1_C0_0/MIV_RV32_CFG1_C0_0/u_ipcore_0/gen_subsys_debug.u_subsys_debug_unit_0/miv_rv32_debug_du_0/command_reg_state[1]:SLn
  Delay (ns):              0.262
  Slack (ns):              0.117
  Arrival (ns):            2.233
  Required (ns):           2.116
  Operating Conditions: fast_hv_lt

Path 34
  From: MIV_RV32_CFG1_C0_0/MIV_RV32_CFG1_C0_0/u_ipcore_0/gen_subsys_debug.u_subsys_debug_unit_0/miv_rv32_debug_du_0/dmcontrol_dmactive:CLK
  To:   MIV_RV32_CFG1_C0_0/MIV_RV32_CFG1_C0_0/u_ipcore_0/gen_subsys_debug.u_subsys_debug_unit_0/miv_rv32_debug_du_0/command_reg[16]:SLn
  Delay (ns):              0.262
  Slack (ns):              0.117
  Arrival (ns):            2.233
  Required (ns):           2.116
  Operating Conditions: fast_hv_lt

Path 35
  From: MIV_RV32_CFG1_C0_0/MIV_RV32_CFG1_C0_0/u_ipcore_0/gen_subsys_debug.u_subsys_debug_unit_0/miv_rv32_debug_du_0/dmcontrol_dmactive:CLK
  To:   MIV_RV32_CFG1_C0_0/MIV_RV32_CFG1_C0_0/u_ipcore_0/gen_subsys_debug.u_subsys_debug_unit_0/miv_rv32_debug_du_0/command_reg_state[2]:SLn
  Delay (ns):              0.263
  Slack (ns):              0.118
  Arrival (ns):            2.234
  Required (ns):           2.116
  Operating Conditions: fast_hv_lt

Path 36
  From: MIV_RV32_CFG1_C0_0/MIV_RV32_CFG1_C0_0/u_ipcore_0/gen_subsys_debug.u_subsys_debug_unit_0/miv_rv32_debug_du_0/dmcontrol_dmactive:CLK
  To:   MIV_RV32_CFG1_C0_0/MIV_RV32_CFG1_C0_0/u_ipcore_0/gen_subsys_debug.u_subsys_debug_unit_0/miv_rv32_debug_du_0/command_reg[17]:SLn
  Delay (ns):              0.263
  Slack (ns):              0.118
  Arrival (ns):            2.234
  Required (ns):           2.116
  Operating Conditions: fast_hv_lt

Path 37
  From: MIV_RV32_CFG1_C0_0/MIV_RV32_CFG1_C0_0/u_ipcore_0/gen_subsys_debug.u_subsys_debug_unit_0/miv_rv32_debug_du_0/data_0_reg[1]:CLK
  To:   MIV_RV32_CFG1_C0_0/MIV_RV32_CFG1_C0_0/u_ipcore_0/gen_subsys_debug.u_subsys_debug_unit_0/miv_rv32_debug_du_0/debug_op_wr_data[1]:D
  Delay (ns):              0.198
  Slack (ns):              0.118
  Arrival (ns):            2.171
  Required (ns):           2.053
  Operating Conditions: fast_hv_lt

Path 38
  From: MIV_RV32_CFG1_C0_0/MIV_RV32_CFG1_C0_0/u_ipcore_0/gen_subsys_debug.u_subsys_debug_unit_0/debug_req_fifo/rd_gray_ptr_synch[0]:CLK
  To:   MIV_RV32_CFG1_C0_0/MIV_RV32_CFG1_C0_0/u_ipcore_0/gen_subsys_debug.u_subsys_debug_unit_0/debug_req_fifo/rd_gray_ptr_in_write[0]:D
  Delay (ns):              0.260
  Slack (ns):              0.118
  Arrival (ns):            3.660
  Required (ns):           3.542
  Operating Conditions: fast_hv_lt

Path 39
  From: MIV_RV32_CFG1_C0_0/MIV_RV32_CFG1_C0_0/u_ipcore_0/gen_subsys_debug.u_subsys_debug_unit_0/MIV_subsys_debug_transport_module_jtag_0/gen_shift_register_active_high.gen_shift_register_active_low.shiftIR[4]:CLK
  To:   MIV_RV32_CFG1_C0_0/MIV_RV32_CFG1_C0_0/u_ipcore_0/gen_subsys_debug.u_subsys_debug_unit_0/MIV_subsys_debug_transport_module_jtag_0/gen_shift_register_active_high.gen_shift_register_active_low.shiftIR[3]:D
  Delay (ns):              0.197
  Slack (ns):              0.121
  Arrival (ns):            3.407
  Required (ns):           3.286
  Operating Conditions: fast_hv_lt

Path 40
  From: CORERESET_PF_C0_0/CORERESET_PF_C0_0/dff_5[0]:CLK
  To:   CORERESET_PF_C0_0/CORERESET_PF_C0_0/dff_6[0]:D
  Delay (ns):              0.195
  Slack (ns):              0.121
  Arrival (ns):            2.169
  Required (ns):           2.048
  Operating Conditions: fast_hv_lt

Path 41
  From: MIV_RV32_CFG1_C0_0/MIV_RV32_CFG1_C0_0/u_ipcore_0/u_hart_0/u_expipe_0/de_ex_pipe_curr_instr_enc_ex[8]:CLK
  To:   MIV_RV32_CFG1_C0_0/MIV_RV32_CFG1_C0_0/u_ipcore_0/u_hart_0/u_expipe_0/ex_retr_pipe_curr_instr_enc_retr[8]:D
  Delay (ns):              0.210
  Slack (ns):              0.122
  Arrival (ns):            2.186
  Required (ns):           2.064
  Operating Conditions: fast_hv_lt

Path 42
  From: MIV_RV32_CFG1_C0_0/MIV_RV32_CFG1_C0_0/u_ipcore_0/gen_subsys_debug.u_subsys_debug_unit_0/MIV_subsys_debug_transport_module_jtag_0/gen_shift_register_active_high.gen_shift_register_active_low.shiftDR[10]:CLK
  To:   MIV_RV32_CFG1_C0_0/MIV_RV32_CFG1_C0_0/u_ipcore_0/gen_subsys_debug.u_subsys_debug_unit_0/MIV_subsys_debug_transport_module_jtag_0/gen_shift_register_active_high.gen_shift_register_active_low.shiftDR[9]:D
  Delay (ns):              0.198
  Slack (ns):              0.122
  Arrival (ns):            3.387
  Required (ns):           3.265
  Operating Conditions: fast_hv_lt

Path 43
  From: MIV_ESS_C0_0/MIV_PLIC_0/interrupt_claim_complete_0/plic_interrupt_complete_generation.genblk1[1].interrupt_complete_data[1]:CLK
  To:   MIV_ESS_C0_0/MIV_PLIC_0/plic_core_plic_gateway.genblk1[1].plic_gateway/interrupt_in_flight:D
  Delay (ns):              0.196
  Slack (ns):              0.122
  Arrival (ns):            2.134
  Required (ns):           2.012
  Operating Conditions: fast_hv_lt

Path 44
  From: CORERESET_PF_C0_0/CORERESET_PF_C0_0/dff_1[0]:CLK
  To:   CORERESET_PF_C0_0/CORERESET_PF_C0_0/dff_2[0]:D
  Delay (ns):              0.195
  Slack (ns):              0.122
  Arrival (ns):            2.164
  Required (ns):           2.042
  Operating Conditions: fast_hv_lt

Path 45
  From: MIV_RV32_CFG1_C0_0/MIV_RV32_CFG1_C0_0/u_ipcore_0/gen_subsys_debug.u_subsys_debug_unit_0/MIV_subsys_debug_transport_module_jtag_0/gen_shift_register_active_high.gen_shift_register_active_low.shiftIR[2]:CLK
  To:   MIV_RV32_CFG1_C0_0/MIV_RV32_CFG1_C0_0/u_ipcore_0/gen_subsys_debug.u_subsys_debug_unit_0/MIV_subsys_debug_transport_module_jtag_0/gen_shift_register_active_high.gen_shift_register_active_low.shiftIR[1]:D
  Delay (ns):              0.198
  Slack (ns):              0.123
  Arrival (ns):            3.408
  Required (ns):           3.285
  Operating Conditions: fast_hv_lt

Path 46
  From: MIV_RV32_CFG1_C0_0/MIV_RV32_CFG1_C0_0/u_ipcore_0/gen_subsys_debug.u_subsys_debug_unit_0/miv_rv32_debug_du_0/command_reg[5]:CLK
  To:   MIV_RV32_CFG1_C0_0/MIV_RV32_CFG1_C0_0/u_ipcore_0/gen_subsys_debug.u_subsys_debug_unit_0/miv_rv32_debug_du_0/debug_gpr_addr[5]:D
  Delay (ns):              0.198
  Slack (ns):              0.124
  Arrival (ns):            2.150
  Required (ns):           2.026
  Operating Conditions: fast_hv_lt

Path 47
  From: MIV_RV32_CFG1_C0_0/MIV_RV32_CFG1_C0_0/u_ipcore_0/gen_subsys_debug.u_subsys_debug_unit_0/miv_rv32_debug_du_0/command_reg[1]:CLK
  To:   MIV_RV32_CFG1_C0_0/MIV_RV32_CFG1_C0_0/u_ipcore_0/gen_subsys_debug.u_subsys_debug_unit_0/miv_rv32_debug_du_0/debug_csr_addr[1]:D
  Delay (ns):              0.198
  Slack (ns):              0.124
  Arrival (ns):            2.148
  Required (ns):           2.024
  Operating Conditions: fast_hv_lt

Path 48
  From: MIV_RV32_CFG1_C0_0/MIV_RV32_CFG1_C0_0/u_ipcore_0/gen_subsys_debug.u_subsys_debug_unit_0/MIV_subsys_debug_transport_module_jtag_0/gen_shift_register_active_high.gen_shift_register_active_low.shiftDR[9]:CLK
  To:   MIV_RV32_CFG1_C0_0/MIV_RV32_CFG1_C0_0/u_ipcore_0/gen_subsys_debug.u_subsys_debug_unit_0/MIV_subsys_debug_transport_module_jtag_0/gen_shift_register_active_high.gen_shift_register_active_low.shiftDR[8]:D
  Delay (ns):              0.200
  Slack (ns):              0.124
  Arrival (ns):            3.389
  Required (ns):           3.265
  Operating Conditions: fast_hv_lt

Path 49
  From: MIV_ESS_C0_0/CoreUARTapb_0/uUART/make_RX/samples_1[0]:CLK
  To:   MIV_ESS_C0_0/CoreUARTapb_0/uUART/make_RX/samples_0[0]:D
  Delay (ns):              0.198
  Slack (ns):              0.124
  Arrival (ns):            2.162
  Required (ns):           2.038
  Operating Conditions: fast_hv_lt

Path 50
  From: MIV_ESS_C0_0/CoreUARTapb_0/uUART/make_RX/rx_shift[4]:CLK
  To:   MIV_ESS_C0_0/CoreUARTapb_0/uUART/make_RX/rx_shift[3]:D
  Delay (ns):              0.198
  Slack (ns):              0.124
  Arrival (ns):            2.148
  Required (ns):           2.024
  Operating Conditions: fast_hv_lt

Path 51
  From: MIV_RV32_CFG1_C0_0/MIV_RV32_CFG1_C0_0/u_ipcore_0/gen_subsys_debug.u_subsys_debug_unit_0/miv_rv32_debug_du_0/command_reg[5]:CLK
  To:   MIV_RV32_CFG1_C0_0/MIV_RV32_CFG1_C0_0/u_ipcore_0/gen_subsys_debug.u_subsys_debug_unit_0/miv_rv32_debug_du_0/debug_csr_addr[5]:D
  Delay (ns):              0.199
  Slack (ns):              0.125
  Arrival (ns):            2.151
  Required (ns):           2.026
  Operating Conditions: fast_hv_lt

Path 52
  From: MIV_RV32_CFG1_C0_0/MIV_RV32_CFG1_C0_0/u_ipcore_0/gen_subsys_debug.u_subsys_debug_unit_0/miv_rv32_debug_du_0/command_reg[1]:CLK
  To:   MIV_RV32_CFG1_C0_0/MIV_RV32_CFG1_C0_0/u_ipcore_0/gen_subsys_debug.u_subsys_debug_unit_0/miv_rv32_debug_du_0/debug_gpr_addr[1]:D
  Delay (ns):              0.199
  Slack (ns):              0.125
  Arrival (ns):            2.149
  Required (ns):           2.024
  Operating Conditions: fast_hv_lt

Path 53
  From: MIV_RV32_CFG1_C0_0/MIV_RV32_CFG1_C0_0/u_ipcore_0/gen_subsys_debug.u_subsys_debug_unit_0/MIV_subsys_debug_transport_module_jtag_0/gen_shift_register_active_high.gen_shift_register_active_low.shiftDR[16]:CLK
  To:   MIV_RV32_CFG1_C0_0/MIV_RV32_CFG1_C0_0/u_ipcore_0/gen_subsys_debug.u_subsys_debug_unit_0/MIV_subsys_debug_transport_module_jtag_0/dmi_outputs_and_dtmcs_resets.dtmcs_resets_active_low.dtmcs_dmireset:D
  Delay (ns):              0.276
  Slack (ns):              0.125
  Arrival (ns):            3.465
  Required (ns):           3.340
  Operating Conditions: fast_hv_lt

Path 54
  From: MIV_ESS_C0_0/CoreUARTapb_0/uUART/tx_hold_reg[5]:CLK
  To:   MIV_ESS_C0_0/CoreUARTapb_0/uUART/make_TX/tx_byte[5]:D
  Delay (ns):              0.211
  Slack (ns):              0.125
  Arrival (ns):            2.156
  Required (ns):           2.031
  Operating Conditions: fast_hv_lt

Path 55
  From: MIV_ESS_C0_0/CoreGPIO_0/xhdl1.GEN_BITS[6].gpin1[6]:CLK
  To:   MIV_ESS_C0_0/CoreGPIO_0/xhdl1.GEN_BITS[6].gpin2[6]:D
  Delay (ns):              0.199
  Slack (ns):              0.125
  Arrival (ns):            2.158
  Required (ns):           2.033
  Operating Conditions: fast_hv_lt

Path 56
  From: sram_test_module_0/st_reg1:CLK
  To:   sram_test_module_0/st_prev:D
  Delay (ns):              0.218
  Slack (ns):              0.126
  Arrival (ns):            2.186
  Required (ns):           2.060
  Operating Conditions: fast_hv_lt

Path 57
  From: MIV_ESS_C0_0/CoreUARTapb_0/uUART/make_RX/rx_shift[6]:CLK
  To:   MIV_ESS_C0_0/CoreUARTapb_0/uUART/make_RX/rx_byte[6]:D
  Delay (ns):              0.214
  Slack (ns):              0.126
  Arrival (ns):            2.164
  Required (ns):           2.038
  Operating Conditions: fast_hv_lt

Path 58
  From: MIV_RV32_CFG1_C0_0/MIV_RV32_CFG1_C0_0/u_ipcore_0/u_hart_0/u_expipe_0/u_exu_0/div_divisor[3]:CLK
  To:   MIV_RV32_CFG1_C0_0/MIV_RV32_CFG1_C0_0/u_ipcore_0/u_hart_0/u_expipe_0/u_exu_0/div_divisor[2]:D
  Delay (ns):              0.204
  Slack (ns):              0.127
  Arrival (ns):            2.175
  Required (ns):           2.048
  Operating Conditions: fast_hv_lt

Path 59
  From: MIV_RV32_CFG1_C0_0/MIV_RV32_CFG1_C0_0/u_ipcore_0/u_hart_0/u_expipe_0/u_exu_0/div_divisor[2]:CLK
  To:   MIV_RV32_CFG1_C0_0/MIV_RV32_CFG1_C0_0/u_ipcore_0/u_hart_0/u_expipe_0/u_exu_0/div_divisor[1]:D
  Delay (ns):              0.204
  Slack (ns):              0.127
  Arrival (ns):            2.175
  Required (ns):           2.048
  Operating Conditions: fast_hv_lt

Path 60
  From: MIV_RV32_CFG1_C0_0/MIV_RV32_CFG1_C0_0/u_ipcore_0/u_hart_0/u_expipe_0/de_ex_pipe_curr_instr_enc_ex[29]:CLK
  To:   MIV_RV32_CFG1_C0_0/MIV_RV32_CFG1_C0_0/u_ipcore_0/u_hart_0/u_expipe_0/ex_retr_pipe_curr_instr_enc_retr[29]:D
  Delay (ns):              0.276
  Slack (ns):              0.127
  Arrival (ns):            2.230
  Required (ns):           2.103
  Operating Conditions: fast_hv_lt

Path 61
  From: MIV_RV32_CFG1_C0_0/MIV_RV32_CFG1_C0_0/u_ipcore_0/gen_subsys_debug.u_subsys_debug_unit_0/MIV_subsys_debug_transport_module_jtag_0/gen_shift_register_active_high.gen_shift_register_active_low.shiftDR[14]:CLK
  To:   MIV_RV32_CFG1_C0_0/MIV_RV32_CFG1_C0_0/u_ipcore_0/gen_subsys_debug.u_subsys_debug_unit_0/MIV_subsys_debug_transport_module_jtag_0/gen_shift_register_active_high.gen_shift_register_active_low.shiftDR[13]:D
  Delay (ns):              0.203
  Slack (ns):              0.127
  Arrival (ns):            3.392
  Required (ns):           3.265
  Operating Conditions: fast_hv_lt

Path 62
  From: MIV_ESS_C0_0/CoreUARTapb_0/uUART/make_TX/xmit_state[4]:CLK
  To:   MIV_ESS_C0_0/CoreUARTapb_0/uUART/make_TX/tx:D
  Delay (ns):              0.200
  Slack (ns):              0.127
  Arrival (ns):            2.148
  Required (ns):           2.021
  Operating Conditions: fast_hv_lt

Path 63
  From: MIV_ESS_C0_0/CoreUARTapb_0/controlReg1[7]:CLK
  To:   MIV_ESS_C0_0/CoreUARTapb_0/iPRDATA[7]:D
  Delay (ns):              0.204
  Slack (ns):              0.127
  Arrival (ns):            2.153
  Required (ns):           2.026
  Operating Conditions: fast_hv_lt

Path 64
  From: CORERESET_PF_C0_0/CORERESET_PF_C0_0/dff_6[0]:CLK
  To:   CORERESET_PF_C0_0/CORERESET_PF_C0_0/dff_7[0]:D
  Delay (ns):              0.195
  Slack (ns):              0.127
  Arrival (ns):            2.169
  Required (ns):           2.042
  Operating Conditions: fast_hv_lt

Path 65
  From: MIV_RV32_CFG1_C0_0/MIV_RV32_CFG1_C0_0/u_ipcore_0/u_hart_0/u_expipe_0/u_exu_0/div_divisor[41]:CLK
  To:   MIV_RV32_CFG1_C0_0/MIV_RV32_CFG1_C0_0/u_ipcore_0/u_hart_0/u_expipe_0/u_exu_0/div_divisor[40]:D
  Delay (ns):              0.205
  Slack (ns):              0.128
  Arrival (ns):            2.177
  Required (ns):           2.049
  Operating Conditions: fast_hv_lt

Path 66
  From: MIV_RV32_CFG1_C0_0/MIV_RV32_CFG1_C0_0/u_ipcore_0/u_hart_0/u_expipe_0/u_exu_0/div_divisor[37]:CLK
  To:   MIV_RV32_CFG1_C0_0/MIV_RV32_CFG1_C0_0/u_ipcore_0/u_hart_0/u_expipe_0/u_exu_0/div_divisor[36]:D
  Delay (ns):              0.205
  Slack (ns):              0.128
  Arrival (ns):            2.177
  Required (ns):           2.049
  Operating Conditions: fast_hv_lt

Path 67
  From: MIV_ESS_C0_0/CoreUARTapb_0/uUART/tx_hold_reg[0]:CLK
  To:   MIV_ESS_C0_0/CoreUARTapb_0/uUART/make_TX/tx_byte[0]:D
  Delay (ns):              0.214
  Slack (ns):              0.128
  Arrival (ns):            2.159
  Required (ns):           2.031
  Operating Conditions: fast_hv_lt

Path 68
  From: MIV_RV32_CFG1_C0_0/MIV_RV32_CFG1_C0_0/u_ipcore_0/u_hart_0/u_expipe_0/u_exu_0/div_divisor[40]:CLK
  To:   MIV_RV32_CFG1_C0_0/MIV_RV32_CFG1_C0_0/u_ipcore_0/u_hart_0/u_expipe_0/u_exu_0/div_divisor[39]:D
  Delay (ns):              0.206
  Slack (ns):              0.129
  Arrival (ns):            2.178
  Required (ns):           2.049
  Operating Conditions: fast_hv_lt

Path 69
  From: MIV_RV32_CFG1_C0_0/MIV_RV32_CFG1_C0_0/u_ipcore_0/u_hart_0/u_expipe_0/u_exu_0/div_divisor[33]:CLK
  To:   MIV_RV32_CFG1_C0_0/MIV_RV32_CFG1_C0_0/u_ipcore_0/u_hart_0/u_expipe_0/u_exu_0/div_divisor[32]:D
  Delay (ns):              0.206
  Slack (ns):              0.129
  Arrival (ns):            2.178
  Required (ns):           2.049
  Operating Conditions: fast_hv_lt

Path 70
  From: MIV_RV32_CFG1_C0_0/MIV_RV32_CFG1_C0_0/u_ipcore_0/u_hart_0/u_expipe_0/u_exu_0/div_divisor[26]:CLK
  To:   MIV_RV32_CFG1_C0_0/MIV_RV32_CFG1_C0_0/u_ipcore_0/u_hart_0/u_expipe_0/u_exu_0/div_divisor[25]:D
  Delay (ns):              0.205
  Slack (ns):              0.129
  Arrival (ns):            2.176
  Required (ns):           2.047
  Operating Conditions: fast_hv_lt

Path 71
  From: MIV_RV32_CFG1_C0_0/MIV_RV32_CFG1_C0_0/u_ipcore_0/u_hart_0/u_expipe_0/u_exu_0/div_divisor[15]:CLK
  To:   MIV_RV32_CFG1_C0_0/MIV_RV32_CFG1_C0_0/u_ipcore_0/u_hart_0/u_expipe_0/u_exu_0/div_divisor[14]:D
  Delay (ns):              0.206
  Slack (ns):              0.129
  Arrival (ns):            2.178
  Required (ns):           2.049
  Operating Conditions: fast_hv_lt

Path 72
  From: MIV_RV32_CFG1_C0_0/MIV_RV32_CFG1_C0_0/u_ipcore_0/gen_subsys_debug.u_subsys_debug_unit_0/miv_rv32_debug_du_0/command_reg[11]:CLK
  To:   MIV_RV32_CFG1_C0_0/MIV_RV32_CFG1_C0_0/u_ipcore_0/gen_subsys_debug.u_subsys_debug_unit_0/miv_rv32_debug_du_0/debug_csr_addr[11]:D
  Delay (ns):              0.203
  Slack (ns):              0.129
  Arrival (ns):            2.153
  Required (ns):           2.024
  Operating Conditions: fast_hv_lt

Path 73
  From: MIV_RV32_CFG1_C0_0/MIV_RV32_CFG1_C0_0/u_ipcore_0/gen_subsys_debug.u_subsys_debug_unit_0/MIV_subsys_debug_transport_module_jtag_0/gen_shift_register_active_high.gen_shift_register_active_low.shiftDR[27]:CLK
  To:   MIV_RV32_CFG1_C0_0/MIV_RV32_CFG1_C0_0/u_ipcore_0/gen_subsys_debug.u_subsys_debug_unit_0/MIV_subsys_debug_transport_module_jtag_0/gen_shift_register_active_high.gen_shift_register_active_low.shiftDR[26]:D
  Delay (ns):              0.205
  Slack (ns):              0.129
  Arrival (ns):            3.390
  Required (ns):           3.261
  Operating Conditions: fast_hv_lt

Path 74
  From: MIV_RV32_CFG1_C0_0/MIV_RV32_CFG1_C0_0/u_ipcore_0/gen_subsys_debug.u_subsys_debug_unit_0/MIV_subsys_debug_transport_module_jtag_0/gen_shift_register_active_high.gen_shift_register_active_low.shiftDR[15]:CLK
  To:   MIV_RV32_CFG1_C0_0/MIV_RV32_CFG1_C0_0/u_ipcore_0/gen_subsys_debug.u_subsys_debug_unit_0/MIV_subsys_debug_transport_module_jtag_0/gen_shift_register_active_high.gen_shift_register_active_low.shiftDR[14]:D
  Delay (ns):              0.205
  Slack (ns):              0.129
  Arrival (ns):            3.394
  Required (ns):           3.265
  Operating Conditions: fast_hv_lt

Path 75
  From: MIV_RV32_CFG1_C0_0/MIV_RV32_CFG1_C0_0/u_ipcore_0/gen_subsys_debug.u_subsys_debug_unit_0/MIV_subsys_debug_transport_module_jtag_0/gen_shift_register_active_high.gen_shift_register_active_low.shiftDMI[35]:CLK
  To:   MIV_RV32_CFG1_C0_0/MIV_RV32_CFG1_C0_0/u_ipcore_0/gen_subsys_debug.u_subsys_debug_unit_0/MIV_subsys_debug_transport_module_jtag_0/gen_shift_register_active_high.gen_shift_register_active_low.shiftDMI[34]:D
  Delay (ns):              0.207
  Slack (ns):              0.129
  Arrival (ns):            3.396
  Required (ns):           3.267
  Operating Conditions: fast_hv_lt

Path 76
  From: MIV_ESS_C0_0/MIV_PLIC_0/plic_core_plic_gateway.genblk1[2].plic_gateway/interrupt_in_flight:CLK
  To:   MIV_ESS_C0_0/MIV_PLIC_0/plic_core_plic_gateway.genblk1[2].plic_gateway/interrupt_in_flight:D
  Delay (ns):              0.197
  Slack (ns):              0.129
  Arrival (ns):            2.135
  Required (ns):           2.006
  Operating Conditions: fast_hv_lt

Path 77
  From: MIV_ESS_C0_0/MIV_PLIC_0/interrupt_claim_complete_0/plic_interrupt_complete_generation.genblk1[1].interrupt_complete_data[1]:CLK
  To:   MIV_ESS_C0_0/MIV_PLIC_0/plic_core_ip.genblk1[1].interrupt_pending_register/interrupt_pending_reg[0]:D
  Delay (ns):              0.203
  Slack (ns):              0.129
  Arrival (ns):            2.141
  Required (ns):           2.012
  Operating Conditions: fast_hv_lt

Path 78
  From: MIV_ESS_C0_0/CoreUARTapb_0/uUART/tx_hold_reg[2]:CLK
  To:   MIV_ESS_C0_0/CoreUARTapb_0/uUART/make_TX/tx_byte[2]:D
  Delay (ns):              0.203
  Slack (ns):              0.129
  Arrival (ns):            2.148
  Required (ns):           2.019
  Operating Conditions: fast_hv_lt

Path 79
  From: MIV_RV32_CFG1_C0_0/MIV_RV32_CFG1_C0_0/u_ipcore_0/gen_subsys_debug.u_subsys_debug_unit_0/miv_rv32_debug_du_0/debug_state[4]:CLK
  To:   MIV_RV32_CFG1_C0_0/MIV_RV32_CFG1_C0_0/u_ipcore_0/gen_subsys_debug.u_subsys_debug_unit_0/miv_rv32_debug_du_0/debug_state[4]:D
  Delay (ns):              0.198
  Slack (ns):              0.130
  Arrival (ns):            2.167
  Required (ns):           2.037
  Operating Conditions: fast_hv_lt

Path 80
  From: MIV_RV32_CFG1_C0_0/MIV_RV32_CFG1_C0_0/u_ipcore_0/gen_apb.u_apb_initiator_0/gen_apb_byte_shim.req_complete_reg:CLK
  To:   MIV_RV32_CFG1_C0_0/MIV_RV32_CFG1_C0_0/u_ipcore_0/gen_apb.u_apb_initiator_0/u_apb_req_arb/is_locked:D
  Delay (ns):              0.204
  Slack (ns):              0.130
  Arrival (ns):            2.166
  Required (ns):           2.036
  Operating Conditions: fast_hv_lt

Path 81
  From: MIV_RV32_CFG1_C0_0/MIV_RV32_CFG1_C0_0/u_ipcore_0/u_subsys_interconnect_0/u_subsys_regs/u_req_buffer/buff_rd_ptr[0]:CLK
  To:   MIV_RV32_CFG1_C0_0/MIV_RV32_CFG1_C0_0/u_ipcore_0/u_subsys_interconnect_0/u_subsys_regs/u_req_buffer/gen_buff_loop[1].buff_valid[1]:D
  Delay (ns):              0.205
  Slack (ns):              0.131
  Arrival (ns):            2.172
  Required (ns):           2.041
  Operating Conditions: fast_hv_lt

Path 82
  From: MIV_RV32_CFG1_C0_0/MIV_RV32_CFG1_C0_0/u_ipcore_0/u_hart_0/u_expipe_0/u_exu_0/div_divisor[8]:CLK
  To:   MIV_RV32_CFG1_C0_0/MIV_RV32_CFG1_C0_0/u_ipcore_0/u_hart_0/u_expipe_0/u_exu_0/div_divisor[7]:D
  Delay (ns):              0.208
  Slack (ns):              0.131
  Arrival (ns):            2.179
  Required (ns):           2.048
  Operating Conditions: fast_hv_lt

Path 83
  From: MIV_RV32_CFG1_C0_0/MIV_RV32_CFG1_C0_0/u_ipcore_0/gen_tcm0.u_subsys_TCM_0/u_TCM_req_arb/hipri_req_ptr[1]:CLK
  To:   MIV_RV32_CFG1_C0_0/MIV_RV32_CFG1_C0_0/u_ipcore_0/gen_tcm0.u_subsys_TCM_0/u_TCM_req_arb/hipri_req_ptr[3]:D
  Delay (ns):              0.205
  Slack (ns):              0.131
  Arrival (ns):            2.161
  Required (ns):           2.030
  Operating Conditions: fast_hv_lt

Path 84
  From: MIV_RV32_CFG1_C0_0/MIV_RV32_CFG1_C0_0/u_ipcore_0/gen_subsys_debug.u_subsys_debug_unit_0/MIV_subsys_debug_transport_module_jtag_0/gen_shift_register_active_high.gen_shift_register_active_low.shiftDR[8]:CLK
  To:   MIV_RV32_CFG1_C0_0/MIV_RV32_CFG1_C0_0/u_ipcore_0/gen_subsys_debug.u_subsys_debug_unit_0/MIV_subsys_debug_transport_module_jtag_0/gen_shift_register_active_high.gen_shift_register_active_low.shiftDR[7]:D
  Delay (ns):              0.207
  Slack (ns):              0.131
  Arrival (ns):            3.396
  Required (ns):           3.265
  Operating Conditions: fast_hv_lt

Path 85
  From: MIV_RV32_CFG1_C0_0/MIV_RV32_CFG1_C0_0/u_ipcore_0/gen_subsys_debug.u_subsys_debug_unit_0/MIV_subsys_debug_transport_module_jtag_0/gen_shift_register_active_high.gen_shift_register_active_low.shiftDR[25]:CLK
  To:   MIV_RV32_CFG1_C0_0/MIV_RV32_CFG1_C0_0/u_ipcore_0/gen_subsys_debug.u_subsys_debug_unit_0/MIV_subsys_debug_transport_module_jtag_0/gen_shift_register_active_high.gen_shift_register_active_low.shiftDR[24]:D
  Delay (ns):              0.207
  Slack (ns):              0.131
  Arrival (ns):            3.392
  Required (ns):           3.261
  Operating Conditions: fast_hv_lt

Path 86
  From: MIV_RV32_CFG1_C0_0/MIV_RV32_CFG1_C0_0/u_ipcore_0/gen_apb.u_apb_initiator_0/gen_apb_byte_shim.apb_st[3]:CLK
  To:   MIV_RV32_CFG1_C0_0/MIV_RV32_CFG1_C0_0/u_ipcore_0/gen_apb.u_apb_initiator_0/gen_apb_byte_shim.penable:D
  Delay (ns):              0.204
  Slack (ns):              0.131
  Arrival (ns):            2.156
  Required (ns):           2.025
  Operating Conditions: fast_hv_lt

Path 87
  From: MIV_ESS_C0_0/MIV_PLIC_0/plic_core_ip.genblk1[1].interrupt_pending_register/interrupt_pending_reg[0]:CLK
  To:   MIV_ESS_C0_0/MIV_PLIC_0/interrupt_claim_complete_0/int_priority[2]:D
  Delay (ns):              0.205
  Slack (ns):              0.131
  Arrival (ns):            2.143
  Required (ns):           2.012
  Operating Conditions: fast_hv_lt

Path 88
  From: sram_test_module_0/compare_reg_init[12]:CLK
  To:   sram_test_module_0/data_write_portA[12]:D
  Delay (ns):              0.215
  Slack (ns):              0.132
  Arrival (ns):            2.188
  Required (ns):           2.056
  Operating Conditions: fast_hv_lt

Path 89
  From: MIV_RV32_CFG1_C0_0/MIV_RV32_CFG1_C0_0/u_ipcore_0/u_hart_0/u_expipe_0/u_exu_0/div_divisor[12]:CLK
  To:   MIV_RV32_CFG1_C0_0/MIV_RV32_CFG1_C0_0/u_ipcore_0/u_hart_0/u_expipe_0/u_exu_0/div_divisor[11]:D
  Delay (ns):              0.209
  Slack (ns):              0.132
  Arrival (ns):            2.181
  Required (ns):           2.049
  Operating Conditions: fast_hv_lt

Path 90
  From: MIV_RV32_CFG1_C0_0/MIV_RV32_CFG1_C0_0/u_ipcore_0/gen_subsys_debug.u_subsys_debug_unit_0/miv_rv32_debug_du_0/debug_op_wr_data[7]:CLK
  To:   MIV_RV32_CFG1_C0_0/MIV_RV32_CFG1_C0_0/u_ipcore_0/u_hart_0/u_expipe_0/u_exu_0/exu_result_reg_int[7]:D
  Delay (ns):              0.206
  Slack (ns):              0.132
  Arrival (ns):            2.171
  Required (ns):           2.039
  Operating Conditions: fast_hv_lt

Path 91
  From: MIV_RV32_CFG1_C0_0/MIV_RV32_CFG1_C0_0/u_ipcore_0/gen_subsys_debug.u_subsys_debug_unit_0/miv_rv32_debug_du_0/debug_op_wr_data[27]:CLK
  To:   MIV_RV32_CFG1_C0_0/MIV_RV32_CFG1_C0_0/u_ipcore_0/u_hart_0/u_expipe_0/u_exu_0/exu_result_reg_int[27]:D
  Delay (ns):              0.206
  Slack (ns):              0.132
  Arrival (ns):            2.175
  Required (ns):           2.043
  Operating Conditions: fast_hv_lt

Path 92
  From: MIV_RV32_CFG1_C0_0/MIV_RV32_CFG1_C0_0/u_ipcore_0/gen_subsys_debug.u_subsys_debug_unit_0/miv_rv32_debug_du_0/command_reg[8]:CLK
  To:   MIV_RV32_CFG1_C0_0/MIV_RV32_CFG1_C0_0/u_ipcore_0/gen_subsys_debug.u_subsys_debug_unit_0/miv_rv32_debug_du_0/debug_csr_addr[8]:D
  Delay (ns):              0.206
  Slack (ns):              0.132
  Arrival (ns):            2.168
  Required (ns):           2.036
  Operating Conditions: fast_hv_lt

Path 93
  From: MIV_RV32_CFG1_C0_0/MIV_RV32_CFG1_C0_0/u_ipcore_0/gen_subsys_debug.u_subsys_debug_unit_0/miv_rv32_debug_du_0/command_reg[0]:CLK
  To:   MIV_RV32_CFG1_C0_0/MIV_RV32_CFG1_C0_0/u_ipcore_0/gen_subsys_debug.u_subsys_debug_unit_0/miv_rv32_debug_du_0/debug_gpr_addr[0]:D
  Delay (ns):              0.206
  Slack (ns):              0.132
  Arrival (ns):            2.158
  Required (ns):           2.026
  Operating Conditions: fast_hv_lt

Path 94
  From: MIV_RV32_CFG1_C0_0/MIV_RV32_CFG1_C0_0/u_ipcore_0/gen_subsys_debug.u_subsys_debug_unit_0/miv_rv32_debug_du_0/command_reg[0]:CLK
  To:   MIV_RV32_CFG1_C0_0/MIV_RV32_CFG1_C0_0/u_ipcore_0/gen_subsys_debug.u_subsys_debug_unit_0/miv_rv32_debug_du_0/debug_csr_addr[0]:D
  Delay (ns):              0.206
  Slack (ns):              0.132
  Arrival (ns):            2.158
  Required (ns):           2.026
  Operating Conditions: fast_hv_lt

Path 95
  From: MIV_ESS_C0_0/CoreUARTapb_0/uUART/make_RX/rx_shift[0]:CLK
  To:   MIV_ESS_C0_0/CoreUARTapb_0/uUART/make_RX/rx_byte[0]:D
  Delay (ns):              0.220
  Slack (ns):              0.132
  Arrival (ns):            2.170
  Required (ns):           2.038
  Operating Conditions: fast_hv_lt

Path 96
  From: MIV_RV32_CFG1_C0_0/MIV_RV32_CFG1_C0_0/u_ipcore_0/gen_subsys_debug.u_subsys_debug_unit_0/MIV_subsys_debug_transport_module_jtag_0/gen_shift_register_active_high.gen_shift_register_active_low.shiftDR[6]:CLK
  To:   MIV_RV32_CFG1_C0_0/MIV_RV32_CFG1_C0_0/u_ipcore_0/gen_subsys_debug.u_subsys_debug_unit_0/MIV_subsys_debug_transport_module_jtag_0/gen_shift_register_active_high.gen_shift_register_active_low.shiftDR[5]:D
  Delay (ns):              0.209
  Slack (ns):              0.133
  Arrival (ns):            3.398
  Required (ns):           3.265
  Operating Conditions: fast_hv_lt

Path 97
  From: MIV_RV32_CFG1_C0_0/MIV_RV32_CFG1_C0_0/u_ipcore_0/gen_subsys_debug.u_subsys_debug_unit_0/MIV_subsys_debug_transport_module_jtag_0/gen_shift_register_active_high.gen_shift_register_active_low.shiftDMI[36]:CLK
  To:   MIV_RV32_CFG1_C0_0/MIV_RV32_CFG1_C0_0/u_ipcore_0/gen_subsys_debug.u_subsys_debug_unit_0/MIV_subsys_debug_transport_module_jtag_0/gen_shift_register_active_high.gen_shift_register_active_low.shiftDMI[35]:D
  Delay (ns):              0.212
  Slack (ns):              0.133
  Arrival (ns):            3.401
  Required (ns):           3.268
  Operating Conditions: fast_hv_lt

Path 98
  From: MIV_ESS_C0_0/MIV_PLIC_0/interrupt_claim_complete_0/int_priority[1]:CLK
  To:   MIV_ESS_C0_0/MIV_PLIC_0/interrupt_claim_complete_0/plic_irq_id_1[0]:D
  Delay (ns):              0.207
  Slack (ns):              0.133
  Arrival (ns):            2.163
  Required (ns):           2.030
  Operating Conditions: fast_hv_lt

Path 99
  From: MIV_ESS_C0_0/CoreUARTapb_0/uUART/tx_hold_reg[7]:CLK
  To:   MIV_ESS_C0_0/CoreUARTapb_0/uUART/make_TX/tx_byte[7]:D
  Delay (ns):              0.207
  Slack (ns):              0.133
  Arrival (ns):            2.152
  Required (ns):           2.019
  Operating Conditions: fast_hv_lt

Path 100
  From: MIV_ESS_C0_0/CoreUARTapb_0/uUART/make_RX/receive_count[0]:CLK
  To:   MIV_ESS_C0_0/CoreUARTapb_0/uUART/make_RX/receive_count[1]:D
  Delay (ns):              0.207
  Slack (ns):              0.133
  Arrival (ns):            2.171
  Required (ns):           2.038
  Operating Conditions: fast_hv_lt

