Timing Violation Report Max Delay Analysis

SmartTime Version 2025.2
Microchip Technology Inc. - Microchip Libero Software Release 2025.2 (Version 2025.2.0.14)
Date: Mon Jan 19 00:25:27 2026


Design: BaseDesign
Family: PolarFireSoC
Die: MPFS095T
Package: FCSG325
Temperature Range: 0 - 100 C
Voltage Range: 0.97 - 1.03 V
Speed Grade: -1
Design State: Post-Layout
Data source: Production
Multi Corner Report Operating Conditions: slow_lv_lt,fast_hv_lt,slow_lv_ht


Path 1
  From: PF_SRAM_AHB_C0_0/PF_TPSRAM_AHB_AXI_0/PF_SRAM_AHB_C0_PF_TPSRAM_AHB_AXI_0_PF_TPSRAM_R38C0/INST_RAM1K20_IP:A_CLK
  To:   MIV_RV32_CFG1_C0_0/MIV_RV32_CFG1_C0_0/u_ipcore_0/u_hart_0/u_expipe_0/de_ex_pipe_illegal_instr_ex:D
  Delay (ns):             11.150
  Slack (ns):              8.460
  Arrival (ns):           14.725
  Required (ns):          23.185
  Operating Conditions: slow_lv_ht

Path 2
  From: MIV_RV32_CFG1_C0_0/MIV_RV32_CFG1_C0_0/u_ipcore_0/u_hart_0/u_expipe_0/u_exu_0/fast_mul.miv_rv32_mul_0/WideMult_0_0/MACC_PHYS_INST/INST_MACC_IP:CLK
  To:   MIV_RV32_CFG1_C0_0/MIV_RV32_CFG1_C0_0/u_ipcore_0/u_hart_0/u_expipe_0/de_ex_pipe_curr_instr_enc_ex[4]:SLn
  Delay (ns):             11.052
  Slack (ns):              8.614
  Arrival (ns):           14.560
  Required (ns):          23.174
  Operating Conditions: slow_lv_ht

Path 3
  From: MIV_RV32_CFG1_C0_0/MIV_RV32_CFG1_C0_0/u_ipcore_0/u_hart_0/u_expipe_0/u_exu_0/fast_mul.miv_rv32_mul_0/WideMult_0_0/MACC_PHYS_INST/INST_MACC_IP:CLK
  To:   MIV_RV32_CFG1_C0_0/MIV_RV32_CFG1_C0_0/u_ipcore_0/u_hart_0/u_expipe_0/de_ex_pipe_curr_instr_enc_ex[1]:SLn
  Delay (ns):             11.052
  Slack (ns):              8.614
  Arrival (ns):           14.560
  Required (ns):          23.174
  Operating Conditions: slow_lv_ht

Path 4
  From: MIV_RV32_CFG1_C0_0/MIV_RV32_CFG1_C0_0/u_ipcore_0/u_hart_0/u_expipe_0/u_exu_0/fast_mul.miv_rv32_mul_0/WideMult_0_0/MACC_PHYS_INST/INST_MACC_IP:CLK
  To:   MIV_RV32_CFG1_C0_0/MIV_RV32_CFG1_C0_0/u_ipcore_0/u_hart_0/u_expipe_0/de_ex_pipe_curr_instr_enc_ex[10]:SLn
  Delay (ns):             11.052
  Slack (ns):              8.614
  Arrival (ns):           14.560
  Required (ns):          23.174
  Operating Conditions: slow_lv_ht

Path 5
  From: MIV_RV32_CFG1_C0_0/MIV_RV32_CFG1_C0_0/u_ipcore_0/u_hart_0/u_expipe_0/u_exu_0/fast_mul.miv_rv32_mul_0/WideMult_0_0/MACC_PHYS_INST/INST_MACC_IP:CLK
  To:   MIV_RV32_CFG1_C0_0/MIV_RV32_CFG1_C0_0/u_ipcore_0/u_hart_0/u_expipe_0/de_ex_pipe_curr_instr_enc_ex[18]:SLn
  Delay (ns):             11.049
  Slack (ns):              8.617
  Arrival (ns):           14.557
  Required (ns):          23.174
  Operating Conditions: slow_lv_ht

Path 6
  From: PF_SRAM_AHB_C0_0/PF_TPSRAM_AHB_AXI_0/PF_SRAM_AHB_C0_PF_TPSRAM_AHB_AXI_0_PF_TPSRAM_R36C0/INST_RAM1K20_IP:A_CLK
  To:   MIV_RV32_CFG1_C0_0/MIV_RV32_CFG1_C0_0/u_ipcore_0/u_hart_0/u_expipe_0/de_ex_pipe_illegal_instr_ex:D
  Delay (ns):             10.981
  Slack (ns):              8.624
  Arrival (ns):           14.561
  Required (ns):          23.185
  Operating Conditions: slow_lv_ht

Path 7
  From: MIV_RV32_CFG1_C0_0/MIV_RV32_CFG1_C0_0/u_ipcore_0/u_hart_0/u_expipe_0/u_exu_0/fast_mul.miv_rv32_mul_0/WideMult_0_0/MACC_PHYS_INST/INST_MACC_IP:CLK
  To:   PF_SRAM_AHB_C0_0/PF_TPSRAM_AHB_AXI_0/PF_SRAM_AHB_C0_PF_TPSRAM_AHB_AXI_0_PF_TPSRAM_R36C0/INST_RAM1K20_IP:A_BLK_EN[2]
  Delay (ns):             10.576
  Slack (ns):              8.638
  Arrival (ns):           14.084
  Required (ns):          22.722
  Operating Conditions: slow_lv_ht

Path 8
  From: PF_SRAM_AHB_C0_0/PF_TPSRAM_AHB_AXI_0/PF_SRAM_AHB_C0_PF_TPSRAM_AHB_AXI_0_PF_TPSRAM_R33C0/INST_RAM1K20_IP:A_CLK
  To:   MIV_RV32_CFG1_C0_0/MIV_RV32_CFG1_C0_0/u_ipcore_0/u_hart_0/u_expipe_0/de_ex_pipe_illegal_instr_ex:D
  Delay (ns):             10.937
  Slack (ns):              8.649
  Arrival (ns):           14.536
  Required (ns):          23.185
  Operating Conditions: slow_lv_ht

Path 9
  From: PF_SRAM_AHB_C0_0/PF_TPSRAM_AHB_AXI_0/PF_SRAM_AHB_C0_PF_TPSRAM_AHB_AXI_0_PF_TPSRAM_R32C0/INST_RAM1K20_IP:A_CLK
  To:   MIV_RV32_CFG1_C0_0/MIV_RV32_CFG1_C0_0/u_ipcore_0/u_hart_0/u_expipe_0/de_ex_pipe_illegal_instr_ex:D
  Delay (ns):             10.930
  Slack (ns):              8.658
  Arrival (ns):           14.527
  Required (ns):          23.185
  Operating Conditions: slow_lv_ht

Path 10
  From: MIV_RV32_CFG1_C0_0/MIV_RV32_CFG1_C0_0/u_ipcore_0/u_hart_0/u_expipe_0/u_exu_0/fast_mul.miv_rv32_mul_0/WideMult_1_0/MACC_PHYS_INST/INST_MACC_IP:CLK
  To:   MIV_RV32_CFG1_C0_0/MIV_RV32_CFG1_C0_0/u_ipcore_0/u_hart_0/u_expipe_0/de_ex_pipe_curr_instr_enc_ex[4]:SLn
  Delay (ns):             11.001
  Slack (ns):              8.658
  Arrival (ns):           14.516
  Required (ns):          23.174
  Operating Conditions: slow_lv_ht

Path 11
  From: MIV_RV32_CFG1_C0_0/MIV_RV32_CFG1_C0_0/u_ipcore_0/u_hart_0/u_expipe_0/u_exu_0/fast_mul.miv_rv32_mul_0/WideMult_1_0/MACC_PHYS_INST/INST_MACC_IP:CLK
  To:   MIV_RV32_CFG1_C0_0/MIV_RV32_CFG1_C0_0/u_ipcore_0/u_hart_0/u_expipe_0/de_ex_pipe_curr_instr_enc_ex[1]:SLn
  Delay (ns):             11.001
  Slack (ns):              8.658
  Arrival (ns):           14.516
  Required (ns):          23.174
  Operating Conditions: slow_lv_ht

Path 12
  From: MIV_RV32_CFG1_C0_0/MIV_RV32_CFG1_C0_0/u_ipcore_0/u_hart_0/u_expipe_0/u_exu_0/fast_mul.miv_rv32_mul_0/WideMult_1_0/MACC_PHYS_INST/INST_MACC_IP:CLK
  To:   MIV_RV32_CFG1_C0_0/MIV_RV32_CFG1_C0_0/u_ipcore_0/u_hart_0/u_expipe_0/de_ex_pipe_curr_instr_enc_ex[10]:SLn
  Delay (ns):             11.001
  Slack (ns):              8.658
  Arrival (ns):           14.516
  Required (ns):          23.174
  Operating Conditions: slow_lv_ht

Path 13
  From: MIV_RV32_CFG1_C0_0/MIV_RV32_CFG1_C0_0/u_ipcore_0/u_hart_0/u_expipe_0/u_exu_0/fast_mul.miv_rv32_mul_0/WideMult_1_0/MACC_PHYS_INST/INST_MACC_IP:CLK
  To:   MIV_RV32_CFG1_C0_0/MIV_RV32_CFG1_C0_0/u_ipcore_0/u_hart_0/u_expipe_0/de_ex_pipe_curr_instr_enc_ex[18]:SLn
  Delay (ns):             10.998
  Slack (ns):              8.661
  Arrival (ns):           14.513
  Required (ns):          23.174
  Operating Conditions: slow_lv_ht

Path 14
  From: MIV_RV32_CFG1_C0_0/MIV_RV32_CFG1_C0_0/u_ipcore_0/u_hart_0/u_expipe_0/u_exu_0/fast_mul.miv_rv32_mul_0/WideMult_0_0/MACC_PHYS_INST/INST_MACC_IP:CLK
  To:   PF_SRAM_AHB_C0_0/PF_TPSRAM_AHB_AXI_0/PF_SRAM_AHB_C0_PF_TPSRAM_AHB_AXI_0_PF_TPSRAM_R38C0/INST_RAM1K20_IP:A_BLK_EN[2]
  Delay (ns):             10.546
  Slack (ns):              8.665
  Arrival (ns):           14.054
  Required (ns):          22.719
  Operating Conditions: slow_lv_ht

Path 15
  From: PF_SRAM_AHB_C0_0/PF_TPSRAM_AHB_AXI_0/PF_SRAM_AHB_C0_PF_TPSRAM_AHB_AXI_0_PF_TPSRAM_R48C0/INST_RAM1K20_IP:A_CLK
  To:   MIV_RV32_CFG1_C0_0/MIV_RV32_CFG1_C0_0/u_ipcore_0/u_hart_0/u_expipe_0/de_ex_pipe_illegal_instr_ex:D
  Delay (ns):             10.937
  Slack (ns):              8.673
  Arrival (ns):           14.512
  Required (ns):          23.185
  Operating Conditions: slow_lv_ht

Path 16
  From: PF_SRAM_AHB_C0_0/PF_TPSRAM_AHB_AXI_0/PF_SRAM_AHB_C0_PF_TPSRAM_AHB_AXI_0_PF_TPSRAM_R34C0/INST_RAM1K20_IP:A_CLK
  To:   MIV_RV32_CFG1_C0_0/MIV_RV32_CFG1_C0_0/u_ipcore_0/u_hart_0/u_expipe_0/de_ex_pipe_illegal_instr_ex:D
  Delay (ns):             10.963
  Slack (ns):              8.675
  Arrival (ns):           14.549
  Required (ns):          23.224
  Operating Conditions: slow_lv_ht

Path 17
  From: PF_SRAM_AHB_C0_0/PF_TPSRAM_AHB_AXI_0/PF_SRAM_AHB_C0_PF_TPSRAM_AHB_AXI_0_PF_TPSRAM_R52C0/INST_RAM1K20_IP:A_CLK
  To:   MIV_RV32_CFG1_C0_0/MIV_RV32_CFG1_C0_0/u_ipcore_0/u_hart_0/u_expipe_0/de_ex_pipe_illegal_instr_ex:D
  Delay (ns):             10.922
  Slack (ns):              8.681
  Arrival (ns):           14.504
  Required (ns):          23.185
  Operating Conditions: slow_lv_ht

Path 18
  From: MIV_RV32_CFG1_C0_0/MIV_RV32_CFG1_C0_0/u_ipcore_0/u_hart_0/u_expipe_0/u_exu_0/fast_mul.miv_rv32_mul_0/WideMult_1_0/MACC_PHYS_INST/INST_MACC_IP:CLK
  To:   PF_SRAM_AHB_C0_0/PF_TPSRAM_AHB_AXI_0/PF_SRAM_AHB_C0_PF_TPSRAM_AHB_AXI_0_PF_TPSRAM_R36C0/INST_RAM1K20_IP:A_BLK_EN[2]
  Delay (ns):             10.525
  Slack (ns):              8.682
  Arrival (ns):           14.040
  Required (ns):          22.722
  Operating Conditions: slow_lv_ht

Path 19
  From: PF_SRAM_AHB_C0_0/PF_TPSRAM_AHB_AXI_0/PF_SRAM_AHB_C0_PF_TPSRAM_AHB_AXI_0_PF_TPSRAM_R15C0/INST_RAM1K20_IP:A_CLK
  To:   MIV_RV32_CFG1_C0_0/MIV_RV32_CFG1_C0_0/u_ipcore_0/u_hart_0/u_expipe_0/de_ex_pipe_illegal_instr_ex:D
  Delay (ns):             10.915
  Slack (ns):              8.687
  Arrival (ns):           14.498
  Required (ns):          23.185
  Operating Conditions: slow_lv_ht

Path 20
  From: MIV_RV32_CFG1_C0_0/MIV_RV32_CFG1_C0_0/u_ipcore_0/u_hart_0/u_expipe_0/u_exu_0/fast_mul.miv_rv32_mul_0/WideMult_0_0/MACC_PHYS_INST/INST_MACC_IP:CLK
  To:   MIV_RV32_CFG1_C0_0/MIV_RV32_CFG1_C0_0/u_ipcore_0/u_hart_0/u_expipe_0/de_ex_pipe_curr_instr_enc_ex[25]:EN
  Delay (ns):             10.877
  Slack (ns):              8.696
  Arrival (ns):           14.385
  Required (ns):          23.081
  Operating Conditions: slow_lv_ht

Path 21
  From: MIV_RV32_CFG1_C0_0/MIV_RV32_CFG1_C0_0/u_ipcore_0/u_hart_0/u_expipe_0/u_exu_0/fast_mul.miv_rv32_mul_0/WideMult_0_0/MACC_PHYS_INST/INST_MACC_IP:CLK
  To:   PF_SRAM_AHB_C0_0/PF_TPSRAM_AHB_AXI_0/PF_SRAM_AHB_C0_PF_TPSRAM_AHB_AXI_0_PF_TPSRAM_R47C0/INST_RAM1K20_IP:A_BLK_EN[2]
  Delay (ns):             10.563
  Slack (ns):              8.698
  Arrival (ns):           14.071
  Required (ns):          22.769
  Operating Conditions: slow_lv_ht

Path 22
  From: MIV_RV32_CFG1_C0_0/MIV_RV32_CFG1_C0_0/u_ipcore_0/u_hart_0/u_expipe_0/u_exu_0/fast_mul.miv_rv32_mul_0/WideMult_0_0/MACC_PHYS_INST/INST_MACC_IP:CLK
  To:   PF_SRAM_AHB_C0_0/PF_TPSRAM_AHB_AXI_0/PF_SRAM_AHB_C0_PF_TPSRAM_AHB_AXI_0_PF_TPSRAM_R33C0/INST_RAM1K20_IP:A_BLK_EN[2]
  Delay (ns):             10.534
  Slack (ns):              8.700
  Arrival (ns):           14.042
  Required (ns):          22.742
  Operating Conditions: slow_lv_ht

Path 23
  From: MIV_RV32_CFG1_C0_0/MIV_RV32_CFG1_C0_0/u_ipcore_0/u_hart_0/u_expipe_0/u_exu_0/fast_mul.miv_rv32_mul_0/WideMult_1_0/MACC_PHYS_INST/INST_MACC_IP:CLK
  To:   PF_SRAM_AHB_C0_0/PF_TPSRAM_AHB_AXI_0/PF_SRAM_AHB_C0_PF_TPSRAM_AHB_AXI_0_PF_TPSRAM_R38C0/INST_RAM1K20_IP:A_BLK_EN[2]
  Delay (ns):             10.495
  Slack (ns):              8.709
  Arrival (ns):           14.010
  Required (ns):          22.719
  Operating Conditions: slow_lv_ht

Path 24
  From: MIV_RV32_CFG1_C0_0/MIV_RV32_CFG1_C0_0/u_ipcore_0/u_hart_0/u_expipe_0/u_exu_0/fast_mul.miv_rv32_mul_0/WideMult_0_0/MACC_PHYS_INST/INST_MACC_IP:CLK
  To:   MIV_RV32_CFG1_C0_0/MIV_RV32_CFG1_C0_0/u_ipcore_0/u_hart_0/u_expipe_0/de_ex_pipe_curr_instr_enc_ex[19]:EN
  Delay (ns):             10.860
  Slack (ns):              8.712
  Arrival (ns):           14.368
  Required (ns):          23.080
  Operating Conditions: slow_lv_ht

Path 25
  From: MIV_RV32_CFG1_C0_0/MIV_RV32_CFG1_C0_0/u_ipcore_0/u_hart_0/u_expipe_0/u_exu_0/fast_mul.miv_rv32_mul_0/WideMult_0_0/MACC_PHYS_INST/INST_MACC_IP:CLK
  To:   MIV_RV32_CFG1_C0_0/MIV_RV32_CFG1_C0_0/u_ipcore_0/u_hart_0/u_expipe_0/de_ex_pipe_curr_instr_enc_ex[11]:EN
  Delay (ns):             10.861
  Slack (ns):              8.712
  Arrival (ns):           14.369
  Required (ns):          23.081
  Operating Conditions: slow_lv_ht

Path 26
  From: MIV_RV32_CFG1_C0_0/MIV_RV32_CFG1_C0_0/u_ipcore_0/u_hart_0/u_expipe_0/u_exu_0/fast_mul.miv_rv32_mul_0/WideMult_0_0/MACC_PHYS_INST/INST_MACC_IP:CLK
  To:   MIV_RV32_CFG1_C0_0/MIV_RV32_CFG1_C0_0/u_ipcore_0/u_hart_0/u_expipe_0/de_ex_pipe_curr_instr_enc_ex[0]:EN
  Delay (ns):             10.861
  Slack (ns):              8.712
  Arrival (ns):           14.369
  Required (ns):          23.081
  Operating Conditions: slow_lv_ht

Path 27
  From: MIV_RV32_CFG1_C0_0/MIV_RV32_CFG1_C0_0/u_ipcore_0/u_hart_0/u_expipe_0/u_exu_0/fast_mul.miv_rv32_mul_0/WideMult_0_0/MACC_PHYS_INST/INST_MACC_IP:CLK
  To:   MIV_RV32_CFG1_C0_0/MIV_RV32_CFG1_C0_0/u_ipcore_0/u_hart_0/u_expipe_0/de_ex_pipe_curr_instr_enc_ex[5]:EN
  Delay (ns):             10.860
  Slack (ns):              8.713
  Arrival (ns):           14.368
  Required (ns):          23.081
  Operating Conditions: slow_lv_ht

Path 28
  From: PF_SRAM_AHB_C0_0/PF_TPSRAM_AHB_AXI_0/PF_SRAM_AHB_C0_PF_TPSRAM_AHB_AXI_0_PF_TPSRAM_R1C0/INST_RAM1K20_IP:A_CLK
  To:   MIV_RV32_CFG1_C0_0/MIV_RV32_CFG1_C0_0/u_ipcore_0/u_hart_0/u_expipe_0/de_ex_pipe_illegal_instr_ex:D
  Delay (ns):             10.879
  Slack (ns):              8.716
  Arrival (ns):           14.469
  Required (ns):          23.185
  Operating Conditions: slow_lv_ht

Path 29
  From: MIV_RV32_CFG1_C0_0/MIV_RV32_CFG1_C0_0/u_ipcore_0/u_hart_0/u_expipe_0/u_exu_0/fast_mul.miv_rv32_mul_0/WideMult_0_0/MACC_PHYS_INST/INST_MACC_IP:CLK
  To:   MIV_RV32_CFG1_C0_0/MIV_RV32_CFG1_C0_0/u_ipcore_0/u_hart_0/u_expipe_0/de_ex_pipe_curr_instr_enc_ex[31]:EN
  Delay (ns):             10.864
  Slack (ns):              8.725
  Arrival (ns):           14.372
  Required (ns):          23.097
  Operating Conditions: slow_lv_ht

Path 30
  From: PF_SRAM_AHB_C0_0/PF_TPSRAM_AHB_AXI_0/PF_SRAM_AHB_C0_PF_TPSRAM_AHB_AXI_0_PF_TPSRAM_R61C0/INST_RAM1K20_IP:A_CLK
  To:   MIV_RV32_CFG1_C0_0/MIV_RV32_CFG1_C0_0/u_ipcore_0/u_hart_0/u_expipe_0/de_ex_pipe_illegal_instr_ex:D
  Delay (ns):             10.878
  Slack (ns):              8.735
  Arrival (ns):           14.462
  Required (ns):          23.197
  Operating Conditions: slow_lv_ht

Path 31
  From: PF_SRAM_AHB_C0_0/PF_TPSRAM_AHB_AXI_0/PF_SRAM_AHB_C0_PF_TPSRAM_AHB_AXI_0_PF_TPSRAM_R59C0/INST_RAM1K20_IP:A_CLK
  To:   MIV_RV32_CFG1_C0_0/MIV_RV32_CFG1_C0_0/u_ipcore_0/u_hart_0/u_expipe_0/de_ex_pipe_illegal_instr_ex:D
  Delay (ns):             10.903
  Slack (ns):              8.737
  Arrival (ns):           14.487
  Required (ns):          23.224
  Operating Conditions: slow_lv_ht

Path 32
  From: MIV_RV32_CFG1_C0_0/MIV_RV32_CFG1_C0_0/u_ipcore_0/u_hart_0/u_expipe_0/u_exu_0/fast_mul.miv_rv32_mul_0/WideMult_0_0/MACC_PHYS_INST/INST_MACC_IP:CLK
  To:   MIV_RV32_CFG1_C0_0/MIV_RV32_CFG1_C0_0/u_ipcore_0/u_hart_0/u_expipe_0/de_ex_pipe_curr_instr_enc_ex[19]:SLn
  Delay (ns):             10.900
  Slack (ns):              8.737
  Arrival (ns):           14.408
  Required (ns):          23.145
  Operating Conditions: slow_lv_ht

Path 33
  From: MIV_RV32_CFG1_C0_0/MIV_RV32_CFG1_C0_0/u_ipcore_0/u_hart_0/u_expipe_0/u_exu_0/fast_mul.miv_rv32_mul_0/WideMult_0_0/MACC_PHYS_INST/INST_MACC_IP:CLK
  To:   MIV_RV32_CFG1_C0_0/MIV_RV32_CFG1_C0_0/u_ipcore_0/u_hart_0/u_expipe_0/de_ex_pipe_curr_instr_enc_ex[0]:SLn
  Delay (ns):             10.900
  Slack (ns):              8.738
  Arrival (ns):           14.408
  Required (ns):          23.146
  Operating Conditions: slow_lv_ht

Path 34
  From: MIV_RV32_CFG1_C0_0/MIV_RV32_CFG1_C0_0/u_ipcore_0/u_hart_0/u_expipe_0/u_exu_0/fast_mul.miv_rv32_mul_0/WideMult_0_0/MACC_PHYS_INST/INST_MACC_IP:CLK
  To:   MIV_RV32_CFG1_C0_0/MIV_RV32_CFG1_C0_0/u_ipcore_0/u_hart_0/u_expipe_0/de_ex_pipe_curr_instr_enc_ex[5]:SLn
  Delay (ns):             10.899
  Slack (ns):              8.739
  Arrival (ns):           14.407
  Required (ns):          23.146
  Operating Conditions: slow_lv_ht

Path 35
  From: MIV_RV32_CFG1_C0_0/MIV_RV32_CFG1_C0_0/u_ipcore_0/u_hart_0/u_expipe_0/u_exu_0/fast_mul.miv_rv32_mul_0/WideMult_1_0/MACC_PHYS_INST/INST_MACC_IP:CLK
  To:   MIV_RV32_CFG1_C0_0/MIV_RV32_CFG1_C0_0/u_ipcore_0/u_hart_0/u_expipe_0/de_ex_pipe_curr_instr_enc_ex[25]:EN
  Delay (ns):             10.826
  Slack (ns):              8.740
  Arrival (ns):           14.341
  Required (ns):          23.081
  Operating Conditions: slow_lv_ht

Path 36
  From: MIV_RV32_CFG1_C0_0/MIV_RV32_CFG1_C0_0/u_ipcore_0/u_hart_0/u_expipe_0/u_exu_0/fast_mul.miv_rv32_mul_0/WideMult_0_0/MACC_PHYS_INST/INST_MACC_IP:CLK
  To:   MIV_RV32_CFG1_C0_0/MIV_RV32_CFG1_C0_0/u_ipcore_0/u_hart_0/u_expipe_0/de_ex_pipe_curr_instr_enc_ex[11]:SLn
  Delay (ns):             10.898
  Slack (ns):              8.740
  Arrival (ns):           14.406
  Required (ns):          23.146
  Operating Conditions: slow_lv_ht

Path 37
  From: PF_SRAM_AHB_C0_0/PF_TPSRAM_AHB_AXI_0/PF_SRAM_AHB_C0_PF_TPSRAM_AHB_AXI_0_PF_TPSRAM_R10C0/INST_RAM1K20_IP:A_CLK
  To:   MIV_RV32_CFG1_C0_0/MIV_RV32_CFG1_C0_0/u_ipcore_0/u_hart_0/u_expipe_0/de_ex_pipe_illegal_instr_ex:D
  Delay (ns):             10.835
  Slack (ns):              8.741
  Arrival (ns):           14.444
  Required (ns):          23.185
  Operating Conditions: slow_lv_ht

Path 38
  From: MIV_RV32_CFG1_C0_0/MIV_RV32_CFG1_C0_0/u_ipcore_0/u_hart_0/u_expipe_0/u_exu_0/fast_mul.miv_rv32_mul_0/WideMult_0_0/MACC_PHYS_INST/INST_MACC_IP:CLK
  To:   PF_SRAM_AHB_C0_0/PF_TPSRAM_AHB_AXI_0/PF_SRAM_AHB_C0_PF_TPSRAM_AHB_AXI_0_PF_TPSRAM_R54C0/INST_RAM1K20_IP:A_BLK_EN[2]
  Delay (ns):             10.505
  Slack (ns):              8.741
  Arrival (ns):           14.013
  Required (ns):          22.754
  Operating Conditions: slow_lv_ht

Path 39
  From: MIV_RV32_CFG1_C0_0/MIV_RV32_CFG1_C0_0/u_ipcore_0/u_hart_0/u_expipe_0/u_exu_0/fast_mul.miv_rv32_mul_0/WideMult_0_0/MACC_PHYS_INST/INST_MACC_IP:CLK
  To:   MIV_RV32_CFG1_C0_0/MIV_RV32_CFG1_C0_0/u_ipcore_0/u_hart_0/u_expipe_0/de_ex_pipe_curr_instr_enc_ex[25]:SLn
  Delay (ns):             10.896
  Slack (ns):              8.742
  Arrival (ns):           14.404
  Required (ns):          23.146
  Operating Conditions: slow_lv_ht

Path 40
  From: MIV_RV32_CFG1_C0_0/MIV_RV32_CFG1_C0_0/u_ipcore_0/u_hart_0/u_expipe_0/u_exu_0/fast_mul.miv_rv32_mul_0/WideMult_1_0/MACC_PHYS_INST/INST_MACC_IP:CLK
  To:   PF_SRAM_AHB_C0_0/PF_TPSRAM_AHB_AXI_0/PF_SRAM_AHB_C0_PF_TPSRAM_AHB_AXI_0_PF_TPSRAM_R33C0/INST_RAM1K20_IP:A_BLK_EN[2]
  Delay (ns):             10.483
  Slack (ns):              8.744
  Arrival (ns):           13.998
  Required (ns):          22.742
  Operating Conditions: slow_lv_ht

Path 41
  From: PF_SRAM_AHB_C0_0/PF_TPSRAM_AHB_AXI_0/PF_SRAM_AHB_C0_PF_TPSRAM_AHB_AXI_0_PF_TPSRAM_R35C0/INST_RAM1K20_IP:A_CLK
  To:   MIV_RV32_CFG1_C0_0/MIV_RV32_CFG1_C0_0/u_ipcore_0/u_hart_0/u_expipe_0/de_ex_pipe_illegal_instr_ex:D
  Delay (ns):             10.841
  Slack (ns):              8.745
  Arrival (ns):           14.440
  Required (ns):          23.185
  Operating Conditions: slow_lv_ht

Path 42
  From: PF_SRAM_AHB_C0_0/PF_TPSRAM_AHB_AXI_0/PF_SRAM_AHB_C0_PF_TPSRAM_AHB_AXI_0_PF_TPSRAM_R54C0/INST_RAM1K20_IP:A_CLK
  To:   MIV_RV32_CFG1_C0_0/MIV_RV32_CFG1_C0_0/u_ipcore_0/u_hart_0/u_expipe_0/de_ex_pipe_illegal_instr_ex:D
  Delay (ns):             10.850
  Slack (ns):              8.749
  Arrival (ns):           14.448
  Required (ns):          23.197
  Operating Conditions: slow_lv_ht

Path 43
  From: MIV_RV32_CFG1_C0_0/MIV_RV32_CFG1_C0_0/u_ipcore_0/u_hart_0/u_expipe_0/u_exu_0/fast_mul.miv_rv32_mul_0/WideMult_1_0/MACC_PHYS_INST/INST_MACC_IP:CLK
  To:   PF_SRAM_AHB_C0_0/PF_TPSRAM_AHB_AXI_0/PF_SRAM_AHB_C0_PF_TPSRAM_AHB_AXI_0_PF_TPSRAM_R47C0/INST_RAM1K20_IP:A_BLK_EN[2]
  Delay (ns):             10.512
  Slack (ns):              8.749
  Arrival (ns):           14.027
  Required (ns):          22.776
  Operating Conditions: slow_lv_ht

Path 44
  From: PF_SRAM_AHB_C0_0/PF_TPSRAM_AHB_AXI_0/PF_SRAM_AHB_C0_PF_TPSRAM_AHB_AXI_0_PF_TPSRAM_R51C0/INST_RAM1K20_IP:A_CLK
  To:   MIV_RV32_CFG1_C0_0/MIV_RV32_CFG1_C0_0/u_ipcore_0/u_hart_0/u_expipe_0/de_ex_pipe_illegal_instr_ex:D
  Delay (ns):             10.826
  Slack (ns):              8.753
  Arrival (ns):           14.432
  Required (ns):          23.185
  Operating Conditions: slow_lv_ht

Path 45
  From: MIV_RV32_CFG1_C0_0/MIV_RV32_CFG1_C0_0/u_ipcore_0/u_hart_0/u_expipe_0/u_exu_0/fast_mul.miv_rv32_mul_0/WideMult_1_0/MACC_PHYS_INST/INST_MACC_IP:CLK
  To:   MIV_RV32_CFG1_C0_0/MIV_RV32_CFG1_C0_0/u_ipcore_0/u_hart_0/u_expipe_0/de_ex_pipe_curr_instr_enc_ex[19]:EN
  Delay (ns):             10.809
  Slack (ns):              8.756
  Arrival (ns):           14.324
  Required (ns):          23.080
  Operating Conditions: slow_lv_ht

Path 46
  From: MIV_RV32_CFG1_C0_0/MIV_RV32_CFG1_C0_0/u_ipcore_0/u_hart_0/u_expipe_0/u_exu_0/fast_mul.miv_rv32_mul_0/WideMult_1_0/MACC_PHYS_INST/INST_MACC_IP:CLK
  To:   MIV_RV32_CFG1_C0_0/MIV_RV32_CFG1_C0_0/u_ipcore_0/u_hart_0/u_expipe_0/de_ex_pipe_curr_instr_enc_ex[11]:EN
  Delay (ns):             10.810
  Slack (ns):              8.756
  Arrival (ns):           14.325
  Required (ns):          23.081
  Operating Conditions: slow_lv_ht

Path 47
  From: MIV_RV32_CFG1_C0_0/MIV_RV32_CFG1_C0_0/u_ipcore_0/u_hart_0/u_expipe_0/u_exu_0/fast_mul.miv_rv32_mul_0/WideMult_1_0/MACC_PHYS_INST/INST_MACC_IP:CLK
  To:   MIV_RV32_CFG1_C0_0/MIV_RV32_CFG1_C0_0/u_ipcore_0/u_hart_0/u_expipe_0/de_ex_pipe_curr_instr_enc_ex[0]:EN
  Delay (ns):             10.810
  Slack (ns):              8.756
  Arrival (ns):           14.325
  Required (ns):          23.081
  Operating Conditions: slow_lv_ht

Path 48
  From: MIV_RV32_CFG1_C0_0/MIV_RV32_CFG1_C0_0/u_ipcore_0/u_hart_0/u_expipe_0/u_exu_0/fast_mul.miv_rv32_mul_0/WideMult_1_0/MACC_PHYS_INST/INST_MACC_IP:CLK
  To:   MIV_RV32_CFG1_C0_0/MIV_RV32_CFG1_C0_0/u_ipcore_0/u_hart_0/u_expipe_0/de_ex_pipe_curr_instr_enc_ex[5]:EN
  Delay (ns):             10.809
  Slack (ns):              8.757
  Arrival (ns):           14.324
  Required (ns):          23.081
  Operating Conditions: slow_lv_ht

Path 49
  From: MIV_RV32_CFG1_C0_0/MIV_RV32_CFG1_C0_0/u_ipcore_0/u_hart_0/u_expipe_0/u_exu_0/fast_mul.miv_rv32_mul_0/WideMult_0_0/MACC_PHYS_INST/INST_MACC_IP:CLK
  To:   MIV_RV32_CFG1_C0_0/MIV_RV32_CFG1_C0_0/u_ipcore_0/u_hart_0/u_expipe_0/de_ex_pipe_curr_instr_enc_ex[30]:EN
  Delay (ns):             10.817
  Slack (ns):              8.760
  Arrival (ns):           14.325
  Required (ns):          23.085
  Operating Conditions: slow_lv_ht

Path 50
  From: PF_SRAM_AHB_C0_0/PF_TPSRAM_AHB_AXI_0/PF_SRAM_AHB_C0_PF_TPSRAM_AHB_AXI_0_PF_TPSRAM_R63C0/INST_RAM1K20_IP:A_CLK
  To:   MIV_RV32_CFG1_C0_0/MIV_RV32_CFG1_C0_0/u_ipcore_0/u_hart_0/u_expipe_0/de_ex_pipe_illegal_instr_ex:D
  Delay (ns):             10.843
  Slack (ns):              8.761
  Arrival (ns):           14.436
  Required (ns):          23.197
  Operating Conditions: slow_lv_ht

Path 51
  From: PF_SRAM_AHB_C0_0/PF_TPSRAM_AHB_AXI_0/PF_SRAM_AHB_C0_PF_TPSRAM_AHB_AXI_0_PF_TPSRAM_R53C0/INST_RAM1K20_IP:A_CLK
  To:   MIV_RV32_CFG1_C0_0/MIV_RV32_CFG1_C0_0/u_ipcore_0/u_hart_0/u_expipe_0/de_ex_pipe_illegal_instr_ex:D
  Delay (ns):             10.837
  Slack (ns):              8.762
  Arrival (ns):           14.435
  Required (ns):          23.197
  Operating Conditions: slow_lv_ht

Path 52
  From: MIV_RV32_CFG1_C0_0/MIV_RV32_CFG1_C0_0/u_ipcore_0/u_hart_0/u_expipe_0/u_exu_0/fast_mul.miv_rv32_mul_0/WideMult_0_0/MACC_PHYS_INST/INST_MACC_IP:CLK
  To:   PF_SRAM_AHB_C0_0/PF_TPSRAM_AHB_AXI_0/PF_SRAM_AHB_C0_PF_TPSRAM_AHB_AXI_0_PF_TPSRAM_R51C0/INST_RAM1K20_IP:A_BLK_EN[2]
  Delay (ns):             10.477
  Slack (ns):              8.764
  Arrival (ns):           13.985
  Required (ns):          22.749
  Operating Conditions: slow_lv_ht

Path 53
  From: PF_SRAM_AHB_C0_0/PF_TPSRAM_AHB_AXI_0/PF_SRAM_AHB_C0_PF_TPSRAM_AHB_AXI_0_PF_TPSRAM_R50C0/INST_RAM1K20_IP:A_CLK
  To:   MIV_RV32_CFG1_C0_0/MIV_RV32_CFG1_C0_0/u_ipcore_0/u_hart_0/u_expipe_0/de_ex_pipe_illegal_instr_ex:D
  Delay (ns):             10.843
  Slack (ns):              8.766
  Arrival (ns):           14.419
  Required (ns):          23.185
  Operating Conditions: slow_lv_ht

Path 54
  From: MIV_RV32_CFG1_C0_0/MIV_RV32_CFG1_C0_0/u_ipcore_0/u_hart_0/u_expipe_0/u_exu_0/fast_mul.miv_rv32_mul_0/WideMult_1_0/MACC_PHYS_INST/INST_MACC_IP:CLK
  To:   MIV_RV32_CFG1_C0_0/MIV_RV32_CFG1_C0_0/u_ipcore_0/u_hart_0/u_expipe_0/de_ex_pipe_curr_instr_enc_ex[31]:EN
  Delay (ns):             10.813
  Slack (ns):              8.769
  Arrival (ns):           14.328
  Required (ns):          23.097
  Operating Conditions: slow_lv_ht

Path 55
  From: PF_SRAM_AHB_C0_0/PF_TPSRAM_AHB_AXI_0/PF_SRAM_AHB_C0_PF_TPSRAM_AHB_AXI_0_PF_TPSRAM_R31C0/INST_RAM1K20_IP:A_CLK
  To:   MIV_RV32_CFG1_C0_0/MIV_RV32_CFG1_C0_0/u_ipcore_0/u_hart_0/u_expipe_0/de_ex_pipe_illegal_instr_ex:D
  Delay (ns):             10.806
  Slack (ns):              8.773
  Arrival (ns):           14.412
  Required (ns):          23.185
  Operating Conditions: slow_lv_ht

Path 56
  From: PF_SRAM_AHB_C0_0/PF_TPSRAM_AHB_AXI_0/PF_SRAM_AHB_C0_PF_TPSRAM_AHB_AXI_0_PF_TPSRAM_R22C0/INST_RAM1K20_IP:A_CLK
  To:   MIV_RV32_CFG1_C0_0/MIV_RV32_CFG1_C0_0/u_ipcore_0/u_hart_0/u_expipe_0/de_ex_pipe_illegal_instr_ex:D
  Delay (ns):             10.821
  Slack (ns):              8.777
  Arrival (ns):           14.408
  Required (ns):          23.185
  Operating Conditions: slow_lv_ht

Path 57
  From: MIV_RV32_CFG1_C0_0/MIV_RV32_CFG1_C0_0/u_ipcore_0/u_hart_0/u_expipe_0/u_exu_0/fast_mul.miv_rv32_mul_0/WideMult_1_0/MACC_PHYS_INST/INST_MACC_IP:CLK
  To:   MIV_RV32_CFG1_C0_0/MIV_RV32_CFG1_C0_0/u_ipcore_0/u_hart_0/u_expipe_0/de_ex_pipe_curr_instr_enc_ex[19]:SLn
  Delay (ns):             10.849
  Slack (ns):              8.781
  Arrival (ns):           14.364
  Required (ns):          23.145
  Operating Conditions: slow_lv_ht

Path 58
  From: MIV_RV32_CFG1_C0_0/MIV_RV32_CFG1_C0_0/u_ipcore_0/u_hart_0/u_expipe_0/u_exu_0/fast_mul.miv_rv32_mul_0/WideMult_1_0/MACC_PHYS_INST/INST_MACC_IP:CLK
  To:   MIV_RV32_CFG1_C0_0/MIV_RV32_CFG1_C0_0/u_ipcore_0/u_hart_0/u_expipe_0/de_ex_pipe_curr_instr_enc_ex[0]:SLn
  Delay (ns):             10.849
  Slack (ns):              8.782
  Arrival (ns):           14.364
  Required (ns):          23.146
  Operating Conditions: slow_lv_ht

Path 59
  From: PF_SRAM_AHB_C0_0/PF_TPSRAM_AHB_AXI_0/PF_SRAM_AHB_C0_PF_TPSRAM_AHB_AXI_0_PF_TPSRAM_R39C0/INST_RAM1K20_IP:A_CLK
  To:   MIV_RV32_CFG1_C0_0/MIV_RV32_CFG1_C0_0/u_ipcore_0/u_hart_0/u_expipe_0/de_ex_pipe_illegal_instr_ex:D
  Delay (ns):             10.798
  Slack (ns):              8.783
  Arrival (ns):           14.402
  Required (ns):          23.185
  Operating Conditions: slow_lv_ht

Path 60
  From: MIV_RV32_CFG1_C0_0/MIV_RV32_CFG1_C0_0/u_ipcore_0/u_hart_0/u_expipe_0/u_exu_0/fast_mul.miv_rv32_mul_0/WideMult_1_0/MACC_PHYS_INST/INST_MACC_IP:CLK
  To:   MIV_RV32_CFG1_C0_0/MIV_RV32_CFG1_C0_0/u_ipcore_0/u_hart_0/u_expipe_0/de_ex_pipe_curr_instr_enc_ex[5]:SLn
  Delay (ns):             10.848
  Slack (ns):              8.783
  Arrival (ns):           14.363
  Required (ns):          23.146
  Operating Conditions: slow_lv_ht

Path 61
  From: MIV_RV32_CFG1_C0_0/MIV_RV32_CFG1_C0_0/u_ipcore_0/u_hart_0/u_expipe_0/u_exu_0/fast_mul.miv_rv32_mul_0/WideMult_1_0/MACC_PHYS_INST/INST_MACC_IP:CLK
  To:   MIV_RV32_CFG1_C0_0/MIV_RV32_CFG1_C0_0/u_ipcore_0/u_hart_0/u_expipe_0/de_ex_pipe_curr_instr_enc_ex[11]:SLn
  Delay (ns):             10.847
  Slack (ns):              8.784
  Arrival (ns):           14.362
  Required (ns):          23.146
  Operating Conditions: slow_lv_ht

Path 62
  From: MIV_RV32_CFG1_C0_0/MIV_RV32_CFG1_C0_0/u_ipcore_0/u_hart_0/u_expipe_0/u_exu_0/fast_mul.miv_rv32_mul_0/WideMult_1_0/MACC_PHYS_INST/INST_MACC_IP:CLK
  To:   PF_SRAM_AHB_C0_0/PF_TPSRAM_AHB_AXI_0/PF_SRAM_AHB_C0_PF_TPSRAM_AHB_AXI_0_PF_TPSRAM_R54C0/INST_RAM1K20_IP:A_BLK_EN[2]
  Delay (ns):             10.454
  Slack (ns):              8.785
  Arrival (ns):           13.969
  Required (ns):          22.754
  Operating Conditions: slow_lv_ht

Path 63
  From: MIV_RV32_CFG1_C0_0/MIV_RV32_CFG1_C0_0/u_ipcore_0/u_hart_0/u_expipe_0/u_exu_0/fast_mul.miv_rv32_mul_0/WideMult_1_0/MACC_PHYS_INST/INST_MACC_IP:CLK
  To:   MIV_RV32_CFG1_C0_0/MIV_RV32_CFG1_C0_0/u_ipcore_0/u_hart_0/u_expipe_0/de_ex_pipe_curr_instr_enc_ex[25]:SLn
  Delay (ns):             10.845
  Slack (ns):              8.786
  Arrival (ns):           14.360
  Required (ns):          23.146
  Operating Conditions: slow_lv_ht

Path 64
  From: PF_SRAM_AHB_C0_0/PF_TPSRAM_AHB_AXI_0/PF_SRAM_AHB_C0_PF_TPSRAM_AHB_AXI_0_PF_TPSRAM_R47C0/INST_RAM1K20_IP:A_CLK
  To:   MIV_RV32_CFG1_C0_0/MIV_RV32_CFG1_C0_0/u_ipcore_0/u_hart_0/u_expipe_0/de_ex_pipe_illegal_instr_ex:D
  Delay (ns):             10.850
  Slack (ns):              8.788
  Arrival (ns):           14.436
  Required (ns):          23.224
  Operating Conditions: slow_lv_ht

Path 65
  From: MIV_RV32_CFG1_C0_0/MIV_RV32_CFG1_C0_0/u_ipcore_0/u_hart_0/u_expipe_0/u_exu_0/fast_mul.miv_rv32_mul_0/WideMult_0_0/MACC_PHYS_INST/INST_MACC_IP:CLK
  To:   MIV_RV32_CFG1_C0_0/MIV_RV32_CFG1_C0_0/u_ipcore_0/u_hart_0/u_expipe_0/de_ex_pipe_curr_instr_enc_ex[17]:EN
  Delay (ns):             10.803
  Slack (ns):              8.788
  Arrival (ns):           14.311
  Required (ns):          23.099
  Operating Conditions: slow_lv_ht

Path 66
  From: MIV_RV32_CFG1_C0_0/MIV_RV32_CFG1_C0_0/u_ipcore_0/u_hart_0/u_expipe_0/u_exu_0/fast_mul.miv_rv32_mul_0/WideMult_0_0/MACC_PHYS_INST/INST_MACC_IP:CLK
  To:   MIV_RV32_CFG1_C0_0/MIV_RV32_CFG1_C0_0/u_ipcore_0/u_hart_0/u_expipe_0/de_ex_pipe_i_access_misalign_error_ex:EN
  Delay (ns):             10.801
  Slack (ns):              8.790
  Arrival (ns):           14.309
  Required (ns):          23.099
  Operating Conditions: slow_lv_ht

Path 67
  From: MIV_RV32_CFG1_C0_0/MIV_RV32_CFG1_C0_0/u_ipcore_0/u_hart_0/u_expipe_0/u_exu_0/fast_mul.miv_rv32_mul_0/WideMult_0_0/MACC_PHYS_INST/INST_MACC_IP:CLK
  To:   MIV_RV32_CFG1_C0_0/MIV_RV32_CFG1_C0_0/u_ipcore_0/u_hart_0/u_expipe_0/de_ex_pipe_curr_instr_enc_ex[9]:EN
  Delay (ns):             10.801
  Slack (ns):              8.790
  Arrival (ns):           14.309
  Required (ns):          23.099
  Operating Conditions: slow_lv_ht

Path 68
  From: MIV_RV32_CFG1_C0_0/MIV_RV32_CFG1_C0_0/u_ipcore_0/u_hart_0/u_expipe_0/u_exu_0/fast_mul.miv_rv32_mul_0/WideMult_0_0/MACC_PHYS_INST/INST_MACC_IP:CLK
  To:   MIV_RV32_CFG1_C0_0/MIV_RV32_CFG1_C0_0/u_ipcore_0/u_hart_0/u_expipe_0/de_ex_pipe_curr_instr_enc_ex[16]:EN
  Delay (ns):             10.801
  Slack (ns):              8.790
  Arrival (ns):           14.309
  Required (ns):          23.099
  Operating Conditions: slow_lv_ht

Path 69
  From: PF_SRAM_AHB_C0_0/PF_TPSRAM_AHB_AXI_0/PF_SRAM_AHB_C0_PF_TPSRAM_AHB_AXI_0_PF_TPSRAM_R55C0/INST_RAM1K20_IP:A_CLK
  To:   MIV_RV32_CFG1_C0_0/MIV_RV32_CFG1_C0_0/u_ipcore_0/u_hart_0/u_expipe_0/de_ex_pipe_illegal_instr_ex:D
  Delay (ns):             10.785
  Slack (ns):              8.793
  Arrival (ns):           14.392
  Required (ns):          23.185
  Operating Conditions: slow_lv_ht

Path 70
  From: MIV_RV32_CFG1_C0_0/MIV_RV32_CFG1_C0_0/u_ipcore_0/u_hart_0/u_expipe_0/u_exu_0/fast_mul.miv_rv32_mul_0/WideMult_0_0/MACC_PHYS_INST/INST_MACC_IP:CLK
  To:   PF_SRAM_AHB_C0_0/PF_TPSRAM_AHB_AXI_0/PF_SRAM_AHB_C0_PF_TPSRAM_AHB_AXI_0_PF_TPSRAM_R51C0/INST_RAM1K20_IP:B_BLK_EN[2]
  Delay (ns):             10.566
  Slack (ns):              8.795
  Arrival (ns):           14.074
  Required (ns):          22.869
  Operating Conditions: slow_lv_ht

Path 71
  From: PF_SRAM_AHB_C0_0/PF_TPSRAM_AHB_AXI_0/PF_SRAM_AHB_C0_PF_TPSRAM_AHB_AXI_0_PF_TPSRAM_R56C0/INST_RAM1K20_IP:A_CLK
  To:   MIV_RV32_CFG1_C0_0/MIV_RV32_CFG1_C0_0/u_ipcore_0/u_hart_0/u_expipe_0/de_ex_pipe_illegal_instr_ex:D
  Delay (ns):             10.807
  Slack (ns):              8.797
  Arrival (ns):           14.400
  Required (ns):          23.197
  Operating Conditions: slow_lv_ht

Path 72
  From: PF_SRAM_AHB_C0_0/PF_TPSRAM_AHB_AXI_0/PF_SRAM_AHB_C0_PF_TPSRAM_AHB_AXI_0_PF_TPSRAM_R58C0/INST_RAM1K20_IP:A_CLK
  To:   MIV_RV32_CFG1_C0_0/MIV_RV32_CFG1_C0_0/u_ipcore_0/u_hart_0/u_expipe_0/de_ex_pipe_illegal_instr_ex:D
  Delay (ns):             10.808
  Slack (ns):              8.798
  Arrival (ns):           14.399
  Required (ns):          23.197
  Operating Conditions: slow_lv_ht

Path 73
  From: PF_SRAM_AHB_C0_0/PF_TPSRAM_AHB_AXI_0/PF_SRAM_AHB_C0_PF_TPSRAM_AHB_AXI_0_PF_TPSRAM_R40C0/INST_RAM1K20_IP:A_CLK
  To:   MIV_RV32_CFG1_C0_0/MIV_RV32_CFG1_C0_0/u_ipcore_0/u_hart_0/u_expipe_0/de_ex_pipe_illegal_instr_ex:D
  Delay (ns):             10.781
  Slack (ns):              8.804
  Arrival (ns):           14.381
  Required (ns):          23.185
  Operating Conditions: slow_lv_ht

Path 74
  From: MIV_RV32_CFG1_C0_0/MIV_RV32_CFG1_C0_0/u_ipcore_0/u_hart_0/u_expipe_0/u_exu_0/fast_mul.miv_rv32_mul_0/WideMult_1_0/MACC_PHYS_INST/INST_MACC_IP:CLK
  To:   MIV_RV32_CFG1_C0_0/MIV_RV32_CFG1_C0_0/u_ipcore_0/u_hart_0/u_expipe_0/de_ex_pipe_curr_instr_enc_ex[30]:EN
  Delay (ns):             10.766
  Slack (ns):              8.804
  Arrival (ns):           14.281
  Required (ns):          23.085
  Operating Conditions: slow_lv_ht

Path 75
  From: MIV_RV32_CFG1_C0_0/MIV_RV32_CFG1_C0_0/u_ipcore_0/u_hart_0/u_expipe_0/u_exu_0/fast_mul.miv_rv32_mul_0/WideMult_0_0/MACC_PHYS_INST/INST_MACC_IP:CLK
  To:   PF_SRAM_AHB_C0_0/PF_TPSRAM_AHB_AXI_0/PF_SRAM_AHB_C0_PF_TPSRAM_AHB_AXI_0_PF_TPSRAM_R46C0/INST_RAM1K20_IP:A_BLK_EN[2]
  Delay (ns):             10.413
  Slack (ns):              8.804
  Arrival (ns):           13.921
  Required (ns):          22.725
  Operating Conditions: slow_lv_ht

Path 76
  From: PF_SRAM_AHB_C0_0/PF_TPSRAM_AHB_AXI_0/PF_SRAM_AHB_C0_PF_TPSRAM_AHB_AXI_0_PF_TPSRAM_R37C0/INST_RAM1K20_IP:A_CLK
  To:   MIV_RV32_CFG1_C0_0/MIV_RV32_CFG1_C0_0/u_ipcore_0/u_hart_0/u_expipe_0/de_ex_pipe_illegal_instr_ex:D
  Delay (ns):             10.789
  Slack (ns):              8.805
  Arrival (ns):           14.380
  Required (ns):          23.185
  Operating Conditions: slow_lv_ht

Path 77
  From: MIV_RV32_CFG1_C0_0/MIV_RV32_CFG1_C0_0/u_ipcore_0/u_hart_0/u_expipe_0/u_exu_0/fast_mul.miv_rv32_mul_0/WideMult_1_0/MACC_PHYS_INST/INST_MACC_IP:CLK
  To:   PF_SRAM_AHB_C0_0/PF_TPSRAM_AHB_AXI_0/PF_SRAM_AHB_C0_PF_TPSRAM_AHB_AXI_0_PF_TPSRAM_R51C0/INST_RAM1K20_IP:A_BLK_EN[2]
  Delay (ns):             10.426
  Slack (ns):              8.808
  Arrival (ns):           13.941
  Required (ns):          22.749
  Operating Conditions: slow_lv_ht

Path 78
  From: MIV_RV32_CFG1_C0_0/MIV_RV32_CFG1_C0_0/u_ipcore_0/u_hart_0/u_expipe_0/u_exu_0/fast_mul.miv_rv32_mul_0/WideMult_0_0/MACC_PHYS_INST/INST_MACC_IP:CLK
  To:   PF_SRAM_AHB_C0_0/PF_TPSRAM_AHB_AXI_0/PF_SRAM_AHB_C0_PF_TPSRAM_AHB_AXI_0_PF_TPSRAM_R32C0/INST_RAM1K20_IP:A_BLK_EN[2]
  Delay (ns):             10.423
  Slack (ns):              8.809
  Arrival (ns):           13.931
  Required (ns):          22.740
  Operating Conditions: slow_lv_ht

Path 79
  From: MIV_RV32_CFG1_C0_0/MIV_RV32_CFG1_C0_0/u_ipcore_0/u_hart_0/u_expipe_0/u_exu_0/fast_mul.miv_rv32_mul_0/WideMult_0_0/MACC_PHYS_INST/INST_MACC_IP:CLK
  To:   MIV_RV32_CFG1_C0_0/MIV_RV32_CFG1_C0_0/u_ipcore_0/u_hart_0/u_expipe_0/de_ex_pipe_curr_instr_enc_ex[13]:EN
  Delay (ns):             10.756
  Slack (ns):              8.811
  Arrival (ns):           14.264
  Required (ns):          23.075
  Operating Conditions: slow_lv_ht

Path 80
  From: PF_SRAM_AHB_C0_0/PF_TPSRAM_AHB_AXI_0/PF_SRAM_AHB_C0_PF_TPSRAM_AHB_AXI_0_PF_TPSRAM_R41C0/INST_RAM1K20_IP:A_CLK
  To:   MIV_RV32_CFG1_C0_0/MIV_RV32_CFG1_C0_0/u_ipcore_0/u_hart_0/u_expipe_0/de_ex_pipe_illegal_instr_ex:D
  Delay (ns):             10.828
  Slack (ns):              8.812
  Arrival (ns):           14.412
  Required (ns):          23.224
  Operating Conditions: slow_lv_ht

Path 81
  From: MIV_RV32_CFG1_C0_0/MIV_RV32_CFG1_C0_0/u_ipcore_0/u_hart_0/u_expipe_0/u_exu_0/fast_mul.miv_rv32_mul_0/WideMult_0_0/MACC_PHYS_INST/INST_MACC_IP:CLK
  To:   PF_SRAM_AHB_C0_0/PF_TPSRAM_AHB_AXI_0/PF_SRAM_AHB_C0_PF_TPSRAM_AHB_AXI_0_PF_TPSRAM_R34C0/INST_RAM1K20_IP:B_BLK_EN[2]
  Delay (ns):             10.566
  Slack (ns):              8.816
  Arrival (ns):           14.074
  Required (ns):          22.890
  Operating Conditions: slow_lv_ht

Path 82
  From: MIV_RV32_CFG1_C0_0/MIV_RV32_CFG1_C0_0/u_ipcore_0/u_hart_0/u_expipe_0/u_exu_0/fast_mul.miv_rv32_mul_0/WideMult_0_0/MACC_PHYS_INST/INST_MACC_IP:CLK
  To:   PF_SRAM_AHB_C0_0/PF_TPSRAM_AHB_AXI_0/PF_SRAM_AHB_C0_PF_TPSRAM_AHB_AXI_0_PF_TPSRAM_R33C0/INST_RAM1K20_IP:B_BLK_EN[2]
  Delay (ns):             10.539
  Slack (ns):              8.816
  Arrival (ns):           14.047
  Required (ns):          22.863
  Operating Conditions: slow_lv_ht

Path 83
  From: PF_SRAM_AHB_C0_0/PF_TPSRAM_AHB_AXI_0/PF_SRAM_AHB_C0_PF_TPSRAM_AHB_AXI_0_PF_TPSRAM_R57C0/INST_RAM1K20_IP:A_CLK
  To:   MIV_RV32_CFG1_C0_0/MIV_RV32_CFG1_C0_0/u_ipcore_0/u_hart_0/u_expipe_0/de_ex_pipe_illegal_instr_ex:D
  Delay (ns):             10.794
  Slack (ns):              8.817
  Arrival (ns):           14.380
  Required (ns):          23.197
  Operating Conditions: slow_lv_ht

Path 84
  From: PF_SRAM_AHB_C0_0/PF_TPSRAM_AHB_AXI_0/PF_SRAM_AHB_C0_PF_TPSRAM_AHB_AXI_0_PF_TPSRAM_R62C0/INST_RAM1K20_IP:A_CLK
  To:   MIV_RV32_CFG1_C0_0/MIV_RV32_CFG1_C0_0/u_ipcore_0/u_hart_0/u_expipe_0/de_ex_pipe_illegal_instr_ex:D
  Delay (ns):             10.760
  Slack (ns):              8.821
  Arrival (ns):           14.364
  Required (ns):          23.185
  Operating Conditions: slow_lv_ht

Path 85
  From: PF_SRAM_AHB_C0_0/PF_TPSRAM_AHB_AXI_0/PF_SRAM_AHB_C0_PF_TPSRAM_AHB_AXI_0_PF_TPSRAM_R0C0/INST_RAM1K20_IP:A_CLK
  To:   MIV_RV32_CFG1_C0_0/MIV_RV32_CFG1_C0_0/u_ipcore_0/u_hart_0/u_expipe_0/de_ex_pipe_illegal_instr_ex:D
  Delay (ns):             10.764
  Slack (ns):              8.821
  Arrival (ns):           14.364
  Required (ns):          23.185
  Operating Conditions: slow_lv_ht

Path 86
  From: MIV_RV32_CFG1_C0_0/MIV_RV32_CFG1_C0_0/u_ipcore_0/u_hart_0/u_expipe_0/u_exu_0/fast_mul.miv_rv32_mul_0/WideMult_0_0/MACC_PHYS_INST/INST_MACC_IP:CLK
  To:   MIV_RV32_CFG1_C0_0/MIV_RV32_CFG1_C0_0/u_ipcore_0/u_hart_0/u_expipe_0/de_ex_pipe_curr_instr_enc_ex[26]:EN
  Delay (ns):             10.764
  Slack (ns):              8.821
  Arrival (ns):           14.272
  Required (ns):          23.093
  Operating Conditions: slow_lv_ht

Path 87
  From: PF_SRAM_AHB_C0_0/PF_TPSRAM_AHB_AXI_0/PF_SRAM_AHB_C0_PF_TPSRAM_AHB_AXI_0_PF_TPSRAM_R60C0/INST_RAM1K20_IP:A_CLK
  To:   MIV_RV32_CFG1_C0_0/MIV_RV32_CFG1_C0_0/u_ipcore_0/u_hart_0/u_expipe_0/de_ex_pipe_illegal_instr_ex:D
  Delay (ns):             10.770
  Slack (ns):              8.823
  Arrival (ns):           14.362
  Required (ns):          23.185
  Operating Conditions: slow_lv_ht

Path 88
  From: MIV_RV32_CFG1_C0_0/MIV_RV32_CFG1_C0_0/u_ipcore_0/u_hart_0/u_expipe_0/u_exu_0/fast_mul.miv_rv32_mul_0/WideMult_0_0/MACC_PHYS_INST/INST_MACC_IP:CLK
  To:   MIV_RV32_CFG1_C0_0/MIV_RV32_CFG1_C0_0/u_ipcore_0/u_hart_0/u_expipe_0/de_ex_pipe_i_access_mem_error_ex:EN
  Delay (ns):             10.778
  Slack (ns):              8.823
  Arrival (ns):           14.286
  Required (ns):          23.109
  Operating Conditions: slow_lv_ht

Path 89
  From: MIV_RV32_CFG1_C0_0/MIV_RV32_CFG1_C0_0/u_ipcore_0/u_hart_0/u_expipe_0/u_exu_0/fast_mul.miv_rv32_mul_0/WideMult_0_0/MACC_PHYS_INST/INST_MACC_IP:CLK
  To:   MIV_RV32_CFG1_C0_0/MIV_RV32_CFG1_C0_0/u_ipcore_0/u_hart_0/u_expipe_0/de_ex_pipe_curr_instr_enc_ex[29]:EN
  Delay (ns):             10.777
  Slack (ns):              8.824
  Arrival (ns):           14.285
  Required (ns):          23.109
  Operating Conditions: slow_lv_ht

Path 90
  From: MIV_RV32_CFG1_C0_0/MIV_RV32_CFG1_C0_0/u_ipcore_0/u_hart_0/u_expipe_0/u_exu_0/fast_mul.miv_rv32_mul_0/WideMult_0_0/MACC_PHYS_INST/INST_MACC_IP:CLK
  To:   MIV_RV32_CFG1_C0_0/MIV_RV32_CFG1_C0_0/u_ipcore_0/u_hart_0/u_expipe_0/de_ex_pipe_curr_instr_enc_ex[27]:EN
  Delay (ns):             10.777
  Slack (ns):              8.824
  Arrival (ns):           14.285
  Required (ns):          23.109
  Operating Conditions: slow_lv_ht

Path 91
  From: MIV_RV32_CFG1_C0_0/MIV_RV32_CFG1_C0_0/u_ipcore_0/u_hart_0/u_expipe_0/u_exu_0/fast_mul.miv_rv32_mul_0/WideMult_0_0/MACC_PHYS_INST/INST_MACC_IP:CLK
  To:   MIV_RV32_CFG1_C0_0/MIV_RV32_CFG1_C0_0/u_ipcore_0/u_hart_0/u_expipe_0/de_ex_pipe_curr_instr_enc_ex[15]:EN
  Delay (ns):             10.777
  Slack (ns):              8.824
  Arrival (ns):           14.285
  Required (ns):          23.109
  Operating Conditions: slow_lv_ht

Path 92
  From: MIV_RV32_CFG1_C0_0/MIV_RV32_CFG1_C0_0/u_ipcore_0/u_hart_0/u_expipe_0/u_exu_0/fast_mul.miv_rv32_mul_0/WideMult_0_0/MACC_PHYS_INST/INST_MACC_IP:CLK
  To:   MIV_RV32_CFG1_C0_0/MIV_RV32_CFG1_C0_0/u_ipcore_0/u_hart_0/u_expipe_0/de_ex_pipe_curr_instr_enc_ex[24]:EN
  Delay (ns):             10.742
  Slack (ns):              8.825
  Arrival (ns):           14.250
  Required (ns):          23.075
  Operating Conditions: slow_lv_ht

Path 93
  From: MIV_RV32_CFG1_C0_0/MIV_RV32_CFG1_C0_0/u_ipcore_0/u_hart_0/u_expipe_0/u_exu_0/fast_mul.miv_rv32_mul_0/WideMult_0_0/MACC_PHYS_INST/INST_MACC_IP:CLK
  To:   PF_SRAM_AHB_C0_0/PF_TPSRAM_AHB_AXI_0/PF_SRAM_AHB_C0_PF_TPSRAM_AHB_AXI_0_PF_TPSRAM_R44C0/INST_RAM1K20_IP:A_BLK_EN[2]
  Delay (ns):             10.413
  Slack (ns):              8.826
  Arrival (ns):           13.921
  Required (ns):          22.747
  Operating Conditions: slow_lv_ht

Path 94
  From: PF_SRAM_AHB_C0_0/PF_TPSRAM_AHB_AXI_0/PF_SRAM_AHB_C0_PF_TPSRAM_AHB_AXI_0_PF_TPSRAM_R4C0/INST_RAM1K20_IP:A_CLK
  To:   MIV_RV32_CFG1_C0_0/MIV_RV32_CFG1_C0_0/u_ipcore_0/u_hart_0/u_expipe_0/de_ex_pipe_illegal_instr_ex:D
  Delay (ns):             10.750
  Slack (ns):              8.829
  Arrival (ns):           14.356
  Required (ns):          23.185
  Operating Conditions: slow_lv_ht

Path 95
  From: PF_SRAM_AHB_C0_0/PF_TPSRAM_AHB_AXI_0/PF_SRAM_AHB_C0_PF_TPSRAM_AHB_AXI_0_PF_TPSRAM_R49C0/INST_RAM1K20_IP:A_CLK
  To:   MIV_RV32_CFG1_C0_0/MIV_RV32_CFG1_C0_0/u_ipcore_0/u_hart_0/u_expipe_0/de_ex_pipe_illegal_instr_ex:D
  Delay (ns):             10.748
  Slack (ns):              8.831
  Arrival (ns):           14.354
  Required (ns):          23.185
  Operating Conditions: slow_lv_ht

Path 96
  From: PF_SRAM_AHB_C0_0/PF_TPSRAM_AHB_AXI_0/PF_SRAM_AHB_C0_PF_TPSRAM_AHB_AXI_0_PF_TPSRAM_R3C0/INST_RAM1K20_IP:A_CLK
  To:   MIV_RV32_CFG1_C0_0/MIV_RV32_CFG1_C0_0/u_ipcore_0/u_hart_0/u_expipe_0/de_ex_pipe_illegal_instr_ex:D
  Delay (ns):             10.765
  Slack (ns):              8.831
  Arrival (ns):           14.354
  Required (ns):          23.185
  Operating Conditions: slow_lv_ht

Path 97
  From: MIV_RV32_CFG1_C0_0/MIV_RV32_CFG1_C0_0/u_ipcore_0/u_hart_0/u_expipe_0/u_exu_0/fast_mul.miv_rv32_mul_0/WideMult_1_0/MACC_PHYS_INST/INST_MACC_IP:CLK
  To:   MIV_RV32_CFG1_C0_0/MIV_RV32_CFG1_C0_0/u_ipcore_0/u_hart_0/u_expipe_0/de_ex_pipe_curr_instr_enc_ex[17]:EN
  Delay (ns):             10.752
  Slack (ns):              8.832
  Arrival (ns):           14.267
  Required (ns):          23.099
  Operating Conditions: slow_lv_ht

Path 98
  From: MIV_RV32_CFG1_C0_0/MIV_RV32_CFG1_C0_0/u_ipcore_0/u_hart_0/u_expipe_0/u_exu_0/fast_mul.miv_rv32_mul_0/WideMult_0_0/MACC_PHYS_INST/INST_MACC_IP:CLK
  To:   PF_SRAM_AHB_C0_0/PF_TPSRAM_AHB_AXI_0/PF_SRAM_AHB_C0_PF_TPSRAM_AHB_AXI_0_PF_TPSRAM_R53C0/INST_RAM1K20_IP:A_BLK_EN[2]
  Delay (ns):             10.414
  Slack (ns):              8.832
  Arrival (ns):           13.922
  Required (ns):          22.754
  Operating Conditions: slow_lv_ht

Path 99
  From: MIV_RV32_CFG1_C0_0/MIV_RV32_CFG1_C0_0/u_ipcore_0/u_hart_0/u_expipe_0/u_exu_0/fast_mul.miv_rv32_mul_0/WideMult_1_0/MACC_PHYS_INST/INST_MACC_IP:CLK
  To:   MIV_RV32_CFG1_C0_0/MIV_RV32_CFG1_C0_0/u_ipcore_0/u_hart_0/u_expipe_0/de_ex_pipe_curr_instr_enc_ex[16]:EN
  Delay (ns):             10.750
  Slack (ns):              8.834
  Arrival (ns):           14.265
  Required (ns):          23.099
  Operating Conditions: slow_lv_ht

Path 100
  From: MIV_RV32_CFG1_C0_0/MIV_RV32_CFG1_C0_0/u_ipcore_0/u_hart_0/u_expipe_0/u_exu_0/fast_mul.miv_rv32_mul_0/WideMult_0_0/MACC_PHYS_INST/INST_MACC_IP:CLK
  To:   PF_SRAM_AHB_C0_0/PF_TPSRAM_AHB_AXI_0/PF_SRAM_AHB_C0_PF_TPSRAM_AHB_AXI_0_PF_TPSRAM_R49C0/INST_RAM1K20_IP:B_BLK_EN[2]
  Delay (ns):             10.527
  Slack (ns):              8.834
  Arrival (ns):           14.035
  Required (ns):          22.869
  Operating Conditions: slow_lv_ht

