Timing Violation Report Min Delay Analysis

SmartTime Version 2025.2
Microchip Technology Inc. - Microchip Libero Software Release 2025.2 (Version 2025.2.0.14)
Date: Mon Jan 19 01:50:18 2026


Design: BaseDesign
Family: PolarFireSoC
Die: MPFS095T
Package: FCSG325
Temperature Range: 0 - 100 C
Voltage Range: 0.97 - 1.03 V
Speed Grade: -1
Design State: Post-Layout
Data source: Production
Multi Corner Report Operating Conditions: slow_lv_lt,fast_hv_lt,slow_lv_ht


Path 1
  From: sram_test_module_0/rd_d1[17]:CLK
  To:   sram_test_module_0/rd_d2[17]:D
  Delay (ns):              0.151
  Slack (ns):              0.074
  Arrival (ns):            2.109
  Required (ns):           2.035
  Operating Conditions: fast_hv_lt

Path 2
  From: MIV_RV32_CFG1_C0_0/MIV_RV32_CFG1_C0_0/u_ipcore_0/gen_subsys_debug.u_subsys_debug_unit_0/debug_resp_fifo/rd_gray_ptr_synch[1]:CLK
  To:   MIV_RV32_CFG1_C0_0/MIV_RV32_CFG1_C0_0/u_ipcore_0/gen_subsys_debug.u_subsys_debug_unit_0/debug_resp_fifo/rd_gray_ptr_in_write[1]:D
  Delay (ns):              0.150
  Slack (ns):              0.076
  Arrival (ns):            2.111
  Required (ns):           2.035
  Operating Conditions: fast_hv_lt

Path 3
  From: CORERESET_PF_C0_0/CORERESET_PF_C0_0/dff_14[0]:CLK
  To:   CORERESET_PF_C0_0/CORERESET_PF_C0_0/dff_15[0]:D
  Delay (ns):              0.151
  Slack (ns):              0.078
  Arrival (ns):            2.108
  Required (ns):           2.030
  Operating Conditions: fast_hv_lt

Path 4
  From: sram_test_module_0/exp_d1[5]:CLK
  To:   sram_test_module_0/exp_d2[5]:D
  Delay (ns):              0.153
  Slack (ns):              0.079
  Arrival (ns):            2.101
  Required (ns):           2.022
  Operating Conditions: fast_hv_lt

Path 5
  From: MIV_RV32_CFG1_C0_0/MIV_RV32_CFG1_C0_0/u_ipcore_0/u_hart_0/u_expipe_0/de_ex_pipe_curr_instr_enc_ex[28]:CLK
  To:   MIV_RV32_CFG1_C0_0/MIV_RV32_CFG1_C0_0/u_ipcore_0/u_hart_0/u_expipe_0/ex_retr_pipe_curr_instr_enc_retr[28]:D
  Delay (ns):              0.153
  Slack (ns):              0.079
  Arrival (ns):            2.116
  Required (ns):           2.037
  Operating Conditions: fast_hv_lt

Path 6
  From: MIV_ESS_C0_0/CoreGPIO_0/xhdl1.GEN_BITS_0[7]:CLK
  To:   MIV_ESS_C0_0/CoreGPIO_0/xhdl1.GEN_BITS_1[7]:D
  Delay (ns):              0.156
  Slack (ns):              0.079
  Arrival (ns):            2.133
  Required (ns):           2.054
  Operating Conditions: fast_hv_lt

Path 7
  From: MIV_ESS_C0_0/CoreGPIO_0/xhdl1.GEN_BITS[3].gpin2[3]:CLK
  To:   MIV_ESS_C0_0/CoreGPIO_0/xhdl1.GEN_BITS[3].gpin3[3]:D
  Delay (ns):              0.156
  Slack (ns):              0.082
  Arrival (ns):            2.127
  Required (ns):           2.045
  Operating Conditions: fast_hv_lt

Path 8
  From: sram_test_module_0/exp_d1[19]:CLK
  To:   sram_test_module_0/exp_d2[19]:D
  Delay (ns):              0.157
  Slack (ns):              0.083
  Arrival (ns):            2.105
  Required (ns):           2.022
  Operating Conditions: fast_hv_lt

Path 9
  From: MIV_ESS_C0_0/CoreUARTapb_0/uUART/make_RX/rx_shift[5]:CLK
  To:   MIV_ESS_C0_0/CoreUARTapb_0/uUART/make_RX/rx_shift[4]:D
  Delay (ns):              0.157
  Slack (ns):              0.083
  Arrival (ns):            2.130
  Required (ns):           2.047
  Operating Conditions: fast_hv_lt

Path 10
  From: CORERESET_PF_C0_0/CORERESET_PF_C0_0/dff_2[0]:CLK
  To:   CORERESET_PF_C0_0/CORERESET_PF_C0_0/dff_3[0]:D
  Delay (ns):              0.157
  Slack (ns):              0.083
  Arrival (ns):            2.106
  Required (ns):           2.023
  Operating Conditions: fast_hv_lt

Path 11
  From: sram_test_module_0/st0:CLK
  To:   sram_test_module_0/st1:D
  Delay (ns):              0.158
  Slack (ns):              0.084
  Arrival (ns):            2.108
  Required (ns):           2.024
  Operating Conditions: fast_hv_lt

Path 12
  From: MIV_RV32_CFG1_C0_0/MIV_RV32_CFG1_C0_0/u_ipcore_0/gen_subsys_debug.u_subsys_debug_unit_0/debug_resp_fifo/rd_gray_ptr_synch[0]:CLK
  To:   MIV_RV32_CFG1_C0_0/MIV_RV32_CFG1_C0_0/u_ipcore_0/gen_subsys_debug.u_subsys_debug_unit_0/debug_resp_fifo/rd_gray_ptr_in_write[0]:D
  Delay (ns):              0.158
  Slack (ns):              0.084
  Arrival (ns):            2.119
  Required (ns):           2.035
  Operating Conditions: fast_hv_lt

Path 13
  From: CORERESET_PF_C0_0/CORERESET_PF_C0_0/dff_11[0]:CLK
  To:   CORERESET_PF_C0_0/CORERESET_PF_C0_0/dff_12[0]:D
  Delay (ns):              0.158
  Slack (ns):              0.084
  Arrival (ns):            2.107
  Required (ns):           2.023
  Operating Conditions: fast_hv_lt

Path 14
  From: MIV_RV32_CFG1_C0_0/MIV_RV32_CFG1_C0_0/u_ipcore_0/gen_subsys_debug.u_subsys_debug_unit_0/debug_req_fifo/rd_gray_ptr_synch[1]:CLK
  To:   MIV_RV32_CFG1_C0_0/MIV_RV32_CFG1_C0_0/u_ipcore_0/gen_subsys_debug.u_subsys_debug_unit_0/debug_req_fifo/rd_gray_ptr_in_write[1]:D
  Delay (ns):              0.159
  Slack (ns):              0.086
  Arrival (ns):            3.462
  Required (ns):           3.376
  Operating Conditions: fast_hv_lt

Path 15
  From: CORERESET_PF_C0_0/CORERESET_PF_C0_0/dff_6[0]:CLK
  To:   CORERESET_PF_C0_0/CORERESET_PF_C0_0/dff_7[0]:D
  Delay (ns):              0.160
  Slack (ns):              0.086
  Arrival (ns):            2.109
  Required (ns):           2.023
  Operating Conditions: fast_hv_lt

Path 16
  From: CORERESET_PF_C0_0/CORERESET_PF_C0_0/dff_8[0]:CLK
  To:   CORERESET_PF_C0_0/CORERESET_PF_C0_0/dff_9[0]:D
  Delay (ns):              0.161
  Slack (ns):              0.087
  Arrival (ns):            2.110
  Required (ns):           2.023
  Operating Conditions: fast_hv_lt

Path 17
  From: CORERESET_PF_C0_0/CORERESET_PF_C0_0/dff_7[0]:CLK
  To:   CORERESET_PF_C0_0/CORERESET_PF_C0_0/dff_8[0]:D
  Delay (ns):              0.161
  Slack (ns):              0.087
  Arrival (ns):            2.110
  Required (ns):           2.023
  Operating Conditions: fast_hv_lt

Path 18
  From: MIV_ESS_C0_0/CoreUARTapb_0/uUART/tx_hold_reg[6]:CLK
  To:   MIV_ESS_C0_0/CoreUARTapb_0/uUART/make_TX/tx_byte[6]:D
  Delay (ns):              0.162
  Slack (ns):              0.088
  Arrival (ns):            2.126
  Required (ns):           2.038
  Operating Conditions: fast_hv_lt

Path 19
  From: MIV_ESS_C0_0/CoreUARTapb_0/uUART/make_RX/samples_2[0]:CLK
  To:   MIV_ESS_C0_0/CoreUARTapb_0/uUART/make_RX/samples_1[0]:D
  Delay (ns):              0.162
  Slack (ns):              0.088
  Arrival (ns):            2.137
  Required (ns):           2.049
  Operating Conditions: fast_hv_lt

Path 20
  From: CORERESET_PF_C0_0/CORERESET_PF_C0_0/dff_10[0]:CLK
  To:   CORERESET_PF_C0_0/CORERESET_PF_C0_0/dff_11[0]:D
  Delay (ns):              0.162
  Slack (ns):              0.088
  Arrival (ns):            2.111
  Required (ns):           2.023
  Operating Conditions: fast_hv_lt

Path 21
  From: MIV_ESS_C0_0/MIV_PLIC_0/apb_interface_0/interrupt_enable_wr_data_Z[2]:CLK
  To:   MIV_ESS_C0_0/MIV_PLIC_0/plic_core_ie.genblk1[2].interrupt_enable_register_0/interrupt_enable_reg:D
  Delay (ns):              0.163
  Slack (ns):              0.089
  Arrival (ns):            2.133
  Required (ns):           2.044
  Operating Conditions: fast_hv_lt

Path 22
  From: MIV_ESS_C0_0/MIV_PLIC_0/apb_interface_0/interrupt_enable_wr_data_Z[1]:CLK
  To:   MIV_ESS_C0_0/MIV_PLIC_0/plic_core_ie.genblk1[1].interrupt_enable_register_0/interrupt_enable_reg:D
  Delay (ns):              0.163
  Slack (ns):              0.089
  Arrival (ns):            2.133
  Required (ns):           2.044
  Operating Conditions: fast_hv_lt

Path 23
  From: CORERESET_PF_C0_0/CORERESET_PF_C0_0/dff_9[0]:CLK
  To:   CORERESET_PF_C0_0/CORERESET_PF_C0_0/dff_10[0]:D
  Delay (ns):              0.163
  Slack (ns):              0.089
  Arrival (ns):            2.112
  Required (ns):           2.023
  Operating Conditions: fast_hv_lt

Path 24
  From: CORERESET_PF_C0_0/CORERESET_PF_C0_0/dff_3[0]:CLK
  To:   CORERESET_PF_C0_0/CORERESET_PF_C0_0/dff_4[0]:D
  Delay (ns):              0.163
  Slack (ns):              0.089
  Arrival (ns):            2.112
  Required (ns):           2.023
  Operating Conditions: fast_hv_lt

Path 25
  From: MIV_ESS_C0_0/CoreUARTapb_0/uUART/tx_hold_reg[7]:CLK
  To:   MIV_ESS_C0_0/CoreUARTapb_0/uUART/make_TX/tx_byte[7]:D
  Delay (ns):              0.164
  Slack (ns):              0.090
  Arrival (ns):            2.128
  Required (ns):           2.038
  Operating Conditions: fast_hv_lt

Path 26
  From: MIV_ESS_C0_0/CoreUARTapb_0/uUART/make_RX/rx_shift[2]:CLK
  To:   MIV_ESS_C0_0/CoreUARTapb_0/uUART/make_RX/rx_shift[1]:D
  Delay (ns):              0.165
  Slack (ns):              0.091
  Arrival (ns):            2.138
  Required (ns):           2.047
  Operating Conditions: fast_hv_lt

Path 27
  From: MIV_ESS_C0_0/CoreUARTapb_0/uUART/make_RX/rx_shift[1]:CLK
  To:   MIV_ESS_C0_0/CoreUARTapb_0/uUART/make_RX/rx_shift[0]:D
  Delay (ns):              0.166
  Slack (ns):              0.092
  Arrival (ns):            2.139
  Required (ns):           2.047
  Operating Conditions: fast_hv_lt

Path 28
  From: sram_test_module_0/exp_d1[1]:CLK
  To:   sram_test_module_0/exp_d2[1]:D
  Delay (ns):              0.190
  Slack (ns):              0.093
  Arrival (ns):            2.149
  Required (ns):           2.056
  Operating Conditions: fast_hv_lt

Path 29
  From: CoreTimer_C0_0/CoreTimer_C0_0/Count[6]:CLK
  To:   CoreTimer_C0_0/CoreTimer_C0_0/iPRDATA[6]:D
  Delay (ns):              0.238
  Slack (ns):              0.094
  Arrival (ns):            2.199
  Required (ns):           2.105
  Operating Conditions: fast_hv_lt

Path 30
  From: CoreTimer_C0_0/CoreTimer_C0_0/Count[12]:CLK
  To:   CoreTimer_C0_0/CoreTimer_C0_0/iPRDATA[12]:D
  Delay (ns):              0.239
  Slack (ns):              0.096
  Arrival (ns):            2.201
  Required (ns):           2.105
  Operating Conditions: fast_hv_lt

Path 31
  From: CoreTimer_C0_0/CoreTimer_C0_0/Count[4]:CLK
  To:   CoreTimer_C0_0/CoreTimer_C0_0/iPRDATA[4]:D
  Delay (ns):              0.247
  Slack (ns):              0.103
  Arrival (ns):            2.208
  Required (ns):           2.105
  Operating Conditions: fast_hv_lt

Path 32
  From: CoreTimer_C0_0/CoreTimer_C0_0/Count[13]:CLK
  To:   CoreTimer_C0_0/CoreTimer_C0_0/iPRDATA[13]:D
  Delay (ns):              0.246
  Slack (ns):              0.103
  Arrival (ns):            2.208
  Required (ns):           2.105
  Operating Conditions: fast_hv_lt

Path 33
  From: CoreTimer_C0_0/CoreTimer_C0_0/Count[15]:CLK
  To:   CoreTimer_C0_0/CoreTimer_C0_0/iPRDATA[15]:D
  Delay (ns):              0.246
  Slack (ns):              0.104
  Arrival (ns):            2.208
  Required (ns):           2.104
  Operating Conditions: fast_hv_lt

Path 34
  From: MIV_RV32_CFG1_C0_0/MIV_RV32_CFG1_C0_0/u_ipcore_0/u_hart_0/u_expipe_0/de_ex_pipe_curr_instr_enc_ex[5]:CLK
  To:   MIV_RV32_CFG1_C0_0/MIV_RV32_CFG1_C0_0/u_ipcore_0/u_hart_0/u_expipe_0/ex_retr_pipe_curr_instr_enc_retr[5]:D
  Delay (ns):              0.189
  Slack (ns):              0.106
  Arrival (ns):            2.151
  Required (ns):           2.045
  Operating Conditions: fast_hv_lt

Path 35
  From: CoreTimer_C0_0/CoreTimer_C0_0/Count[7]:CLK
  To:   CoreTimer_C0_0/CoreTimer_C0_0/iPRDATA[7]:D
  Delay (ns):              0.250
  Slack (ns):              0.106
  Arrival (ns):            2.211
  Required (ns):           2.105
  Operating Conditions: fast_hv_lt

Path 36
  From: MIV_ESS_C0_0/CoreGPIO_0/xhdl1.GEN_BITS_1[6]:CLK
  To:   MIV_ESS_C0_0/CoreGPIO_0/xhdl1.GEN_BITS_2[6]:D
  Delay (ns):              0.190
  Slack (ns):              0.113
  Arrival (ns):            2.163
  Required (ns):           2.050
  Operating Conditions: fast_hv_lt

Path 37
  From: MIV_RV32_CFG1_C0_0/MIV_RV32_CFG1_C0_0/u_ipcore_0/gen_subsys_debug.u_subsys_debug_unit_0/miv_rv32_debug_du_0/dmcontrol_dmactive:CLK
  To:   MIV_RV32_CFG1_C0_0/MIV_RV32_CFG1_C0_0/u_ipcore_0/gen_subsys_debug.u_subsys_debug_unit_0/miv_rv32_debug_du_0/abstractcs_cmderr[2]:SLn
  Delay (ns):              0.242
  Slack (ns):              0.115
  Arrival (ns):            2.203
  Required (ns):           2.088
  Operating Conditions: fast_hv_lt

Path 38
  From: MIV_RV32_CFG1_C0_0/MIV_RV32_CFG1_C0_0/u_ipcore_0/gen_subsys_debug.u_subsys_debug_unit_0/miv_rv32_debug_du_0/dmcontrol_dmactive:CLK
  To:   MIV_RV32_CFG1_C0_0/MIV_RV32_CFG1_C0_0/u_ipcore_0/gen_subsys_debug.u_subsys_debug_unit_0/miv_rv32_debug_du_0/abstractcs_cmderr[1]:SLn
  Delay (ns):              0.243
  Slack (ns):              0.116
  Arrival (ns):            2.204
  Required (ns):           2.088
  Operating Conditions: fast_hv_lt

Path 39
  From: MIV_ESS_C0_0/CoreUARTapb_0/uUART/tx_hold_reg[0]:CLK
  To:   MIV_ESS_C0_0/CoreUARTapb_0/uUART/make_TX/tx_byte[0]:D
  Delay (ns):              0.190
  Slack (ns):              0.116
  Arrival (ns):            2.154
  Required (ns):           2.038
  Operating Conditions: fast_hv_lt

Path 40
  From: sram_test_module_0/rd_d2[15]:CLK
  To:   sram_test_module_0/rd_d3[15]:D
  Delay (ns):              0.195
  Slack (ns):              0.118
  Arrival (ns):            2.153
  Required (ns):           2.035
  Operating Conditions: fast_hv_lt

Path 41
  From: MIV_RV32_CFG1_C0_0/MIV_RV32_CFG1_C0_0/u_ipcore_0/gen_subsys_debug.u_subsys_debug_unit_0/miv_rv32_debug_du_0/dmcontrol_dmactive:CLK
  To:   MIV_RV32_CFG1_C0_0/MIV_RV32_CFG1_C0_0/u_ipcore_0/gen_subsys_debug.u_subsys_debug_unit_0/miv_rv32_debug_du_0/abstractcs_cmderr[0]:SLn
  Delay (ns):              0.244
  Slack (ns):              0.118
  Arrival (ns):            2.205
  Required (ns):           2.087
  Operating Conditions: fast_hv_lt

Path 42
  From: sram_test_module_0/exp_d2[1]:CLK
  To:   sram_test_module_0/exp_d3[1]:D
  Delay (ns):              0.215
  Slack (ns):              0.119
  Arrival (ns):            2.166
  Required (ns):           2.047
  Operating Conditions: fast_hv_lt

Path 43
  From: MIV_RV32_CFG1_C0_0/MIV_RV32_CFG1_C0_0/u_ipcore_0/gen_subsys_debug.u_subsys_debug_unit_0/MIV_subsys_debug_transport_module_jtag_0/gen_shift_register_active_high.gen_shift_register_active_low.shiftDR[15]:CLK
  To:   MIV_RV32_CFG1_C0_0/MIV_RV32_CFG1_C0_0/u_ipcore_0/gen_subsys_debug.u_subsys_debug_unit_0/MIV_subsys_debug_transport_module_jtag_0/gen_shift_register_active_high.gen_shift_register_active_low.shiftDR[14]:D
  Delay (ns):              0.195
  Slack (ns):              0.119
  Arrival (ns):            3.279
  Required (ns):           3.160
  Operating Conditions: fast_hv_lt

Path 44
  From: MIV_RV32_CFG1_C0_0/MIV_RV32_CFG1_C0_0/u_ipcore_0/u_hart_0/u_expipe_0/de_ex_pipe_curr_instr_enc_ex[27]:CLK
  To:   MIV_RV32_CFG1_C0_0/MIV_RV32_CFG1_C0_0/u_ipcore_0/u_hart_0/u_expipe_0/ex_retr_pipe_curr_instr_enc_retr[27]:D
  Delay (ns):              0.197
  Slack (ns):              0.120
  Arrival (ns):            2.160
  Required (ns):           2.040
  Operating Conditions: fast_hv_lt

Path 45
  From: MIV_RV32_CFG1_C0_0/MIV_RV32_CFG1_C0_0/u_ipcore_0/gen_subsys_debug.u_subsys_debug_unit_0/miv_rv32_debug_du_0/command_reg[6]:CLK
  To:   MIV_RV32_CFG1_C0_0/MIV_RV32_CFG1_C0_0/u_ipcore_0/gen_subsys_debug.u_subsys_debug_unit_0/miv_rv32_debug_du_0/debug_csr_addr[6]:D
  Delay (ns):              0.194
  Slack (ns):              0.120
  Arrival (ns):            2.149
  Required (ns):           2.029
  Operating Conditions: fast_hv_lt

Path 46
  From: MIV_RV32_CFG1_C0_0/MIV_RV32_CFG1_C0_0/u_ipcore_0/gen_subsys_debug.u_subsys_debug_unit_0/MIV_subsys_debug_transport_module_jtag_0/gen_shift_register_active_high.gen_shift_register_active_low.shiftIR[3]:CLK
  To:   MIV_RV32_CFG1_C0_0/MIV_RV32_CFG1_C0_0/u_ipcore_0/gen_subsys_debug.u_subsys_debug_unit_0/MIV_subsys_debug_transport_module_jtag_0/gen_shift_register_active_high.gen_shift_register_active_low.shiftIR[2]:D
  Delay (ns):              0.195
  Slack (ns):              0.120
  Arrival (ns):            3.280
  Required (ns):           3.160
  Operating Conditions: fast_hv_lt

Path 47
  From: sram_test_module_0/rd_d2[18]:CLK
  To:   sram_test_module_0/rd_d3[18]:D
  Delay (ns):              0.206
  Slack (ns):              0.121
  Arrival (ns):            2.160
  Required (ns):           2.039
  Operating Conditions: fast_hv_lt

Path 48
  From: MIV_RV32_CFG1_C0_0/MIV_RV32_CFG1_C0_0/u_ipcore_0/u_subsys_interconnect_0/u_i_trx_os_buffer/gen_buff_loop[1].buff_valid[1]:CLK
  To:   MIV_RV32_CFG1_C0_0/MIV_RV32_CFG1_C0_0/u_ipcore_0/u_subsys_interconnect_0/u_i_trx_os_buffer/buff_rd_ptr[0]:D
  Delay (ns):              0.195
  Slack (ns):              0.121
  Arrival (ns):            2.137
  Required (ns):           2.016
  Operating Conditions: fast_hv_lt

Path 49
  From: MIV_RV32_CFG1_C0_0/MIV_RV32_CFG1_C0_0/u_ipcore_0/gen_subsys_debug.u_subsys_debug_unit_0/MIV_subsys_debug_transport_module_jtag_0/gen_shift_register_active_high.gen_shift_register_active_low.shiftDR[24]:CLK
  To:   MIV_RV32_CFG1_C0_0/MIV_RV32_CFG1_C0_0/u_ipcore_0/gen_subsys_debug.u_subsys_debug_unit_0/MIV_subsys_debug_transport_module_jtag_0/gen_shift_register_active_high.gen_shift_register_active_low.shiftDR[23]:D
  Delay (ns):              0.200
  Slack (ns):              0.121
  Arrival (ns):            3.290
  Required (ns):           3.169
  Operating Conditions: fast_hv_lt

Path 50
  From: MIV_ESS_C0_0/CoreGPIO_0/xhdl1.GEN_BITS[3].gpin1[3]:CLK
  To:   MIV_ESS_C0_0/CoreGPIO_0/xhdl1.GEN_BITS[3].gpin2[3]:D
  Delay (ns):              0.213
  Slack (ns):              0.121
  Arrival (ns):            2.181
  Required (ns):           2.060
  Operating Conditions: fast_hv_lt

Path 51
  From: sram_test_module_0/exp_d1[14]:CLK
  To:   sram_test_module_0/exp_d2[14]:D
  Delay (ns):              0.196
  Slack (ns):              0.122
  Arrival (ns):            2.144
  Required (ns):           2.022
  Operating Conditions: fast_hv_lt

Path 52
  From: MIV_ESS_C0_0/CoreUARTapb_0/uUART/make_RX/rx_shift[6]:CLK
  To:   MIV_ESS_C0_0/CoreUARTapb_0/uUART/make_RX/rx_shift[5]:D
  Delay (ns):              0.196
  Slack (ns):              0.122
  Arrival (ns):            2.169
  Required (ns):           2.047
  Operating Conditions: fast_hv_lt

Path 53
  From: CORERESET_PF_C0_0/CORERESET_PF_C0_0/dff_5[0]:CLK
  To:   CORERESET_PF_C0_0/CORERESET_PF_C0_0/dff_6[0]:D
  Delay (ns):              0.196
  Slack (ns):              0.122
  Arrival (ns):            2.145
  Required (ns):           2.023
  Operating Conditions: fast_hv_lt

Path 54
  From: MIV_RV32_CFG1_C0_0/MIV_RV32_CFG1_C0_0/u_ipcore_0/u_hart_0/u_expipe_0/de_ex_pipe_curr_instr_enc_ex[4]:CLK
  To:   MIV_RV32_CFG1_C0_0/MIV_RV32_CFG1_C0_0/u_ipcore_0/u_hart_0/u_expipe_0/ex_retr_pipe_curr_instr_enc_retr[4]:D
  Delay (ns):              0.200
  Slack (ns):              0.123
  Arrival (ns):            2.163
  Required (ns):           2.040
  Operating Conditions: fast_hv_lt

Path 55
  From: MIV_RV32_CFG1_C0_0/MIV_RV32_CFG1_C0_0/u_ipcore_0/gen_subsys_debug.u_subsys_debug_unit_0/miv_rv32_debug_du_0/command_reg[5]:CLK
  To:   MIV_RV32_CFG1_C0_0/MIV_RV32_CFG1_C0_0/u_ipcore_0/gen_subsys_debug.u_subsys_debug_unit_0/miv_rv32_debug_du_0/debug_gpr_addr[5]:D
  Delay (ns):              0.197
  Slack (ns):              0.123
  Arrival (ns):            2.157
  Required (ns):           2.034
  Operating Conditions: fast_hv_lt

Path 56
  From: MIV_RV32_CFG1_C0_0/MIV_RV32_CFG1_C0_0/u_ipcore_0/gen_subsys_debug.u_subsys_debug_unit_0/MIV_subsys_debug_transport_module_jtag_0/gen_shift_register_active_high.gen_shift_register_active_low.shiftDR[10]:CLK
  To:   MIV_RV32_CFG1_C0_0/MIV_RV32_CFG1_C0_0/u_ipcore_0/gen_subsys_debug.u_subsys_debug_unit_0/MIV_subsys_debug_transport_module_jtag_0/gen_shift_register_active_high.gen_shift_register_active_low.shiftDR[9]:D
  Delay (ns):              0.198
  Slack (ns):              0.123
  Arrival (ns):            3.276
  Required (ns):           3.153
  Operating Conditions: fast_hv_lt

Path 57
  From: MIV_ESS_C0_0/CoreGPIO_0/xhdl1.GEN_BITS[2].gpin1[2]:CLK
  To:   MIV_ESS_C0_0/CoreGPIO_0/xhdl1.GEN_BITS[2].gpin2[2]:D
  Delay (ns):              0.197
  Slack (ns):              0.123
  Arrival (ns):            2.168
  Required (ns):           2.045
  Operating Conditions: fast_hv_lt

Path 58
  From: sram_test_module_0/rd_d2[17]:CLK
  To:   sram_test_module_0/rd_d3[17]:D
  Delay (ns):              0.201
  Slack (ns):              0.124
  Arrival (ns):            2.159
  Required (ns):           2.035
  Operating Conditions: fast_hv_lt

Path 59
  From: MIV_RV32_CFG1_C0_0/MIV_RV32_CFG1_C0_0/u_ipcore_0/gen_subsys_debug.u_subsys_debug_unit_0/MIV_subsys_debug_transport_module_jtag_0/gen_shift_register_active_high.gen_shift_register_active_low.shiftDR[22]:CLK
  To:   MIV_RV32_CFG1_C0_0/MIV_RV32_CFG1_C0_0/u_ipcore_0/gen_subsys_debug.u_subsys_debug_unit_0/MIV_subsys_debug_transport_module_jtag_0/gen_shift_register_active_high.gen_shift_register_active_low.shiftDR[21]:D
  Delay (ns):              0.203
  Slack (ns):              0.124
  Arrival (ns):            3.293
  Required (ns):           3.169
  Operating Conditions: fast_hv_lt

Path 60
  From: MIV_RV32_CFG1_C0_0/MIV_RV32_CFG1_C0_0/u_ipcore_0/gen_subsys_debug.u_subsys_debug_unit_0/MIV_subsys_debug_transport_module_jtag_0/gen_shift_register_active_high.gen_shift_register_active_low.shiftDMI[5]:CLK
  To:   MIV_RV32_CFG1_C0_0/MIV_RV32_CFG1_C0_0/u_ipcore_0/gen_subsys_debug.u_subsys_debug_unit_0/MIV_subsys_debug_transport_module_jtag_0/gen_shift_register_active_high.gen_shift_register_active_low.shiftDMI[4]:D
  Delay (ns):              0.200
  Slack (ns):              0.124
  Arrival (ns):            3.281
  Required (ns):           3.157
  Operating Conditions: fast_hv_lt

Path 61
  From: MIV_RV32_CFG1_C0_0/MIV_RV32_CFG1_C0_0/u_ipcore_0/gen_subsys_debug.u_subsys_debug_unit_0/MIV_subsys_debug_transport_module_jtag_0/gen_shift_register_active_high.gen_shift_register_active_low.shiftDMI[1]:CLK
  To:   MIV_RV32_CFG1_C0_0/MIV_RV32_CFG1_C0_0/u_ipcore_0/gen_subsys_debug.u_subsys_debug_unit_0/MIV_subsys_debug_transport_module_jtag_0/gen_shift_register_active_high.gen_shift_register_active_low.shiftDMI[0]:D
  Delay (ns):              0.199
  Slack (ns):              0.124
  Arrival (ns):            3.281
  Required (ns):           3.157
  Operating Conditions: fast_hv_lt

Path 62
  From: MIV_ESS_C0_0/MIV_PLIC_0/plic_core_ip.genblk1[1].interrupt_pending_register/interrupt_pending_reg[0]:CLK
  To:   MIV_ESS_C0_0/MIV_PLIC_0/interrupt_claim_complete_0/int_priority[1]:D
  Delay (ns):              0.213
  Slack (ns):              0.124
  Arrival (ns):            2.182
  Required (ns):           2.058
  Operating Conditions: fast_hv_lt

Path 63
  From: CORERESET_PF_C0_0/CORERESET_PF_C0_0/dff_12[0]:CLK
  To:   CORERESET_PF_C0_0/CORERESET_PF_C0_0/dff_13[0]:D
  Delay (ns):              0.198
  Slack (ns):              0.124
  Arrival (ns):            2.147
  Required (ns):           2.023
  Operating Conditions: fast_hv_lt

Path 64
  From: MIV_RV32_CFG1_C0_0/MIV_RV32_CFG1_C0_0/u_ipcore_0/u_hart_0/u_expipe_0/u_exu_0/div_divisor[21]:CLK
  To:   MIV_RV32_CFG1_C0_0/MIV_RV32_CFG1_C0_0/u_ipcore_0/u_hart_0/u_expipe_0/u_exu_0/div_divisor[20]:D
  Delay (ns):              0.203
  Slack (ns):              0.125
  Arrival (ns):            2.148
  Required (ns):           2.023
  Operating Conditions: fast_hv_lt

Path 65
  From: MIV_RV32_CFG1_C0_0/MIV_RV32_CFG1_C0_0/u_ipcore_0/gen_subsys_debug.u_subsys_debug_unit_0/miv_rv32_debug_du_0/command_reg[5]:CLK
  To:   MIV_RV32_CFG1_C0_0/MIV_RV32_CFG1_C0_0/u_ipcore_0/gen_subsys_debug.u_subsys_debug_unit_0/miv_rv32_debug_du_0/debug_csr_addr[5]:D
  Delay (ns):              0.199
  Slack (ns):              0.125
  Arrival (ns):            2.159
  Required (ns):           2.034
  Operating Conditions: fast_hv_lt

Path 66
  From: MIV_RV32_CFG1_C0_0/MIV_RV32_CFG1_C0_0/u_ipcore_0/gen_subsys_debug.u_subsys_debug_unit_0/debug_resp_fifo/genblk1.rst_synch_reg[1]:CLK
  To:   MIV_RV32_CFG1_C0_0/MIV_RV32_CFG1_C0_0/u_ipcore_0/gen_subsys_debug.u_subsys_debug_unit_0/debug_resp_fifo/genblk1.rst_synch_reg[0]:D
  Delay (ns):              0.201
  Slack (ns):              0.125
  Arrival (ns):            3.275
  Required (ns):           3.150
  Operating Conditions: fast_hv_lt

Path 67
  From: MIV_RV32_CFG1_C0_0/MIV_RV32_CFG1_C0_0/u_ipcore_0/gen_subsys_debug.u_subsys_debug_unit_0/MIV_subsys_debug_transport_module_jtag_0/gen_shift_register_active_high.gen_shift_register_active_low.shiftDMI[24]:CLK
  To:   MIV_RV32_CFG1_C0_0/MIV_RV32_CFG1_C0_0/u_ipcore_0/gen_subsys_debug.u_subsys_debug_unit_0/MIV_subsys_debug_transport_module_jtag_0/gen_shift_register_active_high.gen_shift_register_active_low.shiftDMI[23]:D
  Delay (ns):              0.204
  Slack (ns):              0.125
  Arrival (ns):            3.276
  Required (ns):           3.151
  Operating Conditions: fast_hv_lt

Path 68
  From: MIV_ESS_C0_0/CoreUARTapb_0/uUART/make_RX/rx_shift[4]:CLK
  To:   MIV_ESS_C0_0/CoreUARTapb_0/uUART/make_RX/rx_byte[4]:D
  Delay (ns):              0.199
  Slack (ns):              0.125
  Arrival (ns):            2.172
  Required (ns):           2.047
  Operating Conditions: fast_hv_lt

Path 69
  From: sram_test_module_0/exp_d2[14]:CLK
  To:   sram_test_module_0/exp_d3[14]:D
  Delay (ns):              0.200
  Slack (ns):              0.126
  Arrival (ns):            2.148
  Required (ns):           2.022
  Operating Conditions: fast_hv_lt

Path 70
  From: MIV_RV32_CFG1_C0_0/MIV_RV32_CFG1_C0_0/u_ipcore_0/gen_subsys_debug.u_subsys_debug_unit_0/MIV_subsys_debug_transport_module_jtag_0/gen_shift_register_active_high.gen_shift_register_active_low.shiftDR[29]:CLK
  To:   MIV_RV32_CFG1_C0_0/MIV_RV32_CFG1_C0_0/u_ipcore_0/gen_subsys_debug.u_subsys_debug_unit_0/MIV_subsys_debug_transport_module_jtag_0/gen_shift_register_active_high.gen_shift_register_active_low.shiftDR[28]:D
  Delay (ns):              0.205
  Slack (ns):              0.126
  Arrival (ns):            3.295
  Required (ns):           3.169
  Operating Conditions: fast_hv_lt

Path 71
  From: MIV_RV32_CFG1_C0_0/MIV_RV32_CFG1_C0_0/u_ipcore_0/gen_subsys_debug.u_subsys_debug_unit_0/MIV_subsys_debug_transport_module_jtag_0/gen_shift_register_active_high.gen_shift_register_active_low.shiftDMI[30]:CLK
  To:   MIV_RV32_CFG1_C0_0/MIV_RV32_CFG1_C0_0/u_ipcore_0/gen_subsys_debug.u_subsys_debug_unit_0/MIV_subsys_debug_transport_module_jtag_0/gen_shift_register_active_high.gen_shift_register_active_low.shiftDMI[29]:D
  Delay (ns):              0.205
  Slack (ns):              0.126
  Arrival (ns):            3.277
  Required (ns):           3.151
  Operating Conditions: fast_hv_lt

Path 72
  From: CORERESET_PF_C0_0/CORERESET_PF_C0_0/dff_4[0]:CLK
  To:   CORERESET_PF_C0_0/CORERESET_PF_C0_0/dff_5[0]:D
  Delay (ns):              0.200
  Slack (ns):              0.126
  Arrival (ns):            2.149
  Required (ns):           2.023
  Operating Conditions: fast_hv_lt

Path 73
  From: sram_test_module_0/rd_d1[13]:CLK
  To:   sram_test_module_0/rd_d2[13]:D
  Delay (ns):              0.204
  Slack (ns):              0.127
  Arrival (ns):            2.162
  Required (ns):           2.035
  Operating Conditions: fast_hv_lt

Path 74
  From: MIV_RV32_CFG1_C0_0/MIV_RV32_CFG1_C0_0/u_ipcore_0/gen_subsys_debug.u_subsys_debug_unit_0/miv_rv32_debug_du_0/cmderr_ff[1]:CLK
  To:   MIV_RV32_CFG1_C0_0/MIV_RV32_CFG1_C0_0/u_ipcore_0/gen_subsys_debug.u_subsys_debug_unit_0/miv_rv32_debug_du_0/abstractcs_cmderr[1]:D
  Delay (ns):              0.201
  Slack (ns):              0.127
  Arrival (ns):            2.160
  Required (ns):           2.033
  Operating Conditions: fast_hv_lt

Path 75
  From: MIV_RV32_CFG1_C0_0/MIV_RV32_CFG1_C0_0/u_ipcore_0/gen_subsys_debug.u_subsys_debug_unit_0/MIV_subsys_debug_transport_module_jtag_0/gen_shift_register_active_high.gen_shift_register_active_low.shiftIR[2]:CLK
  To:   MIV_RV32_CFG1_C0_0/MIV_RV32_CFG1_C0_0/u_ipcore_0/gen_subsys_debug.u_subsys_debug_unit_0/MIV_subsys_debug_transport_module_jtag_0/gen_shift_register_active_high.gen_shift_register_active_low.shiftIR[1]:D
  Delay (ns):              0.203
  Slack (ns):              0.127
  Arrival (ns):            3.288
  Required (ns):           3.161
  Operating Conditions: fast_hv_lt

Path 76
  From: MIV_RV32_CFG1_C0_0/MIV_RV32_CFG1_C0_0/u_ipcore_0/gen_subsys_debug.u_subsys_debug_unit_0/MIV_subsys_debug_transport_module_jtag_0/gen_shift_register_active_high.gen_shift_register_active_low.shiftDR[25]:CLK
  To:   MIV_RV32_CFG1_C0_0/MIV_RV32_CFG1_C0_0/u_ipcore_0/gen_subsys_debug.u_subsys_debug_unit_0/MIV_subsys_debug_transport_module_jtag_0/gen_shift_register_active_high.gen_shift_register_active_low.shiftDR[24]:D
  Delay (ns):              0.206
  Slack (ns):              0.127
  Arrival (ns):            3.296
  Required (ns):           3.169
  Operating Conditions: fast_hv_lt

Path 77
  From: MIV_RV32_CFG1_C0_0/MIV_RV32_CFG1_C0_0/u_ipcore_0/gen_subsys_debug.u_subsys_debug_unit_0/MIV_subsys_debug_transport_module_jtag_0/gen_shift_register_active_high.gen_shift_register_active_low.shiftDR[18]:CLK
  To:   MIV_RV32_CFG1_C0_0/MIV_RV32_CFG1_C0_0/u_ipcore_0/gen_subsys_debug.u_subsys_debug_unit_0/MIV_subsys_debug_transport_module_jtag_0/gen_shift_register_active_high.gen_shift_register_active_low.shiftDR[17]:D
  Delay (ns):              0.202
  Slack (ns):              0.127
  Arrival (ns):            3.286
  Required (ns):           3.159
  Operating Conditions: fast_hv_lt

Path 78
  From: MIV_RV32_CFG1_C0_0/MIV_RV32_CFG1_C0_0/u_ipcore_0/gen_subsys_debug.u_subsys_debug_unit_0/MIV_subsys_debug_transport_module_jtag_0/gen_shift_register_active_high.gen_shift_register_active_low.shiftDMI[36]:CLK
  To:   MIV_RV32_CFG1_C0_0/MIV_RV32_CFG1_C0_0/u_ipcore_0/gen_subsys_debug.u_subsys_debug_unit_0/MIV_subsys_debug_transport_module_jtag_0/gen_shift_register_active_high.gen_shift_register_active_low.shiftDMI[35]:D
  Delay (ns):              0.202
  Slack (ns):              0.127
  Arrival (ns):            3.263
  Required (ns):           3.136
  Operating Conditions: fast_hv_lt

Path 79
  From: MIV_ESS_C0_0/CoreUARTapb_0/uUART/make_TX/xmit_state[1]:CLK
  To:   MIV_ESS_C0_0/CoreUARTapb_0/uUART/make_TX/xmit_state[2]:D
  Delay (ns):              0.204
  Slack (ns):              0.127
  Arrival (ns):            2.181
  Required (ns):           2.054
  Operating Conditions: fast_hv_lt

Path 80
  From: MIV_ESS_C0_0/CoreGPIO_0/xhdl1.GEN_BITS[2].gpin2[2]:CLK
  To:   MIV_ESS_C0_0/CoreGPIO_0/xhdl1.GEN_BITS[2].gpin3[2]:D
  Delay (ns):              0.201
  Slack (ns):              0.127
  Arrival (ns):            2.172
  Required (ns):           2.045
  Operating Conditions: fast_hv_lt

Path 81
  From: sram_test_module_0/st1:CLK
  To:   sram_test_module_0/st_prev:D
  Delay (ns):              0.202
  Slack (ns):              0.128
  Arrival (ns):            2.152
  Required (ns):           2.024
  Operating Conditions: fast_hv_lt

Path 82
  From: sram_test_module_0/exp_d2[0]:CLK
  To:   sram_test_module_0/exp_d3[0]:D
  Delay (ns):              0.213
  Slack (ns):              0.128
  Arrival (ns):            2.167
  Required (ns):           2.039
  Operating Conditions: fast_hv_lt

Path 83
  From: MIV_RV32_CFG1_C0_0/MIV_RV32_CFG1_C0_0/u_ipcore_0/gen_subsys_debug.u_subsys_debug_unit_0/miv_rv32_debug_du_0/miv_rv32_debug_sba_0/prescale_counter[2]:CLK
  To:   MIV_RV32_CFG1_C0_0/MIV_RV32_CFG1_C0_0/u_ipcore_0/gen_subsys_debug.u_subsys_debug_unit_0/miv_rv32_debug_du_0/miv_rv32_debug_sba_0/prescale_counter[3]:D
  Delay (ns):              0.202
  Slack (ns):              0.128
  Arrival (ns):            2.165
  Required (ns):           2.037
  Operating Conditions: fast_hv_lt

Path 84
  From: CoreTimer_C0_0/CoreTimer_C0_0/Load[17]:CLK
  To:   CoreTimer_C0_0/CoreTimer_C0_0/iPRDATA[17]:D
  Delay (ns):              0.205
  Slack (ns):              0.128
  Arrival (ns):            2.163
  Required (ns):           2.035
  Operating Conditions: fast_hv_lt

Path 85
  From: sram_test_module_0/rd_d1[12]:CLK
  To:   sram_test_module_0/rd_d2[12]:D
  Delay (ns):              0.206
  Slack (ns):              0.129
  Arrival (ns):            2.164
  Required (ns):           2.035
  Operating Conditions: fast_hv_lt

Path 86
  From: MIV_RV32_CFG1_C0_0/MIV_RV32_CFG1_C0_0/u_ipcore_0/u_hart_0/u_expipe_0/u_exu_0/div_divisor[8]:CLK
  To:   MIV_RV32_CFG1_C0_0/MIV_RV32_CFG1_C0_0/u_ipcore_0/u_hart_0/u_expipe_0/u_exu_0/div_divisor[7]:D
  Delay (ns):              0.203
  Slack (ns):              0.129
  Arrival (ns):            2.142
  Required (ns):           2.013
  Operating Conditions: fast_hv_lt

Path 87
  From: MIV_RV32_CFG1_C0_0/MIV_RV32_CFG1_C0_0/u_ipcore_0/u_hart_0/u_expipe_0/u_exu_0/div_divisor[60]:CLK
  To:   MIV_RV32_CFG1_C0_0/MIV_RV32_CFG1_C0_0/u_ipcore_0/u_hart_0/u_expipe_0/u_exu_0/div_divisor[59]:D
  Delay (ns):              0.203
  Slack (ns):              0.129
  Arrival (ns):            2.135
  Required (ns):           2.006
  Operating Conditions: fast_hv_lt

Path 88
  From: MIV_RV32_CFG1_C0_0/MIV_RV32_CFG1_C0_0/u_ipcore_0/u_hart_0/u_expipe_0/gen_debug_gpr_ctrl_pipeline.ex_retr_pipe_gpr_wr_sel_retr[4]:CLK
  To:   MIV_RV32_CFG1_C0_0/MIV_RV32_CFG1_C0_0/u_ipcore_0/u_hart_0/u_expipe_0/gen_gpr_ram.u_gpr_0/gpr_wr_sel_reg[4]:D
  Delay (ns):              0.202
  Slack (ns):              0.129
  Arrival (ns):            2.156
  Required (ns):           2.027
  Operating Conditions: fast_hv_lt

Path 89
  From: MIV_RV32_CFG1_C0_0/MIV_RV32_CFG1_C0_0/u_ipcore_0/gen_subsys_debug.u_subsys_debug_unit_0/miv_rv32_debug_du_0/command_reg[10]:CLK
  To:   MIV_RV32_CFG1_C0_0/MIV_RV32_CFG1_C0_0/u_ipcore_0/gen_subsys_debug.u_subsys_debug_unit_0/miv_rv32_debug_du_0/debug_csr_addr[10]:D
  Delay (ns):              0.203
  Slack (ns):              0.129
  Arrival (ns):            2.143
  Required (ns):           2.014
  Operating Conditions: fast_hv_lt

Path 90
  From: MIV_RV32_CFG1_C0_0/MIV_RV32_CFG1_C0_0/u_ipcore_0/gen_subsys_debug.u_subsys_debug_unit_0/MIV_subsys_debug_transport_module_jtag_0/gen_current_state_register_active_high.gen_current_state_register_active_low.currTapState[3]:CLK
  To:   MIV_RV32_CFG1_C0_0/MIV_RV32_CFG1_C0_0/u_ipcore_0/gen_subsys_debug.u_subsys_debug_unit_0/MIV_subsys_debug_transport_module_jtag_0/gen_current_state_register_active_high.gen_current_state_register_active_low.currTapState[4]:D
  Delay (ns):              0.205
  Slack (ns):              0.129
  Arrival (ns):            3.287
  Required (ns):           3.158
  Operating Conditions: fast_hv_lt

Path 91
  From: MIV_ESS_C0_0/MIV_PLIC_0/interrupt_claim_complete_0/plic_interrupt_complete_generation.genblk1[1].interrupt_complete_data[1]:CLK
  To:   MIV_ESS_C0_0/MIV_PLIC_0/plic_core_ip.genblk1[1].interrupt_pending_register/interrupt_pending_reg[0]:D
  Delay (ns):              0.204
  Slack (ns):              0.129
  Arrival (ns):            2.172
  Required (ns):           2.043
  Operating Conditions: fast_hv_lt

Path 92
  From: sram_test_module_0/exp_d2[2]:CLK
  To:   sram_test_module_0/exp_d3[2]:D
  Delay (ns):              0.204
  Slack (ns):              0.130
  Arrival (ns):            2.158
  Required (ns):           2.028
  Operating Conditions: fast_hv_lt

Path 93
  From: MIV_RV32_CFG1_C0_0/MIV_RV32_CFG1_C0_0/u_ipcore_0/u_hart_0/u_expipe_0/u_exu_0/div_divisor[15]:CLK
  To:   MIV_RV32_CFG1_C0_0/MIV_RV32_CFG1_C0_0/u_ipcore_0/u_hart_0/u_expipe_0/u_exu_0/div_divisor[14]:D
  Delay (ns):              0.207
  Slack (ns):              0.130
  Arrival (ns):            2.153
  Required (ns):           2.023
  Operating Conditions: fast_hv_lt

Path 94
  From: MIV_ESS_C0_0/CoreUARTapb_0/uUART/tx_hold_reg[4]:CLK
  To:   MIV_ESS_C0_0/CoreUARTapb_0/uUART/make_TX/tx_byte[4]:D
  Delay (ns):              0.204
  Slack (ns):              0.130
  Arrival (ns):            2.168
  Required (ns):           2.038
  Operating Conditions: fast_hv_lt

Path 95
  From: MIV_RV32_CFG1_C0_0/MIV_RV32_CFG1_C0_0/u_ipcore_0/u_hart_0/u_expipe_0/u_exu_0/div_divisor[16]:CLK
  To:   MIV_RV32_CFG1_C0_0/MIV_RV32_CFG1_C0_0/u_ipcore_0/u_hart_0/u_expipe_0/u_exu_0/div_divisor[15]:D
  Delay (ns):              0.209
  Slack (ns):              0.131
  Arrival (ns):            2.154
  Required (ns):           2.023
  Operating Conditions: fast_hv_lt

Path 96
  From: MIV_RV32_CFG1_C0_0/MIV_RV32_CFG1_C0_0/u_ipcore_0/u_hart_0/u_expipe_0/de_ex_pipe_curr_instr_enc_ex[19]:CLK
  To:   MIV_RV32_CFG1_C0_0/MIV_RV32_CFG1_C0_0/u_ipcore_0/u_hart_0/u_expipe_0/ex_retr_pipe_curr_instr_enc_retr[19]:D
  Delay (ns):              0.205
  Slack (ns):              0.131
  Arrival (ns):            2.163
  Required (ns):           2.032
  Operating Conditions: fast_hv_lt

Path 97
  From: MIV_RV32_CFG1_C0_0/MIV_RV32_CFG1_C0_0/u_ipcore_0/gen_subsys_debug.u_subsys_debug_unit_0/MIV_subsys_debug_transport_module_jtag_0/gen_shift_register_active_high.gen_shift_register_active_low.shiftDMI[27]:CLK
  To:   MIV_RV32_CFG1_C0_0/MIV_RV32_CFG1_C0_0/u_ipcore_0/gen_subsys_debug.u_subsys_debug_unit_0/MIV_subsys_debug_transport_module_jtag_0/gen_shift_register_active_high.gen_shift_register_active_low.shiftDMI[26]:D
  Delay (ns):              0.210
  Slack (ns):              0.131
  Arrival (ns):            3.282
  Required (ns):           3.151
  Operating Conditions: fast_hv_lt

Path 98
  From: MIV_ESS_C0_0/CoreUARTapb_0/uUART/make_RX/rx_shift[3]:CLK
  To:   MIV_ESS_C0_0/CoreUARTapb_0/uUART/make_RX/rx_shift[2]:D
  Delay (ns):              0.205
  Slack (ns):              0.131
  Arrival (ns):            2.178
  Required (ns):           2.047
  Operating Conditions: fast_hv_lt

Path 99
  From: MIV_ESS_C0_0/CoreUARTapb_0/uUART/make_RX/rx_bit_cnt[2]:CLK
  To:   MIV_ESS_C0_0/CoreUARTapb_0/uUART/make_RX/rx_bit_cnt[2]:D
  Delay (ns):              0.199
  Slack (ns):              0.131
  Arrival (ns):            2.168
  Required (ns):           2.037
  Operating Conditions: fast_hv_lt

Path 100
  From: MIV_ESS_C0_0/CoreGPIO_0/xhdl1.GEN_BITS[3].gpin2[3]:CLK
  To:   MIV_ESS_C0_0/CoreGPIO_0/xhdl1.GEN_BITS[3].APB_32.edge_pos[3]:D
  Delay (ns):              0.205
  Slack (ns):              0.131
  Arrival (ns):            2.176
  Required (ns):           2.045
  Operating Conditions: fast_hv_lt

